Runtime version 8.1.2.1
Set parameter 'ACUCOBOL' to 'C:\Programmi\Micro Focus\Acucbl910\AcuGT'
Set parameter 'CLASSPATH' to '.;C:\Programmi\Java\jre6\lib\ext\QTJava.zip'
Using SAFE mode for file access
Configuration file = 'cblconfi'
Set parameter 'CODE_PREFIX' to '.\Object\;'
Set parameter 'FILE_PREFIX' to '..\archivi; C:\g2zsrv\arc; C:\g2zsrv\arc\arc001'
Set parameter 'F10_IS_MENU' to FALSE
Set parameter 'IO_CREATES' to TRUE
Set term attributes to 'CHECK-NUMBERS=NO'
Set keystroke to 'edit=next terminate=13 ^M'
Set keystroke to 'Exception=1234         ^F'
Set keystroke to 'Exception=4321         ^C'
Set keystroke to 'Exception=5678         ^E'
Set parameter 'MAX_FILES' to 256
Set parameter 'MAX_LOCKS' to 8191
Set parameter 'PRINTER' to '-P SPOOLER-DIRECT'
Set parameter 'STRIP_TRAILING_SPACES' to TRUE
Set parameter 'V_VERSION' to 4
Set parameter 'LOCKS_PER_FILE' to 5000
Set parameter 'TC_CHECK_ALIVE_INTERVAL' to 3600
Set parameter 'TC_SERVER_TIMEOUT' to 3600
Set variable 'ASSORTIMENTO' to value 'N'
Set variable 'SEPARATORE' to value ';'
Set variable 'VERSIONE_EVASIONE' to value '2'
Set variable 'STAMPANTE_ANTEPRIMA' to value 'PDFCreator'
Set variable 'STAMPANTE_DIRETTA_XP' to value 'Epson'
Set variable 'STAMPANTE_DIRETTA_V' to value 'Epson'
Set variable 'STAMPANTE_DIRETTA_7' to value 'Epson'
Set variable 'STAMPANTE_STBROG_XP' to value 'Epson_XP'
Set variable 'STAMPANTE_STBROG_V' to value 'Epson_V'
Set variable 'STAMPANTE_STBROG_7' to value 'Epson_7'
Set variable 'STAMPANTE_STBOLLE' to value 'Epson'
Set variable 'STAMPANTE_STBOLLE_GDO_XP' to value 'EpsonGDO'
Set variable 'STAMPANTE_STBOLLE_GDO_V' to value 'EpsonGDO'
Set variable 'STAMPANTE_STBOLLE_GDO_7' to value 'EpsonGDO'
Set variable 'STAMPANTE_REG_UTF_XP' to value 'Epson'
Set variable 'STAMPANTE_REG_UTF_V' to value 'Epson'
Set variable 'STAMPANTE_REG_UTF_7' to value 'Epson'
Set variable 'PATH_TXT' to value 'F:\Lubex\archivi\pass'
Set variable 'PATH_IMMAGINI' to value '.\Resource'
Set variable 'DEVONO' to value 'TERMINARE CON "\"'
Set variable 'PATH_ST' to value 'F:\Lubex\tmp\'
Set variable 'PATH_TO_EXCEL' to value 'F:\Lubex\tmp\'
Set variable 'PATH_POSTEL' to value 'C:\host\'
Set variable 'PATH_VUTIL' to value 'C:\Program Files\Acucorp\Acucbl812\AcuGT\bin\wrun32.exe'
Set variable 'PATH_BITMAP_ST' to value '.\Resource\bitmap-stampa\logo-st.jpg'
Set variable 'PATH_SPLASH' to value 'F:\Lubex\GESLUX\Resource\splash.jpg'
Set variable 'PATH_CSV' to value 'F:\Lubex\tmp\'
Set variable 'NUM_REC_THIN_CLIENT' to value '1000'
Set variable 'GESTIONE_SESSIONI' to value 'S'
Set variable 'NUM_MAX_RIGHE' to value '62'
Set variable 'NUM_MAX_RIGHE_ORIZ' to value '42'
Set variable 'PR_EXCEL_3' to value 'C:\Program Files\Microsoft Office\OFFICE11\excel.exe'
Set variable 'PR_EXCEL_7' to value 'C:\Programmi\OpenOffice.org 2.0\program\scalc.exe'
Set variable 'PR_EXCEL_10' to value 'C:\Programmi\OpenOffice.org 2.0\program\scalc.exe'
Set variable 'PR_NOTEP' to value 'C:\Programmi\UltraEdit\uedit32.exe'
Set variable 'PATH_KILL' to value 'F:\Lubex\GESLUX\comandi\'
Set variable 'CONTROLLO_SCOSTAMENTO' to value '(nil)'
Set variable 'SW_RICHIESTA' to value 'S'
Set parameter 'LOG_FILE' to 'F:\Lubex\GESLUX\transazioni\files.transaction.log'
Set parameter 'LOG_DIR' to 'F:\Lubex\GESLUX\transazioni\'
Set variable 'PATH_ST_CLIENT' to value 'F:\Lubex\tmp\'
Set variable 'PATH_RECUPERO' to value 'F:\Lubex\GESLUX\RecuperoPrezzi\rec-prezzi'
Set variable 'RECUPERO_EXE' to value 'F:\Lubex\GESLUX\RecuperoPrezzi\RecuperaPrezzi.exe'
Set variable 'RIGHE_PAGE_FEED' to value '(nil)'
Set variable 'STAMPANTE_BOLLE_DEFAULT' to value 'S'
Set variable 'VISUALIZZA_TOTALI' to value 'S'
Set variable 'PATH_CSV_LISTINI' to value 'F:\Lubex\IMPORT EXPORT\'
Set variable 'PATH_INI_MAIL' to value 'F:\Lubex\GESLUX\InvioMail\InvioMail.ini'
Set variable 'PATH_BACKUP' to value 'F:\Lubex\GESLUX\InvioMail\backup\'
Set variable 'PATH_LOG_SOURCE' to value 'F:\Lubex\GESLUX\InvioMail\InvioMail.log'
Set variable 'NIGHT_ADDRESSES' to value 'a.eventi@goodworks.it;'
Set variable 'PROMO_ADDRESSES' to value 'a.eventi@goodworks.it;'
Set variable 'SMTP_SERVER' to value '192.168.100.3'
Set variable 'PROVA_MAIL' to value 'S'
Set variable 'STAMPANTE_PROMO_XP' to value 'PDFCreator'
Set variable 'STAMPANTE_PROMO_V' to value 'PDFCreator'
Set variable 'STAMPANTE_PROMO_7' to value 'PDFCreator'
Set variable 'CALMAR_ADDRESSES' to value 'gds@lusdfbex.it'
Set variable 'CALMAR_LOG' to value 'F:\Lubex\tmp\calmar.log'
Set variable 'CALMAR_LOG_INVIO' to value 'F:\Lubex\tmp\calmar-attach.log'
Set variable 'CALMAR_RECUPERO' to value 'F:\Lubex\tmp\recupero-prezzi.txt'
Set variable 'PATH_PDF_NOTIFICA' to value 'F:\Lubex\GESLUX\Archiviazione_PDF\'
Set variable 'STAMPANTE_DIRETTA_ORDINI_PDF_XP' to value 'PDFCreator'
Set variable 'STAMPANTE_DIRETTA_ORDINI_PDF_V' to value 'PDFCreator'
Set variable 'STAMPANTE_DIRETTA_ORDINI_PDF_7' to value 'PDFCreator'
Set variable 'STAMPANTE_DIRETTA_ORDINI_FORN_XP' to value 'PDFCreator'
Set variable 'STAMPANTE_DIRETTA_ORDINI_FORN_V' to value 'PDFCreator'
Set variable 'STAMPANTE_DIRETTA_ORDINI_FORN_7' to value 'PDFCreator'
Set variable 'STAMPANTE_DIRETTA_ORDINI_INS_XP' to value 'PDFCreator'
Set variable 'STAMPANTE_DIRETTA_ORDINI_INS_V' to value 'PDFCreator'
Set variable 'STAMPANTE_DIRETTA_ORDINI_INS_7' to value 'PDFCreator'
Set variable 'STAMPANTE_DIRETTA_ORDINI_MOD_XP' to value 'PDFCreator'
Set variable 'STAMPANTE_DIRETTA_ORDINI_MOD_V' to value 'PDFCreator'
Set variable 'STAMPANTE_DIRETTA_ORDINI_MOD_7' to value 'PDFCreator'
Set variable 'STAMPANTE_DIRETTA_ORDINI_TRAD_XP' to value 'PDFCreator'
Set variable 'STAMPANTE_DIRETTA_ORDINI_TRAD_V' to value 'PDFCreator'
Set variable 'STAMPANTE_DIRETTA_ORDINI_TRAD_7' to value 'PDFCreator'
Set variable 'PATH_PDF_ORDFORN' to value '(nil)'
Set variable 'PATH_EXE_PDF' to value 'F:\Lubex\GESLUX\CreaPDF\CreaPDF.exe'
Set variable 'RICALDIN_LOG' to value 'F:\Lubex\GESLUX\ricaldin.log'
Set variable 'RICALDIN_LOG_INVIO' to value 'F:\Lubex\GESLUX\ricaldin2.log'
Set variable 'RICALDIN_ADDRESSES' to value 'gds@lubex.it;'
Set variable 'CHECK_QP_LOG' to value 'F:\Lubex\GESLUX\check-qp.log'
Set variable 'CHECK_QP_LOG_INVIO' to value 'F:\Lubex\GESLUX\check-qp2.log'
Set variable 'CHECK_QP_ADDRESSES' to value 'andrea.ae@libero.it;'
Set variable 'RICALFOR_LOG' to value 'F:\Lubex\GESLUX\ricalfor.log'
Set variable 'RICALFOR_LOG_INVIO' to value 'F:\Lubex\GESLUX\ricalfor2.log'
Set variable 'RICALFOR_ADDRESSES' to value 'a.eventi@goodworks.it;'
Set variable 'PATH_RAR' to value 'C:\Programmi\WinRar\'
Set variable 'PATH_ARCHIVI' to value 'F:\Lubex\archivi\'
Set variable 'PATH_TO_ZIP' to value 'F:\Lubex\Rar\'
Set variable 'PATH_TO_LOG' to value 'C:\Programmi\WinRar\rar.log'
Set variable 'PATH_OBJECT' to value 'F:\Lubex\GESLUX\Object\'
Set variable 'USER_IMPORT_ESITI' to value '(nil)'
Set variable 'IMP_ESITI_ADDRESSES' to value '(nil)'
Set variable 'BANNER_BOL_ADDRESSES:' to value 'wvetrugno@lubex.it'
Set variable 'BANNER_BOL_LOG:' to value 'F:\Lubex\GESLUX\banner.log'
Set variable 'ORDFORN_ADDRESSES_CC' to value 'andrea.ae@libero.it;'
Set variable 'MAIL_FIDO_ADDRESSES' to value 'wvetrugno@lubex.it; a.eventi@goodworks.it'
Set variable 'STAMPANTE_MASTER_GDO_XP' to value 'PDFCreator'
Set variable 'STAMPANTE_MASTER_GDO_V' to value 'PDFCreator'
Set variable 'STAMPANTE_MASTER_GDO_7' to value 'PDFCreator'
Set variable 'STAMPANTE_MASTER_TRAD_XP' to value 'PDFCreator'
Set variable 'STAMPANTE_MASTER_TRAD_V' to value 'PDFCreator'
Set variable 'STAMPANTE_MASTER_TRAD_7' to value 'PDFCreator'
Set variable 'GDO_IN_USO' to value 'S'
Set variable 'CONTROLLA_24000' to value 'S'
Set variable 'CHIU_ORD_MASTER_ADDRESSES_CC' to value 'andrea.ae@libero.it;'
Set variable 'CHIU_ORD_MASTER_ADDRESSES_FROM' to value 'info@lubex.it'
Set variable 'CHIU_ORD_MASTER_SUBJECT' to value 'CHIUSURA ORDINE'
Set variable 'CHIU_ORD_MASTER_BODY' to value 'ORDINE MASTER:Si comunica la chiusura dell'ordine $1/$2 vostro ordine $3 del $4'
Set variable 'CATART_ADDRESSES_CC' to value 'wvetrugno@lubex.it;'
Set variable 'CATART_ADDRESSES_FROM' to value 'info@lubex.it'
Set variable 'CATART_SUBJECT' to value 'Catena articoli'
Set variable 'CATART_MASTER_BODY' to value 'ORDINE L'articolo:$1verrà sostituito con l'articolo:$2Parte finale della mail'
Set variable 'SHI_PATH_EXPVETTORI' to value 'F:\Lubex\GESLUX\SHI\tmp\LBXVETTORI'
Set variable 'SHI_PATH_EXPFORNITORI' to value 'F:\Lubex\GESLUX\SHI\tmp\LBXFORNITORI'
Set variable 'SHI_PATH_EXPARTICOLI' to value 'F:\Lubex\GESLUX\SHI\tmp\HSTRX_ANAART'
Set variable 'SHI_PATH_EXPEAN' to value 'F:\Lubex\GESLUX\SHI\tmp\HSTRX_ANAARTDET'
Set variable 'SHI_PATH_EXPPRODENER' to value 'F:\Lubex\GESLUX\SHI\tmp\LBXPRODENER'
Set variable 'SHI_PATH_EXPTORDINI' to value 'F:\Lubex\GESLUX\SHI\tmp\HSTRX_ORDUSCTES'
Set variable 'SHI_PATH_EXPRORDINI' to value 'F:\Lubex\GESLUX\SHI\tmp\HSTRX_ORDUSCRIG'
Set variable 'SHI_PATH_EXPNOTE' to value 'F:\Lubex\GESLUX\SHI\tmp\HSTRX_ORDUSCNOT'
Set variable 'SHI_MAGAZZINO' to value 'SHI'
Set variable 'PATH_ISOLATA' to value 'F:\Lubex\GESLUX\Evasione\pass'
Set variable 'PATH_LOG_ISOLATA' to value 'F:\Lubex\GESLUX\Evasione\isolata.log'
Set variable 'MAIL_ISOLATA_SUBJECT' to value 'Evasione Clienti Isolata - cancellazione sessioni'
Set variable 'MAIL_ISOLATA_BODY' to value 'Cancellazione sessioni eseguita, attivare la nuova password.'
Set variable 'MAIL_ISOLATA_ADDRESSES' to value 'a.eventi@goodworks.it;wvetrugno@lubex.it;l.quartieri@goodworks.it;'
Set variable 'STAMPANTE_LUCA_XP' to value 'PDFCreator'
Set variable 'STAMPANTE_LUCA_V' to value 'PDFCreator'
Set variable 'STAMPANTE_LUCA_7' to value 'PDFCreator'
Set variable 'STAMPANTE_MASSIMO_XP' to value 'PDFCreator'
Set variable 'STAMPANTE_MASSIMO_V' to value 'PDFCreator'
Set variable 'STAMPANTE_MASSIMO_7' to value 'PDFCreator'
Set variable 'STAMPANTE_ALTRO_XP' to value 'PDFCreator'
Set variable 'STAMPANTE_ALTRO_V' to value 'PDFCreator'
Set variable 'STAMPANTE_ALTRO_7' to value 'PDFCreator'
Set variable 'GDO_FITTIZIA' to value 'MASTE'
C:\Programmi\Micro Focus\Acucbl910\AcuGT/lib/AcuPgms.lib loaded
Try loading '.\Object\agg-stato-master.acu'...
.\Object\agg-stato-master.acu loaded
Try loading '.\Object\wprogmag.acu'...
.\Object\wprogmag.acu loaded
Try loading '.\Object\wprogmag.acu'...
.\Object\wprogmag.acu loaded
Try loading '.\Object\wprogmag.acu'...
.\Object\wprogmag.acu loaded
Try loading '.\Object\wprogmag.acu'...
.\Object\wprogmag.acu loaded
Try loading '.\Object\wprogmag.acu'...
.\Object\wprogmag.acu loaded
Try loading '.\Object\wprogmag.acu'...
.\Object\wprogmag.acu loaded
Try loading '.\Object\wprogmag.acu'...
.\Object\wprogmag.acu loaded
Try loading '.\Object\wprogmag.acu'...
.\Object\wprogmag.acu loaded
Try loading '.\Object\wprogmag.acu'...
.\Object\wprogmag.acu loaded
Try loading '.\Object\wprogmag.acu'...
.\Object\wprogmag.acu loaded
Try loading '.\Object\wprogmag.acu'...
.\Object\wprogmag.acu loaded
Try loading '.\Object\wprogmag.acu'...
.\Object\wprogmag.acu loaded
Try loading '.\Object\wprogmag.acu'...
.\Object\wprogmag.acu loaded
Try loading '.\Object\wprogmag.acu'...
.\Object\wprogmag.acu loaded
Try loading '.\Object\wprogmag.acu'...
.\Object\wprogmag.acu loaded
Try loading '.\Object\wprogmag.acu'...
.\Object\wprogmag.acu loaded
Try loading '.\Object\wprogmag.acu'...
.\Object\wprogmag.acu loaded
Try loading '.\Object\wprogmag.acu'...
.\Object\wprogmag.acu loaded
Try loading '.\Object\wprogmag.acu'...
.\Object\wprogmag.acu loaded
Try loading '.\Object\wprogmag.acu'...
.\Object\wprogmag.acu loaded
Try loading '.\Object\wprogmag.acu'...
.\Object\wprogmag.acu loaded
Try loading '.\Object\wprogmag.acu'...
.\Object\wprogmag.acu loaded
Try loading '.\Object\wprogmag.acu'...
.\Object\wprogmag.acu loaded
Try loading '.\Object\wprogmag.acu'...
.\Object\wprogmag.acu loaded
Try loading '.\Object\wprogmag.acu'...
.\Object\wprogmag.acu loaded
Try loading '.\Object\wprogmag.acu'...
.\Object\wprogmag.acu loaded
Try loading '.\Object\wprogmag.acu'...
.\Object\wprogmag.acu loaded
Try loading '.\Object\wprogmag.acu'...
.\Object\wprogmag.acu loaded
Try loading '.\Object\wprogmag.acu'...
.\Object\wprogmag.acu loaded
Try loading '.\Object\wprogmag.acu'...
.\Object\wprogmag.acu loaded
Try loading '.\Object\wprogmag.acu'...
.\Object\wprogmag.acu loaded
Try loading '.\Object\wprogmag.acu'...
.\Object\wprogmag.acu loaded
Try loading '.\Object\wprogmag.acu'...
.\Object\wprogmag.acu loaded
Try loading '.\Object\wprogmag.acu'...
.\Object\wprogmag.acu loaded
Try loading '.\Object\wprogmag.acu'...
.\Object\wprogmag.acu loaded
Try loading '.\Object\wprogmag.acu'...
.\Object\wprogmag.acu loaded
Try loading '.\Object\wprogmag.acu'...
.\Object\wprogmag.acu loaded
Try loading '.\Object\wprogmag.acu'...
.\Object\wprogmag.acu loaded
Try loading '.\Object\wprogmag.acu'...
.\Object\wprogmag.acu loaded
Try loading '.\Object\wprogmag.acu'...
.\Object\wprogmag.acu loaded
Try loading '.\Object\wprogmag.acu'...
.\Object\wprogmag.acu loaded
Try loading '.\Object\wprogmag.acu'...
.\Object\wprogmag.acu loaded
Try loading '.\Object\wprogmag.acu'...
.\Object\wprogmag.acu loaded
Try loading '.\Object\wprogmag.acu'...
.\Object\wprogmag.acu loaded
Try loading '.\Object\wprogmag.acu'...
.\Object\wprogmag.acu loaded
Try loading '.\Object\wprogmag.acu'...
.\Object\wprogmag.acu loaded
Try loading '.\Object\wprogmag.acu'...
.\Object\wprogmag.acu loaded
Try loading '.\Object\wprogmag.acu'...
.\Object\wprogmag.acu loaded
Try loading '.\Object\wprogmag.acu'...
.\Object\wprogmag.acu loaded
Try loading '.\Object\wprogmag.acu'...
.\Object\wprogmag.acu loaded
Try loading '.\Object\wprogmag.acu'...
.\Object\wprogmag.acu loaded
Try loading '.\Object\wprogmag.acu'...
.\Object\wprogmag.acu loaded
Try loading '.\Object\wprogmag.acu'...
.\Object\wprogmag.acu loaded
Try loading '.\Object\wprogmag.acu'...
.\Object\wprogmag.acu loaded
Try loading '.\Object\wprogmag.acu'...
.\Object\wprogmag.acu loaded
Try loading '.\Object\wprogmag.acu'...
.\Object\wprogmag.acu loaded
Try loading '.\Object\wprogmag.acu'...
.\Object\wprogmag.acu loaded
Try loading '.\Object\wprogmag.acu'...
.\Object\wprogmag.acu loaded
Try loading '.\Object\wprogmag.acu'...
.\Object\wprogmag.acu loaded
Try loading '.\Object\wprogmag.acu'...
.\Object\wprogmag.acu loaded
Try loading '.\Object\wprogmag.acu'...
.\Object\wprogmag.acu loaded
Try loading '.\Object\wprogmag.acu'...
.\Object\wprogmag.acu loaded
Try loading '.\Object\wprogmag.acu'...
.\Object\wprogmag.acu loaded
Try loading '.\Object\wprogmag.acu'...
.\Object\wprogmag.acu loaded
Try loading '.\Object\wprogmag.acu'...
.\Object\wprogmag.acu loaded
Try loading '.\Object\wprogmag.acu'...
.\Object\wprogmag.acu loaded
Try loading '.\Object\wprogmag.acu'...
.\Object\wprogmag.acu loaded
Try loading '.\Object\wprogmag.acu'...
.\Object\wprogmag.acu loaded
Try loading '.\Object\wprogmag.acu'...
.\Object\wprogmag.acu loaded
Try loading '.\Object\wprogmag.acu'...
.\Object\wprogmag.acu loaded
Try loading '.\Object\wprogmag.acu'...
.\Object\wprogmag.acu loaded
Try loading '.\Object\wprogmag.acu'...
.\Object\wprogmag.acu loaded
Try loading '.\Object\wprogmag.acu'...
.\Object\wprogmag.acu loaded
Try loading '.\Object\wprogmag.acu'...
.\Object\wprogmag.acu loaded
Try loading '.\Object\wprogmag.acu'...
.\Object\wprogmag.acu loaded
Try loading '.\Object\wprogmag.acu'...
.\Object\wprogmag.acu loaded
Try loading '.\Object\wprogmag.acu'...
.\Object\wprogmag.acu loaded
Try loading '.\Object\wprogmag.acu'...
.\Object\wprogmag.acu loaded
Try loading '.\Object\wprogmag.acu'...
.\Object\wprogmag.acu loaded
Try loading '.\Object\wprogmag.acu'...
.\Object\wprogmag.acu loaded
Try loading '.\Object\wprogmag.acu'...
.\Object\wprogmag.acu loaded
Try loading '.\Object\wprogmag.acu'...
.\Object\wprogmag.acu loaded
Try loading '.\Object\wprogmag.acu'...
.\Object\wprogmag.acu loaded
Try loading '.\Object\wprogmag.acu'...
.\Object\wprogmag.acu loaded
Try loading '.\Object\wprogmag.acu'...
.\Object\wprogmag.acu loaded
Try loading '.\Object\wprogmag.acu'...
.\Object\wprogmag.acu loaded
Try loading '.\Object\wprogmag.acu'...
.\Object\wprogmag.acu loaded
Try loading '.\Object\wprogmag.acu'...
.\Object\wprogmag.acu loaded
Try loading '.\Object\wprogmag.acu'...
.\Object\wprogmag.acu loaded
Try loading '.\Object\wprogmag.acu'...
.\Object\wprogmag.acu loaded
Try loading '.\Object\wprogmag.acu'...
.\Object\wprogmag.acu loaded
Try loading '.\Object\wprogmag.acu'...
.\Object\wprogmag.acu loaded
Try loading '.\Object\wprogmag.acu'...
.\Object\wprogmag.acu loaded
Try loading '.\Object\wprogmag.acu'...
.\Object\wprogmag.acu loaded
Try loading '.\Object\wprogmag.acu'...
.\Object\wprogmag.acu loaded
Try loading '.\Object\wprogmag.acu'...
.\Object\wprogmag.acu loaded
Try loading '.\Object\wprogmag.acu'...
.\Object\wprogmag.acu loaded
Try loading '.\Object\wprogmag.acu'...
.\Object\wprogmag.acu loaded
Try loading '.\Object\wprogmag.acu'...
.\Object\wprogmag.acu loaded
Try loading '.\Object\wprogmag.acu'...
.\Object\wprogmag.acu loaded
Try loading '.\Object\wprogmag.acu'...
.\Object\wprogmag.acu loaded
Try loading '.\Object\wprogmag.acu'...
.\Object\wprogmag.acu loaded
Try loading '.\Object\wprogmag.acu'...
.\Object\wprogmag.acu loaded
Try loading '.\Object\wprogmag.acu'...
.\Object\wprogmag.acu loaded
Try loading '.\Object\wprogmag.acu'...
.\Object\wprogmag.acu loaded
Try loading '.\Object\wprogmag.acu'...
.\Object\wprogmag.acu loaded
Try loading '.\Object\wprogmag.acu'...
.\Object\wprogmag.acu loaded
Try loading '.\Object\wprogmag.acu'...
.\Object\wprogmag.acu loaded
Try loading '.\Object\wprogmag.acu'...
.\Object\wprogmag.acu loaded
Try loading '.\Object\wprogmag.acu'...
.\Object\wprogmag.acu loaded
Try loading '.\Object\wprogmag.acu'...
.\Object\wprogmag.acu loaded
Try loading '.\Object\wprogmag.acu'...
.\Object\wprogmag.acu loaded
Try loading '.\Object\wprogmag.acu'...
.\Object\wprogmag.acu loaded
Try loading '.\Object\wprogmag.acu'...
.\Object\wprogmag.acu loaded
Try loading '.\Object\wprogmag.acu'...
.\Object\wprogmag.acu loaded
Try loading '.\Object\wprogmag.acu'...
.\Object\wprogmag.acu loaded
Try loading '.\Object\wprogmag.acu'...
.\Object\wprogmag.acu loaded
Try loading '.\Object\wprogmag.acu'...
.\Object\wprogmag.acu loaded
Try loading '.\Object\wprogmag.acu'...
.\Object\wprogmag.acu loaded
Try loading '.\Object\wprogmag.acu'...
.\Object\wprogmag.acu loaded
Try loading '.\Object\wprogmag.acu'...
.\Object\wprogmag.acu loaded
Try loading '.\Object\wprogmag.acu'...
.\Object\wprogmag.acu loaded
Try loading '.\Object\wprogmag.acu'...
.\Object\wprogmag.acu loaded
Try loading '.\Object\wprogmag.acu'...
.\Object\wprogmag.acu loaded
Try loading '.\Object\wprogmag.acu'...
.\Object\wprogmag.acu loaded
Try loading '.\Object\wprogmag.acu'...
.\Object\wprogmag.acu loaded
Try loading '.\Object\wprogmag.acu'...
.\Object\wprogmag.acu loaded
Try loading '.\Object\wprogmag.acu'...
.\Object\wprogmag.acu loaded
Try loading '.\Object\wprogmag.acu'...
.\Object\wprogmag.acu loaded
Try loading '.\Object\wprogmag.acu'...
.\Object\wprogmag.acu loaded
Try loading '.\Object\wprogmag.acu'...
.\Object\wprogmag.acu loaded
Try loading '.\Object\wprogmag.acu'...
.\Object\wprogmag.acu loaded
Try loading '.\Object\wprogmag.acu'...
.\Object\wprogmag.acu loaded
Try loading '.\Object\wprogmag.acu'...
.\Object\wprogmag.acu loaded
Try loading '.\Object\wprogmag.acu'...
.\Object\wprogmag.acu loaded
Try loading '.\Object\wprogmag.acu'...
.\Object\wprogmag.acu loaded
Try loading '.\Object\wprogmag.acu'...
.\Object\wprogmag.acu loaded
Try loading '.\Object\wprogmag.acu'...
.\Object\wprogmag.acu loaded
Try loading '.\Object\wprogmag.acu'...
.\Object\wprogmag.acu loaded
Try loading '.\Object\wprogmag.acu'...
.\Object\wprogmag.acu loaded
Try loading '.\Object\wprogmag.acu'...
.\Object\wprogmag.acu loaded
Try loading '.\Object\wprogmag.acu'...
.\Object\wprogmag.acu loaded
Try loading '.\Object\wprogmag.acu'...
.\Object\wprogmag.acu loaded
Try loading '.\Object\wprogmag.acu'...
.\Object\wprogmag.acu loaded
Try loading '.\Object\wprogmag.acu'...
.\Object\wprogmag.acu loaded
Try loading '.\Object\wprogmag.acu'...
.\Object\wprogmag.acu loaded
Try loading '.\Object\wprogmag.acu'...
.\Object\wprogmag.acu loaded
Try loading '.\Object\wprogmag.acu'...
.\Object\wprogmag.acu loaded
Try loading '.\Object\wprogmag.acu'...
.\Object\wprogmag.acu loaded
Try loading '.\Object\wprogmag.acu'...
.\Object\wprogmag.acu loaded
Try loading '.\Object\wprogmag.acu'...
.\Object\wprogmag.acu loaded
Try loading '.\Object\wprogmag.acu'...
.\Object\wprogmag.acu loaded
Try loading '.\Object\wprogmag.acu'...
.\Object\wprogmag.acu loaded
Try loading '.\Object\wprogmag.acu'...
.\Object\wprogmag.acu loaded
Try loading '.\Object\wprogmag.acu'...
.\Object\wprogmag.acu loaded
Try loading '.\Object\wprogmag.acu'...
.\Object\wprogmag.acu loaded
Try loading '.\Object\wprogmag.acu'...
.\Object\wprogmag.acu loaded
Try loading '.\Object\wprogmag.acu'...
.\Object\wprogmag.acu loaded
Try loading '.\Object\wprogmag.acu'...
.\Object\wprogmag.acu loaded
Try loading '.\Object\wprogmag.acu'...
.\Object\wprogmag.acu loaded
Try loading '.\Object\wprogmag.acu'...
.\Object\wprogmag.acu loaded
Try loading '.\Object\wprogmag.acu'...
.\Object\wprogmag.acu loaded
Try loading '.\Object\wprogmag.acu'...
.\Object\wprogmag.acu loaded
Try loading '.\Object\wprogmag.acu'...
.\Object\wprogmag.acu loaded
Try loading '.\Object\wprogmag.acu'...
.\Object\wprogmag.acu loaded
Try loading '.\Object\wprogmag.acu'...
.\Object\wprogmag.acu loaded
Try loading '.\Object\wprogmag.acu'...
.\Object\wprogmag.acu loaded
Try loading '.\Object\wprogmag.acu'...
.\Object\wprogmag.acu loaded
Try loading '.\Object\wprogmag.acu'...
.\Object\wprogmag.acu loaded
Try loading '.\Object\wprogmag.acu'...
.\Object\wprogmag.acu loaded
Try loading '.\Object\wprogmag.acu'...
.\Object\wprogmag.acu loaded
Try loading '.\Object\wprogmag.acu'...
.\Object\wprogmag.acu loaded
Try loading '.\Object\wprogmag.acu'...
.\Object\wprogmag.acu loaded
Try loading '.\Object\wprogmag.acu'...
.\Object\wprogmag.acu loaded
Try loading '.\Object\wprogmag.acu'...
.\Object\wprogmag.acu loaded
Try loading '.\Object\wprogmag.acu'...
.\Object\wprogmag.acu loaded
Try loading '.\Object\wprogmag.acu'...
.\Object\wprogmag.acu loaded
Try loading '.\Object\wprogmag.acu'...
.\Object\wprogmag.acu loaded
Try loading '.\Object\wprogmag.acu'...
.\Object\wprogmag.acu loaded
Try loading '.\Object\wprogmag.acu'...
.\Object\wprogmag.acu loaded
Try loading '.\Object\wprogmag.acu'...
.\Object\wprogmag.acu loaded
Try loading '.\Object\wprogmag.acu'...
.\Object\wprogmag.acu loaded
Try loading '.\Object\wprogmag.acu'...
.\Object\wprogmag.acu loaded
Try loading '.\Object\wprogmag.acu'...
.\Object\wprogmag.acu loaded
Try loading '.\Object\wprogmag.acu'...
.\Object\wprogmag.acu loaded
Try loading '.\Object\wprogmag.acu'...
.\Object\wprogmag.acu loaded
Try loading '.\Object\wprogmag.acu'...
.\Object\wprogmag.acu loaded
Try loading '.\Object\wprogmag.acu'...
.\Object\wprogmag.acu loaded
Try loading '.\Object\wprogmag.acu'...
.\Object\wprogmag.acu loaded
Try loading '.\Object\wprogmag.acu'...
.\Object\wprogmag.acu loaded
Try loading '.\Object\wprogmag.acu'...
.\Object\wprogmag.acu loaded
Try loading '.\Object\wprogmag.acu'...
.\Object\wprogmag.acu loaded
Try loading '.\Object\wprogmag.acu'...
.\Object\wprogmag.acu loaded
Try loading '.\Object\wprogmag.acu'...
.\Object\wprogmag.acu loaded
Try loading '.\Object\wprogmag.acu'...
.\Object\wprogmag.acu loaded
Try loading '.\Object\wprogmag.acu'...
.\Object\wprogmag.acu loaded
Try loading '.\Object\wprogmag.acu'...
.\Object\wprogmag.acu loaded
Try loading '.\Object\wprogmag.acu'...
.\Object\wprogmag.acu loaded
Try loading '.\Object\wprogmag.acu'...
.\Object\wprogmag.acu loaded
Try loading '.\Object\wprogmag.acu'...
.\Object\wprogmag.acu loaded
Try loading '.\Object\wprogmag.acu'...
.\Object\wprogmag.acu loaded
Try loading '.\Object\wprogmag.acu'...
.\Object\wprogmag.acu loaded
Try loading '.\Object\wprogmag.acu'...
.\Object\wprogmag.acu loaded
Try loading '.\Object\wprogmag.acu'...
.\Object\wprogmag.acu loaded
Try loading '.\Object\wprogmag.acu'...
.\Object\wprogmag.acu loaded
Try loading '.\Object\wprogmag.acu'...
.\Object\wprogmag.acu loaded
Try loading '.\Object\wprogmag.acu'...
.\Object\wprogmag.acu loaded
Try loading '.\Object\wprogmag.acu'...
.\Object\wprogmag.acu loaded
Try loading '.\Object\wprogmag.acu'...
.\Object\wprogmag.acu loaded
Try loading '.\Object\wprogmag.acu'...
.\Object\wprogmag.acu loaded
Try loading '.\Object\wprogmag.acu'...
.\Object\wprogmag.acu loaded
Try loading '.\Object\wprogmag.acu'...
.\Object\wprogmag.acu loaded
Try loading '.\Object\wprogmag.acu'...
.\Object\wprogmag.acu loaded
Try loading '.\Object\wprogmag.acu'...
.\Object\wprogmag.acu loaded
Try loading '.\Object\wprogmag.acu'...
.\Object\wprogmag.acu loaded
Try loading '.\Object\wprogmag.acu'...
.\Object\wprogmag.acu loaded
Try loading '.\Object\wprogmag.acu'...
.\Object\wprogmag.acu loaded
Try loading '.\Object\wprogmag.acu'...
.\Object\wprogmag.acu loaded
Try loading '.\Object\wprogmag.acu'...
.\Object\wprogmag.acu loaded
Try loading '.\Object\wprogmag.acu'...
.\Object\wprogmag.acu loaded
Try loading '.\Object\wprogmag.acu'...
.\Object\wprogmag.acu loaded
Try loading '.\Object\wprogmag.acu'...
.\Object\wprogmag.acu loaded
Try loading '.\Object\wprogmag.acu'...
.\Object\wprogmag.acu loaded
Try loading '.\Object\wprogmag.acu'...
.\Object\wprogmag.acu loaded
Try loading '.\Object\wprogmag.acu'...
.\Object\wprogmag.acu loaded
Try loading '.\Object\wprogmag.acu'...
.\Object\wprogmag.acu loaded
Try loading '.\Object\wprogmag.acu'...
.\Object\wprogmag.acu loaded
Try loading '.\Object\wprogmag.acu'...
.\Object\wprogmag.acu loaded
Try loading '.\Object\wprogmag.acu'...
.\Object\wprogmag.acu loaded
Try loading '.\Object\wprogmag.acu'...
.\Object\wprogmag.acu loaded
Try loading '.\Object\wprogmag.acu'...
.\Object\wprogmag.acu loaded
Try loading '.\Object\wprogmag.acu'...
.\Object\wprogmag.acu loaded
Try loading '.\Object\wprogmag.acu'...
.\Object\wprogmag.acu loaded
Try loading '.\Object\wprogmag.acu'...
.\Object\wprogmag.acu loaded
Try loading '.\Object\wprogmag.acu'...
.\Object\wprogmag.acu loaded
Try loading '.\Object\wprogmag.acu'...
.\Object\wprogmag.acu loaded
Try loading '.\Object\wprogmag.acu'...
.\Object\wprogmag.acu loaded
Try loading '.\Object\wprogmag.acu'...
.\Object\wprogmag.acu loaded
Try loading '.\Object\wprogmag.acu'...
.\Object\wprogmag.acu loaded
Try loading '.\Object\wprogmag.acu'...
.\Object\wprogmag.acu loaded
Try loading '.\Object\wprogmag.acu'...
.\Object\wprogmag.acu loaded
Try loading '.\Object\wprogmag.acu'...
.\Object\wprogmag.acu loaded
Try loading '.\Object\wprogmag.acu'...
.\Object\wprogmag.acu loaded
Try loading '.\Object\wprogmag.acu'...
.\Object\wprogmag.acu loaded
Try loading '.\Object\wprogmag.acu'...
.\Object\wprogmag.acu loaded
Try loading '.\Object\wprogmag.acu'...
.\Object\wprogmag.acu loaded
Try loading '.\Object\wprogmag.acu'...
.\Object\wprogmag.acu loaded
Try loading '.\Object\wprogmag.acu'...
.\Object\wprogmag.acu loaded
Try loading '.\Object\wprogmag.acu'...
.\Object\wprogmag.acu loaded
Try loading '.\Object\wprogmag.acu'...
.\Object\wprogmag.acu loaded
Try loading '.\Object\wprogmag.acu'...
.\Object\wprogmag.acu loaded
Try loading '.\Object\wprogmag.acu'...
.\Object\wprogmag.acu loaded
Try loading '.\Object\wprogmag.acu'...
.\Object\wprogmag.acu loaded
Try loading '.\Object\wprogmag.acu'...
.\Object\wprogmag.acu loaded
Try loading '.\Object\wprogmag.acu'...
.\Object\wprogmag.acu loaded
Try loading '.\Object\wprogmag.acu'...
.\Object\wprogmag.acu loaded
Try loading '.\Object\wprogmag.acu'...
.\Object\wprogmag.acu loaded
Try loading '.\Object\wprogmag.acu'...
.\Object\wprogmag.acu loaded
Try loading '.\Object\wprogmag.acu'...
.\Object\wprogmag.acu loaded
Try loading '.\Object\wprogmag.acu'...
.\Object\wprogmag.acu loaded
Try loading '.\Object\wprogmag.acu'...
.\Object\wprogmag.acu loaded
Try loading '.\Object\wprogmag.acu'...
.\Object\wprogmag.acu loaded
Try loading '.\Object\wprogmag.acu'...
.\Object\wprogmag.acu loaded
Try loading '.\Object\wprogmag.acu'...
.\Object\wprogmag.acu loaded
Try loading '.\Object\wprogmag.acu'...
.\Object\wprogmag.acu loaded
Try loading '.\Object\wprogmag.acu'...
.\Object\wprogmag.acu loaded
Try loading '.\Object\wprogmag.acu'...
.\Object\wprogmag.acu loaded
Try loading '.\Object\wprogmag.acu'...
.\Object\wprogmag.acu loaded
Try loading '.\Object\wprogmag.acu'...
.\Object\wprogmag.acu loaded
Try loading '.\Object\wprogmag.acu'...
.\Object\wprogmag.acu loaded
Try loading '.\Object\wprogmag.acu'...
.\Object\wprogmag.acu loaded
Try loading '.\Object\wprogmag.acu'...
.\Object\wprogmag.acu loaded
Try loading '.\Object\wprogmag.acu'...
.\Object\wprogmag.acu loaded
Try loading '.\Object\wprogmag.acu'...
.\Object\wprogmag.acu loaded
Try loading '.\Object\wprogmag.acu'...
.\Object\wprogmag.acu loaded
Try loading '.\Object\wprogmag.acu'...
.\Object\wprogmag.acu loaded
Try loading '.\Object\wprogmag.acu'...
.\Object\wprogmag.acu loaded
Try loading '.\Object\wprogmag.acu'...
.\Object\wprogmag.acu loaded
Try loading '.\Object\wprogmag.acu'...
.\Object\wprogmag.acu loaded
Try loading '.\Object\wprogmag.acu'...
.\Object\wprogmag.acu loaded
Try loading '.\Object\wprogmag.acu'...
.\Object\wprogmag.acu loaded
Try loading '.\Object\wprogmag.acu'...
.\Object\wprogmag.acu loaded
Try loading '.\Object\wprogmag.acu'...
.\Object\wprogmag.acu loaded
Try loading '.\Object\wprogmag.acu'...
.\Object\wprogmag.acu loaded
Try loading '.\Object\wprogmag.acu'...
.\Object\wprogmag.acu loaded
Try loading '.\Object\wprogmag.acu'...
.\Object\wprogmag.acu loaded
Try loading '.\Object\wprogmag.acu'...
.\Object\wprogmag.acu loaded
Try loading '.\Object\wprogmag.acu'...
.\Object\wprogmag.acu loaded
Try loading '.\Object\wprogmag.acu'...
.\Object\wprogmag.acu loaded
Try loading '.\Object\wprogmag.acu'...
.\Object\wprogmag.acu loaded
Try loading '.\Object\wprogmag.acu'...
.\Object\wprogmag.acu loaded
Try loading '.\Object\wprogmag.acu'...
.\Object\wprogmag.acu loaded
Try loading '.\Object\wprogmag.acu'...
.\Object\wprogmag.acu loaded
Try loading '.\Object\wprogmag.acu'...
.\Object\wprogmag.acu loaded
Try loading '.\Object\wprogmag.acu'...
.\Object\wprogmag.acu loaded
Try loading '.\Object\wprogmag.acu'...
.\Object\wprogmag.acu loaded
Try loading '.\Object\wprogmag.acu'...
.\Object\wprogmag.acu loaded
Try loading '.\Object\wprogmag.acu'...
.\Object\wprogmag.acu loaded
Try loading '.\Object\wprogmag.acu'...
.\Object\wprogmag.acu loaded
Try loading '.\Object\wprogmag.acu'...
.\Object\wprogmag.acu loaded
Try loading '.\Object\wprogmag.acu'...
.\Object\wprogmag.acu loaded
Try loading '.\Object\wprogmag.acu'...
.\Object\wprogmag.acu loaded
Try loading '.\Object\wprogmag.acu'...
.\Object\wprogmag.acu loaded
Try loading '.\Object\wprogmag.acu'...
.\Object\wprogmag.acu loaded
Try loading '.\Object\wprogmag.acu'...
.\Object\wprogmag.acu loaded
Try loading '.\Object\wprogmag.acu'...
.\Object\wprogmag.acu loaded
Try loading '.\Object\wprogmag.acu'...
.\Object\wprogmag.acu loaded
Try loading '.\Object\wprogmag.acu'...
.\Object\wprogmag.acu loaded
Try loading '.\Object\wprogmag.acu'...
.\Object\wprogmag.acu loaded
Try loading '.\Object\wprogmag.acu'...
.\Object\wprogmag.acu loaded
Try loading '.\Object\wprogmag.acu'...
.\Object\wprogmag.acu loaded
Try loading '.\Object\wprogmag.acu'...
.\Object\wprogmag.acu loaded
Try loading '.\Object\wprogmag.acu'...
.\Object\wprogmag.acu loaded
Try loading '.\Object\wprogmag.acu'...
.\Object\wprogmag.acu loaded
Try loading '.\Object\wprogmag.acu'...
.\Object\wprogmag.acu loaded
Try loading '.\Object\wprogmag.acu'...
.\Object\wprogmag.acu loaded
Try loading '.\Object\wprogmag.acu'...
.\Object\wprogmag.acu loaded
Try loading '.\Object\wprogmag.acu'...
.\Object\wprogmag.acu loaded
Try loading '.\Object\wprogmag.acu'...
.\Object\wprogmag.acu loaded
Try loading '.\Object\wprogmag.acu'...
.\Object\wprogmag.acu loaded
Try loading '.\Object\wprogmag.acu'...
.\Object\wprogmag.acu loaded
Try loading '.\Object\wprogmag.acu'...
.\Object\wprogmag.acu loaded
Try loading '.\Object\wprogmag.acu'...
.\Object\wprogmag.acu loaded
Try loading '.\Object\wprogmag.acu'...
.\Object\wprogmag.acu loaded
Try loading '.\Object\wprogmag.acu'...
.\Object\wprogmag.acu loaded
Try loading '.\Object\wprogmag.acu'...
.\Object\wprogmag.acu loaded
Try loading '.\Object\wprogmag.acu'...
.\Object\wprogmag.acu loaded
Try loading '.\Object\wprogmag.acu'...
.\Object\wprogmag.acu loaded
Try loading '.\Object\wprogmag.acu'...
.\Object\wprogmag.acu loaded
Try loading '.\Object\wprogmag.acu'...
.\Object\wprogmag.acu loaded
Try loading '.\Object\wprogmag.acu'...
.\Object\wprogmag.acu loaded
Try loading '.\Object\wprogmag.acu'...
.\Object\wprogmag.acu loaded
Try loading '.\Object\wprogmag.acu'...
.\Object\wprogmag.acu loaded
Try loading '.\Object\wprogmag.acu'...
.\Object\wprogmag.acu loaded
Try loading '.\Object\wprogmag.acu'...
.\Object\wprogmag.acu loaded
Try loading '.\Object\wprogmag.acu'...
.\Object\wprogmag.acu loaded
Try loading '.\Object\wprogmag.acu'...
.\Object\wprogmag.acu loaded
Try loading '.\Object\wprogmag.acu'...
.\Object\wprogmag.acu loaded
Try loading '.\Object\wprogmag.acu'...
.\Object\wprogmag.acu loaded
Try loading '.\Object\wprogmag.acu'...
.\Object\wprogmag.acu loaded
Try loading '.\Object\wprogmag.acu'...
.\Object\wprogmag.acu loaded
Try loading '.\Object\wprogmag.acu'...
.\Object\wprogmag.acu loaded
Try loading '.\Object\wprogmag.acu'...
.\Object\wprogmag.acu loaded
Try loading '.\Object\wprogmag.acu'...
.\Object\wprogmag.acu loaded
Try loading '.\Object\wprogmag.acu'...
.\Object\wprogmag.acu loaded
Try loading '.\Object\wprogmag.acu'...
.\Object\wprogmag.acu loaded
Try loading '.\Object\wprogmag.acu'...
.\Object\wprogmag.acu loaded
Try loading '.\Object\wprogmag.acu'...
.\Object\wprogmag.acu loaded
Try loading '.\Object\wprogmag.acu'...
.\Object\wprogmag.acu loaded
Try loading '.\Object\wprogmag.acu'...
.\Object\wprogmag.acu loaded
Try loading '.\Object\wprogmag.acu'...
.\Object\wprogmag.acu loaded
Try loading '.\Object\wprogmag.acu'...
.\Object\wprogmag.acu loaded
Try loading '.\Object\wprogmag.acu'...
.\Object\wprogmag.acu loaded
Try loading '.\Object\wprogmag.acu'...
.\Object\wprogmag.acu loaded
Try loading '.\Object\wprogmag.acu'...
.\Object\wprogmag.acu loaded
Try loading '.\Object\wprogmag.acu'...
.\Object\wprogmag.acu loaded
Try loading '.\Object\wprogmag.acu'...
.\Object\wprogmag.acu loaded
Try loading '.\Object\wprogmag.acu'...
.\Object\wprogmag.acu loaded
