 [24/11/20] - [00"36'15] INIZIO ELABORAZIONE
 [24/11/20] - [00"36'15] AZZERAMENTO PROGRESSIVI
 [24/11/20] - [00"36'19] FINE AZZERAMENTO PROGRESSIVI
 [24/11/20] - [00"36'19] ELABORAZIONE ORDINI MASTER
 [24/11/20] - [00"37'23] FINE ELABORAZIONE ORDINI MASTER
 [24/11/20] - [00"37'23] ELABORAZIONE NCRE NON FATTURATI
 [24/11/20] - [00"37'23] FINE ELABORAZIONE NCRE NON FATTURATI
 [24/11/20] - [00"37'23] ELABORAZIONE INEVASI E BOLLA EMESSA NON FATTURATI
 [24/11/20] - [00"39'31] FINE ELABORAZIONE BOLLA EMESSA NON FATTURATI
 [24/11/20] - [00"39'31] ELABORAZIONE MOVIMENTI DI MAGAZZINO
 [24/11/20] - [00"39'31] FINE ELABORAZIONE  MOVIMENTI DI MAGAZZINO
 [24/11/20] - [00"39'31] ELABORAZIONE ORDINATO EVASIONI
 [24/11/20] - [00"40'28] FINE ELABORAZIONE ORDINATO EVASIONI
 [24/11/20] - [00"40'28] ELABORAZIONE GIACENZA EVASIONI F
 [24/11/20] - [00"40'33] FINE ELABORAZIONE GIACENZA EVASIONI F
ELABORAZIONE TERMINATA IN: 00004 MINUTI E 18 SECONDI
INVIO MAIL IN CORSO...
 [24/11/20] - [00"40'33] TENTATIVO N. 01: Chiamata InvioMail riuscita!
 [24/11/20] - [00"42'29] TENTATIVO N. 01:
 [24/11/20] - [00"42'29] TENTATIVO N. 02: Chiamata InvioMail riuscita!
 [24/11/20] - [00"42'31] TENTATIVO N. 02:
 [24/11/20] - [00"42'31] TENTATIVO N. 03: Chiamata InvioMail riuscita!
 [24/11/20] - [00"42'34] TENTATIVO N. 03:
 [24/11/20] - [00"42'34] TENTATIVO N. 04: Chiamata InvioMail riuscita!
 [24/11/20] - [00"42'35] TENTATIVO N. 04:
 [24/11/20] - [00"42'35] TENTATIVO N. 05: Chiamata InvioMail riuscita!
 [24/11/20] - [00"42'36] TENTATIVO N. 05:
 [24/11/20] - [00"42'36] TENTATIVO N. 06: Chiamata InvioMail riuscita!
 [24/11/20] - [00"42'37] TENTATIVO N. 06:
 [24/11/20] - [00"42'37] TENTATIVO N. 07: Chiamata InvioMail riuscita!
 [24/11/20] - [00"42'37] TENTATIVO N. 07:
 [24/11/20] - [00"42'37] TENTATIVO N. 08: Chiamata InvioMail riuscita!
 [24/11/20] - [00"42'38] TENTATIVO N. 08:
 [24/11/20] - [00"42'38] TENTATIVO N. 09: Chiamata InvioMail riuscita!
 [24/11/20] - [00"42'39] TENTATIVO N. 09:
 [24/11/20] - [00"42'39] TENTATIVO N. 10: Chiamata InvioMail riuscita!
 [24/11/20] - [00"42'40] TENTATIVO N. 10:
 [24/11/20] - [00"42'40] INVIO MAIL NON RIUSCITO!
