Runtime version 6.1.0
Using SAFE mode for file access
Configuration file = 'cblconfi'
Set parameter 'CODE_PREFIX' to '.\Object\;'
Set parameter 'FILE_PREFIX' to '..\archivi; C:\g2zsrv\arc; C:\g2zsrv\arc\arc001'
Set parameter 'F10_IS_MENU' to FALSE
Set parameter 'IO_CREATES' to TRUE
Set term attributes to 'CHECK-NUMBERS=NO'
Set keystroke to 'edit=next terminate=13 ^M'
Set keystroke to 'Exception=1234         ^F'
Set keystroke to 'Exception=4321         ^C'
Set keystroke to 'Exception=5678         ^E'
Set parameter 'MAX_FILES' to 256
Set parameter 'MAX_LOCKS' to 8191
Set parameter 'PRINTER' to '-P SPOOLER-DIRECT'
Set parameter 'STRIP_TRAILING_SPACES' to TRUE
Set parameter 'V_VERSION' to 4
Set parameter 'LOCKS_PER_FILE' to 5000
Set parameter 'TC_CHECK_ALIVE_INTERVAL' to 3600
Set parameter 'TC_SERVER_TIMEOUT' to 3600
Set variable 'ASSORTIMENTO' to value 'N'
Set variable 'SEPARATORE' to value ';'
Set variable 'STAMPANTE_ANTEPRIMA' to value 'FinePrint pdfFactory'
Set variable 'STAMPANTE_DIRETTA' to value 'Epson'
Set variable 'STAMPANTE_STBROG' to value 'Epson'
Set variable 'STAMPANTE_STBOLLE' to value 'Epson'
Set variable 'STAMPANTE_STBOLLE_GDO' to value 'EpsonGDO'
Set variable 'STAMPANTE_REG_UTF' to value 'Epson'
Set variable 'PATH_TXT' to value 'F:\Lubex\archivi\pass'
Set variable 'PATH_IMMAGINI' to value '.\Resource'
Set variable 'DEVONO' to value 'TERMINARE CON "\"'
Set variable 'PATH_ST' to value 'F:\Lubex\GESLUX\tmp\'
Set variable 'PATH_TO_EXCEL' to value 'F:\Lubex\GESLUX\tmp\'
Set variable 'PATH_POSTEL' to value 'C:\host\'
Set variable 'PATH_VUTIL' to value 'C:\Acucorp\Acucbl610\AcuGT\bin\'
Set variable 'PATH_BITMAP_ST' to value '.\Resource\bitmap-stampa\logo-st.jpg'
Set variable 'PATH_SPLASH' to value 'F:\Lubex\GESLUX\Resource\splash.jpg'
Set variable 'PATH_CSV' to value 'F:\Lubex\GESLUX\tmp\'
Set variable 'NUM_REC_THIN_CLIENT' to value '1000'
Set variable 'NUM_MAX_RIGHE' to value '62'
Set variable 'NUM_MAX_RIGHE_ORIZ' to value '42'
Set variable 'PR_NOTEP' to value 'C:\Programmi\UltraEdit\uedit32.exe'
Set variable 'PERCE_MAX' to value '010,56'
Set variable 'PATH_KILL' to value '.\comandi\'
Set variable 'CONTROLLO_SCOSTAMENTO' to value '(nil)'
Set variable 'SW_RICHIESTA' to value 'S'
Set parameter 'LOG_FILE' to 'F:\Lubex\GESLUX\transazioni\files.transaction.log'
Set parameter 'LOG_DIR' to 'F:\Lubex\GESLUX\transazioni\'
Set variable 'PATH_ST_CLIENT' to value 'F:\Lubex\GESLUX\tmp\'
Set variable 'PATH_RECUPERO' to value 'F:\Lubex\GESLUX\RecuperoPrezzi\rec-prezzi'
Set variable 'RECUPERO_EXE' to value 'F:\Lubex\GESLUX\RecuperoPrezzi\RecuperaPrezzi.exe'
Set variable 'RIGHE_PAGE_FEED' to value '(nil)'
Set variable 'STAMPANTE_BOLLE_DEFAULT' to value 'S'
Set variable 'VISUALIZZA_TOTALI' to value 'S'
Set variable 'PATH_CSV_LISTINI' to value 'F:\Lubex\IMPORT EXPORT\'
Set variable 'PATH_INVIO_MAIL' to value 'F:\Lubex\GESLUX\InvioMail\InvioMail.exe'
Set variable 'PATH_INI_MAIL' to value 'F:\Lubex\GESLUX\InvioMail\InvioMail.ini'
Set variable 'PATH_BACKUP' to value 'F:\Lubex\GESLUX\InvioMail\backup\'
Set variable 'PATH_LOG_SOURCE' to value 'F:\Lubex\GESLUX\InvioMail\InvioMail.log'
Set variable 'NIGHT_ADDRESSES' to value 'a.eventi@goodworks.it;'
Set variable 'PROMO_ADDRESSES' to value 'a.eventi@goodworks.it;'
Set variable 'SMTP_SERVER' to value 'mail.libero.it'
Set variable 'PROVA_MAIL' to value 'S'
Set variable 'STAMPANTE_PROMO' to value 'FinePrint pdfFactory'
Set variable 'CALMAR_ADDRESSES' to value 'gds@lusdfbex.it'
Set variable 'CALMAR_LOG' to value 'F:\Lubex\GESLUX\tmp\calmar.log'
Set variable 'CALMAR_LOG_INVIO' to value 'F:\Lubex\GESLUX\tmp\calmar-attach.log'
Set variable 'CALMAR_RECUPERO' to value 'F:\Lubex\GESLUX\tmp\recupero-prezzi.txt'
Set variable 'PATH_PDF_NOTIFICA' to value 'F:\Lubex\GESLUX\Archiviazione_PDF\'
Set variable 'STAMPANTE_DIRETTA_ORDINI_PDF' to value 'PDFCreator'
Set variable 'STAMPANTE_DIRETTA_ORDINI_FORN' to value 'FinePrint pdfFactory'
Set variable 'STAMPANTE_DIRETTA_ORDINI_INS' to value 'FinePrint pdfFactory'
Set variable 'STAMPANTE_DIRETTA_ORDINI_MOD' to value 'FinePrint pdfFactory'
Set variable 'STAMPANTE_DIRETTA_ORDINI_TRAD' to value 'FinePrint pdfFactory'
Set variable 'PATH_PDF_ORDFORN' to value '(nil)'
Set variable 'PATH_EXE_PDF' to value 'F:\Lubex\GESLUX\CreaPDF\CreaPDF.exe'
Set variable 'RICALDIN_LOG' to value 'F:\Lubex\GESLUX\ricaldin.log'
Set variable 'RICALDIN_LOG_INVIO' to value 'F:\Lubex\GESLUX\ricaldin2.log'
Set variable 'RICALDIN_ADDRESSES' to value 'gds@lubex.it;'
Set variable 'CHECK_QP_LOG' to value 'F:\Lubex\GESLUX\check-qp.log'
Set variable 'CHECK_QP_LOG_INVIO' to value 'F:\Lubex\GESLUX\check-qp2.log'
Set variable 'CHECK_QP_ADDRESSES' to value 'andrea.ae@libero.it;'
Set variable 'RICALFOR_LOG' to value 'F:\Lubex\GESLUX\ricalfor.log'
Set variable 'RICALFOR_LOG_INVIO' to value 'F:\Lubex\GESLUX\ricalfor2.log'
Set variable 'RICALFOR_ADDRESSES' to value 'a.eventi@goodworks.it;'
Set variable 'PATH_RAR' to value 'C:\Programmi\WinRar\'
Set variable 'PATH_ARCHIVI' to value 'F:\Lubex\archivi\'
Set variable 'PATH_TO_ZIP' to value 'F:\Lubex\Rar\'
Set variable 'PATH_TO_LOG' to value 'C:\Programmi\WinRar\rar.log'
Set variable 'PATH_OBJECT' to value 'F:\Lubex\GESLUX\Object\'
Set variable 'USER_IMPORT_ESITI' to value '(nil)'
Set variable 'IMP_ESITI_ADDRESSES' to value '(nil)'
Set variable 'BANNER_BOL_ADDRESSES:' to value 'wvetrugno@lubex.it'
Set variable 'BANNER_BOL_LOG:' to value 'F:\Lubex\GESLUX\banner.log'
Set variable 'ORDFORN_ADDRESSES_CC' to value 'andrea.ae@libero.it;'
Set variable 'MAIL_FIDO_ADDRESSES' to value 'a.eventi@goodworks.it'
Set variable 'STAMPANTE_MASTER_GDO' to value 'Lexmark X5400 Series'
Set variable 'STAMPANTE_MASTER_TRAD' to value 'Automatico FinePrint pdfFactory'
Set variable 'GDO_IN_USO' to value 'S'
Set variable 'CONTROLLA_24000' to value 'S'
Try loading '.\Object\ricalfor-bat.acu'...
.\Object\ricalfor-bat.acu loaded
 [16/10/09] - [17"34'30] INIZIO ELABORAZIONE
 [16/10/09] - [17"34'30] INIZIO ELABORAZIONE ORDFOR2
File error 48,02 on 
COBOL error at 002245 in ricalfor-bat
