 [BOSS      ] - [28/12/20] - [15"56'12] Ingresso nella funzione di cancellazione
 [BOSS      ] - [28/12/20] - [15"56'16] Inserimento Pasword Corretta
 [BOSS      ] - [28/12/20] - [15"56'18] Uscita dalla funzione di cancellazione
 
 [BOSS      ] - [28/12/20] - [15"57'22] Ingresso nella funzione di cancellazione
 [BOSS      ] - [28/12/20] - [15"57'32] Inserimento Pasword Corretta
 [BOSS      ] - [28/12/20] - [15"57'34] Uscita dalla funzione di cancellazione
 
 [BOSS      ] - [28/12/20] - [15"58'28] Ingresso nella funzione di cancellazione
 [BOSS      ] - [28/12/20] - [15"58'36] Inserimento Pasword errata
 [BOSS      ] - [28/12/20] - [15"58'37] Uscita dalla funzione di cancellazione
 [          ] - [29/12/20] - [15"21'08] Cancellata la sessione orfana: utente BOSS PID 3040 postazione andre programma selordc lanciata il 29/12/2020 alle 14:42
 [          ] - [29/12/20] - [15"27'22] Cancellata la sessione orfana: utente BOSS PID 15544 postazione andre programma killproc lanciata il 29/12/2020 alle 15:26
 [          ] - [29/12/20] - [15"30'34] Cancellata la sessione orfana: utente BOSS PID 16152 postazione andre programma killproc lanciata il 29/12/2020 alle 15:28
 [          ] - [29/12/20] - [15"44'26] Cancellata la sessione orfana: utente BOSS PID 6872 postazione andre programma killproc lanciata il 29/12/2020 alle 15:30
 [          ] - [29/12/20] - [15"44'26] Cancellata la sessione orfana: utente BOSS PID 10320 postazione andre programma killproc lanciata il 29/12/2020 alle 15:40
 [          ] - [29/12/20] - [15"44'26] Cancellata la sessione orfana: utente BOSS PID 11840 postazione andre programma killproc lanciata il 29/12/2020 alle 15:31
 [          ] - [29/12/20] - [15"44'26] Cancellata la sessione orfana: utente BOSS PID 12880 postazione andre programma killproc lanciata il 29/12/2020 alle 15:38
 [          ] - [29/12/20] - [15"44'26] Cancellata la sessione orfana: utente BOSS PID 16960 postazione andre programma killproc lanciata il 29/12/2020 alle 15:33
 [          ] - [29/12/20] - [15"44'26] Cancellata la sessione orfana: utente BOSS PID 16976 postazione andre programma killproc lanciata il 29/12/2020 alle 15:37
 [          ] - [29/12/20] - [15"44'26] Cancellata la sessione orfana: utente BOSS PID 18116 postazione andre programma killproc lanciata il 29/12/2020 alle 15:31
 [          ] - [29/12/20] - [15"44'26] Cancellata la sessione orfana: utente BOSS PID 18308 postazione andre programma killproc lanciata il 29/12/2020 alle 15:22
