 [07/05/21] - [11"40'22] INIZIO PROGRAMMA
 [07/05/21] - [11"40'22] Partenza da movimento numero: 00000002
 [07/05/21] - [11"40'22] Movimento n. 2021-00000002: SCARTATO
 [07/05/21] - [11"40'22] Movimento n. 2021-00000005: SCARTATO
 [07/05/21] - [11"40'22] Movimento n. 2021-00000006: SCARTATO
 [07/05/21] - [11"40'22] Movimento n. 2021-00000007: SCARTATO
 [07/05/21] - [11"40'22] Movimento n. 2021-00000008: SCARTATO
 [07/05/21] - [11"40'22] Movimento n. 2021-00000009: SCARTATO
 [07/05/21] - [11"40'22] Movimento n. 2021-00000010: SCARTATO
 [07/05/21] - [11"40'22] Movimento n. 2021-00000011: PESO UTF 0
 [07/05/21] - [11"40'22] Movimento n. 2021-00000012: SCARTATO
 [07/05/21] - [11"40'22] Movimento n. 2021-00000013: SCARTATO
 [07/05/21] - [11"40'22] Movimento n. 2021-00000015: SCARTATO
 [07/05/21] - [11"40'22] Movimento n. 2021-00000016: SCARTATO
 [07/05/21] - [11"40'22] Movimento n. 2021-00000017: PESO UTF 0
 [07/05/21] - [11"40'22] Movimento n. 2021-00000890: SCARTATO
 [07/05/21] - [11"40'22] Movimento n. 2021-00000891: SCARTATO
 [07/05/21] - [11"40'22] Movimento n. 2021-00000892: SCARTATO
 [07/05/21] - [11"40'22] Movimento n. 2021-00000893: SCARTATO
 [07/05/21] - [11"40'22] Movimento n. 2021-00000894: SCARTATO
 [07/05/21] - [11"40'22] Movimento n. 2021-00000895: SCARTATO
 [07/05/21] - [11"40'22] Movimento n. 2021-00000896: SCARTATO
 [07/05/21] - [11"40'22] Movimento n. 2021-00000897: PESO UTF 0
 [07/05/21] - [11"40'22] Movimento n. 2021-00000898: PESO UTF 0
 [07/05/21] - [11"40'22] Movimento n. 2021-00000899: PESO UTF 0
 [07/05/21] - [11"40'22] Movimento n. 2021-00000900: SCARTATO
 [07/05/21] - [11"40'22] Movimento n. 2021-00000901: TROVATO PESO UTF 00000019984200
 [07/05/21] - [11"40'22] SCRIVI TESTATA
 [07/05/21] - [11"40'23] CREA PDF
 [07/05/21] - [11"40'23] NomeFile: COMUNICAZIONE_AGENZIA_DELLE_DOGANE_DI_MILANO_3_CARICO_DEL_20210507_11402302
 [07/05/21] - [11"40'23] DestFile: f:\lubex\tmp\utf\
 [07/05/21] - [11"40'23] SCRITTURA RIGA
 [07/05/21] - [11"40'23] Movimento n. 2021-00000902: SCARTATO
 [07/05/21] - [11"40'23] Movimento n. 2021-00000903: SCARTATO
 [07/05/21] - [11"40'23] Movimento n. 2021-00000904: PESO UTF 0
 [07/05/21] - [11"40'23] Movimento n. 2021-00000905: PESO UTF 0
 [07/05/21] - [11"40'23] Movimento n. 2021-00000906: PESO UTF 0
 [07/05/21] - [11"40'23] Movimento n. 2021-00000907: SCARTATO
 [07/05/21] - [11"40'23] Movimento n. 2021-00000908: SCARTATO
 [07/05/21] - [11"40'23] Movimento n. 2021-00000909: SCARTATO
 [07/05/21] - [11"40'23] Movimento n. 2021-00000910: SCARTATO
 [07/05/21] - [11"40'23] Movimento n. 2021-00000911: PESO UTF 0
 [07/05/21] - [11"40'23] Movimento n. 2021-00000912: PESO UTF 0
 [07/05/21] - [11"40'23] Movimento n. 2021-00000913: PESO UTF 0
 [07/05/21] - [11"40'23] Movimento n. 2021-00000914: TROVATO PESO UTF 00000001005696
 [07/05/21] - [11"40'23] SCRITTURA RIGA
 [07/05/21] - [11"40'23] Movimento n. 2021-00000915: TROVATO PESO UTF 00000000102000
 [07/05/21] - [11"40'23] SCRITTURA RIGA
 [07/05/21] - [11"40'23] Movimento n. 2021-00000916: PESO UTF 0
 [07/05/21] - [11"40'23] Movimento n. 2021-00000917: TROVATO PESO UTF 00000001663920
 [07/05/21] - [11"40'23] SCRITTURA RIGA
 [07/05/21] - [11"40'23] Movimento n. 2021-00000918: PESO UTF 0
 [07/05/21] - [11"40'23] Movimento n. 2021-00000919: PESO UTF 0
 [07/05/21] - [11"40'23] Movimento n. 2021-00000920: PESO UTF 0
 [07/05/21] - [11"40'23] Movimento n. 2021-00000921: TROVATO PESO UTF 00000000145920
 [07/05/21] - [11"40'23] SCRITTURA RIGA
 [07/05/21] - [11"40'23] Movimento n. 2021-00000922: TROVATO PESO UTF 00000001132560
 [07/05/21] - [11"40'23] SCRITTURA RIGA
 [07/05/21] - [11"40'23] Movimento n. 2021-00000923: PESO UTF 0
 [07/05/21] - [11"40'23] Movimento n. 2021-00000924: PESO UTF 0
 [07/05/21] - [11"40'23] Movimento n. 2021-00000925: PESO UTF 0
 [07/05/21] - [11"40'23] Movimento n. 2021-00000926: PESO UTF 0
 [07/05/21] - [11"40'23] Movimento n. 2021-00000927: PESO UTF 0
 [07/05/21] - [11"40'23] Movimento n. 2021-00000928: PESO UTF 0
 [07/05/21] - [11"40'23] Movimento n. 2021-00000929: SCARTATO
 [07/05/21] - [11"40'23] Movimento n. 2021-00000930: SCARTATO
 [07/05/21] - [11"40'23] Movimento n. 2021-00000931: TROVATO PESO UTF 00000002110200
 [07/05/21] - [11"40'23] SCRITTURA RIGA
 [07/05/21] - [11"40'23] Movimento n. 2021-00000932: PESO UTF 0
 [07/05/21] - [11"40'23] Movimento n. 2021-00000933: PESO UTF 0
 [07/05/21] - [11"40'23] Movimento n. 2021-00000934: SCARTATO
 [07/05/21] - [11"40'23] Movimento n. 2021-00000935: SCARTATO
 [07/05/21] - [11"40'23] Movimento n. 2021-00000936: SCARTATO
 [07/05/21] - [11"40'23] Movimento n. 2021-00000937: SCARTATO
 [07/05/21] - [11"40'23] Movimento n. 2021-00000938: SCARTATO
 [07/05/21] - [11"40'23] Movimento n. 2021-00000939: SCARTATO
 [07/05/21] - [11"40'23] Movimento n. 2021-00000940: SCARTATO
 [07/05/21] - [11"40'23] Movimento n. 2021-00000941: PESO UTF 0
 [07/05/21] - [11"40'23] Movimento n. 2021-00000942: SCARTATO
 [07/05/21] - [11"40'23] Movimento n. 2021-00000943: SCARTATO
 [07/05/21] - [11"40'23] Movimento n. 2021-00000944: SCARTATO
 [07/05/21] - [11"40'23] Movimento n. 2021-00000945: SCARTATO
 [07/05/21] - [11"40'23] Movimento n. 2021-00000946: SCARTATO
 [07/05/21] - [11"40'23] Movimento n. 2021-00000947: SCARTATO
 [07/05/21] - [11"40'23] Movimento n. 2021-00000948: SCARTATO
 [07/05/21] - [11"40'23] Movimento n. 2021-00000949: SCARTATO
 [07/05/21] - [11"40'23] Movimento n. 2021-00000950: SCARTATO
 [07/05/21] - [11"40'23] Movimento n. 2021-00000951: SCARTATO
 [07/05/21] - [11"40'23] Movimento n. 2021-00000952: SCARTATO
 [07/05/21] - [11"40'23] Movimento n. 2021-00000953: PESO UTF 0
 [07/05/21] - [11"40'23] Movimento n. 2021-00000954: PESO UTF 0
 [07/05/21] - [11"40'23] Movimento n. 2021-00000955: PESO UTF 0
 [07/05/21] - [11"40'23] Movimento n. 2021-00000956: PESO UTF 0
 [07/05/21] - [11"40'23] Movimento n. 2021-00000957: TROVATO PESO UTF 00000000085000
 [07/05/21] - [11"40'23] SCRITTURA RIGA
 [07/05/21] - [11"40'23] Movimento n. 2021-00000958: PESO UTF 0
 [07/05/21] - [11"40'23] Movimento n. 2021-00000959: PESO UTF 0
 [07/05/21] - [11"40'23] Movimento n. 2021-00000960: PESO UTF 0
 [07/05/21] - [11"40'23] Movimento n. 2021-00000961: PESO UTF 0
 [07/05/21] - [11"40'23] Movimento n. 2021-00000962: SCARTATO
 [07/05/21] - [11"40'23] Movimento n. 2021-00000963: SCARTATO
 [07/05/21] - [11"40'23] Movimento n. 2021-00000964: TROVATO PESO UTF 00000000539760
 [07/05/21] - [11"40'23] SCRITTURA RIGA
 [07/05/21] - [11"40'23] Movimento n. 2021-00000965: TROVATO PESO UTF 00000000495360
 [07/05/21] - [11"40'23] SCRITTURA RIGA
 [07/05/21] - [11"40'23] Movimento n. 2021-00000966: TROVATO PESO UTF 00000000495360
 [07/05/21] - [11"40'23] SCRITTURA RIGA
 [07/05/21] - [11"40'23] Movimento n. 2021-00000967: TROVATO PESO UTF 00000000498240
 [07/05/21] - [11"40'23] SCRITTURA RIGA
 [07/05/21] - [11"40'23] Movimento n. 2021-00000968: TROVATO PESO UTF 00000000501120
 [07/05/21] - [11"40'23] SCRITTURA RIGA
 [07/05/21] - [11"40'23] Movimento n. 2021-00000969: TROVATO PESO UTF 00000000979200
 [07/05/21] - [11"40'23] SCRITTURA RIGA
 [07/05/21] - [11"40'23] Movimento n. 2021-00000970: PESO UTF 0
 [07/05/21] - [11"40'23] Movimento n. 2021-00000971: PESO UTF 0
 [07/05/21] - [11"40'23] Movimento n. 2021-00000972: TROVATO PESO UTF 00000006771704
 [07/05/21] - [11"40'23] SCRITTURA RIGA
 [07/05/21] - [11"40'23] Movimento n. 2021-00000973: PESO UTF 0
 [07/05/21] - [11"40'23] Movimento n. 2021-00000974: PESO UTF 0
 [07/05/21] - [11"40'23] Movimento n. 2021-00000975: PESO UTF 0
 [07/05/21] - [11"40'23] Movimento n. 2021-00000976: PESO UTF 0
 [07/05/21] - [11"40'23] Movimento n. 2021-00000977: PESO UTF 0
 [07/05/21] - [11"40'23] Movimento n. 2021-00000978: SCARTATO
 [07/05/21] - [11"40'23] Movimento n. 2021-00000979: SCARTATO
 [07/05/21] - [11"40'23] Movimento n. 2021-00000980: TROVATO PESO UTF 00000000644880
 [07/05/21] - [11"40'23] SCRITTURA RIGA
 [07/05/21] - [11"40'23] Movimento n. 2021-00000981: SCARTATO
 [07/05/21] - [11"40'23] Movimento n. 2021-00000982: SCARTATO
 [07/05/21] - [11"40'23] Movimento n. 2021-00000983: SCARTATO
 [07/05/21] - [11"40'23] Movimento n. 2021-00000984: SCARTATO
 [07/05/21] - [11"40'23] Movimento n. 2021-00000985: PESO UTF 0
 [07/05/21] - [11"40'23] Movimento n. 2021-00000986: SCARTATO
 [07/05/21] - [11"40'23] Movimento n. 2021-00000987: PESO UTF 0
 [07/05/21] - [11"40'23] Movimento n. 2021-00000988: SCARTATO
 [07/05/21] - [11"40'23] Movimento n. 2021-00000989: SCARTATO
 [07/05/21] - [11"40'23] Movimento n. 2021-00000990: SCARTATO
 [07/05/21] - [11"40'23] Movimento n. 2021-00000991: SCARTATO
 [07/05/21] - [11"40'23] Movimento n. 2021-00000992: SCARTATO
 [07/05/21] - [11"40'23] Movimento n. 2021-00000993: SCARTATO
 [07/05/21] - [11"40'23] Movimento n. 2021-00000994: SCARTATO
 [07/05/21] - [11"40'23] Movimento n. 2021-00000995: PESO UTF 0
 [07/05/21] - [11"40'23] Movimento n. 2021-00000996: PESO UTF 0
 [07/05/21] - [11"40'23] Movimento n. 2021-00000997: PESO UTF 0
 [07/05/21] - [11"40'23] Movimento n. 2021-00000998: PESO UTF 0
 [07/05/21] - [11"40'23] Movimento n. 2021-00000999: TROVATO PESO UTF 00000000158400
 [07/05/21] - [11"40'23] SCRITTURA RIGA
 [07/05/21] - [11"40'23] Movimento n. 2021-00001000: PESO UTF 0
 [07/05/21] - [11"40'23] Movimento n. 2021-00001001: PESO UTF 0
 [07/05/21] - [11"40'23] Movimento n. 2021-00001002: PESO UTF 0
 [07/05/21] - [11"40'23] Movimento n. 2021-00001003: PESO UTF 0
 [07/05/21] - [11"40'23] Movimento n. 2021-00001004: SCARTATO
 [07/05/21] - [11"40'23] Movimento n. 2021-00001005: SCARTATO
 [07/05/21] - [11"40'23] Movimento n. 2021-00001006: SCARTATO
 [07/05/21] - [11"40'23] Movimento n. 2021-00001007: SCARTATO
 [07/05/21] - [11"40'23] Movimento n. 2021-00001008: SCARTATO
 [07/05/21] - [11"40'23] Movimento n. 2021-00001009: SCARTATO
 [07/05/21] - [11"40'23] Movimento n. 2021-00001010: SCARTATO
 [07/05/21] - [11"40'23] Movimento n. 2021-00001011: SCARTATO
 [07/05/21] - [11"40'23] Movimento n. 2021-00001012: SCARTATO
 [07/05/21] - [11"40'23] Movimento n. 2021-00001014: TROVATO PESO UTF 00000000173600
 [07/05/21] - [11"40'23] SCRITTURA RIGA
 [07/05/21] - [11"40'23] Movimento n. 2021-00001015: TROVATO PESO UTF 00000000270816
 [07/05/21] - [11"40'23] SCRITTURA RIGA
 [07/05/21] - [11"40'23] Movimento n. 2021-00001016: TROVATO PESO UTF 00000000051000
 [07/05/21] - [11"40'23] SCRITTURA RIGA
 [07/05/21] - [11"40'23] Movimento n. 2021-00001017: TROVATO PESO UTF 00000000555520
 [07/05/21] - [11"40'23] SCRITTURA RIGA
 [07/05/21] - [11"40'23] Movimento n. 2021-00001018: TROVATO PESO UTF 00000000777520
 [07/05/21] - [11"40'23] SCRITTURA RIGA
 [07/05/21] - [11"40'23] Movimento n. 2021-00001019: TROVATO PESO UTF 00000005631720
 [07/05/21] - [11"40'23] SCRITTURA RIGA
 [07/05/21] - [11"40'23] Movimento n. 2021-00001020: TROVATO PESO UTF 00000014932944
 [07/05/21] - [11"40'23] SCRITTURA RIGA
 [07/05/21] - [11"40'23] Movimento n. 2021-00001021: SCARTATO
 [07/05/21] - [11"40'23] Movimento n. 2021-00001022: SCARTATO
 [07/05/21] - [11"40'23] Movimento n. 2021-00001023: SCARTATO
 [07/05/21] - [11"40'23] Movimento n. 2021-00001024: TROVATO PESO UTF 00000000423840
 [07/05/21] - [11"40'23] SCRITTURA RIGA
 [07/05/21] - [11"40'23] Movimento n. 2021-00001576: SCARTATO
 [07/05/21] - [11"40'23] Movimento n. 2021-00001577: SCARTATO
 [07/05/21] - [11"40'23] Movimento n. 2021-00001578: SCARTATO
 [07/05/21] - [11"40'23] Movimento n. 2021-00001579: SCARTATO
 [07/05/21] - [11"40'23] Movimento n. 2021-00001580: SCARTATO
 [07/05/21] - [11"40'23] Movimento n. 2021-00001581: SCARTATO
 [07/05/21] - [11"40'23] Movimento n. 2021-00001582: SCARTATO
 [07/05/21] - [11"40'23] Movimento n. 2021-00001583: SCARTATO
 [07/05/21] - [11"40'23] Movimento n. 2021-00001584: SCARTATO
 [07/05/21] - [11"40'23] Movimento n. 2021-00001585: TROVATO PESO UTF 00000000626400
 [07/05/21] - [11"40'23] SCRITTURA RIGA
 [07/05/21] - [11"40'23] Movimento n. 2021-00001586: SCARTATO
 [07/05/21] - [11"40'23] Movimento n. 2021-00001587: SCARTATO
 [07/05/21] - [11"40'23] Movimento n. 2021-00001588: SCARTATO
 [07/05/21] - [11"40'23] Movimento n. 2021-00002310: SCARTATO
 [07/05/21] - [11"40'23] Movimento n. 2021-00002311: SCARTATO
 [07/05/21] - [11"40'23] Movimento n. 2021-00002312: SCARTATO
 [07/05/21] - [11"40'23] Movimento n. 2021-00002313: SCARTATO
 [07/05/21] - [11"40'23] Movimento n. 2021-00002314: SCARTATO
 [07/05/21] - [11"40'23] Movimento n. 2021-00002315: SCARTATO
 [07/05/21] - [11"40'23] Movimento n. 2021-00002316: SCARTATO
 [07/05/21] - [11"40'23] Movimento n. 2021-00002317: SCARTATO
 [07/05/21] - [11"40'23] Movimento n. 2021-00002318: SCARTATO
 [07/05/21] - [11"40'23] Movimento n. 2021-00002319: SCARTATO
 [07/05/21] - [11"40'23] Movimento n. 2021-00002320: SCARTATO
 [07/05/21] - [11"40'23] Movimento n. 2021-00002321: SCARTATO
 [07/05/21] - [11"40'23] Movimento n. 2021-00002322: SCARTATO
 [07/05/21] - [11"40'23] Movimento n. 2021-00002323: SCARTATO
 [07/05/21] - [11"40'23] Movimento n. 2021-00002324: SCARTATO
 [07/05/21] - [11"40'23] Movimento n. 2021-00002325: SCARTATO
 [07/05/21] - [11"40'23] Movimento n. 2021-00002326: SCARTATO
 [07/05/21] - [11"40'23] Movimento n. 2021-00002327: SCARTATO
 [07/05/21] - [11"40'23] Movimento n. 2021-00002328: SCARTATO
 [07/05/21] - [11"40'23] Movimento n. 2021-00002329: SCARTATO
 [07/05/21] - [11"40'23] Movimento n. 2021-00002330: SCARTATO
 [07/05/21] - [11"40'23] Movimento n. 2021-00002331: SCARTATO
 [07/05/21] - [11"40'23] Movimento n. 2021-00002332: SCARTATO
 [07/05/21] - [11"40'23] Movimento n. 2021-00002333: SCARTATO
 [07/05/21] - [11"40'23] Movimento n. 2021-00002334: SCARTATO
 [07/05/21] - [11"40'23] Movimento n. 2021-00002335: SCARTATO
 [07/05/21] - [11"40'23] Movimento n. 2021-00002336: SCARTATO
 [07/05/21] - [11"40'23] Movimento n. 2021-00002337: SCARTATO
 [07/05/21] - [11"40'23] Movimento n. 2021-00002338: SCARTATO
 [07/05/21] - [11"40'23] Movimento n. 2021-00002339: SCARTATO
 [07/05/21] - [11"40'23] Movimento n. 2021-00002340: SCARTATO
 [07/05/21] - [11"40'23] Movimento n. 2021-00002341: SCARTATO
 [07/05/21] - [11"40'23] Movimento n. 2021-00002342: SCARTATO
 [07/05/21] - [11"40'23] Movimento n. 2021-00002343: SCARTATO
 [07/05/21] - [11"40'23] Movimento n. 2021-00002344: SCARTATO
 [07/05/21] - [11"40'23] Movimento n. 2021-00002345: SCARTATO
 [07/05/21] - [11"40'23] Movimento n. 2021-00002346: SCARTATO
 [07/05/21] - [11"40'23] Movimento n. 2021-00002347: SCARTATO
 [07/05/21] - [11"40'23] Movimento n. 2021-00002348: SCARTATO
 [07/05/21] - [11"40'23] Movimento n. 2021-00002349: SCARTATO
 [07/05/21] - [11"40'23] Movimento n. 2021-00002350: SCARTATO
 [07/05/21] - [11"40'23] Movimento n. 2021-00002351: SCARTATO
 [07/05/21] - [11"40'23] Movimento n. 2021-00002352: SCARTATO
 [07/05/21] - [11"40'23] Movimento n. 2021-00002353: SCARTATO
 [07/05/21] - [11"40'23] Movimento n. 2021-00002354: SCARTATO
 [07/05/21] - [11"40'23] Movimento n. 2021-00002355: SCARTATO
 [07/05/21] - [11"40'23] Movimento n. 2021-00002356: SCARTATO
 [07/05/21] - [11"40'23] Movimento n. 2021-00002357: SCARTATO
 [07/05/21] - [11"40'23] Movimento n. 2021-00002358: SCARTATO
 [07/05/21] - [11"40'23] Movimento n. 2021-00002359: SCARTATO
 [07/05/21] - [11"40'23] Movimento n. 2021-00002360: SCARTATO
 [07/05/21] - [11"40'23] Movimento n. 2021-00002361: SCARTATO
 [07/05/21] - [11"40'23] Movimento n. 2021-00002362: SCARTATO
 [07/05/21] - [11"40'23] Movimento n. 2021-00002363: SCARTATO
 [07/05/21] - [11"40'23] Movimento n. 2021-00002364: SCARTATO
 [07/05/21] - [11"40'23] Movimento n. 2021-00002365: SCARTATO
 [07/05/21] - [11"40'23] Movimento n. 2021-00002366: SCARTATO
 [07/05/21] - [11"40'23] Movimento n. 2021-00002367: SCARTATO
 [07/05/21] - [11"40'23] Movimento n. 2021-00002368: SCARTATO
 [07/05/21] - [11"40'23] Movimento n. 2021-00002369: SCARTATO
 [07/05/21] - [11"40'23] Movimento n. 2021-00002370: SCARTATO
 [07/05/21] - [11"40'23] Movimento n. 2021-00002371: SCARTATO
 [07/05/21] - [11"40'23] Movimento n. 2021-00002372: SCARTATO
 [07/05/21] - [11"40'23] Movimento n. 2021-00002373: SCARTATO
 [07/05/21] - [11"40'23] Movimento n. 2021-00002374: SCARTATO
 [07/05/21] - [11"40'23] Movimento n. 2021-00002375: SCARTATO
 [07/05/21] - [11"40'23] Movimento n. 2021-00002376: SCARTATO
 [07/05/21] - [11"40'23] Movimento n. 2021-00002377: SCARTATO
 [07/05/21] - [11"40'23] Movimento n. 2021-00002378: SCARTATO
 [07/05/21] - [11"40'23] Movimento n. 2021-00002379: SCARTATO
 [07/05/21] - [11"40'23] Movimento n. 2021-00002380: SCARTATO
 [07/05/21] - [11"40'23] Movimento n. 2021-00002381: SCARTATO
 [07/05/21] - [11"40'23] Movimento n. 2021-00002382: SCARTATO
 [07/05/21] - [11"40'23] Movimento n. 2021-00002383: SCARTATO
 [07/05/21] - [11"40'23] Movimento n. 2021-00002384: SCARTATO
 [07/05/21] - [11"40'23] Movimento n. 2021-00002385: SCARTATO
 [07/05/21] - [11"40'23] Movimento n. 2021-00002386: SCARTATO
 [07/05/21] - [11"40'23] Movimento n. 2021-00002387: SCARTATO
 [07/05/21] - [11"40'23] Movimento n. 2021-00002388: SCARTATO
 [07/05/21] - [11"40'23] Movimento n. 2021-00002389: SCARTATO
 [07/05/21] - [11"40'23] Movimento n. 2021-00002390: SCARTATO
 [07/05/21] - [11"40'23] Movimento n. 2021-00002391: SCARTATO
 [07/05/21] - [11"40'23] Movimento n. 2021-00002392: SCARTATO
 [07/05/21] - [11"40'23] Movimento n. 2021-00002393: SCARTATO
 [07/05/21] - [11"40'23] Movimento n. 2021-00002394: SCARTATO
 [07/05/21] - [11"40'23] Movimento n. 2021-00002395: SCARTATO
 [07/05/21] - [11"40'23] Movimento n. 2021-00002396: SCARTATO
 [07/05/21] - [11"40'23] Movimento n. 2021-00002397: SCARTATO
 [07/05/21] - [11"40'23] Movimento n. 2021-00002398: SCARTATO
 [07/05/21] - [11"40'23] Movimento n. 2021-00002399: SCARTATO
 [07/05/21] - [11"40'23] Movimento n. 2021-00002400: SCARTATO
 [07/05/21] - [11"40'23] Movimento n. 2021-00002401: SCARTATO
 [07/05/21] - [11"40'23] Movimento n. 2021-00002402: SCARTATO
 [07/05/21] - [11"40'23] Movimento n. 2021-00002403: SCARTATO
 [07/05/21] - [11"40'23] Movimento n. 2021-00002404: SCARTATO
 [07/05/21] - [11"40'23] Movimento n. 2021-00002405: SCARTATO
 [07/05/21] - [11"40'23] Movimento n. 2021-00002406: SCARTATO
 [07/05/21] - [11"40'23] Movimento n. 2021-00002407: SCARTATO
 [07/05/21] - [11"40'23] Movimento n. 2021-00002408: SCARTATO
 [07/05/21] - [11"40'23] Movimento n. 2021-00002409: SCARTATO
 [07/05/21] - [11"40'23] Movimento n. 2021-00002410: SCARTATO
 [07/05/21] - [11"40'23] Movimento n. 2021-00002411: SCARTATO
 [07/05/21] - [11"40'23] Movimento n. 2021-00002412: SCARTATO
 [07/05/21] - [11"40'23] Movimento n. 2021-00002413: SCARTATO
 [07/05/21] - [11"40'23] Movimento n. 2021-00002414: SCARTATO
 [07/05/21] - [11"40'23] Movimento n. 2021-00002415: SCARTATO
 [07/05/21] - [11"40'23] Movimento n. 2021-00002416: SCARTATO
 [07/05/21] - [11"40'23] Movimento n. 2021-00002417: SCARTATO
 [07/05/21] - [11"40'23] Movimento n. 2021-00002418: SCARTATO
 [07/05/21] - [11"40'23] Movimento n. 2021-00002419: SCARTATO
 [07/05/21] - [11"40'23] Movimento n. 2021-00002420: SCARTATO
 [07/05/21] - [11"40'23] Movimento n. 2021-00002421: SCARTATO
 [07/05/21] - [11"40'23] Movimento n. 2021-00002422: SCARTATO
 [07/05/21] - [11"40'23] Movimento n. 2021-00002544: SCARTATO
 [07/05/21] - [11"40'23] Movimento n. 2021-00002545: SCARTATO
 [07/05/21] - [11"40'23] Movimento n. 2021-00002546: SCARTATO
 [07/05/21] - [11"40'23] Movimento n. 2021-00002547: SCARTATO
 [07/05/21] - [11"40'23] Movimento n. 2021-00002548: SCARTATO
 [07/05/21] - [11"40'23] Movimento n. 2021-00002549: SCARTATO
 [07/05/21] - [11"40'23] Movimento n. 2021-00002550: SCARTATO
 [07/05/21] - [11"40'23] Movimento n. 2021-00002551: SCARTATO
 [07/05/21] - [11"40'23] Movimento n. 2021-00002552: SCARTATO
 [07/05/21] - [11"40'23] Movimento n. 2021-00002553: SCARTATO
 [07/05/21] - [11"40'23] Movimento n. 2021-00002554: SCARTATO
 [07/05/21] - [11"40'23] Movimento n. 2021-00002555: SCARTATO
 [07/05/21] - [11"40'23] Movimento n. 2021-00002556: SCARTATO
 [07/05/21] - [11"40'23] Movimento n. 2021-00002557: SCARTATO
 [07/05/21] - [11"40'23] Movimento n. 2021-00002558: SCARTATO
 [07/05/21] - [11"40'23] Movimento n. 2021-00002559: SCARTATO
 [07/05/21] - [11"40'23] Movimento n. 2021-00002560: SCARTATO
 [07/05/21] - [11"40'23] Movimento n. 2021-00002561: SCARTATO
 [07/05/21] - [11"40'23] Movimento n. 2021-00002562: SCARTATO
 [07/05/21] - [11"40'23] Movimento n. 2021-00002563: SCARTATO
 [07/05/21] - [11"40'23] Movimento n. 2021-00002564: SCARTATO
 [07/05/21] - [11"40'23] Movimento n. 2021-00002565: SCARTATO
 [07/05/21] - [11"40'23] Movimento n. 2021-00002566: SCARTATO
 [07/05/21] - [11"40'23] Movimento n. 2021-00002567: SCARTATO
 [07/05/21] - [11"40'23] Movimento n. 2021-00002568: SCARTATO
 [07/05/21] - [11"40'23] Movimento n. 2021-00002569: SCARTATO
 [07/05/21] - [11"40'23] Movimento n. 2021-00002570: SCARTATO
 [07/05/21] - [11"40'23] Movimento n. 2021-00002571: SCARTATO
 [07/05/21] - [11"40'23] Movimento n. 2021-00002572: SCARTATO
 [07/05/21] - [11"40'23] Movimento n. 2021-00002573: SCARTATO
 [07/05/21] - [11"40'23] Movimento n. 2021-00002574: SCARTATO
 [07/05/21] - [11"40'23] Movimento n. 2021-00002575: SCARTATO
 [07/05/21] - [11"40'23] Movimento n. 2021-00002576: SCARTATO
 [07/05/21] - [11"40'23] Movimento n. 2021-00002577: SCARTATO
 [07/05/21] - [11"40'23] Movimento n. 2021-00002578: SCARTATO
 [07/05/21] - [11"40'23] Movimento n. 2021-00002579: SCARTATO
 [07/05/21] - [11"40'23] Movimento n. 2021-00002580: SCARTATO
 [07/05/21] - [11"40'23] Movimento n. 2021-00002581: SCARTATO
 [07/05/21] - [11"40'23] Movimento n. 2021-00002582: SCARTATO
 [07/05/21] - [11"40'23] Movimento n. 2021-00002583: SCARTATO
 [07/05/21] - [11"40'23] Movimento n. 2021-00002584: SCARTATO
 [07/05/21] - [11"40'23] Movimento n. 2021-00002585: SCARTATO
 [07/05/21] - [11"40'23] Movimento n. 2021-00002586: SCARTATO
 [07/05/21] - [11"40'23] Movimento n. 2021-00002587: SCARTATO
 [07/05/21] - [11"40'23] Movimento n. 2021-00002588: SCARTATO
 [07/05/21] - [11"40'23] Movimento n. 2021-00002589: SCARTATO
 [07/05/21] - [11"40'23] Movimento n. 2021-00002989: SCARTATO
 [07/05/21] - [11"40'23] Movimento n. 2021-00002990: SCARTATO
 [07/05/21] - [11"40'23] Movimento n. 2021-00002991: SCARTATO
 [07/05/21] - [11"40'23] Movimento n. 2021-00002992: SCARTATO
 [07/05/21] - [11"40'23] Movimento n. 2021-00002993: SCARTATO
 [07/05/21] - [11"40'23] Movimento n. 2021-00003020: SCARTATO
 [07/05/21] - [11"40'23] Movimento n. 2021-00003021: SCARTATO
 [07/05/21] - [11"40'23] Movimento n. 2021-00003022: SCARTATO
 [07/05/21] - [11"40'23] Movimento n. 2021-00003023: SCARTATO
 [07/05/21] - [11"40'23] Movimento n. 2021-00003024: SCARTATO
 [07/05/21] - [11"40'23] Movimento n. 2021-00003025: SCARTATO
 [07/05/21] - [11"40'23] Movimento n. 2021-00003026: SCARTATO
 [07/05/21] - [11"40'23] Movimento n. 2021-00003027: SCARTATO
 [07/05/21] - [11"40'23] Movimento n. 2021-00003028: SCARTATO
 [07/05/21] - [11"40'23] Movimento n. 2021-00003029: SCARTATO
 [07/05/21] - [11"40'23] Movimento n. 2021-00003030: SCARTATO
 [07/05/21] - [11"40'23] Movimento n. 2021-00003031: SCARTATO
 [07/05/21] - [11"40'23] Movimento n. 2021-00003032: SCARTATO
 [07/05/21] - [11"40'23] Movimento n. 2021-00003033: SCARTATO
 [07/05/21] - [11"40'23] Movimento n. 2021-00003034: SCARTATO
 [07/05/21] - [11"40'23] Movimento n. 2021-00003035: SCARTATO
 [07/05/21] - [11"40'23] Movimento n. 2021-00003036: SCARTATO
 [07/05/21] - [11"40'23] Movimento n. 2021-00003037: SCARTATO
 [07/05/21] - [11"40'23] Movimento n. 2021-00003038: SCARTATO
 [07/05/21] - [11"40'23] Movimento n. 2021-00003039: SCARTATO
 [07/05/21] - [11"40'23] Movimento n. 2021-00003040: SCARTATO
 [07/05/21] - [11"40'23] Movimento n. 2021-00003041: SCARTATO
 [07/05/21] - [11"40'23] Movimento n. 2021-00003042: SCARTATO
 [07/05/21] - [11"40'23] Movimento n. 2021-00003043: SCARTATO
 [07/05/21] - [11"40'23] Movimento n. 2021-00003044: SCARTATO
 [07/05/21] - [11"40'23] Movimento n. 2021-00003045: SCARTATO
 [07/05/21] - [11"40'23] Movimento n. 2021-00003046: SCARTATO
 [07/05/21] - [11"40'23] Movimento n. 2021-00003047: SCARTATO
 [07/05/21] - [11"40'23] Movimento n. 2021-00003048: SCARTATO
 [07/05/21] - [11"40'23] Movimento n. 2021-00003049: SCARTATO
 [07/05/21] - [11"40'23] Movimento n. 2021-00003050: SCARTATO
 [07/05/21] - [11"40'23] Movimento n. 2021-00003051: SCARTATO
 [07/05/21] - [11"40'23] Movimento n. 2021-00003052: SCARTATO
 [07/05/21] - [11"40'23] Movimento n. 2021-00003053: SCARTATO
 [07/05/21] - [11"40'23] Movimento n. 2021-00003054: SCARTATO
 [07/05/21] - [11"40'23] Movimento n. 2021-00003055: SCARTATO
 [07/05/21] - [11"40'23] Movimento n. 2021-00003056: SCARTATO
 [07/05/21] - [11"40'23] Movimento n. 2021-00003057: SCARTATO
 [07/05/21] - [11"40'23] Movimento n. 2021-00003058: SCARTATO
 [07/05/21] - [11"40'23] Movimento n. 2021-00003059: SCARTATO
 [07/05/21] - [11"40'23] Movimento n. 2021-00003060: SCARTATO
 [07/05/21] - [11"40'23] Movimento n. 2021-00003061: SCARTATO
 [07/05/21] - [11"40'23] Movimento n. 2021-00003062: SCARTATO
 [07/05/21] - [11"40'23] Movimento n. 2021-00003063: SCARTATO
 [07/05/21] - [11"40'23] Movimento n. 2021-00003064: SCARTATO
 [07/05/21] - [11"40'23] Movimento n. 2021-00003065: SCARTATO
 [07/05/21] - [11"40'23] Movimento n. 2021-00003066: SCARTATO
 [07/05/21] - [11"40'23] Movimento n. 2021-00003067: SCARTATO
 [07/05/21] - [11"40'23] Movimento n. 2021-00003068: SCARTATO
 [07/05/21] - [11"40'23] Movimento n. 2021-00003069: SCARTATO
 [07/05/21] - [11"40'23] Movimento n. 2021-00003070: SCARTATO
 [07/05/21] - [11"40'23] Movimento n. 2021-00003071: SCARTATO
 [07/05/21] - [11"40'23] Movimento n. 2021-00003072: SCARTATO
 [07/05/21] - [11"40'23] Movimento n. 2021-00003073: SCARTATO
 [07/05/21] - [11"40'23] Movimento n. 2021-00003074: SCARTATO
 [07/05/21] - [11"40'23] Movimento n. 2021-00003075: SCARTATO
 [07/05/21] - [11"40'23] Movimento n. 2021-00003076: SCARTATO
 [07/05/21] - [11"40'23] Movimento n. 2021-00003077: SCARTATO
 [07/05/21] - [11"40'23] Movimento n. 2021-00003078: SCARTATO
 [07/05/21] - [11"40'23] Movimento n. 2021-00003079: SCARTATO
 [07/05/21] - [11"40'23] Movimento n. 2021-00003080: SCARTATO
 [07/05/21] - [11"40'23] Movimento n. 2021-00003081: SCARTATO
 [07/05/21] - [11"40'23] Movimento n. 2021-00003082: SCARTATO
 [07/05/21] - [11"40'23] Movimento n. 2021-00003083: SCARTATO
 [07/05/21] - [11"40'23] Movimento n. 2021-00003084: SCARTATO
 [07/05/21] - [11"40'23] Movimento n. 2021-00003085: SCARTATO
 [07/05/21] - [11"40'23] Movimento n. 2021-00003086: SCARTATO
 [07/05/21] - [11"40'23] Movimento n. 2021-00003087: SCARTATO
 [07/05/21] - [11"40'23] Movimento n. 2021-00003088: SCARTATO
 [07/05/21] - [11"40'23] Movimento n. 2021-00003141: SCARTATO
 [07/05/21] - [11"40'23] Movimento n. 2021-00003142: SCARTATO
 [07/05/21] - [11"40'23] Movimento n. 2021-00003143: SCARTATO
 [07/05/21] - [11"40'23] Movimento n. 2021-00003158: SCARTATO
 [07/05/21] - [11"40'23] Movimento n. 2021-00003723: SCARTATO
 [07/05/21] - [11"40'23] Movimento n. 2021-00003724: SCARTATO
 [07/05/21] - [11"40'23] Movimento n. 2021-00003725: SCARTATO
 [07/05/21] - [11"40'23] Movimento n. 2021-00003726: SCARTATO
 [07/05/21] - [11"40'23] Movimento n. 2021-00003727: SCARTATO
 [07/05/21] - [11"40'23] Movimento n. 2021-00003728: SCARTATO
 [07/05/21] - [11"40'23] Movimento n. 2021-00003729: SCARTATO
 [07/05/21] - [11"40'23] Movimento n. 2021-00003730: SCARTATO
 [07/05/21] - [11"40'23] Movimento n. 2021-00003731: SCARTATO
 [07/05/21] - [11"40'23] Movimento n. 2021-00003732: SCARTATO
 [07/05/21] - [11"40'23] Movimento n. 2021-00003733: SCARTATO
 [07/05/21] - [11"40'23] Movimento n. 2021-00003734: SCARTATO
 [07/05/21] - [11"40'23] Movimento n. 2021-00003741: SCARTATO
 [07/05/21] - [11"40'23] Movimento n. 2021-00003743: SCARTATO
 [07/05/21] - [11"40'23] Movimento n. 2021-00003744: SCARTATO
 [07/05/21] - [11"40'23] Movimento n. 2021-00003948: PESO UTF 0
 [07/05/21] - [11"40'23] Movimento n. 2021-00003949: PESO UTF 0
 [07/05/21] - [11"40'23] Movimento n. 2021-00003950: TROVATO PESO UTF 00000000178696
 [07/05/21] - [11"40'23] SCRITTURA RIGA
 [07/05/21] - [11"40'23] Movimento n. 2021-00003951: TROVATO PESO UTF 00000000037980
 [07/05/21] - [11"40'23] SCRITTURA RIGA
 [07/05/21] - [11"40'23] Movimento n. 2021-00003952: TROVATO PESO UTF 00000004018176
 [07/05/21] - [11"40'23] SCRITTURA RIGA
 [07/05/21] - [11"40'23] Movimento n. 2021-00003953: TROVATO PESO UTF 00000013530240
 [07/05/21] - [11"40'23] SCRITTURA RIGA
 [07/05/21] - [11"40'23] Movimento n. 2021-00003954: SCARTATO
 [07/05/21] - [11"40'23] Movimento n. 2021-00003955: TROVATO PESO UTF 00000000668312
 [07/05/21] - [11"40'23] SCRITTURA RIGA
 [07/05/21] - [11"40'23] Movimento n. 2021-00003956: SCARTATO
 [07/05/21] - [11"40'23] Movimento n. 2021-00003957: TROVATO PESO UTF 00000001561800
 [07/05/21] - [11"40'23] SCRITTURA RIGA
 [07/05/21] - [11"40'23] Movimento n. 2021-00003958: PESO UTF 0
 [07/05/21] - [11"40'23] Movimento n. 2021-00003959: PESO UTF 0
 [07/05/21] - [11"40'23] Movimento n. 2021-00003960: PESO UTF 0
 [07/05/21] - [11"40'23] Movimento n. 2021-00003961: PESO UTF 0
 [07/05/21] - [11"40'23] Movimento n. 2021-00003962: PESO UTF 0
 [07/05/21] - [11"40'23] Movimento n. 2021-00003963: PESO UTF 0
 [07/05/21] - [11"40'23] Movimento n. 2021-00003964: PESO UTF 0
 [07/05/21] - [11"40'23] Movimento n. 2021-00003965: PESO UTF 0
 [07/05/21] - [11"40'23] Movimento n. 2021-00003966: TROVATO PESO UTF 00000005580480
 [07/05/21] - [11"40'23] SCRITTURA RIGA
 [07/05/21] - [11"40'23] Movimento n. 2021-00003967: TROVATO PESO UTF 00000011274048
 [07/05/21] - [11"40'23] SCRITTURA RIGA
 [07/05/21] - [11"40'23] Movimento n. 2021-00003968: PESO UTF 0
 [07/05/21] - [11"40'23] Movimento n. 2021-00003969: PESO UTF 0
 [07/05/21] - [11"40'23] Movimento n. 2021-00003970: PESO UTF 0
 [07/05/21] - [11"40'23] Movimento n. 2021-00003971: SCARTATO
 [07/05/21] - [11"40'23] Movimento n. 2021-00003972: TROVATO PESO UTF 00000001717880
 [07/05/21] - [11"40'23] SCRITTURA RIGA
 [07/05/21] - [11"40'23] Movimento n. 2021-00003973: PESO UTF 0
 [07/05/21] - [11"40'23] Movimento n. 2021-00003974: PESO UTF 0
 [07/05/21] - [11"40'23] Movimento n. 2021-00003975: PESO UTF 0
 [07/05/21] - [11"40'23] Movimento n. 2021-00003976: PESO UTF 0
 [07/05/21] - [11"40'23] Movimento n. 2021-00003977: PESO UTF 0
 [07/05/21] - [11"40'23] Movimento n. 2021-00003978: TROVATO PESO UTF 00000012610800
 [07/05/21] - [11"40'23] SCRITTURA RIGA
 [07/05/21] - [11"40'23] Movimento n. 2021-00003979: TROVATO PESO UTF 00000012610800
 [07/05/21] - [11"40'23] SCRITTURA RIGA
 [07/05/21] - [11"40'23] Movimento n. 2021-00003980: PESO UTF 0
 [07/05/21] - [11"40'23] Movimento n. 2021-00003981: SCARTATO
 [07/05/21] - [11"40'23] Movimento n. 2021-00003982: SCARTATO
 [07/05/21] - [11"40'23] Movimento n. 2021-00003983: SCARTATO
 [07/05/21] - [11"40'23] Movimento n. 2021-00003984: TROVATO PESO UTF 00000000033880
 [07/05/21] - [11"40'23] SCRITTURA RIGA
 [07/05/21] - [11"40'23] Movimento n. 2021-00003985: SCARTATO
 [07/05/21] - [11"40'23] Movimento n. 2021-00003986: SCARTATO
 [07/05/21] - [11"40'23] Movimento n. 2021-00003987: SCARTATO
 [07/05/21] - [11"40'23] Movimento n. 2021-00003988: SCARTATO
 [07/05/21] - [11"40'23] Movimento n. 2021-00003989: SCARTATO
 [07/05/21] - [11"40'23] Movimento n. 2021-00003990: PESO UTF 0
 [07/05/21] - [11"40'23] Movimento n. 2021-00003991: SCARTATO
 [07/05/21] - [11"40'23] Movimento n. 2021-00003992: PESO UTF 0
 [07/05/21] - [11"40'23] Movimento n. 2021-00003993: PESO UTF 0
 [07/05/21] - [11"40'23] Movimento n. 2021-00003994: TROVATO PESO UTF 00000018447660
 [07/05/21] - [11"40'23] SCRITTURA RIGA
 [07/05/21] - [11"40'23] Movimento n. 2021-00003995: SCARTATO
 [07/05/21] - [11"40'23] Movimento n. 2021-00003996: SCARTATO
 [07/05/21] - [11"40'23] Movimento n. 2021-00003997: SCARTATO
 [07/05/21] - [11"40'23] Movimento n. 2021-00003998: SCARTATO
 [07/05/21] - [11"40'23] Movimento n. 2021-00003999: PESO UTF 0
 [07/05/21] - [11"40'23] Movimento n. 2021-00004000: PESO UTF 0
 [07/05/21] - [11"40'23] Movimento n. 2021-00004001: PESO UTF 0
 [07/05/21] - [11"40'23] Movimento n. 2021-00004002: PESO UTF 0
 [07/05/21] - [11"40'23] Movimento n. 2021-00004003: PESO UTF 0
 [07/05/21] - [11"40'23] Movimento n. 2021-00004004: TROVATO PESO UTF 00000000264000
 [07/05/21] - [11"40'23] SCRITTURA RIGA
 [07/05/21] - [11"40'23] Movimento n. 2021-00004005: TROVATO PESO UTF 00000010226304
 [07/05/21] - [11"40'23] SCRITTURA RIGA
 [07/05/21] - [11"40'23] Movimento n. 2021-00004006: PESO UTF 0
 [07/05/21] - [11"40'23] Movimento n. 2021-00004007: PESO UTF 0
 [07/05/21] - [11"40'23] Movimento n. 2021-00004008: SCARTATO
 [07/05/21] - [11"40'23] Movimento n. 2021-00004009: SCARTATO
 [07/05/21] - [11"40'23] Movimento n. 2021-00004010: SCARTATO
 [07/05/21] - [11"40'23] Movimento n. 2021-00004011: SCARTATO
 [07/05/21] - [11"40'23] Movimento n. 2021-00004012: SCARTATO
 [07/05/21] - [11"40'23] Movimento n. 2021-00004013: SCARTATO
 [07/05/21] - [11"40'23] Movimento n. 2021-00004014: SCARTATO
 [07/05/21] - [11"40'23] Movimento n. 2021-00004015: SCARTATO
 [07/05/21] - [11"40'23] Movimento n. 2021-00004016: PESO UTF 0
 [07/05/21] - [11"40'23] Movimento n. 2021-00004017: PESO UTF 0
 [07/05/21] - [11"40'23] Movimento n. 2021-00004018: TROVATO PESO UTF 00000000079650
 [07/05/21] - [11"40'23] SCRITTURA RIGA
 [07/05/21] - [11"40'23] Movimento n. 2021-00004019: TROVATO PESO UTF 00000000135200
 [07/05/21] - [11"40'23] SCRITTURA RIGA
 [07/05/21] - [11"40'23] Movimento n. 2021-00004020: TROVATO PESO UTF 00000001079456
 [07/05/21] - [11"40'23] SCRITTURA RIGA
 [07/05/21] - [11"40'23] Movimento n. 2021-00004021: TROVATO PESO UTF 00000001223040
 [07/05/21] - [11"40'23] SCRITTURA RIGA
 [07/05/21] - [11"40'23] Movimento n. 2021-00004022: TROVATO PESO UTF 00000012127968
 [07/05/21] - [11"40'23] SCRITTURA RIGA
 [07/05/21] - [11"40'23] Movimento n. 2021-00004023: PESO UTF 0
 [07/05/21] - [11"40'23] Movimento n. 2021-00004024: SCARTATO
 [07/05/21] - [11"40'23] Movimento n. 2021-00004025: SCARTATO
 [07/05/21] - [11"40'23] Movimento n. 2021-00004026: SCARTATO
 [07/05/21] - [11"40'23] Movimento n. 2021-00004027: SCARTATO
 [07/05/21] - [11"40'23] Movimento n. 2021-00004028: PESO UTF 0
 [07/05/21] - [11"40'23] Movimento n. 2021-00004029: PESO UTF 0
 [07/05/21] - [11"40'23] Movimento n. 2021-00004030: PESO UTF 0
 [07/05/21] - [11"40'23] Movimento n. 2021-00004031: PESO UTF 0
 [07/05/21] - [11"40'23] Movimento n. 2021-00004032: SCARTATO
 [07/05/21] - [11"40'23] Movimento n. 2021-00004033: SCARTATO
 [07/05/21] - [11"40'23] Movimento n. 2021-00004034: SCARTATO
 [07/05/21] - [11"40'23] Movimento n. 2021-00004035: PESO UTF 0
 [07/05/21] - [11"40'23] Movimento n. 2021-00004036: PESO UTF 0
 [07/05/21] - [11"40'23] Movimento n. 2021-00004037: SCARTATO
 [07/05/21] - [11"40'23] Movimento n. 2021-00004038: SCARTATO
 [07/05/21] - [11"40'23] Movimento n. 2021-00004039: SCARTATO
 [07/05/21] - [11"40'23] Movimento n. 2021-00004040: SCARTATO
 [07/05/21] - [11"40'23] Movimento n. 2021-00004041: SCARTATO
 [07/05/21] - [11"40'23] Movimento n. 2021-00004042: SCARTATO
 [07/05/21] - [11"40'23] Movimento n. 2021-00004043: SCARTATO
 [07/05/21] - [11"40'23] Movimento n. 2021-00004044: SCARTATO
 [07/05/21] - [11"40'23] Movimento n. 2021-00004045: PESO UTF 0
 [07/05/21] - [11"40'23] Movimento n. 2021-00004046: PESO UTF 0
 [07/05/21] - [11"40'23] Movimento n. 2021-00004047: SCARTATO
 [07/05/21] - [11"40'23] Movimento n. 2021-00004048: PESO UTF 0
 [07/05/21] - [11"40'23] Movimento n. 2021-00004049: PESO UTF 0
 [07/05/21] - [11"40'23] Movimento n. 2021-00004050: PESO UTF 0
 [07/05/21] - [11"40'23] Movimento n. 2021-00004051: PESO UTF 0
 [07/05/21] - [11"40'23] Movimento n. 2021-00004052: SCARTATO
 [07/05/21] - [11"40'23] Movimento n. 2021-00004053: SCARTATO
 [07/05/21] - [11"40'23] Movimento n. 2021-00004054: SCARTATO
 [07/05/21] - [11"40'23] Movimento n. 2021-00004055: PESO UTF 0
 [07/05/21] - [11"40'23] Movimento n. 2021-00004056: TROVATO PESO UTF 00000000204540
 [07/05/21] - [11"40'23] SCRITTURA RIGA
 [07/05/21] - [11"40'23] Movimento n. 2021-00004057: SCARTATO
 [07/05/21] - [11"40'23] Movimento n. 2021-00004058: TROVATO PESO UTF 00000005504000
 [07/05/21] - [11"40'23] SCRITTURA RIGA
 [07/05/21] - [11"40'23] Movimento n. 2021-00004059: TROVATO PESO UTF 00000001094400
 [07/05/21] - [11"40'23] SCRITTURA RIGA
 [07/05/21] - [11"40'23] Movimento n. 2021-00004060: TROVATO PESO UTF 00000001393182
 [07/05/21] - [11"40'23] SCRITTURA RIGA
 [07/05/21] - [11"40'23] Movimento n. 2021-00004061: SCARTATO
 [07/05/21] - [11"40'23] Movimento n. 2021-00004062: SCARTATO
 [07/05/21] - [11"40'23] Movimento n. 2021-00004063: SCARTATO
 [07/05/21] - [11"40'23] Movimento n. 2021-00004064: SCARTATO
 [07/05/21] - [11"40'23] Movimento n. 2021-00004065: SCARTATO
 [07/05/21] - [11"40'23] Movimento n. 2021-00004066: SCARTATO
 [07/05/21] - [11"40'23] Movimento n. 2021-00004067: SCARTATO
 [07/05/21] - [11"40'23] Movimento n. 2021-00004068: PESO UTF 0
 [07/05/21] - [11"40'23] Movimento n. 2021-00004069: PESO UTF 0
 [07/05/21] - [11"40'23] Movimento n. 2021-00004070: TROVATO PESO UTF 00000000014400
 [07/05/21] - [11"40'23] SCRITTURA RIGA
 [07/05/21] - [11"40'23] Movimento n. 2021-00004071: PESO UTF 0
 [07/05/21] - [11"40'23] Movimento n. 2021-00004072: PESO UTF 0
 [07/05/21] - [11"40'23] Movimento n. 2021-00004073: TROVATO PESO UTF 00000006999380
 [07/05/21] - [11"40'23] SCRITTURA RIGA
 [07/05/21] - [11"40'23] Movimento n. 2021-00004074: PESO UTF 0
 [07/05/21] - [11"40'23] Movimento n. 2021-00004075: SCARTATO
 [07/05/21] - [11"40'23] Movimento n. 2021-00004076: PESO UTF 0
 [07/05/21] - [11"40'23] Movimento n. 2021-00004078: SCARTATO
 [07/05/21] - [11"40'23] Movimento n. 2021-00004079: PESO UTF 0
 [07/05/21] - [11"40'23] Movimento n. 2021-00004080: PESO UTF 0
 [07/05/21] - [11"40'23] Movimento n. 2021-00004081: SCARTATO
 [07/05/21] - [11"40'23] Movimento n. 2021-00004082: SCARTATO
 [07/05/21] - [11"40'23] Movimento n. 2021-00004083: SCARTATO
 [07/05/21] - [11"40'23] Movimento n. 2021-00004084: PESO UTF 0
 [07/05/21] - [11"40'23] Movimento n. 2021-00004085: PESO UTF 0
 [07/05/21] - [11"40'23] Movimento n. 2021-00004086: SCARTATO
 [07/05/21] - [11"40'23] Movimento n. 2021-00004087: SCARTATO
 [07/05/21] - [11"40'23] Movimento n. 2021-00004088: SCARTATO
 [07/05/21] - [11"40'23] Movimento n. 2021-00004089: PESO UTF 0
 [07/05/21] - [11"40'23] Movimento n. 2021-00004090: PESO UTF 0
 [07/05/21] - [11"40'23] Movimento n. 2021-00004091: SCARTATO
 [07/05/21] - [11"40'23] Movimento n. 2021-00004092: SCARTATO
 [07/05/21] - [11"40'23] Movimento n. 2021-00004093: PESO UTF 0
 [07/05/21] - [11"40'23] Movimento n. 2021-00004094: PESO UTF 0
 [07/05/21] - [11"40'23] Movimento n. 2021-00004095: PESO UTF 0
 [07/05/21] - [11"40'23] Movimento n. 2021-00004096: PESO UTF 0
 [07/05/21] - [11"40'23] Movimento n. 2021-00004097: PESO UTF 0
 [07/05/21] - [11"40'23] Movimento n. 2021-00004098: PESO UTF 0
 [07/05/21] - [11"40'23] Movimento n. 2021-00004099: PESO UTF 0
 [07/05/21] - [11"40'23] Movimento n. 2021-00004100: SCARTATO
 [07/05/21] - [11"40'23] Movimento n. 2021-00004101: PESO UTF 0
 [07/05/21] - [11"40'23] Movimento n. 2021-00004102: PESO UTF 0
 [07/05/21] - [11"40'23] Movimento n. 2021-00004103: SCARTATO
 [07/05/21] - [11"40'23] Movimento n. 2021-00004104: SCARTATO
 [07/05/21] - [11"40'23] Movimento n. 2021-00004105: PESO UTF 0
 [07/05/21] - [11"40'23] Movimento n. 2021-00004106: PESO UTF 0
 [07/05/21] - [11"40'23] Movimento n. 2021-00004107: PESO UTF 0
 [07/05/21] - [11"40'23] Movimento n. 2021-00004108: PESO UTF 0
 [07/05/21] - [11"40'23] Movimento n. 2021-00004109: PESO UTF 0
 [07/05/21] - [11"40'23] Movimento n. 2021-00004110: PESO UTF 0
 [07/05/21] - [11"40'23] Movimento n. 2021-00004111: PESO UTF 0
 [07/05/21] - [11"40'23] Movimento n. 2021-00004112: PESO UTF 0
 [07/05/21] - [11"40'23] Movimento n. 2021-00004113: PESO UTF 0
 [07/05/21] - [11"40'23] Movimento n. 2021-00004114: PESO UTF 0
 [07/05/21] - [11"40'23] Movimento n. 2021-00004115: PESO UTF 0
 [07/05/21] - [11"40'23] Movimento n. 2021-00004116: PESO UTF 0
 [07/05/21] - [11"40'23] Movimento n. 2021-00004117: TROVATO PESO UTF 00000000719608
 [07/05/21] - [11"40'23] SCRITTURA RIGA
 [07/05/21] - [11"40'23] Movimento n. 2021-00004118: TROVATO PESO UTF 00000000017700
 [07/05/21] - [11"40'23] SCRITTURA RIGA
 [07/05/21] - [11"40'23] Movimento n. 2021-00004119: PESO UTF 0
 [07/05/21] - [11"40'23] Movimento n. 2021-00004120: SCARTATO
 [07/05/21] - [11"40'23] Movimento n. 2021-00004124: TROVATO PESO UTF 00000001838960
 [07/05/21] - [11"40'23] SCRITTURA RIGA
 [07/05/21] - [11"40'23] ERRORE PDF 1
 [07/05/21] - [11"40'23] Scrittura ultimo movimento trattato: 00004124
 [07/05/21] - [11"40'23] AGGIORNAMENTO CONTATORE
 [07/05/21] - [11"40'23] FINE PROGRAMMA
