 [15/01/20] - [23"42'13] INIZIO ELABORAZIONE
 [15/01/20] - [23"42'13] APERTURA FILES
 [15/01/20] - [23"42'15] VERIFICA CARTELLA BACKUP
 [15/01/20] - [23"42'15] VERIFICA CARTELLA BACKUP OK
 [15/01/20] - [23"42'15] VERIFICA CARTELLA IMPORT
 [15/01/20] - [23"42'15] VERIFICA CARTELLA IMPORT OK
 [15/01/20] - [23"42'15] ELABORAZIONE CARTELLA IMPORT
 [15/01/20] - [23"42'21] ELABORAZIONE FILE: DDTLU_1912090934.CSV
 [15/01/20] - [23"42'59] FILE: DDTLU_1912090934.CSV || RIGA: 00001 - ANNO EVASIONE: 2019 || N. EVASIONE: 00084206 - ORDINE NON TROVATO.
 [15/01/20] - [23"43'23] FILE: DDTLU_1912090934.CSV || RIGA: 00001 - ANNO EVASIONE: 2019 || N. EVASIONE: 00084206 - ANNO BOLLA: 2019 || N. BOLLA: 00408592 || DEL: 06/12/2019 - BOLLA ASSOCIATA CORRETTAMENTE.
 [15/01/20] - [23"43'45] FILE: DDTLU_1912090934.CSV || RIGA: 00001 - ANNO EVASIONE: 2019 || N. EVASIONE: 00084206 - ANNO BOLLA: 2019 || N. BOLLA: 00408592 || DEL: 06/12/2019 - ERRORE IN PRENOTAZIONE: 23
 [15/01/20] - [23"43'56] FILE: DDTLU_1912090934.CSV || RIGA: 00001 - ANNO EVASIONE: 2019 || N. EVASIONE: 00084206 || RIGA EVASIONE: 00000 - ANNO BOLLA: 2019 || N. BOLLA: 00408592 || DEL: 06/12/2019 - PRENOTAZIONE NON RIUSCITA - Ricalcolare le imposte ripassando le righe
 [15/01/20] - [23"44'05] ESEGUO BACKUP: move F:\Lubex\GESLUX\conlubgio\imp\DDTLU_1912090934.CSV F:\Lubex\GESLUX\conlubgio\bck\DDTLU_1912090934.CSV_20200115_23435658
 [15/01/20] - [23"44'05] BACKUP RIUSCITO: F:\Lubex\GESLUX\conlubgio\bck\DDTLU_1912090934.CSV_20200115_23435658
 [15/01/20] - [23"44'07] ELABORATI 00001 FILES CSV
 [15/01/20] - [23"44'07] FATTURE PRENOTATE 00000 - BOLLE ASSOCIATE: 00001 - RIGHE CON BOLLE NON VALIDE: 00000 - ORDINI NON TROVATI: 00000 - ORDINI GIA' BOLLETTATI: 00000 FILES CSV
 [15/01/20] - [23"44'07] CHIUSURA FILES
 [15/01/20] - [23"44'07] ELABORAZIONE TERMINATA IN: 01 MINUTI E 54 SECONDI
 [15/01/20] - [23"44'07] INVIO MAIL IN CORSO...
 [15/01/20] - [23"44'08] TENTATIVO N. 01: Chiamata InvioMail riuscita!
 [15/01/20] - [23"44'08] TENTATIVO N. 01 - ESITO:
 [15/01/20] - [23"44'08] TENTATIVO N. 02: Chiamata InvioMail riuscita!
 [15/01/20] - [23"44'08] TENTATIVO N. 02 - ESITO:
 [15/01/20] - [23"44'08] TENTATIVO N. 03: Chiamata InvioMail riuscita!
 [15/01/20] - [23"44'08] TENTATIVO N. 03 - ESITO:
 [15/01/20] - [23"44'09] TENTATIVO N. 04: Chiamata InvioMail riuscita!
 [15/01/20] - [23"44'09] TENTATIVO N. 04 - ESITO:
 [15/01/20] - [23"44'09] TENTATIVO N. 05: Chiamata InvioMail riuscita!
 [15/01/20] - [23"44'09] TENTATIVO N. 05 - ESITO:
 [15/01/20] - [23"44'09] TENTATIVO N. 06: Chiamata InvioMail riuscita!
 [15/01/20] - [23"44'09] TENTATIVO N. 06 - ESITO:
 [15/01/20] - [23"44'09] TENTATIVO N. 07: Chiamata InvioMail riuscita!
 [15/01/20] - [23"44'09] TENTATIVO N. 07 - ESITO:
 [15/01/20] - [23"44'09] TENTATIVO N. 08: Chiamata InvioMail riuscita!
 [15/01/20] - [23"44'09] TENTATIVO N. 08 - ESITO:
 [15/01/20] - [23"44'09] TENTATIVO N. 09: Chiamata InvioMail riuscita!
 [15/01/20] - [23"44'09] TENTATIVO N. 09 - ESITO:
 [15/01/20] - [23"44'10] TENTATIVO N. 10: Chiamata InvioMail riuscita!
 [15/01/20] - [23"44'10] TENTATIVO N. 10 - ESITO:
