 [29/10/20] - [23"02'55] INIZIO ELABORAZIONE
 [29/10/20] - [23"02'55] APERTURA FILES
 [29/10/20] - [23"02'55] VERIFICA CARTELLA BACKUP
 [29/10/20] - [23"02'55] VERIFICA CARTELLA BACKUP OK
 [29/10/20] - [23"02'55] VERIFICA CARTELLA IMPORT
 [29/10/20] - [23"02'55] VERIFICA CARTELLA IMPORT OK
 [29/10/20] - [23"02'55] ELABORAZIONE CARTELLA IMPORT
 [29/10/20] - [23"02'55] ELABORAZIONE FILE: DDTLU_2010292100.CSV
 [29/10/20] - [23"02'55] FILE: DDTLU_2010292100.CSV || RIGA: 00001 - ANNO EVASIONE: 2020 || N. EVASIONE: 00060725 - ANNO BOLLA: 2020 || N. BOLLA: 00411310 || DEL: 29/10/2020 - BOLLA ASSOCIATA CORRETTAMENTE.
 [29/10/20] - [23"02'56] FILE: DDTLU_2010292100.CSV || RIGA: 00001 - ANNO EVASIONE: 2020 || N. EVASIONE: 00060725 - ANNO BOLLA: 2020 || N. BOLLA: 00411310 || DEL: 29/10/2020 - FATTURA PRENOTATA CORRETTAMENTE.
 [29/10/20] - [23"02'56] FILE: DDTLU_2010292100.CSV || RIGA: 00002 - ANNO EVASIONE: 2020 || N. EVASIONE: 00060727 - ANNO BOLLA: 2020 || N. BOLLA: 00411349 || DEL: 29/10/2020 - BOLLA ASSOCIATA CORRETTAMENTE.
 [29/10/20] - [23"02'56] FILE: DDTLU_2010292100.CSV || RIGA: 00002 - ANNO EVASIONE: 2020 || N. EVASIONE: 00060727 - ANNO BOLLA: 2020 || N. BOLLA: 00411349 || DEL: 29/10/2020 - FATTURA PRENOTATA CORRETTAMENTE.
 [29/10/20] - [23"02'56] FILE: DDTLU_2010292100.CSV || RIGA: 00003 - ANNO EVASIONE: 2020 || N. EVASIONE: 00060728 - ANNO BOLLA: 2020 || N. BOLLA: 00411311 || DEL: 29/10/2020 - BOLLA ASSOCIATA CORRETTAMENTE.
 [29/10/20] - [23"02'56] FILE: DDTLU_2010292100.CSV || RIGA: 00003 - ANNO EVASIONE: 2020 || N. EVASIONE: 00060728 - ANNO BOLLA: 2020 || N. BOLLA: 00411311 || DEL: 29/10/2020 - FATTURA PRENOTATA CORRETTAMENTE.
 [29/10/20] - [23"02'56] FILE: DDTLU_2010292100.CSV || RIGA: 00004 - ANNO EVASIONE: 2020 || N. EVASIONE: 00060729 - ANNO BOLLA: 2020 || N. BOLLA: 00411350 || DEL: 29/10/2020 - BOLLA ASSOCIATA CORRETTAMENTE.
 [29/10/20] - [23"02'56] FILE: DDTLU_2010292100.CSV || RIGA: 00004 - ANNO EVASIONE: 2020 || N. EVASIONE: 00060729 - ANNO BOLLA: 2020 || N. BOLLA: 00411350 || DEL: 29/10/2020 - FATTURA PRENOTATA CORRETTAMENTE.
 [29/10/20] - [23"02'57] FILE: DDTLU_2010292100.CSV || RIGA: 00005 - ANNO EVASIONE: 2020 || N. EVASIONE: 00060730 - ANNO BOLLA: 2020 || N. BOLLA: 00411351 || DEL: 29/10/2020 - BOLLA ASSOCIATA CORRETTAMENTE.
 [29/10/20] - [23"02'57] FILE: DDTLU_2010292100.CSV || RIGA: 00005 - ANNO EVASIONE: 2020 || N. EVASIONE: 00060730 - ANNO BOLLA: 2020 || N. BOLLA: 00411351 || DEL: 29/10/2020 - FATTURA PRENOTATA CORRETTAMENTE.
 [29/10/20] - [23"02'57] FILE: DDTLU_2010292100.CSV || RIGA: 00006 - ANNO EVASIONE: 2020 || N. EVASIONE: 00060731 - ANNO BOLLA: 2020 || N. BOLLA: 00411352 || DEL: 29/10/2020 - BOLLA ASSOCIATA CORRETTAMENTE.
 [29/10/20] - [23"02'57] FILE: DDTLU_2010292100.CSV || RIGA: 00006 - ANNO EVASIONE: 2020 || N. EVASIONE: 00060731 - ANNO BOLLA: 2020 || N. BOLLA: 00411352 || DEL: 29/10/2020 - FATTURA PRENOTATA CORRETTAMENTE.
 [29/10/20] - [23"02'57] FILE: DDTLU_2010292100.CSV || RIGA: 00007 - ANNO EVASIONE: 2020 || N. EVASIONE: 00060732 - ANNO BOLLA: 2020 || N. BOLLA: 00411353 || DEL: 29/10/2020 - BOLLA ASSOCIATA CORRETTAMENTE.
 [29/10/20] - [23"02'57] FILE: DDTLU_2010292100.CSV || RIGA: 00007 - ANNO EVASIONE: 2020 || N. EVASIONE: 00060732 - ANNO BOLLA: 2020 || N. BOLLA: 00411353 || DEL: 29/10/2020 - FATTURA PRENOTATA CORRETTAMENTE.
 [29/10/20] - [23"02'57] FILE: DDTLU_2010292100.CSV || RIGA: 00008 - ANNO EVASIONE: 2020 || N. EVASIONE: 00060733 - ANNO BOLLA: 2020 || N. BOLLA: 00411312 || DEL: 29/10/2020 - BOLLA ASSOCIATA CORRETTAMENTE.
 [29/10/20] - [23"02'57] FILE: DDTLU_2010292100.CSV || RIGA: 00008 - ANNO EVASIONE: 2020 || N. EVASIONE: 00060733 - ANNO BOLLA: 2020 || N. BOLLA: 00411312 || DEL: 29/10/2020 - FATTURA PRENOTATA CORRETTAMENTE.
 [29/10/20] - [23"02'57] FILE: DDTLU_2010292100.CSV || RIGA: 00009 - ANNO EVASIONE: 2020 || N. EVASIONE: 00060734 - ANNO BOLLA: 2020 || N. BOLLA: 00411354 || DEL: 29/10/2020 - BOLLA ASSOCIATA CORRETTAMENTE.
 [29/10/20] - [23"02'58] FILE: DDTLU_2010292100.CSV || RIGA: 00009 - ANNO EVASIONE: 2020 || N. EVASIONE: 00060734 - ANNO BOLLA: 2020 || N. BOLLA: 00411354 || DEL: 29/10/2020 - FATTURA PRENOTATA CORRETTAMENTE.
 [29/10/20] - [23"02'58] FILE: DDTLU_2010292100.CSV || RIGA: 00010 - ANNO EVASIONE: 2020 || N. EVASIONE: 00060736 - ANNO BOLLA: 2020 || N. BOLLA: 00411355 || DEL: 29/10/2020 - BOLLA ASSOCIATA CORRETTAMENTE.
 [29/10/20] - [23"02'58] FILE: DDTLU_2010292100.CSV || RIGA: 00010 - ANNO EVASIONE: 2020 || N. EVASIONE: 00060736 - ANNO BOLLA: 2020 || N. BOLLA: 00411355 || DEL: 29/10/2020 - FATTURA PRENOTATA CORRETTAMENTE.
 [29/10/20] - [23"02'58] FILE: DDTLU_2010292100.CSV || RIGA: 00011 - ANNO EVASIONE: 2020 || N. EVASIONE: 00060751 - ANNO BOLLA: 2020 || N. BOLLA: 00411339 || DEL: 29/10/2020 - BOLLA ASSOCIATA CORRETTAMENTE.
 [29/10/20] - [23"02'58] FILE: DDTLU_2010292100.CSV || RIGA: 00011 - ANNO EVASIONE: 2020 || N. EVASIONE: 00060751 - ANNO BOLLA: 2020 || N. BOLLA: 00411339 || DEL: 29/10/2020 - FATTURA PRENOTATA CORRETTAMENTE.
 [29/10/20] - [23"02'58] FILE: DDTLU_2010292100.CSV || RIGA: 00012 - ANNO EVASIONE: 2020 || N. EVASIONE: 00058529 - ANNO BOLLA: 2020 || N. BOLLA: 00411336 || DEL: 29/10/2020 - BOLLA ASSOCIATA CORRETTAMENTE.
 [29/10/20] - [23"02'58] FILE: DDTLU_2010292100.CSV || RIGA: 00012 - ANNO EVASIONE: 2020 || N. EVASIONE: 00058529 - ANNO BOLLA: 2020 || N. BOLLA: 00411336 || DEL: 29/10/2020 - FATTURA PRENOTATA CORRETTAMENTE.
 [29/10/20] - [23"02'58] FILE: DDTLU_2010292100.CSV || RIGA: 00013 - ANNO EVASIONE: 2020 || N. EVASIONE: 00060796 - ANNO BOLLA: 2020 || N. BOLLA: 00411337 || DEL: 29/10/2020 - BOLLA ASSOCIATA CORRETTAMENTE.
 [29/10/20] - [23"02'58] FILE: DDTLU_2010292100.CSV || RIGA: 00013 - ANNO EVASIONE: 2020 || N. EVASIONE: 00060796 - ANNO BOLLA: 2020 || N. BOLLA: 00411337 || DEL: 29/10/2020 - FATTURA PRENOTATA CORRETTAMENTE.
 [29/10/20] - [23"02'59] FILE: DDTLU_2010292100.CSV || RIGA: 00014 - ANNO EVASIONE: 2020 || N. EVASIONE: 00060798 - ANNO BOLLA: 2020 || N. BOLLA: 00411371 || DEL: 29/10/2020 - BOLLA ASSOCIATA CORRETTAMENTE.
 [29/10/20] - [23"02'59] FILE: DDTLU_2010292100.CSV || RIGA: 00014 - ANNO EVASIONE: 2020 || N. EVASIONE: 00060798 - ANNO BOLLA: 2020 || N. BOLLA: 00411371 || DEL: 29/10/2020 - FATTURA PRENOTATA CORRETTAMENTE.
 [29/10/20] - [23"02'59] FILE: DDTLU_2010292100.CSV || RIGA: 00015 - ANNO EVASIONE: 2020 || N. EVASIONE: 00060809 - ANNO BOLLA: 2020 || N. BOLLA: 00411313 || DEL: 29/10/2020 - BOLLA ASSOCIATA CORRETTAMENTE.
 [29/10/20] - [23"02'59] FILE: DDTLU_2010292100.CSV || RIGA: 00015 - ANNO EVASIONE: 2020 || N. EVASIONE: 00060809 - ANNO BOLLA: 2020 || N. BOLLA: 00411313 || DEL: 29/10/2020 - FATTURA PRENOTATA CORRETTAMENTE.
 [29/10/20] - [23"02'59] FILE: DDTLU_2010292100.CSV || RIGA: 00016 - ANNO EVASIONE: 2020 || N. EVASIONE: 00060812 - ANNO BOLLA: 2020 || N. BOLLA: 00411314 || DEL: 29/10/2020 - BOLLA ASSOCIATA CORRETTAMENTE.
 [29/10/20] - [23"02'59] FILE: DDTLU_2010292100.CSV || RIGA: 00016 - ANNO EVASIONE: 2020 || N. EVASIONE: 00060812 - ANNO BOLLA: 2020 || N. BOLLA: 00411314 || DEL: 29/10/2020 - FATTURA PRENOTATA CORRETTAMENTE.
 [29/10/20] - [23"02'59] FILE: DDTLU_2010292100.CSV || RIGA: 00017 - ANNO EVASIONE: 2020 || N. EVASIONE: 00060817 - ANNO BOLLA: 2020 || N. BOLLA: 00411315 || DEL: 29/10/2020 - BOLLA ASSOCIATA CORRETTAMENTE.
 [29/10/20] - [23"02'59] FILE: DDTLU_2010292100.CSV || RIGA: 00017 - ANNO EVASIONE: 2020 || N. EVASIONE: 00060817 - ANNO BOLLA: 2020 || N. BOLLA: 00411315 || DEL: 29/10/2020 - FATTURA PRENOTATA CORRETTAMENTE.
 [29/10/20] - [23"02'59] FILE: DDTLU_2010292100.CSV || RIGA: 00018 - ANNO EVASIONE: 2020 || N. EVASIONE: 00060867 - ANNO BOLLA: 2020 || N. BOLLA: 00411316 || DEL: 29/10/2020 - RIFERIMENTI BOLLA GIA' PRESENTI.
 [29/10/20] - [23"02'59] FILE: DDTLU_2010292100.CSV || RIGA: 00019 - ANNO EVASIONE: 2020 || N. EVASIONE: 00060868 - ANNO BOLLA: 2020 || N. BOLLA: 00411317 || DEL: 29/10/2020 - RIFERIMENTI BOLLA GIA' PRESENTI.
 [29/10/20] - [23"02'59] FILE: DDTLU_2010292100.CSV || RIGA: 00020 - ANNO EVASIONE: 2020 || N. EVASIONE: 00060869 - ANNO BOLLA: 2020 || N. BOLLA: 00411318 || DEL: 29/10/2020 - BOLLA ASSOCIATA CORRETTAMENTE.
 [29/10/20] - [23"02'59] FILE: DDTLU_2010292100.CSV || RIGA: 00020 - ANNO EVASIONE: 2020 || N. EVASIONE: 00060869 - ANNO BOLLA: 2020 || N. BOLLA: 00411318 || DEL: 29/10/2020 - FATTURA PRENOTATA CORRETTAMENTE.
 [29/10/20] - [23"02'59] FILE: DDTLU_2010292100.CSV || RIGA: 00021 - ANNO EVASIONE: 2020 || N. EVASIONE: 00060873 - ANNO BOLLA: 2020 || N. BOLLA: 00411319 || DEL: 29/10/2020 - BOLLA ASSOCIATA CORRETTAMENTE.
 [29/10/20] - [23"02'59] FILE: DDTLU_2010292100.CSV || RIGA: 00021 - ANNO EVASIONE: 2020 || N. EVASIONE: 00060873 - ANNO BOLLA: 2020 || N. BOLLA: 00411319 || DEL: 29/10/2020 - FATTURA PRENOTATA CORRETTAMENTE.
 [29/10/20] - [23"03'00] FILE: DDTLU_2010292100.CSV || RIGA: 00022 - ANNO EVASIONE: 2020 || N. EVASIONE: 00060874 - ANNO BOLLA: 2020 || N. BOLLA: 00411338 || DEL: 29/10/2020 - BOLLA ASSOCIATA CORRETTAMENTE.
 [29/10/20] - [23"03'00] FILE: DDTLU_2010292100.CSV || RIGA: 00022 - ANNO EVASIONE: 2020 || N. EVASIONE: 00060874 - ANNO BOLLA: 2020 || N. BOLLA: 00411338 || DEL: 29/10/2020 - FATTURA PRENOTATA CORRETTAMENTE.
 [29/10/20] - [23"03'00] FILE: DDTLU_2010292100.CSV || RIGA: 00023 - ANNO EVASIONE: 2020 || N. EVASIONE: 00060876 - ANNO BOLLA: 2020 || N. BOLLA: 00411356 || DEL: 29/10/2020 - BOLLA ASSOCIATA CORRETTAMENTE.
 [29/10/20] - [23"03'00] FILE: DDTLU_2010292100.CSV || RIGA: 00023 - ANNO EVASIONE: 2020 || N. EVASIONE: 00060876 - ANNO BOLLA: 2020 || N. BOLLA: 00411356 || DEL: 29/10/2020 - FATTURA PRENOTATA CORRETTAMENTE.
 [29/10/20] - [23"03'00] FILE: DDTLU_2010292100.CSV || RIGA: 00024 - ANNO EVASIONE: 2020 || N. EVASIONE: 00060878 - ANNO BOLLA: 2020 || N. BOLLA: 00411320 || DEL: 29/10/2020 - BOLLA ASSOCIATA CORRETTAMENTE.
 [29/10/20] - [23"03'00] FILE: DDTLU_2010292100.CSV || RIGA: 00024 - ANNO EVASIONE: 2020 || N. EVASIONE: 00060878 - ANNO BOLLA: 2020 || N. BOLLA: 00411320 || DEL: 29/10/2020 - FATTURA PRENOTATA CORRETTAMENTE.
 [29/10/20] - [23"03'00] FILE: DDTLU_2010292100.CSV || RIGA: 00025 - ANNO EVASIONE: 2020 || N. EVASIONE: 00060880 - ANNO BOLLA: 2020 || N. BOLLA: 00411357 || DEL: 29/10/2020 - BOLLA ASSOCIATA CORRETTAMENTE.
 [29/10/20] - [23"03'00] FILE: DDTLU_2010292100.CSV || RIGA: 00025 - ANNO EVASIONE: 2020 || N. EVASIONE: 00060880 - ANNO BOLLA: 2020 || N. BOLLA: 00411357 || DEL: 29/10/2020 - FATTURA PRENOTATA CORRETTAMENTE.
 [29/10/20] - [23"03'00] FILE: DDTLU_2010292100.CSV || RIGA: 00026 - ANNO EVASIONE: 2020 || N. EVASIONE: 00060883 - ANNO BOLLA: 2020 || N. BOLLA: 00411321 || DEL: 29/10/2020 - BOLLA ASSOCIATA CORRETTAMENTE.
 [29/10/20] - [23"03'00] FILE: DDTLU_2010292100.CSV || RIGA: 00026 - ANNO EVASIONE: 2020 || N. EVASIONE: 00060883 - ANNO BOLLA: 2020 || N. BOLLA: 00411321 || DEL: 29/10/2020 - FATTURA PRENOTATA CORRETTAMENTE.
 [29/10/20] - [23"03'00] FILE: DDTLU_2010292100.CSV || RIGA: 00027 - ANNO EVASIONE: 2020 || N. EVASIONE: 00060891 - ANNO BOLLA: 2020 || N. BOLLA: 00411323 || DEL: 29/10/2020 - BOLLA ASSOCIATA CORRETTAMENTE.
 [29/10/20] - [23"03'00] FILE: DDTLU_2010292100.CSV || RIGA: 00027 - ANNO EVASIONE: 2020 || N. EVASIONE: 00060891 - ANNO BOLLA: 2020 || N. BOLLA: 00411323 || DEL: 29/10/2020 - FATTURA PRENOTATA CORRETTAMENTE.
 [29/10/20] - [23"03'00] FILE: DDTLU_2010292100.CSV || RIGA: 00028 - ANNO EVASIONE: 2020 || N. EVASIONE: 00060896 - ANNO BOLLA: 2020 || N. BOLLA: 00411324 || DEL: 29/10/2020 - BOLLA ASSOCIATA CORRETTAMENTE.
 [29/10/20] - [23"03'01] FILE: DDTLU_2010292100.CSV || RIGA: 00028 - ANNO EVASIONE: 2020 || N. EVASIONE: 00060896 - ANNO BOLLA: 2020 || N. BOLLA: 00411324 || DEL: 29/10/2020 - FATTURA PRENOTATA CORRETTAMENTE.
 [29/10/20] - [23"03'01] FILE: DDTLU_2010292100.CSV || RIGA: 00029 - ANNO EVASIONE: 2020 || N. EVASIONE: 00060897 - ANNO BOLLA: 2020 || N. BOLLA: 00411325 || DEL: 29/10/2020 - BOLLA ASSOCIATA CORRETTAMENTE.
 [29/10/20] - [23"03'01] FILE: DDTLU_2010292100.CSV || RIGA: 00029 - ANNO EVASIONE: 2020 || N. EVASIONE: 00060897 - ANNO BOLLA: 2020 || N. BOLLA: 00411325 || DEL: 29/10/2020 - FATTURA PRENOTATA CORRETTAMENTE.
 [29/10/20] - [23"03'01] FILE: DDTLU_2010292100.CSV || RIGA: 00030 - ANNO EVASIONE: 2020 || N. EVASIONE: 00060900 - ANNO BOLLA: 2020 || N. BOLLA: 00411326 || DEL: 29/10/2020 - BOLLA ASSOCIATA CORRETTAMENTE.
 [29/10/20] - [23"03'01] FILE: DDTLU_2010292100.CSV || RIGA: 00030 - ANNO EVASIONE: 2020 || N. EVASIONE: 00060900 - ANNO BOLLA: 2020 || N. BOLLA: 00411326 || DEL: 29/10/2020 - FATTURA PRENOTATA CORRETTAMENTE.
 [29/10/20] - [23"03'01] FILE: DDTLU_2010292100.CSV || RIGA: 00031 - ANNO EVASIONE: 2020 || N. EVASIONE: 00060901 - ANNO BOLLA: 2020 || N. BOLLA: 00411327 || DEL: 29/10/2020 - BOLLA ASSOCIATA CORRETTAMENTE.
 [29/10/20] - [23"03'01] FILE: DDTLU_2010292100.CSV || RIGA: 00031 - ANNO EVASIONE: 2020 || N. EVASIONE: 00060901 - ANNO BOLLA: 2020 || N. BOLLA: 00411327 || DEL: 29/10/2020 - FATTURA PRENOTATA CORRETTAMENTE.
 [29/10/20] - [23"03'01] FILE: DDTLU_2010292100.CSV || RIGA: 00032 - ANNO EVASIONE: 2020 || N. EVASIONE: 00060903 - ANNO BOLLA: 2020 || N. BOLLA: 00411328 || DEL: 29/10/2020 - BOLLA ASSOCIATA CORRETTAMENTE.
 [29/10/20] - [23"03'01] FILE: DDTLU_2010292100.CSV || RIGA: 00032 - ANNO EVASIONE: 2020 || N. EVASIONE: 00060903 - ANNO BOLLA: 2020 || N. BOLLA: 00411328 || DEL: 29/10/2020 - FATTURA PRENOTATA CORRETTAMENTE.
 [29/10/20] - [23"03'01] FILE: DDTLU_2010292100.CSV || RIGA: 00033 - ANNO EVASIONE: 2020 || N. EVASIONE: 00060905 - ANNO BOLLA: 2020 || N. BOLLA: 00411329 || DEL: 29/10/2020 - BOLLA ASSOCIATA CORRETTAMENTE.
 [29/10/20] - [23"03'01] FILE: DDTLU_2010292100.CSV || RIGA: 00033 - ANNO EVASIONE: 2020 || N. EVASIONE: 00060905 - ANNO BOLLA: 2020 || N. BOLLA: 00411329 || DEL: 29/10/2020 - FATTURA PRENOTATA CORRETTAMENTE.
 [29/10/20] - [23"03'02] FILE: DDTLU_2010292100.CSV || RIGA: 00034 - ANNO EVASIONE: 2020 || N. EVASIONE: 00060907 - ANNO BOLLA: 2020 || N. BOLLA: 00411330 || DEL: 29/10/2020 - BOLLA ASSOCIATA CORRETTAMENTE.
 [29/10/20] - [23"03'02] FILE: DDTLU_2010292100.CSV || RIGA: 00034 - ANNO EVASIONE: 2020 || N. EVASIONE: 00060907 - ANNO BOLLA: 2020 || N. BOLLA: 00411330 || DEL: 29/10/2020 - FATTURA PRENOTATA CORRETTAMENTE.
 [29/10/20] - [23"03'02] FILE: DDTLU_2010292100.CSV || RIGA: 00035 - ANNO EVASIONE: 2020 || N. EVASIONE: 00060908 - ANNO BOLLA: 2020 || N. BOLLA: 00411331 || DEL: 29/10/2020 - BOLLA ASSOCIATA CORRETTAMENTE.
 [29/10/20] - [23"03'02] FILE: DDTLU_2010292100.CSV || RIGA: 00035 - ANNO EVASIONE: 2020 || N. EVASIONE: 00060908 - ANNO BOLLA: 2020 || N. BOLLA: 00411331 || DEL: 29/10/2020 - FATTURA PRENOTATA CORRETTAMENTE.
 [29/10/20] - [23"03'02] FILE: DDTLU_2010292100.CSV || RIGA: 00036 - ANNO EVASIONE: 2020 || N. EVASIONE: 00060910 - ANNO BOLLA: 2020 || N. BOLLA: 00411332 || DEL: 29/10/2020 - BOLLA ASSOCIATA CORRETTAMENTE.
 [29/10/20] - [23"03'02] FILE: DDTLU_2010292100.CSV || RIGA: 00036 - ANNO EVASIONE: 2020 || N. EVASIONE: 00060910 - ANNO BOLLA: 2020 || N. BOLLA: 00411332 || DEL: 29/10/2020 - FATTURA PRENOTATA CORRETTAMENTE.
 [29/10/20] - [23"03'02] FILE: DDTLU_2010292100.CSV || RIGA: 00037 - ANNO EVASIONE: 2020 || N. EVASIONE: 00060914 - ANNO BOLLA: 2020 || N. BOLLA: 00411333 || DEL: 29/10/2020 - BOLLA ASSOCIATA CORRETTAMENTE.
 [29/10/20] - [23"03'02] FILE: DDTLU_2010292100.CSV || RIGA: 00037 - ANNO EVASIONE: 2020 || N. EVASIONE: 00060914 - ANNO BOLLA: 2020 || N. BOLLA: 00411333 || DEL: 29/10/2020 - FATTURA PRENOTATA CORRETTAMENTE.
 [29/10/20] - [23"03'02] FILE: DDTLU_2010292100.CSV || RIGA: 00038 - ANNO EVASIONE: 2020 || N. EVASIONE: 00060919 - ANNO BOLLA: 2020 || N. BOLLA: 00411334 || DEL: 29/10/2020 - BOLLA ASSOCIATA CORRETTAMENTE.
 [29/10/20] - [23"03'02] FILE: DDTLU_2010292100.CSV || RIGA: 00038 - ANNO EVASIONE: 2020 || N. EVASIONE: 00060919 - ANNO BOLLA: 2020 || N. BOLLA: 00411334 || DEL: 29/10/2020 - FATTURA PRENOTATA CORRETTAMENTE.
 [29/10/20] - [23"03'03] FILE: DDTLU_2010292100.CSV || RIGA: 00039 - ANNO EVASIONE: 2020 || N. EVASIONE: 00060921 - ANNO BOLLA: 2020 || N. BOLLA: 00411335 || DEL: 29/10/2020 - BOLLA ASSOCIATA CORRETTAMENTE.
 [29/10/20] - [23"03'03] FILE: DDTLU_2010292100.CSV || RIGA: 00039 - ANNO EVASIONE: 2020 || N. EVASIONE: 00060921 - ANNO BOLLA: 2020 || N. BOLLA: 00411335 || DEL: 29/10/2020 - FATTURA PRENOTATA CORRETTAMENTE.
 [29/10/20] - [23"03'03] FILE: DDTLU_2010292100.CSV || RIGA: 00040 - ANNO EVASIONE: 2020 || N. EVASIONE: 00060923 - ANNO BOLLA: 2020 || N. BOLLA: 00411322 || DEL: 29/10/2020 - BOLLA ASSOCIATA CORRETTAMENTE.
 [29/10/20] - [23"03'03] FILE: DDTLU_2010292100.CSV || RIGA: 00040 - ANNO EVASIONE: 2020 || N. EVASIONE: 00060923 - ANNO BOLLA: 2020 || N. BOLLA: 00411322 || DEL: 29/10/2020 - FATTURA PRENOTATA CORRETTAMENTE.
 [29/10/20] - [23"03'03] FILE: DDTLU_2010292100.CSV || RIGA: 00041 - ANNO EVASIONE: 2020 || N. EVASIONE: 00060925 - ANNO BOLLA: 2020 || N. BOLLA: 00411340 || DEL: 29/10/2020 - BOLLA ASSOCIATA CORRETTAMENTE.
 [29/10/20] - [23"03'03] FILE: DDTLU_2010292100.CSV || RIGA: 00041 - ANNO EVASIONE: 2020 || N. EVASIONE: 00060925 - ANNO BOLLA: 2020 || N. BOLLA: 00411340 || DEL: 29/10/2020 - FATTURA PRENOTATA CORRETTAMENTE.
 [29/10/20] - [23"03'03] FILE: DDTLU_2010292100.CSV || RIGA: 00042 - ANNO EVASIONE: 2020 || N. EVASIONE: 00060927 - ANNO BOLLA: 2020 || N. BOLLA: 00411358 || DEL: 29/10/2020 - BOLLA ASSOCIATA CORRETTAMENTE.
 [29/10/20] - [23"03'04] FILE: DDTLU_2010292100.CSV || RIGA: 00042 - ANNO EVASIONE: 2020 || N. EVASIONE: 00060927 - ANNO BOLLA: 2020 || N. BOLLA: 00411358 || DEL: 29/10/2020 - FATTURA PRENOTATA CORRETTAMENTE.
 [29/10/20] - [23"03'04] FILE: DDTLU_2010292100.CSV || RIGA: 00043 - ANNO EVASIONE: 2020 || N. EVASIONE: 00060929 - ANNO BOLLA: 2020 || N. BOLLA: 00411341 || DEL: 29/10/2020 - BOLLA ASSOCIATA CORRETTAMENTE.
 [29/10/20] - [23"03'04] FILE: DDTLU_2010292100.CSV || RIGA: 00043 - ANNO EVASIONE: 2020 || N. EVASIONE: 00060929 - ANNO BOLLA: 2020 || N. BOLLA: 00411341 || DEL: 29/10/2020 - FATTURA PRENOTATA CORRETTAMENTE.
 [29/10/20] - [23"03'04] FILE: DDTLU_2010292100.CSV || RIGA: 00044 - ANNO EVASIONE: 2020 || N. EVASIONE: 00060930 - ANNO BOLLA: 2020 || N. BOLLA: 00411342 || DEL: 29/10/2020 - BOLLA ASSOCIATA CORRETTAMENTE.
 [29/10/20] - [23"03'04] FILE: DDTLU_2010292100.CSV || RIGA: 00044 - ANNO EVASIONE: 2020 || N. EVASIONE: 00060930 - ANNO BOLLA: 2020 || N. BOLLA: 00411342 || DEL: 29/10/2020 - FATTURA PRENOTATA CORRETTAMENTE.
 [29/10/20] - [23"03'04] FILE: DDTLU_2010292100.CSV || RIGA: 00045 - ANNO EVASIONE: 2020 || N. EVASIONE: 00061230 - ANNO BOLLA: 2020 || N. BOLLA: 00411384 || DEL: 29/10/2020 - BOLLA ASSOCIATA CORRETTAMENTE.
 [29/10/20] - [23"03'04] FILE: DDTLU_2010292100.CSV || RIGA: 00045 - ANNO EVASIONE: 2020 || N. EVASIONE: 00061230 - ANNO BOLLA: 2020 || N. BOLLA: 00411384 || DEL: 29/10/2020 - FATTURA PRENOTATA CORRETTAMENTE.
 [29/10/20] - [23"03'04] FILE: DDTLU_2010292100.CSV || RIGA: 00046 - ANNO EVASIONE: 2020 || N. EVASIONE: 00061245 - ANNO BOLLA: 2020 || N. BOLLA: 00411362 || DEL: 29/10/2020 - BOLLA ASSOCIATA CORRETTAMENTE.
 [29/10/20] - [23"03'04] FILE: DDTLU_2010292100.CSV || RIGA: 00046 - ANNO EVASIONE: 2020 || N. EVASIONE: 00061245 - ANNO BOLLA: 2020 || N. BOLLA: 00411362 || DEL: 29/10/2020 - FATTURA PRENOTATA CORRETTAMENTE.
 [29/10/20] - [23"03'04] FILE: DDTLU_2010292100.CSV || RIGA: 00047 - ANNO EVASIONE: 2020 || N. EVASIONE: 00061248 - ANNO BOLLA: 2020 || N. BOLLA: 00411359 || DEL: 29/10/2020 - BOLLA ASSOCIATA CORRETTAMENTE.
 [29/10/20] - [23"03'04] FILE: DDTLU_2010292100.CSV || RIGA: 00047 - ANNO EVASIONE: 2020 || N. EVASIONE: 00061248 - ANNO BOLLA: 2020 || N. BOLLA: 00411359 || DEL: 29/10/2020 - FATTURA PRENOTATA CORRETTAMENTE.
 [29/10/20] - [23"03'04] FILE: DDTLU_2010292100.CSV || RIGA: 00048 - ANNO EVASIONE: 2020 || N. EVASIONE: 00061250 - ANNO BOLLA: 2020 || N. BOLLA: 00411363 || DEL: 29/10/2020 - BOLLA ASSOCIATA CORRETTAMENTE.
 [29/10/20] - [23"03'04] FILE: DDTLU_2010292100.CSV || RIGA: 00048 - ANNO EVASIONE: 2020 || N. EVASIONE: 00061250 - ANNO BOLLA: 2020 || N. BOLLA: 00411363 || DEL: 29/10/2020 - FATTURA PRENOTATA CORRETTAMENTE.
 [29/10/20] - [23"03'04] FILE: DDTLU_2010292100.CSV || RIGA: 00049 - ANNO EVASIONE: 2020 || N. EVASIONE: 00061252 - ANNO BOLLA: 2020 || N. BOLLA: 00411372 || DEL: 29/10/2020 - BOLLA ASSOCIATA CORRETTAMENTE.
 [29/10/20] - [23"03'04] FILE: DDTLU_2010292100.CSV || RIGA: 00049 - ANNO EVASIONE: 2020 || N. EVASIONE: 00061252 - ANNO BOLLA: 2020 || N. BOLLA: 00411372 || DEL: 29/10/2020 - FATTURA PRENOTATA CORRETTAMENTE.
 [29/10/20] - [23"03'04] FILE: DDTLU_2010292100.CSV || RIGA: 00050 - ANNO EVASIONE: 2020 || N. EVASIONE: 00061253 - ANNO BOLLA: 2020 || N. BOLLA: 00411343 || DEL: 29/10/2020 - BOLLA ASSOCIATA CORRETTAMENTE.
 [29/10/20] - [23"03'04] FILE: DDTLU_2010292100.CSV || RIGA: 00050 - ANNO EVASIONE: 2020 || N. EVASIONE: 00061253 - ANNO BOLLA: 2020 || N. BOLLA: 00411343 || DEL: 29/10/2020 - FATTURA PRENOTATA CORRETTAMENTE.
 [29/10/20] - [23"03'04] FILE: DDTLU_2010292100.CSV || RIGA: 00051 - ANNO EVASIONE: 2020 || N. EVASIONE: 00061254 - ANNO BOLLA: 2020 || N. BOLLA: 00411344 || DEL: 29/10/2020 - BOLLA ASSOCIATA CORRETTAMENTE.
 [29/10/20] - [23"03'05] FILE: DDTLU_2010292100.CSV || RIGA: 00051 - ANNO EVASIONE: 2020 || N. EVASIONE: 00061254 - ANNO BOLLA: 2020 || N. BOLLA: 00411344 || DEL: 29/10/2020 - FATTURA PRENOTATA CORRETTAMENTE.
 [29/10/20] - [23"03'05] FILE: DDTLU_2010292100.CSV || RIGA: 00052 - ANNO EVASIONE: 2020 || N. EVASIONE: 00061255 - ANNO BOLLA: 2020 || N. BOLLA: 00411382 || DEL: 29/10/2020 - BOLLA ASSOCIATA CORRETTAMENTE.
 [29/10/20] - [23"03'05] FILE: DDTLU_2010292100.CSV || RIGA: 00052 - ANNO EVASIONE: 2020 || N. EVASIONE: 00061255 || RIGA EVASIONE: 00005 - ANNO BOLLA: 2020 || N. BOLLA: 00411382 || DEL: 29/10/2020 - PRENOTAZIONE NON RIUSCITA - Ricalcolare le imposte ripassando la riga
 [29/10/20] - [23"03'05] FILE: DDTLU_2010292100.CSV || RIGA: 00053 - ANNO EVASIONE: 2020 || N. EVASIONE: 00061257 - ANNO BOLLA: 2020 || N. BOLLA: 00411396 || DEL: 29/10/2020 - BOLLA ASSOCIATA CORRETTAMENTE.
 [29/10/20] - [23"03'05] FILE: DDTLU_2010292100.CSV || RIGA: 00053 - ANNO EVASIONE: 2020 || N. EVASIONE: 00061257 - ANNO BOLLA: 2020 || N. BOLLA: 00411396 || DEL: 29/10/2020 - FATTURA PRENOTATA CORRETTAMENTE.
 [29/10/20] - [23"03'05] FILE: DDTLU_2010292100.CSV || RIGA: 00054 - ANNO EVASIONE: 2020 || N. EVASIONE: 00061260 - ANNO BOLLA: 2020 || N. BOLLA: 00411364 || DEL: 29/10/2020 - BOLLA ASSOCIATA CORRETTAMENTE.
 [29/10/20] - [23"03'05] FILE: DDTLU_2010292100.CSV || RIGA: 00054 - ANNO EVASIONE: 2020 || N. EVASIONE: 00061260 - ANNO BOLLA: 2020 || N. BOLLA: 00411364 || DEL: 29/10/2020 - FATTURA PRENOTATA CORRETTAMENTE.
 [29/10/20] - [23"03'05] FILE: DDTLU_2010292100.CSV || RIGA: 00055 - ANNO EVASIONE: 2020 || N. EVASIONE: 00061296 - ANNO BOLLA: 2020 || N. BOLLA: 00411373 || DEL: 29/10/2020 - BOLLA ASSOCIATA CORRETTAMENTE.
 [29/10/20] - [23"03'05] FILE: DDTLU_2010292100.CSV || RIGA: 00055 - ANNO EVASIONE: 2020 || N. EVASIONE: 00061296 - ANNO BOLLA: 2020 || N. BOLLA: 00411373 || DEL: 29/10/2020 - FATTURA PRENOTATA CORRETTAMENTE.
 [29/10/20] - [23"03'06] FILE: DDTLU_2010292100.CSV || RIGA: 00056 - ANNO EVASIONE: 2020 || N. EVASIONE: 00061299 - ANNO BOLLA: 2020 || N. BOLLA: 00411380 || DEL: 29/10/2020 - BOLLA ASSOCIATA CORRETTAMENTE.
 [29/10/20] - [23"03'06] FILE: DDTLU_2010292100.CSV || RIGA: 00056 - ANNO EVASIONE: 2020 || N. EVASIONE: 00061299 - ANNO BOLLA: 2020 || N. BOLLA: 00411380 || DEL: 29/10/2020 - FATTURA PRENOTATA CORRETTAMENTE.
 [29/10/20] - [23"03'06] FILE: DDTLU_2010292100.CSV || RIGA: 00057 - ANNO EVASIONE: 2020 || N. EVASIONE: 00061301 - ANNO BOLLA: 2020 || N. BOLLA: 00411365 || DEL: 29/10/2020 - RIFERIMENTI BOLLA GIA' PRESENTI.
 [29/10/20] - [23"03'06] FILE: DDTLU_2010292100.CSV || RIGA: 00058 - ANNO EVASIONE: 2020 || N. EVASIONE: 00061310 - ANNO BOLLA: 2020 || N. BOLLA: 00411378 || DEL: 29/10/2020 - BOLLA ASSOCIATA CORRETTAMENTE.
 [29/10/20] - [23"03'06] FILE: DDTLU_2010292100.CSV || RIGA: 00058 - ANNO EVASIONE: 2020 || N. EVASIONE: 00061310 - ANNO BOLLA: 2020 || N. BOLLA: 00411378 || DEL: 29/10/2020 - FATTURA PRENOTATA CORRETTAMENTE.
 [29/10/20] - [23"03'06] FILE: DDTLU_2010292100.CSV || RIGA: 00059 - ANNO EVASIONE: 2020 || N. EVASIONE: 00061318 - ANNO BOLLA: 2020 || N. BOLLA: 00411399 || DEL: 29/10/2020 - BOLLA ASSOCIATA CORRETTAMENTE.
 [29/10/20] - [23"03'06] FILE: DDTLU_2010292100.CSV || RIGA: 00059 - ANNO EVASIONE: 2020 || N. EVASIONE: 00061318 - ANNO BOLLA: 2020 || N. BOLLA: 00411399 || DEL: 29/10/2020 - FATTURA PRENOTATA CORRETTAMENTE.
 [29/10/20] - [23"03'06] FILE: DDTLU_2010292100.CSV || RIGA: 00060 - ANNO EVASIONE: 2020 || N. EVASIONE: 00061320 - ANNO BOLLA: 2020 || N. BOLLA: 00411345 || DEL: 29/10/2020 - BOLLA ASSOCIATA CORRETTAMENTE.
 [29/10/20] - [23"03'06] FILE: DDTLU_2010292100.CSV || RIGA: 00060 - ANNO EVASIONE: 2020 || N. EVASIONE: 00061320 - ANNO BOLLA: 2020 || N. BOLLA: 00411345 || DEL: 29/10/2020 - FATTURA PRENOTATA CORRETTAMENTE.
 [29/10/20] - [23"03'06] FILE: DDTLU_2010292100.CSV || RIGA: 00061 - ANNO EVASIONE: 2020 || N. EVASIONE: 00061325 - ANNO BOLLA: 2020 || N. BOLLA: 00411379 || DEL: 29/10/2020 - BOLLA ASSOCIATA CORRETTAMENTE.
 [29/10/20] - [23"03'06] FILE: DDTLU_2010292100.CSV || RIGA: 00061 - ANNO EVASIONE: 2020 || N. EVASIONE: 00061325 - ANNO BOLLA: 2020 || N. BOLLA: 00411379 || DEL: 29/10/2020 - FATTURA PRENOTATA CORRETTAMENTE.
 [29/10/20] - [23"03'06] FILE: DDTLU_2010292100.CSV || RIGA: 00062 - ANNO EVASIONE: 2020 || N. EVASIONE: 00061328 - ANNO BOLLA: 2020 || N. BOLLA: 00411395 || DEL: 29/10/2020 - BOLLA ASSOCIATA CORRETTAMENTE.
 [29/10/20] - [23"03'06] FILE: DDTLU_2010292100.CSV || RIGA: 00062 - ANNO EVASIONE: 2020 || N. EVASIONE: 00061328 - ANNO BOLLA: 2020 || N. BOLLA: 00411395 || DEL: 29/10/2020 - FATTURA PRENOTATA CORRETTAMENTE.
 [29/10/20] - [23"03'06] FILE: DDTLU_2010292100.CSV || RIGA: 00063 - ANNO EVASIONE: 2020 || N. EVASIONE: 00061335 - ANNO BOLLA: 2020 || N. BOLLA: 00411375 || DEL: 29/10/2020 - RIFERIMENTI BOLLA GIA' PRESENTI.
 [29/10/20] - [23"03'06] FILE: DDTLU_2010292100.CSV || RIGA: 00064 - ANNO EVASIONE: 2020 || N. EVASIONE: 00061337 - ANNO BOLLA: 2020 || N. BOLLA: 00411387 || DEL: 29/10/2020 - RIFERIMENTI BOLLA GIA' PRESENTI.
 [29/10/20] - [23"03'06] FILE: DDTLU_2010292100.CSV || RIGA: 00065 - ANNO EVASIONE: 2020 || N. EVASIONE: 00061340 - ANNO BOLLA: 2020 || N. BOLLA: 00411386 || DEL: 29/10/2020 - RIFERIMENTI BOLLA GIA' PRESENTI.
 [29/10/20] - [23"03'06] FILE: DDTLU_2010292100.CSV || RIGA: 00066 - ANNO EVASIONE: 2020 || N. EVASIONE: 00061349 - ANNO BOLLA: 2020 || N. BOLLA: 00411389 || DEL: 29/10/2020 - RIFERIMENTI BOLLA GIA' PRESENTI.
 [29/10/20] - [23"03'06] FILE: DDTLU_2010292100.CSV || RIGA: 00067 - ANNO EVASIONE: 2020 || N. EVASIONE: 00061351 - ANNO BOLLA: 2020 || N. BOLLA: 00411376 || DEL: 29/10/2020 - RIFERIMENTI BOLLA GIA' PRESENTI.
 [29/10/20] - [23"03'06] FILE: DDTLU_2010292100.CSV || RIGA: 00068 - ANNO EVASIONE: 2020 || N. EVASIONE: 00061353 - ANNO BOLLA: 2020 || N. BOLLA: 00411377 || DEL: 29/10/2020 - RIFERIMENTI BOLLA GIA' PRESENTI.
 [29/10/20] - [23"03'06] FILE: DDTLU_2010292100.CSV || RIGA: 00069 - ANNO EVASIONE: 2020 || N. EVASIONE: 00061360 - ANNO BOLLA: 2020 || N. BOLLA: 00411392 || DEL: 29/10/2020 - RIFERIMENTI BOLLA GIA' PRESENTI.
 [29/10/20] - [23"03'06] FILE: DDTLU_2010292100.CSV || RIGA: 00070 - ANNO EVASIONE: 2020 || N. EVASIONE: 00061363 - ANNO BOLLA: 2020 || N. BOLLA: 00411388 || DEL: 29/10/2020 - RIFERIMENTI BOLLA GIA' PRESENTI.
 [29/10/20] - [23"03'06] FILE: DDTLU_2010292100.CSV || RIGA: 00071 - ANNO EVASIONE: 2020 || N. EVASIONE: 00061366 - ANNO BOLLA: 2020 || N. BOLLA: 00411385 || DEL: 29/10/2020 - RIFERIMENTI BOLLA GIA' PRESENTI.
 [29/10/20] - [23"03'06] FILE: DDTLU_2010292100.CSV || RIGA: 00072 - ANNO EVASIONE: 2020 || N. EVASIONE: 00061369 - ANNO BOLLA: 2020 || N. BOLLA: 00411400 || DEL: 29/10/2020 - RIFERIMENTI BOLLA GIA' PRESENTI.
 [29/10/20] - [23"03'06] FILE: DDTLU_2010292100.CSV || RIGA: 00073 - ANNO EVASIONE: 2020 || N. EVASIONE: 00061372 - ANNO BOLLA: 2020 || N. BOLLA: 00411398 || DEL: 29/10/2020 - RIFERIMENTI BOLLA GIA' PRESENTI.
 [29/10/20] - [23"03'06] FILE: DDTLU_2010292100.CSV || RIGA: 00074 - ANNO EVASIONE: 2020 || N. EVASIONE: 00061373 - ANNO BOLLA: 2020 || N. BOLLA: 00411393 || DEL: 29/10/2020 - RIFERIMENTI BOLLA GIA' PRESENTI.
 [29/10/20] - [23"03'06] FILE: DDTLU_2010292100.CSV || RIGA: 00075 - ANNO EVASIONE: 2020 || N. EVASIONE: 00061376 - ANNO BOLLA: 2020 || N. BOLLA: 00411346 || DEL: 29/10/2020 - RIFERIMENTI BOLLA GIA' PRESENTI.
 [29/10/20] - [23"03'06] FILE: DDTLU_2010292100.CSV || RIGA: 00076 - ANNO EVASIONE: 2020 || N. EVASIONE: 00061379 - ANNO BOLLA: 2020 || N. BOLLA: 00411381 || DEL: 29/10/2020 - RIFERIMENTI BOLLA GIA' PRESENTI.
 [29/10/20] - [23"03'06] FILE: DDTLU_2010292100.CSV || RIGA: 00077 - ANNO EVASIONE: 2020 || N. EVASIONE: 00061382 - ANNO BOLLA: 2020 || N. BOLLA: 00411347 || DEL: 29/10/2020 - RIFERIMENTI BOLLA GIA' PRESENTI.
 [29/10/20] - [23"03'06] FILE: DDTLU_2010292100.CSV || RIGA: 00078 - ANNO EVASIONE: 2020 || N. EVASIONE: 00061384 - ANNO BOLLA: 2020 || N. BOLLA: 00411391 || DEL: 29/10/2020 - RIFERIMENTI BOLLA GIA' PRESENTI.
 [29/10/20] - [23"03'06] FILE: DDTLU_2010292100.CSV || RIGA: 00079 - ANNO EVASIONE: 2020 || N. EVASIONE: 00061393 - ANNO BOLLA: 2020 || N. BOLLA: 00411390 || DEL: 29/10/2020 - RIFERIMENTI BOLLA GIA' PRESENTI.
 [29/10/20] - [23"03'06] FILE: DDTLU_2010292100.CSV || RIGA: 00080 - ANNO EVASIONE: 2020 || N. EVASIONE: 00061400 - ANNO BOLLA: 2020 || N. BOLLA: 00411348 || DEL: 29/10/2020 - RIFERIMENTI BOLLA GIA' PRESENTI.
 [29/10/20] - [23"03'07] FILE: DDTLU_2010292100.CSV || RIGA: 00081 - ANNO EVASIONE: 2020 || N. EVASIONE: 00061403 - ANNO BOLLA: 2020 || N. BOLLA: 00411383 || DEL: 29/10/2020 - BOLLA ASSOCIATA CORRETTAMENTE.
 [29/10/20] - [23"03'07] FILE: DDTLU_2010292100.CSV || RIGA: 00081 - ANNO EVASIONE: 2020 || N. EVASIONE: 00061403 - ANNO BOLLA: 2020 || N. BOLLA: 00411383 || DEL: 29/10/2020 - FATTURA PRENOTATA CORRETTAMENTE.
 [29/10/20] - [23"03'07] FILE: DDTLU_2010292100.CSV || RIGA: 00082 - ANNO EVASIONE: 2020 || N. EVASIONE: 00061405 - ANNO BOLLA: 2020 || N. BOLLA: 00411366 || DEL: 29/10/2020 - BOLLA ASSOCIATA CORRETTAMENTE.
 [29/10/20] - [23"03'07] FILE: DDTLU_2010292100.CSV || RIGA: 00082 - ANNO EVASIONE: 2020 || N. EVASIONE: 00061405 - ANNO BOLLA: 2020 || N. BOLLA: 00411366 || DEL: 29/10/2020 - FATTURA PRENOTATA CORRETTAMENTE.
 [29/10/20] - [23"03'07] FILE: DDTLU_2010292100.CSV || RIGA: 00083 - ANNO EVASIONE: 2020 || N. EVASIONE: 00061406 - ANNO BOLLA: 2020 || N. BOLLA: 00411374 || DEL: 29/10/2020 - BOLLA ASSOCIATA CORRETTAMENTE.
 [29/10/20] - [23"03'07] FILE: DDTLU_2010292100.CSV || RIGA: 00083 - ANNO EVASIONE: 2020 || N. EVASIONE: 00061406 - ANNO BOLLA: 2020 || N. BOLLA: 00411374 || DEL: 29/10/2020 - FATTURA PRENOTATA CORRETTAMENTE.
 [29/10/20] - [23"03'07] FILE: DDTLU_2010292100.CSV || RIGA: 00084 - ANNO EVASIONE: 2020 || N. EVASIONE: 00061416 - ANNO BOLLA: 2020 || N. BOLLA: 00411394 || DEL: 29/10/2020 - BOLLA ASSOCIATA CORRETTAMENTE.
 [29/10/20] - [23"03'07] FILE: DDTLU_2010292100.CSV || RIGA: 00084 - ANNO EVASIONE: 2020 || N. EVASIONE: 00061416 - ANNO BOLLA: 2020 || N. BOLLA: 00411394 || DEL: 29/10/2020 - FATTURA PRENOTATA CORRETTAMENTE.
 [29/10/20] - [23"03'07] FILE: DDTLU_2010292100.CSV || RIGA: 00085 - ANNO EVASIONE: 2020 || N. EVASIONE: 00061418 - ANNO BOLLA: 2020 || N. BOLLA: 00411367 || DEL: 29/10/2020 - BOLLA ASSOCIATA CORRETTAMENTE.
 [29/10/20] - [23"03'07] FILE: DDTLU_2010292100.CSV || RIGA: 00085 - ANNO EVASIONE: 2020 || N. EVASIONE: 00061418 - ANNO BOLLA: 2020 || N. BOLLA: 00411367 || DEL: 29/10/2020 - FATTURA PRENOTATA CORRETTAMENTE.
 [29/10/20] - [23"03'07] FILE: DDTLU_2010292100.CSV || RIGA: 00086 - ANNO EVASIONE: 2020 || N. EVASIONE: 00061420 - ANNO BOLLA: 2020 || N. BOLLA: 00411397 || DEL: 29/10/2020 - BOLLA ASSOCIATA CORRETTAMENTE.
 [29/10/20] - [23"03'07] FILE: DDTLU_2010292100.CSV || RIGA: 00086 - ANNO EVASIONE: 2020 || N. EVASIONE: 00061420 - ANNO BOLLA: 2020 || N. BOLLA: 00411397 || DEL: 29/10/2020 - FATTURA PRENOTATA CORRETTAMENTE.
 [29/10/20] - [23"03'07] FILE: DDTLU_2010292100.CSV || RIGA: 00087 - ANNO EVASIONE: 2020 || N. EVASIONE: 00061436 - ANNO BOLLA: 2020 || N. BOLLA: 00411360 || DEL: 29/10/2020 - BOLLA ASSOCIATA CORRETTAMENTE.
 [29/10/20] - [23"03'08] FILE: DDTLU_2010292100.CSV || RIGA: 00087 - ANNO EVASIONE: 2020 || N. EVASIONE: 00061436 - ANNO BOLLA: 2020 || N. BOLLA: 00411360 || DEL: 29/10/2020 - FATTURA PRENOTATA CORRETTAMENTE.
 [29/10/20] - [23"03'08] FILE: DDTLU_2010292100.CSV || RIGA: 00088 - ANNO EVASIONE: 2020 || N. EVASIONE: 00061452 - ANNO BOLLA: 2020 || N. BOLLA: 00411361 || DEL: 29/10/2020 - BOLLA ASSOCIATA CORRETTAMENTE.
 [29/10/20] - [23"03'08] FILE: DDTLU_2010292100.CSV || RIGA: 00088 - ANNO EVASIONE: 2020 || N. EVASIONE: 00061452 - ANNO BOLLA: 2020 || N. BOLLA: 00411361 || DEL: 29/10/2020 - FATTURA PRENOTATA CORRETTAMENTE.
 [29/10/20] - [23"03'08] FILE: DDTLU_2010292100.CSV || RIGA: 00089 - ANNO EVASIONE: 2020 || N. EVASIONE: 00061480 - ANNO BOLLA: 2020 || N. BOLLA: 00411368 || DEL: 29/10/2020 - BOLLA ASSOCIATA CORRETTAMENTE.
 [29/10/20] - [23"03'08] FILE: DDTLU_2010292100.CSV || RIGA: 00089 - ANNO EVASIONE: 2020 || N. EVASIONE: 00061480 - ANNO BOLLA: 2020 || N. BOLLA: 00411368 || DEL: 29/10/2020 - FATTURA PRENOTATA CORRETTAMENTE.
 [29/10/20] - [23"03'08] FILE: DDTLU_2010292100.CSV || RIGA: 00090 - ANNO EVASIONE: 2020 || N. EVASIONE: 00061481 - ANNO BOLLA: 2020 || N. BOLLA: 00411369 || DEL: 29/10/2020 - BOLLA ASSOCIATA CORRETTAMENTE.
 [29/10/20] - [23"03'08] FILE: DDTLU_2010292100.CSV || RIGA: 00090 - ANNO EVASIONE: 2020 || N. EVASIONE: 00061481 - ANNO BOLLA: 2020 || N. BOLLA: 00411369 || DEL: 29/10/2020 - FATTURA PRENOTATA CORRETTAMENTE.
 [29/10/20] - [23"03'08] FILE: DDTLU_2010292100.CSV || RIGA: 00091 - ANNO EVASIONE: 2020 || N. EVASIONE: 00061482 - ANNO BOLLA: 2020 || N. BOLLA: 00411370 || DEL: 29/10/2020 - BOLLA ASSOCIATA CORRETTAMENTE.
 [29/10/20] - [23"03'08] FILE: DDTLU_2010292100.CSV || RIGA: 00091 - ANNO EVASIONE: 2020 || N. EVASIONE: 00061482 - ANNO BOLLA: 2020 || N. BOLLA: 00411370 || DEL: 29/10/2020 - FATTURA PRENOTATA CORRETTAMENTE.
 [29/10/20] - [23"03'08] FILE: DDTLU_2010292100.CSV || RIGA: 00092 - ANNO EVASIONE: 0000 || N. EVASIONE: 00000000 - ORDINE NON TROVATO.
 [29/10/20] - [23"03'08] FILE: DDTLU_2010292100.CSV || RIGA: 00092 - ANNO EVASIONE: 0000 || N. EVASIONE: 00000000 || RIGA EVASIONE: 00005 - ANNO BOLLA: 2020 || N. BOLLA: 00411401 || DEL: 29/10/2020 - PRENOTAZIONE NON RIUSCITA - Ordine non trovato
 [29/10/20] - [23"03'08] ESEGUO BACKUP: move \\srvapp01\FTP\CORRIERI\TIESSE\DEPOSITO\DDTLU_2010292100.CSV \\srvdc02\GESLUX\shi\Backup\DDTLU_2010292100.CSV_20201029_23030861
 [29/10/20] - [23"03'08] BACKUP RIUSCITO: \\srvdc02\GESLUX\shi\Backup\DDTLU_2010292100.CSV_20201029_23030861
 [29/10/20] - [23"03'08] ELABORATI 00001 FILES CSV
 [29/10/20] - [23"03'08] FATTURE PRENOTATE 00069 - BOLLE ASSOCIATE: 00070 - RIGHE CON BOLLE NON VALIDE: 00000 - ORDINI NON TROVATI: 00001 - ORDINI GIA' BOLLETTATI: 00000 FILES CSV
 [29/10/20] - [23"03'08] CHIUSURA FILES
 [29/10/20] - [23"03'08] ELABORAZIONE TERMINATA IN: 13 SECONDI
 [29/10/20] - [23"03'08] INVIO MAIL IN CORSO...
 [29/10/20] - [23"03'08] TENTATIVO N. 01: Chiamata InvioMail riuscita!
