 [13/12/19] - [11"51'02] INIZIO ELABORAZIONE
 [13/12/19] - [11"51'02] APERTURA FILES
 [13/12/19] - [11"51'02] VERIFICA CARTELLA BACKUP
 [13/12/19] - [11"51'02] VERIFICA CARTELLA BACKUP OK
 [13/12/19] - [11"51'02] VERIFICA CARTELLA IMPORT
 [13/12/19] - [11"51'02] VERIFICA CARTELLA IMPORT OK
 [13/12/19] - [11"51'02] ELABORAZIONE CARTELLA IMPORT
 [13/12/19] - [11"51'02] ELABORAZIONE FILE: DDTLU_1912050900.CSV
 [13/12/19] - [11"51'02] RIGA: 00001 - ORDINE:2019 - 00084913 NON TROVATO
 [13/12/19] - [11"51'02] RIGA: 00002 - ORDINE:2019 - 00084914 NON TROVATO
 [13/12/19] - [11"51'02] RIGA: 00003 - ORDINE:2019 - 00084916 NON TROVATO
 [13/12/19] - [11"51'02] RIGA: 00004 - ORDINE:2019 - 00084917 NON TROVATO
 [13/12/19] - [11"51'02] RIGA: 00005 - ORDINE:2019 - 00084923 NON TROVATO
 [13/12/19] - [11"51'02] RIGA: 00006 - ORDINE:2019 - 00084924 NON TROVATO
 [13/12/19] - [11"51'02] RIGA: 00007 - ORDINE:2019 - 00084925 NON TROVATO
 [13/12/19] - [11"51'02] RIGA: 00008 - ORDINE:2019 - 00084926 NON TROVATO
 [13/12/19] - [11"51'02] RIGA: 00009 - ORDINE:2019 - 00084927 NON TROVATO
 [13/12/19] - [11"51'02] RIGA: 00010 - ORDINE:2019 - 00084929 NON TROVATO
 [13/12/19] - [11"51'02] RIGA: 00011 - ORDINE:2019 - 00084930 NON TROVATO
 [13/12/19] - [11"51'02] RIGA: 00012 - ORDINE:2019 - 00084932 NON TROVATO
 [13/12/19] - [11"51'02] RIGA: 00013 - ORDINE:2019 - 00084933 NON TROVATO
 [13/12/19] - [11"51'02] RIGA: 00014 - ORDINE:2019 - 00084934 NON TROVATO
 [13/12/19] - [11"51'02] RIGA: 00015 - ORDINE:2019 - 00084935 NON TROVATO
 [13/12/19] - [11"51'02] RIGA: 00016 - ORDINE:2019 - 00084937 NON TROVATO
 [13/12/19] - [11"51'02] RIGA: 00017 - ORDINE:2019 - 00084940 NON TROVATO
 [13/12/19] - [11"51'02] RIGA: 00018 - ORDINE:2019 - 00084941 NON TROVATO
 [13/12/19] - [11"51'02] RIGA: 00019 - ORDINE:2019 - 00084943 NON TROVATO
 [13/12/19] - [11"51'02] RIGA: 00020 - ORDINE:2019 - 00084946 NON TROVATO
 [13/12/19] - [11"51'02] RIGA: 00021 - ORDINE:2019 - 00084949 NON TROVATO
 [13/12/19] - [11"51'02] RIGA: 00022 - ORDINE:2019 - 00084950 NON TROVATO
 [13/12/19] - [11"51'02] RIGA: 00023 - ORDINE:2019 - 00084951 NON TROVATO
 [13/12/19] - [11"51'02] RIGA: 00024 - ORDINE:2019 - 00084952 NON TROVATO
 [13/12/19] - [11"51'02] RIGA: 00025 - ORDINE:2019 - 00084954 NON TROVATO
 [13/12/19] - [11"51'02] RIGA: 00026 - ORDINE:2019 - 00084956 NON TROVATO
 [13/12/19] - [11"51'02] RIGA: 00027 - ORDINE:2019 - 00084958 NON TROVATO
 [13/12/19] - [11"51'02] RIGA: 00028 - ORDINE:2019 - 00084959 NON TROVATO
 [13/12/19] - [11"51'02] RIGA: 00029 - ORDINE:2019 - 00084960 NON TROVATO
 [13/12/19] - [11"51'02] RIGA: 00030 - ORDINE:2019 - 00084961 NON TROVATO
 [13/12/19] - [11"51'02] RIGA: 00031 - ORDINE:2019 - 00084962 NON TROVATO
 [13/12/19] - [11"51'02] RIGA: 00032 - ORDINE:2019 - 00084963 NON TROVATO
 [13/12/19] - [11"51'02] RIGA: 00033 - ORDINE:2019 - 00084965 NON TROVATO
 [13/12/19] - [11"51'02] RIGA: 00034 - ORDINE:2019 - 00084967 NON TROVATO
 [13/12/19] - [11"51'02] RIGA: 00035 - ORDINE:2019 - 00084971 NON TROVATO
 [13/12/19] - [11"51'02] RIGA: 00036 - ORDINE:2019 - 00084973 NON TROVATO
 [13/12/19] - [11"51'02] RIGA: 00037 - ORDINE:2019 - 00084974 NON TROVATO
 [13/12/19] - [11"51'02] RIGA: 00038 - ORDINE:2019 - 00084975 NON TROVATO
 [13/12/19] - [11"51'02] RIGA: 00039 - ORDINE:2019 - 00084976 NON TROVATO
 [13/12/19] - [11"51'02] RIGA: 00040 - ORDINE:2019 - 00084977 NON TROVATO
 [13/12/19] - [11"51'02] RIGA: 00041 - ORDINE:2019 - 00084979 NON TROVATO
 [13/12/19] - [11"51'02] RIGA: 00042 - ORDINE:2019 - 00084980 NON TROVATO
 [13/12/19] - [11"51'02] RIGA: 00043 - ORDINE:2019 - 00084981 NON TROVATO
 [13/12/19] - [11"51'02] RIGA: 00044 - ORDINE:2019 - 00084982 NON TROVATO
 [13/12/19] - [11"51'02] RIGA: 00045 - ORDINE:2019 - 00084985 NON TROVATO
 [13/12/19] - [11"51'02] RIGA: 00046 - ORDINE:2019 - 00084986 NON TROVATO
 [13/12/19] - [11"51'02] RIGA: 00047 - ORDINE:2019 - 00084987 NON TROVATO
 [13/12/19] - [11"51'02] RIGA: 00048 - ORDINE:2019 - 00084989 NON TROVATO
 [13/12/19] - [11"51'02] RIGA: 00049 - ORDINE:2019 - 00084990 NON TROVATO
 [13/12/19] - [11"51'02] RIGA: 00050 - ORDINE:2019 - 00084991 NON TROVATO
 [13/12/19] - [11"51'02] RIGA: 00051 - ORDINE:2019 - 00084992 NON TROVATO
 [13/12/19] - [11"51'02] RIGA: 00052 - ORDINE:2019 - 00084994 NON TROVATO
 [13/12/19] - [11"51'02] RIGA: 00053 - ORDINE:2019 - 00084995 NON TROVATO
 [13/12/19] - [11"51'02] RIGA: 00054 - ORDINE:2019 - 00084996 NON TROVATO
 [13/12/19] - [11"51'02] RIGA: 00055 - ORDINE:2019 - 00084997 NON TROVATO
 [13/12/19] - [11"51'02] RIGA: 00056 - ORDINE:2019 - 00084998 NON TROVATO
 [13/12/19] - [11"51'02] RIGA: 00057 - ORDINE:2019 - 00084999 NON TROVATO
 [13/12/19] - [11"51'02] RIGA: 00058 - ORDINE:2019 - 00085003 NON TROVATO
 [13/12/19] - [11"51'02] RIGA: 00059 - ORDINE:2019 - 00085004 NON TROVATO
 [13/12/19] - [11"51'02] RIGA: 00060 - ORDINE:0000 - 00000029 NON TROVATO
 [13/12/19] - [11"51'02] ESEGUO BACKUP: move F:\Lubex\GESLUX\conlubgio\imp\DDTLU_1912050900.CSV F:\Lubex\GESLUX\conlubgio\bck\DDTLU_1912050900.CSV_20191213_11510219
 [13/12/19] - [11"51'02] BACKUP RIUSCITO: F:\Lubex\GESLUX\conlubgio\bck\DDTLU_1912050900.CSV_20191213_11510219
 [13/12/19] - [11"51'02] ELABORATI 00001 FILES CSV
 [13/12/19] - [11"51'02] FATTURE PRENOTATE 00000 - BOLLE ASSOCIATE: 00000 - RIGHE CON BOLLE NON VALIDE: 00000 - ORDINI NON TROVATI: 00060 - ORDINI GIA' BOLLETTATI: 00000 FILES CSV
 [13/12/19] - [11"51'02] CHIUSURA FILES
 [13/12/19] - [11"51'02] ELABORAZIONE TERMINATA IN: 00 SECONDI
