 [06/12/19] - [15"12'47] INIZIO ELABORAZIONE
 [06/12/19] - [15"12'47] APERTURA FILES
 [06/12/19] - [15"12'47] VERIFICA CARTELLA BACKUP
 [06/12/19] - [15"12'47] VERIFICA CARTELLA BACKUP OK
 [06/12/19] - [15"12'47] VERIFICA CARTELLA IMPORT
 [06/12/19] - [15"12'47] VERIFICA CARTELLA IMPORT OK
 [06/12/19] - [15"12'47] ELABORAZIONE CARTELLA IMPORT
 [06/12/19] - [15"12'47] ELABORAZIONE FILE: DDTLU_1912031026.CSV
 [06/12/19] - [15"12'47] 2019 - 00000190: RECORD TORDINI IN USO
 [06/12/19] - [15"12'47] RIGA: 00002 - ORDINE:2019 - 00000191 . GIA' BOLLETTATO
 [06/12/19] - [15"12'47] RIGA: 00003 - ORDINE:2019 - 00082314 - BOLLA N. 2019 - 00408372 del 20191203. BOLLA ASSOCIATA
 [06/12/19] - [15"12'47] RIGA: 00003 - ORDINE:2019 - 00082314 - BOLLA N. 2019 - 00408372 del 20191203. FATTURA PRENOTATA
 [06/12/19] - [15"12'47] RIGA: 00004 - ORDINE:2019 - 00082041 - BOLLA N. 2019 - 00408373 del 20191203. BOLLA ASSOCIATA
 [06/12/19] - [15"12'47] FILE: DDTLU_1912031026.CSV || RIGA: 00002 - PRENOTAZIONE NON RIUSCITA - L'articolo non coincide con l'ordine master
 [06/12/19] - [15"12'47] ESEGUO BACKUP: move F:\Lubex\GESLUX\conlubgio\imp\DDTLU_1912031026.CSV F:\Lubex\GESLUX\conlubgio\bck\DDTLU_1912031026.CSV_20191206_15124719
 [06/12/19] - [15"12'47] BACKUP RIUSCITO: F:\Lubex\GESLUX\conlubgio\bck\DDTLU_1912031026.CSV_20191206_15124719
 [06/12/19] - [15"12'47] ELABORAZIONE FILE: DDTLU_1912040900.CSV
 [06/12/19] - [15"12'47] RIGA: 00001 - ORDINE:2019 - 00000001 . GIA' BOLLETTATO
 [06/12/19] - [15"12'47] RIGA: 00002 - ORDINE:2019 - 00234356 NON TROVATO
 [06/12/19] - [15"12'47] RIGA: 00003 - ORDINE:2019 - 00234358 NON TROVATO
 [06/12/19] - [15"12'47] RIGA: 00004 - ORDINE:2019 - 00234359 NON TROVATO
 [06/12/19] - [15"12'47] RIGA: 00005 - ORDINE:2019 - 00234361 NON TROVATO
 [06/12/19] - [15"12'47] RIGA: 00006 - ORDINE:2019 - 00234362 NON TROVATO
 [06/12/19] - [15"12'47] RIGA: 00007 - ORDINE:2019 - 00234392 NON TROVATO
 [06/12/19] - [15"12'47] RIGA: 00008 - ORDINE:2019 - 00234395 NON TROVATO
 [06/12/19] - [15"12'47] RIGA: 00009 - ORDINE:2019 - 00234396 NON TROVATO
 [06/12/19] - [15"12'47] RIGA: 00010 - ORDINE:2019 - 00234400 NON TROVATO
 [06/12/19] - [15"12'47] RIGA: 00011 - ORDINE:2019 - 00234408 NON TROVATO
 [06/12/19] - [15"12'47] RIGA: 00012 - ORDINE:2019 - 00234415 NON TROVATO
 [06/12/19] - [15"12'47] RIGA: 00013 - ORDINE:2019 - 00234419 NON TROVATO
 [06/12/19] - [15"12'47] RIGA: 00014 - ORDINE:2019 - 00234421 NON TROVATO
 [06/12/19] - [15"12'47] RIGA: 00015 - ORDINE:2019 - 00234425 NON TROVATO
 [06/12/19] - [15"12'47] RIGA: 00016 - ORDINE:2019 - 00234433 NON TROVATO
 [06/12/19] - [15"12'47] RIGA: 00017 - ORDINE:2019 - 00234434 NON TROVATO
 [06/12/19] - [15"12'47] RIGA: 00018 - ORDINE:2019 - 00234436 NON TROVATO
 [06/12/19] - [15"12'47] RIGA: 00019 - ORDINE:2019 - 00234439 NON TROVATO
 [06/12/19] - [15"12'47] RIGA: 00020 - ORDINE:2019 - 00234441 NON TROVATO
 [06/12/19] - [15"12'47] RIGA: 00021 - ORDINE:2019 - 00234442 NON TROVATO
 [06/12/19] - [15"12'47] RIGA: 00022 - ORDINE:2019 - 00234445 NON TROVATO
 [06/12/19] - [15"12'47] RIGA: 00023 - ORDINE:2019 - 00234448 NON TROVATO
 [06/12/19] - [15"12'47] RIGA: 00024 - ORDINE:2019 - 00234451 NON TROVATO
 [06/12/19] - [15"12'47] RIGA: 00025 - ORDINE:2019 - 00234452 NON TROVATO
 [06/12/19] - [15"12'47] RIGA: 00026 - ORDINE:2019 - 00234453 NON TROVATO
 [06/12/19] - [15"12'47] RIGA: 00027 - ORDINE:2019 - 00234454 NON TROVATO
 [06/12/19] - [15"12'47] RIGA: 00028 - ORDINE:2019 - 00234455 NON TROVATO
 [06/12/19] - [15"12'47] RIGA: 00029 - ORDINE:2019 - 00234458 NON TROVATO
 [06/12/19] - [15"12'47] RIGA: 00030 - ORDINE:2019 - 00234459 NON TROVATO
 [06/12/19] - [15"12'47] RIGA: 00031 - ORDINE:2019 - 00234461 NON TROVATO
 [06/12/19] - [15"12'47] RIGA: 00032 - ORDINE:2019 - 00234462 NON TROVATO
 [06/12/19] - [15"12'47] RIGA: 00033 - ORDINE:2019 - 00234595 NON TROVATO
 [06/12/19] - [15"12'47] RIGA: 00034 - ORDINE:2019 - 00234596 NON TROVATO
 [06/12/19] - [15"12'47] RIGA: 00035 - ORDINE:2019 - 00234597 NON TROVATO
 [06/12/19] - [15"12'47] RIGA: 00036 - ORDINE:2019 - 00234598 NON TROVATO
 [06/12/19] - [15"12'47] RIGA: 00037 - ORDINE:2019 - 00234599 NON TROVATO
 [06/12/19] - [15"12'47] RIGA: 00038 - ORDINE:2019 - 00234600 NON TROVATO
 [06/12/19] - [15"12'47] ESEGUO BACKUP: move F:\Lubex\GESLUX\conlubgio\imp\DDTLU_1912040900.CSV F:\Lubex\GESLUX\conlubgio\bck\DDTLU_1912040900.CSV_20191206_15124720
 [06/12/19] - [15"12'47] BACKUP RIUSCITO: F:\Lubex\GESLUX\conlubgio\bck\DDTLU_1912040900.CSV_20191206_15124720
 [06/12/19] - [15"12'47] ELABORATI 00002 FILES CSV
 [06/12/19] - [15"12'47] CHIUSURA FILES
 [06/12/19] - [15"12'47] ELABORAZIONE TERMINATA IN: 00 SECONDI
 [06/12/19] - [15"12'47] INVIO MAIL IN CORSO...
 [06/12/19] - [15"12'48] TENTATIVO N. 01: Chiamata InvioMail riuscita!
 [06/12/19] - [15"12'48] TENTATIVO N. 01:
 [06/12/19] - [15"12'48] TENTATIVO N. 02: Chiamata InvioMail riuscita!
 [06/12/19] - [15"12'48] TENTATIVO N. 02:
 [06/12/19] - [15"12'48] TENTATIVO N. 03: Chiamata InvioMail riuscita!
 [06/12/19] - [15"12'48] TENTATIVO N. 03:
 [06/12/19] - [15"12'49] TENTATIVO N. 04: Chiamata InvioMail riuscita!
 [06/12/19] - [15"12'49] TENTATIVO N. 04:
 [06/12/19] - [15"12'49] TENTATIVO N. 05: Chiamata InvioMail riuscita!
 [06/12/19] - [15"12'49] TENTATIVO N. 05:
 [06/12/19] - [15"12'49] TENTATIVO N. 06: Chiamata InvioMail riuscita!
 [06/12/19] - [15"12'49] TENTATIVO N. 06:
 [06/12/19] - [15"12'49] TENTATIVO N. 07: Chiamata InvioMail riuscita!
 [06/12/19] - [15"12'49] TENTATIVO N. 07:
 [06/12/19] - [15"12'50] TENTATIVO N. 08: Chiamata InvioMail riuscita!
 [06/12/19] - [15"12'50] TENTATIVO N. 08:
 [06/12/19] - [15"12'50] TENTATIVO N. 09: Chiamata InvioMail riuscita!
 [06/12/19] - [15"12'50] TENTATIVO N. 09:
 [06/12/19] - [15"12'50] TENTATIVO N. 10: Chiamata InvioMail riuscita!
 [06/12/19] - [15"12'50] TENTATIVO N. 10:
