 [17/11/23] - [16"58'11] INIZIO ELABORAZIONE
 [17/11/23] - [16"58'11] CANCELLAZIONE FIDO EXTRA SUI CLIENTI
 [17/11/23] - [16"58'11] CANCELLAZIONE ESEGUITA
 [17/11/23] - [16"58'11] IMPORTAZIONE FIDO EXTRA SUI CLIENTI
 [17/11/23] - [16"58'11] Riga: 0001 - cliente: 00927 aggiornato fido extra: 234575,73
 [17/11/23] - [16"58'11] Riga: 0002 - cliente: 01215 aggiornato fido extra: 660000,00
 [17/11/23] - [16"58'11] Riga: 0003 - cliente: 01570 aggiornato fido extra: 46046,11
 [17/11/23] - [16"58'11] Riga: 0004 - cliente: 02482 aggiornato fido extra: 8426,32
 [17/11/23] - [16"58'11] Riga: 0005 - cliente: 02870 aggiornato fido extra: 1485,40
 [17/11/23] - [16"58'11] Riga: 0006 - cliente: 04730 aggiornato fido extra: 6163,67
 [17/11/23] - [16"58'11] Riga: 0007 - cliente: 05006 aggiornato fido extra: 1249,38
 [17/11/23] - [16"58'11] Riga: 0008 - cliente: 05016 aggiornato fido extra: 2139,93
 [17/11/23] - [16"58'11] Riga: 0009 - cliente: 05120 aggiornato fido extra: 1171,73
 [17/11/23] - [16"58'11] Riga: 0010 - cliente: 05297 aggiornato fido extra: 7279,31
 [17/11/23] - [16"58'11] Riga: 0011 - cliente: 06231 aggiornato fido extra: 9717,50
 [17/11/23] - [16"58'11] Riga: 0012 - cliente: 06292 aggiornato fido extra: 1956,68
 [17/11/23] - [16"58'11] Riga: 0013 - cliente: 06303 aggiornato fido extra: 5378,74
 [17/11/23] - [16"58'11] Riga: 0014 - cliente: 06494 aggiornato fido extra: 3252,65
 [17/11/23] - [16"58'11] Riga: 0015 - cliente: 06716 aggiornato fido extra: 7600,63
 [17/11/23] - [16"58'11] Riga: 0016 - cliente: 06782 aggiornato fido extra: 10750,17
 [17/11/23] - [16"58'11] Riga: 0017 - cliente: 07545 aggiornato fido extra: 16099,52
 [17/11/23] - [16"58'11] Riga: 0018 - cliente: 07816 aggiornato fido extra: 699,01
 [17/11/23] - [16"58'11] Riga: 0019 - cliente: 08029 aggiornato fido extra: 1393,91
 [17/11/23] - [16"58'11] Riga: 0020 - cliente: 08421 aggiornato fido extra: 1080,19
 [17/11/23] - [16"58'11] Riga: 0021 - cliente: 08642 aggiornato fido extra: 10376,72
 [17/11/23] - [16"58'11] Riga: 0022 - cliente: 08762 aggiornato fido extra: 3002,27
 [17/11/23] - [16"58'11] Riga: 0023 - cliente: 08769 aggiornato fido extra: 4628,32
 [17/11/23] - [16"58'11] Riga: 0024 - cliente: 08794 aggiornato fido extra: 1370,30
 [17/11/23] - [16"58'11] Riga: 0025 - cliente: 08795 aggiornato fido extra: 3464,31
 [17/11/23] - [16"58'11] Riga: 0026 - cliente: 08817 aggiornato fido extra: 35134,90
 [17/11/23] - [16"58'11] Riga: 0027 - cliente: 08842 aggiornato fido extra: 2024,76
 [17/11/23] - [16"58'11] Riga: 0028 - cliente: 08947 aggiornato fido extra: 4439,63
 [17/11/23] - [16"58'11] Riga: 0029 - cliente: 09186 aggiornato fido extra: 431,88
 [17/11/23] - [16"58'11] Riga: 0030 - cliente: 09256 aggiornato fido extra: 1519,36
 [17/11/23] - [16"58'11] Riga: 0031 - cliente: 09496 aggiornato fido extra: 1060,16
 [17/11/23] - [16"58'11] Riga: 0032 - cliente: 09594 aggiornato fido extra: 2930,99
 [17/11/23] - [16"58'11] Riga: 0033 - cliente: 09612 aggiornato fido extra: 1010,32
 [17/11/23] - [16"58'11] Riga: 0034 - cliente: 09855 aggiornato fido extra: 1719,69
 [17/11/23] - [16"58'11] Riga: 0035 - cliente: 09888 aggiornato fido extra: 4900,00
 [17/11/23] - [16"58'11] Riga: 0036 - cliente: 09901 aggiornato fido extra: 2254,43
 [17/11/23] - [16"58'11] Riga: 0037 - cliente: 10288 aggiornato fido extra: 1259,53
 [17/11/23] - [16"58'11] Riga: 0038 - cliente: 10425 aggiornato fido extra: 14364,35
 [17/11/23] - [16"58'11] Riga: 0039 - cliente: 10481 aggiornato fido extra: 4141,59
 [17/11/23] - [16"58'11] Riga: 0040 - cliente: 10611 aggiornato fido extra: 8589,15
 [17/11/23] - [16"58'11] Riga: 0041 - cliente: 10679 aggiornato fido extra: 16777,44
 [17/11/23] - [16"58'11] Riga: 0042 - cliente: 10760 aggiornato fido extra: 1728,86
 [17/11/23] - [16"58'11] Riga: 0043 - cliente: 10814 aggiornato fido extra: 1573,80
 [17/11/23] - [16"58'11] Riga: 0044 - cliente: 10880 aggiornato fido extra: 4024,33
 [17/11/23] - [16"58'11] Riga: 0045 - cliente: 10958 aggiornato fido extra: 1171,68
 [17/11/23] - [16"58'11] Riga: 0046 - cliente: 11035 aggiornato fido extra: 5890,10
 [17/11/23] - [16"58'11] Riga: 0047 - cliente: 11089 aggiornato fido extra: 1676,28
 [17/11/23] - [16"58'11] Riga: 0048 - cliente: 11156 aggiornato fido extra: 1853,47
 [17/11/23] - [16"58'11] Riga: 0049 - cliente: 11220 aggiornato fido extra: 1547,57
 [17/11/23] - [16"58'11] Riga: 0050 - cliente: 11271 aggiornato fido extra: 2467,33
 [17/11/23] - [16"58'11] Riga: 0051 - cliente: 11291 aggiornato fido extra: 9129,17
 [17/11/23] - [16"58'11] Riga: 0052 - cliente: 11303 aggiornato fido extra: 2320,93
 [17/11/23] - [16"58'11] Riga: 0053 - cliente: 11310 aggiornato fido extra: 3592,88
 [17/11/23] - [16"58'11] Riga: 0054 - cliente: 11382 aggiornato fido extra: 4023,36
 [17/11/23] - [16"58'11] Riga: 0055 - cliente: 11404 aggiornato fido extra: 6372,80
 [17/11/23] - [16"58'11] Riga: 0056 - cliente: 11464 aggiornato fido extra: 2753,75
 [17/11/23] - [16"58'11] Riga: 0057 - cliente: 11493 aggiornato fido extra: 5847,70
 [17/11/23] - [16"58'11] Riga: 0058 - cliente: 11530 aggiornato fido extra: 1122,53
 [17/11/23] - [16"58'11] Riga: 0059 - cliente: 11543 aggiornato fido extra: 1777,37
 [17/11/23] - [16"58'11] Riga: 0060 - cliente: 11749 aggiornato fido extra: 2754,08
 [17/11/23] - [16"58'11] Riga: 0061 - cliente: 11752 aggiornato fido extra: 2939,51
 [17/11/23] - [16"58'11] Riga: 0062 - cliente: 11771 aggiornato fido extra: 6935,10
 [17/11/23] - [16"58'11] Riga: 0063 - cliente: 11795 aggiornato fido extra: 786,17
 [17/11/23] - [16"58'11] Riga: 0064 - cliente: 11810 aggiornato fido extra: 5984,60
 [17/11/23] - [16"58'11] Riga: 0065 - cliente: 11838 aggiornato fido extra: 5196,21
 [17/11/23] - [16"58'11] Riga: 0066 - cliente: 11894 aggiornato fido extra: 2771,67
 [17/11/23] - [16"58'11] Riga: 0067 - cliente: 11912 aggiornato fido extra: 1319,36
 [17/11/23] - [16"58'11] Riga: 0068 - cliente: 11955 aggiornato fido extra: 759,01
 [17/11/23] - [16"58'11] Riga: 0069 - cliente: 11998 aggiornato fido extra: 2730,78
 [17/11/23] - [16"58'11] Riga: 0070 - cliente: 12023 aggiornato fido extra: 15000,00
 [17/11/23] - [16"58'11] Riga: 0071 - cliente: 12055 aggiornato fido extra: 1265,26
 [17/11/23] - [16"58'11] Riga: 0072 - cliente: 12119 aggiornato fido extra: 1746,47
 [17/11/23] - [16"58'11] Riga: 0073 - cliente: 12275 aggiornato fido extra: 1499,27
 [17/11/23] - [16"58'11] Riga: 0074 - cliente: 12285 aggiornato fido extra: 1447,43
 [17/11/23] - [16"58'11] Riga: 0075 - cliente: 12292 aggiornato fido extra: 58535,03
 [17/11/23] - [16"58'11] Riga: 0076 - cliente: 12307 aggiornato fido extra: 5869,48
 [17/11/23] - [16"58'11] Riga: 0077 - cliente: 12308 aggiornato fido extra: 2933,10
 [17/11/23] - [16"58'11] Riga: 0078 - cliente: 12349 aggiornato fido extra: 6103,42
 [17/11/23] - [16"58'11] Riga: 0079 - cliente: 12354 aggiornato fido extra: 4098,03
 [17/11/23] - [16"58'11] Riga: 0080 - cliente: 12367 aggiornato fido extra: 12137,43
 [17/11/23] - [16"58'11] Riga: 0081 - cliente: 12372 aggiornato fido extra: 5170,16
 [17/11/23] - [16"58'11] Riga: 0082 - cliente: 12375 aggiornato fido extra: 3376,93
 [17/11/23] - [16"58'11] Riga: 0083 - cliente: 12438 aggiornato fido extra: 1351,08
 [17/11/23] - [16"58'11] Riga: 0084 - cliente: 12508 aggiornato fido extra: 4666,14
 [17/11/23] - [16"58'11] Riga: 0085 - cliente: 12536 aggiornato fido extra: 4157,86
 [17/11/23] - [16"58'11] Riga: 0086 - cliente: 12562 aggiornato fido extra: 9923,70
 [17/11/23] - [16"58'11] Riga: 0087 - cliente: 12576 aggiornato fido extra: 1195,38
 [17/11/23] - [16"58'11] Riga: 0088 - cliente: 12577 aggiornato fido extra: 8830,57
 [17/11/23] - [16"58'11] Riga: 0089 - cliente: 12588 aggiornato fido extra: 276,09
 [17/11/23] - [16"58'11] Riga: 0090 - cliente: 12599 aggiornato fido extra: 3297,05
 [17/11/23] - [16"58'11] Riga: 0091 - cliente: 12631 aggiornato fido extra: 6705,52
 [17/11/23] - [16"58'11] Riga: 0092 - cliente: 12655 aggiornato fido extra: 773,09
 [17/11/23] - [16"58'11] Riga: 0093 - cliente: 12678 aggiornato fido extra: 3127,08
 [17/11/23] - [16"58'11] Riga: 0094 - cliente: 12679 aggiornato fido extra: 3487,61
 [17/11/23] - [16"58'11] Riga: 0095 - cliente: 12695 aggiornato fido extra: 13154,96
 [17/11/23] - [16"58'11] Riga: 0096 - cliente: 12709 aggiornato fido extra: 1457,90
 [17/11/23] - [16"58'11] Riga: 0097 - cliente: 12775 aggiornato fido extra: 3006,20
 [17/11/23] - [16"58'11] Riga: 0098 - cliente: 12786 aggiornato fido extra: 16407,91
 [17/11/23] - [16"58'11] Riga: 0099 - cliente: 12800 aggiornato fido extra: 25331,83
 [17/11/23] - [16"58'11] Riga: 0100 - cliente: 12815 aggiornato fido extra: 6528,78
 [17/11/23] - [16"58'11] Riga: 0101 - cliente: 12869 aggiornato fido extra: 857,37
 [17/11/23] - [16"58'11] Riga: 0102 - cliente: 12870 aggiornato fido extra: 9004,38
 [17/11/23] - [16"58'11] Riga: 0103 - cliente: 12878 aggiornato fido extra: 778,84
 [17/11/23] - [16"58'11] Riga: 0104 - cliente: 12937 aggiornato fido extra: 1626,50
 [17/11/23] - [16"58'11] Riga: 0105 - cliente: 13006 aggiornato fido extra: 608,54
 [17/11/23] - [16"58'11] Riga: 0106 - cliente: 13023 aggiornato fido extra: 1842,20
 [17/11/23] - [16"58'11] Riga: 0107 - cliente: 13030 aggiornato fido extra: 1831,92
 [17/11/23] - [16"58'11] FINE IMPORTAZIONE
 [17/11/23] - [16"58'11] FINE ELABORAZIONE
