 [20/04/24] - [00"25'42] INIZIO ELABORAZIONE
 [20/04/24] - [00"25'44] INIZIO CREAZIONE ORDINI
 [20/04/24] - [00"25'45] SCRITTA COPERTURA PER ARTICOLO: 022304 - FORNITORE: 01690 - LISTINO: 05589
 [20/04/24] - [00"25'46] CICLO COPERTURA FABBISOGNO NO PROGRAMMAZIONE
 [20/04/24] - [00"25'46] CICLO COPERTURA FABBISGNO PROGRAMMAZIONE
 [20/04/24] - [00"25'46] TRATTO ARTICOLO: 022304 - MAG: LBX
 [20/04/24] - [00"26'06] ULTIMO MESE MOQ: 06 - TOT QTA MOQ: 000000000001050 - QTA EPAL: 00000720 - BANCALI: 000002
 [20/04/24] - [00"26'06] TOT QTA MOQ: 000000000001440 - MESE 2: 00000150 - MESE 3: 00000300 - MESE 4: 00000500 - MESE 5: 00000750 - MESE 6: 00001050
 [20/04/24] - [00"26'06] QTA ORD = ART-QTA-EPAL(00000720) * num-bancali (000001)
 [20/04/24] - [00"26'06] rof-qta-ord: 00000720 - rof-qta-imballi: 0012
 [20/04/24] - [00"26'06] QTA ORD = Già impostata
 [20/04/24] - [00"26'06] QTA ORD = ROF-QTA-ORD(00000720), DOPO CHECK-IMBALLO
 [20/04/24] - [00"26'06] QTA ORD = ART-QTA-EPAL(00000720) * num-bancali (000001)
 [20/04/24] - [00"26'06] rof-qta-ord: 00000720 - rof-qta-imballi: 0012
 [20/04/24] - [00"26'06] QTA ORD = Già impostata
 [20/04/24] - [00"26'06] QTA ORD = ROF-QTA-ORD(00000720), DOPO CHECK-IMBALLO
 [20/04/24] - [00"26'56] DOPO RICALCOLO MOQ: - MESE 1: 00000720 - MESE 2: 00000000 - MESE 3: 00000000 - MESE 4: 00000000 - MESE 5: 00000720 - MESE 6: 00000000
 [20/04/24] - [00"26'56] SCRITTA TESTATA PROGRAMMAZIONE: 2024 - 00003136
 [20/04/24] - [00"26'56] SCRITTA TESTATA PROGRAMMAZIONE: 2024 - 00003137
 [20/04/24] - [00"26'56] SCRITTA TESTATA PROGRAMMAZIONE: 2024 - 00003138
 [20/04/24] - [00"26'56] SCRITTA TESTATA PROGRAMMAZIONE: 2024 - 00003139
 [20/04/24] - [00"26'56] SCRITTA TESTATA PROGRAMMAZIONE: 2024 - 00003140
 [20/04/24] - [00"26'56] SCRITTA TESTATA PROGRAMMAZIONE: 2024 - 00003141
 [20/04/24] - [00"26'56] QTA ORD = CPFM-QTA-M(00001): 00000300
 [20/04/24] - [00"26'56] QTA ORD = CPFM-QTA-M(00004): 00000300
 [20/04/24] - [00"26'56] QTA ORD = CPFM-QTA-M(00005): 00000300
 [20/04/24] - [00"26'56] QTA ORD = CPFM-QTA-M(00006): 00000300
 [20/04/24] - [00"26'56] FINE CREAZIONE ORDINI
 [20/04/24] - [00"26'56] FINE ELABORAZIONE
