 [19/04/24] - [23"53'57] INIZIO ELABORAZIONE
 [19/04/24] - [23"53'59] INIZIO CREAZIONE ORDINI
 [19/04/24] - [23"54'00] SCRITTA COPERTURA PER ARTICOLO: 022304 - FORNITORE: 01690 - LISTINO: 05589
 [19/04/24] - [23"54'01] CICLO COPERTURA FABBISOGNO NO PROGRAMMAZIONE
 [19/04/24] - [23"54'01] CICLO COPERTURA FABBISGNO PROGRAMMAZIONE
 [19/04/24] - [23"54'01] TRATTO ARTICOLO: 022304 - MAG: LBX
 [19/04/24] - [23"54'01] QTA TOT: 000000000000720 - MOQ ARTICOLO: 00000720. UTILIZZO ART-MOQ
 [19/04/24] - [23"54'01] ULTIMO MESE MOQ: 02 - TOT QTA MOQ: 000000000000720 - QTA EPAL: 00000720 - BANCALI: 000001
 [19/04/24] - [23"54'01] TOT QTA MOQ: 000000000000720 - MESE 2: 00000249 - MESE 3: 00000249 - MESE 4: 00000249 - MESE 5: 00000249 - MESE 6: 00000249
 [19/04/24] - [23"54'01] QTA ORD = CPFM-QTA-M(02)
 [19/04/24] - [23"54'01] rof-qta-ord: 00000720 - rof-qta-imballi: 0012
 [19/04/24] - [23"54'01] QTA ORD = Già impostata
 [19/04/24] - [23"54'01] QTA ORD = ROF-QTA-ORD(00000720), DOPO CHECK-IMBALLO
 [19/04/24] - [23"54'01] DOPO RICALCOLO MOQ: - MESE 1: 00000000 - MESE 2: 00000720 - MESE 3: 00000000 - MESE 4: 00000000 - MESE 5: 00000000 - MESE 6: 00000000
 [19/04/24] - [23"54'01] SCRITTA TESTATA PROGRAMMAZIONE: 2024 - 00003124
 [19/04/24] - [23"54'01] SCRITTA TESTATA PROGRAMMAZIONE: 2024 - 00003125
 [19/04/24] - [23"54'01] SCRITTA TESTATA PROGRAMMAZIONE: 2024 - 00003126
 [19/04/24] - [23"54'01] SCRITTA TESTATA PROGRAMMAZIONE: 2024 - 00003127
 [19/04/24] - [23"54'01] SCRITTA TESTATA PROGRAMMAZIONE: 2024 - 00003128
 [19/04/24] - [23"54'01] SCRITTA TESTATA PROGRAMMAZIONE: 2024 - 00003129
 [19/04/24] - [23"54'26] QTA ORD = CPFM-QTA-M(00001): 00000300
 [19/04/24] - [23"54'26] QTA ORD = CPFM-QTA-M(00004): 00000300
 [19/04/24] - [23"54'26] FINE CREAZIONE ORDINI
 [19/04/24] - [23"54'26] FINE ELABORAZIONE
