 [20/04/24] - [00"32'00] INIZIO ELABORAZIONE
 [20/04/24] - [00"32'02] INIZIO CREAZIONE ORDINI
 [20/04/24] - [00"32'03] SCRITTA COPERTURA PER ARTICOLO: 022304 - FORNITORE: 01690 - LISTINO: 05589
 [20/04/24] - [00"32'04] CICLO COPERTURA FABBISOGNO NO PROGRAMMAZIONE
 [20/04/24] - [00"32'04] CICLO COPERTURA FABBISGNO PROGRAMMAZIONE
 [20/04/24] - [00"32'04] TRATTO ARTICOLO: 022304 - MAG: LBX
 [20/04/24] - [00"32'04] QTA TOT: 000000000000720 - MOQ ARTICOLO: 00000720. UTILIZZO ART-MOQ
 [20/04/24] - [00"32'04] ULTIMO MESE MOQ: 02 - TOT QTA MOQ: 000000000000720 - QTA EPAL: 00000300 - BANCALI: 000003
 [20/04/24] - [00"32'04] TOT QTA MOQ: 000000000000900 - MESE 2: 00000249 - MESE 3: 00000249 - MESE 4: 00000249 - MESE 5: 00000249 - MESE 6: 00000249
 [20/04/24] - [00"32'04] QTA ORD = CPFM-QTA-M(02)
 [20/04/24] - [00"32'04] rof-qta-ord: 00000900 - rof-qta-imballi: 0012
 [20/04/24] - [00"32'04] QTA ORD = Già impostata
 [20/04/24] - [00"32'04] QTA ORD = ROF-QTA-ORD(00000900), DOPO CHECK-IMBALLO
 [20/04/24] - [00"32'04] DOPO RICALCOLO MOQ: - MESE 1: 00000000 - MESE 2: 00000900 - MESE 3: 00000000 - MESE 4: 00000000 - MESE 5: 00000000 - MESE 6: 00000000
 [20/04/24] - [00"32'04] SCRITTA TESTATA PROGRAMMAZIONE: 2024 - 00003142
 [20/04/24] - [00"32'04] SCRITTA TESTATA PROGRAMMAZIONE: 2024 - 00003143
 [20/04/24] - [00"32'04] SCRITTA TESTATA PROGRAMMAZIONE: 2024 - 00003144
 [20/04/24] - [00"32'04] SCRITTA TESTATA PROGRAMMAZIONE: 2024 - 00003145
 [20/04/24] - [00"32'04] SCRITTA TESTATA PROGRAMMAZIONE: 2024 - 00003146
 [20/04/24] - [00"32'04] SCRITTA TESTATA PROGRAMMAZIONE: 2024 - 00003147
