 [20/04/24] - [00"38'32] INIZIO ELABORAZIONE
 [20/04/24] - [00"38'35] INIZIO CREAZIONE ORDINI
 [20/04/24] - [00"38'36] SCRITTA COPERTURA PER ARTICOLO: 022304 - FORNITORE: 01690 - LISTINO: 05589
 [20/04/24] - [00"38'37] CICLO COPERTURA FABBISOGNO NO PROGRAMMAZIONE
 [20/04/24] - [00"38'37] CICLO COPERTURA FABBISGNO PROGRAMMAZIONE
 [20/04/24] - [00"38'37] TRATTO ARTICOLO: 022304 - MAG: LBX
 [20/04/24] - [00"38'37] ULTIMO MESE MOQ: 06 - TOT QTA MOQ: 000000000001050 - QTA EPAL: 00000300 - BANCALI: 000004
 [20/04/24] - [00"38'37] TOT QTA MOQ: 000000000001200 - MESE 2: 00000150 - MESE 3: 00000300 - MESE 4: 00000500 - MESE 5: 00000750 - MESE 6: 00001050
 [20/04/24] - [00"38'37] QTA ORD = ART-QTA-EPAL(00000300) * num-bancali (000001)
 [20/04/24] - [00"38'37] rof-qta-ord: 00000300 - rof-qta-imballi: 0012
 [20/04/24] - [00"38'37] QTA ORD = Già impostata
 [20/04/24] - [00"38'37] QTA ORD = ROF-QTA-ORD(00000300), DOPO CHECK-IMBALLO
 [20/04/24] - [00"38'37] QTA ORD = ART-QTA-EPAL(00000300) * num-bancali (000001)
 [20/04/24] - [00"38'37] rof-qta-ord: 00000300 - rof-qta-imballi: 0012
 [20/04/24] - [00"38'37] QTA ORD = Già impostata
 [20/04/24] - [00"38'37] QTA ORD = ROF-QTA-ORD(00000300), DOPO CHECK-IMBALLO
 [20/04/24] - [00"38'37] QTA ORD = ART-QTA-EPAL(00000300) * num-bancali (000001)
 [20/04/24] - [00"38'37] rof-qta-ord: 00000300 - rof-qta-imballi: 0012
 [20/04/24] - [00"38'37] QTA ORD = Già impostata
 [20/04/24] - [00"38'37] QTA ORD = ROF-QTA-ORD(00000300), DOPO CHECK-IMBALLO
 [20/04/24] - [00"38'37] QTA ORD = CPFM-QTA-M(06)
 [20/04/24] - [00"38'37] rof-qta-ord: 00000300 - rof-qta-imballi: 0012
 [20/04/24] - [00"38'37] QTA ORD = Già impostata
 [20/04/24] - [00"38'37] QTA ORD = ROF-QTA-ORD(00000300), DOPO CHECK-IMBALLO
 [20/04/24] - [00"38'37] DOPO RICALCOLO MOQ: - MESE 1: 00000300 - MESE 2: 00000000 - MESE 3: 00000000 - MESE 4: 00000300 - MESE 5: 00000300 - MESE 6: 00000300
 [20/04/24] - [00"38'51] SCRITTA TESTATA PROGRAMMAZIONE: 2024 - 00003148
 [20/04/24] - [00"38'59] SCRITTA TESTATA PROGRAMMAZIONE: 2024 - 00003149
 [20/04/24] - [00"39'13] SCRITTA TESTATA PROGRAMMAZIONE: 2024 - 00003150
 [20/04/24] - [00"39'13] SCRITTA TESTATA PROGRAMMAZIONE: 2024 - 00003151
 [20/04/24] - [00"39'13] SCRITTA TESTATA PROGRAMMAZIONE: 2024 - 00003152
 [20/04/24] - [00"39'13] SCRITTA TESTATA PROGRAMMAZIONE: 2024 - 00003153
 [20/04/24] - [00"39'13] QTA ORD = CPFM-QTA-M(00001): 00000300
 [20/04/24] - [00"39'13] QTA ORD = CPFM-QTA-M(00004): 00000300
 [20/04/24] - [00"39'13] QTA ORD = CPFM-QTA-M(00005): 00000300
 [20/04/24] - [00"39'13] QTA ORD = CPFM-QTA-M(00006): 00000300
 [20/04/24] - [00"39'13] FINE CREAZIONE ORDINI
 [20/04/24] - [00"39'13] FINE ELABORAZIONE
