 [20/04/24] - [00"19'17] INIZIO ELABORAZIONE
 [20/04/24] - [00"19'20] INIZIO CREAZIONE ORDINI
 [20/04/24] - [00"19'21] SCRITTA COPERTURA PER ARTICOLO: 022304 - FORNITORE: 01690 - LISTINO: 05589
 [20/04/24] - [00"19'22] CICLO COPERTURA FABBISOGNO NO PROGRAMMAZIONE
 [20/04/24] - [00"19'22] CICLO COPERTURA FABBISGNO PROGRAMMAZIONE
 [20/04/24] - [00"19'22] TRATTO ARTICOLO: 022304 - MAG: LBX
 [20/04/24] - [00"19'22] QTA TOT: 000000000000720 - MOQ ARTICOLO: 00000720. UTILIZZO ART-MOQ
 [20/04/24] - [00"19'22] ULTIMO MESE MOQ: 02 - TOT QTA MOQ: 000000000000720 - QTA EPAL: 00000720 - BANCALI: 000001
 [20/04/24] - [00"19'22] TOT QTA MOQ: 000000000000720 - MESE 2: 00000249 - MESE 3: 00000249 - MESE 4: 00000249 - MESE 5: 00000249 - MESE 6: 00000249
 [20/04/24] - [00"19'22] QTA ORD = CPFM-QTA-M(02)
 [20/04/24] - [00"19'22] rof-qta-ord: 00000720 - rof-qta-imballi: 0012
 [20/04/24] - [00"19'22] QTA ORD = Già impostata
 [20/04/24] - [00"19'22] QTA ORD = ROF-QTA-ORD(00000720), DOPO CHECK-IMBALLO
 [20/04/24] - [00"19'22] DOPO RICALCOLO MOQ: - MESE 1: 00000000 - MESE 2: 00000720 - MESE 3: 00000000 - MESE 4: 00000000 - MESE 5: 00000000 - MESE 6: 00000000
 [20/04/24] - [00"19'22] SCRITTA TESTATA PROGRAMMAZIONE: 2024 - 00003136
 [20/04/24] - [00"19'22] SCRITTA TESTATA PROGRAMMAZIONE: 2024 - 00003137
 [20/04/24] - [00"19'22] SCRITTA TESTATA PROGRAMMAZIONE: 2024 - 00003138
 [20/04/24] - [00"19'22] SCRITTA TESTATA PROGRAMMAZIONE: 2024 - 00003139
 [20/04/24] - [00"19'22] SCRITTA TESTATA PROGRAMMAZIONE: 2024 - 00003140
 [20/04/24] - [00"19'22] SCRITTA TESTATA PROGRAMMAZIONE: 2024 - 00003141
