 [20/04/24] - [01"23'47] INIZIO ELABORAZIONE
 [20/04/24] - [01"23'49] INIZIO CREAZIONE ORDINI
 [20/04/24] - [01"23'51] SCRITTA COPERTURA PER ARTICOLO: 022304 - FORNITORE: 01690 - LISTINO: 05589
 [20/04/24] - [01"23'51] CICLO COPERTURA FABBISOGNO NO PROGRAMMAZIONE
 [20/04/24] - [01"23'51] CICLO COPERTURA FABBISGNO PROGRAMMAZIONE
 [20/04/24] - [01"23'51] TRATTO ARTICOLO: 022304 - MAG: LBX
 [20/04/24] - [01"23'51] ULTIMO MESE MOQ: 06 - TOT QTA MOQ: 000000000001050 - QTA EPAL: 00000300 - BANCALI: 000004
 [20/04/24] - [01"23'51] TOT QTA MOQ: 000000000001200 - MESE 2: 00000150 - MESE 3: 00000300 - MESE 4: 00000500 - MESE 5: 00000750 - MESE 6: 00001050
 [20/04/24] - [01"26'42] rof-qta-ord: 00000720 - rof-qta-imballi: 0012
 [20/04/24] - [01"26'42] QTA ORD = Già impostata
 [20/04/24] - [01"26'42] QTA ORD = ROF-QTA-ORD(00000720), DOPO CHECK-IMBALLO
 [20/04/24] - [01"26'42] rof-qta-ord: 00000720 - rof-qta-imballi: 0012
 [20/04/24] - [01"26'42] QTA ORD = Già impostata
 [20/04/24] - [01"26'42] QTA ORD = ROF-QTA-ORD(00000720), DOPO CHECK-IMBALLO
 [20/04/24] - [01"26'42] DOPO RICALCOLO MOQ: - MESE 1: 00000720 - MESE 2: 00000000 - MESE 3: 00000000 - MESE 4: 00000000 - MESE 5: 00000720 - MESE 6: 00000000
 [20/04/24] - [01"26'43] SCRITTA TESTATA PROGRAMMAZIONE: 2024 - 00003184
 [20/04/24] - [01"26'43] SCRITTA TESTATA PROGRAMMAZIONE: 2024 - 00003185
 [20/04/24] - [01"26'43] SCRITTA TESTATA PROGRAMMAZIONE: 2024 - 00003186
 [20/04/24] - [01"26'43] SCRITTA TESTATA PROGRAMMAZIONE: 2024 - 00003187
 [20/04/24] - [01"26'43] SCRITTA TESTATA PROGRAMMAZIONE: 2024 - 00003188
 [20/04/24] - [01"26'43] SCRITTA TESTATA PROGRAMMAZIONE: 2024 - 00003189
 [20/04/24] - [01"26'43] QTA ORD = CPFM-QTA-M(00001): 00000900
 [20/04/24] - [01"26'43] QTA ORD = CPFM-QTA-M(00005): 00000600
 [20/04/24] - [01"26'43] FINE CREAZIONE ORDINI
