 [23/08/24] - [15"07'43] INIZIO ELABORAZIONE
 [23/08/24] - [15"08'22] AGGIUNTO ARTICOLO: 032990 - FORNITORE: 00039 - QTA: 00001
 [23/08/24] - [15"08'22] AGGIUNTO ARTICOLO: 012769 - FORNITORE: 00051 - QTA: 00868
 [23/08/24] - [15"08'22] AGGIUNTO ARTICOLO: 031243 - FORNITORE: 00051 - QTA: 07041
 [23/08/24] - [15"08'22] AGGIUNTO ARTICOLO: 018682 - FORNITORE: 00124 - QTA: 01705
 [23/08/24] - [15"08'23] AGGIUNTO ARTICOLO: 002603 - FORNITORE: 00128 - QTA: 00038
 [23/08/24] - [15"08'23] AGGIUNTO ARTICOLO: 016264 - FORNITORE: 00128 - QTA: 90701
 [23/08/24] - [15"08'23] AGGIUNTO ARTICOLO: 000593 - FORNITORE: 00128 - QTA: 02235
 [23/08/24] - [15"08'23] AGGIUNTO ARTICOLO: 013508 - FORNITORE: 00128 - QTA: 01586
 [23/08/24] - [15"08'23] AGGIUNTO ARTICOLO: 029735 - FORNITORE: 00128 - QTA: 23609
 [23/08/24] - [15"08'23] AGGIUNTO ARTICOLO: 008468 - FORNITORE: 00128 - QTA: 09673
 [23/08/24] - [15"08'23] AGGIUNTO ARTICOLO: 031257 - FORNITORE: 00128 - QTA: 01860
 [23/08/24] - [15"08'23] AGGIUNTO ARTICOLO: 000721 - FORNITORE: 00197 - QTA: 00873
 [23/08/24] - [15"08'23] AGGIUNTO ARTICOLO: 037399 - FORNITORE: 00407 - QTA: 00030
 [23/08/24] - [15"08'23] AGGIUNTO ARTICOLO: 009525 - FORNITORE: 00407 - QTA: 25972
 [23/08/24] - [15"08'24] AGGIUNTO ARTICOLO: 001180 - FORNITORE: 00431 - QTA: 13689
 [23/08/24] - [15"08'27] AGGIUNTO ARTICOLO: 032872 - FORNITORE: 00431 - QTA: 09563
 [23/08/24] - [15"08'27] AGGIUNTO ARTICOLO: 002342 - FORNITORE: 00431 - QTA: 00007
 [23/08/24] - [15"08'27] AGGIUNTO ARTICOLO: 031714 - FORNITORE: 00431 - QTA: 01024
 [23/08/24] - [15"08'27] AGGIUNTO ARTICOLO: 026729 - FORNITORE: 00431 - QTA: 00498
 [23/08/24] - [15"08'27] AGGIUNTO ARTICOLO: 027258 - FORNITORE: 00431 - QTA: 00376
 [23/08/24] - [15"08'27] AGGIUNTO ARTICOLO: 032877 - FORNITORE: 00431 - QTA: 00094
 [23/08/24] - [15"08'27] AGGIUNTO ARTICOLO: 036362 - FORNITORE: 00431 - QTA: 00022
 [23/08/24] - [15"08'27] AGGIUNTO ARTICOLO: 012974 - FORNITORE: 00438 - QTA: 00698
 [23/08/24] - [15"08'28] AGGIUNTO ARTICOLO: 000558 - FORNITORE: 00690 - QTA: 00123
 [23/08/24] - [15"08'29] AGGIUNTO ARTICOLO: 009718 - FORNITORE: 00690 - QTA: 00695
 [23/08/24] - [15"08'29] AGGIUNTO ARTICOLO: 009882 - FORNITORE: 00710 - QTA: 06655
 [23/08/24] - [15"08'29] AGGIUNTO ARTICOLO: 008502 - FORNITORE: 00710 - QTA: 00026
 [23/08/24] - [15"08'30] AGGIUNTO ARTICOLO: 012810 - FORNITORE: 00710 - QTA: 00107
 [23/08/24] - [15"08'30] AGGIUNTO ARTICOLO: 003391 - FORNITORE: 00734 - QTA: 00542
 [23/08/24] - [15"08'31] AGGIUNTO ARTICOLO: 019829 - FORNITORE: 00734 - QTA: 00807
 [23/08/24] - [15"08'31] AGGIUNTO ARTICOLO: 031765 - FORNITORE: 00736 - QTA: 02177
 [23/08/24] - [15"08'31] AGGIUNTO ARTICOLO: 006479 - FORNITORE: 00952 - QTA: 00108
 [23/08/24] - [15"08'31] AGGIUNTO ARTICOLO: 035128 - FORNITORE: 00995 - QTA: 00057
 [23/08/24] - [15"08'31] AGGIUNTO ARTICOLO: 004171 - FORNITORE: 01000 - QTA: 00005
 [23/08/24] - [15"08'32] AGGIUNTO ARTICOLO: 014076 - FORNITORE: 01143 - QTA: 36195
 [23/08/24] - [15"08'32] AGGIUNTO ARTICOLO: 026792 - FORNITORE: 01143 - QTA: 00079
 [23/08/24] - [15"08'32] AGGIUNTO ARTICOLO: 006858 - FORNITORE: 01208 - QTA: 07717
 [23/08/24] - [15"08'33] AGGIUNTO ARTICOLO: 029513 - FORNITORE: 01237 - QTA: 26063
 [23/08/24] - [15"08'34] AGGIUNTO ARTICOLO: 034310 - FORNITORE: 01567 - QTA: 01551
 [23/08/24] - [15"08'34] AGGIUNTO ARTICOLO: 026898 - FORNITORE: 01567 - QTA: 00937
 [23/08/24] - [15"08'34] AGGIUNTO ARTICOLO: 002265 - FORNITORE: 01587 - QTA: 00019
 [23/08/24] - [15"08'35] AGGIUNTO ARTICOLO: 008739 - FORNITORE: 01587 - QTA: 04296
 [23/08/24] - [15"08'35] AGGIUNTO ARTICOLO: 036924 - FORNITORE: 01678 - QTA: 01313
 [23/08/24] - [15"08'35] AGGIUNTO ARTICOLO: 010309 - FORNITORE: 01690 - QTA: 01067
 [23/08/24] - [15"08'35] AGGIUNTO ARTICOLO: 021491 - FORNITORE: 01690 - QTA: 24688
 [23/08/24] - [15"08'35] AGGIUNTO ARTICOLO: 011793 - FORNITORE: 01690 - QTA: 12262
 [23/08/24] - [15"08'35] AGGIUNTO ARTICOLO: 009456 - FORNITORE: 01690 - QTA: 00013
 [23/08/24] - [15"08'35] AGGIUNTO ARTICOLO: 011584 - FORNITORE: 01690 - QTA: 05411
 [23/08/24] - [15"08'36] AGGIUNTO ARTICOLO: 031729 - FORNITORE: 01690 - QTA: 08010
 [23/08/24] - [15"08'36] AGGIUNTO ARTICOLO: 010181 - FORNITORE: 01795 - QTA: 01441
 [23/08/24] - [15"08'36] AGGIUNTO ARTICOLO: 010622 - FORNITORE: 01843 - QTA: 00855
 [23/08/24] - [15"08'37] AGGIUNTO ARTICOLO: 029588 - FORNITORE: 01856 - QTA: 00336
 [23/08/24] - [15"08'37] AGGIUNTO ARTICOLO: 027313 - FORNITORE: 01914 - QTA: 00351
 [23/08/24] - [15"08'37] AGGIUNTO ARTICOLO: 029561 - FORNITORE: 01923 - QTA: 00020
 [23/08/24] - [15"08'37] AGGIUNTO ARTICOLO: 031727 - FORNITORE: 01923 - QTA: 11031
 [23/08/24] - [15"08'37] AGGIUNTO ARTICOLO: 013663 - FORNITORE: 01962 - QTA: 11502
 [23/08/24] - [15"08'37] AGGIUNTO ARTICOLO: 036260 - FORNITORE: 01962 - QTA: 01108
 [23/08/24] - [15"08'37] AGGIUNTO ARTICOLO: 004898 - FORNITORE: 01977 - QTA: 00234
 [23/08/24] - [15"08'37] AGGIUNTO ARTICOLO: 016145 - FORNITORE: 02015 - QTA: 00991
 [23/08/24] - [15"08'37] AGGIUNTO ARTICOLO: 031805 - FORNITORE: 02015 - QTA: 00844
 [23/08/24] - [15"08'37] AGGIUNTO ARTICOLO: 008687 - FORNITORE: 02091 - QTA: 00293
 [23/08/24] - [15"08'38] AGGIUNTO ARTICOLO: 018263 - FORNITORE: 02201 - QTA: 26108
 [23/08/24] - [15"08'40] AGGIUNTO ARTICOLO: 036832 - FORNITORE: 02204 - QTA: 03076
 [23/08/24] - [15"08'40] AGGIUNTO ARTICOLO: 014571 - FORNITORE: 02256 - QTA: 00004
 [23/08/24] - [15"08'40] AGGIUNTO ARTICOLO: 036269 - FORNITORE: 02256 - QTA: 00997
 [23/08/24] - [15"08'40] AGGIUNTO ARTICOLO: 015686 - FORNITORE: 02264 - QTA: 00052
 [23/08/24] - [15"08'40] AGGIUNTO ARTICOLO: 036297 - FORNITORE: 02264 - QTA: 01984
 [23/08/24] - [15"08'40] AGGIUNTO ARTICOLO: 014324 - FORNITORE: 02266 - QTA: 00354
 [23/08/24] - [15"08'40] AGGIUNTO ARTICOLO: 037038 - FORNITORE: 02285 - QTA: 01204
 [23/08/24] - [15"08'40] AGGIUNTO ARTICOLO: 032443 - FORNITORE: 02285 - QTA: 00146
 [23/08/24] - [15"08'40] AGGIUNTO ARTICOLO: 015490 - FORNITORE: 02306 - QTA: 00335
 [23/08/24] - [15"08'40] AGGIUNTO ARTICOLO: 026715 - FORNITORE: 02356 - QTA: 01725
 [23/08/24] - [15"08'40] AGGIUNTO ARTICOLO: 026781 - FORNITORE: 02449 - QTA: 00004
 [23/08/24] - [15"08'40] AGGIUNTO ARTICOLO: 010487 - FORNITORE: 02467 - QTA: 00084
 [23/08/24] - [15"08'40] AGGIUNTO ARTICOLO: 034819 - FORNITORE: 02469 - QTA: 00062
 [23/08/24] - [15"08'40] AGGIUNTO ARTICOLO: 031621 - FORNITORE: 02503 - QTA: 00372
 [23/08/24] - [15"08'40] AGGIUNTO ARTICOLO: 042601 - FORNITORE: 02503 - QTA: 02956
 [23/08/24] - [15"08'40] AGGIUNTO ARTICOLO: 032951 - FORNITORE: 02542 - QTA: 00028
 [23/08/24] - [15"08'40] AGGIUNTO ARTICOLO: 033789 - FORNITORE: 02553 - QTA: 00492
 [23/08/24] - [15"08'40] AGGIUNTO ARTICOLO: 015161 - FORNITORE: 02558 - QTA: 00099
 [23/08/24] - [15"08'40] AGGIUNTO ARTICOLO: 033639 - FORNITORE: 02580 - QTA: 00012
 [23/08/24] - [15"08'40] AGGIUNTO ARTICOLO: 000165 - FORNITORE: 02584 - QTA: 00018
 [23/08/24] - [15"08'40] AGGIUNTO ARTICOLO: 026733 - FORNITORE: 02584 - QTA: 01672
 [23/08/24] - [15"08'40] AGGIUNTO ARTICOLO: 021746 - FORNITORE: 02650 - QTA: 02030
 [23/08/24] - [15"08'40] AGGIUNTO ARTICOLO: 014563 - FORNITORE: 02655 - QTA: 00134
 [23/08/24] - [15"08'40] AGGIUNTO ARTICOLO: 036268 - FORNITORE: 02655 - QTA: 00598
 [23/08/24] - [15"08'40] AGGIUNTO ARTICOLO: 012519 - FORNITORE: 02656 - QTA: 00410
 [23/08/24] - [15"08'40] AGGIUNTO ARTICOLO: 026814 - FORNITORE: 02656 - QTA: 04216
 [23/08/24] - [15"08'40] AGGIUNTO ARTICOLO: 037425 - FORNITORE: 02670 - QTA: 01234
 [23/08/24] - [15"08'40] AGGIUNTO ARTICOLO: 036393 - FORNITORE: 02670 - QTA: 02246
 [23/08/24] - [15"08'40] AGGIUNTO ARTICOLO: 036947 - FORNITORE: 02689 - QTA: 00521
 [23/08/24] - [15"08'40] AGGIUNTO ARTICOLO: 013960 - FORNITORE: 02709 - QTA: 00298
 [23/08/24] - [15"08'40] AGGIUNTO ARTICOLO: 026750 - FORNITORE: 02709 - QTA: 00024
 [23/08/24] - [15"08'40] AGGIUNTO ARTICOLO: 034963 - FORNITORE: 02718 - QTA: 01017
 [23/08/24] - [15"08'40] AGGIUNTO ARTICOLO: 036406 - FORNITORE: 02718 - QTA: 00005
 [23/08/24] - [15"08'40] AGGIUNTO ARTICOLO: 034936 - FORNITORE: 02741 - QTA: 00001
 [23/08/24] - [15"08'40] AGGIUNTO ARTICOLO: 037375 - FORNITORE: 02764 - QTA: 01130
 [23/08/24] - [15"08'40] AGGIUNTO ARTICOLO: 026810 - FORNITORE: 02764 - QTA: 19278
 [23/08/24] - [15"08'40] AGGIUNTO ARTICOLO: 035409 - FORNITORE: 02765 - QTA: 01506
 [23/08/24] - [15"08'40] AGGIUNTO ARTICOLO: 035476 - FORNITORE: 02774 - QTA: 00005
 [23/08/24] - [15"08'40] AGGIUNTO ARTICOLO: 035505 - FORNITORE: 02780 - QTA: 00028
 [23/08/24] - [15"08'41] AGGIUNTO ARTICOLO: 035767 - FORNITORE: 02781 - QTA: 00259
 [23/08/24] - [15"08'41] AGGIUNTO ARTICOLO: 037572 - FORNITORE: 02822 - QTA: 00020
 [23/08/24] - [15"08'41] AGGIUNTO ARTICOLO: 034789 - FORNITORE: 02824 - QTA: 00663
 [23/08/24] - [15"08'41] AGGIUNTO ARTICOLO: 006431 - FORNITORE: 02839 - QTA: 00010
 [23/08/24] - [15"08'41] AGGIUNTO ARTICOLO: 029724 - FORNITORE: 02839 - QTA: 01487
 [23/08/24] - [15"08'41] AGGIUNTO ARTICOLO: 037876 - FORNITORE: 02867 - QTA: 01249
 [23/08/24] - [15"08'41] AGGIUNTO ARTICOLO: 036810 - FORNITORE: 02871 - QTA: 00121
 [23/08/24] - [15"08'41] AGGIUNTO ARTICOLO: 022250 - FORNITORE: 02897 - QTA: 00002
 [23/08/24] - [15"08'41] AGGIUNTO ARTICOLO: 037447 - FORNITORE: 02943 - QTA: 00267
 [23/08/24] - [15"08'41] AGGIUNTO ARTICOLO: 037328 - FORNITORE: 02982 - QTA: 00514
 [23/08/24] - [15"08'41] AGGIUNTO ARTICOLO: 012509 - FORNITORE: 02983 - QTA: 00020
 [23/08/24] - [15"08'41] AGGIUNTO ARTICOLO: 026765 - FORNITORE: 02983 - QTA: 75671
 [23/08/24] - [15"08'41] AGGIUNTO ARTICOLO: 026881 - FORNITORE: 03008 - QTA: 07536
 [23/08/24] - [15"08'41] AGGIUNTO ARTICOLO: 001358 - FORNITORE: 03030 - QTA: 06826
 [23/08/24] - [15"08'41] AGGIUNTO ARTICOLO: 037770 - FORNITORE: 03129 - QTA: 03754
 [23/08/24] - [15"08'41] AGGIUNTO ARTICOLO: 036927 - FORNITORE: 03136 - QTA: 00005
 [23/08/24] - [15"08'41] AGGIUNTO ARTICOLO: 027277 - FORNITORE: 03146 - QTA: 00424
 [23/08/24] - [15"08'41] AGGIUNTO ARTICOLO: 014768 - FORNITORE: 03179 - QTA: 00058
 [23/08/24] - [15"09'43] INIZIO CREAZIONE ORDINI
 [23/08/24] - [15"12'12] SCRITTA COPERTURA PER ARTICOLO: 000165 - FORNITORE: 02584 - LISTINO: 05621
 [23/08/24] - [15"12'12] SCRITTA COPERTURA PER ARTICOLO: 000558 - FORNITORE: 00690 - LISTINO: 05616
 [23/08/24] - [15"12'12] SCRITTA COPERTURA PER ARTICOLO: 000559 - FORNITORE: 00690 - LISTINO: 05616
 [23/08/24] - [15"12'13] SCRITTA COPERTURA PER ARTICOLO: 000593 - FORNITORE: 00128 - LISTINO: 05105
 [23/08/24] - [15"12'13] SCRITTA COPERTURA PER ARTICOLO: 000598 - FORNITORE: 00128 - LISTINO: 05105
 [23/08/24] - [15"12'13] SCRITTA COPERTURA PER ARTICOLO: 000606 - FORNITORE: 00128 - LISTINO: 05105
 [23/08/24] - [15"12'13] SCRITTA COPERTURA PER ARTICOLO: 000721 - FORNITORE: 00197 - LISTINO: 04936
 [23/08/24] - [15"12'13] SCRITTA COPERTURA PER ARTICOLO: 001180 - FORNITORE: 00431 - LISTINO: 05561
 [23/08/24] - [15"12'13] SCRITTA COPERTURA PER ARTICOLO: 001185 - FORNITORE: 00431 - LISTINO: 05561
 [23/08/24] - [15"12'13] SCRITTA COPERTURA PER ARTICOLO: 001191 - FORNITORE: 00431 - LISTINO: 05561
 [23/08/24] - [15"12'13] SCRITTA COPERTURA PER ARTICOLO: 001195 - FORNITORE: 00431 - LISTINO: 05561
 [23/08/24] - [15"12'13] SCRITTA COPERTURA PER ARTICOLO: 001196 - FORNITORE: 00431 - LISTINO: 05561
 [23/08/24] - [15"12'13] SCRITTA COPERTURA PER ARTICOLO: 001358 - FORNITORE: 03030 - LISTINO: 05272
 [23/08/24] - [15"12'13] SCRITTA COPERTURA PER ARTICOLO: 001359 - FORNITORE: 03030 - LISTINO: 05272
 [23/08/24] - [15"12'13] SCRITTA COPERTURA PER ARTICOLO: 002265 - FORNITORE: 01587 - LISTINO: 05640
 [23/08/24] - [15"12'13] SCRITTA COPERTURA PER ARTICOLO: 002266 - FORNITORE: 02584 - LISTINO: 05621
 [23/08/24] - [15"12'13] SCRITTA COPERTURA PER ARTICOLO: 002342 - FORNITORE: 00431 - LISTINO: 05567
 [23/08/24] - [15"12'13] SCRITTA COPERTURA PER ARTICOLO: 002603 - FORNITORE: 00128 - LISTINO: 05197
 [23/08/24] - [15"12'13] SCRITTA COPERTURA PER ARTICOLO: 002604 - FORNITORE: 00128 - LISTINO: 05197
 [23/08/24] - [15"12'13] SCRITTA COPERTURA PER ARTICOLO: 002764 - FORNITORE: 00431 - LISTINO: 05561
 [23/08/24] - [15"12'13] SCRITTA COPERTURA PER ARTICOLO: 003391 - FORNITORE: 00734 - LISTINO: 05571
 [23/08/24] - [15"12'13] SCRITTA COPERTURA PER ARTICOLO: 003393 - FORNITORE: 00734 - LISTINO: 05571
 [23/08/24] - [15"12'13] SCRITTA COPERTURA PER ARTICOLO: 003394 - FORNITORE: 00734 - LISTINO: 05571
 [23/08/24] - [15"12'13] SCRITTA COPERTURA PER ARTICOLO: 003395 - FORNITORE: 00734 - LISTINO: 05571
 [23/08/24] - [15"12'13] SCRITTA COPERTURA PER ARTICOLO: 003401 - FORNITORE: 00734 - LISTINO: 05571
 [23/08/24] - [15"12'13] SCRITTA COPERTURA PER ARTICOLO: 004171 - FORNITORE: 01000 - LISTINO: 05560
 [23/08/24] - [15"12'13] SCRITTA COPERTURA PER ARTICOLO: 004172 - FORNITORE: 01000 - LISTINO: 05560
 [23/08/24] - [15"12'13] SCRITTA COPERTURA PER ARTICOLO: 004174 - FORNITORE: 01000 - LISTINO: 05560
 [23/08/24] - [15"12'13] SCRITTA COPERTURA PER ARTICOLO: 004176 - FORNITORE: 01000 - LISTINO: 05560
 [23/08/24] - [15"12'13] SCRITTA COPERTURA PER ARTICOLO: 004177 - FORNITORE: 01000 - LISTINO: 05560
 [23/08/24] - [15"12'13] SCRITTA COPERTURA PER ARTICOLO: 004178 - FORNITORE: 01000 - LISTINO: 05560
 [23/08/24] - [15"12'13] SCRITTA COPERTURA PER ARTICOLO: 004179 - FORNITORE: 01000 - LISTINO: 05560
 [23/08/24] - [15"12'13] SCRITTA COPERTURA PER ARTICOLO: 004184 - FORNITORE: 01000 - LISTINO: 05560
 [23/08/24] - [15"12'13] SCRITTA COPERTURA PER ARTICOLO: 004185 - FORNITORE: 01000 - LISTINO: 05560
 [23/08/24] - [15"12'13] SCRITTA COPERTURA PER ARTICOLO: 004186 - FORNITORE: 01000 - LISTINO: 05560
 [23/08/24] - [15"12'13] SCRITTA COPERTURA PER ARTICOLO: 004621 - FORNITORE: 00734 - LISTINO: 05571
 [23/08/24] - [15"12'13] SCRITTA COPERTURA PER ARTICOLO: 004898 - FORNITORE: 01977 - LISTINO: 05607
 [23/08/24] - [15"12'13] SCRITTA COPERTURA PER ARTICOLO: 005756 - FORNITORE: 02584 - LISTINO: 05621
 [23/08/24] - [15"12'13] SCRITTA COPERTURA PER ARTICOLO: 006228 - FORNITORE: 00431 - LISTINO: 05567
 [23/08/24] - [15"12'13] SCRITTA COPERTURA PER ARTICOLO: 006431 - FORNITORE: 02839 - LISTINO: 05600
 [23/08/24] - [15"12'13] SCRITTA COPERTURA PER ARTICOLO: 006479 - FORNITORE: 00952 - LISTINO: 05609
 [23/08/24] - [15"12'13] SCRITTA COPERTURA PER ARTICOLO: 006569 - FORNITORE: 02584 - LISTINO: 05621
 [23/08/24] - [15"12'13] SCRITTA COPERTURA PER ARTICOLO: 006570 - FORNITORE: 02584 - LISTINO: 05621
 [23/08/24] - [15"12'13] SCRITTA COPERTURA PER ARTICOLO: 006571 - FORNITORE: 02839 - LISTINO: 05600
 [23/08/24] - [15"12'13] SCRITTA COPERTURA PER ARTICOLO: 006858 - FORNITORE: 01208 - LISTINO: 05610
 [23/08/24] - [15"12'13] SCRITTA COPERTURA PER ARTICOLO: 007429 - FORNITORE: 02839 - LISTINO: 05600
 [23/08/24] - [15"12'13] SCRITTA COPERTURA PER ARTICOLO: 007434 - FORNITORE: 02839 - LISTINO: 05600
 [23/08/24] - [15"12'13] SCRITTA COPERTURA PER ARTICOLO: 008179 - FORNITORE: 02584 - LISTINO: 05621
 [23/08/24] - [15"12'13] SCRITTA COPERTURA PER ARTICOLO: 008436 - FORNITORE: 01208 - LISTINO: 05610
 [23/08/24] - [15"12'13] SCRITTA COPERTURA PER ARTICOLO: 008445 - FORNITORE: 00039 - LISTINO: 05295
 [23/08/24] - [15"12'13] SCRITTA COPERTURA PER ARTICOLO: 008468 - FORNITORE: 00128 - LISTINO: 04563
 [23/08/24] - [15"12'13] SCRITTA COPERTURA PER ARTICOLO: 008471 - FORNITORE: 00128 - LISTINO: 04563
 [23/08/24] - [15"12'13] SCRITTA COPERTURA PER ARTICOLO: 008472 - FORNITORE: 00128 - LISTINO: 04563
 [23/08/24] - [15"12'13] SCRITTA COPERTURA PER ARTICOLO: 008473 - FORNITORE: 00128 - LISTINO: 04563
 [23/08/24] - [15"12'13] SCRITTA COPERTURA PER ARTICOLO: 008502 - FORNITORE: 00710 - LISTINO: 05631
 [23/08/24] - [15"12'13] SCRITTA COPERTURA PER ARTICOLO: 008530 - FORNITORE: 00128 - LISTINO: 05105
 [23/08/24] - [15"12'13] SCRITTA COPERTURA PER ARTICOLO: 008687 - FORNITORE: 02091 - LISTINO: 04688
 [23/08/24] - [15"12'13] SCRITTA COPERTURA PER ARTICOLO: 008688 - FORNITORE: 02091 - LISTINO: 04688
 [23/08/24] - [15"12'13] SCRITTA COPERTURA PER ARTICOLO: 008689 - FORNITORE: 02091 - LISTINO: 04688
 [23/08/24] - [15"12'13] SCRITTA COPERTURA PER ARTICOLO: 008690 - FORNITORE: 02091 - LISTINO: 04688
 [23/08/24] - [15"12'13] SCRITTA COPERTURA PER ARTICOLO: 008691 - FORNITORE: 02091 - LISTINO: 04688
 [23/08/24] - [15"12'13] SCRITTA COPERTURA PER ARTICOLO: 008692 - FORNITORE: 02091 - LISTINO: 04688
 [23/08/24] - [15"12'13] SCRITTA COPERTURA PER ARTICOLO: 008717 - FORNITORE: 01587 - LISTINO: 05640
 [23/08/24] - [15"12'13] SCRITTA COPERTURA PER ARTICOLO: 008736 - FORNITORE: 01587 - LISTINO: 05640
 [23/08/24] - [15"12'13] SCRITTA COPERTURA PER ARTICOLO: 008739 - FORNITORE: 01587 - LISTINO: 05639
 [23/08/24] - [15"12'13] SCRITTA COPERTURA PER ARTICOLO: 008743 - FORNITORE: 01587 - LISTINO: 05640
 [23/08/24] - [15"12'13] SCRITTA COPERTURA PER ARTICOLO: 008745 - FORNITORE: 01587 - LISTINO: 05640
 [23/08/24] - [15"12'13] SCRITTA COPERTURA PER ARTICOLO: 008755 - FORNITORE: 01587 - LISTINO: 05640
 [23/08/24] - [15"12'13] SCRITTA COPERTURA PER ARTICOLO: 008756 - FORNITORE: 01587 - LISTINO: 05640
 [23/08/24] - [15"12'13] SCRITTA COPERTURA PER ARTICOLO: 008771 - FORNITORE: 01587 - LISTINO: 05640
 [23/08/24] - [15"12'13] SCRITTA COPERTURA PER ARTICOLO: 008795 - FORNITORE: 01587 - LISTINO: 05640
 [23/08/24] - [15"12'13] SCRITTA COPERTURA PER ARTICOLO: 008846 - FORNITORE: 01587 - LISTINO: 05639
 [23/08/24] - [15"12'13] SCRITTA COPERTURA PER ARTICOLO: 008859 - FORNITORE: 01587 - LISTINO: 05640
 [23/08/24] - [15"12'13] SCRITTA COPERTURA PER ARTICOLO: 008860 - FORNITORE: 01587 - LISTINO: 05640
 [23/08/24] - [15"12'13] SCRITTA COPERTURA PER ARTICOLO: 008874 - FORNITORE: 01587 - LISTINO: 05640
 [23/08/24] - [15"12'13] SCRITTA COPERTURA PER ARTICOLO: 008875 - FORNITORE: 01587 - LISTINO: 05640
 [23/08/24] - [15"12'13] SCRITTA COPERTURA PER ARTICOLO: 008896 - FORNITORE: 01587 - LISTINO: 05640
 [23/08/24] - [15"12'13] SCRITTA COPERTURA PER ARTICOLO: 008897 - FORNITORE: 01587 - LISTINO: 05639
 [23/08/24] - [15"12'13] SCRITTA COPERTURA PER ARTICOLO: 008900 - FORNITORE: 01587 - LISTINO: 05640
 [23/08/24] - [15"12'13] SCRITTA COPERTURA PER ARTICOLO: 008930 - FORNITORE: 01587 - LISTINO: 05640
 [23/08/24] - [15"12'13] SCRITTA COPERTURA PER ARTICOLO: 008953 - FORNITORE: 01587 - LISTINO: 05639
 [23/08/24] - [15"12'13] SCRITTA COPERTURA PER ARTICOLO: 009069 - FORNITORE: 00710 - LISTINO: 05631
 [23/08/24] - [15"12'13] SCRITTA COPERTURA PER ARTICOLO: 009071 - FORNITORE: 00710 - LISTINO: 05631
 [23/08/24] - [15"12'13] SCRITTA COPERTURA PER ARTICOLO: 009089 - FORNITORE: 00710 - LISTINO: 05631
 [23/08/24] - [15"12'13] SCRITTA COPERTURA PER ARTICOLO: 009132 - FORNITORE: 01208 - LISTINO: 05610
 [23/08/24] - [15"12'13] SCRITTA COPERTURA PER ARTICOLO: 009133 - FORNITORE: 00431 - LISTINO: 05567
 [23/08/24] - [15"12'13] SCRITTA COPERTURA PER ARTICOLO: 009134 - FORNITORE: 00128 - LISTINO: 05105
 [23/08/24] - [15"12'13] SCRITTA COPERTURA PER ARTICOLO: 009233 - FORNITORE: 01208 - LISTINO: 05610
 [23/08/24] - [15"12'13] SCRITTA COPERTURA PER ARTICOLO: 009234 - FORNITORE: 01208 - LISTINO: 05610
 [23/08/24] - [15"12'13] SCRITTA COPERTURA PER ARTICOLO: 009237 - FORNITORE: 01208 - LISTINO: 05610
 [23/08/24] - [15"12'13] SCRITTA COPERTURA PER ARTICOLO: 009244 - FORNITORE: 01208 - LISTINO: 05610
 [23/08/24] - [15"12'13] SCRITTA COPERTURA PER ARTICOLO: 009254 - FORNITORE: 01208 - LISTINO: 05610
 [23/08/24] - [15"12'13] SCRITTA COPERTURA PER ARTICOLO: 009255 - FORNITORE: 01208 - LISTINO: 05610
 [23/08/24] - [15"12'13] SCRITTA COPERTURA PER ARTICOLO: 009258 - FORNITORE: 01208 - LISTINO: 05610
 [23/08/24] - [15"12'13] SCRITTA COPERTURA PER ARTICOLO: 009260 - FORNITORE: 01208 - LISTINO: 05610
 [23/08/24] - [15"12'13] SCRITTA COPERTURA PER ARTICOLO: 009265 - FORNITORE: 01208 - LISTINO: 05610
 [23/08/24] - [15"12'13] SCRITTA COPERTURA PER ARTICOLO: 009274 - FORNITORE: 01208 - LISTINO: 05610
 [23/08/24] - [15"12'13] SCRITTA COPERTURA PER ARTICOLO: 009279 - FORNITORE: 01208 - LISTINO: 05610
 [23/08/24] - [15"12'13] SCRITTA COPERTURA PER ARTICOLO: 009280 - FORNITORE: 01208 - LISTINO: 05610
 [23/08/24] - [15"12'13] SCRITTA COPERTURA PER ARTICOLO: 009332 - FORNITORE: 01208 - LISTINO: 05610
 [23/08/24] - [15"12'13] SCRITTA COPERTURA PER ARTICOLO: 009333 - FORNITORE: 01208 - LISTINO: 05610
 [23/08/24] - [15"12'13] SCRITTA COPERTURA PER ARTICOLO: 009334 - FORNITORE: 01208 - LISTINO: 05610
 [23/08/24] - [15"12'13] SCRITTA COPERTURA PER ARTICOLO: 009373 - FORNITORE: 02091 - LISTINO: 04688
 [23/08/24] - [15"12'13] SCRITTA COPERTURA PER ARTICOLO: 009374 - FORNITORE: 02091 - LISTINO: 04688
 [23/08/24] - [15"12'13] SCRITTA COPERTURA PER ARTICOLO: 009411 - FORNITORE: 01587 - LISTINO: 05639
 [23/08/24] - [15"12'13] SCRITTA COPERTURA PER ARTICOLO: 009456 - FORNITORE: 01690 - LISTINO: 05592
 [23/08/24] - [15"12'13] SCRITTA COPERTURA PER ARTICOLO: 009459 - FORNITORE: 01690 - LISTINO: 05592
 [23/08/24] - [15"12'13] SCRITTA COPERTURA PER ARTICOLO: 009478 - FORNITORE: 01587 - LISTINO: 05640
 [23/08/24] - [15"12'13] SCRITTA COPERTURA PER ARTICOLO: 009525 - FORNITORE: 00407 - LISTINO: 05212
 [23/08/24] - [15"12'13] SCRITTA COPERTURA PER ARTICOLO: 009528 - FORNITORE: 00407 - LISTINO: 05212
 [23/08/24] - [15"12'13] SCRITTA COPERTURA PER ARTICOLO: 009553 - FORNITORE: 00128 - LISTINO: 05197
 [23/08/24] - [15"12'13] SCRITTA COPERTURA PER ARTICOLO: 009558 - FORNITORE: 00128 - LISTINO: 05197
 [23/08/24] - [15"12'13] SCRITTA COPERTURA PER ARTICOLO: 009560 - FORNITORE: 00128 - LISTINO: 05197
 [23/08/24] - [15"12'13] SCRITTA COPERTURA PER ARTICOLO: 009561 - FORNITORE: 00128 - LISTINO: 05197
 [23/08/24] - [15"12'13] SCRITTA COPERTURA PER ARTICOLO: 009563 - FORNITORE: 00128 - LISTINO: 05197
 [23/08/24] - [15"12'13] SCRITTA COPERTURA PER ARTICOLO: 009565 - FORNITORE: 00128 - LISTINO: 05197
 [23/08/24] - [15"12'13] SCRITTA COPERTURA PER ARTICOLO: 009567 - FORNITORE: 00128 - LISTINO: 05197
 [23/08/24] - [15"12'13] SCRITTA COPERTURA PER ARTICOLO: 009569 - FORNITORE: 00128 - LISTINO: 05197
 [23/08/24] - [15"12'13] SCRITTA COPERTURA PER ARTICOLO: 009570 - FORNITORE: 00128 - LISTINO: 05197
 [23/08/24] - [15"12'13] SCRITTA COPERTURA PER ARTICOLO: 009571 - FORNITORE: 00128 - LISTINO: 05197
 [23/08/24] - [15"12'13] SCRITTA COPERTURA PER ARTICOLO: 009572 - FORNITORE: 00128 - LISTINO: 05197
 [23/08/24] - [15"12'13] SCRITTA COPERTURA PER ARTICOLO: 009573 - FORNITORE: 00128 - LISTINO: 05197
 [23/08/24] - [15"12'13] SCRITTA COPERTURA PER ARTICOLO: 009574 - FORNITORE: 00128 - LISTINO: 05197
 [23/08/24] - [15"12'13] SCRITTA COPERTURA PER ARTICOLO: 009575 - FORNITORE: 00128 - LISTINO: 05197
 [23/08/24] - [15"12'13] SCRITTA COPERTURA PER ARTICOLO: 009577 - FORNITORE: 00128 - LISTINO: 05197
 [23/08/24] - [15"12'13] SCRITTA COPERTURA PER ARTICOLO: 009578 - FORNITORE: 00128 - LISTINO: 05197
 [23/08/24] - [15"12'13] SCRITTA COPERTURA PER ARTICOLO: 009580 - FORNITORE: 00128 - LISTINO: 05197
 [23/08/24] - [15"12'13] SCRITTA COPERTURA PER ARTICOLO: 009584 - FORNITORE: 00128 - LISTINO: 05197
 [23/08/24] - [15"12'13] SCRITTA COPERTURA PER ARTICOLO: 009586 - FORNITORE: 00128 - LISTINO: 05197
 [23/08/24] - [15"12'13] SCRITTA COPERTURA PER ARTICOLO: 009718 - FORNITORE: 00690 - LISTINO: 05618
 [23/08/24] - [15"12'13] SCRITTA COPERTURA PER ARTICOLO: 009720 - FORNITORE: 01587 - LISTINO: 05640
 [23/08/24] - [15"12'13] SCRITTA COPERTURA PER ARTICOLO: 009721 - FORNITORE: 01690 - LISTINO: 05592
 [23/08/24] - [15"12'13] SCRITTA COPERTURA PER ARTICOLO: 009722 - FORNITORE: 01690 - LISTINO: 05592
 [23/08/24] - [15"12'13] SCRITTA COPERTURA PER ARTICOLO: 009725 - FORNITORE: 01587 - LISTINO: 05639
 [23/08/24] - [15"12'13] SCRITTA COPERTURA PER ARTICOLO: 009772 - FORNITORE: 01208 - LISTINO: 05610
 [23/08/24] - [15"12'13] SCRITTA COPERTURA PER ARTICOLO: 009816 - FORNITORE: 01587 - LISTINO: 05640
 [23/08/24] - [15"12'13] SCRITTA COPERTURA PER ARTICOLO: 009882 - FORNITORE: 00710 - LISTINO: 05630
 [23/08/24] - [15"12'13] SCRITTA COPERTURA PER ARTICOLO: 009887 - FORNITORE: 01208 - LISTINO: 05610
 [23/08/24] - [15"12'13] SCRITTA COPERTURA PER ARTICOLO: 009897 - FORNITORE: 00407 - LISTINO: 05212
 [23/08/24] - [15"12'13] SCRITTA COPERTURA PER ARTICOLO: 009898 - FORNITORE: 00407 - LISTINO: 05212
 [23/08/24] - [15"12'13] SCRITTA COPERTURA PER ARTICOLO: 009935 - FORNITORE: 01208 - LISTINO: 05610
 [23/08/24] - [15"12'13] SCRITTA COPERTURA PER ARTICOLO: 009937 - FORNITORE: 01208 - LISTINO: 05610
 [23/08/24] - [15"12'13] SCRITTA COPERTURA PER ARTICOLO: 010094 - FORNITORE: 01208 - LISTINO: 05610
 [23/08/24] - [15"12'13] SCRITTA COPERTURA PER ARTICOLO: 010105 - FORNITORE: 01587 - LISTINO: 05640
 [23/08/24] - [15"12'13] SCRITTA COPERTURA PER ARTICOLO: 010112 - FORNITORE: 01587 - LISTINO: 05640
 [23/08/24] - [15"12'13] SCRITTA COPERTURA PER ARTICOLO: 010113 - FORNITORE: 01587 - LISTINO: 05640
 [23/08/24] - [15"12'13] SCRITTA COPERTURA PER ARTICOLO: 010114 - FORNITORE: 01587 - LISTINO: 05640
 [23/08/24] - [15"12'13] SCRITTA COPERTURA PER ARTICOLO: 010127 - FORNITORE: 00710 - LISTINO: 05631
 [23/08/24] - [15"12'13] SCRITTA COPERTURA PER ARTICOLO: 010164 - FORNITORE: 01690 - LISTINO: 05592
 [23/08/24] - [15"12'13] SCRITTA COPERTURA PER ARTICOLO: 010181 - FORNITORE: 01795 - LISTINO: 05372
 [23/08/24] - [15"12'13] SCRITTA COPERTURA PER ARTICOLO: 010193 - FORNITORE: 00431 - LISTINO: 05561
 [23/08/24] - [15"12'13] SCRITTA COPERTURA PER ARTICOLO: 010284 - FORNITORE: 01587 - LISTINO: 05639
 [23/08/24] - [15"12'13] SCRITTA COPERTURA PER ARTICOLO: 010293 - FORNITORE: 01587 - LISTINO: 05640
 [23/08/24] - [15"12'13] SCRITTA COPERTURA PER ARTICOLO: 010309 - FORNITORE: 01690 - LISTINO: 05587
 [23/08/24] - [15"12'13] SCRITTA COPERTURA PER ARTICOLO: 010310 - FORNITORE: 01690 - LISTINO: 05587
 [23/08/24] - [15"12'13] SCRITTA COPERTURA PER ARTICOLO: 010312 - FORNITORE: 01690 - LISTINO: 05587
 [23/08/24] - [15"12'13] SCRITTA COPERTURA PER ARTICOLO: 010313 - FORNITORE: 01690 - LISTINO: 05587
 [23/08/24] - [15"12'13] SCRITTA COPERTURA PER ARTICOLO: 010314 - FORNITORE: 01690 - LISTINO: 05587
 [23/08/24] - [15"12'13] SCRITTA COPERTURA PER ARTICOLO: 010316 - FORNITORE: 01690 - LISTINO: 05587
 [23/08/24] - [15"12'13] SCRITTA COPERTURA PER ARTICOLO: 010317 - FORNITORE: 01690 - LISTINO: 05587
 [23/08/24] - [15"12'13] SCRITTA COPERTURA PER ARTICOLO: 010454 - FORNITORE: 01690 - LISTINO: 05587
 [23/08/24] - [15"12'13] SCRITTA COPERTURA PER ARTICOLO: 010476 - FORNITORE: 01690 - LISTINO: 05587
 [23/08/24] - [15"12'13] SCRITTA COPERTURA PER ARTICOLO: 010487 - FORNITORE: 02467 - LISTINO: 05384
 [23/08/24] - [15"12'13] SCRITTA COPERTURA PER ARTICOLO: 010505 - FORNITORE: 01690 - LISTINO: 05587
 [23/08/24] - [15"12'13] SCRITTA COPERTURA PER ARTICOLO: 010507 - FORNITORE: 01690 - LISTINO: 05587
 [23/08/24] - [15"12'13] SCRITTA COPERTURA PER ARTICOLO: 010509 - FORNITORE: 01690 - LISTINO: 05587
 [23/08/24] - [15"12'13] SCRITTA COPERTURA PER ARTICOLO: 010510 - FORNITORE: 01690 - LISTINO: 05587
 [23/08/24] - [15"12'13] SCRITTA COPERTURA PER ARTICOLO: 010511 - FORNITORE: 01690 - LISTINO: 05587
 [23/08/24] - [15"12'13] SCRITTA COPERTURA PER ARTICOLO: 010512 - FORNITORE: 01690 - LISTINO: 05587
 [23/08/24] - [15"12'13] SCRITTA COPERTURA PER ARTICOLO: 010513 - FORNITORE: 01690 - LISTINO: 05587
 [23/08/24] - [15"12'13] SCRITTA COPERTURA PER ARTICOLO: 010515 - FORNITORE: 01690 - LISTINO: 05587
 [23/08/24] - [15"12'13] SCRITTA COPERTURA PER ARTICOLO: 010516 - FORNITORE: 01690 - LISTINO: 05587
 [23/08/24] - [15"12'13] SCRITTA COPERTURA PER ARTICOLO: 010517 - FORNITORE: 01690 - LISTINO: 05587
 [23/08/24] - [15"12'13] SCRITTA COPERTURA PER ARTICOLO: 010520 - FORNITORE: 01690 - LISTINO: 05587
 [23/08/24] - [15"12'13] SCRITTA COPERTURA PER ARTICOLO: 010521 - FORNITORE: 01690 - LISTINO: 05587
 [23/08/24] - [15"12'13] SCRITTA COPERTURA PER ARTICOLO: 010538 - FORNITORE: 01690 - LISTINO: 05587
 [23/08/24] - [15"12'13] SCRITTA COPERTURA PER ARTICOLO: 010539 - FORNITORE: 01690 - LISTINO: 05587
 [23/08/24] - [15"12'13] SCRITTA COPERTURA PER ARTICOLO: 010540 - FORNITORE: 01690 - LISTINO: 05587
 [23/08/24] - [15"12'13] SCRITTA COPERTURA PER ARTICOLO: 010587 - FORNITORE: 01587 - LISTINO: 05640
 [23/08/24] - [15"12'13] SCRITTA COPERTURA PER ARTICOLO: 010622 - FORNITORE: 01843 - LISTINO: 05523
 [23/08/24] - [15"12'13] SCRITTA COPERTURA PER ARTICOLO: 010670 - FORNITORE: 01843 - LISTINO: 05523
 [23/08/24] - [15"12'13] SCRITTA COPERTURA PER ARTICOLO: 010685 - FORNITORE: 01843 - LISTINO: 05523
 [23/08/24] - [15"12'13] SCRITTA COPERTURA PER ARTICOLO: 011454 - FORNITORE: 00690 - LISTINO: 05616
 [23/08/24] - [15"12'13] SCRITTA COPERTURA PER ARTICOLO: 011584 - FORNITORE: 01690 - LISTINO: 05594
 [23/08/24] - [15"12'13] SCRITTA COPERTURA PER ARTICOLO: 011627 - FORNITORE: 01690 - LISTINO: 05594
 [23/08/24] - [15"12'13] SCRITTA COPERTURA PER ARTICOLO: 011648 - FORNITORE: 01690 - LISTINO: 05594
 [23/08/24] - [15"12'13] SCRITTA COPERTURA PER ARTICOLO: 011659 - FORNITORE: 01690 - LISTINO: 05594
 [23/08/24] - [15"12'13] SCRITTA COPERTURA PER ARTICOLO: 011664 - FORNITORE: 01690 - LISTINO: 05594
 [23/08/24] - [15"12'13] SCRITTA COPERTURA PER ARTICOLO: 011668 - FORNITORE: 01690 - LISTINO: 05594
 [23/08/24] - [15"12'13] SCRITTA COPERTURA PER ARTICOLO: 011670 - FORNITORE: 01690 - LISTINO: 05594
 [23/08/24] - [15"12'13] SCRITTA COPERTURA PER ARTICOLO: 011773 - FORNITORE: 01690 - LISTINO: 05594
 [23/08/24] - [15"12'13] SCRITTA COPERTURA PER ARTICOLO: 011793 - FORNITORE: 01690 - LISTINO: 05591
 [23/08/24] - [15"12'13] SCRITTA COPERTURA PER ARTICOLO: 011834 - FORNITORE: 01690 - LISTINO: 05594
 [23/08/24] - [15"12'13] SCRITTA COPERTURA PER ARTICOLO: 011848 - FORNITORE: 01690 - LISTINO: 05594
 [23/08/24] - [15"12'13] SCRITTA COPERTURA PER ARTICOLO: 012509 - FORNITORE: 02983 - LISTINO: 05249
 [23/08/24] - [15"12'13] SCRITTA COPERTURA PER ARTICOLO: 012513 - FORNITORE: 01208 - LISTINO: 05610
 [23/08/24] - [15"12'13] SCRITTA COPERTURA PER ARTICOLO: 012519 - FORNITORE: 02656 - LISTINO: 05093
 [23/08/24] - [15"12'13] SCRITTA COPERTURA PER ARTICOLO: 012520 - FORNITORE: 02656 - LISTINO: 05093
 [23/08/24] - [15"12'13] SCRITTA COPERTURA PER ARTICOLO: 012769 - FORNITORE: 00051 - LISTINO: 04554
 [23/08/24] - [15"12'13] SCRITTA COPERTURA PER ARTICOLO: 012770 - FORNITORE: 00051 - LISTINO: 04554
 [23/08/24] - [15"12'13] SCRITTA COPERTURA PER ARTICOLO: 012810 - FORNITORE: 00710 - LISTINO: 05633
 [23/08/24] - [15"12'13] SCRITTA COPERTURA PER ARTICOLO: 012826 - FORNITORE: 00407 - LISTINO: 05212
 [23/08/24] - [15"12'13] SCRITTA COPERTURA PER ARTICOLO: 012974 - FORNITORE: 00438 - LISTINO: 05063
 [23/08/24] - [15"12'13] SCRITTA COPERTURA PER ARTICOLO: 012981 - FORNITORE: 00438 - LISTINO: 05063
 [23/08/24] - [15"12'13] SCRITTA COPERTURA PER ARTICOLO: 013000 - FORNITORE: 00438 - LISTINO: 05063
 [23/08/24] - [15"12'13] SCRITTA COPERTURA PER ARTICOLO: 013033 - FORNITORE: 00438 - LISTINO: 05063
 [23/08/24] - [15"12'13] SCRITTA COPERTURA PER ARTICOLO: 013158 - FORNITORE: 00710 - LISTINO: 05633
 [23/08/24] - [15"12'13] SCRITTA COPERTURA PER ARTICOLO: 013483 - FORNITORE: 00710 - LISTINO: 05633
 [23/08/24] - [15"12'13] SCRITTA COPERTURA PER ARTICOLO: 013487 - FORNITORE: 00710 - LISTINO: 05633
 [23/08/24] - [15"12'13] SCRITTA COPERTURA PER ARTICOLO: 013488 - FORNITORE: 00710 - LISTINO: 05633
 [23/08/24] - [15"12'13] SCRITTA COPERTURA PER ARTICOLO: 013508 - FORNITORE: 00128 - LISTINO: 05046
 [23/08/24] - [15"12'13] SCRITTA COPERTURA PER ARTICOLO: 013509 - FORNITORE: 00128 - LISTINO: 05046
 [23/08/24] - [15"12'13] SCRITTA COPERTURA PER ARTICOLO: 013510 - FORNITORE: 00128 - LISTINO: 05046
 [23/08/24] - [15"12'13] SCRITTA COPERTURA PER ARTICOLO: 013511 - FORNITORE: 00128 - LISTINO: 05046
 [23/08/24] - [15"12'13] SCRITTA COPERTURA PER ARTICOLO: 013512 - FORNITORE: 00128 - LISTINO: 05046
 [23/08/24] - [15"12'13] SCRITTA COPERTURA PER ARTICOLO: 013663 - FORNITORE: 01962 - LISTINO: 04400
 [23/08/24] - [15"12'13] SCRITTA COPERTURA PER ARTICOLO: 013865 - FORNITORE: 01690 - LISTINO: 05587
 [23/08/24] - [15"12'13] SCRITTA COPERTURA PER ARTICOLO: 013866 - FORNITORE: 01690 - LISTINO: 05587
 [23/08/24] - [15"12'13] SCRITTA COPERTURA PER ARTICOLO: 013867 - FORNITORE: 01690 - LISTINO: 05587
 [23/08/24] - [15"12'13] SCRITTA COPERTURA PER ARTICOLO: 013876 - FORNITORE: 01690 - LISTINO: 05587
 [23/08/24] - [15"12'13] SCRITTA COPERTURA PER ARTICOLO: 013960 - FORNITORE: 02709 - LISTINO: 04624
 [23/08/24] - [15"12'13] SCRITTA COPERTURA PER ARTICOLO: 013994 - FORNITORE: 01587 - LISTINO: 05640
 [23/08/24] - [15"12'13] SCRITTA COPERTURA PER ARTICOLO: 013995 - FORNITORE: 01690 - LISTINO: 05594
 [23/08/24] - [15"12'13] SCRITTA COPERTURA PER ARTICOLO: 014058 - FORNITORE: 01690 - LISTINO: 05594
 [23/08/24] - [15"12'13] SCRITTA COPERTURA PER ARTICOLO: 014075 - FORNITORE: 02584 - LISTINO: 05621
 [23/08/24] - [15"12'13] SCRITTA COPERTURA PER ARTICOLO: 014076 - FORNITORE: 01143 - LISTINO: 05614
 [23/08/24] - [15"12'13] SCRITTA COPERTURA PER ARTICOLO: 014083 - FORNITORE: 01143 - LISTINO: 05614
 [23/08/24] - [15"12'13] SCRITTA COPERTURA PER ARTICOLO: 014084 - FORNITORE: 01143 - LISTINO: 05614
 [23/08/24] - [15"12'13] SCRITTA COPERTURA PER ARTICOLO: 014131 - FORNITORE: 02584 - LISTINO: 05621
 [23/08/24] - [15"12'13] SCRITTA COPERTURA PER ARTICOLO: 014134 - FORNITORE: 01587 - LISTINO: 05640
 [23/08/24] - [15"12'13] SCRITTA COPERTURA PER ARTICOLO: 014135 - FORNITORE: 01587 - LISTINO: 05640
 [23/08/24] - [15"12'13] SCRITTA COPERTURA PER ARTICOLO: 014141 - FORNITORE: 01690 - LISTINO: 05592
 [23/08/24] - [15"12'13] SCRITTA COPERTURA PER ARTICOLO: 014261 - FORNITORE: 01962 - LISTINO: 04400
 [23/08/24] - [15"12'13] SCRITTA COPERTURA PER ARTICOLO: 014324 - FORNITORE: 02266 - LISTINO: 04000
 [23/08/24] - [15"12'13] SCRITTA COPERTURA PER ARTICOLO: 014493 - FORNITORE: 02091 - LISTINO: 04688
 [23/08/24] - [15"12'13] SCRITTA COPERTURA PER ARTICOLO: 014494 - FORNITORE: 02091 - LISTINO: 04688
 [23/08/24] - [15"12'13] SCRITTA COPERTURA PER ARTICOLO: 014495 - FORNITORE: 02091 - LISTINO: 04688
 [23/08/24] - [15"12'13] SCRITTA COPERTURA PER ARTICOLO: 014509 - FORNITORE: 00407 - LISTINO: 05212
 [23/08/24] - [15"12'13] SCRITTA COPERTURA PER ARTICOLO: 014546 - FORNITORE: 01690 - LISTINO: 05587
 [23/08/24] - [15"12'13] SCRITTA COPERTURA PER ARTICOLO: 014563 - FORNITORE: 02655 - LISTINO: 05383
 [23/08/24] - [15"12'13] SCRITTA COPERTURA PER ARTICOLO: 014571 - FORNITORE: 02256 - LISTINO: 05280
 [23/08/24] - [15"12'13] SCRITTA COPERTURA PER ARTICOLO: 014586 - FORNITORE: 02655 - LISTINO: 05383
 [23/08/24] - [15"12'13] SCRITTA COPERTURA PER ARTICOLO: 014629 - FORNITORE: 01587 - LISTINO: 05639
 [23/08/24] - [15"12'13] SCRITTA COPERTURA PER ARTICOLO: 014635 - FORNITORE: 00438 - LISTINO: 05063
 [23/08/24] - [15"12'13] SCRITTA COPERTURA PER ARTICOLO: 014640 - FORNITORE: 01587 - LISTINO: 05639
 [23/08/24] - [15"12'13] SCRITTA COPERTURA PER ARTICOLO: 014641 - FORNITORE: 01587 - LISTINO: 05640
 [23/08/24] - [15"12'13] SCRITTA COPERTURA PER ARTICOLO: 014650 - FORNITORE: 01587 - LISTINO: 05640
 [23/08/24] - [15"12'13] SCRITTA COPERTURA PER ARTICOLO: 014651 - FORNITORE: 01587 - LISTINO: 05640
 [23/08/24] - [15"12'13] SCRITTA COPERTURA PER ARTICOLO: 014652 - FORNITORE: 01587 - LISTINO: 05640
 [23/08/24] - [15"12'13] SCRITTA COPERTURA PER ARTICOLO: 014653 - FORNITORE: 01587 - LISTINO: 05639
 [23/08/24] - [15"12'13] SCRITTA COPERTURA PER ARTICOLO: 014655 - FORNITORE: 01587 - LISTINO: 05640
 [23/08/24] - [15"12'13] SCRITTA COPERTURA PER ARTICOLO: 014656 - FORNITORE: 01587 - LISTINO: 05640
 [23/08/24] - [15"12'13] SCRITTA COPERTURA PER ARTICOLO: 014659 - FORNITORE: 01587 - LISTINO: 05639
 [23/08/24] - [15"12'13] SCRITTA COPERTURA PER ARTICOLO: 014661 - FORNITORE: 01587 - LISTINO: 05639
 [23/08/24] - [15"12'13] SCRITTA COPERTURA PER ARTICOLO: 014690 - FORNITORE: 02584 - LISTINO: 05621
 [23/08/24] - [15"12'13] SCRITTA COPERTURA PER ARTICOLO: 014711 - FORNITORE: 02266 - LISTINO: 04000
 [23/08/24] - [15"12'13] SCRITTA COPERTURA PER ARTICOLO: 014768 - FORNITORE: 03179 - LISTINO: 05619
 [23/08/24] - [15"12'13] SCRITTA COPERTURA PER ARTICOLO: 014794 - FORNITORE: 02655 - LISTINO: 05383
 [23/08/24] - [15"12'13] SCRITTA COPERTURA PER ARTICOLO: 014829 - FORNITORE: 02256 - LISTINO: 05280
 [23/08/24] - [15"12'13] SCRITTA COPERTURA PER ARTICOLO: 014830 - FORNITORE: 02256 - LISTINO: 05280
 [23/08/24] - [15"12'13] SCRITTA COPERTURA PER ARTICOLO: 014990 - FORNITORE: 00438 - LISTINO: 05063
 [23/08/24] - [15"12'13] SCRITTA COPERTURA PER ARTICOLO: 015063 - FORNITORE: 01690 - LISTINO: 05587
 [23/08/24] - [15"12'13] SCRITTA COPERTURA PER ARTICOLO: 015064 - FORNITORE: 01690 - LISTINO: 05587
 [23/08/24] - [15"12'13] SCRITTA COPERTURA PER ARTICOLO: 015065 - FORNITORE: 00407 - LISTINO: 05212
 [23/08/24] - [15"12'13] SCRITTA COPERTURA PER ARTICOLO: 015085 - FORNITORE: 01208 - LISTINO: 05610
 [23/08/24] - [15"12'13] SCRITTA COPERTURA PER ARTICOLO: 015161 - FORNITORE: 02558 - LISTINO: 04376
 [23/08/24] - [15"12'13] SCRITTA COPERTURA PER ARTICOLO: 015162 - FORNITORE: 02558 - LISTINO: 04376
 [23/08/24] - [15"12'13] SCRITTA COPERTURA PER ARTICOLO: 015163 - FORNITORE: 02558 - LISTINO: 04376
 [23/08/24] - [15"12'13] SCRITTA COPERTURA PER ARTICOLO: 015167 - FORNITORE: 02558 - LISTINO: 04376
 [23/08/24] - [15"12'13] SCRITTA COPERTURA PER ARTICOLO: 015269 - FORNITORE: 02266 - LISTINO: 04000
 [23/08/24] - [15"12'13] SCRITTA COPERTURA PER ARTICOLO: 015276 - FORNITORE: 02256 - LISTINO: 05280
 [23/08/24] - [15"12'13] SCRITTA COPERTURA PER ARTICOLO: 015279 - FORNITORE: 02256 - LISTINO: 05280
 [23/08/24] - [15"12'13] SCRITTA COPERTURA PER ARTICOLO: 015281 - FORNITORE: 01587 - LISTINO: 05639
 [23/08/24] - [15"12'13] SCRITTA COPERTURA PER ARTICOLO: 015302 - FORNITORE: 01587 - LISTINO: 05640
 [23/08/24] - [15"12'13] SCRITTA COPERTURA PER ARTICOLO: 015388 - FORNITORE: 02266 - LISTINO: 04000
 [23/08/24] - [15"12'13] SCRITTA COPERTURA PER ARTICOLO: 015405 - FORNITORE: 00197 - LISTINO: 04936
 [23/08/24] - [15"12'13] SCRITTA COPERTURA PER ARTICOLO: 015490 - FORNITORE: 02306 - LISTINO: 05532
 [23/08/24] - [15"12'13] SCRITTA COPERTURA PER ARTICOLO: 015650 - FORNITORE: 02266 - LISTINO: 04000
 [23/08/24] - [15"12'13] SCRITTA COPERTURA PER ARTICOLO: 015655 - FORNITORE: 02266 - LISTINO: 04000
 [23/08/24] - [15"12'13] SCRITTA COPERTURA PER ARTICOLO: 015686 - FORNITORE: 02264 - LISTINO: 04610
 [23/08/24] - [15"12'13] SCRITTA COPERTURA PER ARTICOLO: 015687 - FORNITORE: 02264 - LISTINO: 04610
 [23/08/24] - [15"12'13] SCRITTA COPERTURA PER ARTICOLO: 015688 - FORNITORE: 02264 - LISTINO: 04610
 [23/08/24] - [15"12'13] SCRITTA COPERTURA PER ARTICOLO: 015694 - FORNITORE: 02264 - LISTINO: 04610
 [23/08/24] - [15"12'13] SCRITTA COPERTURA PER ARTICOLO: 015697 - FORNITORE: 02264 - LISTINO: 04610
 [23/08/24] - [15"12'13] SCRITTA COPERTURA PER ARTICOLO: 015699 - FORNITORE: 01690 - LISTINO: 05587
 [23/08/24] - [15"12'13] SCRITTA COPERTURA PER ARTICOLO: 015701 - FORNITORE: 00407 - LISTINO: 05212
 [23/08/24] - [15"12'13] SCRITTA COPERTURA PER ARTICOLO: 015702 - FORNITORE: 00407 - LISTINO: 05212
 [23/08/24] - [15"12'13] SCRITTA COPERTURA PER ARTICOLO: 015719 - FORNITORE: 03030 - LISTINO: 05272
 [23/08/24] - [15"12'13] SCRITTA COPERTURA PER ARTICOLO: 016145 - FORNITORE: 02015 - LISTINO: 05085
 [23/08/24] - [15"12'13] SCRITTA COPERTURA PER ARTICOLO: 016147 - FORNITORE: 02015 - LISTINO: 05085
 [23/08/24] - [15"12'13] SCRITTA COPERTURA PER ARTICOLO: 016151 - FORNITORE: 02015 - LISTINO: 05085
 [23/08/24] - [15"12'13] SCRITTA COPERTURA PER ARTICOLO: 016153 - FORNITORE: 02015 - LISTINO: 05085
 [23/08/24] - [15"12'13] SCRITTA COPERTURA PER ARTICOLO: 016171 - FORNITORE: 02091 - LISTINO: 04688
 [23/08/24] - [15"12'13] SCRITTA COPERTURA PER ARTICOLO: 016172 - FORNITORE: 02091 - LISTINO: 04688
 [23/08/24] - [15"12'13] SCRITTA COPERTURA PER ARTICOLO: 016173 - FORNITORE: 02091 - LISTINO: 04688
 [23/08/24] - [15"12'13] SCRITTA COPERTURA PER ARTICOLO: 016215 - FORNITORE: 01208 - LISTINO: 05610
 [23/08/24] - [15"12'13] SCRITTA COPERTURA PER ARTICOLO: 016238 - FORNITORE: 00690 - LISTINO: 05616
 [23/08/24] - [15"12'13] SCRITTA COPERTURA PER ARTICOLO: 016246 - FORNITORE: 02266 - LISTINO: 04000
 [23/08/24] - [15"12'13] SCRITTA COPERTURA PER ARTICOLO: 016264 - FORNITORE: 00128 - LISTINO: 05198
 [23/08/24] - [15"12'13] SCRITTA COPERTURA PER ARTICOLO: 016266 - FORNITORE: 00128 - LISTINO: 05198
 [23/08/24] - [15"12'13] SCRITTA COPERTURA PER ARTICOLO: 016279 - FORNITORE: 01587 - LISTINO: 05639
 [23/08/24] - [15"12'13] SCRITTA COPERTURA PER ARTICOLO: 016312 - FORNITORE: 01690 - LISTINO: 05587
 [23/08/24] - [15"12'13] SCRITTA COPERTURA PER ARTICOLO: 016313 - FORNITORE: 01690 - LISTINO: 05587
 [23/08/24] - [15"12'13] SCRITTA COPERTURA PER ARTICOLO: 016314 - FORNITORE: 01690 - LISTINO: 05587
 [23/08/24] - [15"12'13] SCRITTA COPERTURA PER ARTICOLO: 016446 - FORNITORE: 02266 - LISTINO: 04000
 [23/08/24] - [15"12'13] SCRITTA COPERTURA PER ARTICOLO: 016447 - FORNITORE: 02266 - LISTINO: 04000
 [23/08/24] - [15"12'13] SCRITTA COPERTURA PER ARTICOLO: 016476 - FORNITORE: 00128 - LISTINO: 05046
 [23/08/24] - [15"12'13] SCRITTA COPERTURA PER ARTICOLO: 016477 - FORNITORE: 00128 - LISTINO: 05046
 [23/08/24] - [15"12'13] SCRITTA COPERTURA PER ARTICOLO: 016619 - FORNITORE: 00128 - LISTINO: 05197
 [23/08/24] - [15"12'13] SCRITTA COPERTURA PER ARTICOLO: 016621 - FORNITORE: 00128 - LISTINO: 05197
 [23/08/24] - [15"12'13] SCRITTA COPERTURA PER ARTICOLO: 016623 - FORNITORE: 00128 - LISTINO: 05197
 [23/08/24] - [15"12'13] SCRITTA COPERTURA PER ARTICOLO: 016627 - FORNITORE: 00128 - LISTINO: 05197
 [23/08/24] - [15"12'13] SCRITTA COPERTURA PER ARTICOLO: 016707 - FORNITORE: 00734 - LISTINO: 05571
 [23/08/24] - [15"12'13] SCRITTA COPERTURA PER ARTICOLO: 016708 - FORNITORE: 00734 - LISTINO: 05571
 [23/08/24] - [15"12'13] SCRITTA COPERTURA PER ARTICOLO: 017212 - FORNITORE: 02015 - LISTINO: 05085
 [23/08/24] - [15"12'13] SCRITTA COPERTURA PER ARTICOLO: 017213 - FORNITORE: 02015 - LISTINO: 05085
 [23/08/24] - [15"12'13] SCRITTA COPERTURA PER ARTICOLO: 017216 - FORNITORE: 02015 - LISTINO: 05085
 [23/08/24] - [15"12'13] SCRITTA COPERTURA PER ARTICOLO: 017317 - FORNITORE: 01587 - LISTINO: 05640
 [23/08/24] - [15"12'13] SCRITTA COPERTURA PER ARTICOLO: 017323 - FORNITORE: 01587 - LISTINO: 05640
 [23/08/24] - [15"12'13] SCRITTA COPERTURA PER ARTICOLO: 017327 - FORNITORE: 01587 - LISTINO: 05640
 [23/08/24] - [15"12'13] SCRITTA COPERTURA PER ARTICOLO: 017334 - FORNITORE: 01587 - LISTINO: 05639
 [23/08/24] - [15"12'13] SCRITTA COPERTURA PER ARTICOLO: 017343 - FORNITORE: 01587 - LISTINO: 05639
 [23/08/24] - [15"12'13] SCRITTA COPERTURA PER ARTICOLO: 017347 - FORNITORE: 01587 - LISTINO: 05640
 [23/08/24] - [15"12'13] SCRITTA COPERTURA PER ARTICOLO: 018263 - FORNITORE: 02201 - LISTINO: 05608
 [23/08/24] - [15"12'13] SCRITTA COPERTURA PER ARTICOLO: 018265 - FORNITORE: 02201 - LISTINO: 05608
 [23/08/24] - [15"12'13] SCRITTA COPERTURA PER ARTICOLO: 018504 - FORNITORE: 02201 - LISTINO: 05608
 [23/08/24] - [15"12'13] SCRITTA COPERTURA PER ARTICOLO: 018506 - FORNITORE: 02201 - LISTINO: 05608
 [23/08/24] - [15"12'13] SCRITTA COPERTURA PER ARTICOLO: 018507 - FORNITORE: 02201 - LISTINO: 05608
 [23/08/24] - [15"12'13] SCRITTA COPERTURA PER ARTICOLO: 018682 - FORNITORE: 00124 - LISTINO: 05531
 [23/08/24] - [15"12'13] SCRITTA COPERTURA PER ARTICOLO: 019829 - FORNITORE: 00734 - LISTINO: 05572
 [23/08/24] - [15"12'13] SCRITTA COPERTURA PER ARTICOLO: 019830 - FORNITORE: 00734 - LISTINO: 05572
 [23/08/24] - [15"12'13] SCRITTA COPERTURA PER ARTICOLO: 019831 - FORNITORE: 00734 - LISTINO: 05572
 [23/08/24] - [15"12'13] SCRITTA COPERTURA PER ARTICOLO: 019832 - FORNITORE: 00734 - LISTINO: 05572
 [23/08/24] - [15"12'13] SCRITTA COPERTURA PER ARTICOLO: 019833 - FORNITORE: 00734 - LISTINO: 05572
 [23/08/24] - [15"12'13] SCRITTA COPERTURA PER ARTICOLO: 020523 - FORNITORE: 01208 - LISTINO: 05610
 [23/08/24] - [15"12'13] SCRITTA COPERTURA PER ARTICOLO: 021491 - FORNITORE: 01690 - LISTINO: 05589
 [23/08/24] - [15"12'13] SCRITTA COPERTURA PER ARTICOLO: 021494 - FORNITORE: 01690 - LISTINO: 05589
 [23/08/24] - [15"12'13] SCRITTA COPERTURA PER ARTICOLO: 021506 - FORNITORE: 01587 - LISTINO: 05639
 [23/08/24] - [15"12'13] SCRITTA COPERTURA PER ARTICOLO: 021519 - FORNITORE: 01587 - LISTINO: 05640
 [23/08/24] - [15"12'13] SCRITTA COPERTURA PER ARTICOLO: 021524 - FORNITORE: 01587 - LISTINO: 05640
 [23/08/24] - [15"12'13] SCRITTA COPERTURA PER ARTICOLO: 021579 - FORNITORE: 01690 - LISTINO: 05587
 [23/08/24] - [15"12'13] SCRITTA COPERTURA PER ARTICOLO: 021632 - FORNITORE: 00710 - LISTINO: 05633
 [23/08/24] - [15"12'13] SCRITTA COPERTURA PER ARTICOLO: 021635 - FORNITORE: 00710 - LISTINO: 05633
 [23/08/24] - [15"12'13] SCRITTA COPERTURA PER ARTICOLO: 021636 - FORNITORE: 00710 - LISTINO: 05633
 [23/08/24] - [15"12'13] SCRITTA COPERTURA PER ARTICOLO: 021669 - FORNITORE: 01587 - LISTINO: 05639
 [23/08/24] - [15"12'13] SCRITTA COPERTURA PER ARTICOLO: 021671 - FORNITORE: 01690 - LISTINO: 05587
 [23/08/24] - [15"12'13] SCRITTA COPERTURA PER ARTICOLO: 021702 - FORNITORE: 00407 - LISTINO: 05212
 [23/08/24] - [15"12'13] SCRITTA COPERTURA PER ARTICOLO: 021704 - FORNITORE: 00407 - LISTINO: 05212
 [23/08/24] - [15"12'13] SCRITTA COPERTURA PER ARTICOLO: 021727 - FORNITORE: 01208 - LISTINO: 05610
 [23/08/24] - [15"12'13] SCRITTA COPERTURA PER ARTICOLO: 021744 - FORNITORE: 01690 - LISTINO: 05592
 [23/08/24] - [15"12'13] SCRITTA COPERTURA PER ARTICOLO: 021746 - FORNITORE: 02650 - LISTINO: 05480
 [23/08/24] - [15"12'13] SCRITTA COPERTURA PER ARTICOLO: 021755 - FORNITORE: 01208 - LISTINO: 05610
 [23/08/24] - [15"12'13] SCRITTA COPERTURA PER ARTICOLO: 021937 - FORNITORE: 01587 - LISTINO: 05640
 [23/08/24] - [15"12'13] SCRITTA COPERTURA PER ARTICOLO: 021939 - FORNITORE: 01587 - LISTINO: 05639
 [23/08/24] - [15"12'13] SCRITTA COPERTURA PER ARTICOLO: 022026 - FORNITORE: 02256 - LISTINO: 05280
 [23/08/24] - [15"12'13] SCRITTA COPERTURA PER ARTICOLO: 022037 - FORNITORE: 01690 - LISTINO: 05589
 [23/08/24] - [15"12'13] SCRITTA COPERTURA PER ARTICOLO: 022039 - FORNITORE: 01690 - LISTINO: 05589
 [23/08/24] - [15"12'13] SCRITTA COPERTURA PER ARTICOLO: 022232 - FORNITORE: 00710 - LISTINO: 05633
 [23/08/24] - [15"12'13] SCRITTA COPERTURA PER ARTICOLO: 022243 - FORNITORE: 00710 - LISTINO: 05633
 [23/08/24] - [15"12'13] SCRITTA COPERTURA PER ARTICOLO: 022248 - FORNITORE: 00710 - LISTINO: 05633
 [23/08/24] - [15"12'13] SCRITTA COPERTURA PER ARTICOLO: 022250 - FORNITORE: 02897 - LISTINO: 05629
 [23/08/24] - [15"12'13] SCRITTA COPERTURA PER ARTICOLO: 022251 - FORNITORE: 00710 - LISTINO: 05633
 [23/08/24] - [15"12'13] SCRITTA COPERTURA PER ARTICOLO: 022252 - FORNITORE: 00710 - LISTINO: 05633
 [23/08/24] - [15"12'13] SCRITTA COPERTURA PER ARTICOLO: 022256 - FORNITORE: 02897 - LISTINO: 05629
 [23/08/24] - [15"12'13] SCRITTA COPERTURA PER ARTICOLO: 022304 - FORNITORE: 01690 - LISTINO: 05589
 [23/08/24] - [15"12'13] SCRITTA COPERTURA PER ARTICOLO: 022307 - FORNITORE: 01690 - LISTINO: 05589
 [23/08/24] - [15"12'13] SCRITTA COPERTURA PER ARTICOLO: 022309 - FORNITORE: 01690 - LISTINO: 05589
 [23/08/24] - [15"12'13] SCRITTA COPERTURA PER ARTICOLO: 022310 - FORNITORE: 01690 - LISTINO: 05589
 [23/08/24] - [15"12'13] SCRITTA COPERTURA PER ARTICOLO: 022316 - FORNITORE: 01690 - LISTINO: 05589
 [23/08/24] - [15"12'13] SCRITTA COPERTURA PER ARTICOLO: 022344 - FORNITORE: 00710 - LISTINO: 05633
 [23/08/24] - [15"12'13] SCRITTA COPERTURA PER ARTICOLO: 022370 - FORNITORE: 01690 - LISTINO: 05587
 [23/08/24] - [15"12'13] SCRITTA COPERTURA PER ARTICOLO: 022373 - FORNITORE: 01690 - LISTINO: 05587
 [23/08/24] - [15"12'13] SCRITTA COPERTURA PER ARTICOLO: 022404 - FORNITORE: 00128 - LISTINO: 05197
 [23/08/24] - [15"12'13] SCRITTA COPERTURA PER ARTICOLO: 022406 - FORNITORE: 00128 - LISTINO: 05197
 [23/08/24] - [15"12'13] SCRITTA COPERTURA PER ARTICOLO: 022421 - FORNITORE: 01587 - LISTINO: 05640
 [23/08/24] - [15"12'13] SCRITTA COPERTURA PER ARTICOLO: 022463 - FORNITORE: 02256 - LISTINO: 05280
 [23/08/24] - [15"12'13] SCRITTA COPERTURA PER ARTICOLO: 022486 - FORNITORE: 02256 - LISTINO: 05280
 [23/08/24] - [15"12'13] SCRITTA COPERTURA PER ARTICOLO: 022523 - FORNITORE: 00128 - LISTINO: 05197
 [23/08/24] - [15"12'13] SCRITTA COPERTURA PER ARTICOLO: 022541 - FORNITORE: 01587 - LISTINO: 05640
 [23/08/24] - [15"12'13] SCRITTA COPERTURA PER ARTICOLO: 022542 - FORNITORE: 01587 - LISTINO: 05639
 [23/08/24] - [15"12'13] SCRITTA COPERTURA PER ARTICOLO: 022566 - FORNITORE: 01690 - LISTINO: 05587
 [23/08/24] - [15"12'13] SCRITTA COPERTURA PER ARTICOLO: 022691 - FORNITORE: 01587 - LISTINO: 05639
 [23/08/24] - [15"12'13] SCRITTA COPERTURA PER ARTICOLO: 026568 - FORNITORE: 01208 - LISTINO: 05610
 [23/08/24] - [15"12'13] SCRITTA COPERTURA PER ARTICOLO: 026574 - FORNITORE: 01208 - LISTINO: 05610
 [23/08/24] - [15"12'13] SCRITTA COPERTURA PER ARTICOLO: 026577 - FORNITORE: 01208 - LISTINO: 05610
 [23/08/24] - [15"12'13] SCRITTA COPERTURA PER ARTICOLO: 026578 - FORNITORE: 01208 - LISTINO: 05610
 [23/08/24] - [15"12'13] SCRITTA COPERTURA PER ARTICOLO: 026580 - FORNITORE: 01208 - LISTINO: 05610
 [23/08/24] - [15"12'13] SCRITTA COPERTURA PER ARTICOLO: 026581 - FORNITORE: 01208 - LISTINO: 05610
 [23/08/24] - [15"12'13] SCRITTA COPERTURA PER ARTICOLO: 026588 - FORNITORE: 01208 - LISTINO: 05610
 [23/08/24] - [15"12'13] SCRITTA COPERTURA PER ARTICOLO: 026592 - FORNITORE: 01208 - LISTINO: 05610
 [23/08/24] - [15"12'13] SCRITTA COPERTURA PER ARTICOLO: 026617 - FORNITORE: 01208 - LISTINO: 05610
 [23/08/24] - [15"12'13] SCRITTA COPERTURA PER ARTICOLO: 026619 - FORNITORE: 01208 - LISTINO: 05610
 [23/08/24] - [15"12'13] SCRITTA COPERTURA PER ARTICOLO: 026622 - FORNITORE: 01208 - LISTINO: 05610
 [23/08/24] - [15"12'13] SCRITTA COPERTURA PER ARTICOLO: 026715 - FORNITORE: 02356 - LISTINO: 04784
 [23/08/24] - [15"12'13] SCRITTA COPERTURA PER ARTICOLO: 026729 - FORNITORE: 00431 - LISTINO: 05568
 [23/08/24] - [15"12'13] SCRITTA COPERTURA PER ARTICOLO: 026733 - FORNITORE: 02584 - LISTINO: 05622
 [23/08/24] - [15"12'13] SCRITTA COPERTURA PER ARTICOLO: 026750 - FORNITORE: 02709 - LISTINO: 04625
 [23/08/24] - [15"12'13] SCRITTA COPERTURA PER ARTICOLO: 026752 - FORNITORE: 02709 - LISTINO: 04625
 [23/08/24] - [15"12'13] SCRITTA COPERTURA PER ARTICOLO: 026754 - FORNITORE: 02584 - LISTINO: 05622
 [23/08/24] - [15"12'13] SCRITTA COPERTURA PER ARTICOLO: 026763 - FORNITORE: 02584 - LISTINO: 05622
 [23/08/24] - [15"12'13] SCRITTA COPERTURA PER ARTICOLO: 026765 - FORNITORE: 02983 - LISTINO: 05296
 [23/08/24] - [15"12'13] SCRITTA COPERTURA PER ARTICOLO: 026767 - FORNITORE: 00690 - LISTINO: 05618
 [23/08/24] - [15"12'13] SCRITTA COPERTURA PER ARTICOLO: 026781 - FORNITORE: 02449 - LISTINO: 05309
 [23/08/24] - [15"12'13] SCRITTA COPERTURA PER ARTICOLO: 026783 - FORNITORE: 02584 - LISTINO: 05622
 [23/08/24] - [15"12'13] SCRITTA COPERTURA PER ARTICOLO: 026784 - FORNITORE: 02584 - LISTINO: 05622
 [23/08/24] - [15"12'13] SCRITTA COPERTURA PER ARTICOLO: 026789 - FORNITORE: 00690 - LISTINO: 05618
 [23/08/24] - [15"12'13] SCRITTA COPERTURA PER ARTICOLO: 026792 - FORNITORE: 01143 - LISTINO: 05617
 [23/08/24] - [15"12'13] SCRITTA COPERTURA PER ARTICOLO: 026793 - FORNITORE: 01143 - LISTINO: 05617
 [23/08/24] - [15"12'13] SCRITTA COPERTURA PER ARTICOLO: 026796 - FORNITORE: 01690 - LISTINO: 05594
 [23/08/24] - [15"12'13] SCRITTA COPERTURA PER ARTICOLO: 026798 - FORNITORE: 01690 - LISTINO: 05594
 [23/08/24] - [15"12'13] SCRITTA COPERTURA PER ARTICOLO: 026801 - FORNITORE: 01690 - LISTINO: 05594
 [23/08/24] - [15"12'13] SCRITTA COPERTURA PER ARTICOLO: 026802 - FORNITORE: 01690 - LISTINO: 05594
 [23/08/24] - [15"12'13] SCRITTA COPERTURA PER ARTICOLO: 026805 - FORNITORE: 00407 - LISTINO: 05212
 [23/08/24] - [15"12'13] SCRITTA COPERTURA PER ARTICOLO: 026806 - FORNITORE: 00407 - LISTINO: 05212
 [23/08/24] - [15"12'13] SCRITTA COPERTURA PER ARTICOLO: 026807 - FORNITORE: 02983 - LISTINO: 05296
 [23/08/24] - [15"12'13] SCRITTA COPERTURA PER ARTICOLO: 026808 - FORNITORE: 00407 - LISTINO: 05212
 [23/08/24] - [15"12'13] SCRITTA COPERTURA PER ARTICOLO: 026810 - FORNITORE: 02764 - LISTINO: 04667
 [23/08/24] - [15"12'13] SCRITTA COPERTURA PER ARTICOLO: 026812 - FORNITORE: 00407 - LISTINO: 05212
 [23/08/24] - [15"12'13] SCRITTA COPERTURA PER ARTICOLO: 026813 - FORNITORE: 00407 - LISTINO: 05212
 [23/08/24] - [15"12'13] SCRITTA COPERTURA PER ARTICOLO: 026814 - FORNITORE: 02656 - LISTINO: 05094
 [23/08/24] - [15"12'13] SCRITTA COPERTURA PER ARTICOLO: 026849 - FORNITORE: 00710 - LISTINO: 05633
 [23/08/24] - [15"12'13] SCRITTA COPERTURA PER ARTICOLO: 026855 - FORNITORE: 01690 - LISTINO: 05594
 [23/08/24] - [15"12'13] SCRITTA COPERTURA PER ARTICOLO: 026856 - FORNITORE: 01690 - LISTINO: 05594
 [23/08/24] - [15"12'13] SCRITTA COPERTURA PER ARTICOLO: 026865 - FORNITORE: 02584 - LISTINO: 05622
 [23/08/24] - [15"12'13] SCRITTA COPERTURA PER ARTICOLO: 026868 - FORNITORE: 02764 - LISTINO: 04667
 [23/08/24] - [15"12'13] SCRITTA COPERTURA PER ARTICOLO: 026871 - FORNITORE: 02584 - LISTINO: 05622
 [23/08/24] - [15"12'13] SCRITTA COPERTURA PER ARTICOLO: 026881 - FORNITORE: 03008 - LISTINO: 05598
 [23/08/24] - [15"12'13] SCRITTA COPERTURA PER ARTICOLO: 026898 - FORNITORE: 01567 - LISTINO: 04921
 [23/08/24] - [15"12'13] SCRITTA COPERTURA PER ARTICOLO: 026900 - FORNITORE: 01567 - LISTINO: 04921
 [23/08/24] - [15"12'13] SCRITTA COPERTURA PER ARTICOLO: 026901 - FORNITORE: 01567 - LISTINO: 04921
 [23/08/24] - [15"12'13] SCRITTA COPERTURA PER ARTICOLO: 026944 - FORNITORE: 00690 - LISTINO: 05616
 [23/08/24] - [15"12'13] SCRITTA COPERTURA PER ARTICOLO: 026955 - FORNITORE: 01690 - LISTINO: 05592
 [23/08/24] - [15"12'13] SCRITTA COPERTURA PER ARTICOLO: 026970 - FORNITORE: 02201 - LISTINO: 05608
 [23/08/24] - [15"12'13] SCRITTA COPERTURA PER ARTICOLO: 026971 - FORNITORE: 02201 - LISTINO: 05608
 [23/08/24] - [15"12'13] SCRITTA COPERTURA PER ARTICOLO: 026972 - FORNITORE: 02201 - LISTINO: 05608
 [23/08/24] - [15"12'13] SCRITTA COPERTURA PER ARTICOLO: 026973 - FORNITORE: 02201 - LISTINO: 05608
 [23/08/24] - [15"12'13] SCRITTA COPERTURA PER ARTICOLO: 026974 - FORNITORE: 02201 - LISTINO: 05608
 [23/08/24] - [15"12'13] SCRITTA COPERTURA PER ARTICOLO: 026975 - FORNITORE: 02201 - LISTINO: 05608
 [23/08/24] - [15"12'13] SCRITTA COPERTURA PER ARTICOLO: 026986 - FORNITORE: 02201 - LISTINO: 05608
 [23/08/24] - [15"12'13] SCRITTA COPERTURA PER ARTICOLO: 026988 - FORNITORE: 02201 - LISTINO: 05608
 [23/08/24] - [15"12'13] SCRITTA COPERTURA PER ARTICOLO: 026989 - FORNITORE: 02201 - LISTINO: 05608
 [23/08/24] - [15"12'13] SCRITTA COPERTURA PER ARTICOLO: 026996 - FORNITORE: 01587 - LISTINO: 05640
 [23/08/24] - [15"12'13] SCRITTA COPERTURA PER ARTICOLO: 027248 - FORNITORE: 01587 - LISTINO: 05639
 [23/08/24] - [15"12'13] SCRITTA COPERTURA PER ARTICOLO: 027258 - FORNITORE: 00431 - LISTINO: 05569
 [23/08/24] - [15"12'13] SCRITTA COPERTURA PER ARTICOLO: 027261 - FORNITORE: 00431 - LISTINO: 05569
 [23/08/24] - [15"12'13] SCRITTA COPERTURA PER ARTICOLO: 027262 - FORNITORE: 00431 - LISTINO: 05569
 [23/08/24] - [15"12'13] SCRITTA COPERTURA PER ARTICOLO: 027277 - FORNITORE: 03146 - LISTINO: 05526
 [23/08/24] - [15"12'13] SCRITTA COPERTURA PER ARTICOLO: 027313 - FORNITORE: 01914 - LISTINO: 04015
 [23/08/24] - [15"12'13] SCRITTA COPERTURA PER ARTICOLO: 027355 - FORNITORE: 02764 - LISTINO: 04667
 [23/08/24] - [15"12'13] SCRITTA COPERTURA PER ARTICOLO: 027367 - FORNITORE: 00690 - LISTINO: 05618
 [23/08/24] - [15"12'13] SCRITTA COPERTURA PER ARTICOLO: 027428 - FORNITORE: 01208 - LISTINO: 05610
 [23/08/24] - [15"12'13] SCRITTA COPERTURA PER ARTICOLO: 027431 - FORNITORE: 01208 - LISTINO: 05610
 [23/08/24] - [15"12'13] SCRITTA COPERTURA PER ARTICOLO: 027434 - FORNITORE: 01208 - LISTINO: 05610
 [23/08/24] - [15"12'13] SCRITTA COPERTURA PER ARTICOLO: 027436 - FORNITORE: 01208 - LISTINO: 05610
 [23/08/24] - [15"12'13] SCRITTA COPERTURA PER ARTICOLO: 027439 - FORNITORE: 01208 - LISTINO: 05610
 [23/08/24] - [15"12'13] SCRITTA COPERTURA PER ARTICOLO: 027443 - FORNITORE: 01208 - LISTINO: 05610
 [23/08/24] - [15"12'13] SCRITTA COPERTURA PER ARTICOLO: 029372 - FORNITORE: 00431 - LISTINO: 05567
 [23/08/24] - [15"12'13] SCRITTA COPERTURA PER ARTICOLO: 029373 - FORNITORE: 00431 - LISTINO: 05567
 [23/08/24] - [15"12'13] SCRITTA COPERTURA PER ARTICOLO: 029374 - FORNITORE: 00431 - LISTINO: 05567
 [23/08/24] - [15"12'13] SCRITTA COPERTURA PER ARTICOLO: 029377 - FORNITORE: 00431 - LISTINO: 05568
 [23/08/24] - [15"12'13] SCRITTA COPERTURA PER ARTICOLO: 029444 - FORNITORE: 02201 - LISTINO: 05608
 [23/08/24] - [15"12'13] SCRITTA COPERTURA PER ARTICOLO: 029453 - FORNITORE: 02201 - LISTINO: 05608
 [23/08/24] - [15"12'13] SCRITTA COPERTURA PER ARTICOLO: 029454 - FORNITORE: 02201 - LISTINO: 05608
 [23/08/24] - [15"12'13] SCRITTA COPERTURA PER ARTICOLO: 029455 - FORNITORE: 02201 - LISTINO: 05608
 [23/08/24] - [15"12'13] SCRITTA COPERTURA PER ARTICOLO: 029456 - FORNITORE: 02201 - LISTINO: 05608
 [23/08/24] - [15"12'13] SCRITTA COPERTURA PER ARTICOLO: 029458 - FORNITORE: 02201 - LISTINO: 05608
 [23/08/24] - [15"12'13] SCRITTA COPERTURA PER ARTICOLO: 029459 - FORNITORE: 02201 - LISTINO: 05608
 [23/08/24] - [15"12'13] SCRITTA COPERTURA PER ARTICOLO: 029513 - FORNITORE: 01237 - LISTINO: 05290
 [23/08/24] - [15"12'13] SCRITTA COPERTURA PER ARTICOLO: 029514 - FORNITORE: 01208 - LISTINO: 05610
 [23/08/24] - [15"12'13] SCRITTA COPERTURA PER ARTICOLO: 029527 - FORNITORE: 01208 - LISTINO: 05610
 [23/08/24] - [15"12'13] SCRITTA COPERTURA PER ARTICOLO: 029528 - FORNITORE: 01208 - LISTINO: 05610
 [23/08/24] - [15"12'13] SCRITTA COPERTURA PER ARTICOLO: 029544 - FORNITORE: 01208 - LISTINO: 05610
 [23/08/24] - [15"12'13] SCRITTA COPERTURA PER ARTICOLO: 029545 - FORNITORE: 01208 - LISTINO: 05610
 [23/08/24] - [15"12'13] SCRITTA COPERTURA PER ARTICOLO: 029561 - FORNITORE: 01923 - LISTINO: 05543
 [23/08/24] - [15"12'13] SCRITTA COPERTURA PER ARTICOLO: 029566 - FORNITORE: 01923 - LISTINO: 05543
 [23/08/24] - [15"12'13] SCRITTA COPERTURA PER ARTICOLO: 029573 - FORNITORE: 01923 - LISTINO: 05543
 [23/08/24] - [15"12'13] SCRITTA COPERTURA PER ARTICOLO: 029588 - FORNITORE: 01856 - LISTINO: 04776
 [23/08/24] - [15"12'13] SCRITTA COPERTURA PER ARTICOLO: 029590 - FORNITORE: 01856 - LISTINO: 04776
 [23/08/24] - [15"12'13] SCRITTA COPERTURA PER ARTICOLO: 029724 - FORNITORE: 02839 - LISTINO: 05601
 [23/08/24] - [15"12'13] SCRITTA COPERTURA PER ARTICOLO: 029725 - FORNITORE: 02839 - LISTINO: 05601
 [23/08/24] - [15"12'13] SCRITTA COPERTURA PER ARTICOLO: 029735 - FORNITORE: 00128 - LISTINO: 05199
 [23/08/24] - [15"12'13] SCRITTA COPERTURA PER ARTICOLO: 029737 - FORNITORE: 00128 - LISTINO: 05199
 [23/08/24] - [15"12'13] SCRITTA COPERTURA PER ARTICOLO: 029739 - FORNITORE: 00128 - LISTINO: 05199
 [23/08/24] - [15"12'13] SCRITTA COPERTURA PER ARTICOLO: 029740 - FORNITORE: 00128 - LISTINO: 05199
 [23/08/24] - [15"12'13] SCRITTA COPERTURA PER ARTICOLO: 029746 - FORNITORE: 00128 - LISTINO: 05199
 [23/08/24] - [15"12'13] SCRITTA COPERTURA PER ARTICOLO: 029751 - FORNITORE: 00128 - LISTINO: 05199
 [23/08/24] - [15"12'13] SCRITTA COPERTURA PER ARTICOLO: 029754 - FORNITORE: 00128 - LISTINO: 05199
 [23/08/24] - [15"12'13] SCRITTA COPERTURA PER ARTICOLO: 029761 - FORNITORE: 00128 - LISTINO: 05199
 [23/08/24] - [15"12'13] SCRITTA COPERTURA PER ARTICOLO: 029765 - FORNITORE: 00128 - LISTINO: 05199
 [23/08/24] - [15"12'13] SCRITTA COPERTURA PER ARTICOLO: 029766 - FORNITORE: 00128 - LISTINO: 05199
 [23/08/24] - [15"12'13] SCRITTA COPERTURA PER ARTICOLO: 029769 - FORNITORE: 00128 - LISTINO: 05199
 [23/08/24] - [15"12'13] SCRITTA COPERTURA PER ARTICOLO: 029771 - FORNITORE: 00128 - LISTINO: 05199
 [23/08/24] - [15"12'13] SCRITTA COPERTURA PER ARTICOLO: 029772 - FORNITORE: 00128 - LISTINO: 05199
 [23/08/24] - [15"12'13] SCRITTA COPERTURA PER ARTICOLO: 029816 - FORNITORE: 01587 - LISTINO: 05640
 [23/08/24] - [15"12'13] SCRITTA COPERTURA PER ARTICOLO: 031242 - FORNITORE: 02656 - LISTINO: 05094
 [23/08/24] - [15"12'13] SCRITTA COPERTURA PER ARTICOLO: 031243 - FORNITORE: 00051 - LISTINO: 04555
 [23/08/24] - [15"12'13] SCRITTA COPERTURA PER ARTICOLO: 031244 - FORNITORE: 00734 - LISTINO: 05572
 [23/08/24] - [15"12'13] SCRITTA COPERTURA PER ARTICOLO: 031247 - FORNITORE: 00734 - LISTINO: 05572
 [23/08/24] - [15"12'13] SCRITTA COPERTURA PER ARTICOLO: 031248 - FORNITORE: 00734 - LISTINO: 05572
 [23/08/24] - [15"12'13] SCRITTA COPERTURA PER ARTICOLO: 031249 - FORNITORE: 00734 - LISTINO: 05572
 [23/08/24] - [15"12'13] SCRITTA COPERTURA PER ARTICOLO: 031250 - FORNITORE: 00734 - LISTINO: 05572
 [23/08/24] - [15"12'13] SCRITTA COPERTURA PER ARTICOLO: 031253 - FORNITORE: 00051 - LISTINO: 04555
 [23/08/24] - [15"12'13] SCRITTA COPERTURA PER ARTICOLO: 031254 - FORNITORE: 00051 - LISTINO: 04555
 [23/08/24] - [15"12'13] SCRITTA COPERTURA PER ARTICOLO: 031257 - FORNITORE: 00128 - LISTINO: 04564
 [23/08/24] - [15"12'13] SCRITTA COPERTURA PER ARTICOLO: 031259 - FORNITORE: 00128 - LISTINO: 04564
 [23/08/24] - [15"12'13] SCRITTA COPERTURA PER ARTICOLO: 031264 - FORNITORE: 02709 - LISTINO: 04625
 [23/08/24] - [15"12'13] SCRITTA COPERTURA PER ARTICOLO: 031381 - FORNITORE: 00690 - LISTINO: 05618
 [23/08/24] - [15"12'13] SCRITTA COPERTURA PER ARTICOLO: 031621 - FORNITORE: 02503 - LISTINO: 03133
 [23/08/24] - [15"12'13] SCRITTA COPERTURA PER ARTICOLO: 031622 - FORNITORE: 02503 - LISTINO: 03133
 [23/08/24] - [15"12'13] SCRITTA COPERTURA PER ARTICOLO: 031623 - FORNITORE: 02503 - LISTINO: 03133
 [23/08/24] - [15"12'13] SCRITTA COPERTURA PER ARTICOLO: 031637 - FORNITORE: 02503 - LISTINO: 03133
 [23/08/24] - [15"12'13] SCRITTA COPERTURA PER ARTICOLO: 031638 - FORNITORE: 02503 - LISTINO: 03133
 [23/08/24] - [15"12'13] SCRITTA COPERTURA PER ARTICOLO: 031651 - FORNITORE: 02503 - LISTINO: 03133
 [23/08/24] - [15"12'13] SCRITTA COPERTURA PER ARTICOLO: 031652 - FORNITORE: 02503 - LISTINO: 03133
 [23/08/24] - [15"12'13] SCRITTA COPERTURA PER ARTICOLO: 031653 - FORNITORE: 02503 - LISTINO: 03133
 [23/08/24] - [15"12'13] SCRITTA COPERTURA PER ARTICOLO: 031657 - FORNITORE: 02503 - LISTINO: 03133
 [23/08/24] - [15"12'13] SCRITTA COPERTURA PER ARTICOLO: 031660 - FORNITORE: 02503 - LISTINO: 03133
 [23/08/24] - [15"12'13] SCRITTA COPERTURA PER ARTICOLO: 031694 - FORNITORE: 00128 - LISTINO: 05199
 [23/08/24] - [15"12'13] SCRITTA COPERTURA PER ARTICOLO: 031714 - FORNITORE: 00431 - LISTINO: 05563
 [23/08/24] - [15"12'13] SCRITTA COPERTURA PER ARTICOLO: 031727 - FORNITORE: 01923 - LISTINO: 05544
 [23/08/24] - [15"12'13] SCRITTA COPERTURA PER ARTICOLO: 031729 - FORNITORE: 01690 - LISTINO: 05595
 [23/08/24] - [15"12'13] SCRITTA COPERTURA PER ARTICOLO: 031730 - FORNITORE: 01690 - LISTINO: 05595
 [23/08/24] - [15"12'13] SCRITTA COPERTURA PER ARTICOLO: 031731 - FORNITORE: 01690 - LISTINO: 05595
 [23/08/24] - [15"12'13] SCRITTA COPERTURA PER ARTICOLO: 031732 - FORNITORE: 01690 - LISTINO: 05595
 [23/08/24] - [15"12'13] SCRITTA COPERTURA PER ARTICOLO: 031736 - FORNITORE: 01690 - LISTINO: 05595
 [23/08/24] - [15"12'13] SCRITTA COPERTURA PER ARTICOLO: 031739 - FORNITORE: 01690 - LISTINO: 05595
 [23/08/24] - [15"12'13] SCRITTA COPERTURA PER ARTICOLO: 031765 - FORNITORE: 00736 - LISTINO: 03922
 [23/08/24] - [15"12'13] SCRITTA COPERTURA PER ARTICOLO: 031797 - FORNITORE: 02584 - LISTINO: 05622
 [23/08/24] - [15"12'13] SCRITTA COPERTURA PER ARTICOLO: 031799 - FORNITORE: 02584 - LISTINO: 05622
 [23/08/24] - [15"12'13] SCRITTA COPERTURA PER ARTICOLO: 031805 - FORNITORE: 02015 - LISTINO: 05101
 [23/08/24] - [15"12'13] SCRITTA COPERTURA PER ARTICOLO: 031806 - FORNITORE: 02015 - LISTINO: 05101
 [23/08/24] - [15"12'13] SCRITTA COPERTURA PER ARTICOLO: 032292 - FORNITORE: 00710 - LISTINO: 05633
 [23/08/24] - [15"12'13] SCRITTA COPERTURA PER ARTICOLO: 032298 - FORNITORE: 00431 - LISTINO: 05563
 [23/08/24] - [15"12'13] SCRITTA COPERTURA PER ARTICOLO: 032328 - FORNITORE: 00407 - LISTINO: 05212
 [23/08/24] - [15"12'13] SCRITTA COPERTURA PER ARTICOLO: 032384 - FORNITORE: 02764 - LISTINO: 04667
 [23/08/24] - [15"12'13] SCRITTA COPERTURA PER ARTICOLO: 032397 - FORNITORE: 01923 - LISTINO: 05544
 [23/08/24] - [15"12'13] SCRITTA COPERTURA PER ARTICOLO: 032398 - FORNITORE: 01923 - LISTINO: 05544
 [23/08/24] - [15"12'13] SCRITTA COPERTURA PER ARTICOLO: 032443 - FORNITORE: 02285 - LISTINO: 05612
 [23/08/24] - [15"12'13] SCRITTA COPERTURA PER ARTICOLO: 032872 - FORNITORE: 00431 - LISTINO: 05564
 [23/08/24] - [15"12'13] SCRITTA COPERTURA PER ARTICOLO: 032877 - FORNITORE: 00431 - LISTINO: 05565
 [23/08/24] - [15"12'13] SCRITTA COPERTURA PER ARTICOLO: 032883 - FORNITORE: 01587 - LISTINO: 05640
 [23/08/24] - [15"12'13] SCRITTA COPERTURA PER ARTICOLO: 032930 - FORNITORE: 00431 - LISTINO: 05567
 [23/08/24] - [15"12'13] SCRITTA COPERTURA PER ARTICOLO: 032951 - FORNITORE: 02542 - LISTINO: 04815
 [23/08/24] - [15"12'13] SCRITTA COPERTURA PER ARTICOLO: 032985 - FORNITORE: 01690 - LISTINO: 05592
 [23/08/24] - [15"12'13] SCRITTA COPERTURA PER ARTICOLO: 032986 - FORNITORE: 02650 - LISTINO: 05480
 [23/08/24] - [15"12'13] SCRITTA COPERTURA PER ARTICOLO: 032987 - FORNITORE: 01690 - LISTINO: 05592
 [23/08/24] - [15"12'13] SCRITTA COPERTURA PER ARTICOLO: 032988 - FORNITORE: 01587 - LISTINO: 05640
 [23/08/24] - [15"12'13] SCRITTA COPERTURA PER ARTICOLO: 032990 - FORNITORE: 00039 - LISTINO: 03275
 [23/08/24] - [15"12'13] SCRITTA COPERTURA PER ARTICOLO: 032997 - FORNITORE: 02839 - LISTINO: 05600
 [23/08/24] - [15"12'13] SCRITTA COPERTURA PER ARTICOLO: 033034 - FORNITORE: 02201 - LISTINO: 05608
 [23/08/24] - [15"12'13] SCRITTA COPERTURA PER ARTICOLO: 033468 - FORNITORE: 00128 - LISTINO: 05105
 [23/08/24] - [15"12'13] SCRITTA COPERTURA PER ARTICOLO: 033493 - FORNITORE: 01587 - LISTINO: 05640
 [23/08/24] - [15"12'13] SCRITTA COPERTURA PER ARTICOLO: 033525 - FORNITORE: 01587 - LISTINO: 05640
 [23/08/24] - [15"12'13] SCRITTA COPERTURA PER ARTICOLO: 033550 - FORNITORE: 00438 - LISTINO: 05063
 [23/08/24] - [15"12'13] SCRITTA COPERTURA PER ARTICOLO: 033563 - FORNITORE: 00438 - LISTINO: 05063
 [23/08/24] - [15"12'13] SCRITTA COPERTURA PER ARTICOLO: 033565 - FORNITORE: 00438 - LISTINO: 05063
 [23/08/24] - [15"12'13] SCRITTA COPERTURA PER ARTICOLO: 033567 - FORNITORE: 01208 - LISTINO: 05610
 [23/08/24] - [15"12'13] SCRITTA COPERTURA PER ARTICOLO: 033582 - FORNITORE: 01208 - LISTINO: 05610
 [23/08/24] - [15"12'13] SCRITTA COPERTURA PER ARTICOLO: 033584 - FORNITORE: 01208 - LISTINO: 05610
 [23/08/24] - [15"12'13] SCRITTA COPERTURA PER ARTICOLO: 033588 - FORNITORE: 01208 - LISTINO: 05610
 [23/08/24] - [15"12'13] SCRITTA COPERTURA PER ARTICOLO: 033605 - FORNITORE: 01977 - LISTINO: 05607
 [23/08/24] - [15"12'13] SCRITTA COPERTURA PER ARTICOLO: 033613 - FORNITORE: 01690 - LISTINO: 05591
 [23/08/24] - [15"12'13] SCRITTA COPERTURA PER ARTICOLO: 033639 - FORNITORE: 02580 - LISTINO: 04247
 [23/08/24] - [15"12'13] SCRITTA COPERTURA PER ARTICOLO: 033699 - FORNITORE: 01587 - LISTINO: 05640
 [23/08/24] - [15"12'13] SCRITTA COPERTURA PER ARTICOLO: 033701 - FORNITORE: 01587 - LISTINO: 05640
 [23/08/24] - [15"12'13] SCRITTA COPERTURA PER ARTICOLO: 033714 - FORNITORE: 01587 - LISTINO: 05640
 [23/08/24] - [15"12'13] SCRITTA COPERTURA PER ARTICOLO: 033727 - FORNITORE: 02201 - LISTINO: 05608
 [23/08/24] - [15"12'13] SCRITTA COPERTURA PER ARTICOLO: 033728 - FORNITORE: 02201 - LISTINO: 05608
 [23/08/24] - [15"12'13] SCRITTA COPERTURA PER ARTICOLO: 033729 - FORNITORE: 02201 - LISTINO: 05608
 [23/08/24] - [15"12'13] SCRITTA COPERTURA PER ARTICOLO: 033730 - FORNITORE: 02201 - LISTINO: 05608
 [23/08/24] - [15"12'13] SCRITTA COPERTURA PER ARTICOLO: 033789 - FORNITORE: 02553 - LISTINO: 05537
 [23/08/24] - [15"12'13] SCRITTA COPERTURA PER ARTICOLO: 033820 - FORNITORE: 02553 - LISTINO: 05537
 [23/08/24] - [15"12'13] SCRITTA COPERTURA PER ARTICOLO: 033826 - FORNITORE: 02553 - LISTINO: 05537
 [23/08/24] - [15"12'13] SCRITTA COPERTURA PER ARTICOLO: 033898 - FORNITORE: 02553 - LISTINO: 05537
 [23/08/24] - [15"12'13] SCRITTA COPERTURA PER ARTICOLO: 033930 - FORNITORE: 02553 - LISTINO: 05537
 [23/08/24] - [15"12'13] SCRITTA COPERTURA PER ARTICOLO: 034091 - FORNITORE: 02553 - LISTINO: 05537
 [23/08/24] - [15"12'13] SCRITTA COPERTURA PER ARTICOLO: 034310 - FORNITORE: 01567 - LISTINO: 01397
 [23/08/24] - [15"12'13] SCRITTA COPERTURA PER ARTICOLO: 034401 - FORNITORE: 01208 - LISTINO: 05610
 [23/08/24] - [15"12'13] SCRITTA COPERTURA PER ARTICOLO: 034457 - FORNITORE: 01587 - LISTINO: 05640
 [23/08/24] - [15"12'13] SCRITTA COPERTURA PER ARTICOLO: 034477 - FORNITORE: 01587 - LISTINO: 05639
 [23/08/24] - [15"12'13] SCRITTA COPERTURA PER ARTICOLO: 034480 - FORNITORE: 00690 - LISTINO: 05618
 [23/08/24] - [15"12'13] SCRITTA COPERTURA PER ARTICOLO: 034579 - FORNITORE: 00690 - LISTINO: 05618
 [23/08/24] - [15"12'13] SCRITTA COPERTURA PER ARTICOLO: 034580 - FORNITORE: 00690 - LISTINO: 05618
 [23/08/24] - [15"12'13] SCRITTA COPERTURA PER ARTICOLO: 034582 - FORNITORE: 00690 - LISTINO: 05618
 [23/08/24] - [15"12'13] SCRITTA COPERTURA PER ARTICOLO: 034583 - FORNITORE: 00690 - LISTINO: 05618
 [23/08/24] - [15"12'13] SCRITTA COPERTURA PER ARTICOLO: 034595 - FORNITORE: 02553 - LISTINO: 05537
 [23/08/24] - [15"12'13] SCRITTA COPERTURA PER ARTICOLO: 034597 - FORNITORE: 02553 - LISTINO: 05537
 [23/08/24] - [15"12'13] SCRITTA COPERTURA PER ARTICOLO: 034600 - FORNITORE: 02553 - LISTINO: 05537
 [23/08/24] - [15"12'13] SCRITTA COPERTURA PER ARTICOLO: 034606 - FORNITORE: 02553 - LISTINO: 05537
 [23/08/24] - [15"12'13] SCRITTA COPERTURA PER ARTICOLO: 034608 - FORNITORE: 02553 - LISTINO: 05537
 [23/08/24] - [15"12'13] SCRITTA COPERTURA PER ARTICOLO: 034609 - FORNITORE: 02553 - LISTINO: 05537
 [23/08/24] - [15"12'13] SCRITTA COPERTURA PER ARTICOLO: 034610 - FORNITORE: 02553 - LISTINO: 05537
 [23/08/24] - [15"12'13] SCRITTA COPERTURA PER ARTICOLO: 034663 - FORNITORE: 02201 - LISTINO: 05608
 [23/08/24] - [15"12'13] SCRITTA COPERTURA PER ARTICOLO: 034664 - FORNITORE: 02201 - LISTINO: 05608
 [23/08/24] - [15"12'13] SCRITTA COPERTURA PER ARTICOLO: 034737 - FORNITORE: 02655 - LISTINO: 05383
 [23/08/24] - [15"12'13] SCRITTA COPERTURA PER ARTICOLO: 034789 - FORNITORE: 02824 - LISTINO: 05611
 [23/08/24] - [15"12'13] SCRITTA COPERTURA PER ARTICOLO: 034806 - FORNITORE: 01208 - LISTINO: 05610
 [23/08/24] - [15"12'13] SCRITTA COPERTURA PER ARTICOLO: 034819 - FORNITORE: 02469 - LISTINO: 05484
 [23/08/24] - [15"12'13] SCRITTA COPERTURA PER ARTICOLO: 034836 - FORNITORE: 00690 - LISTINO: 05618
 [23/08/24] - [15"12'13] SCRITTA COPERTURA PER ARTICOLO: 034846 - FORNITORE: 02650 - LISTINO: 05480
 [23/08/24] - [15"12'13] SCRITTA COPERTURA PER ARTICOLO: 034851 - FORNITORE: 02650 - LISTINO: 05480
 [23/08/24] - [15"12'13] SCRITTA COPERTURA PER ARTICOLO: 034857 - FORNITORE: 02201 - LISTINO: 05608
 [23/08/24] - [15"12'13] SCRITTA COPERTURA PER ARTICOLO: 034858 - FORNITORE: 02201 - LISTINO: 05608
 [23/08/24] - [15"12'13] SCRITTA COPERTURA PER ARTICOLO: 034859 - FORNITORE: 02201 - LISTINO: 05608
 [23/08/24] - [15"12'13] SCRITTA COPERTURA PER ARTICOLO: 034860 - FORNITORE: 02201 - LISTINO: 05608
 [23/08/24] - [15"12'13] SCRITTA COPERTURA PER ARTICOLO: 034861 - FORNITORE: 02201 - LISTINO: 05608
 [23/08/24] - [15"12'13] SCRITTA COPERTURA PER ARTICOLO: 034862 - FORNITORE: 02201 - LISTINO: 05608
 [23/08/24] - [15"12'13] SCRITTA COPERTURA PER ARTICOLO: 034863 - FORNITORE: 02201 - LISTINO: 05608
 [23/08/24] - [15"12'13] SCRITTA COPERTURA PER ARTICOLO: 034864 - FORNITORE: 02201 - LISTINO: 05608
 [23/08/24] - [15"12'13] SCRITTA COPERTURA PER ARTICOLO: 034867 - FORNITORE: 01000 - LISTINO: 05560
 [23/08/24] - [15"12'13] SCRITTA COPERTURA PER ARTICOLO: 034868 - FORNITORE: 01000 - LISTINO: 05560
 [23/08/24] - [15"12'13] SCRITTA COPERTURA PER ARTICOLO: 034869 - FORNITORE: 01000 - LISTINO: 05560
 [23/08/24] - [15"12'13] SCRITTA COPERTURA PER ARTICOLO: 034870 - FORNITORE: 01000 - LISTINO: 05560
 [23/08/24] - [15"12'13] SCRITTA COPERTURA PER ARTICOLO: 034871 - FORNITORE: 01000 - LISTINO: 05560
 [23/08/24] - [15"12'13] SCRITTA COPERTURA PER ARTICOLO: 034872 - FORNITORE: 01000 - LISTINO: 05560
 [23/08/24] - [15"12'13] SCRITTA COPERTURA PER ARTICOLO: 034873 - FORNITORE: 01000 - LISTINO: 05560
 [23/08/24] - [15"12'13] SCRITTA COPERTURA PER ARTICOLO: 034874 - FORNITORE: 01000 - LISTINO: 05560
 [23/08/24] - [15"12'13] SCRITTA COPERTURA PER ARTICOLO: 034875 - FORNITORE: 01000 - LISTINO: 05560
 [23/08/24] - [15"12'13] SCRITTA COPERTURA PER ARTICOLO: 034876 - FORNITORE: 01000 - LISTINO: 05560
 [23/08/24] - [15"12'13] SCRITTA COPERTURA PER ARTICOLO: 034877 - FORNITORE: 01000 - LISTINO: 05560
 [23/08/24] - [15"12'13] SCRITTA COPERTURA PER ARTICOLO: 034879 - FORNITORE: 01000 - LISTINO: 05560
 [23/08/24] - [15"12'13] SCRITTA COPERTURA PER ARTICOLO: 034880 - FORNITORE: 01000 - LISTINO: 05560
 [23/08/24] - [15"12'13] SCRITTA COPERTURA PER ARTICOLO: 034881 - FORNITORE: 01000 - LISTINO: 05560
 [23/08/24] - [15"12'13] SCRITTA COPERTURA PER ARTICOLO: 034882 - FORNITORE: 01000 - LISTINO: 05560
 [23/08/24] - [15"12'13] SCRITTA COPERTURA PER ARTICOLO: 034883 - FORNITORE: 01000 - LISTINO: 05560
 [23/08/24] - [15"12'13] SCRITTA COPERTURA PER ARTICOLO: 034884 - FORNITORE: 01000 - LISTINO: 05560
 [23/08/24] - [15"12'13] SCRITTA COPERTURA PER ARTICOLO: 034885 - FORNITORE: 01000 - LISTINO: 05560
 [23/08/24] - [15"12'13] SCRITTA COPERTURA PER ARTICOLO: 034900 - FORNITORE: 02469 - LISTINO: 05484
 [23/08/24] - [15"12'13] SCRITTA COPERTURA PER ARTICOLO: 034901 - FORNITORE: 01208 - LISTINO: 05610
 [23/08/24] - [15"12'13] SCRITTA COPERTURA PER ARTICOLO: 034927 - FORNITORE: 02650 - LISTINO: 05480
 [23/08/24] - [15"12'13] SCRITTA COPERTURA PER ARTICOLO: 034935 - FORNITORE: 01208 - LISTINO: 05610
 [23/08/24] - [15"12'13] SCRITTA COPERTURA PER ARTICOLO: 034936 - FORNITORE: 02741 - LISTINO: 04935
 [23/08/24] - [15"12'13] SCRITTA COPERTURA PER ARTICOLO: 034954 - FORNITORE: 01587 - LISTINO: 05639
 [23/08/24] - [15"12'13] SCRITTA COPERTURA PER ARTICOLO: 034963 - FORNITORE: 02718 - LISTINO: 04226
 [23/08/24] - [15"12'13] SCRITTA COPERTURA PER ARTICOLO: 034983 - FORNITORE: 01000 - LISTINO: 05560
 [23/08/24] - [15"12'13] SCRITTA COPERTURA PER ARTICOLO: 034984 - FORNITORE: 01000 - LISTINO: 05560
 [23/08/24] - [15"12'13] SCRITTA COPERTURA PER ARTICOLO: 035032 - FORNITORE: 02650 - LISTINO: 05480
 [23/08/24] - [15"12'13] SCRITTA COPERTURA PER ARTICOLO: 035034 - FORNITORE: 02650 - LISTINO: 05480
 [23/08/24] - [15"12'13] SCRITTA COPERTURA PER ARTICOLO: 035121 - FORNITORE: 01208 - LISTINO: 05610
 [23/08/24] - [15"12'13] SCRITTA COPERTURA PER ARTICOLO: 035128 - FORNITORE: 00995 - LISTINO: 04417
 [23/08/24] - [15"12'13] SCRITTA COPERTURA PER ARTICOLO: 035134 - FORNITORE: 00995 - LISTINO: 04417
 [23/08/24] - [15"12'13] SCRITTA COPERTURA PER ARTICOLO: 035135 - FORNITORE: 02469 - LISTINO: 05484
 [23/08/24] - [15"12'13] SCRITTA COPERTURA PER ARTICOLO: 035142 - FORNITORE: 01208 - LISTINO: 05610
 [23/08/24] - [15"12'13] SCRITTA COPERTURA PER ARTICOLO: 035163 - FORNITORE: 01208 - LISTINO: 05610
 [23/08/24] - [15"12'13] SCRITTA COPERTURA PER ARTICOLO: 035173 - FORNITORE: 01208 - LISTINO: 05610
 [23/08/24] - [15"12'13] SCRITTA COPERTURA PER ARTICOLO: 035196 - FORNITORE: 01208 - LISTINO: 05610
 [23/08/24] - [15"12'13] SCRITTA COPERTURA PER ARTICOLO: 035215 - FORNITORE: 02469 - LISTINO: 05484
 [23/08/24] - [15"12'13] SCRITTA COPERTURA PER ARTICOLO: 035247 - FORNITORE: 00431 - LISTINO: 05561
 [23/08/24] - [15"12'13] SCRITTA COPERTURA PER ARTICOLO: 035255 - FORNITORE: 00431 - LISTINO: 05561
 [23/08/24] - [15"12'13] SCRITTA COPERTURA PER ARTICOLO: 035257 - FORNITORE: 00431 - LISTINO: 05561
 [23/08/24] - [15"12'13] SCRITTA COPERTURA PER ARTICOLO: 035311 - FORNITORE: 01208 - LISTINO: 05610
 [23/08/24] - [15"12'13] SCRITTA COPERTURA PER ARTICOLO: 035312 - FORNITORE: 01208 - LISTINO: 05610
 [23/08/24] - [15"12'13] SCRITTA COPERTURA PER ARTICOLO: 035313 - FORNITORE: 01208 - LISTINO: 05610
 [23/08/24] - [15"12'13] SCRITTA COPERTURA PER ARTICOLO: 035317 - FORNITORE: 01208 - LISTINO: 05610
 [23/08/24] - [15"12'13] SCRITTA COPERTURA PER ARTICOLO: 035341 - FORNITORE: 01208 - LISTINO: 05610
 [23/08/24] - [15"12'13] SCRITTA COPERTURA PER ARTICOLO: 035343 - FORNITORE: 01208 - LISTINO: 05610
 [23/08/24] - [15"12'13] SCRITTA COPERTURA PER ARTICOLO: 035355 - FORNITORE: 00690 - LISTINO: 05618
 [23/08/24] - [15"12'13] SCRITTA COPERTURA PER ARTICOLO: 035409 - FORNITORE: 02765 - LISTINO: 04478
 [23/08/24] - [15"12'13] SCRITTA COPERTURA PER ARTICOLO: 035476 - FORNITORE: 02774 - LISTINO: 05627
 [23/08/24] - [15"12'13] SCRITTA COPERTURA PER ARTICOLO: 035480 - FORNITORE: 01587 - LISTINO: 05640
 [23/08/24] - [15"12'13] SCRITTA COPERTURA PER ARTICOLO: 035505 - FORNITORE: 02780 - LISTINO: 05520
 [23/08/24] - [15"12'13] SCRITTA COPERTURA PER ARTICOLO: 035507 - FORNITORE: 02780 - LISTINO: 05520
 [23/08/24] - [15"12'13] SCRITTA COPERTURA PER ARTICOLO: 035509 - FORNITORE: 02780 - LISTINO: 05520
 [23/08/24] - [15"12'13] SCRITTA COPERTURA PER ARTICOLO: 035515 - FORNITORE: 02780 - LISTINO: 05520
 [23/08/24] - [15"12'13] SCRITTA COPERTURA PER ARTICOLO: 035517 - FORNITORE: 02780 - LISTINO: 05520
 [23/08/24] - [15"12'13] SCRITTA COPERTURA PER ARTICOLO: 035561 - FORNITORE: 00736 - LISTINO: 03922
 [23/08/24] - [15"12'13] SCRITTA COPERTURA PER ARTICOLO: 035564 - FORNITORE: 00736 - LISTINO: 03922
 [23/08/24] - [15"12'13] SCRITTA COPERTURA PER ARTICOLO: 035568 - FORNITORE: 00736 - LISTINO: 03922
 [23/08/24] - [15"12'13] SCRITTA COPERTURA PER ARTICOLO: 035670 - FORNITORE: 02839 - LISTINO: 05601
 [23/08/24] - [15"12'13] SCRITTA COPERTURA PER ARTICOLO: 035683 - FORNITORE: 02839 - LISTINO: 05601
 [23/08/24] - [15"12'13] SCRITTA COPERTURA PER ARTICOLO: 035685 - FORNITORE: 02839 - LISTINO: 05601
 [23/08/24] - [15"12'13] SCRITTA COPERTURA PER ARTICOLO: 035686 - FORNITORE: 02839 - LISTINO: 05601
 [23/08/24] - [15"12'13] SCRITTA COPERTURA PER ARTICOLO: 035688 - FORNITORE: 02839 - LISTINO: 05601
 [23/08/24] - [15"12'13] SCRITTA COPERTURA PER ARTICOLO: 035699 - FORNITORE: 02839 - LISTINO: 05601
 [23/08/24] - [15"12'13] SCRITTA COPERTURA PER ARTICOLO: 035767 - FORNITORE: 02781 - LISTINO: 05080
 [23/08/24] - [15"12'13] SCRITTA COPERTURA PER ARTICOLO: 035831 - FORNITORE: 02839 - LISTINO: 05601
 [23/08/24] - [15"12'13] SCRITTA COPERTURA PER ARTICOLO: 035842 - FORNITORE: 02839 - LISTINO: 05601
 [23/08/24] - [15"12'13] SCRITTA COPERTURA PER ARTICOLO: 035851 - FORNITORE: 00690 - LISTINO: 05618
 [23/08/24] - [15"12'13] SCRITTA COPERTURA PER ARTICOLO: 035852 - FORNITORE: 00690 - LISTINO: 05618
 [23/08/24] - [15"12'13] SCRITTA COPERTURA PER ARTICOLO: 035933 - FORNITORE: 00736 - LISTINO: 03922
 [23/08/24] - [15"12'13] SCRITTA COPERTURA PER ARTICOLO: 035940 - FORNITORE: 00736 - LISTINO: 03922
 [23/08/24] - [15"12'13] SCRITTA COPERTURA PER ARTICOLO: 036088 - FORNITORE: 02741 - LISTINO: 04935
 [23/08/24] - [15"12'13] SCRITTA COPERTURA PER ARTICOLO: 036096 - FORNITORE: 02741 - LISTINO: 04935
 [23/08/24] - [15"12'13] SCRITTA COPERTURA PER ARTICOLO: 036236 - FORNITORE: 01587 - LISTINO: 05639
 [23/08/24] - [15"12'13] SCRITTA COPERTURA PER ARTICOLO: 036256 - FORNITORE: 00128 - LISTINO: 05199
 [23/08/24] - [15"12'13] SCRITTA COPERTURA PER ARTICOLO: 036260 - FORNITORE: 01962 - LISTINO: 04401
 [23/08/24] - [15"12'13] SCRITTA COPERTURA PER ARTICOLO: 036268 - FORNITORE: 02655 - LISTINO: 04908
 [23/08/24] - [15"12'13] SCRITTA COPERTURA PER ARTICOLO: 036269 - FORNITORE: 02256 - LISTINO: 04909
 [23/08/24] - [15"12'13] SCRITTA COPERTURA PER ARTICOLO: 036271 - FORNITORE: 02256 - LISTINO: 04909
 [23/08/24] - [15"12'13] SCRITTA COPERTURA PER ARTICOLO: 036297 - FORNITORE: 02264 - LISTINO: 04916
 [23/08/24] - [15"12'13] SCRITTA COPERTURA PER ARTICOLO: 036351 - FORNITORE: 00710 - LISTINO: 05633
 [23/08/24] - [15"12'13] SCRITTA COPERTURA PER ARTICOLO: 036359 - FORNITORE: 01690 - LISTINO: 05595
 [23/08/24] - [15"12'13] SCRITTA COPERTURA PER ARTICOLO: 036362 - FORNITORE: 00431 - LISTINO: 05438
 [23/08/24] - [15"12'13] SCRITTA COPERTURA PER ARTICOLO: 036364 - FORNITORE: 00431 - LISTINO: 05438
 [23/08/24] - [15"12'13] SCRITTA COPERTURA PER ARTICOLO: 036365 - FORNITORE: 00431 - LISTINO: 05438
 [23/08/24] - [15"12'13] SCRITTA COPERTURA PER ARTICOLO: 036366 - FORNITORE: 00431 - LISTINO: 05438
 [23/08/24] - [15"12'13] SCRITTA COPERTURA PER ARTICOLO: 036367 - FORNITORE: 00431 - LISTINO: 05438
 [23/08/24] - [15"12'13] SCRITTA COPERTURA PER ARTICOLO: 036369 - FORNITORE: 00431 - LISTINO: 05438
 [23/08/24] - [15"12'13] SCRITTA COPERTURA PER ARTICOLO: 036393 - FORNITORE: 02670 - LISTINO: 04139
 [23/08/24] - [15"12'13] SCRITTA COPERTURA PER ARTICOLO: 036406 - FORNITORE: 02718 - LISTINO: 04918
 [23/08/24] - [15"12'13] SCRITTA COPERTURA PER ARTICOLO: 036442 - FORNITORE: 00124 - LISTINO: 05531
 [23/08/24] - [15"12'13] SCRITTA COPERTURA PER ARTICOLO: 036443 - FORNITORE: 00124 - LISTINO: 05531
 [23/08/24] - [15"12'13] SCRITTA COPERTURA PER ARTICOLO: 036450 - FORNITORE: 00124 - LISTINO: 05531
 [23/08/24] - [15"12'13] SCRITTA COPERTURA PER ARTICOLO: 036464 - FORNITORE: 00039 - LISTINO: 03275
 [23/08/24] - [15"12'13] SCRITTA COPERTURA PER ARTICOLO: 036465 - FORNITORE: 00039 - LISTINO: 03275
 [23/08/24] - [15"12'13] SCRITTA COPERTURA PER ARTICOLO: 036466 - FORNITORE: 00039 - LISTINO: 03275
 [23/08/24] - [15"12'13] SCRITTA COPERTURA PER ARTICOLO: 036467 - FORNITORE: 00039 - LISTINO: 03275
 [23/08/24] - [15"12'13] SCRITTA COPERTURA PER ARTICOLO: 036468 - FORNITORE: 00039 - LISTINO: 03275
 [23/08/24] - [15"12'13] SCRITTA COPERTURA PER ARTICOLO: 036470 - FORNITORE: 00039 - LISTINO: 03275
 [23/08/24] - [15"12'13] SCRITTA COPERTURA PER ARTICOLO: 036482 - FORNITORE: 02765 - LISTINO: 04478
 [23/08/24] - [15"12'13] SCRITTA COPERTURA PER ARTICOLO: 036483 - FORNITORE: 02765 - LISTINO: 04478
 [23/08/24] - [15"12'13] SCRITTA COPERTURA PER ARTICOLO: 036486 - FORNITORE: 02765 - LISTINO: 04478
 [23/08/24] - [15"12'13] SCRITTA COPERTURA PER ARTICOLO: 036487 - FORNITORE: 02765 - LISTINO: 04478
 [23/08/24] - [15"12'13] SCRITTA COPERTURA PER ARTICOLO: 036528 - FORNITORE: 01567 - LISTINO: 01397
 [23/08/24] - [15"12'13] SCRITTA COPERTURA PER ARTICOLO: 036531 - FORNITORE: 01567 - LISTINO: 01397
 [23/08/24] - [15"12'13] SCRITTA COPERTURA PER ARTICOLO: 036581 - FORNITORE: 00431 - LISTINO: 05438
 [23/08/24] - [15"12'13] SCRITTA COPERTURA PER ARTICOLO: 036582 - FORNITORE: 00431 - LISTINO: 05568
 [23/08/24] - [15"12'13] SCRITTA COPERTURA PER ARTICOLO: 036583 - FORNITORE: 00431 - LISTINO: 05568
 [23/08/24] - [15"12'13] SCRITTA COPERTURA PER ARTICOLO: 036595 - FORNITORE: 02553 - LISTINO: 05537
 [23/08/24] - [15"12'13] SCRITTA COPERTURA PER ARTICOLO: 036616 - FORNITORE: 01587 - LISTINO: 05639
 [23/08/24] - [15"12'13] SCRITTA COPERTURA PER ARTICOLO: 036633 - FORNITORE: 02201 - LISTINO: 05608
 [23/08/24] - [15"12'13] SCRITTA COPERTURA PER ARTICOLO: 036640 - FORNITORE: 01000 - LISTINO: 05560
 [23/08/24] - [15"12'13] SCRITTA COPERTURA PER ARTICOLO: 036644 - FORNITORE: 01208 - LISTINO: 05610
 [23/08/24] - [15"12'13] SCRITTA COPERTURA PER ARTICOLO: 036645 - FORNITORE: 01208 - LISTINO: 05610
 [23/08/24] - [15"12'13] SCRITTA COPERTURA PER ARTICOLO: 036709 - FORNITORE: 02553 - LISTINO: 05537
 [23/08/24] - [15"12'13] SCRITTA COPERTURA PER ARTICOLO: 036810 - FORNITORE: 02871 - LISTINO: 05017
 [23/08/24] - [15"12'13] SCRITTA COPERTURA PER ARTICOLO: 036832 - FORNITORE: 02204 - LISTINO: 03384
 [23/08/24] - [15"12'13] SCRITTA COPERTURA PER ARTICOLO: 036855 - FORNITORE: 02204 - LISTINO: 03384
 [23/08/24] - [15"12'13] SCRITTA COPERTURA PER ARTICOLO: 036924 - FORNITORE: 01678 - LISTINO: 05522
 [23/08/24] - [15"12'13] SCRITTA COPERTURA PER ARTICOLO: 036925 - FORNITORE: 01678 - LISTINO: 05522
 [23/08/24] - [15"12'13] SCRITTA COPERTURA PER ARTICOLO: 036926 - FORNITORE: 01678 - LISTINO: 05522
 [23/08/24] - [15"12'13] SCRITTA COPERTURA PER ARTICOLO: 036927 - FORNITORE: 03136 - LISTINO: 05524
 [23/08/24] - [15"12'13] SCRITTA COPERTURA PER ARTICOLO: 036937 - FORNITORE: 03136 - LISTINO: 05524
 [23/08/24] - [15"12'13] SCRITTA COPERTURA PER ARTICOLO: 036947 - FORNITORE: 02689 - LISTINO: 04915
 [23/08/24] - [15"12'13] SCRITTA COPERTURA PER ARTICOLO: 036952 - FORNITORE: 01678 - LISTINO: 05522
 [23/08/24] - [15"12'13] SCRITTA COPERTURA PER ARTICOLO: 036963 - FORNITORE: 02741 - LISTINO: 04935
 [23/08/24] - [15"12'13] SCRITTA COPERTURA PER ARTICOLO: 036964 - FORNITORE: 02741 - LISTINO: 04935
 [23/08/24] - [15"12'13] SCRITTA COPERTURA PER ARTICOLO: 036974 - FORNITORE: 02741 - LISTINO: 04935
 [23/08/24] - [15"12'13] SCRITTA COPERTURA PER ARTICOLO: 036975 - FORNITORE: 02741 - LISTINO: 04935
 [23/08/24] - [15"12'13] SCRITTA COPERTURA PER ARTICOLO: 037001 - FORNITORE: 02201 - LISTINO: 05608
 [23/08/24] - [15"12'13] SCRITTA COPERTURA PER ARTICOLO: 037038 - FORNITORE: 02285 - LISTINO: 05250
 [23/08/24] - [15"12'13] SCRITTA COPERTURA PER ARTICOLO: 037047 - FORNITORE: 02285 - LISTINO: 05250
 [23/08/24] - [15"12'13] SCRITTA COPERTURA PER ARTICOLO: 037048 - FORNITORE: 02285 - LISTINO: 05250
 [23/08/24] - [15"12'13] SCRITTA COPERTURA PER ARTICOLO: 037050 - FORNITORE: 02285 - LISTINO: 05250
 [23/08/24] - [15"12'13] SCRITTA COPERTURA PER ARTICOLO: 037051 - FORNITORE: 02285 - LISTINO: 05250
 [23/08/24] - [15"12'13] SCRITTA COPERTURA PER ARTICOLO: 037053 - FORNITORE: 02285 - LISTINO: 05250
 [23/08/24] - [15"12'13] SCRITTA COPERTURA PER ARTICOLO: 037055 - FORNITORE: 02285 - LISTINO: 05250
 [23/08/24] - [15"12'13] SCRITTA COPERTURA PER ARTICOLO: 037170 - FORNITORE: 02553 - LISTINO: 05537
 [23/08/24] - [15"12'13] SCRITTA COPERTURA PER ARTICOLO: 037242 - FORNITORE: 01000 - LISTINO: 05560
 [23/08/24] - [15"12'13] SCRITTA COPERTURA PER ARTICOLO: 037243 - FORNITORE: 01000 - LISTINO: 05560
 [23/08/24] - [15"12'13] SCRITTA COPERTURA PER ARTICOLO: 037245 - FORNITORE: 01000 - LISTINO: 05560
 [23/08/24] - [15"12'13] SCRITTA COPERTURA PER ARTICOLO: 037246 - FORNITORE: 01000 - LISTINO: 05560
 [23/08/24] - [15"12'13] SCRITTA COPERTURA PER ARTICOLO: 037247 - FORNITORE: 01000 - LISTINO: 05560
 [23/08/24] - [15"12'13] SCRITTA COPERTURA PER ARTICOLO: 037250 - FORNITORE: 01000 - LISTINO: 05560
 [23/08/24] - [15"12'13] SCRITTA COPERTURA PER ARTICOLO: 037280 - FORNITORE: 02983 - LISTINO: 05249
 [23/08/24] - [15"12'13] SCRITTA COPERTURA PER ARTICOLO: 037303 - FORNITORE: 02983 - LISTINO: 05249
 [23/08/24] - [15"12'13] SCRITTA COPERTURA PER ARTICOLO: 037304 - FORNITORE: 02983 - LISTINO: 05249
 [23/08/24] - [15"12'13] SCRITTA COPERTURA PER ARTICOLO: 037305 - FORNITORE: 02983 - LISTINO: 05249
 [23/08/24] - [15"12'13] SCRITTA COPERTURA PER ARTICOLO: 037306 - FORNITORE: 02983 - LISTINO: 05249
 [23/08/24] - [15"12'13] SCRITTA COPERTURA PER ARTICOLO: 037307 - FORNITORE: 02983 - LISTINO: 05249
 [23/08/24] - [15"12'13] SCRITTA COPERTURA PER ARTICOLO: 037308 - FORNITORE: 02983 - LISTINO: 05249
 [23/08/24] - [15"12'13] SCRITTA COPERTURA PER ARTICOLO: 037309 - FORNITORE: 02983 - LISTINO: 05249
 [23/08/24] - [15"12'13] SCRITTA COPERTURA PER ARTICOLO: 037311 - FORNITORE: 02983 - LISTINO: 05249
 [23/08/24] - [15"12'13] SCRITTA COPERTURA PER ARTICOLO: 037313 - FORNITORE: 02983 - LISTINO: 05249
 [23/08/24] - [15"12'13] SCRITTA COPERTURA PER ARTICOLO: 037328 - FORNITORE: 02982 - LISTINO: 05196
 [23/08/24] - [15"12'13] SCRITTA COPERTURA PER ARTICOLO: 037368 - FORNITORE: 02983 - LISTINO: 05249
 [23/08/24] - [15"12'13] SCRITTA COPERTURA PER ARTICOLO: 037369 - FORNITORE: 02983 - LISTINO: 05249
 [23/08/24] - [15"12'13] SCRITTA COPERTURA PER ARTICOLO: 037373 - FORNITORE: 02983 - LISTINO: 05249
 [23/08/24] - [15"12'13] SCRITTA COPERTURA PER ARTICOLO: 037375 - FORNITORE: 02764 - LISTINO: 05626
 [23/08/24] - [15"12'13] SCRITTA COPERTURA PER ARTICOLO: 037376 - FORNITORE: 02983 - LISTINO: 05249
 [23/08/24] - [15"12'13] SCRITTA COPERTURA PER ARTICOLO: 037377 - FORNITORE: 02983 - LISTINO: 05249
 [23/08/24] - [15"12'13] SCRITTA COPERTURA PER ARTICOLO: 037378 - FORNITORE: 02764 - LISTINO: 05626
 [23/08/24] - [15"12'13] SCRITTA COPERTURA PER ARTICOLO: 037379 - FORNITORE: 02764 - LISTINO: 05626
 [23/08/24] - [15"12'13] SCRITTA COPERTURA PER ARTICOLO: 037380 - FORNITORE: 02983 - LISTINO: 05249
 [23/08/24] - [15"12'13] SCRITTA COPERTURA PER ARTICOLO: 037381 - FORNITORE: 02983 - LISTINO: 05249
 [23/08/24] - [15"12'13] SCRITTA COPERTURA PER ARTICOLO: 037382 - FORNITORE: 02983 - LISTINO: 05249
 [23/08/24] - [15"12'13] SCRITTA COPERTURA PER ARTICOLO: 037383 - FORNITORE: 02983 - LISTINO: 05249
 [23/08/24] - [15"12'13] SCRITTA COPERTURA PER ARTICOLO: 037384 - FORNITORE: 02983 - LISTINO: 05249
 [23/08/24] - [15"12'13] SCRITTA COPERTURA PER ARTICOLO: 037385 - FORNITORE: 02983 - LISTINO: 05249
 [23/08/24] - [15"12'13] SCRITTA COPERTURA PER ARTICOLO: 037386 - FORNITORE: 02983 - LISTINO: 05249
 [23/08/24] - [15"12'13] SCRITTA COPERTURA PER ARTICOLO: 037387 - FORNITORE: 02983 - LISTINO: 05249
 [23/08/24] - [15"12'13] SCRITTA COPERTURA PER ARTICOLO: 037388 - FORNITORE: 02983 - LISTINO: 05249
 [23/08/24] - [15"12'13] SCRITTA COPERTURA PER ARTICOLO: 037389 - FORNITORE: 02983 - LISTINO: 05249
 [23/08/24] - [15"12'13] SCRITTA COPERTURA PER ARTICOLO: 037391 - FORNITORE: 02983 - LISTINO: 05249
 [23/08/24] - [15"12'13] SCRITTA COPERTURA PER ARTICOLO: 037392 - FORNITORE: 02983 - LISTINO: 05249
 [23/08/24] - [15"12'13] SCRITTA COPERTURA PER ARTICOLO: 037393 - FORNITORE: 02983 - LISTINO: 05249
 [23/08/24] - [15"12'13] SCRITTA COPERTURA PER ARTICOLO: 037394 - FORNITORE: 02983 - LISTINO: 05249
 [23/08/24] - [15"12'13] SCRITTA COPERTURA PER ARTICOLO: 037395 - FORNITORE: 02983 - LISTINO: 05249
 [23/08/24] - [15"12'13] SCRITTA COPERTURA PER ARTICOLO: 037396 - FORNITORE: 02983 - LISTINO: 05249
 [23/08/24] - [15"12'13] SCRITTA COPERTURA PER ARTICOLO: 037398 - FORNITORE: 02983 - LISTINO: 05249
 [23/08/24] - [15"12'13] SCRITTA COPERTURA PER ARTICOLO: 037399 - FORNITORE: 00407 - LISTINO: 05211
 [23/08/24] - [15"12'13] SCRITTA COPERTURA PER ARTICOLO: 037401 - FORNITORE: 00407 - LISTINO: 05211
 [23/08/24] - [15"12'13] SCRITTA COPERTURA PER ARTICOLO: 037402 - FORNITORE: 00407 - LISTINO: 05211
 [23/08/24] - [15"12'13] SCRITTA COPERTURA PER ARTICOLO: 037403 - FORNITORE: 00407 - LISTINO: 05211
 [23/08/24] - [15"12'13] SCRITTA COPERTURA PER ARTICOLO: 037404 - FORNITORE: 02764 - LISTINO: 05626
 [23/08/24] - [15"12'13] SCRITTA COPERTURA PER ARTICOLO: 037405 - FORNITORE: 02764 - LISTINO: 05626
 [23/08/24] - [15"12'13] SCRITTA COPERTURA PER ARTICOLO: 037406 - FORNITORE: 00407 - LISTINO: 05211
 [23/08/24] - [15"12'13] SCRITTA COPERTURA PER ARTICOLO: 037407 - FORNITORE: 00407 - LISTINO: 05211
 [23/08/24] - [15"12'13] SCRITTA COPERTURA PER ARTICOLO: 037410 - FORNITORE: 00407 - LISTINO: 05211
 [23/08/24] - [15"12'13] SCRITTA COPERTURA PER ARTICOLO: 037412 - FORNITORE: 00407 - LISTINO: 05211
 [23/08/24] - [15"12'13] SCRITTA COPERTURA PER ARTICOLO: 037414 - FORNITORE: 00407 - LISTINO: 05211
 [23/08/24] - [15"12'13] SCRITTA COPERTURA PER ARTICOLO: 037425 - FORNITORE: 02670 - LISTINO: 04689
 [23/08/24] - [15"12'13] SCRITTA COPERTURA PER ARTICOLO: 037428 - FORNITORE: 02670 - LISTINO: 04689
 [23/08/24] - [15"12'13] SCRITTA COPERTURA PER ARTICOLO: 037432 - FORNITORE: 02670 - LISTINO: 04689
 [23/08/24] - [15"12'13] SCRITTA COPERTURA PER ARTICOLO: 037433 - FORNITORE: 02670 - LISTINO: 04689
 [23/08/24] - [15"12'13] SCRITTA COPERTURA PER ARTICOLO: 037437 - FORNITORE: 02670 - LISTINO: 04689
 [23/08/24] - [15"12'13] SCRITTA COPERTURA PER ARTICOLO: 037440 - FORNITORE: 02670 - LISTINO: 04689
 [23/08/24] - [15"12'13] SCRITTA COPERTURA PER ARTICOLO: 037441 - FORNITORE: 02764 - LISTINO: 05626
 [23/08/24] - [15"12'13] SCRITTA COPERTURA PER ARTICOLO: 037443 - FORNITORE: 02764 - LISTINO: 05626
 [23/08/24] - [15"12'13] SCRITTA COPERTURA PER ARTICOLO: 037447 - FORNITORE: 02943 - LISTINO: 05111
 [23/08/24] - [15"12'13] SCRITTA COPERTURA PER ARTICOLO: 037448 - FORNITORE: 02943 - LISTINO: 05111
 [23/08/24] - [15"12'13] SCRITTA COPERTURA PER ARTICOLO: 037451 - FORNITORE: 02943 - LISTINO: 05111
 [23/08/24] - [15"12'13] SCRITTA COPERTURA PER ARTICOLO: 037453 - FORNITORE: 02943 - LISTINO: 05111
 [23/08/24] - [15"12'13] SCRITTA COPERTURA PER ARTICOLO: 037454 - FORNITORE: 02943 - LISTINO: 05111
 [23/08/24] - [15"12'13] SCRITTA COPERTURA PER ARTICOLO: 037469 - FORNITORE: 01690 - LISTINO: 05594
 [23/08/24] - [15"12'13] SCRITTA COPERTURA PER ARTICOLO: 037572 - FORNITORE: 02822 - LISTINO: 05270
 [23/08/24] - [15"12'13] SCRITTA COPERTURA PER ARTICOLO: 037573 - FORNITORE: 02822 - LISTINO: 05270
 [23/08/24] - [15"12'13] SCRITTA COPERTURA PER ARTICOLO: 037579 - FORNITORE: 02822 - LISTINO: 05270
 [23/08/24] - [15"12'13] SCRITTA COPERTURA PER ARTICOLO: 037586 - FORNITORE: 01690 - LISTINO: 05587
 [23/08/24] - [15"12'13] SCRITTA COPERTURA PER ARTICOLO: 037596 - FORNITORE: 02201 - LISTINO: 05608
 [23/08/24] - [15"12'13] SCRITTA COPERTURA PER ARTICOLO: 037770 - FORNITORE: 03129 - LISTINO: 05590
 [23/08/24] - [15"12'13] SCRITTA COPERTURA PER ARTICOLO: 037876 - FORNITORE: 02867 - LISTINO: 05379
 [23/08/24] - [15"12'13] SCRITTA COPERTURA PER ARTICOLO: 037883 - FORNITORE: 02867 - LISTINO: 05379
 [23/08/24] - [15"12'13] SCRITTA COPERTURA PER ARTICOLO: 037889 - FORNITORE: 02670 - LISTINO: 04139
 [23/08/24] - [15"12'13] SCRITTA COPERTURA PER ARTICOLO: 040602 - FORNITORE: 02201 - LISTINO: 05608
 [23/08/24] - [15"12'13] SCRITTA COPERTURA PER ARTICOLO: 040603 - FORNITORE: 02201 - LISTINO: 05608
 [23/08/24] - [15"12'13] SCRITTA COPERTURA PER ARTICOLO: 042321 - FORNITORE: 02650 - LISTINO: 05480
 [23/08/24] - [15"12'13] SCRITTA COPERTURA PER ARTICOLO: 042421 - FORNITORE: 00431 - LISTINO: 05568
 [23/08/24] - [15"12'13] SCRITTA COPERTURA PER ARTICOLO: 042423 - FORNITORE: 00431 - LISTINO: 05568
 [23/08/24] - [15"12'13] SCRITTA COPERTURA PER ARTICOLO: 042439 - FORNITORE: 01587 - LISTINO: 05640
 [23/08/24] - [15"12'13] SCRITTA COPERTURA PER ARTICOLO: 042484 - FORNITORE: 02201 - LISTINO: 05608
 [23/08/24] - [15"12'13] SCRITTA COPERTURA PER ARTICOLO: 042485 - FORNITORE: 02201 - LISTINO: 05608
 [23/08/24] - [15"12'13] SCRITTA COPERTURA PER ARTICOLO: 042486 - FORNITORE: 02201 - LISTINO: 05608
 [23/08/24] - [15"12'13] SCRITTA COPERTURA PER ARTICOLO: 042532 - FORNITORE: 02982 - LISTINO: 05196
 [23/08/24] - [15"12'13] SCRITTA COPERTURA PER ARTICOLO: 042591 - FORNITORE: 02503 - LISTINO: 03133
 [23/08/24] - [15"12'13] SCRITTA COPERTURA PER ARTICOLO: 042597 - FORNITORE: 03129 - LISTINO: 05590
 [23/08/24] - [15"12'13] SCRITTA COPERTURA PER ARTICOLO: 042601 - FORNITORE: 02503 - LISTINO: 05551
 [23/08/24] - [15"12'13] SCRITTA COPERTURA PER ARTICOLO: 042742 - FORNITORE: 01208 - LISTINO: 05610
 [23/08/24] - [15"12'13] CICLO COPERTURA FABBISOGNO NO PROGRAMMAZIONE
 [23/08/24] - [15"12'13] CICLO COPERTURA FABBISGNO PROGRAMMAZIONE
 [23/08/24] - [15"12'13] FINE CREAZIONE ORDINI
 [23/08/24] - [15"12'13] FINE ELABORAZIONE
