 [26/04/24] - [19"30'47] INIZIO ELABORAZIONE
 [26/04/24] - [19"30'48] INIZIO CREAZIONE ORDINI
 [26/04/24] - [19"30'50] SCRITTA COPERTURA PER ARTICOLO: 026800 - FORNITORE: 01690 - LISTINO: 05594
 [26/04/24] - [19"30'50] CICLO COPERTURA FABBISOGNO NO PROGRAMMAZIONE
 [26/04/24] - [19"30'50] CICLO COPERTURA FABBISGNO PROGRAMMAZIONE
 [26/04/24] - [19"30'57] TRATTO ARTICOLO: 026800 - MAG: LBX
 [26/04/24] - [19"32'16] ULTIMO MESE MOQ: 04 - TOT QTA MOQ: 000000000000091 - QTA EPAL: 00000032 - BANCALI: 000003
 [26/04/24] - [19"32'16] TOT QTA MOQ: 000000000000096 - MESE 2: 00000012 - MESE 3: 00000068 - MESE 4: 00000091 - MESE 5: 00000091 - MESE 6: 00000091
 [26/04/24] - [19"32'16] MESE: 01 - QTA IMPOSTATA: 00000004
 [26/04/24] - [19"32'16] MESE: 01 - QTA RICALCOLATA: 00000032
 [26/04/24] - [19"32'16] rof-qta-ord: 00000032 - rof-qta-imballi: 0001
 [26/04/24] - [19"32'16] QTA ORD = Già impostata
 [26/04/24] - [19"32'16] QTA ORD = ROF-QTA-ORD(00000032), DOPO CHECK-IMBALLO
 [26/04/24] - [19"32'16] MESE: 03 - QTA IMPOSTATA: 00000056
 [26/04/24] - [19"32'16] MESE: 03 - QTA RICALCOLATA: 00000064
 [26/04/24] - [19"32'16] rof-qta-ord: 00000064 - rof-qta-imballi: 0001
 [26/04/24] - [19"32'16] QTA ORD = Già impostata
 [26/04/24] - [19"32'16] QTA ORD = ROF-QTA-ORD(00000064), DOPO CHECK-IMBALLO
 [26/04/24] - [19"32'16] DOPO RICALCOLO MOQ: - MESE 1: 00000032 - MESE 2: 00000000 - MESE 3: 00000064 - MESE 4: 00000000 - MESE 5: 00000000 - MESE 6: 00000000
 [26/04/24] - [19"32'39] SCRITTA TESTATA PROGRAMMAZIONE: 2024 - 00003855
 [26/04/24] - [19"32'43] SCRITTA TESTATA PROGRAMMAZIONE: 2024 - 00003856
 [26/04/24] - [19"32'43] SCRITTA TESTATA PROGRAMMAZIONE: 2024 - 00003857
 [26/04/24] - [19"32'43] SCRITTA TESTATA PROGRAMMAZIONE: 2024 - 00003858
 [26/04/24] - [19"32'43] SCRITTA TESTATA PROGRAMMAZIONE: 2024 - 00003859
 [26/04/24] - [19"32'43] SCRITTA TESTATA PROGRAMMAZIONE: 2024 - 00003860
 [26/04/24] - [19"32'43] PRIMA RICALCOLO QTA-ORD: - MESE 1: 00000032 - MESE 2: 00000000 - MESE 3: 00000064 - MESE 4: 00000000 - MESE 5: 00000000 - MESE 6: 00000000
 [26/04/24] - [19"32'43] DOPO RICALCOLO QTA-ORD: - MESE 1: 00000032 - MESE 2: 00000000 - MESE 3: 00000064 - MESE 4: 00000000 - MESE 5: 00000000 - MESE 6: 00000000
 [26/04/24] - [19"32'43] QTA ORD = CPFM-QTA-M(00001): 00000032
 [26/04/24] - [19"32'43] QTA ORD = CPFM-QTA-M(00003): 00000064
 [26/04/24] - [19"32'43] FINE CREAZIONE ORDINI
 [26/04/24] - [19"32'43] FINE ELABORAZIONE
