 [22/04/24] - [11"33'37] INIZIO ELABORAZIONE
 [22/04/24] - [11"33'37] INIZIO CREAZIONE ORDINI
 [22/04/24] - [11"33'37] SCRITTA COPERTURA PER ARTICOLO: 022304 - FORNITORE: 01690 - LISTINO: 05589
 [22/04/24] - [11"33'37] CICLO COPERTURA FABBISOGNO NO PROGRAMMAZIONE
 [22/04/24] - [11"33'37] CICLO COPERTURA FABBISGNO PROGRAMMAZIONE
 [22/04/24] - [11"33'59] TRATTO ARTICOLO: 022304 - MAG: LBX
 [22/04/24] - [11"33'59] ULTIMO MESE MOQ: 06 - TOT QTA MOQ: 000000000001050 - QTA EPAL: 00000300 - BANCALI: 000004
 [22/04/24] - [11"33'59] TOT QTA MOQ: 000000000001200 - MESE 2: 00000150 - MESE 3: 00000300 - MESE 4: 00000500 - MESE 5: 00000750 - MESE 6: 00001050
 [22/04/24] - [11"33'59] MESE: 01 - QTA IMPOSTATA: 00000050
 [22/04/24] - [11"33'59] MESE: 01 - QTA RICALCOLATA: 00000720
 [22/04/24] - [11"33'59] rof-qta-ord: 00000720 - rof-qta-imballi: 0012
 [22/04/24] - [11"33'59] QTA ORD = Già impostata
 [22/04/24] - [11"33'59] QTA ORD = ROF-QTA-ORD(00000720), DOPO CHECK-IMBALLO
 [22/04/24] - [11"33'59] MESE: 05 - QTA IMPOSTATA: 00000250
 [22/04/24] - [11"33'59] MESE: 05 - QTA RICALCOLATA: 00000720
 [22/04/24] - [11"33'59] rof-qta-ord: 00000720 - rof-qta-imballi: 0012
 [22/04/24] - [11"33'59] QTA ORD = Già impostata
 [22/04/24] - [11"33'59] QTA ORD = ROF-QTA-ORD(00000720), DOPO CHECK-IMBALLO
 [22/04/24] - [11"33'59] DOPO RICALCOLO MOQ: - MESE 1: 00000720 - MESE 2: 00000000 - MESE 3: 00000000 - MESE 4: 00000000 - MESE 5: 00000720 - MESE 6: 00000000
 [22/04/24] - [11"33'59] SCRITTA TESTATA PROGRAMMAZIONE: 2024 - 00003125
 [22/04/24] - [11"33'59] SCRITTA TESTATA PROGRAMMAZIONE: 2024 - 00003126
 [22/04/24] - [11"33'59] SCRITTA TESTATA PROGRAMMAZIONE: 2024 - 00003127
 [22/04/24] - [11"33'59] SCRITTA TESTATA PROGRAMMAZIONE: 2024 - 00003128
 [22/04/24] - [11"33'59] SCRITTA TESTATA PROGRAMMAZIONE: 2024 - 00003129
 [22/04/24] - [11"33'59] SCRITTA TESTATA PROGRAMMAZIONE: 2024 - 00003130
 [22/04/24] - [11"33'59] PRIMA RICALCOLO QTA-ORD: - MESE 1: 00000900 - MESE 2: 00000000 - MESE 3: 00000000 - MESE 4: 00000000 - MESE 5: 00000000 - MESE 6: 00000000
 [22/04/24] - [11"33'59] DOPO RICALCOLO QTA-ORD: - MESE 1: 00000900 - MESE 2: 00000000 - MESE 3: 00000000 - MESE 4: 00000000 - MESE 5: 00000000 - MESE 6: 00000000
 [22/04/24] - [11"33'59] QTA ORD = CPFM-QTA-M(00001): 00000900
 [22/04/24] - [11"33'59] FINE CREAZIONE ORDINI
 [22/04/24] - [11"33'59] FINE ELABORAZIONE
