 [20/04/24] - [00"01'32] INIZIO ELABORAZIONE
 [20/04/24] - [00"01'35] INIZIO CREAZIONE ORDINI
 [20/04/24] - [00"01'36] SCRITTA COPERTURA PER ARTICOLO: 022304 - FORNITORE: 01690 - LISTINO: 05589
 [20/04/24] - [00"01'36] CICLO COPERTURA FABBISOGNO NO PROGRAMMAZIONE
 [20/04/24] - [00"01'36] CICLO COPERTURA FABBISGNO PROGRAMMAZIONE
 [20/04/24] - [00"01'36] TRATTO ARTICOLO: 022304 - MAG: LBX
 [20/04/24] - [00"01'36] QTA TOT: 000000000000720 - MOQ ARTICOLO: 00000720. UTILIZZO ART-MOQ
 [20/04/24] - [00"01'36] ULTIMO MESE MOQ: 02 - TOT QTA MOQ: 000000000000720 - QTA EPAL: 00000720 - BANCALI: 000001
 [20/04/24] - [00"01'36] TOT QTA MOQ: 000000000000720 - MESE 2: 00000249 - MESE 3: 00000249 - MESE 4: 00000249 - MESE 5: 00000249 - MESE 6: 00000249
 [20/04/24] - [00"01'36] QTA ORD = CPFM-QTA-M(02)
 [20/04/24] - [00"01'36] rof-qta-ord: 00000720 - rof-qta-imballi: 0012
 [20/04/24] - [00"01'36] QTA ORD = Già impostata
 [20/04/24] - [00"01'36] QTA ORD = ROF-QTA-ORD(00000720), DOPO CHECK-IMBALLO
 [20/04/24] - [00"01'36] DOPO RICALCOLO MOQ: - MESE 1: 00000000 - MESE 2: 00000720 - MESE 3: 00000000 - MESE 4: 00000000 - MESE 5: 00000000 - MESE 6: 00000000
 [20/04/24] - [00"01'36] SCRITTA TESTATA PROGRAMMAZIONE: 2024 - 00003130
 [20/04/24] - [00"01'36] SCRITTA TESTATA PROGRAMMAZIONE: 2024 - 00003131
 [20/04/24] - [00"01'36] SCRITTA TESTATA PROGRAMMAZIONE: 2024 - 00003132
 [20/04/24] - [00"01'36] SCRITTA TESTATA PROGRAMMAZIONE: 2024 - 00003133
 [20/04/24] - [00"01'36] SCRITTA TESTATA PROGRAMMAZIONE: 2024 - 00003134
 [20/04/24] - [00"01'36] SCRITTA TESTATA PROGRAMMAZIONE: 2024 - 00003135
 [20/04/24] - [00"02'34] QTA ORD = CPFM-QTA-M(00001): 00000300
 [20/04/24] - [00"02'41] QTA ORD = CPFM-QTA-M(00004): 00000300
 [20/04/24] - [00"02'54] QTA ORD = CPFM-QTA-M(00005): 00000300
 [20/04/24] - [00"02'58] QTA ORD = CPFM-QTA-M(00006): 00000300
 [20/04/24] - [00"03'03] FINE CREAZIONE ORDINI
 [20/04/24] - [00"03'03] FINE ELABORAZIONE
