 [21/03/24] - [11"16'38] INIZIO ELABORAZIONE
 [21/03/24] - [11"16'39] AGGIUNTO ARTICOLO: 016655 - FORNITORE: 00048 - QTA: 00251
 [21/03/24] - [11"16'39] AGGIUNTO ARTICOLO: 000560 - FORNITORE: 00048 - QTA: 00020
 [21/03/24] - [11"16'39] AGGIUNTO ARTICOLO: 034580 - FORNITORE: 00048 - QTA: 00045
 [21/03/24] - [11"16'39] AGGIUNTO ARTICOLO: 008458 - FORNITORE: 00051 - QTA: 02960
 [21/03/24] - [11"16'39] AGGIUNTO ARTICOLO: 026771 - FORNITORE: 00051 - QTA: 07332
 [21/03/24] - [11"16'39] AGGIUNTO ARTICOLO: 032443 - FORNITORE: 00063 - QTA: 01349
 [21/03/24] - [11"16'39] AGGIUNTO ARTICOLO: 002603 - FORNITORE: 00128 - QTA: 00070
 [21/03/24] - [11"16'40] AGGIUNTO ARTICOLO: 016263 - FORNITORE: 00128 - QTA: 40649
 [21/03/24] - [11"16'40] AGGIUNTO ARTICOLO: 000593 - FORNITORE: 00128 - QTA: 04122
 [21/03/24] - [11"16'40] AGGIUNTO ARTICOLO: 013508 - FORNITORE: 00128 - QTA: 00869
 [21/03/24] - [11"16'40] AGGIUNTO ARTICOLO: 029733 - FORNITORE: 00128 - QTA: 06937
 [21/03/24] - [11"16'40] AGGIUNTO ARTICOLO: 031376 - FORNITORE: 00128 - QTA: 19625
 [21/03/24] - [11"16'40] AGGIUNTO ARTICOLO: 008468 - FORNITORE: 00128 - QTA: 00557
 [21/03/24] - [11"16'40] AGGIUNTO ARTICOLO: 031259 - FORNITORE: 00128 - QTA: 02373
 [21/03/24] - [11"16'40] AGGIUNTO ARTICOLO: 000721 - FORNITORE: 00197 - QTA: 00184
 [21/03/24] - [11"16'40] AGGIUNTO ARTICOLO: 000366 - FORNITORE: 00372 - QTA: 00033
 [21/03/24] - [11"16'40] AGGIUNTO ARTICOLO: 012514 - FORNITORE: 00407 - QTA: 00689
 [21/03/24] - [11"16'40] AGGIUNTO ARTICOLO: 009525 - FORNITORE: 00407 - QTA: 10867
 [21/03/24] - [11"16'41] AGGIUNTO ARTICOLO: 001180 - FORNITORE: 00431 - QTA: 11398
 [21/03/24] - [11"16'43] AGGIUNTO ARTICOLO: 032873 - FORNITORE: 00431 - QTA: 21914
 [21/03/24] - [11"16'43] AGGIUNTO ARTICOLO: 002342 - FORNITORE: 00431 - QTA: 01269
 [21/03/24] - [11"16'43] AGGIUNTO ARTICOLO: 011518 - FORNITORE: 00431 - QTA: 00450
 [21/03/24] - [11"16'43] AGGIUNTO ARTICOLO: 026759 - FORNITORE: 00431 - QTA: 00724
 [21/03/24] - [11"16'43] AGGIUNTO ARTICOLO: 027258 - FORNITORE: 00431 - QTA: 00421
 [21/03/24] - [11"16'43] AGGIUNTO ARTICOLO: 032877 - FORNITORE: 00431 - QTA: 00206
 [21/03/24] - [11"16'43] AGGIUNTO ARTICOLO: 036367 - FORNITORE: 00431 - QTA: 00012
 [21/03/24] - [11"16'43] AGGIUNTO ARTICOLO: 021639 - FORNITORE: 00438 - QTA: 00002
 [21/03/24] - [11"16'43] AGGIUNTO ARTICOLO: 021714 - FORNITORE: 00460 - QTA: 00012
 [21/03/24] - [11"16'44] AGGIUNTO ARTICOLO: 000558 - FORNITORE: 00690 - QTA: 00056
 [21/03/24] - [11"16'45] AGGIUNTO ARTICOLO: 001766 - FORNITORE: 00690 - QTA: 00139
 [21/03/24] - [11"16'45] AGGIUNTO ARTICOLO: 009880 - FORNITORE: 00710 - QTA: 01422
 [21/03/24] - [11"16'45] AGGIUNTO ARTICOLO: 003392 - FORNITORE: 00710 - QTA: 00366
 [21/03/24] - [11"16'45] AGGIUNTO ARTICOLO: 022336 - FORNITORE: 00710 - QTA: 00362
 [21/03/24] - [11"16'45] AGGIUNTO ARTICOLO: 012792 - FORNITORE: 00710 - QTA: 00100
 [21/03/24] - [11"16'46] AGGIUNTO ARTICOLO: 015027 - FORNITORE: 00710 - QTA: 00727
 [21/03/24] - [11"16'46] AGGIUNTO ARTICOLO: 003390 - FORNITORE: 00734 - QTA: 00093
 [21/03/24] - [11"16'46] AGGIUNTO ARTICOLO: 031249 - FORNITORE: 00734 - QTA: 07974
 [21/03/24] - [11"16'46] AGGIUNTO ARTICOLO: 004184 - FORNITORE: 01000 - QTA: 00252
 [21/03/24] - [11"16'46] AGGIUNTO ARTICOLO: 014555 - FORNITORE: 01056 - QTA: 03101
 [21/03/24] - [11"16'47] AGGIUNTO ARTICOLO: 000164 - FORNITORE: 01143 - QTA: 00795
 [21/03/24] - [11"16'47] AGGIUNTO ARTICOLO: 026709 - FORNITORE: 01143 - QTA: 00478
 [21/03/24] - [11"16'48] AGGIUNTO ARTICOLO: 006856 - FORNITORE: 01208 - QTA: 00248
 [21/03/24] - [11"16'48] AGGIUNTO ARTICOLO: 026765 - FORNITORE: 01237 - QTA: 01473
 [21/03/24] - [11"16'49] AGGIUNTO ARTICOLO: 036529 - FORNITORE: 01567 - QTA: 01375
 [21/03/24] - [11"16'49] AGGIUNTO ARTICOLO: 008715 - FORNITORE: 01587 - QTA: 00001
 [21/03/24] - [11"16'50] AGGIUNTO ARTICOLO: 008881 - FORNITORE: 01587 - QTA: 03866
 [21/03/24] - [11"16'50] AGGIUNTO ARTICOLO: 003035 - FORNITORE: 01654 - QTA: 00197
 [21/03/24] - [11"16'50] AGGIUNTO ARTICOLO: 036950 - FORNITORE: 01678 - QTA: 00006
 [21/03/24] - [11"16'50] AGGIUNTO ARTICOLO: 010308 - FORNITORE: 01690 - QTA: 00093
 [21/03/24] - [11"16'50] AGGIUNTO ARTICOLO: 000426 - FORNITORE: 01690 - QTA: 17104
 [21/03/24] - [11"16'50] AGGIUNTO ARTICOLO: 011638 - FORNITORE: 01690 - QTA: 53184
 [21/03/24] - [11"16'50] AGGIUNTO ARTICOLO: 009721 - FORNITORE: 01690 - QTA: 00114
 [21/03/24] - [11"16'50] AGGIUNTO ARTICOLO: 011646 - FORNITORE: 01690 - QTA: 07511
 [21/03/24] - [11"16'50] AGGIUNTO ARTICOLO: 031723 - FORNITORE: 01690 - QTA: 21017
 [21/03/24] - [11"16'50] AGGIUNTO ARTICOLO: 010181 - FORNITORE: 01795 - QTA: 01465
 [21/03/24] - [11"16'51] AGGIUNTO ARTICOLO: 010622 - FORNITORE: 01843 - QTA: 04016
 [21/03/24] - [11"16'51] AGGIUNTO ARTICOLO: 029585 - FORNITORE: 01856 - QTA: 04812
 [21/03/24] - [11"16'52] AGGIUNTO ARTICOLO: 029563 - FORNITORE: 01923 - QTA: 01447
 [21/03/24] - [11"16'52] AGGIUNTO ARTICOLO: 031727 - FORNITORE: 01923 - QTA: 04697
 [21/03/24] - [11"16'52] AGGIUNTO ARTICOLO: 029556 - FORNITORE: 01923 - QTA: 07521
 [21/03/24] - [11"16'52] AGGIUNTO ARTICOLO: 013663 - FORNITORE: 01962 - QTA: 00007
 [21/03/24] - [11"16'52] AGGIUNTO ARTICOLO: 027277 - FORNITORE: 01983 - QTA: 01109
 [21/03/24] - [11"16'52] AGGIUNTO ARTICOLO: 016147 - FORNITORE: 02015 - QTA: 00007
 [21/03/24] - [11"16'52] AGGIUNTO ARTICOLO: 032327 - FORNITORE: 02015 - QTA: 00022
 [21/03/24] - [11"16'52] AGGIUNTO ARTICOLO: 015203 - FORNITORE: 02076 - QTA: 00176
 [21/03/24] - [11"16'52] AGGIUNTO ARTICOLO: 033543 - FORNITORE: 02077 - QTA: 00204
 [21/03/24] - [11"16'52] AGGIUNTO ARTICOLO: 014494 - FORNITORE: 02091 - QTA: 00267
 [21/03/24] - [11"16'52] AGGIUNTO ARTICOLO: 037023 - FORNITORE: 02111 - QTA: 00101
 [21/03/24] - [11"16'53] AGGIUNTO ARTICOLO: 018321 - FORNITORE: 02201 - QTA: 00980
 [21/03/24] - [11"16'53] AGGIUNTO ARTICOLO: 014750 - FORNITORE: 02256 - QTA: 02932
 [21/03/24] - [11"16'53] AGGIUNTO ARTICOLO: 015686 - FORNITORE: 02264 - QTA: 03704
 [21/03/24] - [11"16'53] AGGIUNTO ARTICOLO: 013984 - FORNITORE: 02266 - QTA: 04216
 [21/03/24] - [11"16'53] AGGIUNTO ARTICOLO: 015490 - FORNITORE: 02306 - QTA: 08166
 [21/03/24] - [11"16'54] AGGIUNTO ARTICOLO: 014811 - FORNITORE: 02393 - QTA: 01846
 [21/03/24] - [11"16'54] AGGIUNTO ARTICOLO: 035076 - FORNITORE: 02402 - QTA: 01486
 [21/03/24] - [11"16'54] AGGIUNTO ARTICOLO: 006306 - FORNITORE: 02467 - QTA: 03785
 [21/03/24] - [11"16'54] AGGIUNTO ARTICOLO: 026735 - FORNITORE: 02467 - QTA: 00596
 [21/03/24] - [11"16'54] AGGIUNTO ARTICOLO: 034819 - FORNITORE: 02469 - QTA: 01757
 [21/03/24] - [11"16'54] AGGIUNTO ARTICOLO: 033951 - FORNITORE: 02553 - QTA: 00019
 [21/03/24] - [11"16'54] AGGIUNTO ARTICOLO: 015161 - FORNITORE: 02558 - QTA: 01834
 [21/03/24] - [11"16'54] AGGIUNTO ARTICOLO: 033466 - FORNITORE: 02563 - QTA: 00205
 [21/03/24] - [11"16'54] AGGIUNTO ARTICOLO: 033638 - FORNITORE: 02580 - QTA: 00102
 [21/03/24] - [11"16'54] AGGIUNTO ARTICOLO: 010452 - FORNITORE: 02650 - QTA: 00040
 [21/03/24] - [11"16'54] AGGIUNTO ARTICOLO: 015917 - FORNITORE: 02655 - QTA: 00013
 [21/03/24] - [11"16'54] AGGIUNTO ARTICOLO: 012519 - FORNITORE: 02656 - QTA: 01544
 [21/03/24] - [11"16'54] AGGIUNTO ARTICOLO: 026814 - FORNITORE: 02656 - QTA: 02021
 [21/03/24] - [11"16'54] AGGIUNTO ARTICOLO: 014556 - FORNITORE: 02657 - QTA: 00550
 [21/03/24] - [11"16'54] AGGIUNTO ARTICOLO: 037426 - FORNITORE: 02670 - QTA: 00797
 [21/03/24] - [11"16'54] AGGIUNTO ARTICOLO: 037422 - FORNITORE: 02670 - QTA: 00694
 [21/03/24] - [11"16'54] AGGIUNTO ARTICOLO: 013728 - FORNITORE: 02689 - QTA: 01708
 [21/03/24] - [11"16'54] AGGIUNTO ARTICOLO: 002002 - FORNITORE: 02709 - QTA: 00228
 [21/03/24] - [11"16'54] AGGIUNTO ARTICOLO: 026724 - FORNITORE: 02709 - QTA: 00442
 [21/03/24] - [11"16'54] AGGIUNTO ARTICOLO: 036983 - FORNITORE: 02741 - QTA: 01341
 [21/03/24] - [11"16'54] AGGIUNTO ARTICOLO: 031611 - FORNITORE: 02763 - QTA: 00001
 [21/03/24] - [11"16'54] AGGIUNTO ARTICOLO: 015268 - FORNITORE: 02764 - QTA: 00541
 [21/03/24] - [11"16'54] AGGIUNTO ARTICOLO: 026810 - FORNITORE: 02764 - QTA: 01088
 [21/03/24] - [11"16'54] AGGIUNTO ARTICOLO: 035469 - FORNITORE: 02765 - QTA: 00582
 [21/03/24] - [11"16'54] AGGIUNTO ARTICOLO: 035513 - FORNITORE: 02780 - QTA: 00030
 [21/03/24] - [11"16'54] AGGIUNTO ARTICOLO: 037555 - FORNITORE: 02780 - QTA: 00005
 [21/03/24] - [11"16'54] AGGIUNTO ARTICOLO: 035783 - FORNITORE: 02782 - QTA: 01024
 [21/03/24] - [11"16'54] AGGIUNTO ARTICOLO: 035724 - FORNITORE: 02824 - QTA: 03593
 [21/03/24] - [11"16'54] AGGIUNTO ARTICOLO: 006572 - FORNITORE: 02839 - QTA: 00006
 [21/03/24] - [11"16'54] AGGIUNTO ARTICOLO: 029722 - FORNITORE: 02839 - QTA: 04751
 [21/03/24] - [11"16'54] AGGIUNTO ARTICOLO: 022344 - FORNITORE: 02897 - QTA: 04265
 [21/03/24] - [11"16'54] AGGIUNTO ARTICOLO: 037447 - FORNITORE: 02943 - QTA: 00095
 [21/03/24] - [11"16'54] AGGIUNTO ARTICOLO: 037303 - FORNITORE: 02983 - QTA: 00481
 [21/03/24] - [11"16'54] AGGIUNTO ARTICOLO: 014760 - FORNITORE: 03007 - QTA: 15703
 [21/03/24] - [11"16'54] AGGIUNTO ARTICOLO: 001359 - FORNITORE: 03030 - QTA: 00191
 [21/03/24] - [11"16'54] AGGIUNTO ARTICOLO: 004688 - FORNITORE: 03034 - QTA: 00290
 [21/03/24] - [11"16'54] INIZIO CREAZIONE ORDINI
 [21/03/24] - [11"16'54] SCRITTA COPERTURA PER ARTICOLO: 000164 - FORNITORE: 01143 - LISTINO: 05448
 [21/03/24] - [11"16'54] SCRITTA COPERTURA PER ARTICOLO: 000366 - FORNITORE: 00372 - LISTINO: 04159
 [21/03/24] - [11"16'54] SCRITTA COPERTURA PER ARTICOLO: 000426 - FORNITORE: 01690 - LISTINO: 05284
 [21/03/24] - [11"16'54] SCRITTA COPERTURA PER ARTICOLO: 000558 - FORNITORE: 00690 - LISTINO: 05443
 [21/03/24] - [11"16'54] SCRITTA COPERTURA PER ARTICOLO: 000560 - FORNITORE: 00048 - LISTINO: 05321
 [21/03/24] - [11"16'54] SCRITTA COPERTURA PER ARTICOLO: 000593 - FORNITORE: 00128 - LISTINO: 05105
 [21/03/24] - [11"16'54] SCRITTA COPERTURA PER ARTICOLO: 000598 - FORNITORE: 00128 - LISTINO: 05105
 [21/03/24] - [11"16'54] SCRITTA COPERTURA PER ARTICOLO: 000606 - FORNITORE: 00128 - LISTINO: 05105
 [21/03/24] - [11"16'54] SCRITTA COPERTURA PER ARTICOLO: 000721 - FORNITORE: 00197 - LISTINO: 04936
 [21/03/24] - [11"16'54] SCRITTA COPERTURA PER ARTICOLO: 001180 - FORNITORE: 00431 - LISTINO: 05455
 [21/03/24] - [11"16'54] SCRITTA COPERTURA PER ARTICOLO: 001184 - FORNITORE: 00431 - LISTINO: 05455
 [21/03/24] - [11"16'54] SCRITTA COPERTURA PER ARTICOLO: 001190 - FORNITORE: 00431 - LISTINO: 05455
 [21/03/24] - [11"16'54] SCRITTA COPERTURA PER ARTICOLO: 001192 - FORNITORE: 00431 - LISTINO: 05455
 [21/03/24] - [11"16'54] SCRITTA COPERTURA PER ARTICOLO: 001196 - FORNITORE: 00431 - LISTINO: 05455
 [21/03/24] - [11"16'54] SCRITTA COPERTURA PER ARTICOLO: 001197 - FORNITORE: 00431 - LISTINO: 05455
 [21/03/24] - [11"16'54] SCRITTA COPERTURA PER ARTICOLO: 001199 - FORNITORE: 00431 - LISTINO: 05455
 [21/03/24] - [11"16'54] SCRITTA COPERTURA PER ARTICOLO: 001202 - FORNITORE: 00431 - LISTINO: 05455
 [21/03/24] - [11"16'54] SCRITTA COPERTURA PER ARTICOLO: 001359 - FORNITORE: 03030 - LISTINO: 05272
 [21/03/24] - [11"16'54] SCRITTA COPERTURA PER ARTICOLO: 001718 - FORNITORE: 00431 - LISTINO: 05455
 [21/03/24] - [11"16'54] SCRITTA COPERTURA PER ARTICOLO: 001758 - FORNITORE: 00431 - LISTINO: 05455
 [21/03/24] - [11"16'54] SCRITTA COPERTURA PER ARTICOLO: 001766 - FORNITORE: 00690 - LISTINO: 05447
 [21/03/24] - [11"16'54] SCRITTA COPERTURA PER ARTICOLO: 002002 - FORNITORE: 02709 - LISTINO: 04624
 [21/03/24] - [11"16'54] SCRITTA COPERTURA PER ARTICOLO: 002342 - FORNITORE: 00431 - LISTINO: 05454
 [21/03/24] - [11"16'54] SCRITTA COPERTURA PER ARTICOLO: 002349 - FORNITORE: 00431 - LISTINO: 05454
 [21/03/24] - [11"16'54] SCRITTA COPERTURA PER ARTICOLO: 002359 - FORNITORE: 00431 - LISTINO: 05454
 [21/03/24] - [11"16'54] SCRITTA COPERTURA PER ARTICOLO: 002603 - FORNITORE: 00128 - LISTINO: 05197
 [21/03/24] - [11"16'54] SCRITTA COPERTURA PER ARTICOLO: 002604 - FORNITORE: 00128 - LISTINO: 05197
 [21/03/24] - [11"16'54] SCRITTA COPERTURA PER ARTICOLO: 002625 - FORNITORE: 00431 - LISTINO: 05454
 [21/03/24] - [11"16'54] SCRITTA COPERTURA PER ARTICOLO: 002764 - FORNITORE: 00431 - LISTINO: 05455
 [21/03/24] - [11"16'54] SCRITTA COPERTURA PER ARTICOLO: 003035 - FORNITORE: 01654 - LISTINO: 03050
 [21/03/24] - [11"16'54] SCRITTA COPERTURA PER ARTICOLO: 003390 - FORNITORE: 00734 - LISTINO: 05410
 [21/03/24] - [11"16'54] SCRITTA COPERTURA PER ARTICOLO: 003391 - FORNITORE: 00734 - LISTINO: 05410
 [21/03/24] - [11"16'54] SCRITTA COPERTURA PER ARTICOLO: 003392 - FORNITORE: 00710 - LISTINO: 05462
 [21/03/24] - [11"16'54] SCRITTA COPERTURA PER ARTICOLO: 003396 - FORNITORE: 00734 - LISTINO: 05410
 [21/03/24] - [11"16'54] SCRITTA COPERTURA PER ARTICOLO: 003399 - FORNITORE: 00734 - LISTINO: 05410
 [21/03/24] - [11"16'54] SCRITTA COPERTURA PER ARTICOLO: 003401 - FORNITORE: 00734 - LISTINO: 05410
 [21/03/24] - [11"16'54] SCRITTA COPERTURA PER ARTICOLO: 003402 - FORNITORE: 00734 - LISTINO: 05410
 [21/03/24] - [11"16'54] SCRITTA COPERTURA PER ARTICOLO: 003403 - FORNITORE: 00734 - LISTINO: 05410
 [21/03/24] - [11"16'54] SCRITTA COPERTURA PER ARTICOLO: 004184 - FORNITORE: 01000 - LISTINO: 04903
 [21/03/24] - [11"16'54] SCRITTA COPERTURA PER ARTICOLO: 004185 - FORNITORE: 01000 - LISTINO: 04903
 [21/03/24] - [11"16'54] SCRITTA COPERTURA PER ARTICOLO: 004621 - FORNITORE: 00734 - LISTINO: 05410
 [21/03/24] - [11"16'54] SCRITTA COPERTURA PER ARTICOLO: 004688 - FORNITORE: 03034 - LISTINO: 05478
 [21/03/24] - [11"16'54] SCRITTA COPERTURA PER ARTICOLO: 004710 - FORNITORE: 00431 - LISTINO: 05455
 [21/03/24] - [11"16'54] SCRITTA COPERTURA PER ARTICOLO: 004712 - FORNITORE: 00431 - LISTINO: 05455
 [21/03/24] - [11"16'54] SCRITTA COPERTURA PER ARTICOLO: 004723 - FORNITORE: 02709 - LISTINO: 04624
 [21/03/24] - [11"16'54] SCRITTA COPERTURA PER ARTICOLO: 004727 - FORNITORE: 02709 - LISTINO: 04624
 [21/03/24] - [11"16'54] SCRITTA COPERTURA PER ARTICOLO: 005308 - FORNITORE: 01143 - LISTINO: 05448
 [21/03/24] - [11"16'54] SCRITTA COPERTURA PER ARTICOLO: 006306 - FORNITORE: 02467 - LISTINO: 05384
 [21/03/24] - [11"16'54] SCRITTA COPERTURA PER ARTICOLO: 006408 - FORNITORE: 00710 - LISTINO: 05462
 [21/03/24] - [11"16'54] SCRITTA COPERTURA PER ARTICOLO: 006572 - FORNITORE: 02839 - LISTINO: 05452
 [21/03/24] - [11"16'54] SCRITTA COPERTURA PER ARTICOLO: 006856 - FORNITORE: 01208 - LISTINO: 05392
 [21/03/24] - [11"16'54] SCRITTA COPERTURA PER ARTICOLO: 008435 - FORNITORE: 01208 - LISTINO: 05392
 [21/03/24] - [11"16'54] SCRITTA COPERTURA PER ARTICOLO: 008458 - FORNITORE: 00051 - LISTINO: 04554
 [21/03/24] - [11"16'54] SCRITTA COPERTURA PER ARTICOLO: 008468 - FORNITORE: 00128 - LISTINO: 04563
 [21/03/24] - [11"16'54] SCRITTA COPERTURA PER ARTICOLO: 008470 - FORNITORE: 00128 - LISTINO: 04563
 [21/03/24] - [11"16'54] SCRITTA COPERTURA PER ARTICOLO: 008471 - FORNITORE: 00128 - LISTINO: 04563
 [21/03/24] - [11"16'54] SCRITTA COPERTURA PER ARTICOLO: 008472 - FORNITORE: 00128 - LISTINO: 04563
 [21/03/24] - [11"16'54] SCRITTA COPERTURA PER ARTICOLO: 008478 - FORNITORE: 02839 - LISTINO: 05452
 [21/03/24] - [11"16'54] SCRITTA COPERTURA PER ARTICOLO: 008502 - FORNITORE: 00710 - LISTINO: 05462
 [21/03/24] - [11"16'54] SCRITTA COPERTURA PER ARTICOLO: 008715 - FORNITORE: 01587 - LISTINO: 05422
 [21/03/24] - [11"16'54] SCRITTA COPERTURA PER ARTICOLO: 008735 - FORNITORE: 01587 - LISTINO: 05422
 [21/03/24] - [11"16'54] SCRITTA COPERTURA PER ARTICOLO: 008741 - FORNITORE: 01587 - LISTINO: 05422
 [21/03/24] - [11"16'54] SCRITTA COPERTURA PER ARTICOLO: 008744 - FORNITORE: 01587 - LISTINO: 05422
 [21/03/24] - [11"16'54] SCRITTA COPERTURA PER ARTICOLO: 008745 - FORNITORE: 01587 - LISTINO: 05422
 [21/03/24] - [11"16'54] SCRITTA COPERTURA PER ARTICOLO: 008746 - FORNITORE: 01587 - LISTINO: 05422
 [21/03/24] - [11"16'54] SCRITTA COPERTURA PER ARTICOLO: 008755 - FORNITORE: 01587 - LISTINO: 05422
 [21/03/24] - [11"16'54] SCRITTA COPERTURA PER ARTICOLO: 008756 - FORNITORE: 01587 - LISTINO: 05422
 [21/03/24] - [11"16'54] SCRITTA COPERTURA PER ARTICOLO: 008771 - FORNITORE: 01587 - LISTINO: 05422
 [21/03/24] - [11"16'54] SCRITTA COPERTURA PER ARTICOLO: 008859 - FORNITORE: 01587 - LISTINO: 05422
 [21/03/24] - [11"16'54] SCRITTA COPERTURA PER ARTICOLO: 008860 - FORNITORE: 01587 - LISTINO: 05422
 [21/03/24] - [11"16'54] SCRITTA COPERTURA PER ARTICOLO: 008875 - FORNITORE: 01587 - LISTINO: 05422
 [21/03/24] - [11"16'54] SCRITTA COPERTURA PER ARTICOLO: 008881 - FORNITORE: 01587 - LISTINO: 05423
 [21/03/24] - [11"16'54] SCRITTA COPERTURA PER ARTICOLO: 008893 - FORNITORE: 01587 - LISTINO: 05423
 [21/03/24] - [11"16'54] SCRITTA COPERTURA PER ARTICOLO: 008896 - FORNITORE: 01587 - LISTINO: 05422
 [21/03/24] - [11"16'54] SCRITTA COPERTURA PER ARTICOLO: 008901 - FORNITORE: 01587 - LISTINO: 05422
 [21/03/24] - [11"16'54] SCRITTA COPERTURA PER ARTICOLO: 008954 - FORNITORE: 01587 - LISTINO: 05423
 [21/03/24] - [11"16'54] SCRITTA COPERTURA PER ARTICOLO: 009055 - FORNITORE: 00734 - LISTINO: 05410
 [21/03/24] - [11"16'54] SCRITTA COPERTURA PER ARTICOLO: 009056 - FORNITORE: 00710 - LISTINO: 05462
 [21/03/24] - [11"16'54] SCRITTA COPERTURA PER ARTICOLO: 009060 - FORNITORE: 00734 - LISTINO: 05410
 [21/03/24] - [11"16'54] SCRITTA COPERTURA PER ARTICOLO: 009062 - FORNITORE: 00710 - LISTINO: 05462
 [21/03/24] - [11"16'54] SCRITTA COPERTURA PER ARTICOLO: 009066 - FORNITORE: 00710 - LISTINO: 05462
 [21/03/24] - [11"16'54] SCRITTA COPERTURA PER ARTICOLO: 009067 - FORNITORE: 00710 - LISTINO: 05462
 [21/03/24] - [11"16'54] SCRITTA COPERTURA PER ARTICOLO: 009069 - FORNITORE: 00710 - LISTINO: 05462
 [21/03/24] - [11"16'54] SCRITTA COPERTURA PER ARTICOLO: 009071 - FORNITORE: 00710 - LISTINO: 05462
 [21/03/24] - [11"16'54] SCRITTA COPERTURA PER ARTICOLO: 009076 - FORNITORE: 01587 - LISTINO: 05422
 [21/03/24] - [11"16'54] SCRITTA COPERTURA PER ARTICOLO: 009089 - FORNITORE: 00710 - LISTINO: 05462
 [21/03/24] - [11"16'54] SCRITTA COPERTURA PER ARTICOLO: 009132 - FORNITORE: 01208 - LISTINO: 05392
 [21/03/24] - [11"16'54] SCRITTA COPERTURA PER ARTICOLO: 009234 - FORNITORE: 01208 - LISTINO: 05392
 [21/03/24] - [11"16'54] SCRITTA COPERTURA PER ARTICOLO: 009237 - FORNITORE: 01208 - LISTINO: 05392
 [21/03/24] - [11"16'54] SCRITTA COPERTURA PER ARTICOLO: 009321 - FORNITORE: 01208 - LISTINO: 05392
 [21/03/24] - [11"16'54] SCRITTA COPERTURA PER ARTICOLO: 009334 - FORNITORE: 01208 - LISTINO: 05392
 [21/03/24] - [11"16'54] SCRITTA COPERTURA PER ARTICOLO: 009525 - FORNITORE: 00407 - LISTINO: 05212
 [21/03/24] - [11"16'54] SCRITTA COPERTURA PER ARTICOLO: 009528 - FORNITORE: 00407 - LISTINO: 05212
 [21/03/24] - [11"16'54] SCRITTA COPERTURA PER ARTICOLO: 009558 - FORNITORE: 00128 - LISTINO: 05197
 [21/03/24] - [11"16'54] SCRITTA COPERTURA PER ARTICOLO: 009560 - FORNITORE: 00128 - LISTINO: 05197
 [21/03/24] - [11"16'54] SCRITTA COPERTURA PER ARTICOLO: 009562 - FORNITORE: 00128 - LISTINO: 05197
 [21/03/24] - [11"16'54] SCRITTA COPERTURA PER ARTICOLO: 009563 - FORNITORE: 00128 - LISTINO: 05197
 [21/03/24] - [11"16'54] SCRITTA COPERTURA PER ARTICOLO: 009565 - FORNITORE: 00128 - LISTINO: 05197
 [21/03/24] - [11"16'54] SCRITTA COPERTURA PER ARTICOLO: 009569 - FORNITORE: 00128 - LISTINO: 05197
 [21/03/24] - [11"16'54] SCRITTA COPERTURA PER ARTICOLO: 009570 - FORNITORE: 00128 - LISTINO: 05197
 [21/03/24] - [11"16'54] SCRITTA COPERTURA PER ARTICOLO: 009571 - FORNITORE: 00128 - LISTINO: 05197
 [21/03/24] - [11"16'54] SCRITTA COPERTURA PER ARTICOLO: 009572 - FORNITORE: 00128 - LISTINO: 05197
 [21/03/24] - [11"16'54] SCRITTA COPERTURA PER ARTICOLO: 009573 - FORNITORE: 00128 - LISTINO: 05197
 [21/03/24] - [11"16'54] SCRITTA COPERTURA PER ARTICOLO: 009574 - FORNITORE: 00128 - LISTINO: 05197
 [21/03/24] - [11"16'54] SCRITTA COPERTURA PER ARTICOLO: 009575 - FORNITORE: 00128 - LISTINO: 05197
 [21/03/24] - [11"16'54] SCRITTA COPERTURA PER ARTICOLO: 009577 - FORNITORE: 00128 - LISTINO: 05197
 [21/03/24] - [11"16'54] SCRITTA COPERTURA PER ARTICOLO: 009578 - FORNITORE: 00128 - LISTINO: 05197
 [21/03/24] - [11"16'54] SCRITTA COPERTURA PER ARTICOLO: 009579 - FORNITORE: 00128 - LISTINO: 05197
 [21/03/24] - [11"16'54] SCRITTA COPERTURA PER ARTICOLO: 009580 - FORNITORE: 00128 - LISTINO: 05197
 [21/03/24] - [11"16'54] SCRITTA COPERTURA PER ARTICOLO: 009581 - FORNITORE: 00128 - LISTINO: 05197
 [21/03/24] - [11"16'54] SCRITTA COPERTURA PER ARTICOLO: 009586 - FORNITORE: 00128 - LISTINO: 05197
 [21/03/24] - [11"16'54] SCRITTA COPERTURA PER ARTICOLO: 009690 - FORNITORE: 00407 - LISTINO: 05212
 [21/03/24] - [11"16'54] SCRITTA COPERTURA PER ARTICOLO: 009696 - FORNITORE: 01587 - LISTINO: 05423
 [21/03/24] - [11"16'54] SCRITTA COPERTURA PER ARTICOLO: 009717 - FORNITORE: 00051 - LISTINO: 04554
 [21/03/24] - [11"16'54] SCRITTA COPERTURA PER ARTICOLO: 009718 - FORNITORE: 00690 - LISTINO: 05447
 [21/03/24] - [11"16'54] SCRITTA COPERTURA PER ARTICOLO: 009719 - FORNITORE: 01208 - LISTINO: 05392
 [21/03/24] - [11"16'55] SCRITTA COPERTURA PER ARTICOLO: 009721 - FORNITORE: 01690 - LISTINO: 05286
 [21/03/24] - [11"16'55] SCRITTA COPERTURA PER ARTICOLO: 009722 - FORNITORE: 01690 - LISTINO: 05286
 [21/03/24] - [11"16'55] SCRITTA COPERTURA PER ARTICOLO: 009880 - FORNITORE: 00710 - LISTINO: 05461
 [21/03/24] - [11"16'55] SCRITTA COPERTURA PER ARTICOLO: 009881 - FORNITORE: 00710 - LISTINO: 05461
 [21/03/24] - [11"16'55] SCRITTA COPERTURA PER ARTICOLO: 009882 - FORNITORE: 00710 - LISTINO: 05461
 [21/03/24] - [11"16'55] SCRITTA COPERTURA PER ARTICOLO: 009883 - FORNITORE: 00710 - LISTINO: 05461
 [21/03/24] - [11"16'55] SCRITTA COPERTURA PER ARTICOLO: 009884 - FORNITORE: 00710 - LISTINO: 05461
 [21/03/24] - [11"16'55] SCRITTA COPERTURA PER ARTICOLO: 009888 - FORNITORE: 01208 - LISTINO: 05392
 [21/03/24] - [11"16'55] SCRITTA COPERTURA PER ARTICOLO: 009940 - FORNITORE: 01208 - LISTINO: 05392
 [21/03/24] - [11"16'55] SCRITTA COPERTURA PER ARTICOLO: 010051 - FORNITORE: 01587 - LISTINO: 05422
 [21/03/24] - [11"16'55] SCRITTA COPERTURA PER ARTICOLO: 010072 - FORNITORE: 00431 - LISTINO: 05455
 [21/03/24] - [11"16'55] SCRITTA COPERTURA PER ARTICOLO: 010094 - FORNITORE: 01208 - LISTINO: 05392
 [21/03/24] - [11"16'55] SCRITTA COPERTURA PER ARTICOLO: 010101 - FORNITORE: 01208 - LISTINO: 05392
 [21/03/24] - [11"16'55] SCRITTA COPERTURA PER ARTICOLO: 010105 - FORNITORE: 01587 - LISTINO: 05422
 [21/03/24] - [11"16'55] SCRITTA COPERTURA PER ARTICOLO: 010108 - FORNITORE: 01587 - LISTINO: 05423
 [21/03/24] - [11"16'55] SCRITTA COPERTURA PER ARTICOLO: 010113 - FORNITORE: 01587 - LISTINO: 05422
 [21/03/24] - [11"16'55] SCRITTA COPERTURA PER ARTICOLO: 010114 - FORNITORE: 01587 - LISTINO: 05422
 [21/03/24] - [11"16'55] SCRITTA COPERTURA PER ARTICOLO: 010119 - FORNITORE: 00734 - LISTINO: 05410
 [21/03/24] - [11"16'55] SCRITTA COPERTURA PER ARTICOLO: 010120 - FORNITORE: 00710 - LISTINO: 05462
 [21/03/24] - [11"16'55] SCRITTA COPERTURA PER ARTICOLO: 010121 - FORNITORE: 00710 - LISTINO: 05462
 [21/03/24] - [11"16'55] SCRITTA COPERTURA PER ARTICOLO: 010124 - FORNITORE: 00710 - LISTINO: 05462
 [21/03/24] - [11"16'55] SCRITTA COPERTURA PER ARTICOLO: 010127 - FORNITORE: 00710 - LISTINO: 05462
 [21/03/24] - [11"16'55] SCRITTA COPERTURA PER ARTICOLO: 010129 - FORNITORE: 00710 - LISTINO: 05462
 [21/03/24] - [11"16'55] SCRITTA COPERTURA PER ARTICOLO: 010155 - FORNITORE: 01587 - LISTINO: 05422
 [21/03/24] - [11"16'55] SCRITTA COPERTURA PER ARTICOLO: 010164 - FORNITORE: 01690 - LISTINO: 05286
 [21/03/24] - [11"16'55] SCRITTA COPERTURA PER ARTICOLO: 010181 - FORNITORE: 01795 - LISTINO: 05372
 [21/03/24] - [11"16'55] SCRITTA COPERTURA PER ARTICOLO: 010194 - FORNITORE: 00431 - LISTINO: 05455
 [21/03/24] - [11"16'55] SCRITTA COPERTURA PER ARTICOLO: 010199 - FORNITORE: 00431 - LISTINO: 05455
 [21/03/24] - [11"16'55] SCRITTA COPERTURA PER ARTICOLO: 010293 - FORNITORE: 01587 - LISTINO: 05422
 [21/03/24] - [11"16'55] SCRITTA COPERTURA PER ARTICOLO: 010308 - FORNITORE: 01690 - LISTINO: 05283
 [21/03/24] - [11"16'55] SCRITTA COPERTURA PER ARTICOLO: 010309 - FORNITORE: 01690 - LISTINO: 05283
 [21/03/24] - [11"16'55] SCRITTA COPERTURA PER ARTICOLO: 010310 - FORNITORE: 01690 - LISTINO: 05283
 [21/03/24] - [11"16'55] SCRITTA COPERTURA PER ARTICOLO: 010312 - FORNITORE: 01690 - LISTINO: 05283
 [21/03/24] - [11"16'55] SCRITTA COPERTURA PER ARTICOLO: 010314 - FORNITORE: 01690 - LISTINO: 05283
 [21/03/24] - [11"16'55] SCRITTA COPERTURA PER ARTICOLO: 010316 - FORNITORE: 01690 - LISTINO: 05283
 [21/03/24] - [11"16'55] SCRITTA COPERTURA PER ARTICOLO: 010317 - FORNITORE: 01690 - LISTINO: 05283
 [21/03/24] - [11"16'55] SCRITTA COPERTURA PER ARTICOLO: 010318 - FORNITORE: 01690 - LISTINO: 05283
 [21/03/24] - [11"16'55] SCRITTA COPERTURA PER ARTICOLO: 010322 - FORNITORE: 01587 - LISTINO: 05422
 [21/03/24] - [11"16'55] SCRITTA COPERTURA PER ARTICOLO: 010397 - FORNITORE: 01143 - LISTINO: 05448
 [21/03/24] - [11"16'55] SCRITTA COPERTURA PER ARTICOLO: 010452 - FORNITORE: 02650 - LISTINO: 05480
 [21/03/24] - [11"16'55] SCRITTA COPERTURA PER ARTICOLO: 010454 - FORNITORE: 01690 - LISTINO: 05283
 [21/03/24] - [11"16'55] SCRITTA COPERTURA PER ARTICOLO: 010505 - FORNITORE: 01690 - LISTINO: 05283
 [21/03/24] - [11"16'55] SCRITTA COPERTURA PER ARTICOLO: 010507 - FORNITORE: 01690 - LISTINO: 05283
 [21/03/24] - [11"16'55] SCRITTA COPERTURA PER ARTICOLO: 010509 - FORNITORE: 01690 - LISTINO: 05283
 [21/03/24] - [11"16'55] SCRITTA COPERTURA PER ARTICOLO: 010510 - FORNITORE: 01690 - LISTINO: 05283
 [21/03/24] - [11"16'55] SCRITTA COPERTURA PER ARTICOLO: 010511 - FORNITORE: 01690 - LISTINO: 05283
 [21/03/24] - [11"16'55] SCRITTA COPERTURA PER ARTICOLO: 010513 - FORNITORE: 01690 - LISTINO: 05283
 [21/03/24] - [11"16'55] SCRITTA COPERTURA PER ARTICOLO: 010514 - FORNITORE: 01690 - LISTINO: 05283
 [21/03/24] - [11"16'55] SCRITTA COPERTURA PER ARTICOLO: 010515 - FORNITORE: 01690 - LISTINO: 05283
 [21/03/24] - [11"16'55] SCRITTA COPERTURA PER ARTICOLO: 010516 - FORNITORE: 01690 - LISTINO: 05283
 [21/03/24] - [11"16'55] SCRITTA COPERTURA PER ARTICOLO: 010517 - FORNITORE: 01690 - LISTINO: 05283
 [21/03/24] - [11"16'55] SCRITTA COPERTURA PER ARTICOLO: 010539 - FORNITORE: 01690 - LISTINO: 05283
 [21/03/24] - [11"16'55] SCRITTA COPERTURA PER ARTICOLO: 010540 - FORNITORE: 01690 - LISTINO: 05283
 [21/03/24] - [11"16'55] SCRITTA COPERTURA PER ARTICOLO: 010587 - FORNITORE: 01587 - LISTINO: 05422
 [21/03/24] - [11"16'55] SCRITTA COPERTURA PER ARTICOLO: 010622 - FORNITORE: 01843 - LISTINO: 04973
 [21/03/24] - [11"16'55] SCRITTA COPERTURA PER ARTICOLO: 010630 - FORNITORE: 01843 - LISTINO: 04973
 [21/03/24] - [11"16'55] SCRITTA COPERTURA PER ARTICOLO: 010631 - FORNITORE: 01843 - LISTINO: 04973
 [21/03/24] - [11"16'55] SCRITTA COPERTURA PER ARTICOLO: 010633 - FORNITORE: 01843 - LISTINO: 04973
 [21/03/24] - [11"16'55] SCRITTA COPERTURA PER ARTICOLO: 010636 - FORNITORE: 01843 - LISTINO: 04973
 [21/03/24] - [11"16'55] SCRITTA COPERTURA PER ARTICOLO: 010637 - FORNITORE: 01843 - LISTINO: 04973
 [21/03/24] - [11"16'55] SCRITTA COPERTURA PER ARTICOLO: 010657 - FORNITORE: 01843 - LISTINO: 04973
 [21/03/24] - [11"16'55] SCRITTA COPERTURA PER ARTICOLO: 010666 - FORNITORE: 01843 - LISTINO: 04973
 [21/03/24] - [11"16'55] SCRITTA COPERTURA PER ARTICOLO: 011345 - FORNITORE: 00128 - LISTINO: 05105
 [21/03/24] - [11"16'55] SCRITTA COPERTURA PER ARTICOLO: 011455 - FORNITORE: 00690 - LISTINO: 05443
 [21/03/24] - [11"16'55] SCRITTA COPERTURA PER ARTICOLO: 011502 - FORNITORE: 01843 - LISTINO: 04973
 [21/03/24] - [11"16'55] SCRITTA COPERTURA PER ARTICOLO: 011518 - FORNITORE: 00431 - LISTINO: 05456
 [21/03/24] - [11"16'55] SCRITTA COPERTURA PER ARTICOLO: 011638 - FORNITORE: 01690 - LISTINO: 05285
 [21/03/24] - [11"16'55] SCRITTA COPERTURA PER ARTICOLO: 011646 - FORNITORE: 01690 - LISTINO: 05294
 [21/03/24] - [11"16'55] SCRITTA COPERTURA PER ARTICOLO: 011648 - FORNITORE: 01690 - LISTINO: 05294
 [21/03/24] - [11"16'55] SCRITTA COPERTURA PER ARTICOLO: 011664 - FORNITORE: 01690 - LISTINO: 05294
 [21/03/24] - [11"16'55] SCRITTA COPERTURA PER ARTICOLO: 011670 - FORNITORE: 01690 - LISTINO: 05294
 [21/03/24] - [11"16'55] SCRITTA COPERTURA PER ARTICOLO: 011789 - FORNITORE: 01690 - LISTINO: 05294
 [21/03/24] - [11"16'55] SCRITTA COPERTURA PER ARTICOLO: 011799 - FORNITORE: 01690 - LISTINO: 05294
 [21/03/24] - [11"16'55] SCRITTA COPERTURA PER ARTICOLO: 011835 - FORNITORE: 02650 - LISTINO: 05480
 [21/03/24] - [11"16'55] SCRITTA COPERTURA PER ARTICOLO: 011848 - FORNITORE: 01690 - LISTINO: 05294
 [21/03/24] - [11"16'55] SCRITTA COPERTURA PER ARTICOLO: 011891 - FORNITORE: 01690 - LISTINO: 05294
 [21/03/24] - [11"16'55] SCRITTA COPERTURA PER ARTICOLO: 012514 - FORNITORE: 00407 - LISTINO: 05211
 [21/03/24] - [11"16'55] SCRITTA COPERTURA PER ARTICOLO: 012519 - FORNITORE: 02656 - LISTINO: 05093
 [21/03/24] - [11"16'55] SCRITTA COPERTURA PER ARTICOLO: 012520 - FORNITORE: 02656 - LISTINO: 05093
 [21/03/24] - [11"16'55] SCRITTA COPERTURA PER ARTICOLO: 012769 - FORNITORE: 00051 - LISTINO: 04554
 [21/03/24] - [11"16'55] SCRITTA COPERTURA PER ARTICOLO: 012770 - FORNITORE: 00051 - LISTINO: 04554
 [21/03/24] - [11"16'55] SCRITTA COPERTURA PER ARTICOLO: 012792 - FORNITORE: 00710 - LISTINO: 05463
 [21/03/24] - [11"16'55] SCRITTA COPERTURA PER ARTICOLO: 012825 - FORNITORE: 00407 - LISTINO: 05212
 [21/03/24] - [11"16'55] SCRITTA COPERTURA PER ARTICOLO: 012826 - FORNITORE: 00407 - LISTINO: 05212
 [21/03/24] - [11"16'55] SCRITTA COPERTURA PER ARTICOLO: 013480 - FORNITORE: 00710 - LISTINO: 05463
 [21/03/24] - [11"16'55] SCRITTA COPERTURA PER ARTICOLO: 013482 - FORNITORE: 00710 - LISTINO: 05463
 [21/03/24] - [11"16'55] SCRITTA COPERTURA PER ARTICOLO: 013484 - FORNITORE: 00710 - LISTINO: 05463
 [21/03/24] - [11"16'55] SCRITTA COPERTURA PER ARTICOLO: 013488 - FORNITORE: 00710 - LISTINO: 05463
 [21/03/24] - [11"16'55] SCRITTA COPERTURA PER ARTICOLO: 013499 - FORNITORE: 00734 - LISTINO: 05410
 [21/03/24] - [11"16'55] SCRITTA COPERTURA PER ARTICOLO: 013508 - FORNITORE: 00128 - LISTINO: 05046
 [21/03/24] - [11"16'55] SCRITTA COPERTURA PER ARTICOLO: 013509 - FORNITORE: 00128 - LISTINO: 05046
 [21/03/24] - [11"16'55] SCRITTA COPERTURA PER ARTICOLO: 013510 - FORNITORE: 00128 - LISTINO: 05046
 [21/03/24] - [11"16'55] SCRITTA COPERTURA PER ARTICOLO: 013512 - FORNITORE: 00128 - LISTINO: 05046
 [21/03/24] - [11"16'55] SCRITTA COPERTURA PER ARTICOLO: 013663 - FORNITORE: 01962 - LISTINO: 04400
 [21/03/24] - [11"16'55] SCRITTA COPERTURA PER ARTICOLO: 013728 - FORNITORE: 02689 - LISTINO: 04040
 [21/03/24] - [11"16'55] SCRITTA COPERTURA PER ARTICOLO: 013865 - FORNITORE: 01690 - LISTINO: 05283
 [21/03/24] - [11"16'55] SCRITTA COPERTURA PER ARTICOLO: 013866 - FORNITORE: 01690 - LISTINO: 05283
 [21/03/24] - [11"16'55] SCRITTA COPERTURA PER ARTICOLO: 013984 - FORNITORE: 02266 - LISTINO: 04000
 [21/03/24] - [11"16'55] SCRITTA COPERTURA PER ARTICOLO: 013985 - FORNITORE: 02266 - LISTINO: 04000
 [21/03/24] - [11"16'55] SCRITTA COPERTURA PER ARTICOLO: 014058 - FORNITORE: 01690 - LISTINO: 05294
 [21/03/24] - [11"16'55] SCRITTA COPERTURA PER ARTICOLO: 014060 - FORNITORE: 01690 - LISTINO: 05294
 [21/03/24] - [11"16'55] SCRITTA COPERTURA PER ARTICOLO: 014084 - FORNITORE: 01143 - LISTINO: 05448
 [21/03/24] - [11"16'55] SCRITTA COPERTURA PER ARTICOLO: 014100 - FORNITORE: 01690 - LISTINO: 05294
 [21/03/24] - [11"16'55] SCRITTA COPERTURA PER ARTICOLO: 014102 - FORNITORE: 01690 - LISTINO: 05294
 [21/03/24] - [11"16'55] SCRITTA COPERTURA PER ARTICOLO: 014130 - FORNITORE: 01587 - LISTINO: 05422
 [21/03/24] - [11"16'55] SCRITTA COPERTURA PER ARTICOLO: 014134 - FORNITORE: 01587 - LISTINO: 05422
 [21/03/24] - [11"16'55] SCRITTA COPERTURA PER ARTICOLO: 014135 - FORNITORE: 01587 - LISTINO: 05422
 [21/03/24] - [11"16'55] SCRITTA COPERTURA PER ARTICOLO: 014141 - FORNITORE: 01690 - LISTINO: 05286
 [21/03/24] - [11"16'55] SCRITTA COPERTURA PER ARTICOLO: 014142 - FORNITORE: 01690 - LISTINO: 05286
 [21/03/24] - [11"16'55] SCRITTA COPERTURA PER ARTICOLO: 014261 - FORNITORE: 01962 - LISTINO: 04400
 [21/03/24] - [11"16'55] SCRITTA COPERTURA PER ARTICOLO: 014491 - FORNITORE: 00407 - LISTINO: 05212
 [21/03/24] - [11"16'55] SCRITTA COPERTURA PER ARTICOLO: 014494 - FORNITORE: 02091 - LISTINO: 04688
 [21/03/24] - [11"16'55] SCRITTA COPERTURA PER ARTICOLO: 014495 - FORNITORE: 02091 - LISTINO: 04688
 [21/03/24] - [11"16'55] SCRITTA COPERTURA PER ARTICOLO: 014546 - FORNITORE: 01690 - LISTINO: 05283
 [21/03/24] - [11"16'55] SCRITTA COPERTURA PER ARTICOLO: 014555 - FORNITORE: 01056 - LISTINO: 05069
 [21/03/24] - [11"16'55] SCRITTA COPERTURA PER ARTICOLO: 014556 - FORNITORE: 02657 - LISTINO: 04988
 [21/03/24] - [11"16'55] SCRITTA COPERTURA PER ARTICOLO: 014557 - FORNITORE: 02657 - LISTINO: 04988
 [21/03/24] - [11"16'55] SCRITTA COPERTURA PER ARTICOLO: 014630 - FORNITORE: 01587 - LISTINO: 05422
 [21/03/24] - [11"16'55] SCRITTA COPERTURA PER ARTICOLO: 014640 - FORNITORE: 01587 - LISTINO: 05423
 [21/03/24] - [11"16'55] SCRITTA COPERTURA PER ARTICOLO: 014642 - FORNITORE: 01587 - LISTINO: 05422
 [21/03/24] - [11"16'55] SCRITTA COPERTURA PER ARTICOLO: 014646 - FORNITORE: 01587 - LISTINO: 05423
 [21/03/24] - [11"16'55] SCRITTA COPERTURA PER ARTICOLO: 014650 - FORNITORE: 01587 - LISTINO: 05422
 [21/03/24] - [11"16'55] SCRITTA COPERTURA PER ARTICOLO: 014651 - FORNITORE: 01587 - LISTINO: 05422
 [21/03/24] - [11"16'55] SCRITTA COPERTURA PER ARTICOLO: 014652 - FORNITORE: 01587 - LISTINO: 05422
 [21/03/24] - [11"16'55] SCRITTA COPERTURA PER ARTICOLO: 014655 - FORNITORE: 01587 - LISTINO: 05422
 [21/03/24] - [11"16'55] SCRITTA COPERTURA PER ARTICOLO: 014656 - FORNITORE: 01587 - LISTINO: 05422
 [21/03/24] - [11"16'55] SCRITTA COPERTURA PER ARTICOLO: 014711 - FORNITORE: 02266 - LISTINO: 04000
 [21/03/24] - [11"16'55] SCRITTA COPERTURA PER ARTICOLO: 014750 - FORNITORE: 02256 - LISTINO: 05280
 [21/03/24] - [11"16'55] SCRITTA COPERTURA PER ARTICOLO: 014756 - FORNITORE: 02256 - LISTINO: 05280
 [21/03/24] - [11"16'55] SCRITTA COPERTURA PER ARTICOLO: 014757 - FORNITORE: 02256 - LISTINO: 05280
 [21/03/24] - [11"16'55] SCRITTA COPERTURA PER ARTICOLO: 014758 - FORNITORE: 02256 - LISTINO: 05280
 [21/03/24] - [11"16'55] SCRITTA COPERTURA PER ARTICOLO: 014759 - FORNITORE: 02256 - LISTINO: 05280
 [21/03/24] - [11"16'55] SCRITTA COPERTURA PER ARTICOLO: 014760 - FORNITORE: 03007 - LISTINO: 05194
 [21/03/24] - [11"16'55] SCRITTA COPERTURA PER ARTICOLO: 014775 - FORNITORE: 02256 - LISTINO: 05280
 [21/03/24] - [11"16'55] SCRITTA COPERTURA PER ARTICOLO: 014788 - FORNITORE: 02266 - LISTINO: 04000
 [21/03/24] - [11"16'55] SCRITTA COPERTURA PER ARTICOLO: 014789 - FORNITORE: 02266 - LISTINO: 04000
 [21/03/24] - [11"16'55] SCRITTA COPERTURA PER ARTICOLO: 014803 - FORNITORE: 02256 - LISTINO: 05280
 [21/03/24] - [11"16'55] SCRITTA COPERTURA PER ARTICOLO: 014805 - FORNITORE: 02256 - LISTINO: 05280
 [21/03/24] - [11"16'55] SCRITTA COPERTURA PER ARTICOLO: 014807 - FORNITORE: 03030 - LISTINO: 05272
 [21/03/24] - [11"16'55] SCRITTA COPERTURA PER ARTICOLO: 014811 - FORNITORE: 02393 - LISTINO: 04415
 [21/03/24] - [11"16'55] SCRITTA COPERTURA PER ARTICOLO: 014812 - FORNITORE: 02256 - LISTINO: 05280
 [21/03/24] - [11"16'55] SCRITTA COPERTURA PER ARTICOLO: 014814 - FORNITORE: 02256 - LISTINO: 05280
 [21/03/24] - [11"16'55] SCRITTA COPERTURA PER ARTICOLO: 014821 - FORNITORE: 02256 - LISTINO: 05280
 [21/03/24] - [11"16'55] SCRITTA COPERTURA PER ARTICOLO: 014829 - FORNITORE: 02256 - LISTINO: 05280
 [21/03/24] - [11"16'55] SCRITTA COPERTURA PER ARTICOLO: 014830 - FORNITORE: 02256 - LISTINO: 05280
 [21/03/24] - [11"16'55] SCRITTA COPERTURA PER ARTICOLO: 014863 - FORNITORE: 03007 - LISTINO: 05194
 [21/03/24] - [11"16'55] SCRITTA COPERTURA PER ARTICOLO: 014980 - FORNITORE: 01056 - LISTINO: 05069
 [21/03/24] - [11"16'55] SCRITTA COPERTURA PER ARTICOLO: 015027 - FORNITORE: 00710 - LISTINO: 05467
 [21/03/24] - [11"16'55] SCRITTA COPERTURA PER ARTICOLO: 015063 - FORNITORE: 01690 - LISTINO: 05283
 [21/03/24] - [11"16'55] SCRITTA COPERTURA PER ARTICOLO: 015064 - FORNITORE: 01690 - LISTINO: 05283
 [21/03/24] - [11"16'55] SCRITTA COPERTURA PER ARTICOLO: 015065 - FORNITORE: 00407 - LISTINO: 05212
 [21/03/24] - [11"16'55] SCRITTA COPERTURA PER ARTICOLO: 015066 - FORNITORE: 00407 - LISTINO: 05212
 [21/03/24] - [11"16'55] SCRITTA COPERTURA PER ARTICOLO: 015161 - FORNITORE: 02558 - LISTINO: 04376
 [21/03/24] - [11"16'55] SCRITTA COPERTURA PER ARTICOLO: 015163 - FORNITORE: 02558 - LISTINO: 04376
 [21/03/24] - [11"16'55] SCRITTA COPERTURA PER ARTICOLO: 015164 - FORNITORE: 02558 - LISTINO: 04376
 [21/03/24] - [11"16'55] SCRITTA COPERTURA PER ARTICOLO: 015165 - FORNITORE: 02558 - LISTINO: 04376
 [21/03/24] - [11"16'55] SCRITTA COPERTURA PER ARTICOLO: 015166 - FORNITORE: 02558 - LISTINO: 04376
 [21/03/24] - [11"16'55] SCRITTA COPERTURA PER ARTICOLO: 015167 - FORNITORE: 02558 - LISTINO: 04376
 [21/03/24] - [11"16'55] SCRITTA COPERTURA PER ARTICOLO: 015203 - FORNITORE: 02076 - LISTINO: 04551
 [21/03/24] - [11"16'55] SCRITTA COPERTURA PER ARTICOLO: 015211 - FORNITORE: 01587 - LISTINO: 05423
 [21/03/24] - [11"16'55] SCRITTA COPERTURA PER ARTICOLO: 015243 - FORNITORE: 00710 - LISTINO: 05463
 [21/03/24] - [11"16'55] SCRITTA COPERTURA PER ARTICOLO: 015268 - FORNITORE: 02764 - LISTINO: 04470
 [21/03/24] - [11"16'55] SCRITTA COPERTURA PER ARTICOLO: 015275 - FORNITORE: 02256 - LISTINO: 05280
 [21/03/24] - [11"16'55] SCRITTA COPERTURA PER ARTICOLO: 015388 - FORNITORE: 02266 - LISTINO: 04000
 [21/03/24] - [11"16'55] SCRITTA COPERTURA PER ARTICOLO: 015454 - FORNITORE: 00197 - LISTINO: 04936
 [21/03/24] - [11"16'55] SCRITTA COPERTURA PER ARTICOLO: 015490 - FORNITORE: 02306 - LISTINO: 04107
 [21/03/24] - [11"16'55] SCRITTA COPERTURA PER ARTICOLO: 015492 - FORNITORE: 03007 - LISTINO: 05194
 [21/03/24] - [11"16'55] SCRITTA COPERTURA PER ARTICOLO: 015650 - FORNITORE: 02266 - LISTINO: 04000
 [21/03/24] - [11"16'55] SCRITTA COPERTURA PER ARTICOLO: 015651 - FORNITORE: 02266 - LISTINO: 04000
 [21/03/24] - [11"16'55] SCRITTA COPERTURA PER ARTICOLO: 015656 - FORNITORE: 02266 - LISTINO: 04000
 [21/03/24] - [11"16'55] SCRITTA COPERTURA PER ARTICOLO: 015657 - FORNITORE: 02266 - LISTINO: 04000
 [21/03/24] - [11"16'55] SCRITTA COPERTURA PER ARTICOLO: 015686 - FORNITORE: 02264 - LISTINO: 04610
 [21/03/24] - [11"16'55] SCRITTA COPERTURA PER ARTICOLO: 015687 - FORNITORE: 02264 - LISTINO: 04610
 [21/03/24] - [11"16'55] SCRITTA COPERTURA PER ARTICOLO: 015690 - FORNITORE: 02264 - LISTINO: 04610
 [21/03/24] - [11"16'55] SCRITTA COPERTURA PER ARTICOLO: 015694 - FORNITORE: 02264 - LISTINO: 04610
 [21/03/24] - [11"16'55] SCRITTA COPERTURA PER ARTICOLO: 015696 - FORNITORE: 02264 - LISTINO: 04610
 [21/03/24] - [11"16'55] SCRITTA COPERTURA PER ARTICOLO: 015697 - FORNITORE: 02264 - LISTINO: 04610
 [21/03/24] - [11"16'55] SCRITTA COPERTURA PER ARTICOLO: 015917 - FORNITORE: 02655 - LISTINO: 05383
 [21/03/24] - [11"16'55] SCRITTA COPERTURA PER ARTICOLO: 016147 - FORNITORE: 02015 - LISTINO: 05085
 [21/03/24] - [11"16'55] SCRITTA COPERTURA PER ARTICOLO: 016246 - FORNITORE: 02266 - LISTINO: 04000
 [21/03/24] - [11"16'55] SCRITTA COPERTURA PER ARTICOLO: 016263 - FORNITORE: 00128 - LISTINO: 05198
 [21/03/24] - [11"16'55] SCRITTA COPERTURA PER ARTICOLO: 016264 - FORNITORE: 00128 - LISTINO: 05198
 [21/03/24] - [11"16'55] SCRITTA COPERTURA PER ARTICOLO: 016265 - FORNITORE: 00128 - LISTINO: 05198
 [21/03/24] - [11"16'55] SCRITTA COPERTURA PER ARTICOLO: 016312 - FORNITORE: 01690 - LISTINO: 05283
 [21/03/24] - [11"16'55] SCRITTA COPERTURA PER ARTICOLO: 016314 - FORNITORE: 01690 - LISTINO: 05283
 [21/03/24] - [11"16'55] SCRITTA COPERTURA PER ARTICOLO: 016447 - FORNITORE: 02266 - LISTINO: 04000
 [21/03/24] - [11"16'55] SCRITTA COPERTURA PER ARTICOLO: 016476 - FORNITORE: 00128 - LISTINO: 05046
 [21/03/24] - [11"16'55] SCRITTA COPERTURA PER ARTICOLO: 016477 - FORNITORE: 00128 - LISTINO: 05046
 [21/03/24] - [11"16'55] SCRITTA COPERTURA PER ARTICOLO: 016618 - FORNITORE: 00128 - LISTINO: 05197
 [21/03/24] - [11"16'55] SCRITTA COPERTURA PER ARTICOLO: 016619 - FORNITORE: 00128 - LISTINO: 05197
 [21/03/24] - [11"16'55] SCRITTA COPERTURA PER ARTICOLO: 016620 - FORNITORE: 00128 - LISTINO: 05197
 [21/03/24] - [11"16'55] SCRITTA COPERTURA PER ARTICOLO: 016621 - FORNITORE: 00128 - LISTINO: 05197
 [21/03/24] - [11"16'55] SCRITTA COPERTURA PER ARTICOLO: 016623 - FORNITORE: 00128 - LISTINO: 05197
 [21/03/24] - [11"16'55] SCRITTA COPERTURA PER ARTICOLO: 016627 - FORNITORE: 00128 - LISTINO: 05197
 [21/03/24] - [11"16'55] SCRITTA COPERTURA PER ARTICOLO: 016655 - FORNITORE: 00048 - LISTINO: 05322
 [21/03/24] - [11"16'55] SCRITTA COPERTURA PER ARTICOLO: 016834 - FORNITORE: 00734 - LISTINO: 05410
 [21/03/24] - [11"16'55] SCRITTA COPERTURA PER ARTICOLO: 016835 - FORNITORE: 00734 - LISTINO: 05410
 [21/03/24] - [11"16'55] SCRITTA COPERTURA PER ARTICOLO: 017013 - FORNITORE: 01690 - LISTINO: 05286
 [21/03/24] - [11"16'55] SCRITTA COPERTURA PER ARTICOLO: 017097 - FORNITORE: 01690 - LISTINO: 05286
 [21/03/24] - [11"16'55] SCRITTA COPERTURA PER ARTICOLO: 017317 - FORNITORE: 01587 - LISTINO: 05422
 [21/03/24] - [11"16'55] SCRITTA COPERTURA PER ARTICOLO: 017390 - FORNITORE: 01143 - LISTINO: 05448
 [21/03/24] - [11"16'55] SCRITTA COPERTURA PER ARTICOLO: 018174 - FORNITORE: 00710 - LISTINO: 05462
 [21/03/24] - [11"16'55] SCRITTA COPERTURA PER ARTICOLO: 018321 - FORNITORE: 02201 - LISTINO: 04880
 [21/03/24] - [11"16'55] SCRITTA COPERTURA PER ARTICOLO: 018504 - FORNITORE: 02201 - LISTINO: 04880
 [21/03/24] - [11"16'55] SCRITTA COPERTURA PER ARTICOLO: 018506 - FORNITORE: 02201 - LISTINO: 04880
 [21/03/24] - [11"16'55] SCRITTA COPERTURA PER ARTICOLO: 018507 - FORNITORE: 02201 - LISTINO: 04880
 [21/03/24] - [11"16'55] SCRITTA COPERTURA PER ARTICOLO: 018508 - FORNITORE: 02201 - LISTINO: 04880
 [21/03/24] - [11"16'55] SCRITTA COPERTURA PER ARTICOLO: 018509 - FORNITORE: 02201 - LISTINO: 04880
 [21/03/24] - [11"16'55] SCRITTA COPERTURA PER ARTICOLO: 018679 - FORNITORE: 01690 - LISTINO: 05286
 [21/03/24] - [11"16'55] SCRITTA COPERTURA PER ARTICOLO: 018680 - FORNITORE: 01690 - LISTINO: 05286
 [21/03/24] - [11"16'55] SCRITTA COPERTURA PER ARTICOLO: 020393 - FORNITORE: 01690 - LISTINO: 05294
 [21/03/24] - [11"16'55] SCRITTA COPERTURA PER ARTICOLO: 021485 - FORNITORE: 01690 - LISTINO: 05284
 [21/03/24] - [11"16'55] SCRITTA COPERTURA PER ARTICOLO: 021491 - FORNITORE: 01690 - LISTINO: 05284
 [21/03/24] - [11"16'55] SCRITTA COPERTURA PER ARTICOLO: 021492 - FORNITORE: 01690 - LISTINO: 05284
 [21/03/24] - [11"16'55] SCRITTA COPERTURA PER ARTICOLO: 021494 - FORNITORE: 01690 - LISTINO: 05284
 [21/03/24] - [11"16'55] SCRITTA COPERTURA PER ARTICOLO: 021495 - FORNITORE: 01690 - LISTINO: 05284
 [21/03/24] - [11"16'55] SCRITTA COPERTURA PER ARTICOLO: 021496 - FORNITORE: 01690 - LISTINO: 05284
 [21/03/24] - [11"16'55] SCRITTA COPERTURA PER ARTICOLO: 021513 - FORNITORE: 03034 - LISTINO: 05478
 [21/03/24] - [11"16'55] SCRITTA COPERTURA PER ARTICOLO: 021519 - FORNITORE: 01587 - LISTINO: 05422
 [21/03/24] - [11"16'55] SCRITTA COPERTURA PER ARTICOLO: 021524 - FORNITORE: 01587 - LISTINO: 05422
 [21/03/24] - [11"16'55] SCRITTA COPERTURA PER ARTICOLO: 021538 - FORNITORE: 01587 - LISTINO: 05422
 [21/03/24] - [11"16'55] SCRITTA COPERTURA PER ARTICOLO: 021579 - FORNITORE: 01690 - LISTINO: 05283
 [21/03/24] - [11"16'55] SCRITTA COPERTURA PER ARTICOLO: 021630 - FORNITORE: 01587 - LISTINO: 05422
 [21/03/24] - [11"16'55] SCRITTA COPERTURA PER ARTICOLO: 021639 - FORNITORE: 00438 - LISTINO: 05063
 [21/03/24] - [11"16'55] SCRITTA COPERTURA PER ARTICOLO: 021669 - FORNITORE: 01587 - LISTINO: 05423
 [21/03/24] - [11"16'55] SCRITTA COPERTURA PER ARTICOLO: 021702 - FORNITORE: 00407 - LISTINO: 05212
 [21/03/24] - [11"16'55] SCRITTA COPERTURA PER ARTICOLO: 021704 - FORNITORE: 00407 - LISTINO: 05212
 [21/03/24] - [11"16'55] SCRITTA COPERTURA PER ARTICOLO: 021705 - FORNITORE: 00407 - LISTINO: 05212
 [21/03/24] - [11"16'55] SCRITTA COPERTURA PER ARTICOLO: 021714 - FORNITORE: 00460 - LISTINO: 05155
 [21/03/24] - [11"16'55] SCRITTA COPERTURA PER ARTICOLO: 021745 - FORNITORE: 02650 - LISTINO: 05480
 [21/03/24] - [11"16'55] SCRITTA COPERTURA PER ARTICOLO: 021939 - FORNITORE: 01587 - LISTINO: 05422
 [21/03/24] - [11"16'55] SCRITTA COPERTURA PER ARTICOLO: 022020 - FORNITORE: 02256 - LISTINO: 05280
 [21/03/24] - [11"16'55] SCRITTA COPERTURA PER ARTICOLO: 022028 - FORNITORE: 03007 - LISTINO: 05194
 [21/03/24] - [11"16'55] SCRITTA COPERTURA PER ARTICOLO: 022037 - FORNITORE: 01690 - LISTINO: 05284
 [21/03/24] - [11"16'55] SCRITTA COPERTURA PER ARTICOLO: 022038 - FORNITORE: 01690 - LISTINO: 05284
 [21/03/24] - [11"16'55] SCRITTA COPERTURA PER ARTICOLO: 022039 - FORNITORE: 01690 - LISTINO: 05284
 [21/03/24] - [11"16'55] SCRITTA COPERTURA PER ARTICOLO: 022237 - FORNITORE: 00710 - LISTINO: 05463
 [21/03/24] - [11"16'55] SCRITTA COPERTURA PER ARTICOLO: 022238 - FORNITORE: 00710 - LISTINO: 05463
 [21/03/24] - [11"16'55] SCRITTA COPERTURA PER ARTICOLO: 022239 - FORNITORE: 00710 - LISTINO: 05463
 [21/03/24] - [11"16'55] SCRITTA COPERTURA PER ARTICOLO: 022242 - FORNITORE: 00710 - LISTINO: 05463
 [21/03/24] - [11"16'55] SCRITTA COPERTURA PER ARTICOLO: 022258 - FORNITORE: 00710 - LISTINO: 05463
 [21/03/24] - [11"16'55] SCRITTA COPERTURA PER ARTICOLO: 022266 - FORNITORE: 00710 - LISTINO: 05463
 [21/03/24] - [11"16'55] SCRITTA COPERTURA PER ARTICOLO: 022304 - FORNITORE: 01690 - LISTINO: 05284
 [21/03/24] - [11"16'55] SCRITTA COPERTURA PER ARTICOLO: 022306 - FORNITORE: 01690 - LISTINO: 05284
 [21/03/24] - [11"16'55] SCRITTA COPERTURA PER ARTICOLO: 022307 - FORNITORE: 01690 - LISTINO: 05284
 [21/03/24] - [11"16'55] SCRITTA COPERTURA PER ARTICOLO: 022308 - FORNITORE: 01690 - LISTINO: 05284
 [21/03/24] - [11"16'55] SCRITTA COPERTURA PER ARTICOLO: 022309 - FORNITORE: 01690 - LISTINO: 05284
 [21/03/24] - [11"16'55] SCRITTA COPERTURA PER ARTICOLO: 022314 - FORNITORE: 01690 - LISTINO: 05284
 [21/03/24] - [11"16'55] SCRITTA COPERTURA PER ARTICOLO: 022315 - FORNITORE: 01690 - LISTINO: 05284
 [21/03/24] - [11"16'55] SCRITTA COPERTURA PER ARTICOLO: 022316 - FORNITORE: 01690 - LISTINO: 05284
 [21/03/24] - [11"16'55] SCRITTA COPERTURA PER ARTICOLO: 022336 - FORNITORE: 00710 - LISTINO: 05460
 [21/03/24] - [11"16'55] SCRITTA COPERTURA PER ARTICOLO: 022344 - FORNITORE: 02897 - LISTINO: 05469
 [21/03/24] - [11"16'55] SCRITTA COPERTURA PER ARTICOLO: 022374 - FORNITORE: 01587 - LISTINO: 05422
 [21/03/24] - [11"16'55] SCRITTA COPERTURA PER ARTICOLO: 022402 - FORNITORE: 00128 - LISTINO: 05197
 [21/03/24] - [11"16'55] SCRITTA COPERTURA PER ARTICOLO: 022404 - FORNITORE: 00128 - LISTINO: 05197
 [21/03/24] - [11"16'55] SCRITTA COPERTURA PER ARTICOLO: 022408 - FORNITORE: 00128 - LISTINO: 05197
 [21/03/24] - [11"16'55] SCRITTA COPERTURA PER ARTICOLO: 022439 - FORNITORE: 01208 - LISTINO: 05392
 [21/03/24] - [11"16'55] SCRITTA COPERTURA PER ARTICOLO: 022486 - FORNITORE: 02256 - LISTINO: 05280
 [21/03/24] - [11"16'55] SCRITTA COPERTURA PER ARTICOLO: 022523 - FORNITORE: 00128 - LISTINO: 05197
 [21/03/24] - [11"16'55] SCRITTA COPERTURA PER ARTICOLO: 022540 - FORNITORE: 00710 - LISTINO: 05463
 [21/03/24] - [11"16'55] SCRITTA COPERTURA PER ARTICOLO: 022541 - FORNITORE: 01587 - LISTINO: 05422
 [21/03/24] - [11"16'55] SCRITTA COPERTURA PER ARTICOLO: 022581 - FORNITORE: 00690 - LISTINO: 05443
 [21/03/24] - [11"16'55] SCRITTA COPERTURA PER ARTICOLO: 023174 - FORNITORE: 02201 - LISTINO: 04880
 [21/03/24] - [11"16'55] SCRITTA COPERTURA PER ARTICOLO: 024597 - FORNITORE: 02201 - LISTINO: 04880
 [21/03/24] - [11"16'55] SCRITTA COPERTURA PER ARTICOLO: 026596 - FORNITORE: 01208 - LISTINO: 05392
 [21/03/24] - [11"16'55] SCRITTA COPERTURA PER ARTICOLO: 026709 - FORNITORE: 01143 - LISTINO: 05477
 [21/03/24] - [11"16'55] SCRITTA COPERTURA PER ARTICOLO: 026724 - FORNITORE: 02709 - LISTINO: 04625
 [21/03/24] - [11"16'55] SCRITTA COPERTURA PER ARTICOLO: 026735 - FORNITORE: 02467 - LISTINO: 05387
 [21/03/24] - [11"16'55] SCRITTA COPERTURA PER ARTICOLO: 026742 - FORNITORE: 00690 - LISTINO: 05447
 [21/03/24] - [11"16'55] SCRITTA COPERTURA PER ARTICOLO: 026749 - FORNITORE: 00690 - LISTINO: 05447
 [21/03/24] - [11"16'55] SCRITTA COPERTURA PER ARTICOLO: 026757 - FORNITORE: 01143 - LISTINO: 05477
 [21/03/24] - [11"16'55] SCRITTA COPERTURA PER ARTICOLO: 026759 - FORNITORE: 00431 - LISTINO: 05442
 [21/03/24] - [11"16'55] SCRITTA COPERTURA PER ARTICOLO: 026761 - FORNITORE: 02467 - LISTINO: 05387
 [21/03/24] - [11"16'55] SCRITTA COPERTURA PER ARTICOLO: 026764 - FORNITORE: 00690 - LISTINO: 05447
 [21/03/24] - [11"16'55] SCRITTA COPERTURA PER ARTICOLO: 026765 - FORNITORE: 01237 - LISTINO: 05290
 [21/03/24] - [11"16'55] SCRITTA COPERTURA PER ARTICOLO: 026767 - FORNITORE: 00690 - LISTINO: 05447
 [21/03/24] - [11"16'55] SCRITTA COPERTURA PER ARTICOLO: 026771 - FORNITORE: 00051 - LISTINO: 04555
 [21/03/24] - [11"16'55] SCRITTA COPERTURA PER ARTICOLO: 026784 - FORNITORE: 01143 - LISTINO: 05477
 [21/03/24] - [11"16'55] SCRITTA COPERTURA PER ARTICOLO: 026794 - FORNITORE: 01690 - LISTINO: 05294
 [21/03/24] - [11"16'55] SCRITTA COPERTURA PER ARTICOLO: 026796 - FORNITORE: 01690 - LISTINO: 05294
 [21/03/24] - [11"16'55] SCRITTA COPERTURA PER ARTICOLO: 026798 - FORNITORE: 01690 - LISTINO: 05294
 [21/03/24] - [11"16'55] SCRITTA COPERTURA PER ARTICOLO: 026799 - FORNITORE: 01690 - LISTINO: 05294
 [21/03/24] - [11"16'55] SCRITTA COPERTURA PER ARTICOLO: 026800 - FORNITORE: 01690 - LISTINO: 05294
 [21/03/24] - [11"16'55] SCRITTA COPERTURA PER ARTICOLO: 026804 - FORNITORE: 01690 - LISTINO: 05294
 [21/03/24] - [11"16'55] SCRITTA COPERTURA PER ARTICOLO: 026806 - FORNITORE: 00407 - LISTINO: 05212
 [21/03/24] - [11"16'55] SCRITTA COPERTURA PER ARTICOLO: 026808 - FORNITORE: 00407 - LISTINO: 05212
 [21/03/24] - [11"16'55] SCRITTA COPERTURA PER ARTICOLO: 026809 - FORNITORE: 00407 - LISTINO: 05212
 [21/03/24] - [11"16'55] SCRITTA COPERTURA PER ARTICOLO: 026810 - FORNITORE: 02764 - LISTINO: 04667
 [21/03/24] - [11"16'55] SCRITTA COPERTURA PER ARTICOLO: 026812 - FORNITORE: 00407 - LISTINO: 05212
 [21/03/24] - [11"16'55] SCRITTA COPERTURA PER ARTICOLO: 026813 - FORNITORE: 00407 - LISTINO: 05212
 [21/03/24] - [11"16'55] SCRITTA COPERTURA PER ARTICOLO: 026814 - FORNITORE: 02656 - LISTINO: 05094
 [21/03/24] - [11"16'55] SCRITTA COPERTURA PER ARTICOLO: 026849 - FORNITORE: 00710 - LISTINO: 05463
 [21/03/24] - [11"16'55] SCRITTA COPERTURA PER ARTICOLO: 026850 - FORNITORE: 00710 - LISTINO: 05463
 [21/03/24] - [11"16'55] SCRITTA COPERTURA PER ARTICOLO: 026852 - FORNITORE: 00710 - LISTINO: 05463
 [21/03/24] - [11"16'55] SCRITTA COPERTURA PER ARTICOLO: 026855 - FORNITORE: 01690 - LISTINO: 05294
 [21/03/24] - [11"16'55] SCRITTA COPERTURA PER ARTICOLO: 026858 - FORNITORE: 01143 - LISTINO: 05477
 [21/03/24] - [11"16'55] SCRITTA COPERTURA PER ARTICOLO: 026868 - FORNITORE: 02764 - LISTINO: 04667
 [21/03/24] - [11"16'55] SCRITTA COPERTURA PER ARTICOLO: 026955 - FORNITORE: 01690 - LISTINO: 05286
 [21/03/24] - [11"16'55] SCRITTA COPERTURA PER ARTICOLO: 026963 - FORNITORE: 00690 - LISTINO: 05447
 [21/03/24] - [11"16'55] SCRITTA COPERTURA PER ARTICOLO: 026970 - FORNITORE: 02201 - LISTINO: 04880
 [21/03/24] - [11"16'55] SCRITTA COPERTURA PER ARTICOLO: 026971 - FORNITORE: 02201 - LISTINO: 04880
 [21/03/24] - [11"16'55] SCRITTA COPERTURA PER ARTICOLO: 026975 - FORNITORE: 02201 - LISTINO: 04880
 [21/03/24] - [11"16'55] SCRITTA COPERTURA PER ARTICOLO: 026982 - FORNITORE: 02201 - LISTINO: 04880
 [21/03/24] - [11"16'55] SCRITTA COPERTURA PER ARTICOLO: 026984 - FORNITORE: 02201 - LISTINO: 04880
 [21/03/24] - [11"16'55] SCRITTA COPERTURA PER ARTICOLO: 026986 - FORNITORE: 02201 - LISTINO: 04880
 [21/03/24] - [11"16'55] SCRITTA COPERTURA PER ARTICOLO: 026996 - FORNITORE: 01587 - LISTINO: 05422
 [21/03/24] - [11"16'55] SCRITTA COPERTURA PER ARTICOLO: 027258 - FORNITORE: 00431 - LISTINO: 05437
 [21/03/24] - [11"16'55] SCRITTA COPERTURA PER ARTICOLO: 027260 - FORNITORE: 00431 - LISTINO: 05437
 [21/03/24] - [11"16'55] SCRITTA COPERTURA PER ARTICOLO: 027262 - FORNITORE: 00431 - LISTINO: 05437
 [21/03/24] - [11"16'55] SCRITTA COPERTURA PER ARTICOLO: 027277 - FORNITORE: 01983 - LISTINO: 03623
 [21/03/24] - [11"16'55] SCRITTA COPERTURA PER ARTICOLO: 027433 - FORNITORE: 01208 - LISTINO: 05392
 [21/03/24] - [11"16'55] SCRITTA COPERTURA PER ARTICOLO: 027472 - FORNITORE: 02201 - LISTINO: 04880
 [21/03/24] - [11"16'55] SCRITTA COPERTURA PER ARTICOLO: 029344 - FORNITORE: 00431 - LISTINO: 05456
 [21/03/24] - [11"16'55] SCRITTA COPERTURA PER ARTICOLO: 029372 - FORNITORE: 00431 - LISTINO: 05454
 [21/03/24] - [11"16'55] SCRITTA COPERTURA PER ARTICOLO: 029377 - FORNITORE: 00431 - LISTINO: 05442
 [21/03/24] - [11"16'55] SCRITTA COPERTURA PER ARTICOLO: 029453 - FORNITORE: 02201 - LISTINO: 04880
 [21/03/24] - [11"16'55] SCRITTA COPERTURA PER ARTICOLO: 029454 - FORNITORE: 02201 - LISTINO: 04880
 [21/03/24] - [11"16'55] SCRITTA COPERTURA PER ARTICOLO: 029455 - FORNITORE: 02201 - LISTINO: 04880
 [21/03/24] - [11"16'55] SCRITTA COPERTURA PER ARTICOLO: 029456 - FORNITORE: 02201 - LISTINO: 04880
 [21/03/24] - [11"16'55] SCRITTA COPERTURA PER ARTICOLO: 029457 - FORNITORE: 02201 - LISTINO: 04880
 [21/03/24] - [11"16'55] SCRITTA COPERTURA PER ARTICOLO: 029458 - FORNITORE: 02201 - LISTINO: 04880
 [21/03/24] - [11"16'55] SCRITTA COPERTURA PER ARTICOLO: 029459 - FORNITORE: 02201 - LISTINO: 04880
 [21/03/24] - [11"16'55] SCRITTA COPERTURA PER ARTICOLO: 029460 - FORNITORE: 02201 - LISTINO: 04880
 [21/03/24] - [11"16'55] SCRITTA COPERTURA PER ARTICOLO: 029514 - FORNITORE: 01208 - LISTINO: 05392
 [21/03/24] - [11"16'55] SCRITTA COPERTURA PER ARTICOLO: 029521 - FORNITORE: 01208 - LISTINO: 05392
 [21/03/24] - [11"16'55] SCRITTA COPERTURA PER ARTICOLO: 029537 - FORNITORE: 01208 - LISTINO: 05392
 [21/03/24] - [11"16'55] SCRITTA COPERTURA PER ARTICOLO: 029556 - FORNITORE: 01923 - LISTINO: 05239
 [21/03/24] - [11"16'55] SCRITTA COPERTURA PER ARTICOLO: 029560 - FORNITORE: 01923 - LISTINO: 05239
 [21/03/24] - [11"16'55] SCRITTA COPERTURA PER ARTICOLO: 029563 - FORNITORE: 01923 - LISTINO: 05474
 [21/03/24] - [11"16'55] SCRITTA COPERTURA PER ARTICOLO: 029573 - FORNITORE: 01923 - LISTINO: 05474
 [21/03/24] - [11"16'55] SCRITTA COPERTURA PER ARTICOLO: 029585 - FORNITORE: 01856 - LISTINO: 04776
 [21/03/24] - [11"16'55] SCRITTA COPERTURA PER ARTICOLO: 029586 - FORNITORE: 01856 - LISTINO: 04776
 [21/03/24] - [11"16'55] SCRITTA COPERTURA PER ARTICOLO: 029590 - FORNITORE: 01856 - LISTINO: 04776
 [21/03/24] - [11"16'55] SCRITTA COPERTURA PER ARTICOLO: 029591 - FORNITORE: 01856 - LISTINO: 04776
 [21/03/24] - [11"16'55] SCRITTA COPERTURA PER ARTICOLO: 029672 - FORNITORE: 00431 - LISTINO: 05442
 [21/03/24] - [11"16'55] SCRITTA COPERTURA PER ARTICOLO: 029673 - FORNITORE: 00431 - LISTINO: 05442
 [21/03/24] - [11"16'55] SCRITTA COPERTURA PER ARTICOLO: 029674 - FORNITORE: 00431 - LISTINO: 05442
 [21/03/24] - [11"16'55] SCRITTA COPERTURA PER ARTICOLO: 029675 - FORNITORE: 00431 - LISTINO: 05442
 [21/03/24] - [11"16'55] SCRITTA COPERTURA PER ARTICOLO: 029706 - FORNITORE: 01143 - LISTINO: 05477
 [21/03/24] - [11"16'55] SCRITTA COPERTURA PER ARTICOLO: 029722 - FORNITORE: 02839 - LISTINO: 05453
 [21/03/24] - [11"16'55] SCRITTA COPERTURA PER ARTICOLO: 029723 - FORNITORE: 02839 - LISTINO: 05453
 [21/03/24] - [11"16'55] SCRITTA COPERTURA PER ARTICOLO: 029724 - FORNITORE: 02839 - LISTINO: 05453
 [21/03/24] - [11"16'55] SCRITTA COPERTURA PER ARTICOLO: 029725 - FORNITORE: 02839 - LISTINO: 05453
 [21/03/24] - [11"16'55] SCRITTA COPERTURA PER ARTICOLO: 029728 - FORNITORE: 01690 - LISTINO: 05294
 [21/03/24] - [11"16'55] SCRITTA COPERTURA PER ARTICOLO: 029729 - FORNITORE: 01690 - LISTINO: 05294
 [21/03/24] - [11"16'55] SCRITTA COPERTURA PER ARTICOLO: 029733 - FORNITORE: 00128 - LISTINO: 05199
 [21/03/24] - [11"16'55] SCRITTA COPERTURA PER ARTICOLO: 029735 - FORNITORE: 00128 - LISTINO: 05199
 [21/03/24] - [11"16'55] SCRITTA COPERTURA PER ARTICOLO: 029736 - FORNITORE: 00128 - LISTINO: 05199
 [21/03/24] - [11"16'55] SCRITTA COPERTURA PER ARTICOLO: 029737 - FORNITORE: 00128 - LISTINO: 05199
 [21/03/24] - [11"16'55] SCRITTA COPERTURA PER ARTICOLO: 029738 - FORNITORE: 00128 - LISTINO: 05199
 [21/03/24] - [11"16'55] SCRITTA COPERTURA PER ARTICOLO: 029739 - FORNITORE: 00128 - LISTINO: 05199
 [21/03/24] - [11"16'55] SCRITTA COPERTURA PER ARTICOLO: 029746 - FORNITORE: 00128 - LISTINO: 05199
 [21/03/24] - [11"16'55] SCRITTA COPERTURA PER ARTICOLO: 029747 - FORNITORE: 00128 - LISTINO: 05199
 [21/03/24] - [11"16'55] SCRITTA COPERTURA PER ARTICOLO: 029748 - FORNITORE: 00128 - LISTINO: 05199
 [21/03/24] - [11"16'55] SCRITTA COPERTURA PER ARTICOLO: 029749 - FORNITORE: 00128 - LISTINO: 05199
 [21/03/24] - [11"16'55] SCRITTA COPERTURA PER ARTICOLO: 029750 - FORNITORE: 00128 - LISTINO: 05199
 [21/03/24] - [11"16'55] SCRITTA COPERTURA PER ARTICOLO: 029751 - FORNITORE: 00128 - LISTINO: 05199
 [21/03/24] - [11"16'55] SCRITTA COPERTURA PER ARTICOLO: 029752 - FORNITORE: 00128 - LISTINO: 05199
 [21/03/24] - [11"16'55] SCRITTA COPERTURA PER ARTICOLO: 029753 - FORNITORE: 00128 - LISTINO: 05199
 [21/03/24] - [11"16'55] SCRITTA COPERTURA PER ARTICOLO: 029755 - FORNITORE: 00128 - LISTINO: 05199
 [21/03/24] - [11"16'55] SCRITTA COPERTURA PER ARTICOLO: 029762 - FORNITORE: 00128 - LISTINO: 05199
 [21/03/24] - [11"16'55] SCRITTA COPERTURA PER ARTICOLO: 029763 - FORNITORE: 00128 - LISTINO: 05199
 [21/03/24] - [11"16'55] SCRITTA COPERTURA PER ARTICOLO: 029765 - FORNITORE: 00128 - LISTINO: 05199
 [21/03/24] - [11"16'55] SCRITTA COPERTURA PER ARTICOLO: 029769 - FORNITORE: 00128 - LISTINO: 05199
 [21/03/24] - [11"16'55] SCRITTA COPERTURA PER ARTICOLO: 029770 - FORNITORE: 00128 - LISTINO: 05199
 [21/03/24] - [11"16'55] SCRITTA COPERTURA PER ARTICOLO: 029771 - FORNITORE: 00128 - LISTINO: 05199
 [21/03/24] - [11"16'55] SCRITTA COPERTURA PER ARTICOLO: 029772 - FORNITORE: 00128 - LISTINO: 05199
 [21/03/24] - [11"16'55] SCRITTA COPERTURA PER ARTICOLO: 031249 - FORNITORE: 00734 - LISTINO: 05411
 [21/03/24] - [11"16'55] SCRITTA COPERTURA PER ARTICOLO: 031250 - FORNITORE: 00734 - LISTINO: 05411
 [21/03/24] - [11"16'55] SCRITTA COPERTURA PER ARTICOLO: 031251 - FORNITORE: 00734 - LISTINO: 05411
 [21/03/24] - [11"16'55] SCRITTA COPERTURA PER ARTICOLO: 031254 - FORNITORE: 00051 - LISTINO: 04555
 [21/03/24] - [11"16'55] SCRITTA COPERTURA PER ARTICOLO: 031259 - FORNITORE: 00128 - LISTINO: 04564
 [21/03/24] - [11"16'55] SCRITTA COPERTURA PER ARTICOLO: 031376 - FORNITORE: 00128 - LISTINO: 05200
 [21/03/24] - [11"16'55] SCRITTA COPERTURA PER ARTICOLO: 031378 - FORNITORE: 00128 - LISTINO: 05200
 [21/03/24] - [11"16'55] SCRITTA COPERTURA PER ARTICOLO: 031611 - FORNITORE: 02763 - LISTINO: 05375
 [21/03/24] - [11"16'55] SCRITTA COPERTURA PER ARTICOLO: 031706 - FORNITORE: 00431 - LISTINO: 05456
 [21/03/24] - [11"16'55] SCRITTA COPERTURA PER ARTICOLO: 031711 - FORNITORE: 00431 - LISTINO: 05456
 [21/03/24] - [11"16'55] SCRITTA COPERTURA PER ARTICOLO: 031712 - FORNITORE: 00431 - LISTINO: 05456
 [21/03/24] - [11"16'55] SCRITTA COPERTURA PER ARTICOLO: 031714 - FORNITORE: 00431 - LISTINO: 05456
 [21/03/24] - [11"16'55] SCRITTA COPERTURA PER ARTICOLO: 031723 - FORNITORE: 01690 - LISTINO: 05288
 [21/03/24] - [11"16'55] SCRITTA COPERTURA PER ARTICOLO: 031727 - FORNITORE: 01923 - LISTINO: 05475
 [21/03/24] - [11"16'55] SCRITTA COPERTURA PER ARTICOLO: 031728 - FORNITORE: 01923 - LISTINO: 05475
 [21/03/24] - [11"16'55] SCRITTA COPERTURA PER ARTICOLO: 031729 - FORNITORE: 01690 - LISTINO: 05288
 [21/03/24] - [11"16'55] SCRITTA COPERTURA PER ARTICOLO: 031731 - FORNITORE: 01690 - LISTINO: 05288
 [21/03/24] - [11"16'55] SCRITTA COPERTURA PER ARTICOLO: 031733 - FORNITORE: 01690 - LISTINO: 05288
 [21/03/24] - [11"16'55] SCRITTA COPERTURA PER ARTICOLO: 031797 - FORNITORE: 01143 - LISTINO: 05477
 [21/03/24] - [11"16'55] SCRITTA COPERTURA PER ARTICOLO: 031817 - FORNITORE: 00710 - LISTINO: 05463
 [21/03/24] - [11"16'55] SCRITTA COPERTURA PER ARTICOLO: 032290 - FORNITORE: 00710 - LISTINO: 05463
 [21/03/24] - [11"16'55] SCRITTA COPERTURA PER ARTICOLO: 032291 - FORNITORE: 00710 - LISTINO: 05463
 [21/03/24] - [11"16'55] SCRITTA COPERTURA PER ARTICOLO: 032294 - FORNITORE: 00710 - LISTINO: 05463
 [21/03/24] - [11"16'55] SCRITTA COPERTURA PER ARTICOLO: 032295 - FORNITORE: 00710 - LISTINO: 05463
 [21/03/24] - [11"16'55] SCRITTA COPERTURA PER ARTICOLO: 032327 - FORNITORE: 02015 - LISTINO: 05101
 [21/03/24] - [11"16'55] SCRITTA COPERTURA PER ARTICOLO: 032328 - FORNITORE: 00407 - LISTINO: 05212
 [21/03/24] - [11"16'55] SCRITTA COPERTURA PER ARTICOLO: 032390 - FORNITORE: 01923 - LISTINO: 05475
 [21/03/24] - [11"16'55] SCRITTA COPERTURA PER ARTICOLO: 032391 - FORNITORE: 01923 - LISTINO: 05475
 [21/03/24] - [11"16'55] SCRITTA COPERTURA PER ARTICOLO: 032393 - FORNITORE: 01923 - LISTINO: 05475
 [21/03/24] - [11"16'55] SCRITTA COPERTURA PER ARTICOLO: 032395 - FORNITORE: 01923 - LISTINO: 05475
 [21/03/24] - [11"16'55] SCRITTA COPERTURA PER ARTICOLO: 032396 - FORNITORE: 01923 - LISTINO: 05475
 [21/03/24] - [11"16'55] SCRITTA COPERTURA PER ARTICOLO: 032401 - FORNITORE: 01690 - LISTINO: 05284
 [21/03/24] - [11"16'55] SCRITTA COPERTURA PER ARTICOLO: 032402 - FORNITORE: 01690 - LISTINO: 05288
 [21/03/24] - [11"16'55] SCRITTA COPERTURA PER ARTICOLO: 032443 - FORNITORE: 00063 - LISTINO: 05430
 [21/03/24] - [11"16'55] SCRITTA COPERTURA PER ARTICOLO: 032873 - FORNITORE: 00431 - LISTINO: 05471
 [21/03/24] - [11"16'55] SCRITTA COPERTURA PER ARTICOLO: 032874 - FORNITORE: 00431 - LISTINO: 05471
 [21/03/24] - [11"16'55] SCRITTA COPERTURA PER ARTICOLO: 032875 - FORNITORE: 00431 - LISTINO: 05471
 [21/03/24] - [11"16'55] SCRITTA COPERTURA PER ARTICOLO: 032877 - FORNITORE: 00431 - LISTINO: 05446
 [21/03/24] - [11"16'55] SCRITTA COPERTURA PER ARTICOLO: 032883 - FORNITORE: 01587 - LISTINO: 05422
 [21/03/24] - [11"16'55] SCRITTA COPERTURA PER ARTICOLO: 032886 - FORNITORE: 00431 - LISTINO: 05471
 [21/03/24] - [11"16'55] SCRITTA COPERTURA PER ARTICOLO: 032988 - FORNITORE: 01587 - LISTINO: 05422
 [21/03/24] - [11"16'55] SCRITTA COPERTURA PER ARTICOLO: 032990 - FORNITORE: 00039 - LISTINO: 03275
 [21/03/24] - [11"16'55] SCRITTA COPERTURA PER ARTICOLO: 033034 - FORNITORE: 02201 - LISTINO: 04880
 [21/03/24] - [11"16'55] SCRITTA COPERTURA PER ARTICOLO: 033306 - FORNITORE: 02763 - LISTINO: 05375
 [21/03/24] - [11"16'55] SCRITTA COPERTURA PER ARTICOLO: 033307 - FORNITORE: 02763 - LISTINO: 05375
 [21/03/24] - [11"16'55] SCRITTA COPERTURA PER ARTICOLO: 033308 - FORNITORE: 02763 - LISTINO: 05375
 [21/03/24] - [11"16'55] SCRITTA COPERTURA PER ARTICOLO: 033334 - FORNITORE: 02839 - LISTINO: 05452
 [21/03/24] - [11"16'55] SCRITTA COPERTURA PER ARTICOLO: 033447 - FORNITORE: 01208 - LISTINO: 05392
 [21/03/24] - [11"16'55] SCRITTA COPERTURA PER ARTICOLO: 033466 - FORNITORE: 02563 - LISTINO: 03323
 [21/03/24] - [11"16'55] SCRITTA COPERTURA PER ARTICOLO: 033493 - FORNITORE: 01587 - LISTINO: 05422
 [21/03/24] - [11"16'55] SCRITTA COPERTURA PER ARTICOLO: 033543 - FORNITORE: 02077 - LISTINO: 04766
 [21/03/24] - [11"16'55] SCRITTA COPERTURA PER ARTICOLO: 033584 - FORNITORE: 01208 - LISTINO: 05392
 [21/03/24] - [11"16'55] SCRITTA COPERTURA PER ARTICOLO: 033638 - FORNITORE: 02580 - LISTINO: 04247
 [21/03/24] - [11"16'55] SCRITTA COPERTURA PER ARTICOLO: 033639 - FORNITORE: 02580 - LISTINO: 04247
 [21/03/24] - [11"16'55] SCRITTA COPERTURA PER ARTICOLO: 033700 - FORNITORE: 01587 - LISTINO: 05422
 [21/03/24] - [11"16'55] SCRITTA COPERTURA PER ARTICOLO: 033701 - FORNITORE: 01587 - LISTINO: 05422
 [21/03/24] - [11"16'55] SCRITTA COPERTURA PER ARTICOLO: 033712 - FORNITORE: 00690 - LISTINO: 05447
 [21/03/24] - [11"16'55] SCRITTA COPERTURA PER ARTICOLO: 033714 - FORNITORE: 01587 - LISTINO: 05422
 [21/03/24] - [11"16'55] SCRITTA COPERTURA PER ARTICOLO: 033724 - FORNITORE: 02201 - LISTINO: 04880
 [21/03/24] - [11"16'55] SCRITTA COPERTURA PER ARTICOLO: 033726 - FORNITORE: 02201 - LISTINO: 04880
 [21/03/24] - [11"16'55] SCRITTA COPERTURA PER ARTICOLO: 033727 - FORNITORE: 02201 - LISTINO: 04880
 [21/03/24] - [11"16'55] SCRITTA COPERTURA PER ARTICOLO: 033728 - FORNITORE: 02201 - LISTINO: 04880
 [21/03/24] - [11"16'55] SCRITTA COPERTURA PER ARTICOLO: 033730 - FORNITORE: 02201 - LISTINO: 04880
 [21/03/24] - [11"16'55] SCRITTA COPERTURA PER ARTICOLO: 033731 - FORNITORE: 02201 - LISTINO: 04880
 [21/03/24] - [11"16'55] SCRITTA COPERTURA PER ARTICOLO: 033951 - FORNITORE: 02553 - LISTINO: 05151
 [21/03/24] - [11"16'55] SCRITTA COPERTURA PER ARTICOLO: 034173 - FORNITORE: 02553 - LISTINO: 05151
 [21/03/24] - [11"16'55] SCRITTA COPERTURA PER ARTICOLO: 034208 - FORNITORE: 02553 - LISTINO: 05151
 [21/03/24] - [11"16'55] SCRITTA COPERTURA PER ARTICOLO: 034319 - FORNITORE: 02201 - LISTINO: 04880
 [21/03/24] - [11"16'55] SCRITTA COPERTURA PER ARTICOLO: 034320 - FORNITORE: 02201 - LISTINO: 04880
 [21/03/24] - [11"16'55] SCRITTA COPERTURA PER ARTICOLO: 034321 - FORNITORE: 02201 - LISTINO: 04880
 [21/03/24] - [11"16'55] SCRITTA COPERTURA PER ARTICOLO: 034322 - FORNITORE: 02201 - LISTINO: 04880
 [21/03/24] - [11"16'55] SCRITTA COPERTURA PER ARTICOLO: 034324 - FORNITORE: 02201 - LISTINO: 04880
 [21/03/24] - [11"16'55] SCRITTA COPERTURA PER ARTICOLO: 034374 - FORNITORE: 02553 - LISTINO: 05151
 [21/03/24] - [11"16'55] SCRITTA COPERTURA PER ARTICOLO: 034387 - FORNITORE: 00039 - LISTINO: 03275
 [21/03/24] - [11"16'55] SCRITTA COPERTURA PER ARTICOLO: 034580 - FORNITORE: 00048 - LISTINO: 05324
 [21/03/24] - [11"16'55] SCRITTA COPERTURA PER ARTICOLO: 034583 - FORNITORE: 00690 - LISTINO: 05447
 [21/03/24] - [11"16'55] SCRITTA COPERTURA PER ARTICOLO: 034642 - FORNITORE: 02201 - LISTINO: 04880
 [21/03/24] - [11"16'55] SCRITTA COPERTURA PER ARTICOLO: 034643 - FORNITORE: 02201 - LISTINO: 04880
 [21/03/24] - [11"16'55] SCRITTA COPERTURA PER ARTICOLO: 034662 - FORNITORE: 02201 - LISTINO: 04880
 [21/03/24] - [11"16'55] SCRITTA COPERTURA PER ARTICOLO: 034664 - FORNITORE: 02201 - LISTINO: 04880
 [21/03/24] - [11"16'55] SCRITTA COPERTURA PER ARTICOLO: 034709 - FORNITORE: 02201 - LISTINO: 04880
 [21/03/24] - [11"16'55] SCRITTA COPERTURA PER ARTICOLO: 034710 - FORNITORE: 02201 - LISTINO: 04880
 [21/03/24] - [11"16'55] SCRITTA COPERTURA PER ARTICOLO: 034711 - FORNITORE: 02201 - LISTINO: 04880
 [21/03/24] - [11"16'55] SCRITTA COPERTURA PER ARTICOLO: 034712 - FORNITORE: 02201 - LISTINO: 04880
 [21/03/24] - [11"16'55] SCRITTA COPERTURA PER ARTICOLO: 034732 - FORNITORE: 02264 - LISTINO: 04610
 [21/03/24] - [11"16'55] SCRITTA COPERTURA PER ARTICOLO: 034742 - FORNITORE: 02655 - LISTINO: 05383
 [21/03/24] - [11"16'55] SCRITTA COPERTURA PER ARTICOLO: 034752 - FORNITORE: 02201 - LISTINO: 04880
 [21/03/24] - [11"16'55] SCRITTA COPERTURA PER ARTICOLO: 034765 - FORNITORE: 01587 - LISTINO: 05422
 [21/03/24] - [11"16'55] SCRITTA COPERTURA PER ARTICOLO: 034819 - FORNITORE: 02469 - LISTINO: 04814
 [21/03/24] - [11"16'55] SCRITTA COPERTURA PER ARTICOLO: 034867 - FORNITORE: 01000 - LISTINO: 04903
 [21/03/24] - [11"16'55] SCRITTA COPERTURA PER ARTICOLO: 034871 - FORNITORE: 01000 - LISTINO: 04903
 [21/03/24] - [11"16'55] SCRITTA COPERTURA PER ARTICOLO: 034872 - FORNITORE: 01000 - LISTINO: 04903
 [21/03/24] - [11"16'55] SCRITTA COPERTURA PER ARTICOLO: 035076 - FORNITORE: 02402 - LISTINO: 03535
 [21/03/24] - [11"16'55] SCRITTA COPERTURA PER ARTICOLO: 035078 - FORNITORE: 02402 - LISTINO: 03535
 [21/03/24] - [11"16'55] SCRITTA COPERTURA PER ARTICOLO: 035079 - FORNITORE: 02402 - LISTINO: 03535
 [21/03/24] - [11"16'55] SCRITTA COPERTURA PER ARTICOLO: 035080 - FORNITORE: 02402 - LISTINO: 03535
 [21/03/24] - [11"16'55] SCRITTA COPERTURA PER ARTICOLO: 035081 - FORNITORE: 02402 - LISTINO: 03535
 [21/03/24] - [11"16'55] SCRITTA COPERTURA PER ARTICOLO: 035082 - FORNITORE: 02402 - LISTINO: 03535
 [21/03/24] - [11"16'55] SCRITTA COPERTURA PER ARTICOLO: 035083 - FORNITORE: 02402 - LISTINO: 03535
 [21/03/24] - [11"16'55] SCRITTA COPERTURA PER ARTICOLO: 035084 - FORNITORE: 02402 - LISTINO: 03535
 [21/03/24] - [11"16'55] SCRITTA COPERTURA PER ARTICOLO: 035085 - FORNITORE: 02402 - LISTINO: 03535
 [21/03/24] - [11"16'55] SCRITTA COPERTURA PER ARTICOLO: 035086 - FORNITORE: 02402 - LISTINO: 03535
 [21/03/24] - [11"16'55] SCRITTA COPERTURA PER ARTICOLO: 035087 - FORNITORE: 02402 - LISTINO: 03535
 [21/03/24] - [11"16'55] SCRITTA COPERTURA PER ARTICOLO: 035102 - FORNITORE: 02402 - LISTINO: 03535
 [21/03/24] - [11"16'55] SCRITTA COPERTURA PER ARTICOLO: 035103 - FORNITORE: 02402 - LISTINO: 03535
 [21/03/24] - [11"16'55] SCRITTA COPERTURA PER ARTICOLO: 035104 - FORNITORE: 02402 - LISTINO: 03535
 [21/03/24] - [11"16'55] SCRITTA COPERTURA PER ARTICOLO: 035105 - FORNITORE: 02402 - LISTINO: 03535
 [21/03/24] - [11"16'55] SCRITTA COPERTURA PER ARTICOLO: 035106 - FORNITORE: 02402 - LISTINO: 03535
 [21/03/24] - [11"16'55] SCRITTA COPERTURA PER ARTICOLO: 035108 - FORNITORE: 02402 - LISTINO: 03535
 [21/03/24] - [11"16'55] SCRITTA COPERTURA PER ARTICOLO: 035110 - FORNITORE: 02402 - LISTINO: 03535
 [21/03/24] - [11"16'55] SCRITTA COPERTURA PER ARTICOLO: 035247 - FORNITORE: 00431 - LISTINO: 05455
 [21/03/24] - [11"16'55] SCRITTA COPERTURA PER ARTICOLO: 035248 - FORNITORE: 00431 - LISTINO: 05455
 [21/03/24] - [11"16'55] SCRITTA COPERTURA PER ARTICOLO: 035249 - FORNITORE: 00431 - LISTINO: 05455
 [21/03/24] - [11"16'55] SCRITTA COPERTURA PER ARTICOLO: 035250 - FORNITORE: 00431 - LISTINO: 05455
 [21/03/24] - [11"16'55] SCRITTA COPERTURA PER ARTICOLO: 035252 - FORNITORE: 00431 - LISTINO: 05455
 [21/03/24] - [11"16'55] SCRITTA COPERTURA PER ARTICOLO: 035254 - FORNITORE: 00431 - LISTINO: 05455
 [21/03/24] - [11"16'55] SCRITTA COPERTURA PER ARTICOLO: 035255 - FORNITORE: 00431 - LISTINO: 05455
 [21/03/24] - [11"16'55] SCRITTA COPERTURA PER ARTICOLO: 035256 - FORNITORE: 00431 - LISTINO: 05455
 [21/03/24] - [11"16'55] SCRITTA COPERTURA PER ARTICOLO: 035469 - FORNITORE: 02765 - LISTINO: 04478
 [21/03/24] - [11"16'55] SCRITTA COPERTURA PER ARTICOLO: 035513 - FORNITORE: 02780 - LISTINO: 05355
 [21/03/24] - [11"16'55] SCRITTA COPERTURA PER ARTICOLO: 035724 - FORNITORE: 02824 - LISTINO: 05358
 [21/03/24] - [11"16'55] SCRITTA COPERTURA PER ARTICOLO: 035783 - FORNITORE: 02782 - LISTINO: 05079
 [21/03/24] - [11"16'55] SCRITTA COPERTURA PER ARTICOLO: 035784 - FORNITORE: 02782 - LISTINO: 05079
 [21/03/24] - [11"16'55] SCRITTA COPERTURA PER ARTICOLO: 035789 - FORNITORE: 02782 - LISTINO: 05079
 [21/03/24] - [11"16'55] SCRITTA COPERTURA PER ARTICOLO: 035796 - FORNITORE: 02782 - LISTINO: 05079
 [21/03/24] - [11"16'55] SCRITTA COPERTURA PER ARTICOLO: 035803 - FORNITORE: 02782 - LISTINO: 05079
 [21/03/24] - [11"16'55] SCRITTA COPERTURA PER ARTICOLO: 035810 - FORNITORE: 02782 - LISTINO: 05079
 [21/03/24] - [11"16'55] SCRITTA COPERTURA PER ARTICOLO: 035817 - FORNITORE: 02782 - LISTINO: 05079
 [21/03/24] - [11"16'55] SCRITTA COPERTURA PER ARTICOLO: 035824 - FORNITORE: 02782 - LISTINO: 05079
 [21/03/24] - [11"16'55] SCRITTA COPERTURA PER ARTICOLO: 036367 - FORNITORE: 00431 - LISTINO: 05438
 [21/03/24] - [11"16'55] SCRITTA COPERTURA PER ARTICOLO: 036407 - FORNITORE: 02764 - LISTINO: 04667
 [21/03/24] - [11"16'55] SCRITTA COPERTURA PER ARTICOLO: 036529 - FORNITORE: 01567 - LISTINO: 01397
 [21/03/24] - [11"16'55] SCRITTA COPERTURA PER ARTICOLO: 036585 - FORNITORE: 02553 - LISTINO: 05151
 [21/03/24] - [11"16'55] SCRITTA COPERTURA PER ARTICOLO: 036587 - FORNITORE: 02553 - LISTINO: 05151
 [21/03/24] - [11"16'55] SCRITTA COPERTURA PER ARTICOLO: 036596 - FORNITORE: 02553 - LISTINO: 05151
 [21/03/24] - [11"16'55] SCRITTA COPERTURA PER ARTICOLO: 036712 - FORNITORE: 02553 - LISTINO: 05151
 [21/03/24] - [11"16'55] SCRITTA COPERTURA PER ARTICOLO: 036719 - FORNITORE: 02201 - LISTINO: 04880
 [21/03/24] - [11"16'55] SCRITTA COPERTURA PER ARTICOLO: 036950 - FORNITORE: 01678 - LISTINO: 05354
 [21/03/24] - [11"16'55] SCRITTA COPERTURA PER ARTICOLO: 036952 - FORNITORE: 01678 - LISTINO: 05354
 [21/03/24] - [11"16'55] SCRITTA COPERTURA PER ARTICOLO: 036956 - FORNITORE: 01678 - LISTINO: 05354
 [21/03/24] - [11"16'55] SCRITTA COPERTURA PER ARTICOLO: 036959 - FORNITORE: 01678 - LISTINO: 05354
 [21/03/24] - [11"16'55] SCRITTA COPERTURA PER ARTICOLO: 036983 - FORNITORE: 02741 - LISTINO: 04935
 [21/03/24] - [11"16'55] SCRITTA COPERTURA PER ARTICOLO: 037023 - FORNITORE: 02111 - LISTINO: 05107
 [21/03/24] - [11"16'55] SCRITTA COPERTURA PER ARTICOLO: 037024 - FORNITORE: 02111 - LISTINO: 05107
 [21/03/24] - [11"16'55] SCRITTA COPERTURA PER ARTICOLO: 037135 - FORNITORE: 00460 - LISTINO: 05155
 [21/03/24] - [11"16'55] SCRITTA COPERTURA PER ARTICOLO: 037242 - FORNITORE: 01000 - LISTINO: 04903
 [21/03/24] - [11"16'55] SCRITTA COPERTURA PER ARTICOLO: 037243 - FORNITORE: 01000 - LISTINO: 04903
 [21/03/24] - [11"16'55] SCRITTA COPERTURA PER ARTICOLO: 037244 - FORNITORE: 01000 - LISTINO: 04903
 [21/03/24] - [11"16'55] SCRITTA COPERTURA PER ARTICOLO: 037245 - FORNITORE: 01000 - LISTINO: 04903
 [21/03/24] - [11"16'55] SCRITTA COPERTURA PER ARTICOLO: 037247 - FORNITORE: 01000 - LISTINO: 04903
 [21/03/24] - [11"16'55] SCRITTA COPERTURA PER ARTICOLO: 037248 - FORNITORE: 01000 - LISTINO: 04903
 [21/03/24] - [11"16'55] SCRITTA COPERTURA PER ARTICOLO: 037250 - FORNITORE: 01000 - LISTINO: 04903
 [21/03/24] - [11"16'55] SCRITTA COPERTURA PER ARTICOLO: 037303 - FORNITORE: 02983 - LISTINO: 05249
 [21/03/24] - [11"16'55] SCRITTA COPERTURA PER ARTICOLO: 037304 - FORNITORE: 02983 - LISTINO: 05249
 [21/03/24] - [11"16'55] SCRITTA COPERTURA PER ARTICOLO: 037305 - FORNITORE: 02983 - LISTINO: 05249
 [21/03/24] - [11"16'55] SCRITTA COPERTURA PER ARTICOLO: 037313 - FORNITORE: 02983 - LISTINO: 05249
 [21/03/24] - [11"16'55] SCRITTA COPERTURA PER ARTICOLO: 037377 - FORNITORE: 02983 - LISTINO: 05249
 [21/03/24] - [11"16'55] SCRITTA COPERTURA PER ARTICOLO: 037380 - FORNITORE: 02983 - LISTINO: 05249
 [21/03/24] - [11"16'55] SCRITTA COPERTURA PER ARTICOLO: 037384 - FORNITORE: 02983 - LISTINO: 05249
 [21/03/24] - [11"16'55] SCRITTA COPERTURA PER ARTICOLO: 037388 - FORNITORE: 02983 - LISTINO: 05249
 [21/03/24] - [11"16'55] SCRITTA COPERTURA PER ARTICOLO: 037390 - FORNITORE: 02983 - LISTINO: 05249
 [21/03/24] - [11"16'55] SCRITTA COPERTURA PER ARTICOLO: 037391 - FORNITORE: 02983 - LISTINO: 05249
 [21/03/24] - [11"16'55] SCRITTA COPERTURA PER ARTICOLO: 037392 - FORNITORE: 02983 - LISTINO: 05249
 [21/03/24] - [11"16'55] SCRITTA COPERTURA PER ARTICOLO: 037393 - FORNITORE: 02983 - LISTINO: 05249
 [21/03/24] - [11"16'55] SCRITTA COPERTURA PER ARTICOLO: 037394 - FORNITORE: 02983 - LISTINO: 05249
 [21/03/24] - [11"16'55] SCRITTA COPERTURA PER ARTICOLO: 037395 - FORNITORE: 02983 - LISTINO: 05249
 [21/03/24] - [11"16'55] SCRITTA COPERTURA PER ARTICOLO: 037400 - FORNITORE: 00407 - LISTINO: 05211
 [21/03/24] - [11"16'55] SCRITTA COPERTURA PER ARTICOLO: 037403 - FORNITORE: 00407 - LISTINO: 05211
 [21/03/24] - [11"16'55] SCRITTA COPERTURA PER ARTICOLO: 037406 - FORNITORE: 00407 - LISTINO: 05211
 [21/03/24] - [11"16'55] SCRITTA COPERTURA PER ARTICOLO: 037407 - FORNITORE: 00407 - LISTINO: 05211
 [21/03/24] - [11"16'55] SCRITTA COPERTURA PER ARTICOLO: 037408 - FORNITORE: 00407 - LISTINO: 05211
 [21/03/24] - [11"16'55] SCRITTA COPERTURA PER ARTICOLO: 037409 - FORNITORE: 00407 - LISTINO: 05211
 [21/03/24] - [11"16'55] SCRITTA COPERTURA PER ARTICOLO: 037410 - FORNITORE: 00407 - LISTINO: 05211
 [21/03/24] - [11"16'55] SCRITTA COPERTURA PER ARTICOLO: 037411 - FORNITORE: 00407 - LISTINO: 05211
 [21/03/24] - [11"16'55] SCRITTA COPERTURA PER ARTICOLO: 037412 - FORNITORE: 00407 - LISTINO: 05211
 [21/03/24] - [11"16'55] SCRITTA COPERTURA PER ARTICOLO: 037414 - FORNITORE: 00407 - LISTINO: 05211
 [21/03/24] - [11"16'55] SCRITTA COPERTURA PER ARTICOLO: 037422 - FORNITORE: 02670 - LISTINO: 05278
 [21/03/24] - [11"16'55] SCRITTA COPERTURA PER ARTICOLO: 037426 - FORNITORE: 02670 - LISTINO: 04689
 [21/03/24] - [11"16'55] SCRITTA COPERTURA PER ARTICOLO: 037427 - FORNITORE: 02670 - LISTINO: 04689
 [21/03/24] - [11"16'55] SCRITTA COPERTURA PER ARTICOLO: 037436 - FORNITORE: 02670 - LISTINO: 04689
 [21/03/24] - [11"16'55] SCRITTA COPERTURA PER ARTICOLO: 037447 - FORNITORE: 02943 - LISTINO: 05111
 [21/03/24] - [11"16'55] SCRITTA COPERTURA PER ARTICOLO: 037448 - FORNITORE: 02943 - LISTINO: 05111
 [21/03/24] - [11"16'55] SCRITTA COPERTURA PER ARTICOLO: 037451 - FORNITORE: 02943 - LISTINO: 05111
 [21/03/24] - [11"16'55] SCRITTA COPERTURA PER ARTICOLO: 037452 - FORNITORE: 02943 - LISTINO: 05111
 [21/03/24] - [11"16'55] SCRITTA COPERTURA PER ARTICOLO: 037453 - FORNITORE: 02943 - LISTINO: 05111
 [21/03/24] - [11"16'55] SCRITTA COPERTURA PER ARTICOLO: 037454 - FORNITORE: 02943 - LISTINO: 05111
 [21/03/24] - [11"16'55] SCRITTA COPERTURA PER ARTICOLO: 037555 - FORNITORE: 02780 - LISTINO: 05470
 [21/03/24] - [11"16'55] SCRITTA COPERTURA PER ARTICOLO: 037556 - FORNITORE: 02780 - LISTINO: 05470
 [21/03/24] - [11"16'55] SCRITTA COPERTURA PER ARTICOLO: 037557 - FORNITORE: 02780 - LISTINO: 05470
 [21/03/24] - [11"16'55] SCRITTA COPERTURA PER ARTICOLO: 037558 - FORNITORE: 02780 - LISTINO: 05470
 [21/03/24] - [11"16'55] SCRITTA COPERTURA PER ARTICOLO: 037559 - FORNITORE: 02780 - LISTINO: 05470
 [21/03/24] - [11"16'55] SCRITTA COPERTURA PER ARTICOLO: 037561 - FORNITORE: 02780 - LISTINO: 05470
 [21/03/24] - [11"16'55] SCRITTA COPERTURA PER ARTICOLO: 037562 - FORNITORE: 02780 - LISTINO: 05470
 [21/03/24] - [11"16'55] SCRITTA COPERTURA PER ARTICOLO: 037563 - FORNITORE: 02780 - LISTINO: 05470
 [21/03/24] - [11"16'55] SCRITTA COPERTURA PER ARTICOLO: 037779 - FORNITORE: 02553 - LISTINO: 05151
 [21/03/24] - [11"16'55] SCRITTA COPERTURA PER ARTICOLO: 037782 - FORNITORE: 02553 - LISTINO: 05151
 [21/03/24] - [11"16'55] CICLO COPERTURA FABBISOGNO NO PROGRAMMAZIONE
 [21/03/24] - [11"16'55] SCRITTA TESTATA SINGOLA: 2024 - 00001300
 [21/03/24] - [11"16'55] QTA ORD = CPFM-QTA-M(1): 00000033
 [21/03/24] - [11"16'55] QTA-SCORTA-NON-PROGRAMMATA
 [21/03/24] - [11"16'55] rof-qta-ord: 00000033 - rof-qta-imballi: 0001
 [21/03/24] - [11"16'55] QTA ORD = Gi impostata
 [21/03/24] - [11"16'55] SCRITTA RIGA NO PROGRAMMAZIONE: 2024 - 00001300 - 00001 - ARTICOLO: 036712 - QTA: 00000033
 [21/03/24] - [11"16'55] QTA ORD = CPFM-QTA-M(1): 00000180
 [21/03/24] - [11"16'55] QTA-SCORTA-NON-PROGRAMMATA
 [21/03/24] - [11"16'55] rof-qta-ord: 00000180 - rof-qta-imballi: 0005
 [21/03/24] - [11"16'55] QTA ORD = Gi impostata
 [21/03/24] - [11"16'55] SCRITTA RIGA NO PROGRAMMAZIONE: 2024 - 00001300 - 00002 - ARTICOLO: 037779 - QTA: 00000180
 [21/03/24] - [11"16'55] QTA ORD = CPFM-QTA-M(1): 00000280
 [21/03/24] - [11"16'55] QTA-SCORTA-NON-PROGRAMMATA
 [21/03/24] - [11"16'55] rof-qta-ord: 00000280 - rof-qta-imballi: 0005
 [21/03/24] - [11"16'55] QTA ORD = Gi impostata
 [21/03/24] - [11"16'55] SCRITTA RIGA NO PROGRAMMAZIONE: 2024 - 00001300 - 00003 - ARTICOLO: 037782 - QTA: 00000280
 [21/03/24] - [11"16'55] SCRITTA TESTATA SINGOLA: 2024 - 00001301
 [21/03/24] - [11"16'55] QTA ORD = CPFM-QTA-M(1): 00000020
 [21/03/24] - [11"16'55] QTA-SCORTA-NON-PROGRAMMATA
 [21/03/24] - [11"16'55] rof-qta-ord: 00000020 - rof-qta-imballi: 0020
 [21/03/24] - [11"16'55] QTA ORD = Gi impostata
 [21/03/24] - [11"16'55] SCRITTA RIGA NO PROGRAMMAZIONE: 2024 - 00001301 - 00001 - ARTICOLO: 016655 - QTA: 00000020
 [21/03/24] - [11"16'55] SCRITTA TESTATA SINGOLA: 2024 - 00001302
 [21/03/24] - [11"16'55] QTA ORD = CPFM-QTA-M(1): 00000048
 [21/03/24] - [11"16'55] QTA-SCORTA-NON-PROGRAMMATA
 [21/03/24] - [11"16'55] QTA ORD = art-qta-epal (00000048)
 [21/03/24] - [11"16'55] rof-qta-ord: 00000048 - rof-qta-imballi: 0001
 [21/03/24] - [11"16'55] QTA ORD = Gi impostata
 [21/03/24] - [11"16'55] SCRITTA RIGA NO PROGRAMMAZIONE: 2024 - 00001302 - 00001 - ARTICOLO: 009056 - QTA: 00000048
 [21/03/24] - [11"16'55] QTA ORD = CPFM-QTA-M(1): 00000040
 [21/03/24] - [11"16'55] QTA-SCORTA-NON-PROGRAMMATA
 [21/03/24] - [11"16'55] QTA ORD = art-qta-epal (00000048)
 [21/03/24] - [11"16'55] rof-qta-ord: 00000048 - rof-qta-imballi: 0001
 [21/03/24] - [11"16'55] QTA ORD = Gi impostata
 [21/03/24] - [11"16'55] SCRITTA RIGA NO PROGRAMMAZIONE: 2024 - 00001302 - 00002 - ARTICOLO: 018174 - QTA: 00000048
 [21/03/24] - [11"16'55] SCRITTA TESTATA SINGOLA: 2024 - 00001303
 [21/03/24] - [11"16'55] QTA ORD = CPFM-QTA-M(1): 00000093
 [21/03/24] - [11"16'55] QTA-SCORTA-NON-PROGRAMMATA
 [21/03/24] - [11"16'55] QTA ORD = art-qta-epal (00000048) * num-bancali (000002)
 [21/03/24] - [11"16'55] rof-qta-ord: 00000096 - rof-qta-imballi: 0001
 [21/03/24] - [11"16'55] QTA ORD = Gi impostata
 [21/03/24] - [11"16'55] SCRITTA RIGA NO PROGRAMMAZIONE: 2024 - 00001303 - 00001 - ARTICOLO: 015027 - QTA: 00000096
 [21/03/24] - [11"16'55] SCRITTA TESTATA SINGOLA: 2024 - 00001304
 [21/03/24] - [11"16'55] QTA ORD = CPFM-QTA-M(1): 00000040
 [21/03/24] - [11"16'55] QTA-SCORTA-NON-PROGRAMMATA
 [21/03/24] - [11"16'55] QTA ORD = art-qta-epal (00000072)
 [21/03/24] - [11"16'55] rof-qta-ord: 00000072 - rof-qta-imballi: 0001
 [21/03/24] - [11"16'55] QTA ORD = Gi impostata
 [21/03/24] - [11"16'55] SCRITTA RIGA NO PROGRAMMAZIONE: 2024 - 00001304 - 00001 - ARTICOLO: 003390 - QTA: 00000072
 [21/03/24] - [11"16'55] QTA ORD = CPFM-QTA-M(1): 00000626
 [21/03/24] - [11"16'55] QTA-SCORTA-NON-PROGRAMMATA
 [21/03/24] - [11"16'55] QTA ORD = art-qta-epal (00000036) * num-bancali (000017)
 [21/03/24] - [11"16'55] rof-qta-ord: 00000612 - rof-qta-imballi: 0001
 [21/03/24] - [11"16'55] QTA ORD = Gi impostata
 [21/03/24] - [11"16'55] SCRITTA RIGA NO PROGRAMMAZIONE: 2024 - 00001304 - 00002 - ARTICOLO: 003396 - QTA: 00000612
 [21/03/24] - [11"16'55] QTA ORD = CPFM-QTA-M(1): 00000228
 [21/03/24] - [11"16'55] QTA-SCORTA-NON-PROGRAMMATA
 [21/03/24] - [11"16'55] QTA ORD = art-qta-epal (00000072) * num-bancali (000003)
 [21/03/24] - [11"16'55] rof-qta-ord: 00000216 - rof-qta-imballi: 0001
 [21/03/24] - [11"16'55] QTA ORD = Gi impostata
 [21/03/24] - [11"16'55] SCRITTA RIGA NO PROGRAMMAZIONE: 2024 - 00001304 - 00003 - ARTICOLO: 003399 - QTA: 00000216
 [21/03/24] - [11"16'55] QTA ORD = CPFM-QTA-M(1): 00001033
 [21/03/24] - [11"16'55] QTA-SCORTA-NON-PROGRAMMATA
 [21/03/24] - [11"16'55] QTA ORD = art-qta-epal (00000063) * num-bancali (000016)
 [21/03/24] - [11"16'55] rof-qta-ord: 00001008 - rof-qta-imballi: 0001
 [21/03/24] - [11"16'55] QTA ORD = Gi impostata
 [21/03/24] - [11"16'55] SCRITTA RIGA NO PROGRAMMAZIONE: 2024 - 00001304 - 00004 - ARTICOLO: 003401 - QTA: 00001008
 [21/03/24] - [11"16'55] QTA ORD = CPFM-QTA-M(1): 00000831
 [21/03/24] - [11"16'55] QTA-SCORTA-NON-PROGRAMMATA
 [21/03/24] - [11"16'55] QTA ORD = art-qta-epal (00000051) * num-bancali (000016)
 [21/03/24] - [11"16'55] rof-qta-ord: 00000816 - rof-qta-imballi: 0001
 [21/03/24] - [11"16'55] QTA ORD = Gi impostata
 [21/03/24] - [11"16'55] SCRITTA RIGA NO PROGRAMMAZIONE: 2024 - 00001304 - 00005 - ARTICOLO: 003402 - QTA: 00000816
 [21/03/24] - [11"16'55] QTA ORD = CPFM-QTA-M(1): 00000992
 [21/03/24] - [11"16'55] QTA-SCORTA-NON-PROGRAMMATA
 [21/03/24] - [11"16'55] QTA ORD = art-qta-epal (00000048) * num-bancali (000021)
 [21/03/24] - [11"16'55] rof-qta-ord: 00001008 - rof-qta-imballi: 0001
 [21/03/24] - [11"16'55] QTA ORD = Gi impostata
 [21/03/24] - [11"16'55] SCRITTA RIGA NO PROGRAMMAZIONE: 2024 - 00001304 - 00006 - ARTICOLO: 003403 - QTA: 00001008
 [21/03/24] - [11"16'55] QTA ORD = CPFM-QTA-M(1): 00000425
 [21/03/24] - [11"16'55] QTA-SCORTA-NON-PROGRAMMATA
 [21/03/24] - [11"16'55] QTA ORD = art-qta-epal (00000051) * num-bancali (000008)
 [21/03/24] - [11"16'55] rof-qta-ord: 00000408 - rof-qta-imballi: 0001
 [21/03/24] - [11"16'55] QTA ORD = Gi impostata
 [21/03/24] - [11"16'55] SCRITTA RIGA NO PROGRAMMAZIONE: 2024 - 00001304 - 00007 - ARTICOLO: 009055 - QTA: 00000408
 [21/03/24] - [11"16'55] QTA ORD = CPFM-QTA-M(1): 00001203
 [21/03/24] - [11"16'55] QTA-SCORTA-NON-PROGRAMMATA
 [21/03/24] - [11"16'55] QTA ORD = art-qta-epal (00000072) * num-bancali (000017)
 [21/03/24] - [11"16'55] rof-qta-ord: 00001224 - rof-qta-imballi: 0001
 [21/03/24] - [11"16'55] QTA ORD = Gi impostata
 [21/03/24] - [11"16'55] SCRITTA RIGA NO PROGRAMMAZIONE: 2024 - 00001304 - 00008 - ARTICOLO: 009060 - QTA: 00001224
 [21/03/24] - [11"16'55] QTA ORD = CPFM-QTA-M(1): 00000705
 [21/03/24] - [11"16'55] QTA-SCORTA-NON-PROGRAMMATA
 [21/03/24] - [11"16'55] QTA ORD = art-qta-epal (00000048) * num-bancali (000015)
 [21/03/24] - [11"16'55] rof-qta-ord: 00000720 - rof-qta-imballi: 0001
 [21/03/24] - [11"16'55] QTA ORD = Gi impostata
 [21/03/24] - [11"16'55] SCRITTA RIGA NO PROGRAMMAZIONE: 2024 - 00001304 - 00009 - ARTICOLO: 010119 - QTA: 00000720
 [21/03/24] - [11"16'55] QTA ORD = CPFM-QTA-M(1): 00000142
 [21/03/24] - [11"16'55] QTA-SCORTA-NON-PROGRAMMATA
 [21/03/24] - [11"16'55] QTA ORD = art-qta-epal (00000051) * num-bancali (000003)
 [21/03/24] - [11"16'55] rof-qta-ord: 00000153 - rof-qta-imballi: 0001
 [21/03/24] - [11"16'55] QTA ORD = Gi impostata
 [21/03/24] - [11"16'55] SCRITTA RIGA NO PROGRAMMAZIONE: 2024 - 00001304 - 00010 - ARTICOLO: 013499 - QTA: 00000153
 [21/03/24] - [11"16'55] QTA ORD = CPFM-QTA-M(1): 00000364
 [21/03/24] - [11"16'55] QTA-SCORTA-NON-PROGRAMMATA
 [21/03/24] - [11"16'55] QTA ORD = art-qta-epal (00000051) * num-bancali (000007)
 [21/03/24] - [11"16'55] rof-qta-ord: 00000357 - rof-qta-imballi: 0001
 [21/03/24] - [11"16'55] QTA ORD = Gi impostata
 [21/03/24] - [11"16'55] SCRITTA RIGA NO PROGRAMMAZIONE: 2024 - 00001304 - 00011 - ARTICOLO: 016834 - QTA: 00000357
 [21/03/24] - [11"16'55] QTA ORD = CPFM-QTA-M(1): 00000758
 [21/03/24] - [11"16'55] QTA-SCORTA-NON-PROGRAMMATA
 [21/03/24] - [11"16'55] QTA ORD = art-qta-epal (00000036) * num-bancali (000021)
 [21/03/24] - [11"16'55] rof-qta-ord: 00000756 - rof-qta-imballi: 0001
 [21/03/24] - [11"16'55] QTA ORD = Gi impostata
 [21/03/24] - [11"16'55] SCRITTA RIGA NO PROGRAMMAZIONE: 2024 - 00001304 - 00012 - ARTICOLO: 016835 - QTA: 00000756
 [21/03/24] - [11"16'55] SCRITTA TESTATA SINGOLA: 2024 - 00001305
 [21/03/24] - [11"16'55] QTA ORD = CPFM-QTA-M(1): 00000020
 [21/03/24] - [11"16'55] QTA-SCORTA-NON-PROGRAMMATA
 [21/03/24] - [11"16'55] rof-qta-ord: 00000020 - rof-qta-imballi: 0005
 [21/03/24] - [11"16'55] QTA ORD = Gi impostata
 [21/03/24] - [11"16'55] SCRITTA RIGA NO PROGRAMMAZIONE: 2024 - 00001305 - 00001 - ARTICOLO: 009940 - QTA: 00000020
 [21/03/24] - [11"16'55] SCRITTA TESTATA SINGOLA: 2024 - 00001306
 [21/03/24] - [11"16'55] QTA ORD = CPFM-QTA-M(1): 00000001
 [21/03/24] - [11"16'55] QTA-SCORTA-NON-PROGRAMMATA
 [21/03/24] - [11"16'55] rof-qta-ord: 00000001 - rof-qta-imballi: 0001
 [21/03/24] - [11"16'55] QTA ORD = Gi impostata
 [21/03/24] - [11"16'55] SCRITTA RIGA NO PROGRAMMAZIONE: 2024 - 00001306 - 00001 - ARTICOLO: 009690 - QTA: 00000001
 [21/03/24] - [11"16'55] SCRITTA TESTATA SINGOLA: 2024 - 00001307
 [21/03/24] - [11"16'55] QTA ORD = CPFM-QTA-M(1): 00000063
 [21/03/24] - [11"16'55] QTA-SCORTA-NON-PROGRAMMATA
 [21/03/24] - [11"16'55] QTA ORD = art-qta-epal (00000063)
 [21/03/24] - [11"16'55] rof-qta-ord: 00000063 - rof-qta-imballi: 0001
 [21/03/24] - [11"16'55] QTA ORD = Gi impostata
 [21/03/24] - [11"16'55] SCRITTA RIGA NO PROGRAMMAZIONE: 2024 - 00001307 - 00001 - ARTICOLO: 032290 - QTA: 00000063
 [21/03/24] - [11"16'55] QTA ORD = CPFM-QTA-M(1): 00000048
 [21/03/24] - [11"16'55] QTA-SCORTA-NON-PROGRAMMATA
 [21/03/24] - [11"16'55] QTA ORD = art-qta-epal (00000063)
 [21/03/24] - [11"16'55] rof-qta-ord: 00000063 - rof-qta-imballi: 0001
 [21/03/24] - [11"16'55] QTA ORD = Gi impostata
 [21/03/24] - [11"16'55] SCRITTA RIGA NO PROGRAMMAZIONE: 2024 - 00001307 - 00002 - ARTICOLO: 032294 - QTA: 00000063
 [21/03/24] - [11"16'55] QTA ORD = CPFM-QTA-M(1): 00000041
 [21/03/24] - [11"16'55] QTA-SCORTA-NON-PROGRAMMATA
 [21/03/24] - [11"16'55] QTA ORD = art-qta-epal (00000051)
 [21/03/24] - [11"16'55] rof-qta-ord: 00000051 - rof-qta-imballi: 0001
 [21/03/24] - [11"16'55] QTA ORD = Gi impostata
 [21/03/24] - [11"16'55] SCRITTA RIGA NO PROGRAMMAZIONE: 2024 - 00001307 - 00003 - ARTICOLO: 032295 - QTA: 00000051
 [21/03/24] - [11"16'55] SCRITTA TESTATA SINGOLA: 2024 - 00001308
 [21/03/24] - [11"16'55] QTA ORD = CPFM-QTA-M(1): 00000138
 [21/03/24] - [11"16'55] QTA-SCORTA-NON-PROGRAMMATA
 [21/03/24] - [11"16'55] QTA ORD = art-qta-epal (00000051) * num-bancali (000003)
 [21/03/24] - [11"16'55] rof-qta-ord: 00000153 - rof-qta-imballi: 0001
 [21/03/24] - [11"16'55] QTA ORD = Gi impostata
 [21/03/24] - [11"16'55] SCRITTA RIGA NO PROGRAMMAZIONE: 2024 - 00001308 - 00001 - ARTICOLO: 031249 - QTA: 00000153
 [21/03/24] - [11"16'55] QTA ORD = CPFM-QTA-M(1): 00000101
 [21/03/24] - [11"16'55] QTA-SCORTA-NON-PROGRAMMATA
 [21/03/24] - [11"16'55] QTA ORD = art-qta-epal (00000036) * num-bancali (000003)
 [21/03/24] - [11"16'55] rof-qta-ord: 00000108 - rof-qta-imballi: 0001
 [21/03/24] - [11"16'55] QTA ORD = Gi impostata
 [21/03/24] - [11"16'55] SCRITTA RIGA NO PROGRAMMAZIONE: 2024 - 00001308 - 00002 - ARTICOLO: 031250 - QTA: 00000108
 [21/03/24] - [11"16'55] SCRITTA TESTATA SINGOLA: 2024 - 00001309
 [21/03/24] - [11"16'55] QTA ORD = CPFM-QTA-M(1): 00000001
 [21/03/24] - [11"16'55] QTA-SCORTA-NON-PROGRAMMATA
 [21/03/24] - [11"16'55] rof-qta-ord: 00000001 - rof-qta-imballi: 0001
 [21/03/24] - [11"16'55] QTA ORD = Gi impostata
 [21/03/24] - [11"16'55] SCRITTA RIGA NO PROGRAMMAZIONE: 2024 - 00001309 - 00001 - ARTICOLO: 029537 - QTA: 00000001
 [21/03/24] - [11"16'55] SCRITTA TESTATA SINGOLA: 2024 - 00001310
 [21/03/24] - [11"16'55] QTA ORD = CPFM-QTA-M(1): 00000008
 [21/03/24] - [11"16'55] QTA-SCORTA-NON-PROGRAMMATA
 [21/03/24] - [11"16'55] rof-qta-ord: 00000008 - rof-qta-imballi: 0001
 [21/03/24] - [11"16'55] QTA ORD = Gi impostata
 [21/03/24] - [11"16'55] SCRITTA RIGA NO PROGRAMMAZIONE: 2024 - 00001310 - 00001 - ARTICOLO: 010108 - QTA: 00000008
 [21/03/24] - [11"16'55] SCRITTA TESTATA SINGOLA: 2024 - 00001311
 [21/03/24] - [11"16'55] QTA ORD = CPFM-QTA-M(1): 00000445
 [21/03/24] - [11"16'55] QTA-SCORTA-NON-PROGRAMMATA
 [21/03/24] - [11"16'55] QTA ORD = art-qta-epal (00000540)
 [21/03/24] - [11"16'55] rof-qta-ord: 00000540 - rof-qta-imballi: 0012
 [21/03/24] - [11"16'55] QTA ORD = Gi impostata
 [21/03/24] - [11"16'55] SCRITTA RIGA NO PROGRAMMAZIONE: 2024 - 00001311 - 00001 - ARTICOLO: 010622 - QTA: 00000540
 [21/03/24] - [11"16'55] QTA ORD = CPFM-QTA-M(1): 00000112
 [21/03/24] - [11"16'55] QTA-SCORTA-NON-PROGRAMMATA
 [21/03/24] - [11"16'55] QTA ORD = art-qta-epal (00000112)
 [21/03/24] - [11"16'55] rof-qta-ord: 00000112 - rof-qta-imballi: 0004
 [21/03/24] - [11"16'55] QTA ORD = Gi impostata
 [21/03/24] - [11"16'55] SCRITTA RIGA NO PROGRAMMAZIONE: 2024 - 00001311 - 00002 - ARTICOLO: 010631 - QTA: 00000112
 [21/03/24] - [11"16'55] QTA ORD = CPFM-QTA-M(1): 00001290
 [21/03/24] - [11"16'55] QTA-SCORTA-NON-PROGRAMMATA
 [21/03/24] - [11"16'55] QTA ORD = art-qta-epal (00000540) * num-bancali (000002)
 [21/03/24] - [11"16'55] rof-qta-ord: 00001080 - rof-qta-imballi: 0012
 [21/03/24] - [11"16'55] QTA ORD = Gi impostata
 [21/03/24] - [11"16'55] SCRITTA RIGA NO PROGRAMMAZIONE: 2024 - 00001311 - 00003 - ARTICOLO: 010633 - QTA: 00001080
 [21/03/24] - [11"16'55] QTA ORD = CPFM-QTA-M(1): 00001834
 [21/03/24] - [11"16'55] QTA-SCORTA-NON-PROGRAMMATA
 [21/03/24] - [11"16'55] QTA ORD = art-qta-epal (00000540) * num-bancali (000003)
 [21/03/24] - [11"16'55] rof-qta-ord: 00001620 - rof-qta-imballi: 0012
 [21/03/24] - [11"16'55] QTA ORD = Gi impostata
 [21/03/24] - [11"16'55] SCRITTA RIGA NO PROGRAMMAZIONE: 2024 - 00001311 - 00004 - ARTICOLO: 010636 - QTA: 00001620
 [21/03/24] - [11"16'55] QTA ORD = CPFM-QTA-M(1): 00000308
 [21/03/24] - [11"16'55] QTA-SCORTA-NON-PROGRAMMATA
 [21/03/24] - [11"16'55] QTA ORD = art-qta-epal (00000112) * num-bancali (000003)
 [21/03/24] - [11"16'55] rof-qta-ord: 00000336 - rof-qta-imballi: 0004
 [21/03/24] - [11"16'55] QTA ORD = Gi impostata
 [21/03/24] - [11"16'55] SCRITTA RIGA NO PROGRAMMAZIONE: 2024 - 00001311 - 00005 - ARTICOLO: 010637 - QTA: 00000336
 [21/03/24] - [11"16'55] QTA ORD = CPFM-QTA-M(1): 00000540
 [21/03/24] - [11"16'55] QTA-SCORTA-NON-PROGRAMMATA
 [21/03/24] - [11"16'55] QTA ORD = art-qta-epal (00000540)
 [21/03/24] - [11"16'55] rof-qta-ord: 00000540 - rof-qta-imballi: 0012
 [21/03/24] - [11"16'55] QTA ORD = Gi impostata
 [21/03/24] - [11"16'55] SCRITTA RIGA NO PROGRAMMAZIONE: 2024 - 00001311 - 00006 - ARTICOLO: 010666 - QTA: 00000540
 [21/03/24] - [11"16'55] QTA ORD = CPFM-QTA-M(1): 00000088
 [21/03/24] - [11"16'55] QTA-SCORTA-NON-PROGRAMMATA
 [21/03/24] - [11"16'55] QTA ORD = art-qta-epal (00000112)
 [21/03/24] - [11"16'55] rof-qta-ord: 00000112 - rof-qta-imballi: 0004
 [21/03/24] - [11"16'55] QTA ORD = Gi impostata
 [21/03/24] - [11"16'55] SCRITTA RIGA NO PROGRAMMAZIONE: 2024 - 00001311 - 00007 - ARTICOLO: 011502 - QTA: 00000112
 [21/03/24] - [11"16'55] SCRITTA TESTATA SINGOLA: 2024 - 00001312
 [21/03/24] - [11"16'55] QTA ORD = CPFM-QTA-M(1): 00000097
 [21/03/24] - [11"16'55] QTA-SCORTA-NON-PROGRAMMATA
 [21/03/24] - [11"16'55] rof-qta-ord: 00000097 - rof-qta-imballi: 0001
 [21/03/24] - [11"16'55] QTA ORD = Gi impostata
 [21/03/24] - [11"16'55] SCRITTA RIGA NO PROGRAMMAZIONE: 2024 - 00001312 - 00001 - ARTICOLO: 024597 - QTA: 00000097
 [21/03/24] - [11"16'55] QTA ORD = CPFM-QTA-M(1): 00000188
 [21/03/24] - [11"16'55] QTA-SCORTA-NON-PROGRAMMATA
 [21/03/24] - [11"16'55] rof-qta-ord: 00000188 - rof-qta-imballi: 0001
 [21/03/24] - [11"16'55] QTA ORD = Gi impostata
 [21/03/24] - [11"16'55] SCRITTA RIGA NO PROGRAMMAZIONE: 2024 - 00001312 - 00002 - ARTICOLO: 034319 - QTA: 00000188
 [21/03/24] - [11"16'55] QTA ORD = CPFM-QTA-M(1): 00000140
 [21/03/24] - [11"16'55] QTA-SCORTA-NON-PROGRAMMATA
 [21/03/24] - [11"16'55] rof-qta-ord: 00000140 - rof-qta-imballi: 0001
 [21/03/24] - [11"16'55] QTA ORD = Gi impostata
 [21/03/24] - [11"16'55] SCRITTA RIGA NO PROGRAMMAZIONE: 2024 - 00001312 - 00003 - ARTICOLO: 034320 - QTA: 00000140
 [21/03/24] - [11"16'55] QTA ORD = CPFM-QTA-M(1): 00000082
 [21/03/24] - [11"16'55] QTA-SCORTA-NON-PROGRAMMATA
 [21/03/24] - [11"16'55] rof-qta-ord: 00000082 - rof-qta-imballi: 0001
 [21/03/24] - [11"16'55] QTA ORD = Gi impostata
 [21/03/24] - [11"16'55] SCRITTA RIGA NO PROGRAMMAZIONE: 2024 - 00001312 - 00004 - ARTICOLO: 034321 - QTA: 00000082
 [21/03/24] - [11"16'55] QTA ORD = CPFM-QTA-M(1): 00000141
 [21/03/24] - [11"16'55] QTA-SCORTA-NON-PROGRAMMATA
 [21/03/24] - [11"16'55] rof-qta-ord: 00000141 - rof-qta-imballi: 0001
 [21/03/24] - [11"16'55] QTA ORD = Gi impostata
 [21/03/24] - [11"16'55] SCRITTA RIGA NO PROGRAMMAZIONE: 2024 - 00001312 - 00005 - ARTICOLO: 034322 - QTA: 00000141
 [21/03/24] - [11"16'55] QTA ORD = CPFM-QTA-M(1): 00000100
 [21/03/24] - [11"16'55] QTA-SCORTA-NON-PROGRAMMATA
 [21/03/24] - [11"16'55] rof-qta-ord: 00000100 - rof-qta-imballi: 0001
 [21/03/24] - [11"16'55] QTA ORD = Gi impostata
 [21/03/24] - [11"16'55] SCRITTA RIGA NO PROGRAMMAZIONE: 2024 - 00001312 - 00006 - ARTICOLO: 034324 - QTA: 00000100
 [21/03/24] - [11"16'55] QTA ORD = CPFM-QTA-M(1): 00000085
 [21/03/24] - [11"16'55] QTA-SCORTA-NON-PROGRAMMATA
 [21/03/24] - [11"16'55] rof-qta-ord: 00000085 - rof-qta-imballi: 0001
 [21/03/24] - [11"16'55] QTA ORD = Gi impostata
 [21/03/24] - [11"16'55] SCRITTA RIGA NO PROGRAMMAZIONE: 2024 - 00001312 - 00007 - ARTICOLO: 034709 - QTA: 00000085
 [21/03/24] - [11"16'55] QTA ORD = CPFM-QTA-M(1): 00000133
 [21/03/24] - [11"16'55] QTA-SCORTA-NON-PROGRAMMATA
 [21/03/24] - [11"16'55] rof-qta-ord: 00000133 - rof-qta-imballi: 0001
 [21/03/24] - [11"16'55] QTA ORD = Gi impostata
 [21/03/24] - [11"16'55] SCRITTA RIGA NO PROGRAMMAZIONE: 2024 - 00001312 - 00008 - ARTICOLO: 034710 - QTA: 00000133
 [21/03/24] - [11"16'55] QTA ORD = CPFM-QTA-M(1): 00000182
 [21/03/24] - [11"16'55] QTA-SCORTA-NON-PROGRAMMATA
 [21/03/24] - [11"16'55] rof-qta-ord: 00000182 - rof-qta-imballi: 0001
 [21/03/24] - [11"16'55] QTA ORD = Gi impostata
 [21/03/24] - [11"16'55] SCRITTA RIGA NO PROGRAMMAZIONE: 2024 - 00001312 - 00009 - ARTICOLO: 034711 - QTA: 00000182
 [21/03/24] - [11"16'55] QTA ORD = CPFM-QTA-M(1): 00000137
 [21/03/24] - [11"16'55] QTA-SCORTA-NON-PROGRAMMATA
 [21/03/24] - [11"16'55] rof-qta-ord: 00000137 - rof-qta-imballi: 0001
 [21/03/24] - [11"16'55] QTA ORD = Gi impostata
 [21/03/24] - [11"16'55] SCRITTA RIGA NO PROGRAMMAZIONE: 2024 - 00001312 - 00010 - ARTICOLO: 034712 - QTA: 00000137
 [21/03/24] - [11"16'55] QTA ORD = CPFM-QTA-M(1): 00000100
 [21/03/24] - [11"16'55] QTA-SCORTA-NON-PROGRAMMATA
 [21/03/24] - [11"16'55] rof-qta-ord: 00000100 - rof-qta-imballi: 0001
 [21/03/24] - [11"16'55] QTA ORD = Gi impostata
 [21/03/24] - [11"16'55] SCRITTA RIGA NO PROGRAMMAZIONE: 2024 - 00001312 - 00011 - ARTICOLO: 036719 - QTA: 00000100
 [21/03/24] - [11"16'55] SCRITTA TESTATA SINGOLA: 2024 - 00001313
 [21/03/24] - [11"16'55] QTA ORD = CPFM-QTA-M(1): 00000326
 [21/03/24] - [11"16'55] QTA-SCORTA-NON-PROGRAMMATA
 [21/03/24] - [11"16'55] QTA ORD = art-qta-epal (00000080) * num-bancali (000004)
 [21/03/24] - [11"16'55] rof-qta-ord: 00000320 - rof-qta-imballi: 0001
 [21/03/24] - [11"16'55] QTA ORD = Gi impostata
 [21/03/24] - [11"16'55] SCRITTA RIGA NO PROGRAMMAZIONE: 2024 - 00001313 - 00001 - ARTICOLO: 037555 - QTA: 00000320
 [21/03/24] - [11"16'55] QTA ORD = CPFM-QTA-M(1): 00000144
 [21/03/24] - [11"16'55] QTA-SCORTA-NON-PROGRAMMATA
 [21/03/24] - [11"16'55] rof-qta-ord: 00000144 - rof-qta-imballi: 0001
 [21/03/24] - [11"16'55] QTA ORD = Gi impostata
 [21/03/24] - [11"16'55] SCRITTA RIGA NO PROGRAMMAZIONE: 2024 - 00001313 - 00002 - ARTICOLO: 037556 - QTA: 00000144
 [21/03/24] - [11"16'55] QTA ORD = CPFM-QTA-M(1): 00000105
 [21/03/24] - [11"16'55] QTA-SCORTA-NON-PROGRAMMATA
 [21/03/24] - [11"16'55] QTA ORD = art-qta-epal (00000064) * num-bancali (000002)
 [21/03/24] - [11"16'55] rof-qta-ord: 00000128 - rof-qta-imballi: 0001
 [21/03/24] - [11"16'55] QTA ORD = Gi impostata
 [21/03/24] - [11"16'55] SCRITTA RIGA NO PROGRAMMAZIONE: 2024 - 00001313 - 00003 - ARTICOLO: 037557 - QTA: 00000128
 [21/03/24] - [11"16'55] QTA ORD = CPFM-QTA-M(1): 00000229
 [21/03/24] - [11"16'55] QTA-SCORTA-NON-PROGRAMMATA
 [21/03/24] - [11"16'55] QTA ORD = art-qta-epal (00000064) * num-bancali (000004)
 [21/03/24] - [11"16'55] rof-qta-ord: 00000256 - rof-qta-imballi: 0001
 [21/03/24] - [11"16'55] QTA ORD = Gi impostata
 [21/03/24] - [11"16'55] SCRITTA RIGA NO PROGRAMMAZIONE: 2024 - 00001313 - 00004 - ARTICOLO: 037558 - QTA: 00000256
 [21/03/24] - [11"16'55] QTA ORD = CPFM-QTA-M(1): 00000050
 [21/03/24] - [11"16'55] QTA-SCORTA-NON-PROGRAMMATA
 [21/03/24] - [11"16'55] QTA ORD = art-qta-epal (00000056)
 [21/03/24] - [11"16'55] rof-qta-ord: 00000056 - rof-qta-imballi: 0001
 [21/03/24] - [11"16'55] QTA ORD = Gi impostata
 [21/03/24] - [11"16'55] SCRITTA RIGA NO PROGRAMMAZIONE: 2024 - 00001313 - 00005 - ARTICOLO: 037559 - QTA: 00000056
 [21/03/24] - [11"16'55] QTA ORD = CPFM-QTA-M(1): 00000050
 [21/03/24] - [11"16'55] QTA-SCORTA-NON-PROGRAMMATA
 [21/03/24] - [11"16'55] QTA ORD = art-qta-epal (00000072)
 [21/03/24] - [11"16'55] rof-qta-ord: 00000072 - rof-qta-imballi: 0001
 [21/03/24] - [11"16'55] QTA ORD = Gi impostata
 [21/03/24] - [11"16'55] SCRITTA RIGA NO PROGRAMMAZIONE: 2024 - 00001313 - 00006 - ARTICOLO: 037561 - QTA: 00000072
 [21/03/24] - [11"16'55] QTA ORD = CPFM-QTA-M(1): 00000064
 [21/03/24] - [11"16'55] QTA-SCORTA-NON-PROGRAMMATA
 [21/03/24] - [11"16'55] QTA ORD = art-qta-epal (00000064)
 [21/03/24] - [11"16'55] rof-qta-ord: 00000064 - rof-qta-imballi: 0001
 [21/03/24] - [11"16'55] QTA ORD = Gi impostata
 [21/03/24] - [11"16'55] SCRITTA RIGA NO PROGRAMMAZIONE: 2024 - 00001313 - 00007 - ARTICOLO: 037562 - QTA: 00000064
 [21/03/24] - [11"16'55] QTA ORD = CPFM-QTA-M(1): 00000056
 [21/03/24] - [11"16'55] QTA-SCORTA-NON-PROGRAMMATA
 [21/03/24] - [11"16'55] QTA ORD = art-qta-epal (00000056)
 [21/03/24] - [11"16'55] rof-qta-ord: 00000056 - rof-qta-imballi: 0001
 [21/03/24] - [11"16'55] QTA ORD = Gi impostata
 [21/03/24] - [11"16'55] SCRITTA RIGA NO PROGRAMMAZIONE: 2024 - 00001313 - 00008 - ARTICOLO: 037563 - QTA: 00000056
 [21/03/24] - [11"16'55] CICLO COPERTURA FABBISGNO PROGRAMMAZIONE
 [21/03/24] - [11"16'55] FINE CREAZIONE ORDINI
 [21/03/24] - [11"16'55] FINE ELABORAZIONE
