 [19/04/24] - [23"55'47] INIZIO ELABORAZIONE
 [19/04/24] - [23"55'49] INIZIO CREAZIONE ORDINI
 [19/04/24] - [23"55'51] SCRITTA COPERTURA PER ARTICOLO: 022304 - FORNITORE: 01690 - LISTINO: 05589
 [19/04/24] - [23"55'51] CICLO COPERTURA FABBISOGNO NO PROGRAMMAZIONE
 [19/04/24] - [23"55'51] CICLO COPERTURA FABBISGNO PROGRAMMAZIONE
 [19/04/24] - [23"55'51] TRATTO ARTICOLO: 022304 - MAG: LBX
 [19/04/24] - [23"55'51] QTA TOT: 000000000000720 - MOQ ARTICOLO: 00000720. UTILIZZO ART-MOQ
 [19/04/24] - [23"55'51] ULTIMO MESE MOQ: 02 - TOT QTA MOQ: 000000000000720 - QTA EPAL: 00000720 - BANCALI: 000001
 [19/04/24] - [23"55'51] TOT QTA MOQ: 000000000000720 - MESE 2: 00000249 - MESE 3: 00000249 - MESE 4: 00000249 - MESE 5: 00000249 - MESE 6: 00000249
 [19/04/24] - [23"55'51] QTA ORD = CPFM-QTA-M(02)
 [19/04/24] - [23"55'51] rof-qta-ord: 00000720 - rof-qta-imballi: 0012
 [19/04/24] - [23"55'51] QTA ORD = Già impostata
 [19/04/24] - [23"55'51] QTA ORD = ROF-QTA-ORD(00000720), DOPO CHECK-IMBALLO
 [19/04/24] - [23"55'51] DOPO RICALCOLO MOQ: - MESE 1: 00000000 - MESE 2: 00000720 - MESE 3: 00000000 - MESE 4: 00000000 - MESE 5: 00000000 - MESE 6: 00000000
 [19/04/24] - [23"55'51] SCRITTA TESTATA PROGRAMMAZIONE: 2024 - 00003130
 [19/04/24] - [23"55'51] SCRITTA TESTATA PROGRAMMAZIONE: 2024 - 00003131
 [19/04/24] - [23"55'51] SCRITTA TESTATA PROGRAMMAZIONE: 2024 - 00003132
 [19/04/24] - [23"55'51] SCRITTA TESTATA PROGRAMMAZIONE: 2024 - 00003133
 [19/04/24] - [23"55'51] SCRITTA TESTATA PROGRAMMAZIONE: 2024 - 00003134
 [19/04/24] - [23"55'51] SCRITTA TESTATA PROGRAMMAZIONE: 2024 - 00003135
