 [20/04/24] - [01"14'44] INIZIO ELABORAZIONE
 [20/04/24] - [01"14'46] INIZIO CREAZIONE ORDINI
 [20/04/24] - [01"14'48] SCRITTA COPERTURA PER ARTICOLO: 022304 - FORNITORE: 01690 - LISTINO: 05589
 [20/04/24] - [01"14'48] CICLO COPERTURA FABBISOGNO NO PROGRAMMAZIONE
 [20/04/24] - [01"14'48] CICLO COPERTURA FABBISGNO PROGRAMMAZIONE
 [20/04/24] - [01"14'48] TRATTO ARTICOLO: 022304 - MAG: LBX
 [20/04/24] - [01"15'56] ULTIMO MESE MOQ: 06 - TOT QTA MOQ: 000000000001050 - QTA EPAL: 00000300 - BANCALI: 000004
 [20/04/24] - [01"15'56] TOT QTA MOQ: 000000000001200 - MESE 2: 00000150 - MESE 3: 00000300 - MESE 4: 00000500 - MESE 5: 00000750 - MESE 6: 00001050
 [20/04/24] - [01"15'56] rof-qta-ord: 00000720 - rof-qta-imballi: 0012
 [20/04/24] - [01"15'56] QTA ORD = Già impostata
 [20/04/24] - [01"15'56] QTA ORD = ROF-QTA-ORD(00000720), DOPO CHECK-IMBALLO
 [20/04/24] - [01"15'56] rof-qta-ord: 00000720 - rof-qta-imballi: 0012
 [20/04/24] - [01"15'56] QTA ORD = Già impostata
 [20/04/24] - [01"15'56] QTA ORD = ROF-QTA-ORD(00000720), DOPO CHECK-IMBALLO
 [20/04/24] - [01"15'56] DOPO RICALCOLO MOQ: - MESE 1: 00000720 - MESE 2: 00000000 - MESE 3: 00000000 - MESE 4: 00000000 - MESE 5: 00000720 - MESE 6: 00000000
 [20/04/24] - [01"15'56] SCRITTA TESTATA PROGRAMMAZIONE: 2024 - 00003172
 [20/04/24] - [01"15'56] SCRITTA TESTATA PROGRAMMAZIONE: 2024 - 00003173
 [20/04/24] - [01"15'56] SCRITTA TESTATA PROGRAMMAZIONE: 2024 - 00003174
 [20/04/24] - [01"15'56] SCRITTA TESTATA PROGRAMMAZIONE: 2024 - 00003175
 [20/04/24] - [01"15'56] SCRITTA TESTATA PROGRAMMAZIONE: 2024 - 00003176
 [20/04/24] - [01"15'56] SCRITTA TESTATA PROGRAMMAZIONE: 2024 - 00003177
 [20/04/24] - [01"15'56] QTA ORD = CPFM-QTA-M(00001): 00000900
 [20/04/24] - [01"15'56] QTA ORD = CPFM-QTA-M(00005): 00000600
 [20/04/24] - [01"15'56] FINE CREAZIONE ORDINI
 [20/04/24] - [01"15'56] FINE ELABORAZIONE
