 [20/04/24] - [01"27'02] INIZIO ELABORAZIONE
 [20/04/24] - [01"27'04] INIZIO CREAZIONE ORDINI
 [20/04/24] - [01"27'06] SCRITTA COPERTURA PER ARTICOLO: 022304 - FORNITORE: 01690 - LISTINO: 05589
 [20/04/24] - [01"27'06] CICLO COPERTURA FABBISOGNO NO PROGRAMMAZIONE
 [20/04/24] - [01"27'06] CICLO COPERTURA FABBISGNO PROGRAMMAZIONE
 [20/04/24] - [01"27'06] TRATTO ARTICOLO: 022304 - MAG: LBX
 [20/04/24] - [01"27'06] ULTIMO MESE MOQ: 06 - TOT QTA MOQ: 000000000001050 - QTA EPAL: 00000300 - BANCALI: 000004
 [20/04/24] - [01"27'06] TOT QTA MOQ: 000000000001200 - MESE 2: 00000150 - MESE 3: 00000300 - MESE 4: 00000500 - MESE 5: 00000750 - MESE 6: 00001050
 [20/04/24] - [01"27'30] rof-qta-ord: 00000720 - rof-qta-imballi: 0012
 [20/04/24] - [01"27'30] QTA ORD = Già impostata
 [20/04/24] - [01"27'30] QTA ORD = ROF-QTA-ORD(00000720), DOPO CHECK-IMBALLO
 [20/04/24] - [01"27'30] rof-qta-ord: 00000720 - rof-qta-imballi: 0012
 [20/04/24] - [01"27'30] QTA ORD = Già impostata
 [20/04/24] - [01"27'30] QTA ORD = ROF-QTA-ORD(00000720), DOPO CHECK-IMBALLO
 [20/04/24] - [01"27'30] DOPO RICALCOLO MOQ: - MESE 1: 00000720 - MESE 2: 00000000 - MESE 3: 00000000 - MESE 4: 00000000 - MESE 5: 00000720 - MESE 6: 00000000
 [20/04/24] - [01"27'30] SCRITTA TESTATA PROGRAMMAZIONE: 2024 - 00003190
 [20/04/24] - [01"27'30] SCRITTA TESTATA PROGRAMMAZIONE: 2024 - 00003191
 [20/04/24] - [01"27'30] SCRITTA TESTATA PROGRAMMAZIONE: 2024 - 00003192
 [20/04/24] - [01"27'30] SCRITTA TESTATA PROGRAMMAZIONE: 2024 - 00003193
 [20/04/24] - [01"27'30] SCRITTA TESTATA PROGRAMMAZIONE: 2024 - 00003194
 [20/04/24] - [01"27'30] SCRITTA TESTATA PROGRAMMAZIONE: 2024 - 00003195
 [20/04/24] - [01"28'03] QTA ORD = CPFM-QTA-M(00001): 00000900
 [20/04/24] - [01"28'03] QTA ORD = CPFM-QTA-M(00005): 00000600
 [20/04/24] - [01"28'03] FINE CREAZIONE ORDINI
 [20/04/24] - [01"28'03] FINE ELABORAZIONE
