 [20/04/24] - [00"41'38] INIZIO ELABORAZIONE
 [20/04/24] - [00"41'40] INIZIO CREAZIONE ORDINI
 [20/04/24] - [00"41'46] SCRITTA COPERTURA PER ARTICOLO: 022304 - FORNITORE: 01690 - LISTINO: 05589
 [20/04/24] - [00"41'46] CICLO COPERTURA FABBISOGNO NO PROGRAMMAZIONE
 [20/04/24] - [00"41'46] CICLO COPERTURA FABBISGNO PROGRAMMAZIONE
 [20/04/24] - [00"41'46] TRATTO ARTICOLO: 022304 - MAG: LBX
 [20/04/24] - [00"41'46] ULTIMO MESE MOQ: 06 - TOT QTA MOQ: 000000000001050 - QTA EPAL: 00000300 - BANCALI: 000004
 [20/04/24] - [00"41'46] TOT QTA MOQ: 000000000001200 - MESE 2: 00000150 - MESE 3: 00000300 - MESE 4: 00000500 - MESE 5: 00000750 - MESE 6: 00001050
 [20/04/24] - [00"41'46] QTA ORD = ART-QTA-EPAL(00000300) * num-bancali (000001)
 [20/04/24] - [00"41'46] rof-qta-ord: 00000300 - rof-qta-imballi: 0012
 [20/04/24] - [00"41'46] QTA ORD = Già impostata
 [20/04/24] - [00"41'46] QTA ORD = ROF-QTA-ORD(00000300), DOPO CHECK-IMBALLO
 [20/04/24] - [00"41'46] QTA ORD = ART-QTA-EPAL(00000300) * num-bancali (000001)
 [20/04/24] - [00"41'46] rof-qta-ord: 00000300 - rof-qta-imballi: 0012
 [20/04/24] - [00"41'46] QTA ORD = Già impostata
 [20/04/24] - [00"41'46] QTA ORD = ROF-QTA-ORD(00000300), DOPO CHECK-IMBALLO
 [20/04/24] - [00"41'46] QTA ORD = ART-QTA-EPAL(00000300) * num-bancali (000001)
 [20/04/24] - [00"41'46] rof-qta-ord: 00000300 - rof-qta-imballi: 0012
 [20/04/24] - [00"41'46] QTA ORD = Già impostata
 [20/04/24] - [00"41'46] QTA ORD = ROF-QTA-ORD(00000300), DOPO CHECK-IMBALLO
 [20/04/24] - [00"41'46] QTA ORD = CPFM-QTA-M(06)
 [20/04/24] - [00"41'46] rof-qta-ord: 00000300 - rof-qta-imballi: 0012
 [20/04/24] - [00"41'46] QTA ORD = Già impostata
 [20/04/24] - [00"41'46] QTA ORD = ROF-QTA-ORD(00000300), DOPO CHECK-IMBALLO
 [20/04/24] - [00"41'46] DOPO RICALCOLO MOQ: - MESE 1: 00000300 - MESE 2: 00000000 - MESE 3: 00000000 - MESE 4: 00000300 - MESE 5: 00000300 - MESE 6: 00000300
 [20/04/24] - [00"41'46] SCRITTA TESTATA PROGRAMMAZIONE: 2024 - 00003154
 [20/04/24] - [00"41'46] SCRITTA TESTATA PROGRAMMAZIONE: 2024 - 00003155
 [20/04/24] - [00"41'46] SCRITTA TESTATA PROGRAMMAZIONE: 2024 - 00003156
 [20/04/24] - [00"41'46] SCRITTA TESTATA PROGRAMMAZIONE: 2024 - 00003157
 [20/04/24] - [00"41'46] SCRITTA TESTATA PROGRAMMAZIONE: 2024 - 00003158
 [20/04/24] - [00"41'46] SCRITTA TESTATA PROGRAMMAZIONE: 2024 - 00003159
 [20/04/24] - [00"41'46] QTA ORD = CPFM-QTA-M(00001): 00000300
 [20/04/24] - [00"41'46] QTA ORD = CPFM-QTA-M(00004): 00000300
 [20/04/24] - [00"41'46] QTA ORD = CPFM-QTA-M(00005): 00000300
 [20/04/24] - [00"41'46] QTA ORD = CPFM-QTA-M(00006): 00000300
 [20/04/24] - [00"41'46] FINE CREAZIONE ORDINI
 [20/04/24] - [00"41'46] FINE ELABORAZIONE
