 [26/04/24] - [19"34'08] INIZIO ELABORAZIONE
 [26/04/24] - [19"34'10] INIZIO CREAZIONE ORDINI
 [26/04/24] - [19"34'12] SCRITTA COPERTURA PER ARTICOLO: 026800 - FORNITORE: 01690 - LISTINO: 05594
 [26/04/24] - [19"34'12] CICLO COPERTURA FABBISOGNO NO PROGRAMMAZIONE
 [26/04/24] - [19"34'12] CICLO COPERTURA FABBISGNO PROGRAMMAZIONE
 [26/04/24] - [19"34'12] TRATTO ARTICOLO: 026800 - MAG: LBX
 [26/04/24] - [19"34'12] ULTIMO MESE MOQ: 06 - TOT QTA MOQ: 000000000000126 - QTA EPAL: 00000032 - BANCALI: 000004
 [26/04/24] - [19"34'12] TOT QTA MOQ: 000000000000128 - MESE 2: 00000012 - MESE 3: 00000068 - MESE 4: 00000091 - MESE 5: 00000103 - MESE 6: 00000126
 [26/04/24] - [19"34'12] MESE: 01 - QTA IMPOSTATA: 00000004
 [26/04/24] - [19"34'12] MESE: 01 - QTA RICALCOLATA: 00000032
 [26/04/24] - [19"34'12] rof-qta-ord: 00000032 - rof-qta-imballi: 0001
 [26/04/24] - [19"34'12] QTA ORD = Già impostata
 [26/04/24] - [19"34'12] QTA ORD = ROF-QTA-ORD(00000032), DOPO CHECK-IMBALLO
 [26/04/24] - [19"34'12] MESE: 03 - QTA IMPOSTATA: 00000056
 [26/04/24] - [19"34'12] MESE: 03 - QTA RICALCOLATA: 00000064
 [26/04/24] - [19"34'12] rof-qta-ord: 00000064 - rof-qta-imballi: 0001
 [26/04/24] - [19"34'12] QTA ORD = Già impostata
 [26/04/24] - [19"34'12] QTA ORD = ROF-QTA-ORD(00000064), DOPO CHECK-IMBALLO
 [26/04/24] - [19"34'12] MESE: 05 - QTA IMPOSTATA: 00000012
 [26/04/24] - [19"34'12] MESE: 05 - QTA RICALCOLATA: 00000032
 [26/04/24] - [19"34'12] rof-qta-ord: 00000032 - rof-qta-imballi: 0001
 [26/04/24] - [19"34'12] QTA ORD = Già impostata
 [26/04/24] - [19"34'12] QTA ORD = ROF-QTA-ORD(00000032), DOPO CHECK-IMBALLO
 [26/04/24] - [19"34'12] DOPO RICALCOLO MOQ: - MESE 1: 00000032 - MESE 2: 00000000 - MESE 3: 00000064 - MESE 4: 00000000 - MESE 5: 00000032 - MESE 6: 00000000
 [26/04/24] - [19"34'12] SCRITTA TESTATA PROGRAMMAZIONE: 2024 - 00003861
 [26/04/24] - [19"34'12] SCRITTA TESTATA PROGRAMMAZIONE: 2024 - 00003862
 [26/04/24] - [19"34'12] SCRITTA TESTATA PROGRAMMAZIONE: 2024 - 00003863
 [26/04/24] - [19"34'12] SCRITTA TESTATA PROGRAMMAZIONE: 2024 - 00003864
 [26/04/24] - [19"34'12] SCRITTA TESTATA PROGRAMMAZIONE: 2024 - 00003865
 [26/04/24] - [19"34'12] SCRITTA TESTATA PROGRAMMAZIONE: 2024 - 00003866
 [26/04/24] - [19"34'12] PRIMA RICALCOLO QTA-ORD: - MESE 1: 00000032 - MESE 2: 00000000 - MESE 3: 00000064 - MESE 4: 00000000 - MESE 5: 00000000 - MESE 6: 00000000
 [26/04/24] - [19"34'12] DOPO RICALCOLO QTA-ORD: - MESE 1: 00000032 - MESE 2: 00000000 - MESE 3: 00000064 - MESE 4: 00000000 - MESE 5: 00000000 - MESE 6: 00000000
 [26/04/24] - [19"34'12] QTA ORD = CPFM-QTA-M(00001): 00000032
 [26/04/24] - [19"34'12] QTA ORD = CPFM-QTA-M(00003): 00000064
 [26/04/24] - [19"34'12] FINE CREAZIONE ORDINI
 [26/04/24] - [19"34'12] FINE ELABORAZIONE
