 [25/11/19] - [10"21'14] INIZIO PROGRAMMA
 [25/11/19] - [10"21'15] INIZIO SOMMA VENDUTI
 [25/11/19] - [10"21'16] FINE SOMMA VENDUTI
 [25/11/19] - [10"21'16] CONTROLLO ESEGUIBILITA'
 [25/11/19] - [10"21'16] CONTROLLO ESEGUIBILITA' OK
 [25/11/19] - [10"21'16] OPEN OUTPUT TMP-FORN
 [25/11/19] - [10"21'16] OPEN OUTPUT TMP-ORDFOR
 [25/11/19] - [10"21'16] QTA-PROMO
 [25/11/19] - [10"21'22] VALORIZZA CAMPI
 [25/11/19] - [10"23'07] RIEMPI GRID
 [25/11/19] - [10"23'09] RIEMPI GRID OK
 [25/11/19] - [10"23'09] INIZIO ELABORAZIONE AUTOMATICA
 [25/11/19] - [10"23'46] INIZIO RICALCOLO
 [25/11/19] - [10"23'46] QTA STORICHE NON AGGIORNATE (1)
 [25/11/19] - [10"23'46] FINE RICALCOLO
 [25/11/19] - [10"23'46] INIZIO SCANSIONE RIGHE GRIGLIA
 [25/11/19] - [10"23'57] FINE SCANSIONE RIGHE GRIGLIA
 [25/11/19] - [10"25'19] NESSUN ARTICOLO DA GENERARE
 [25/11/19] - [10"25'19] FINE ELABORAZIONE AUTOMATICA
 [25/11/19] - [10"25'19] FINE PROGRAMMA
