 [20/04/24] - [01"23'44] INIZIO PROGRAMMA
 [20/04/24] - [01"23'44] INIZIO SOMMA VENDUTI
 [20/04/24] - [01"23'46] FINE SOMMA VENDUTI
 [20/04/24] - [01"23'46] CONTROLLO ESEGUIBILITA'
 [20/04/24] - [01"23'46] CONTROLLO ESEGUIBILITA' OK
 [20/04/24] - [01"23'46] OPEN OUTPUT TMP-FORN
 [20/04/24] - [01"23'46] OPEN OUTPUT TMP-ORDFOR
 [20/04/24] - [01"23'46] QTA-PROMO
 [20/04/24] - [01"23'46] VALORIZZA CAMPI
 [20/04/24] - [01"23'47] RIEMPI GRID
 [20/04/24] - [01"23'47] RIEMPI GRID OK
 [20/04/24] - [01"23'47] INIZIO ELABORAZIONE AUTOMATICA
 [20/04/24] - [01"23'47] INIZIO RICALCOLO
 [20/04/24] - [01"23'47] QTA STORICHE NON AGGIORNATE (1)
 [20/04/24] - [01"23'47] FINE RICALCOLO
 [20/04/24] - [01"23'47] INIZIO SCANSIONE RIGHE GRIGLIA
 [20/04/24] - [01"23'47] FORMULE DI RIFERIMENTO: N1 = ord2-giac + ordinato - ord2-promo || N2 = ( ord2-riordino - ord2-consegna ) * sco-molt-pordini
 [20/04/24] - [01"23'47] ELABORAZIONE ARTICOLO: 022304 - SCORTA: 00000003 - ORDINE AUTO: 1 - IMMEDIATO: 0 - IMPEGNATO: 0
 [20/04/24] - [01"23'47] ARTICOLO OK: N1 (1.547,00) < N2(832,00). ORD2-GIAC(1.547) + COMO-ORDINATO(0) - ORD2-PROMO(0) < ( ORD2-RIORDINO(516,00) - ORD2-CONSEGNA(308,00)) * SCO-MOLT-PORDINI(4,00)
 [20/04/24] - [01"23'47] FINE SCANSIONE RIGHE GRIGLIA
 [20/04/24] - [01"23'47] GENERAZIONE ORDINI FORNITORI
 [20/04/24] - [01"23'47] RICHIAMO PROGRAMMA CREA-ORDFOR
