 [26/11/19] - [01"05'42] INIZIO PROGRAMMA
 [26/11/19] - [01"05'43] INIZIO SOMMA VENDUTI
 [26/11/19] - [01"05'44] FINE SOMMA VENDUTI
 [26/11/19] - [01"05'44] CONTROLLO ESEGUIBILITA'
 [26/11/19] - [01"05'44] CONTROLLO ESEGUIBILITA' OK
 [26/11/19] - [01"05'44] OPEN OUTPUT TMP-FORN
 [26/11/19] - [01"05'44] OPEN OUTPUT TMP-ORDFOR
 [26/11/19] - [01"05'44] QTA-PROMO
 [26/11/19] - [01"05'49] VALORIZZA CAMPI
 [26/11/19] - [01"07'25] RIEMPI GRID
 [26/11/19] - [01"07'27] RIEMPI GRID OK
 [26/11/19] - [01"07'27] INIZIO ELABORAZIONE AUTOMATICA
 [26/11/19] - [01"07'27] INIZIO RICALCOLO
 [26/11/19] - [01"07'33] FINE RICALCOLO
 [26/11/19] - [01"07'33] OPEN OUTPUT TMP-FORN
 [26/11/19] - [01"07'33] OPEN OUTPUT TMP-ORDFOR
 [26/11/19] - [01"07'33] QTA-PROMO
 [26/11/19] - [01"07'38] VALORIZZA CAMPI
 [26/11/19] - [01"09'04] RIEMPI GRID
 [26/11/19] - [01"09'12] RIEMPI GRID OK
 [26/11/19] - [01"09'12] INIZIO SCANSIONE RIGHE GRIGLIA
 [26/11/19] - [01"10'14] FINE SCANSIONE RIGHE GRIGLIA
 [26/11/19] - [01"10'14] GENERAZIONE ORDINI FORNITORI
 [26/11/19] - [01"10'14] RICHIAMO PROGRAMMA CREA-ORDFOR
