 [25/10/22] - [22"48'54] INIZIO PROGRAMMA
 [25/10/22] - [22"48'54] INIZIO SOMMA VENDUTI
 [25/10/22] - [22"48'57] FINE SOMMA VENDUTI
 [25/10/22] - [22"48'57] CONTROLLO ESEGUIBILITA'
 [25/10/22] - [22"48'57] CONTROLLO ESEGUIBILITA' OK
 [25/10/22] - [22"48'57] OPEN OUTPUT TMP-FORN
 [25/10/22] - [22"48'57] OPEN OUTPUT TMP-ORDFOR
 [25/10/22] - [22"48'58] QTA-PROMO
 [25/10/22] - [22"49'01] VALORIZZA CAMPI
 [25/10/22] - [22"53'29] RIEMPI GRID
 [25/10/22] - [22"53'35] RIEMPI GRID OK
 [25/10/22] - [22"53'35] INIZIO ELABORAZIONE AUTOMATICA
 [25/10/22] - [22"53'35] INIZIO RICALCOLO
 [25/10/22] - [22"53'35] QTA STORICHE NON AGGIORNATE (1)
 [25/10/22] - [22"53'35] FINE RICALCOLO
 [25/10/22] - [22"53'35] INIZIO SCANSIONE RIGHE GRIGLIA
 [25/10/22] - [22"53'36] FINE SCANSIONE RIGHE GRIGLIA
 [25/10/22] - [22"53'36] NESSUN ARTICOLO DA GENERARE
 [25/10/22] - [22"53'36] FINE ELABORAZIONE AUTOMATICA
 [25/10/22] - [22"53'36] FINE PROGRAMMA
