 [17/05/24] - [12"11'42] INIZIO ELABORAZIONE
 [17/05/24] - [12"11'42] CONTROLLO ESISTENZA CARTELLE OK
 [17/05/24] - [12"11'42]
 [17/05/24] - [12"11'42] ELABORAZIONE FILE f:\lubex\GESLUX\EDI\test\import\app_do_20240516074648_20240516_17562832_20240517_12095892_20240517_12111943
 [17/05/24] - [12"11'42] CREAZIONE FILE BACKUP : f:\lubex\GESLUX\EDI\test\backup\app_do_20240516074648_20240516_17562832_20240517_12095892_20240517_12111943_20240517_12114298
 [17/05/24] - [12"11'42] GENERAZIONE BACKUP RIUSCITA
 [17/05/24] - [12"11'42] CANCELLAZIONE FILE: f:\lubex\GESLUX\EDI\test\import\app_do_20240516074648_20240516_17562832_20240517_12095892_20240517_12111943
 [17/05/24] - [12"11'42] CANCELLAZIONE RIUSCITA
 [17/05/24] - [12"11'42] LAVORAZIONE EFFETTIVA FILE: f:\lubex\GESLUX\EDI\test\backup\app_do_20240516074648_20240516_17562832_20240517_12095892_20240517_12111943_20240517_12114298
 [17/05/24] - [12"11'42] CREATO ORDINE: 2024 - 00213016
 [17/05/24] - [12"11'43]
 [17/05/24] - [12"11'43] ELABORAZIONE FILE f:\lubex\GESLUX\EDI\test\import\app_do_20240516084648_20240516_17562832_20240517_12095892_20240517_12111943
 [17/05/24] - [12"11'43] CREAZIONE FILE BACKUP : f:\lubex\GESLUX\EDI\test\backup\app_do_20240516084648_20240516_17562832_20240517_12095892_20240517_12111943_20240517_12114298
 [17/05/24] - [12"11'43] GENERAZIONE BACKUP RIUSCITA
 [17/05/24] - [12"11'43] CANCELLAZIONE FILE: f:\lubex\GESLUX\EDI\test\import\app_do_20240516084648_20240516_17562832_20240517_12095892_20240517_12111943
 [17/05/24] - [12"11'43] CANCELLAZIONE RIUSCITA
 [17/05/24] - [12"11'43] LAVORAZIONE EFFETTIVA FILE: f:\lubex\GESLUX\EDI\test\backup\app_do_20240516084648_20240516_17562832_20240517_12095892_20240517_12111943_20240517_12114298
 [17/05/24] - [12"11'43] CREATO ORDINE: 2024 - 00213017
 [17/05/24] - [12"11'43]
 [17/05/24] - [12"11'43] ELABORAZIONE FILE f:\lubex\GESLUX\EDI\test\import\MAXIDI_G$3428321133_20240516_17562832_20240517_12095892_20240517_12111943
 [17/05/24] - [12"11'43] CREAZIONE FILE BACKUP : f:\lubex\GESLUX\EDI\test\backup\MAXIDI_G$3428321133_20240516_17562832_20240517_12095892_20240517_12111943_20240517_12114298
 [17/05/24] - [12"11'43] GENERAZIONE BACKUP RIUSCITA
 [17/05/24] - [12"11'43] CANCELLAZIONE FILE: f:\lubex\GESLUX\EDI\test\import\MAXIDI_G$3428321133_20240516_17562832_20240517_12095892_20240517_12111943
 [17/05/24] - [12"11'43] CANCELLAZIONE RIUSCITA
 [17/05/24] - [12"11'43] LAVORAZIONE EFFETTIVA FILE: f:\lubex\GESLUX\EDI\test\backup\MAXIDI_G$3428321133_20240516_17562832_20240517_12095892_20240517_12111943_20240517_12114298
 [17/05/24] - [12"11'43] CREATO ORDINE: 2024 - 00213018
 [17/05/24] - [12"11'43]
 [17/05/24] - [12"11'43] FILES TRATTATI: 003 - OK: 003 - NON ELABORATI: 000
 [17/05/24] - [12"11'43] *** ORDINI TRATTATI: 00004 di cui 00004 da verificare ****
 [17/05/24] - [12"11'43]
 [17/05/24] - [12"11'43] ELABORAZIONE TERMINATA IN: 01 SECONDI
