 [20/04/24] - [00"38'25] INIZIO PROGRAMMA
 [20/04/24] - [00"38'25] INIZIO SOMMA VENDUTI
 [20/04/24] - [00"38'27] FINE SOMMA VENDUTI
 [20/04/24] - [00"38'27] CONTROLLO ESEGUIBILITA'
 [20/04/24] - [00"38'27] CONTROLLO ESEGUIBILITA' OK
 [20/04/24] - [00"38'27] OPEN OUTPUT TMP-FORN
 [20/04/24] - [00"38'27] OPEN OUTPUT TMP-ORDFOR
 [20/04/24] - [00"38'27] QTA-PROMO
 [20/04/24] - [00"38'27] VALORIZZA CAMPI
 [20/04/24] - [00"38'27] RIEMPI GRID
 [20/04/24] - [00"38'28] RIEMPI GRID OK
 [20/04/24] - [00"38'28] INIZIO ELABORAZIONE AUTOMATICA
 [20/04/24] - [00"38'28] INIZIO RICALCOLO
 [20/04/24] - [00"38'28] QTA STORICHE NON AGGIORNATE (1)
 [20/04/24] - [00"38'28] FINE RICALCOLO
 [20/04/24] - [00"38'28] INIZIO SCANSIONE RIGHE GRIGLIA
 [20/04/24] - [00"38'28] FORMULE DI RIFERIMENTO: N1 = ord2-giac + ordinato - ord2-promo || N2 = ( ord2-riordino - ord2-consegna ) * sco-molt-pordini
 [20/04/24] - [00"38'28] ELABORAZIONE ARTICOLO: 022304 - SCORTA: 00000003 - ORDINE AUTO: 1 - IMMEDIATO: 0 - IMPEGNATO: 0
 [20/04/24] - [00"38'28] ARTICOLO OK: N1 (1.547,00) < N2(832,00). ORD2-GIAC(1.547) + COMO-ORDINATO(0) - ORD2-PROMO(0) < ( ORD2-RIORDINO(516,00) - ORD2-CONSEGNA(308,00)) * SCO-MOLT-PORDINI(4,00)
 [20/04/24] - [00"38'28] FINE SCANSIONE RIGHE GRIGLIA
 [20/04/24] - [00"38'28] GENERAZIONE ORDINI FORNITORI
 [20/04/24] - [00"38'28] RICHIAMO PROGRAMMA CREA-ORDFOR
 [20/04/24] - [00"39'13] FINE RICHIAMO PROGRAMMA CREA-ORDFOR
 [20/04/24] - [00"39'13] STAMPE ORDINI
 [20/04/24] - [00"39'13] STAMPE UFFICIO ALTRO SU STAMPANTE: doPDF 11
 [20/04/24] - [00"39'17] FINE STAMPE ORDINI
 [20/04/24] - [00"39'17] RIGENERAZIONE QTA VENDUTI
 [20/04/24] - [00"39'17] QTA STORICHE NON AGGIORNATE (1)
 [20/04/24] - [00"39'17] FINE RIGENERAZIONE QTA VENDUTI
 [20/04/24] - [00"39'17] FINE ELABORAZIONE AUTOMATICA
 [20/04/24] - [00"39'17] FINE PROGRAMMA
