 [19/09/22] - [22"06'51] INIZIO PROGRAMMA
 [19/09/22] - [22"06'54] INIZIO SOMMA VENDUTI
 [19/09/22] - [22"07'15] FINE SOMMA VENDUTI
 [19/09/22] - [22"07'15] CONTROLLO ESEGUIBILITA'
 [19/09/22] - [22"07'15] CONTROLLO ESEGUIBILITA' OK
 [19/09/22] - [22"07'20] OPEN OUTPUT TMP-FORN
 [19/09/22] - [22"07'20] OPEN OUTPUT TMP-ORDFOR
 [19/09/22] - [22"07'20] QTA-PROMO
 [19/09/22] - [22"07'24] VALORIZZA CAMPI
 [19/09/22] - [22"07'25] RIEMPI GRID
 [19/09/22] - [22"07'25] RIEMPI GRID OK
 [19/09/22] - [22"07'33] INIZIO ELABORAZIONE AUTOMATICA
 [19/09/22] - [22"07'37] INIZIO RICALCOLO
 [19/09/22] - [22"07'39] QTA STORICHE NON AGGIORNATE (1)
 [19/09/22] - [22"07'41] FINE RICALCOLO
 [19/09/22] - [22"08'44] OPEN OUTPUT TMP-FORN
 [19/09/22] - [22"08'44] OPEN OUTPUT TMP-ORDFOR
 [19/09/22] - [22"08'44] QTA-PROMO
 [19/09/22] - [22"08'47] VALORIZZA CAMPI
 [19/09/22] - [22"08'48] RIEMPI GRID
 [19/09/22] - [22"08'48] RIEMPI GRID OK
 [19/09/22] - [22"08'48] INIZIO SCANSIONE RIGHE GRIGLIA
 [19/09/22] - [22"08'48] ELABORAZIONE ARTICOLO: 029768 - SCORTA: 00000003 - ORDINE AUTO: 1 - IMMEDIATO: 0 - IMPEGNATO: 00000000
 [19/09/22] - [22"08'48] ARTICOLO KO.  - N1 (000000000001020000) >= N2(000000000000240000). ORD2-GIAC(00000084) + COMO-ORDINATO(00000960) - ORD2-PROMO(00000024) >= ( ORD2-RIORDINO(00000015900) - ORD2-CONSEGNA(00000009900)) * SCO-MOLT-PORDINI(0400)00000000
 [19/09/22] - [22"08'48] FINE SCANSIONE RIGHE GRIGLIA
 [19/09/22] - [22"08'48] NESSUN ARTICOLO DA GENERARE
 [19/09/22] - [22"08'48] FINE ELABORAZIONE AUTOMATICA
 [19/09/22] - [22"08'48] FINE PROGRAMMA
