 [17/05/24] - [12"13'43] INIZIO ELABORAZIONE
 [17/05/24] - [12"13'43] CONTROLLO ESISTENZA CARTELLE OK
 [17/05/24] - [12"13'43]
 [17/05/24] - [12"13'43] ELABORAZIONE FILE f:\lubex\GESLUX\EDI\test\import\OBI_D$3428106020_20240517_12131914
 [17/05/24] - [12"13'43] CREAZIONE FILE BACKUP : f:\lubex\GESLUX\EDI\test\backup\OBI_D$3428106020_20240517_12131914_20240517_12134339
 [17/05/24] - [12"13'43] GENERAZIONE BACKUP RIUSCITA
 [17/05/24] - [12"13'43] CANCELLAZIONE FILE: f:\lubex\GESLUX\EDI\test\import\OBI_D$3428106020_20240517_12131914
 [17/05/24] - [12"13'43] CANCELLAZIONE RIUSCITA
 [17/05/24] - [12"13'43] LAVORAZIONE EFFETTIVA FILE: f:\lubex\GESLUX\EDI\test\backup\OBI_D$3428106020_20240517_12131914_20240517_12134339
 [17/05/24] - [12"13'43] CREATO ORDINE: 2024 - 00213040
 [17/05/24] - [12"13'43] CREATO ORDINE: 2024 - 00213041
 [17/05/24] - [12"13'43] CREATO ORDINE: 2024 - 00213042
 [17/05/24] - [12"13'43] CREATO ORDINE: 2024 - 00213043
 [17/05/24] - [12"13'43] CREATO ORDINE: 2024 - 00213044
 [17/05/24] - [12"13'43] CREATO ORDINE: 2024 - 00213045
 [17/05/24] - [12"13'43] CREATO ORDINE: 2024 - 00213046
 [17/05/24] - [12"13'43] CREATO ORDINE: 2024 - 00213047
 [17/05/24] - [12"13'43] CREATO ORDINE: 2024 - 00213048
 [17/05/24] - [12"13'44]
 [17/05/24] - [12"13'44] FILES TRATTATI: 001 - OK: 001 - NON ELABORATI: 000
 [17/05/24] - [12"13'44] *** ORDINI TRATTATI: 00010 di cui 00010 da verificare ****
 [17/05/24] - [12"13'44]
 [17/05/24] - [12"13'44] ELABORAZIONE TERMINATA IN: 01 SECONDI
