 [02/11/21] - [15"02'26] INIZIO ELABORAZIONE
 [02/11/21] - [15"02'26] CONTROLLO ESISTENZA CARTELLE OK
 [02/11/21] - [15"02'26]
 [02/11/21] - [15"02'26] ELABORAZIONE FILE f:\lubex\GESLUX\EDI\test\import\portale20210514150726-1_20211013_16470292
 [02/11/21] - [15"02'26] CREAZIONE FILE BACKUP : f:\lubex\GESLUX\EDI\test\backup\portale20210514150726-1_20211013_16470292_20211102_15022660
 [02/11/21] - [15"02'26] GENERAZIONE BACKUP RIUSCITA
 [02/11/21] - [15"02'26] CANCELLAZIONE FILE: f:\lubex\GESLUX\EDI\test\import\portale20210514150726-1_20211013_16470292
 [02/11/21] - [15"02'26] CANCELLAZIONE RIUSCITA
 [02/11/21] - [15"02'26] LAVORAZIONE EFFETTIVA FILE: f:\lubex\GESLUX\EDI\test\backup\portale20210514150726-1_20211013_16470292_20211102_15022660
 [02/11/21] - [15"02'26] CREATO ORDINE: 2021 - 00000001
 [02/11/21] - [15"04'48] CREATO ORDINE: 2021 - 00000002
 [02/11/21] - [15"04'48] CREATO ORDINE: 2021 - 00000003
 [02/11/21] - [15"04'48] CREATO ORDINE: 2021 - 00000004
 [02/11/21] - [15"04'48] CREATO ORDINE: 2021 - 00000005
 [02/11/21] - [15"04'48] CREATO ORDINE: 2021 - 00000006
 [02/11/21] - [15"04'48] CREATO ORDINE: 2021 - 00000007
 [02/11/21] - [15"04'48] CREATO ORDINE: 2021 - 00000008
 [02/11/21] - [15"04'48] CREATO ORDINE: 2021 - 00000009
 [02/11/21] - [15"04'48] CREATO ORDINE: 2021 - 00000010
 [02/11/21] - [15"04'48] CREATO ORDINE: 2021 - 00000011
 [02/11/21] - [15"04'48] CREATO ORDINE: 2021 - 00000012
 [02/11/21] - [15"04'48] CREATO ORDINE: 2021 - 00000013
 [02/11/21] - [15"04'48] CREATO ORDINE: 2021 - 00000014
 [02/11/21] - [15"04'48] CREATO ORDINE: 2021 - 00000015
 [02/11/21] - [15"04'48] CREATO ORDINE: 2021 - 00000016
 [02/11/21] - [15"04'48] CREATO ORDINE: 2021 - 00000017
 [02/11/21] - [15"04'48] CREATO ORDINE: 2021 - 00000018
 [02/11/21] - [15"04'48] CREATO ORDINE: 2021 - 00000019
 [02/11/21] - [15"04'48] CREATO ORDINE: 2021 - 00000020
 [02/11/21] - [15"04'48] CREATO ORDINE: 2021 - 00000021
 [02/11/21] - [15"04'48] CREATO ORDINE: 2021 - 00000022
 [02/11/21] - [15"04'48] CREATO ORDINE: 2021 - 00000023
 [02/11/21] - [15"04'48] CREATO ORDINE: 2021 - 00000024
 [02/11/21] - [15"04'48] CREATO ORDINE: 2021 - 00000025
 [02/11/21] - [15"04'48] CREATO ORDINE: 2021 - 00000026
 [02/11/21] - [15"04'48] CREATO ORDINE: 2021 - 00000027
 [02/11/21] - [15"04'48] CREATO ORDINE: 2021 - 00000028
 [02/11/21] - [15"04'48] CREATO ORDINE: 2021 - 00000029
 [02/11/21] - [15"04'48] CREATO ORDINE: 2021 - 00000030
 [02/11/21] - [15"04'48] CREATO ORDINE: 2021 - 00000031
 [02/11/21] - [15"04'48] CREATO ORDINE: 2021 - 00000032
 [02/11/21] - [15"04'48] CREATO ORDINE: 2021 - 00000033
 [02/11/21] - [15"04'48] CREATO ORDINE: 2021 - 00000034
 [02/11/21] - [15"04'48]
 [02/11/21] - [15"04'48] ELABORAZIONE FILE f:\lubex\GESLUX\EDI\test\import\portale20210514150726.csv
 [02/11/21] - [15"04'48] CREAZIONE FILE BACKUP : f:\lubex\GESLUX\EDI\test\backup\portale20210514150726.csv_20211102_15044831
 [02/11/21] - [15"04'48] GENERAZIONE BACKUP RIUSCITA
 [02/11/21] - [15"04'48] CANCELLAZIONE FILE: f:\lubex\GESLUX\EDI\test\import\portale20210514150726.csv
 [02/11/21] - [15"04'48] CANCELLAZIONE RIUSCITA
 [02/11/21] - [15"04'48] LAVORAZIONE EFFETTIVA FILE: f:\lubex\GESLUX\EDI\test\backup\portale20210514150726.csv_20211102_15044831
 [02/11/21] - [15"04'48] CREATO ORDINE: 2021 - 00000035
 [02/11/21] - [15"04'48] CREATO ORDINE: 2021 - 00000036
 [02/11/21] - [15"04'48]
 [02/11/21] - [15"04'48] FILES TRATTATI: 002 - OK: 002 - NON ELABORATI: 000
 [02/11/21] - [15"04'48] *** ORDINI TRATTATI: 00036 di cui 00036 da verificare ****
 [02/11/21] - [15"04'48]
 [02/11/21] - [15"04'48] ELABORAZIONE TERMINATA IN: 02 MINUTI E 22 SECONDI
