 [19/04/24] - [23"53'54] INIZIO PROGRAMMA
 [19/04/24] - [23"53'54] INIZIO SOMMA VENDUTI
 [19/04/24] - [23"53'56] FINE SOMMA VENDUTI
 [19/04/24] - [23"53'56] CONTROLLO ESEGUIBILITA'
 [19/04/24] - [23"53'56] CONTROLLO ESEGUIBILITA' OK
 [19/04/24] - [23"53'56] OPEN OUTPUT TMP-FORN
 [19/04/24] - [23"53'56] OPEN OUTPUT TMP-ORDFOR
 [19/04/24] - [23"53'56] QTA-PROMO
 [19/04/24] - [23"53'56] VALORIZZA CAMPI
 [19/04/24] - [23"53'56] RIEMPI GRID
 [19/04/24] - [23"53'57] RIEMPI GRID OK
 [19/04/24] - [23"53'57] INIZIO ELABORAZIONE AUTOMATICA
 [19/04/24] - [23"53'57] INIZIO RICALCOLO
 [19/04/24] - [23"53'57] QTA STORICHE NON AGGIORNATE (1)
 [19/04/24] - [23"53'57] FINE RICALCOLO
 [19/04/24] - [23"53'57] INIZIO SCANSIONE RIGHE GRIGLIA
 [19/04/24] - [23"53'57] FORMULE DI RIFERIMENTO: N1 = ord2-giac + ordinato - ord2-promo || N2 = ( ord2-riordino - ord2-consegna ) * sco-molt-pordini
 [19/04/24] - [23"53'57] ELABORAZIONE ARTICOLO: 022304 - SCORTA: 00000003 - ORDINE AUTO: 1 - IMMEDIATO: 0 - IMPEGNATO: 0
 [19/04/24] - [23"53'57] ARTICOLO OK: N1 (1.547,00) < N2(832,00). ORD2-GIAC(1.547) + COMO-ORDINATO(0) - ORD2-PROMO(0) < ( ORD2-RIORDINO(516,00) - ORD2-CONSEGNA(308,00)) * SCO-MOLT-PORDINI(4,00)
 [19/04/24] - [23"53'57] FINE SCANSIONE RIGHE GRIGLIA
 [19/04/24] - [23"53'57] GENERAZIONE ORDINI FORNITORI
 [19/04/24] - [23"53'57] RICHIAMO PROGRAMMA CREA-ORDFOR
 [19/04/24] - [23"54'26] FINE RICHIAMO PROGRAMMA CREA-ORDFOR
 [19/04/24] - [23"54'26] STAMPE ORDINI
 [19/04/24] - [23"54'26] STAMPE UFFICIO ALTRO SU STAMPANTE: doPDF 11
 [19/04/24] - [23"54'32] FINE STAMPE ORDINI
 [19/04/24] - [23"54'32] RIGENERAZIONE QTA VENDUTI
 [19/04/24] - [23"54'32] QTA STORICHE NON AGGIORNATE (1)
 [19/04/24] - [23"54'32] FINE RIGENERAZIONE QTA VENDUTI
 [19/04/24] - [23"54'32] FINE ELABORAZIONE AUTOMATICA
 [19/04/24] - [23"54'32] FINE PROGRAMMA
