 [13/04/24] - [00"07'01] INIZIO ELABORAZIONE
 [13/04/24] - [00"07'01] CONTROLLO ESISTENZA CARTELLE OK
 [13/04/24] - [00"07'01]
 [13/04/24] - [00"07'01] ELABORAZIONE FILE f:\lubex\GESLUX\EDI\test\import\CARREFOUR_C$3377435064_20240112_07000368_20240124_19095839_20240124_23411903
 [13/04/24] - [00"07'01] CREAZIONE FILE BACKUP : f:\lubex\GESLUX\EDI\test\backup\CARREFOUR_C$3377435064_20240112_07000368_20240124_19095839_20240124_23411903_20240413_00070120
 [13/04/24] - [00"07'01] GENERAZIONE BACKUP RIUSCITA
 [13/04/24] - [00"07'01] CANCELLAZIONE FILE: f:\lubex\GESLUX\EDI\test\import\CARREFOUR_C$3377435064_20240112_07000368_20240124_19095839_20240124_23411903
 [13/04/24] - [00"07'01] CANCELLAZIONE RIUSCITA
 [13/04/24] - [00"07'01] LAVORAZIONE EFFETTIVA FILE: f:\lubex\GESLUX\EDI\test\backup\CARREFOUR_C$3377435064_20240112_07000368_20240124_19095839_20240124_23411903_20240413_00070120
 [13/04/24] - [00"07'01] CREATO ORDINE: 2024 - 00209160
 [13/04/24] - [00"07'20] CREATO ORDINE: 2024 - 00209161
 [13/04/24] - [00"07'25] CREATO ORDINE: 2024 - 00209162
 [13/04/24] - [00"07'29] CREATO ORDINE: 2024 - 00209163
 [13/04/24] - [00"07'38] CREATO ORDINE: 2024 - 00209164
 [13/04/24] - [00"07'43] CREATO ORDINE: 2024 - 00209165
 [13/04/24] - [00"07'44] CREATO ORDINE: 2024 - 00209166
 [13/04/24] - [00"07'44] CREATO ORDINE: 2024 - 00209167
 [13/04/24] - [00"07'45] CREATO ORDINE: 2024 - 00209168
 [13/04/24] - [00"07'45] CREATO ORDINE: 2024 - 00209169
 [13/04/24] - [00"07'46] CREATO ORDINE: 2024 - 00209170
 [13/04/24] - [00"07'47]
 [13/04/24] - [00"07'47] FILES TRATTATI: 001 - OK: 001 - NON ELABORATI: 000
 [13/04/24] - [00"07'47] *** ORDINI TRATTATI: 00012 di cui 00012 da verificare ****
 [13/04/24] - [00"07'47]
 [13/04/24] - [00"07'47] ELABORAZIONE TERMINATA IN: 46 SECONDI
