 [04/01/23] - [15"38'58] INIZIO ELABORAZIONE
 [04/01/23] - [15"38'58] CONTROLLO ESISTENZA CARTELLE OK
 [04/01/23] - [15"38'58]
 [04/01/23] - [15"38'58] ELABORAZIONE FILE f:\lubex\GESLUX\EDI\test\import\COOPCNNA_G$3228990413_20230104_01364008
 [04/01/23] - [15"38'58] CREAZIONE FILE BACKUP : f:\lubex\GESLUX\EDI\test\backup\COOPCNNA_G$3228990413_20230104_01364008_20230104_15385811
 [04/01/23] - [15"38'58] GENERAZIONE BACKUP RIUSCITA
 [04/01/23] - [15"38'58] CANCELLAZIONE FILE: f:\lubex\GESLUX\EDI\test\import\COOPCNNA_G$3228990413_20230104_01364008
 [04/01/23] - [15"38'58] CANCELLAZIONE RIUSCITA
 [04/01/23] - [15"38'58] LAVORAZIONE EFFETTIVA FILE: f:\lubex\GESLUX\EDI\test\backup\COOPCNNA_G$3228990413_20230104_01364008_20230104_15385811
 [04/01/23] - [15"39'07] CREATO ORDINE: 2022 - 00154924
 [04/01/23] - [15"39'07]
 [04/01/23] - [15"39'07] ELABORAZIONE FILE f:\lubex\GESLUX\EDI\test\import\COOPCNNA_G$3228990422_20230104_01364008
 [04/01/23] - [15"39'07] CREAZIONE FILE BACKUP : f:\lubex\GESLUX\EDI\test\backup\COOPCNNA_G$3228990422_20230104_01364008_20230104_15385811
 [04/01/23] - [15"39'07] GENERAZIONE BACKUP RIUSCITA
 [04/01/23] - [15"39'07] CANCELLAZIONE FILE: f:\lubex\GESLUX\EDI\test\import\COOPCNNA_G$3228990422_20230104_01364008
 [04/01/23] - [15"39'07] CANCELLAZIONE RIUSCITA
 [04/01/23] - [15"39'07] LAVORAZIONE EFFETTIVA FILE: f:\lubex\GESLUX\EDI\test\backup\COOPCNNA_G$3228990422_20230104_01364008_20230104_15385811
 [04/01/23] - [15"39'07] CREATO ORDINE: 2022 - 00154925
 [04/01/23] - [15"39'07]
 [04/01/23] - [15"39'07] FILES TRATTATI: 002 - OK: 002 - NON ELABORATI: 000
 [04/01/23] - [15"39'07] *** ORDINI TRATTATI: 00003 di cui 00003 da verificare ****
 [04/01/23] - [15"39'07]
 [04/01/23] - [15"39'07] ELABORAZIONE TERMINATA IN: 09 SECONDI
