 [26/04/24] - [19"34'02] INIZIO PROGRAMMA
 [26/04/24] - [19"34'02] INIZIO SOMMA VENDUTI
 [26/04/24] - [19"34'04] FINE SOMMA VENDUTI
 [26/04/24] - [19"34'04] CONTROLLO ESEGUIBILITA'
 [26/04/24] - [19"34'04] CONTROLLO ESEGUIBILITA' OK
 [26/04/24] - [19"34'04] OPEN OUTPUT TMP-FORN
 [26/04/24] - [19"34'04] OPEN OUTPUT TMP-ORDFOR
 [26/04/24] - [19"34'04] QTA-PROMO
 [26/04/24] - [19"34'08] VALORIZZA CAMPI
 [26/04/24] - [19"34'08] RIEMPI GRID
 [26/04/24] - [19"34'08] RIEMPI GRID OK
 [26/04/24] - [19"34'08] INIZIO ELABORAZIONE AUTOMATICA
 [26/04/24] - [19"34'08] INIZIO RICALCOLO
 [26/04/24] - [19"34'08] QTA STORICHE NON AGGIORNATE (1)
 [26/04/24] - [19"34'08] FINE RICALCOLO
 [26/04/24] - [19"34'08] INIZIO SCANSIONE RIGHE GRIGLIA
 [26/04/24] - [19"34'08] FORMULE DI RIFERIMENTO: N1 = ord2-giac + ordinato - ord2-promo || N2 = ( ord2-riordino - ord2-consegna ) * sco-molt-pordini
 [26/04/24] - [19"34'08] ELABORAZIONE ARTICOLO: 026800 - SCORTA: 00000003 - ORDINE AUTO: 1 - IMMEDIATO: 0 - IMPEGNATO: 0
 [26/04/24] - [19"34'08] ARTICOLO OK: N1 (82,00) < N2(44,00). ORD2-GIAC(82) + COMO-ORDINATO(0) - ORD2-PROMO(0) < ( ORD2-RIORDINO(37,00) - ORD2-CONSEGNA(26,00)) * SCO-MOLT-PORDINI(4,00)
 [26/04/24] - [19"34'08] FINE SCANSIONE RIGHE GRIGLIA
 [26/04/24] - [19"34'08] GENERAZIONE ORDINI FORNITORI
 [26/04/24] - [19"34'08] RICHIAMO PROGRAMMA CREA-ORDFOR
 [26/04/24] - [19"34'12] FINE RICHIAMO PROGRAMMA CREA-ORDFOR
 [26/04/24] - [19"34'12] STAMPE ORDINI
 [26/04/24] - [19"34'12] STAMPE UFFICIO ALTRO SU STAMPANTE: doPDF 11
 [26/04/24] - [19"34'18] FINE STAMPE ORDINI
 [26/04/24] - [19"34'18] RIGENERAZIONE QTA VENDUTI
 [26/04/24] - [19"34'18] QTA STORICHE NON AGGIORNATE (1)
 [26/04/24] - [19"34'18] FINE RIGENERAZIONE QTA VENDUTI
 [26/04/24] - [19"34'18] FINE ELABORAZIONE AUTOMATICA
 [26/04/24] - [19"34'18] FINE PROGRAMMA
