 [20/04/24] - [00"01'29] INIZIO PROGRAMMA
 [20/04/24] - [00"01'29] INIZIO SOMMA VENDUTI
 [20/04/24] - [00"01'31] FINE SOMMA VENDUTI
 [20/04/24] - [00"01'31] CONTROLLO ESEGUIBILITA'
 [20/04/24] - [00"01'31] CONTROLLO ESEGUIBILITA' OK
 [20/04/24] - [00"01'31] OPEN OUTPUT TMP-FORN
 [20/04/24] - [00"01'31] OPEN OUTPUT TMP-ORDFOR
 [20/04/24] - [00"01'31] QTA-PROMO
 [20/04/24] - [00"01'31] VALORIZZA CAMPI
 [20/04/24] - [00"01'32] RIEMPI GRID
 [20/04/24] - [00"01'32] RIEMPI GRID OK
 [20/04/24] - [00"01'32] INIZIO ELABORAZIONE AUTOMATICA
 [20/04/24] - [00"01'32] INIZIO RICALCOLO
 [20/04/24] - [00"01'32] QTA STORICHE NON AGGIORNATE (1)
 [20/04/24] - [00"01'32] FINE RICALCOLO
 [20/04/24] - [00"01'32] INIZIO SCANSIONE RIGHE GRIGLIA
 [20/04/24] - [00"01'32] FORMULE DI RIFERIMENTO: N1 = ord2-giac + ordinato - ord2-promo || N2 = ( ord2-riordino - ord2-consegna ) * sco-molt-pordini
 [20/04/24] - [00"01'32] ELABORAZIONE ARTICOLO: 022304 - SCORTA: 00000003 - ORDINE AUTO: 1 - IMMEDIATO: 0 - IMPEGNATO: 0
 [20/04/24] - [00"01'32] ARTICOLO OK: N1 (1.547,00) < N2(832,00). ORD2-GIAC(1.547) + COMO-ORDINATO(0) - ORD2-PROMO(0) < ( ORD2-RIORDINO(516,00) - ORD2-CONSEGNA(308,00)) * SCO-MOLT-PORDINI(4,00)
 [20/04/24] - [00"01'32] FINE SCANSIONE RIGHE GRIGLIA
 [20/04/24] - [00"01'32] GENERAZIONE ORDINI FORNITORI
 [20/04/24] - [00"01'32] RICHIAMO PROGRAMMA CREA-ORDFOR
 [20/04/24] - [00"03'03] FINE RICHIAMO PROGRAMMA CREA-ORDFOR
 [20/04/24] - [00"03'03] STAMPE ORDINI
 [20/04/24] - [00"03'03] STAMPE UFFICIO ALTRO SU STAMPANTE: doPDF 11
 [20/04/24] - [00"03'09] FINE STAMPE ORDINI
 [20/04/24] - [00"03'09] RIGENERAZIONE QTA VENDUTI
 [20/04/24] - [00"03'09] QTA STORICHE NON AGGIORNATE (1)
 [20/04/24] - [00"03'09] FINE RIGENERAZIONE QTA VENDUTI
 [20/04/24] - [00"03'09] FINE ELABORAZIONE AUTOMATICA
 [20/04/24] - [00"03'09] FINE PROGRAMMA
