 [06/12/20] - [00"52'52] INIZIO PROGRAMMA
 [06/12/20] - [00"52'52] INIZIO SOMMA VENDUTI
 [06/12/20] - [00"52'54] FINE SOMMA VENDUTI
 [06/12/20] - [00"52'54] CONTROLLO ESEGUIBILITA'
 [06/12/20] - [00"52'54] CONTROLLO ESEGUIBILITA' OK
 [06/12/20] - [00"52'54] OPEN OUTPUT TMP-FORN
 [06/12/20] - [00"52'54] OPEN OUTPUT TMP-ORDFOR
 [06/12/20] - [00"52'55] QTA-PROMO
 [06/12/20] - [00"52'58] VALORIZZA CAMPI
 [06/12/20] - [00"54'56] RIEMPI GRID
 [06/12/20] - [00"55'00] RIEMPI GRID OK
 [06/12/20] - [00"55'00] INIZIO ELABORAZIONE AUTOMATICA
 [06/12/20] - [00"55'00] INIZIO RICALCOLO
 [06/12/20] - [00"55'00] QTA STORICHE NON AGGIORNATE (1)
 [06/12/20] - [00"55'00] FINE RICALCOLO
 [06/12/20] - [00"55'00] INIZIO SCANSIONE RIGHE GRIGLIA
 [06/12/20] - [00"55'00] FINE SCANSIONE RIGHE GRIGLIA
 [06/12/20] - [00"55'00] NESSUN ARTICOLO DA GENERARE
 [06/12/20] - [00"55'00] FINE ELABORAZIONE AUTOMATICA
 [06/12/20] - [00"55'00] FINE PROGRAMMA
