 [21/03/24] - [11"11'14] INIZIO PROGRAMMA
 [21/03/24] - [11"11'15] INIZIO SOMMA VENDUTI
 [21/03/24] - [11"11'17] FINE SOMMA VENDUTI
 [21/03/24] - [11"11'17] CONTROLLO ESEGUIBILITA'
 [21/03/24] - [11"11'17] CONTROLLO ESEGUIBILITA' OK
 [21/03/24] - [11"11'17] OPEN OUTPUT TMP-FORN
 [21/03/24] - [11"11'17] OPEN OUTPUT TMP-ORDFOR
 [21/03/24] - [11"11'17] QTA-PROMO
 [21/03/24] - [11"11'17] VALORIZZA CAMPI
 [21/03/24] - [11"11'18] RIEMPI GRID
 [21/03/24] - [11"11'18] RIEMPI GRID OK
 [21/03/24] - [11"11'18] INIZIO ELABORAZIONE AUTOMATICA
 [21/03/24] - [11"11'18] INIZIO RICALCOLO
 [21/03/24] - [11"11'18] QTA STORICHE NON AGGIORNATE (1)
 [21/03/24] - [11"11'18] FINE RICALCOLO
 [21/03/24] - [11"11'18] INIZIO SCANSIONE RIGHE GRIGLIA
 [21/03/24] - [11"11'18] FORMULE DI RIFERIMENTO: N1 = ord2-giac + ordinato - ord2-promo || N2 = ( ord2-riordino - ord2-consegna ) * sco-molt-pordini
 [21/03/24] - [11"11'18] ELABORAZIONE ARTICOLO: 024597 - SCORTA: 00000004 - ORDINE AUTO: 1 - IMMEDIATO: 1 - IMPEGNATO: 0
 [21/03/24] - [11"11'18] ARTICOLO OK: COMO-IMPEGNATO(0) + ORD2-PROMO (97)> 0
 [21/03/24] - [11"11'18] FINE SCANSIONE RIGHE GRIGLIA
 [21/03/24] - [11"11'18] GENERAZIONE ORDINI FORNITORI
 [21/03/24] - [11"11'18] RICHIAMO PROGRAMMA CREA-ORDFOR
 [21/03/24] - [11"11'34] FINE RICHIAMO PROGRAMMA CREA-ORDFOR
 [21/03/24] - [11"11'34] STAMPE ORDINI
 [21/03/24] - [11"11'34] STAMPE UFFICIO ALTRO SU STAMPANTE: doPDF 11
 [21/03/24] - [11"11'59] FINE STAMPE ORDINI
 [21/03/24] - [11"11'59] RIGENERAZIONE QTA VENDUTI
 [21/03/24] - [11"11'59] QTA STORICHE NON AGGIORNATE (1)
 [21/03/24] - [11"11'59] FINE RIGENERAZIONE QTA VENDUTI
 [21/03/24] - [11"11'59] FINE ELABORAZIONE AUTOMATICA
 [21/03/24] - [11"11'59] FINE PROGRAMMA
