 [04/11/21] - [09"19'19] INIZIO ELABORAZIONE
 [04/11/21] - [09"19'19] CONTROLLO ESISTENZA CARTELLE OK
 [04/11/21] - [09"20'07]
 [04/11/21] - [09"20'07] ELABORAZIONE FILE f:\lubex\GESLUX\EDI\test\import\portale20210514150726-0
 [04/11/21] - [09"20'07] CREAZIONE FILE BACKUP : f:\lubex\GESLUX\EDI\test\backup\portale20210514150726-0_20211104_09200713
 [04/11/21] - [09"20'07] GENERAZIONE BACKUP RIUSCITA
 [04/11/21] - [09"20'07] CANCELLAZIONE FILE: f:\lubex\GESLUX\EDI\test\import\portale20210514150726-0
 [04/11/21] - [09"20'07] CANCELLAZIONE RIUSCITA
 [04/11/21] - [09"20'07] LAVORAZIONE EFFETTIVA FILE: f:\lubex\GESLUX\EDI\test\backup\portale20210514150726-0_20211104_09200713
 [04/11/21] - [09"30'45] CREATO ORDINE: 2021 - 00000003
 [04/11/21] - [09"30'45] CREATO ORDINE: 2021 - 00000004
 [04/11/21] - [09"30'45] CREATO ORDINE: 2021 - 00000005
 [04/11/21] - [09"30'45] CREATO ORDINE: 2021 - 00000006
 [04/11/21] - [09"30'45] CREATO ORDINE: 2021 - 00000007
 [04/11/21] - [09"30'45] CREATO ORDINE: 2021 - 00000008
 [04/11/21] - [09"30'45] CREATO ORDINE: 2021 - 00000009
 [04/11/21] - [09"30'45] CREATO ORDINE: 2021 - 00000010
 [04/11/21] - [09"30'45] CREATO ORDINE: 2021 - 00000011
 [04/11/21] - [09"30'45] CREATO ORDINE: 2021 - 00000012
 [04/11/21] - [09"30'45] CREATO ORDINE: 2021 - 00000013
 [04/11/21] - [09"30'45] CREATO ORDINE: 2021 - 00000014
 [04/11/21] - [09"30'45] CREATO ORDINE: 2021 - 00000015
 [04/11/21] - [09"30'45] CREATO ORDINE: 2021 - 00000016
 [04/11/21] - [09"30'45] CREATO ORDINE: 2021 - 00000017
 [04/11/21] - [09"30'45] CREATO ORDINE: 2021 - 00000018
 [04/11/21] - [09"30'45] CREATO ORDINE: 2021 - 00000019
 [04/11/21] - [09"30'45] CREATO ORDINE: 2021 - 00000020
 [04/11/21] - [09"30'45] CREATO ORDINE: 2021 - 00000021
 [04/11/21] - [09"30'46] CREATO ORDINE: 2021 - 00000022
 [04/11/21] - [09"30'46] CREATO ORDINE: 2021 - 00000023
 [04/11/21] - [09"30'46] CREATO ORDINE: 2021 - 00000024
 [04/11/21] - [09"30'46] CREATO ORDINE: 2021 - 00000025
 [04/11/21] - [09"30'46] CREATO ORDINE: 2021 - 00000026
 [04/11/21] - [09"30'46] CREATO ORDINE: 2021 - 00000027
 [04/11/21] - [09"30'46] CREATO ORDINE: 2021 - 00000028
 [04/11/21] - [09"30'46] CREATO ORDINE: 2021 - 00000029
 [04/11/21] - [09"30'46] CREATO ORDINE: 2021 - 00000030
 [04/11/21] - [09"30'46] CREATO ORDINE: 2021 - 00000031
 [04/11/21] - [09"30'46] CREATO ORDINE: 2021 - 00000032
 [04/11/21] - [09"30'46] CREATO ORDINE: 2021 - 00000033
 [04/11/21] - [09"30'46] CREATO ORDINE: 2021 - 00000034
 [04/11/21] - [09"30'46] CREATO ORDINE: 2021 - 00000035
 [04/11/21] - [09"30'46] CREATO ORDINE: 2021 - 00000036
 [04/11/21] - [09"30'46]
 [04/11/21] - [09"30'46] FILES TRATTATI: 001 - OK: 001 - NON ELABORATI: 000
 [04/11/21] - [09"30'46] *** ORDINI TRATTATI: 00035 di cui 00034 da verificare ****
 [04/11/21] - [09"30'46]
 [04/11/21] - [09"30'46] ELABORAZIONE TERMINATA IN: 11 MINUTI E 27 SECONDI
