 [04/10/23] - [12"08'16] INIZIO ELABORAZIONE
 [04/10/23] - [12"08'16] CONTROLLO ESISTENZA CARTELLE OK
 [04/10/23] - [12"08'26]
 [04/10/23] - [12"08'26] ELABORAZIONE FILE f:\lubex\GESLUX\EDI\test\import\albri20221128131501_20221128_13580504_20231004_12073795
 [04/10/23] - [12"08'26] CREAZIONE FILE BACKUP : f:\lubex\GESLUX\EDI\test\backup\albri20221128131501_20221128_13580504_20231004_12073795_20231004_12081602
 [04/10/23] - [12"08'26] GENERAZIONE BACKUP RIUSCITA
 [04/10/23] - [12"08'26] CANCELLAZIONE FILE: f:\lubex\GESLUX\EDI\test\import\albri20221128131501_20221128_13580504_20231004_12073795
 [04/10/23] - [12"08'26] CANCELLAZIONE RIUSCITA
 [04/10/23] - [12"08'26] LAVORAZIONE EFFETTIVA FILE: f:\lubex\GESLUX\EDI\test\backup\albri20221128131501_20221128_13580504_20231004_12073795_20231004_12081602
 [04/10/23] - [12"08'26] CREATO ORDINE: 2023 - 00185680
 [04/10/23] - [12"08'26] CREATO ORDINE: 2023 - 00185681
 [04/10/23] - [12"08'26]
 [04/10/23] - [12"08'26] ELABORAZIONE FILE f:\lubex\GESLUX\EDI\test\import\CARREFOUR_C$3336190742_20231004_09032239_20231004_12073795
 [04/10/23] - [12"08'26] CREAZIONE FILE BACKUP : f:\lubex\GESLUX\EDI\test\backup\CARREFOUR_C$3336190742_20231004_09032239_20231004_12073795_20231004_12081602
 [04/10/23] - [12"08'26] GENERAZIONE BACKUP RIUSCITA
 [04/10/23] - [12"08'26] CANCELLAZIONE FILE: f:\lubex\GESLUX\EDI\test\import\CARREFOUR_C$3336190742_20231004_09032239_20231004_12073795
 [04/10/23] - [12"08'26] CANCELLAZIONE RIUSCITA
 [04/10/23] - [12"08'26] LAVORAZIONE EFFETTIVA FILE: f:\lubex\GESLUX\EDI\test\backup\CARREFOUR_C$3336190742_20231004_09032239_20231004_12073795_20231004_12081602
 [04/10/23] - [12"08'26] CREATO ORDINE: 2023 - 00185682
 [04/10/23] - [12"08'26]
 [04/10/23] - [12"08'26] ELABORAZIONE FILE f:\lubex\GESLUX\EDI\test\import\COOPCNNA_G$3336158262_20231004_09032239_20231004_12073795
 [04/10/23] - [12"08'26] CREAZIONE FILE BACKUP : f:\lubex\GESLUX\EDI\test\backup\COOPCNNA_G$3336158262_20231004_09032239_20231004_12073795_20231004_12081602
 [04/10/23] - [12"08'26] GENERAZIONE BACKUP RIUSCITA
 [04/10/23] - [12"08'26] CANCELLAZIONE FILE: f:\lubex\GESLUX\EDI\test\import\COOPCNNA_G$3336158262_20231004_09032239_20231004_12073795
 [04/10/23] - [12"08'26] CANCELLAZIONE RIUSCITA
 [04/10/23] - [12"08'26] LAVORAZIONE EFFETTIVA FILE: f:\lubex\GESLUX\EDI\test\backup\COOPCNNA_G$3336158262_20231004_09032239_20231004_12073795_20231004_12081602
 [04/10/23] - [12"08'26] CREATO ORDINE: 2023 - 00185683
 [04/10/23] - [12"08'26]
 [04/10/23] - [12"08'26] FILES TRATTATI: 003 - OK: 003 - NON ELABORATI: 000
 [04/10/23] - [12"08'26] *** ORDINI TRATTATI: 00005 di cui 00005 da verificare ****
 [04/10/23] - [12"08'26]
 [04/10/23] - [12"08'26] ELABORAZIONE TERMINATA IN: 10 SECONDI
