 [02/11/21] - [14"58'56] INIZIO ELABORAZIONE
 [02/11/21] - [14"58'56] CONTROLLO ESISTENZA CARTELLE OK
 [02/11/21] - [14"58'56]
 [02/11/21] - [14"58'56] ELABORAZIONE FILE f:\lubex\GESLUX\EDI\test\import\portale20210514150726-0
 [02/11/21] - [14"58'56] CREAZIONE FILE BACKUP : f:\lubex\GESLUX\EDI\test\backup\portale20210514150726-0_20211102_14585608
 [02/11/21] - [14"58'56] GENERAZIONE BACKUP RIUSCITA
 [02/11/21] - [14"58'56] CANCELLAZIONE FILE: f:\lubex\GESLUX\EDI\test\import\portale20210514150726-0
 [02/11/21] - [14"58'56] CANCELLAZIONE RIUSCITA
 [02/11/21] - [14"58'56] LAVORAZIONE EFFETTIVA FILE: f:\lubex\GESLUX\EDI\test\backup\portale20210514150726-0_20211102_14585608
 [02/11/21] - [14"58'56] CREATO ORDINE: 2021 - 00000001
 [02/11/21] - [14"58'56] CREATO ORDINE: 2021 - 00000002
 [02/11/21] - [14"58'56] CREATO ORDINE: 2021 - 00000003
 [02/11/21] - [14"58'56] CREATO ORDINE: 2021 - 00000004
 [02/11/21] - [14"58'56] CREATO ORDINE: 2021 - 00000005
 [02/11/21] - [14"58'56] CREATO ORDINE: 2021 - 00000006
 [02/11/21] - [14"58'56] CREATO ORDINE: 2021 - 00000007
 [02/11/21] - [14"58'56] CREATO ORDINE: 2021 - 00000008
 [02/11/21] - [14"58'56] CREATO ORDINE: 2021 - 00000009
 [02/11/21] - [14"58'56] CREATO ORDINE: 2021 - 00000010
 [02/11/21] - [14"58'56] CREATO ORDINE: 2021 - 00000011
 [02/11/21] - [14"58'56] CREATO ORDINE: 2021 - 00000012
 [02/11/21] - [14"58'56] CREATO ORDINE: 2021 - 00000013
 [02/11/21] - [14"58'56] CREATO ORDINE: 2021 - 00000014
 [02/11/21] - [14"58'56] CREATO ORDINE: 2021 - 00000015
 [02/11/21] - [14"58'56] CREATO ORDINE: 2021 - 00000016
 [02/11/21] - [14"58'56] CREATO ORDINE: 2021 - 00000017
 [02/11/21] - [14"58'56] CREATO ORDINE: 2021 - 00000018
 [02/11/21] - [14"58'56] CREATO ORDINE: 2021 - 00000019
 [02/11/21] - [14"58'56] CREATO ORDINE: 2021 - 00000020
 [02/11/21] - [14"58'56] CREATO ORDINE: 2021 - 00000021
 [02/11/21] - [14"58'56] CREATO ORDINE: 2021 - 00000022
 [02/11/21] - [14"58'56] CREATO ORDINE: 2021 - 00000023
 [02/11/21] - [14"58'56] CREATO ORDINE: 2021 - 00000024
 [02/11/21] - [14"58'56] CREATO ORDINE: 2021 - 00000025
 [02/11/21] - [14"58'56] CREATO ORDINE: 2021 - 00000026
 [02/11/21] - [14"58'56] CREATO ORDINE: 2021 - 00000027
 [02/11/21] - [14"58'56] CREATO ORDINE: 2021 - 00000028
 [02/11/21] - [14"58'56] CREATO ORDINE: 2021 - 00000029
 [02/11/21] - [14"58'56] CREATO ORDINE: 2021 - 00000030
 [02/11/21] - [14"58'56] CREATO ORDINE: 2021 - 00000031
 [02/11/21] - [14"58'56] CREATO ORDINE: 2021 - 00000032
 [02/11/21] - [14"58'56] CREATO ORDINE: 2021 - 00000033
 [02/11/21] - [14"58'56] CREATO ORDINE: 2021 - 00000034
 [02/11/21] - [14"58'56]
 [02/11/21] - [14"58'56] ELABORAZIONE FILE f:\lubex\GESLUX\EDI\test\import\portale20210514150726-2
 [02/11/21] - [14"58'56] CREAZIONE FILE BACKUP : f:\lubex\GESLUX\EDI\test\backup\portale20210514150726-2_20211102_14585632
 [02/11/21] - [14"58'56] GENERAZIONE BACKUP RIUSCITA
 [02/11/21] - [14"58'56] CANCELLAZIONE FILE: f:\lubex\GESLUX\EDI\test\import\portale20210514150726-2
 [02/11/21] - [14"58'56] CANCELLAZIONE RIUSCITA
 [02/11/21] - [14"58'56] LAVORAZIONE EFFETTIVA FILE: f:\lubex\GESLUX\EDI\test\backup\portale20210514150726-2_20211102_14585632
 [02/11/21] - [14"58'56] CREATO ORDINE: 2021 - 00000035
 [02/11/21] - [14"58'56] CREATO ORDINE: 2021 - 00000036
 [02/11/21] - [14"58'56] CREATO ORDINE: 2021 - 00000037
 [02/11/21] - [14"58'56] CREATO ORDINE: 2021 - 00000038
 [02/11/21] - [14"58'56] CREATO ORDINE: 2021 - 00000039
 [02/11/21] - [14"58'56] CREATO ORDINE: 2021 - 00000040
 [02/11/21] - [14"58'56] CREATO ORDINE: 2021 - 00000041
 [02/11/21] - [14"58'56] CREATO ORDINE: 2021 - 00000042
 [02/11/21] - [14"58'56] CREATO ORDINE: 2021 - 00000043
 [02/11/21] - [14"58'56] CREATO ORDINE: 2021 - 00000044
 [02/11/21] - [14"58'56] CREATO ORDINE: 2021 - 00000045
 [02/11/21] - [14"58'56] CREATO ORDINE: 2021 - 00000046
 [02/11/21] - [14"58'56] CREATO ORDINE: 2021 - 00000047
 [02/11/21] - [14"58'56] CREATO ORDINE: 2021 - 00000048
 [02/11/21] - [14"58'56] CREATO ORDINE: 2021 - 00000049
 [02/11/21] - [14"58'56] CREATO ORDINE: 2021 - 00000050
 [02/11/21] - [14"58'56] CREATO ORDINE: 2021 - 00000051
 [02/11/21] - [14"58'56] CREATO ORDINE: 2021 - 00000052
 [02/11/21] - [14"58'56] CREATO ORDINE: 2021 - 00000053
 [02/11/21] - [14"58'56] CREATO ORDINE: 2021 - 00000054
 [02/11/21] - [14"58'56] CREATO ORDINE: 2021 - 00000055
 [02/11/21] - [14"58'56] CREATO ORDINE: 2021 - 00000056
 [02/11/21] - [14"58'56] CREATO ORDINE: 2021 - 00000057
 [02/11/21] - [14"58'56] CREATO ORDINE: 2021 - 00000058
 [02/11/21] - [14"58'56] CREATO ORDINE: 2021 - 00000059
 [02/11/21] - [14"58'56] CREATO ORDINE: 2021 - 00000060
 [02/11/21] - [14"58'56] CREATO ORDINE: 2021 - 00000061
 [02/11/21] - [14"58'56] CREATO ORDINE: 2021 - 00000062
 [02/11/21] - [14"58'56] CREATO ORDINE: 2021 - 00000063
 [02/11/21] - [14"58'56] CREATO ORDINE: 2021 - 00000064
 [02/11/21] - [14"58'56] CREATO ORDINE: 2021 - 00000065
 [02/11/21] - [14"58'56] CREATO ORDINE: 2021 - 00000066
 [02/11/21] - [14"58'56] CREATO ORDINE: 2021 - 00000067
 [02/11/21] - [14"58'56] CREATO ORDINE: 2021 - 00000068
 [02/11/21] - [14"58'56]
 [02/11/21] - [14"58'56] ELABORAZIONE FILE f:\lubex\GESLUX\EDI\test\import\portale20210514150726-3
 [02/11/21] - [14"58'56] CREAZIONE FILE BACKUP : f:\lubex\GESLUX\EDI\test\backup\portale20210514150726-3_20211102_14585653
 [02/11/21] - [14"58'56] GENERAZIONE BACKUP RIUSCITA
 [02/11/21] - [14"58'56] CANCELLAZIONE FILE: f:\lubex\GESLUX\EDI\test\import\portale20210514150726-3
 [02/11/21] - [14"58'56] CANCELLAZIONE RIUSCITA
 [02/11/21] - [14"58'56] LAVORAZIONE EFFETTIVA FILE: f:\lubex\GESLUX\EDI\test\backup\portale20210514150726-3_20211102_14585653
 [02/11/21] - [14"58'56] CREATO ORDINE: 2021 - 00000069
 [02/11/21] - [14"58'56] CREATO ORDINE: 2021 - 00000070
 [02/11/21] - [14"58'56] CREATO ORDINE: 2021 - 00000071
 [02/11/21] - [14"58'56] CREATO ORDINE: 2021 - 00000072
 [02/11/21] - [14"58'56] CREATO ORDINE: 2021 - 00000073
 [02/11/21] - [14"58'56] CREATO ORDINE: 2021 - 00000074
 [02/11/21] - [14"58'56] CREATO ORDINE: 2021 - 00000075
 [02/11/21] - [14"58'56] CREATO ORDINE: 2021 - 00000076
 [02/11/21] - [14"58'56] CREATO ORDINE: 2021 - 00000077
 [02/11/21] - [14"58'56] CREATO ORDINE: 2021 - 00000078
 [02/11/21] - [14"58'56] CREATO ORDINE: 2021 - 00000079
 [02/11/21] - [14"58'56] CREATO ORDINE: 2021 - 00000080
 [02/11/21] - [14"58'56] CREATO ORDINE: 2021 - 00000081
 [02/11/21] - [14"58'56] CREATO ORDINE: 2021 - 00000082
 [02/11/21] - [14"58'56] CREATO ORDINE: 2021 - 00000083
 [02/11/21] - [14"58'56] CREATO ORDINE: 2021 - 00000084
 [02/11/21] - [14"58'56] CREATO ORDINE: 2021 - 00000085
 [02/11/21] - [14"58'56] CREATO ORDINE: 2021 - 00000086
 [02/11/21] - [14"58'56] CREATO ORDINE: 2021 - 00000087
 [02/11/21] - [14"58'56] CREATO ORDINE: 2021 - 00000088
 [02/11/21] - [14"58'56] CREATO ORDINE: 2021 - 00000089
 [02/11/21] - [14"58'56] CREATO ORDINE: 2021 - 00000090
 [02/11/21] - [14"58'56] CREATO ORDINE: 2021 - 00000091
 [02/11/21] - [14"58'56] CREATO ORDINE: 2021 - 00000092
 [02/11/21] - [14"58'56] CREATO ORDINE: 2021 - 00000093
 [02/11/21] - [14"58'56] CREATO ORDINE: 2021 - 00000094
 [02/11/21] - [14"58'56] CREATO ORDINE: 2021 - 00000095
 [02/11/21] - [14"58'56] CREATO ORDINE: 2021 - 00000096
 [02/11/21] - [14"58'56] CREATO ORDINE: 2021 - 00000097
 [02/11/21] - [14"58'56] CREATO ORDINE: 2021 - 00000098
 [02/11/21] - [14"58'56] CREATO ORDINE: 2021 - 00000099
 [02/11/21] - [14"58'56] CREATO ORDINE: 2021 - 00000100
 [02/11/21] - [14"58'56] CREATO ORDINE: 2021 - 00000101
 [02/11/21] - [14"58'56] CREATO ORDINE: 2021 - 00000102
 [02/11/21] - [14"58'56]
 [02/11/21] - [14"58'56] FILES TRATTATI: 003 - OK: 003 - NON ELABORATI: 000
 [02/11/21] - [14"58'56] *** ORDINI TRATTATI: 00102 di cui 00102 da verificare ****
 [02/11/21] - [14"58'56]
 [02/11/21] - [14"58'56] ELABORAZIONE TERMINATA IN: 00 SECONDI
