 [26/04/24] - [19"26'45] INIZIO PROGRAMMA
 [26/04/24] - [19"26'45] INIZIO SOMMA VENDUTI
 [26/04/24] - [19"26'46] FINE SOMMA VENDUTI
 [26/04/24] - [19"26'46] CONTROLLO ESEGUIBILITA'
 [26/04/24] - [19"26'46] CONTROLLO ESEGUIBILITA' OK
 [26/04/24] - [19"26'46] OPEN OUTPUT TMP-FORN
 [26/04/24] - [19"26'46] OPEN OUTPUT TMP-ORDFOR
 [26/04/24] - [19"26'47] QTA-PROMO
 [26/04/24] - [19"26'47] VALORIZZA CAMPI
 [26/04/24] - [19"26'47] RIEMPI GRID
 [26/04/24] - [19"26'47] RIEMPI GRID OK
 [26/04/24] - [19"26'47] INIZIO ELABORAZIONE AUTOMATICA
 [26/04/24] - [19"26'47] INIZIO RICALCOLO
 [26/04/24] - [19"26'47] QTA STORICHE NON AGGIORNATE (1)
 [26/04/24] - [19"26'47] FINE RICALCOLO
 [26/04/24] - [19"26'47] INIZIO SCANSIONE RIGHE GRIGLIA
 [26/04/24] - [19"26'47] FORMULE DI RIFERIMENTO: N1 = ord2-giac + ordinato - ord2-promo || N2 = ( ord2-riordino - ord2-consegna ) * sco-molt-pordini
 [26/04/24] - [19"26'54] ELABORAZIONE ARTICOLO: 026800 - SCORTA: 00000003 - ORDINE AUTO: 1 - IMMEDIATO: 0 - IMPEGNATO: 0
 [26/04/24] - [19"26'54] ARTICOLO OK: N1 (82,00) < N2(44,00). ORD2-GIAC(82) + COMO-ORDINATO(0) - ORD2-PROMO(0) < ( ORD2-RIORDINO(37,00) - ORD2-CONSEGNA(26,00)) * SCO-MOLT-PORDINI(4,00)
 [26/04/24] - [19"26'54] FINE SCANSIONE RIGHE GRIGLIA
 [26/04/24] - [19"26'54] GENERAZIONE ORDINI FORNITORI
 [26/04/24] - [19"26'54] RICHIAMO PROGRAMMA CREA-ORDFOR
 [26/04/24] - [19"27'32] FINE RICHIAMO PROGRAMMA CREA-ORDFOR
 [26/04/24] - [19"27'32] NESSUN MOVIMENTO GENERATO
 [26/04/24] - [19"27'32] FINE GENERAZIONE ORDINI FORNITORI
 [26/04/24] - [19"27'32] FINE ELABORAZIONE AUTOMATICA
 [26/04/24] - [19"27'32] FINE PROGRAMMA
