 [04/01/23] - [15"33'20] INIZIO ELABORAZIONE
 [04/01/23] - [15"33'20] CONTROLLO ESISTENZA CARTELLE OK
 [04/01/23] - [15"33'20]
 [04/01/23] - [15"33'20] ELABORAZIONE FILE f:\lubex\GESLUX\EDI\test\import\COOPCNNA_G$3228990413_20230104_01364008
 [04/01/23] - [15"33'20] CREAZIONE FILE BACKUP : f:\lubex\GESLUX\EDI\test\backup\COOPCNNA_G$3228990413_20230104_01364008_20230104_15332071
 [04/01/23] - [15"33'20] GENERAZIONE BACKUP RIUSCITA
 [04/01/23] - [15"33'20] CANCELLAZIONE FILE: f:\lubex\GESLUX\EDI\test\import\COOPCNNA_G$3228990413_20230104_01364008
 [04/01/23] - [15"33'20] CANCELLAZIONE RIUSCITA
 [04/01/23] - [15"33'20] LAVORAZIONE EFFETTIVA FILE: f:\lubex\GESLUX\EDI\test\backup\COOPCNNA_G$3228990413_20230104_01364008_20230104_15332071
 [04/01/23] - [15"33'20] CREATO ORDINE: 2022 - 00154918
 [04/01/23] - [15"33'20]
 [04/01/23] - [15"33'20] ELABORAZIONE FILE f:\lubex\GESLUX\EDI\test\import\COOPCNNA_G$3228990422_20230104_01364008
 [04/01/23] - [15"33'20] CREAZIONE FILE BACKUP : f:\lubex\GESLUX\EDI\test\backup\COOPCNNA_G$3228990422_20230104_01364008_20230104_15332071
 [04/01/23] - [15"33'20] GENERAZIONE BACKUP RIUSCITA
 [04/01/23] - [15"33'20] CANCELLAZIONE FILE: f:\lubex\GESLUX\EDI\test\import\COOPCNNA_G$3228990422_20230104_01364008
 [04/01/23] - [15"33'20] CANCELLAZIONE RIUSCITA
 [04/01/23] - [15"33'20] LAVORAZIONE EFFETTIVA FILE: f:\lubex\GESLUX\EDI\test\backup\COOPCNNA_G$3228990422_20230104_01364008_20230104_15332071
 [04/01/23] - [15"33'20] CREATO ORDINE: 2022 - 00154919
 [04/01/23] - [15"33'20]
 [04/01/23] - [15"33'20] FILES TRATTATI: 002 - OK: 002 - NON ELABORATI: 000
 [04/01/23] - [15"33'20] *** ORDINI TRATTATI: 00003 di cui 00003 da verificare ****
 [04/01/23] - [15"33'20]
 [04/01/23] - [15"33'20] ELABORAZIONE TERMINATA IN: 00 SECONDI
