 [29/10/22] - [01"55'34] INIZIO PROGRAMMA
 [29/10/22] - [01"55'34] INIZIO SOMMA VENDUTI
 [29/10/22] - [01"55'37] FINE SOMMA VENDUTI
 [29/10/22] - [01"55'37] CONTROLLO ESEGUIBILITA'
 [29/10/22] - [01"55'37] CONTROLLO ESEGUIBILITA' OK
 [29/10/22] - [01"55'37] OPEN OUTPUT TMP-FORN
 [29/10/22] - [01"55'37] OPEN OUTPUT TMP-ORDFOR
 [29/10/22] - [01"55'37] QTA-PROMO
 [29/10/22] - [01"55'40] VALORIZZA CAMPI
 [29/10/22] - [01"59'19] RIEMPI GRID
 [29/10/22] - [01"59'24] RIEMPI GRID OK
 [29/10/22] - [01"59'25] INIZIO ELABORAZIONE AUTOMATICA
 [29/10/22] - [01"59'25] INIZIO RICALCOLO
 [29/10/22] - [01"59'25] QTA STORICHE NON AGGIORNATE (1)
 [29/10/22] - [01"59'25] FINE RICALCOLO
 [29/10/22] - [01"59'25] INIZIO SCANSIONE RIGHE GRIGLIA
 [29/10/22] - [01"59'25] FORMULE DI RIFERIMENTO: N1 = ord2-giac + ordinato - ord2-promo || N2 = ( ord2-riordino - ord2-consegna ) * sco-molt-pordini
 [29/10/22] - [01"59'25] ELABORAZIONE ARTICOLO: 025134 - SCORTA: 00000012 - ORDINE AUTO: 0 - IMMEDIATO: 0 - IMPEGNATO: 0
 [29/10/22] - [01"59'25] ELABORAZIONE ARTICOLO: 025135 - SCORTA: 00000012 - ORDINE AUTO: 0 - IMMEDIATO: 0 - IMPEGNATO: 0
 [29/10/22] - [01"59'25] ELABORAZIONE ARTICOLO: 025136 - SCORTA: 00000012 - ORDINE AUTO: 0 - IMMEDIATO: 0 - IMPEGNATO: 0
 [29/10/22] - [01"59'25] ELABORAZIONE ARTICOLO: 025137 - SCORTA: 00000012 - ORDINE AUTO: 0 - IMMEDIATO: 0 - IMPEGNATO: 0
 [29/10/22] - [01"59'25] ELABORAZIONE ARTICOLO: 025144 - SCORTA: 00000012 - ORDINE AUTO: 0 - IMMEDIATO: 0 - IMPEGNATO: 0
 [29/10/22] - [01"59'25] ELABORAZIONE ARTICOLO: 025143 - SCORTA: 00000012 - ORDINE AUTO: 0 - IMMEDIATO: 0 - IMPEGNATO: 0
 [29/10/22] - [01"59'25] ELABORAZIONE ARTICOLO: 025145 - SCORTA: 00000012 - ORDINE AUTO: 0 - IMMEDIATO: 0 - IMPEGNATO: 0
 [29/10/22] - [01"59'25] ELABORAZIONE ARTICOLO: 001112 - SCORTA: 00000001 - ORDINE AUTO: 1 - IMMEDIATO: 0 - IMPEGNATO: 40
 [29/10/22] - [01"59'25] ARTICOLO KO.  - N1 (380,00) >= N2(294,00). ORD2-GIAC(210) + COMO-ORDINATO(170) - ORD2-PROMO(0) >= ( ORD2-RIORDINO(333,00) - ORD2-CONSEGNA(186,00)) * SCO-MOLT-PORDINI(2,00)
 [29/10/22] - [01"59'25] ELABORAZIONE ARTICOLO: 001184 - SCORTA: 00000007 - ORDINE AUTO: 1 - IMMEDIATO: 0 - IMPEGNATO: 160
 [29/10/22] - [01"59'25] ARTICOLO KO.  - N1 (3.473,00) >= N2(1.156,00). ORD2-GIAC(2.233) + COMO-ORDINATO(1.240) - ORD2-PROMO(0) >= ( ORD2-RIORDINO(991,00) - ORD2-CONSEGNA(702,00)) * SCO-MOLT-PORDINI(4,00)
 [29/10/22] - [01"59'25] ELABORAZIONE ARTICOLO: 001904 - SCORTA: 00000007 - ORDINE AUTO: 1 - IMMEDIATO: 0 - IMPEGNATO: 0
 [29/10/22] - [01"59'25] ARTICOLO KO.  - N1 (670,00) >= N2(260,00). ORD2-GIAC(370) + COMO-ORDINATO(300) - ORD2-PROMO(0) >= ( ORD2-RIORDINO(158,00) - ORD2-CONSEGNA(93,00)) * SCO-MOLT-PORDINI(4,00)
 [29/10/22] - [01"59'25] ELABORAZIONE ARTICOLO: 001725 - SCORTA: 00000007 - ORDINE AUTO: 1 - IMMEDIATO: 0 - IMPEGNATO: 10
 [29/10/22] - [01"59'25] ARTICOLO KO.  - N1 (300,00) >= N2(0,00                ). ORD2-GIAC(0) + COMO-ORDINATO(300) - ORD2-PROMO(0) >= ( ORD2-RIORDINO(121,00) - ORD2-CONSEGNA(49,00)) * SCO-MOLT-PORDINI(4,00)
 [29/10/22] - [01"59'25] ELABORAZIONE ARTICOLO: 001189 - SCORTA: 00000007 - ORDINE AUTO: 1 - IMMEDIATO: 0 - IMPEGNATO: 60
 [29/10/22] - [01"59'25] ARTICOLO KO.  - N1 (491,00) >= N2(284,00). ORD2-GIAC(111) + COMO-ORDINATO(380) - ORD2-PROMO(0) >= ( ORD2-RIORDINO(160,00) - ORD2-CONSEGNA(89,00)) * SCO-MOLT-PORDINI(4,00)
 [29/10/22] - [01"59'25] ELABORAZIONE ARTICOLO: 001180 - SCORTA: 00000007 - ORDINE AUTO: 1 - IMMEDIATO: 0 - IMPEGNATO: 410
 [29/10/22] - [01"59'25] ARTICOLO KO.  - N1 (7.471,00) >= N2(1.908,00). ORD2-GIAC(4.103) + COMO-ORDINATO(3.600) - ORD2-PROMO(232) >= ( ORD2-RIORDINO(2.999,00) - ORD2-CONSEGNA(2.522,00)) * SCO-MOLT-PORDINI(4,00)
 [29/10/22] - [01"59'25] ELABORAZIONE ARTICOLO: 001702 - SCORTA: 00000007 - ORDINE AUTO: 1 - IMMEDIATO: 0 - IMPEGNATO: 40
 [29/10/22] - [01"59'25] ARTICOLO KO.  - N1 (1.292,00) >= N2(716,00). ORD2-GIAC(502) + COMO-ORDINATO(790) - ORD2-PROMO(0) >= ( ORD2-RIORDINO(443,00) - ORD2-CONSEGNA(264,00)) * SCO-MOLT-PORDINI(4,00)
 [29/10/22] - [01"59'25] ELABORAZIONE ARTICOLO: 001718 - SCORTA: 00000007 - ORDINE AUTO: 1 - IMMEDIATO: 0 - IMPEGNATO: 50
 [29/10/22] - [01"59'25] ARTICOLO KO.  - N1 (649,00) >= N2(428,00). ORD2-GIAC(380) + COMO-ORDINATO(270) - ORD2-PROMO(1) >= ( ORD2-RIORDINO(263,00) - ORD2-CONSEGNA(156,00)) * SCO-MOLT-PORDINI(4,00)
 [29/10/22] - [01"59'25] ELABORAZIONE ARTICOLO: 006576 - SCORTA: 00000007 - ORDINE AUTO: 1 - IMMEDIATO: 0 - IMPEGNATO: 10
 [29/10/22] - [01"59'25] ARTICOLO KO.  - N1 (520,00) >= N2(368,00). ORD2-GIAC(130) + COMO-ORDINATO(390) - ORD2-PROMO(0) >= ( ORD2-RIORDINO(196,00) - ORD2-CONSEGNA(104,00)) * SCO-MOLT-PORDINI(4,00)
 [29/10/22] - [01"59'25] ELABORAZIONE ARTICOLO: 006577 - SCORTA: 00000007 - ORDINE AUTO: 1 - IMMEDIATO: 0 - IMPEGNATO: 10
 [29/10/22] - [01"59'25] ARTICOLO KO.  - N1 (1.459,00) >= N2(720,00). ORD2-GIAC(1.340) + COMO-ORDINATO(120) - ORD2-PROMO(1) >= ( ORD2-RIORDINO(596,00) - ORD2-CONSEGNA(416,00)) * SCO-MOLT-PORDINI(4,00)
 [29/10/22] - [01"59'25] ELABORAZIONE ARTICOLO: 001198 - SCORTA: 00000007 - ORDINE AUTO: 1 - IMMEDIATO: 0 - IMPEGNATO: 20
 [29/10/22] - [01"59'25] ARTICOLO KO.  - N1 (580,00) >= N2(292,00). ORD2-GIAC(290) + COMO-ORDINATO(290) - ORD2-PROMO(0) >= ( ORD2-RIORDINO(167,00) - ORD2-CONSEGNA(94,00)) * SCO-MOLT-PORDINI(4,00)
 [29/10/22] - [01"59'25] ELABORAZIONE ARTICOLO: 004707 - SCORTA: 00000001 - ORDINE AUTO: 1 - IMMEDIATO: 0 - IMPEGNATO: 100
 [29/10/22] - [01"59'25] ARTICOLO KO.  - N1 (1.838,00) >= N2(558,00). ORD2-GIAC(1.370) + COMO-ORDINATO(720) - ORD2-PROMO(252) >= ( ORD2-RIORDINO(879,00) - ORD2-CONSEGNA(600,00)) * SCO-MOLT-PORDINI(2,00)
 [29/10/22] - [01"59'25] ELABORAZIONE ARTICOLO: 004708 - SCORTA: 00000001 - ORDINE AUTO: 1 - IMMEDIATO: 0 - IMPEGNATO: 180
 [29/10/22] - [01"59'25] ARTICOLO KO.  - N1 (1.793,00) >= N2(568,00). ORD2-GIAC(2.025) + COMO-ORDINATO(0) - ORD2-PROMO(232) >= ( ORD2-RIORDINO(1.348,00) - ORD2-CONSEGNA(1.064,00)) * SCO-MOLT-PORDINI(2,00)
 [29/10/22] - [01"59'25] ELABORAZIONE ARTICOLO: 004711 - SCORTA: 00000001 - ORDINE AUTO: 1 - IMMEDIATO: 0 - IMPEGNATO: 150
 [29/10/22] - [01"59'25] ARTICOLO KO.  - N1 (906,00) >= N2(522,00). ORD2-GIAC(1.148) + COMO-ORDINATO(0) - ORD2-PROMO(242) >= ( ORD2-RIORDINO(807,00) - ORD2-CONSEGNA(546,00)) * SCO-MOLT-PORDINI(2,00)
 [29/10/22] - [01"59'25] ELABORAZIONE ARTICOLO: 001193 - SCORTA: 00000007 - ORDINE AUTO: 1 - IMMEDIATO: 0 - IMPEGNATO: 880
 [29/10/22] - [01"59'25] ARTICOLO KO.  - N1 (4.220,00) >= N2(1.876,00). ORD2-GIAC(-890) + COMO-ORDINATO(5.110) - ORD2-PROMO(0) >= ( ORD2-RIORDINO(1.049,00) - ORD2-CONSEGNA(580,00)) * SCO-MOLT-PORDINI(4,00)
 [29/10/22] - [01"59'25] ELABORAZIONE ARTICOLO: 001195 - SCORTA: 00000007 - ORDINE AUTO: 1 - IMMEDIATO: 0 - IMPEGNATO: 930
 [29/10/22] - [01"59'25] ARTICOLO KO.  - N1 (3.048,00) >= N2(1.856,00). ORD2-GIAC(3.048) + COMO-ORDINATO(0) - ORD2-PROMO(0) >= ( ORD2-RIORDINO(973,00) - ORD2-CONSEGNA(509,00)) * SCO-MOLT-PORDINI(4,00)
 [29/10/22] - [01"59'25] ELABORAZIONE ARTICOLO: 001196 - SCORTA: 00000007 - ORDINE AUTO: 1 - IMMEDIATO: 0 - IMPEGNATO: 140
 [29/10/22] - [01"59'25] ARTICOLO KO.  - N1 (2.888,00) >= N2(756,00). ORD2-GIAC(988) + COMO-ORDINATO(1.900) - ORD2-PROMO(0) >= ( ORD2-RIORDINO(889,00) - ORD2-CONSEGNA(700,00)) * SCO-MOLT-PORDINI(4,00)
 [29/10/22] - [01"59'25] ELABORAZIONE ARTICOLO: 001197 - SCORTA: 00000007 - ORDINE AUTO: 1 - IMMEDIATO: 0 - IMPEGNATO: 180
 [29/10/22] - [01"59'25] ARTICOLO KO.  - N1 (2.858,00) >= N2(864,00). ORD2-GIAC(2.718) + COMO-ORDINATO(140) - ORD2-PROMO(0) >= ( ORD2-RIORDINO(726,00) - ORD2-CONSEGNA(510,00)) * SCO-MOLT-PORDINI(4,00)
 [29/10/22] - [01"59'25] ELABORAZIONE ARTICOLO: 001199 - SCORTA: 00000007 - ORDINE AUTO: 1 - IMMEDIATO: 0 - IMPEGNATO: 130
 [29/10/22] - [01"59'25] ARTICOLO KO.  - N1 (3.087,00) >= N2(976,00). ORD2-GIAC(2.367) + COMO-ORDINATO(720) - ORD2-PROMO(0) >= ( ORD2-RIORDINO(868,00) - ORD2-CONSEGNA(624,00)) * SCO-MOLT-PORDINI(4,00)
 [29/10/22] - [01"59'25] ELABORAZIONE ARTICOLO: 001200 - SCORTA: 00000007 - ORDINE AUTO: 1 - IMMEDIATO: 0 - IMPEGNATO: 80
 [29/10/22] - [01"59'25] ARTICOLO KO.  - N1 (1.820,00) >= N2(736,00). ORD2-GIAC(370) + COMO-ORDINATO(1.450) - ORD2-PROMO(0) >= ( ORD2-RIORDINO(516,00) - ORD2-CONSEGNA(332,00)) * SCO-MOLT-PORDINI(4,00)
 [29/10/22] - [01"59'25] ELABORAZIONE ARTICOLO: 001202 - SCORTA: 00000007 - ORDINE AUTO: 1 - IMMEDIATO: 0 - IMPEGNATO: 400
 [29/10/22] - [01"59'25] ARTICOLO KO.  - N1 (7.246,00) >= N2(1.936,00). ORD2-GIAC(7.246) + COMO-ORDINATO(0) - ORD2-PROMO(0) >= ( ORD2-RIORDINO(2.149,00) - ORD2-CONSEGNA(1.665,00)) * SCO-MOLT-PORDINI(4,00)
 [29/10/22] - [01"59'25] ELABORAZIONE ARTICOLO: 002101 - SCORTA: 00000002 - ORDINE AUTO: 0 - IMMEDIATO: 1 - IMPEGNATO: 410
 [29/10/22] - [01"59'25] ELABORAZIONE ARTICOLO: 004871 - SCORTA: 00000000 - ORDINE AUTO: 0 - IMMEDIATO: 1 - IMPEGNATO: 0
 [29/10/22] - [01"59'25] ELABORAZIONE ARTICOLO: 004251 - SCORTA: 00000000 - ORDINE AUTO: 0 - IMMEDIATO: 1 - IMPEGNATO: 0
 [29/10/22] - [01"59'25] ELABORAZIONE ARTICOLO: 004253 - SCORTA: 00000000 - ORDINE AUTO: 0 - IMMEDIATO: 1 - IMPEGNATO: 0
 [29/10/22] - [01"59'25] ELABORAZIONE ARTICOLO: 033512 - SCORTA: 00000000 - ORDINE AUTO: 0 - IMMEDIATO: 1 - IMPEGNATO: 0
 [29/10/22] - [01"59'25] ELABORAZIONE ARTICOLO: 033513 - SCORTA: 00000000 - ORDINE AUTO: 0 - IMMEDIATO: 1 - IMPEGNATO: 0
 [29/10/22] - [01"59'25] ELABORAZIONE ARTICOLO: 006174 - SCORTA: 00000002 - ORDINE AUTO: 0 - IMMEDIATO: 1 - IMPEGNATO: 58
 [29/10/22] - [01"59'25] ELABORAZIONE ARTICOLO: 002356 - SCORTA: 00000001 - ORDINE AUTO: 1 - IMMEDIATO: 0 - IMPEGNATO: 31
 [29/10/22] - [01"59'25] ARTICOLO KO.  - N1 (159,00) >= N2(52,00). ORD2-GIAC(112) + COMO-ORDINATO(48) - ORD2-PROMO(1) >= ( ORD2-RIORDINO(76,00) - ORD2-CONSEGNA(50,00)) * SCO-MOLT-PORDINI(2,00)
 [29/10/22] - [01"59'25] ELABORAZIONE ARTICOLO: 009133 - SCORTA: 00000001 - ORDINE AUTO: 1 - IMMEDIATO: 0 - IMPEGNATO: 27
 [29/10/22] - [01"59'25] ARTICOLO KO.  - N1 (79,00) >= N2(44,00). ORD2-GIAC(79) + COMO-ORDINATO(0) - ORD2-PROMO(0) >= ( ORD2-RIORDINO(69,00) - ORD2-CONSEGNA(47,00)) * SCO-MOLT-PORDINI(2,00)
 [29/10/22] - [01"59'25] ELABORAZIONE ARTICOLO: 002341 - SCORTA: 00000001 - ORDINE AUTO: 1 - IMMEDIATO: 0 - IMPEGNATO: 920
 [29/10/22] - [01"59'25] ARTICOLO KO.  - N1 (335,00) >= N2(238,00). ORD2-GIAC(657) + COMO-ORDINATO(0) - ORD2-PROMO(322) >= ( ORD2-RIORDINO(527,00) - ORD2-CONSEGNA(408,00)) * SCO-MOLT-PORDINI(2,00)
 [29/10/22] - [01"59'25] ELABORAZIONE ARTICOLO: 002340 - SCORTA: 00000001 - ORDINE AUTO: 1 - IMMEDIATO: 0 - IMPEGNATO: 930
 [29/10/22] - [01"59'25] ARTICOLO KO.  - N1 (542,00) >= N2(258,00). ORD2-GIAC(94) + COMO-ORDINATO(720) - ORD2-PROMO(272) >= ( ORD2-RIORDINO(372,00) - ORD2-CONSEGNA(243,00)) * SCO-MOLT-PORDINI(2,00)
 [29/10/22] - [01"59'25] ELABORAZIONE ARTICOLO: 002342 - SCORTA: 00000001 - ORDINE AUTO: 1 - IMMEDIATO: 0 - IMPEGNATO: 167
 [29/10/22] - [01"59'25] ARTICOLO OK.  - N1 (-24,00) < N2(12,00). ORD2-GIAC(-22) + COMO-ORDINATO(0) - ORD2-PROMO(2) < ( ORD2-RIORDINO(16,00) - ORD2-CONSEGNA(10,00)) * SCO-MOLT-PORDINI(2,00)
 [29/10/22] - [01"59'25] ELABORAZIONE ARTICOLO: 006226 - SCORTA: 00000001 - ORDINE AUTO: 1 - IMMEDIATO: 0 - IMPEGNATO: 5
 [29/10/22] - [01"59'25] ARTICOLO OK.  - N1 (-3,00) < N2(6,00). ORD2-GIAC(-3) + COMO-ORDINATO(0) - ORD2-PROMO(0) < ( ORD2-RIORDINO(5,00) - ORD2-CONSEGNA(2,00)) * SCO-MOLT-PORDINI(2,00)
 [29/10/22] - [01"59'25] ELABORAZIONE ARTICOLO: 006228 - SCORTA: 00000001 - ORDINE AUTO: 1 - IMMEDIATO: 0 - IMPEGNATO: 0
 [29/10/22] - [01"59'25] ARTICOLO OK.  - N1 (2,00) < N2(4,00). ORD2-GIAC(2) + COMO-ORDINATO(0) - ORD2-PROMO(0) < ( ORD2-RIORDINO(4,00) - ORD2-CONSEGNA(2,00)) * SCO-MOLT-PORDINI(2,00)
 [29/10/22] - [01"59'25] ELABORAZIONE ARTICOLO: 010795 - SCORTA: 00000000 - ORDINE AUTO: 0 - IMMEDIATO: 1 - IMPEGNATO: 0
 [29/10/22] - [01"59'25] ELABORAZIONE ARTICOLO: 010785 - SCORTA: 00000000 - ORDINE AUTO: 0 - IMMEDIATO: 1 - IMPEGNATO: 0
 [29/10/22] - [01"59'25] ELABORAZIONE ARTICOLO: 010719 - SCORTA: 00000000 - ORDINE AUTO: 0 - IMMEDIATO: 1 - IMPEGNATO: 0
 [29/10/22] - [01"59'25] ELABORAZIONE ARTICOLO: 019846 - SCORTA: 00000000 - ORDINE AUTO: 0 - IMMEDIATO: 1 - IMPEGNATO: 0
 [29/10/22] - [01"59'25] ELABORAZIONE ARTICOLO: 016248 - SCORTA: 00000000 - ORDINE AUTO: 0 - IMMEDIATO: 1 - IMPEGNATO: 0
 [29/10/22] - [01"59'25] ELABORAZIONE ARTICOLO: 005309 - SCORTA: 00000001 - ORDINE AUTO: 1 - IMMEDIATO: 0 - IMPEGNATO: 8
 [29/10/22] - [01"59'25] ARTICOLO KO.  - N1 (28,00) >= N2(14,00). ORD2-GIAC(28) + COMO-ORDINATO(0) - ORD2-PROMO(0) >= ( ORD2-RIORDINO(22,00) - ORD2-CONSEGNA(15,00)) * SCO-MOLT-PORDINI(2,00)
 [29/10/22] - [01"59'25] ELABORAZIONE ARTICOLO: 000164 - SCORTA: 00000001 - ORDINE AUTO: 1 - IMMEDIATO: 0 - IMPEGNATO: 84
 [29/10/22] - [01"59'25] ARTICOLO OK.  - N1 (91,00) < N2(108,00). ORD2-GIAC(103) + COMO-ORDINATO(0) - ORD2-PROMO(12) < ( ORD2-RIORDINO(139,00) - ORD2-CONSEGNA(85,00)) * SCO-MOLT-PORDINI(2,00)
 [29/10/22] - [01"59'25] ELABORAZIONE ARTICOLO: 004411 - SCORTA: 00000001 - ORDINE AUTO: 1 - IMMEDIATO: 0 - IMPEGNATO: 120
 [29/10/22] - [01"59'25] ARTICOLO KO.  - N1 (1.883,00) >= N2(514,00). ORD2-GIAC(-97) + COMO-ORDINATO(1.980) - ORD2-PROMO(0) >= ( ORD2-RIORDINO(688,00) - ORD2-CONSEGNA(431,00)) * SCO-MOLT-PORDINI(2,00)
 [29/10/22] - [01"59'25] ELABORAZIONE ARTICOLO: 004412 - SCORTA: 00000001 - ORDINE AUTO: 1 - IMMEDIATO: 0 - IMPEGNATO: 96
 [29/10/22] - [01"59'25] ARTICOLO KO.  - N1 (270,00) >= N2(208,00). ORD2-GIAC(-66) + COMO-ORDINATO(336) - ORD2-PROMO(0) >= ( ORD2-RIORDINO(200,00) - ORD2-CONSEGNA(96,00)) * SCO-MOLT-PORDINI(2,00)
 [29/10/22] - [01"59'25] ELABORAZIONE ARTICOLO: 006570 - SCORTA: 00000001 - ORDINE AUTO: 1 - IMMEDIATO: 0 - IMPEGNATO: 48
 [29/10/22] - [01"59'25] ARTICOLO KO.  - N1 (596,00) >= N2(260,00). ORD2-GIAC(524) + COMO-ORDINATO(72) - ORD2-PROMO(0) >= ( ORD2-RIORDINO(299,00) - ORD2-CONSEGNA(169,00)) * SCO-MOLT-PORDINI(2,00)
 [29/10/22] - [01"59'25] ELABORAZIONE ARTICOLO: 000159 - SCORTA: 00000001 - ORDINE AUTO: 1 - IMMEDIATO: 0 - IMPEGNATO: 12
 [29/10/22] - [01"59'25] ARTICOLO KO.  - N1 (108,00) >= N2(0,00                ). ORD2-GIAC(0) + COMO-ORDINATO(108) - ORD2-PROMO(0) >= ( ORD2-RIORDINO(43,00) - ORD2-CONSEGNA(30,00)) * SCO-MOLT-PORDINI(2,00)
 [29/10/22] - [01"59'25] ELABORAZIONE ARTICOLO: 000175 - SCORTA: 00000001 - ORDINE AUTO: 1 - IMMEDIATO: 0 - IMPEGNATO: 84
 [29/10/22] - [01"59'25] ARTICOLO OK.  - N1 (72,00) < N2(152,00). ORD2-GIAC(72) + COMO-ORDINATO(0) - ORD2-PROMO(0) < ( ORD2-RIORDINO(203,00) - ORD2-CONSEGNA(127,00)) * SCO-MOLT-PORDINI(2,00)
 [29/10/22] - [01"59'25] ELABORAZIONE ARTICOLO: 001680 - SCORTA: 00000001 - ORDINE AUTO: 1 - IMMEDIATO: 0 - IMPEGNATO: 36
 [29/10/22] - [01"59'25] ARTICOLO OK.  - N1 (48,00) < N2(96,00). ORD2-GIAC(48) + COMO-ORDINATO(0) - ORD2-PROMO(0) < ( ORD2-RIORDINO(94,00) - ORD2-CONSEGNA(46,00)) * SCO-MOLT-PORDINI(2,00)
 [29/10/22] - [01"59'25] ELABORAZIONE ARTICOLO: 005756 - SCORTA: 00000001 - ORDINE AUTO: 1 - IMMEDIATO: 0 - IMPEGNATO: 312
 [29/10/22] - [01"59'25] ARTICOLO OK.  - N1 (97,00) < N2(104,00). ORD2-GIAC(97) + COMO-ORDINATO(0) - ORD2-PROMO(0) < ( ORD2-RIORDINO(145,00) - ORD2-CONSEGNA(93,00)) * SCO-MOLT-PORDINI(2,00)
 [29/10/22] - [01"59'25] ELABORAZIONE ARTICOLO: 006308 - SCORTA: 00000001 - ORDINE AUTO: 1 - IMMEDIATO: 0 - IMPEGNATO: 24
 [29/10/22] - [01"59'25] ARTICOLO OK.  - N1 (20,00) < N2(24,00). ORD2-GIAC(20) + COMO-ORDINATO(0) - ORD2-PROMO(0) < ( ORD2-RIORDINO(32,00) - ORD2-CONSEGNA(20,00)) * SCO-MOLT-PORDINI(2,00)
 [29/10/22] - [01"59'25] ELABORAZIONE ARTICOLO: 031350 - SCORTA: 00000012 - ORDINE AUTO: 0 - IMMEDIATO: 0 - IMPEGNATO: 0
 [29/10/22] - [01"59'25] ELABORAZIONE ARTICOLO: 008036 - SCORTA: 00000001 - ORDINE AUTO: 1 - IMMEDIATO: 0 - IMPEGNATO: 0
 [29/10/22] - [01"59'25] ARTICOLO KO.  - N1 (522,00) >= N2(122,00). ORD2-GIAC(522) + COMO-ORDINATO(0) - ORD2-PROMO(0) >= ( ORD2-RIORDINO(208,00) - ORD2-CONSEGNA(147,00)) * SCO-MOLT-PORDINI(2,00)
 [29/10/22] - [01"59'25] ELABORAZIONE ARTICOLO: 006855 - SCORTA: 00000001 - ORDINE AUTO: 1 - IMMEDIATO: 0 - IMPEGNATO: 0
 [29/10/22] - [01"59'25] ARTICOLO KO.  - N1 (35,00) >= N2(24,00). ORD2-GIAC(35) + COMO-ORDINATO(0) - ORD2-PROMO(0) >= ( ORD2-RIORDINO(42,00) - ORD2-CONSEGNA(30,00)) * SCO-MOLT-PORDINI(2,00)
 [29/10/22] - [01"59'25] ELABORAZIONE ARTICOLO: 003561 - SCORTA: 00000001 - ORDINE AUTO: 1 - IMMEDIATO: 0 - IMPEGNATO: 0
 [29/10/22] - [01"59'25] ARTICOLO KO.  - N1 (1,00) >= N2(0,00). ORD2-GIAC(1) + COMO-ORDINATO(0) - ORD2-PROMO(0) >= ( ORD2-RIORDINO(0,00) - ORD2-CONSEGNA(0,00)) * SCO-MOLT-PORDINI(2,00)
 [29/10/22] - [01"59'25] ELABORAZIONE ARTICOLO: 005797 - SCORTA: 00000001 - ORDINE AUTO: 1 - IMMEDIATO: 0 - IMPEGNATO: 0
 [29/10/22] - [01"59'25] ARTICOLO KO.  - N1 (39,00) >= N2(18,00). ORD2-GIAC(39) + COMO-ORDINATO(0) - ORD2-PROMO(0) >= ( ORD2-RIORDINO(33,00) - ORD2-CONSEGNA(24,00)) * SCO-MOLT-PORDINI(2,00)
 [29/10/22] - [01"59'25] ELABORAZIONE ARTICOLO: 006858 - SCORTA: 00000001 - ORDINE AUTO: 1 - IMMEDIATO: 0 - IMPEGNATO: 0
 [29/10/22] - [01"59'25] ARTICOLO KO.  - N1 (150,00) >= N2(72,00). ORD2-GIAC(150) + COMO-ORDINATO(0) - ORD2-PROMO(0) >= ( ORD2-RIORDINO(108,00) - ORD2-CONSEGNA(72,00)) * SCO-MOLT-PORDINI(2,00)
 [29/10/22] - [01"59'25] ELABORAZIONE ARTICOLO: 007975 - SCORTA: 00000001 - ORDINE AUTO: 1 - IMMEDIATO: 0 - IMPEGNATO: 0
 [29/10/22] - [01"59'25] ARTICOLO KO.  - N1 (37,00) >= N2(12,00). ORD2-GIAC(37) + COMO-ORDINATO(0) - ORD2-PROMO(0) >= ( ORD2-RIORDINO(21,00) - ORD2-CONSEGNA(15,00)) * SCO-MOLT-PORDINI(2,00)
 [29/10/22] - [01"59'25] ELABORAZIONE ARTICOLO: 008435 - SCORTA: 00000001 - ORDINE AUTO: 1 - IMMEDIATO: 0 - IMPEGNATO: 90
 [29/10/22] - [01"59'25] ARTICOLO KO.  - N1 (215,00) >= N2(166,00). ORD2-GIAC(215) + COMO-ORDINATO(0) - ORD2-PROMO(0) >= ( ORD2-RIORDINO(209,00) - ORD2-CONSEGNA(126,00)) * SCO-MOLT-PORDINI(2,00)
 [29/10/22] - [01"59'25] ELABORAZIONE ARTICOLO: 009132 - SCORTA: 00000001 - ORDINE AUTO: 1 - IMMEDIATO: 0 - IMPEGNATO: 8
 [29/10/22] - [01"59'25] ARTICOLO KO.  - N1 (70,00) >= N2(16,00). ORD2-GIAC(42) + COMO-ORDINATO(28) - ORD2-PROMO(0) >= ( ORD2-RIORDINO(30,00) - ORD2-CONSEGNA(22,00)) * SCO-MOLT-PORDINI(2,00)
 [29/10/22] - [01"59'25] ELABORAZIONE ARTICOLO: 031338 - SCORTA: 00000012 - ORDINE AUTO: 0 - IMMEDIATO: 0 - IMPEGNATO: 0
 [29/10/22] - [01"59'25] ELABORAZIONE ARTICOLO: 032898 - SCORTA: 00000001 - ORDINE AUTO: 1 - IMMEDIATO: 0 - IMPEGNATO: 0
 [29/10/22] - [01"59'25] ARTICOLO KO.  - N1 (4,00) >= N2(2,00). ORD2-GIAC(4) + COMO-ORDINATO(0) - ORD2-PROMO(0) >= ( ORD2-RIORDINO(1,00) - ORD2-CONSEGNA(0,00)) * SCO-MOLT-PORDINI(2,00)
 [29/10/22] - [01"59'25] ELABORAZIONE ARTICOLO: 007428 - SCORTA: 00000001 - ORDINE AUTO: 1 - IMMEDIATO: 0 - IMPEGNATO: 468
 [29/10/22] - [01"59'25] ARTICOLO OK.  - N1 (274,00) < N2(320,00). ORD2-GIAC(274) + COMO-ORDINATO(0) - ORD2-PROMO(0) < ( ORD2-RIORDINO(412,00) - ORD2-CONSEGNA(252,00)) * SCO-MOLT-PORDINI(2,00)
 [29/10/22] - [01"59'25] ELABORAZIONE ARTICOLO: 032998 - SCORTA: 00000001 - ORDINE AUTO: 1 - IMMEDIATO: 0 - IMPEGNATO: 0
 [29/10/22] - [01"59'25] ARTICOLO KO.  - N1 (4,00) >= N2(2,00). ORD2-GIAC(4) + COMO-ORDINATO(0) - ORD2-PROMO(0) >= ( ORD2-RIORDINO(1,00) - ORD2-CONSEGNA(0,00)) * SCO-MOLT-PORDINI(2,00)
 [29/10/22] - [01"59'25] ELABORAZIONE ARTICOLO: 021463 - SCORTA: 00000002 - ORDINE AUTO: 0 - IMMEDIATO: 1 - IMPEGNATO: 180
 [29/10/22] - [01"59'25] ELABORAZIONE ARTICOLO: 007434 - SCORTA: 00000001 - ORDINE AUTO: 1 - IMMEDIATO: 0 - IMPEGNATO: 480
 [29/10/22] - [01"59'25] ARTICOLO OK.  - N1 (135,00) < N2(152,00). ORD2-GIAC(135) + COMO-ORDINATO(0) - ORD2-PROMO(0) < ( ORD2-RIORDINO(233,00) - ORD2-CONSEGNA(157,00)) * SCO-MOLT-PORDINI(2,00)
 [29/10/22] - [01"59'25] ELABORAZIONE ARTICOLO: 006431 - SCORTA: 00000001 - ORDINE AUTO: 1 - IMMEDIATO: 0 - IMPEGNATO: 336
 [29/10/22] - [01"59'25] ARTICOLO KO.  - N1 (831,00) >= N2(270,00). ORD2-GIAC(831) + COMO-ORDINATO(0) - ORD2-PROMO(0) >= ( ORD2-RIORDINO(649,00) - ORD2-CONSEGNA(514,00)) * SCO-MOLT-PORDINI(2,00)
 [29/10/22] - [01"59'25] ELABORAZIONE ARTICOLO: 006571 - SCORTA: 00000001 - ORDINE AUTO: 1 - IMMEDIATO: 0 - IMPEGNATO: 96
 [29/10/22] - [01"59'25] ARTICOLO KO.  - N1 (830,00) >= N2(536,00). ORD2-GIAC(830) + COMO-ORDINATO(0) - ORD2-PROMO(0) >= ( ORD2-RIORDINO(545,00) - ORD2-CONSEGNA(277,00)) * SCO-MOLT-PORDINI(2,00)
 [29/10/22] - [01"59'25] ELABORAZIONE ARTICOLO: 006438 - SCORTA: 00000001 - ORDINE AUTO: 1 - IMMEDIATO: 0 - IMPEGNATO: 0
 [29/10/22] - [01"59'25] ARTICOLO OK.  - N1 (8,00) < N2(10,00). ORD2-GIAC(8) + COMO-ORDINATO(0) - ORD2-PROMO(0) < ( ORD2-RIORDINO(7,00) - ORD2-CONSEGNA(2,00)) * SCO-MOLT-PORDINI(2,00)
 [29/10/22] - [01"59'25] ELABORAZIONE ARTICOLO: 006432 - SCORTA: 00000001 - ORDINE AUTO: 1 - IMMEDIATO: 0 - IMPEGNATO: 48
 [29/10/22] - [01"59'25] ARTICOLO OK.  - N1 (-60,00) < N2(80,00). ORD2-GIAC(-48) + COMO-ORDINATO(0) - ORD2-PROMO(12) < ( ORD2-RIORDINO(71,00) - ORD2-CONSEGNA(31,00)) * SCO-MOLT-PORDINI(2,00)
 [29/10/22] - [01"59'25] ELABORAZIONE ARTICOLO: 034523 - SCORTA: 00000001 - ORDINE AUTO: 1 - IMMEDIATO: 0 - IMPEGNATO: 216
 [29/10/22] - [01"59'25] ARTICOLO OK.  - N1 (-216,00) < N2(246,00). ORD2-GIAC(-204) + COMO-ORDINATO(0) - ORD2-PROMO(12) < ( ORD2-RIORDINO(459,00) - ORD2-CONSEGNA(336,00)) * SCO-MOLT-PORDINI(2,00)
 [29/10/22] - [01"59'25] ELABORAZIONE ARTICOLO: 033763 - SCORTA: 00000001 - ORDINE AUTO: 1 - IMMEDIATO: 0 - IMPEGNATO: 0
 [29/10/22] - [01"59'25] ARTICOLO OK.  - N1 (0,00) < N2(0,00                ). ORD2-GIAC(0) + COMO-ORDINATO(0) - ORD2-PROMO(0) < ( ORD2-RIORDINO(228,00) - ORD2-CONSEGNA(148,00)) * SCO-MOLT-PORDINI(2,00)
 [29/10/22] - [01"59'25] ELABORAZIONE ARTICOLO: 006437 - SCORTA: 00000001 - ORDINE AUTO: 1 - IMMEDIATO: 0 - IMPEGNATO: 12
 [29/10/22] - [01"59'25] ARTICOLO OK.  - N1 (-12,00) < N2(18,00). ORD2-GIAC(-12) + COMO-ORDINATO(0) - ORD2-PROMO(0) < ( ORD2-RIORDINO(15,00) - ORD2-CONSEGNA(6,00)) * SCO-MOLT-PORDINI(2,00)
 [29/10/22] - [01"59'25] ELABORAZIONE ARTICOLO: 011269 - SCORTA: 00000001 - ORDINE AUTO: 1 - IMMEDIATO: 0 - IMPEGNATO: 48
 [29/10/22] - [01"59'25] ARTICOLO OK.  - N1 (-42,00) < N2(14,00). ORD2-GIAC(-42) + COMO-ORDINATO(0) - ORD2-PROMO(0) < ( ORD2-RIORDINO(12,00) - ORD2-CONSEGNA(5,00)) * SCO-MOLT-PORDINI(2,00)
 [29/10/22] - [01"59'25] ELABORAZIONE ARTICOLO: 021981 - SCORTA: 00000000 - ORDINE AUTO: 0 - IMMEDIATO: 1 - IMPEGNATO: 0
 [29/10/22] - [01"59'25] ELABORAZIONE ARTICOLO: 022003 - SCORTA: 00000000 - ORDINE AUTO: 0 - IMMEDIATO: 1 - IMPEGNATO: 0
 [29/10/22] - [01"59'25] ELABORAZIONE ARTICOLO: 034340 - SCORTA: 00000006 - ORDINE AUTO: 0 - IMMEDIATO: 1 - IMPEGNATO: 0
 [29/10/22] - [01"59'25] ELABORAZIONE ARTICOLO: 034341 - SCORTA: 00000006 - ORDINE AUTO: 0 - IMMEDIATO: 1 - IMPEGNATO: 0
 [29/10/22] - [01"59'25] ELABORAZIONE ARTICOLO: 034342 - SCORTA: 00000006 - ORDINE AUTO: 0 - IMMEDIATO: 1 - IMPEGNATO: 0
 [29/10/22] - [01"59'25] ELABORAZIONE ARTICOLO: 034343 - SCORTA: 00000006 - ORDINE AUTO: 0 - IMMEDIATO: 1 - IMPEGNATO: 0
 [29/10/22] - [01"59'25] ELABORAZIONE ARTICOLO: 003257 - SCORTA: 00000000 - ORDINE AUTO: 0 - IMMEDIATO: 1 - IMPEGNATO: 0
 [29/10/22] - [01"59'25] ELABORAZIONE ARTICOLO: 013715 - SCORTA: 00000000 - ORDINE AUTO: 0 - IMMEDIATO: 1 - IMPEGNATO: 0
 [29/10/22] - [01"59'25] ELABORAZIONE ARTICOLO: 016189 - SCORTA: 00000000 - ORDINE AUTO: 0 - IMMEDIATO: 1 - IMPEGNATO: 0
 [29/10/22] - [01"59'25] ELABORAZIONE ARTICOLO: 027357 - SCORTA: 00000000 - ORDINE AUTO: 0 - IMMEDIATO: 1 - IMPEGNATO: 0
 [29/10/22] - [01"59'25] ELABORAZIONE ARTICOLO: 004688 - SCORTA: 00000001 - ORDINE AUTO: 1 - IMMEDIATO: 0 - IMPEGNATO: 23
 [29/10/22] - [01"59'25] ARTICOLO KO.  - N1 (62,00) >= N2(42,00). ORD2-GIAC(-22) + COMO-ORDINATO(84) - ORD2-PROMO(0) >= ( ORD2-RIORDINO(46,00) - ORD2-CONSEGNA(25,00)) * SCO-MOLT-PORDINI(2,00)
 [29/10/22] - [01"59'25] ELABORAZIONE ARTICOLO: 008453 - SCORTA: 00000003 - ORDINE AUTO: 1 - IMMEDIATO: 0 - IMPEGNATO: 12
 [29/10/22] - [01"59'25] ARTICOLO KO.  - N1 (1.062,00) >= N2(556,00). ORD2-GIAC(1.170) + COMO-ORDINATO(0) - ORD2-PROMO(108) >= ( ORD2-RIORDINO(289,00) - ORD2-CONSEGNA(150,00)) * SCO-MOLT-PORDINI(4,00)
 [29/10/22] - [01"59'25] ELABORAZIONE ARTICOLO: 008455 - SCORTA: 00000003 - ORDINE AUTO: 1 - IMMEDIATO: 0 - IMPEGNATO: 12
 [29/10/22] - [01"59'25] ARTICOLO KO.  - N1 (124,00) >= N2(60,00). ORD2-GIAC(124) + COMO-ORDINATO(0) - ORD2-PROMO(0) >= ( ORD2-RIORDINO(39,00) - ORD2-CONSEGNA(24,00)) * SCO-MOLT-PORDINI(4,00)
 [29/10/22] - [01"59'25] ELABORAZIONE ARTICOLO: 008458 - SCORTA: 00000003 - ORDINE AUTO: 1 - IMMEDIATO: 0 - IMPEGNATO: 432
 [29/10/22] - [01"59'25] ARTICOLO KO.  - N1 (1.190,00) >= N2(608,00). ORD2-GIAC(1.190) + COMO-ORDINATO(0) - ORD2-PROMO(0) >= ( ORD2-RIORDINO(366,00) - ORD2-CONSEGNA(214,00)) * SCO-MOLT-PORDINI(4,00)
 [29/10/22] - [01"59'25] ELABORAZIONE ARTICOLO: 008687 - SCORTA: 00000013 - ORDINE AUTO: 1 - IMMEDIATO: 0 - IMPEGNATO: 3.275
 [29/10/22] - [01"59'25] ARTICOLO OK.  - QTA MESE(05) > 0 (3.492)
 [29/10/22] - [01"59'25] ELABORAZIONE ARTICOLO: 008688 - SCORTA: 00000013 - ORDINE AUTO: 1 - IMMEDIATO: 0 - IMPEGNATO: 3.765
 [29/10/22] - [01"59'25] ARTICOLO OK.  - QTA MESE(05) > 0 (3.827)
 [29/10/22] - [01"59'25] ELABORAZIONE ARTICOLO: 008689 - SCORTA: 00000013 - ORDINE AUTO: 1 - IMMEDIATO: 0 - IMPEGNATO: 3.850
 [29/10/22] - [01"59'25] ARTICOLO OK.  - QTA MESE(05) > 0 (3.640)
 [29/10/22] - [01"59'25] ELABORAZIONE ARTICOLO: 008690 - SCORTA: 00000013 - ORDINE AUTO: 1 - IMMEDIATO: 0 - IMPEGNATO: 4.135
 [29/10/22] - [01"59'25] ARTICOLO OK.  - QTA MESE(05) > 0 (3.379)
 [29/10/22] - [01"59'25] ELABORAZIONE ARTICOLO: 008691 - SCORTA: 00000013 - ORDINE AUTO: 1 - IMMEDIATO: 0 - IMPEGNATO: 4.370
 [29/10/22] - [01"59'25] ARTICOLO OK.  - QTA MESE(05) > 0 (4.284)
 [29/10/22] - [01"59'25] ELABORAZIONE ARTICOLO: 008692 - SCORTA: 00000013 - ORDINE AUTO: 1 - IMMEDIATO: 0 - IMPEGNATO: 2.780
 [29/10/22] - [01"59'25] ARTICOLO OK.  - QTA MESE(05) > 0 (2.648)
 [29/10/22] - [01"59'25] ELABORAZIONE ARTICOLO: 014795 - SCORTA: 00000001 - ORDINE AUTO: 1 - IMMEDIATO: 0 - IMPEGNATO: 5
 [29/10/22] - [01"59'25] ARTICOLO KO.  - N1 (24,00) >= N2(14,00). ORD2-GIAC(-6) + COMO-ORDINATO(30) - ORD2-PROMO(0) >= ( ORD2-RIORDINO(18,00) - ORD2-CONSEGNA(11,00)) * SCO-MOLT-PORDINI(2,00)
 [29/10/22] - [01"59'25] ELABORAZIONE ARTICOLO: 021582 - SCORTA: 00000000 - ORDINE AUTO: 0 - IMMEDIATO: 1 - IMPEGNATO: 0
 [29/10/22] - [01"59'25] ELABORAZIONE ARTICOLO: 007926 - SCORTA: 00000003 - ORDINE AUTO: 1 - IMMEDIATO: 0 - IMPEGNATO: 760
 [29/10/22] - [01"59'25] ARTICOLO KO.  - N1 (6.772,00) >= N2(6.380,00). ORD2-GIAC(7.116) + COMO-ORDINATO(0) - ORD2-PROMO(344) >= ( ORD2-RIORDINO(8.520,00) - ORD2-CONSEGNA(6.925,00)) * SCO-MOLT-PORDINI(4,00)
 [29/10/22] - [01"59'25] ELABORAZIONE ARTICOLO: 011549 - SCORTA: 00000006 - ORDINE AUTO: 0 - IMMEDIATO: 1 - IMPEGNATO: 0
 [29/10/22] - [01"59'25] ELABORAZIONE ARTICOLO: 012799 - SCORTA: 00000000 - ORDINE AUTO: 0 - IMMEDIATO: 1 - IMPEGNATO: 0
 [29/10/22] - [01"59'25] ELABORAZIONE ARTICOLO: 001359 - SCORTA: 00000001 - ORDINE AUTO: 1 - IMMEDIATO: 0 - IMPEGNATO: 135
 [29/10/22] - [01"59'25] ARTICOLO KO.  - N1 (1.719,00) >= N2(590,00). ORD2-GIAC(1.719) + COMO-ORDINATO(0) - ORD2-PROMO(0) >= ( ORD2-RIORDINO(959,00) - ORD2-CONSEGNA(664,00)) * SCO-MOLT-PORDINI(2,00)
 [29/10/22] - [01"59'25] ELABORAZIONE ARTICOLO: 001358 - SCORTA: 00000001 - ORDINE AUTO: 1 - IMMEDIATO: 0 - IMPEGNATO: 150
 [29/10/22] - [01"59'25] ARTICOLO KO.  - N1 (2.106,00) >= N2(802,00). ORD2-GIAC(2.166) + COMO-ORDINATO(0) - ORD2-PROMO(60) >= ( ORD2-RIORDINO(1.739,00) - ORD2-CONSEGNA(1.338,00)) * SCO-MOLT-PORDINI(2,00)
 [29/10/22] - [01"59'25] ELABORAZIONE ARTICOLO: 014774 - SCORTA: 00000000 - ORDINE AUTO: 0 - IMMEDIATO: 1 - IMPEGNATO: 0
 [29/10/22] - [01"59'25] ELABORAZIONE ARTICOLO: 014093 - SCORTA: 00000006 - ORDINE AUTO: 0 - IMMEDIATO: 1 - IMPEGNATO: 0
 [29/10/22] - [01"59'25] ELABORAZIONE ARTICOLO: 014098 - SCORTA: 00000006 - ORDINE AUTO: 0 - IMMEDIATO: 1 - IMPEGNATO: 2
 [29/10/22] - [01"59'25] ELABORAZIONE ARTICOLO: 022875 - SCORTA: 00000003 - ORDINE AUTO: 1 - IMMEDIATO: 0 - IMPEGNATO: 114
 [29/10/22] - [01"59'25] ARTICOLO OK.  - N1 (322,00) < N2(924,00). ORD2-GIAC(556) + COMO-ORDINATO(0) - ORD2-PROMO(234) < ( ORD2-RIORDINO(991,00) - ORD2-CONSEGNA(760,00)) * SCO-MOLT-PORDINI(4,00)
 [29/10/22] - [01"59'25] ELABORAZIONE ARTICOLO: 002002 - SCORTA: 00000001 - ORDINE AUTO: 1 - IMMEDIATO: 0 - IMPEGNATO: 192
 [29/10/22] - [01"59'25] ARTICOLO KO.  - N1 (504,00) >= N2(246,00). ORD2-GIAC(552) + COMO-ORDINATO(0) - ORD2-PROMO(48) >= ( ORD2-RIORDINO(400,00) - ORD2-CONSEGNA(277,00)) * SCO-MOLT-PORDINI(2,00)
 [29/10/22] - [01"59'25] ELABORAZIONE ARTICOLO: 015332 - SCORTA: 00000002 - ORDINE AUTO: 0 - IMMEDIATO: 1 - IMPEGNATO: 36
 [29/10/22] - [01"59'25] ELABORAZIONE ARTICOLO: 015331 - SCORTA: 00000000 - ORDINE AUTO: 0 - IMMEDIATO: 1 - IMPEGNATO: 0
 [29/10/22] - [01"59'25] ELABORAZIONE ARTICOLO: 015333 - SCORTA: 00000000 - ORDINE AUTO: 0 - IMMEDIATO: 1 - IMPEGNATO: 0
 [29/10/22] - [01"59'25] ELABORAZIONE ARTICOLO: 016156 - SCORTA: 00000000 - ORDINE AUTO: 0 - IMMEDIATO: 1 - IMPEGNATO: 0
 [29/10/22] - [01"59'25] ELABORAZIONE ARTICOLO: 022544 - SCORTA: 00000000 - ORDINE AUTO: 0 - IMMEDIATO: 1 - IMPEGNATO: 0
 [29/10/22] - [01"59'25] ELABORAZIONE ARTICOLO: 015340 - SCORTA: 00000002 - ORDINE AUTO: 0 - IMMEDIATO: 1 - IMPEGNATO: 12
 [29/10/22] - [01"59'25] ELABORAZIONE ARTICOLO: 015365 - SCORTA: 00000000 - ORDINE AUTO: 0 - IMMEDIATO: 1 - IMPEGNATO: 0
 [29/10/22] - [01"59'25] ELABORAZIONE ARTICOLO: 000557 - SCORTA: 00000001 - ORDINE AUTO: 1 - IMMEDIATO: 0 - IMPEGNATO: 60
 [29/10/22] - [01"59'25] ARTICOLO OK.  - N1 (-60,00) < N2(26,00). ORD2-GIAC(-60) + COMO-ORDINATO(0) - ORD2-PROMO(0) < ( ORD2-RIORDINO(26,00) - ORD2-CONSEGNA(13,00)) * SCO-MOLT-PORDINI(2,00)
 [29/10/22] - [01"59'25] ELABORAZIONE ARTICOLO: 000558 - SCORTA: 00000001 - ORDINE AUTO: 1 - IMMEDIATO: 0 - IMPEGNATO: 0
 [29/10/22] - [01"59'25] ARTICOLO KO.  - N1 (24,00) >= N2(10,00). ORD2-GIAC(24) + COMO-ORDINATO(0) - ORD2-PROMO(0) >= ( ORD2-RIORDINO(8,00) - ORD2-CONSEGNA(3,00)) * SCO-MOLT-PORDINI(2,00)
 [29/10/22] - [01"59'25] ELABORAZIONE ARTICOLO: 001664 - SCORTA: 00000001 - ORDINE AUTO: 1 - IMMEDIATO: 0 - IMPEGNATO: 192
 [29/10/22] - [01"59'25] ARTICOLO KO.  - N1 (686,00) >= N2(156,00). ORD2-GIAC(-130) + COMO-ORDINATO(816) - ORD2-PROMO(0) >= ( ORD2-RIORDINO(240,00) - ORD2-CONSEGNA(162,00)) * SCO-MOLT-PORDINI(2,00)
 [29/10/22] - [01"59'25] ELABORAZIONE ARTICOLO: 001766 - SCORTA: 00000001 - ORDINE AUTO: 1 - IMMEDIATO: 0 - IMPEGNATO: 12
 [29/10/22] - [01"59'25] ARTICOLO KO.  - N1 (42,00) >= N2(34,00). ORD2-GIAC(42) + COMO-ORDINATO(0) - ORD2-PROMO(0) >= ( ORD2-RIORDINO(36,00) - ORD2-CONSEGNA(19,00)) * SCO-MOLT-PORDINI(2,00)
 [29/10/22] - [01"59'25] ELABORAZIONE ARTICOLO: 008256 - SCORTA: 00000001 - ORDINE AUTO: 1 - IMMEDIATO: 0 - IMPEGNATO: 12
 [29/10/22] - [01"59'25] ARTICOLO KO.  - N1 (25,00) >= N2(8,00). ORD2-GIAC(-11) + COMO-ORDINATO(36) - ORD2-PROMO(0) >= ( ORD2-RIORDINO(5,00) - ORD2-CONSEGNA(1,00)) * SCO-MOLT-PORDINI(2,00)
 [29/10/22] - [01"59'25] ELABORAZIONE ARTICOLO: 003403 - SCORTA: 00000001 - ORDINE AUTO: 1 - IMMEDIATO: 0 - IMPEGNATO: 2.109
 [29/10/22] - [01"59'25] ARTICOLO KO.  - N1 (1.002,00) >= N2(400,00). ORD2-GIAC(-2.125) + COMO-ORDINATO(3.408) - ORD2-PROMO(281) >= ( ORD2-RIORDINO(760,00) - ORD2-CONSEGNA(560,00)) * SCO-MOLT-PORDINI(2,00)
 [29/10/22] - [01"59'25] ELABORAZIONE ARTICOLO: 004621 - SCORTA: 00000001 - ORDINE AUTO: 1 - IMMEDIATO: 0 - IMPEGNATO: 119
 [29/10/22] - [01"59'25] ARTICOLO OK.  - N1 (49,00) < N2(62,00). ORD2-GIAC(-119) + COMO-ORDINATO(168) - ORD2-PROMO(0) < ( ORD2-RIORDINO(110,00) - ORD2-CONSEGNA(79,00)) * SCO-MOLT-PORDINI(2,00)
 [29/10/22] - [01"59'25] ELABORAZIONE ARTICOLO: 009069 - SCORTA: 00000001 - ORDINE AUTO: 1 - IMMEDIATO: 0 - IMPEGNATO: 7
 [29/10/22] - [01"59'25] ARTICOLO KO.  - N1 (23,00) >= N2(20,00). ORD2-GIAC(23) + COMO-ORDINATO(0) - ORD2-PROMO(0) >= ( ORD2-RIORDINO(27,00) - ORD2-CONSEGNA(17,00)) * SCO-MOLT-PORDINI(2,00)
 [29/10/22] - [01"59'25] ELABORAZIONE ARTICOLO: 009068 - SCORTA: 00000001 - ORDINE AUTO: 1 - IMMEDIATO: 0 - IMPEGNATO: 0
 [29/10/22] - [01"59'25] ARTICOLO KO.  - N1 (12,00) >= N2(8,00). ORD2-GIAC(12) + COMO-ORDINATO(0) - ORD2-PROMO(0) >= ( ORD2-RIORDINO(11,00) - ORD2-CONSEGNA(7,00)) * SCO-MOLT-PORDINI(2,00)
 [29/10/22] - [01"59'25] ELABORAZIONE ARTICOLO: 008502 - SCORTA: 00000001 - ORDINE AUTO: 1 - IMMEDIATO: 0 - IMPEGNATO: 9
 [29/10/22] - [01"59'25] ARTICOLO KO.  - N1 (15,00) >= N2(12,00). ORD2-GIAC(-6) + COMO-ORDINATO(21) - ORD2-PROMO(0) >= ( ORD2-RIORDINO(18,00) - ORD2-CONSEGNA(12,00)) * SCO-MOLT-PORDINI(2,00)
 [29/10/22] - [01"59'25] ELABORAZIONE ARTICOLO: 009066 - SCORTA: 00000001 - ORDINE AUTO: 1 - IMMEDIATO: 0 - IMPEGNATO: 0
 [29/10/22] - [01"59'25] ARTICOLO KO.  - N1 (14,00) >= N2(4,00). ORD2-GIAC(14) + COMO-ORDINATO(0) - ORD2-PROMO(0) >= ( ORD2-RIORDINO(5,00) - ORD2-CONSEGNA(3,00)) * SCO-MOLT-PORDINI(2,00)
 [29/10/22] - [01"59'25] ELABORAZIONE ARTICOLO: 009082 - SCORTA: 00000001 - ORDINE AUTO: 1 - IMMEDIATO: 0 - IMPEGNATO: 1
 [29/10/22] - [01"59'25] ARTICOLO OK.  - N1 (4,00) < N2(6,00). ORD2-GIAC(4) + COMO-ORDINATO(0) - ORD2-PROMO(0) < ( ORD2-RIORDINO(6,00) - ORD2-CONSEGNA(3,00)) * SCO-MOLT-PORDINI(2,00)
 [29/10/22] - [01"59'25] ELABORAZIONE ARTICOLO: 003399 - SCORTA: 00000001 - ORDINE AUTO: 1 - IMMEDIATO: 0 - IMPEGNATO: 683
 [29/10/22] - [01"59'25] ARTICOLO KO.  - N1 (1.868,00) >= N2(392,00). ORD2-GIAC(-18) + COMO-ORDINATO(2.592) - ORD2-PROMO(706) >= ( ORD2-RIORDINO(722,00) - ORD2-CONSEGNA(526,00)) * SCO-MOLT-PORDINI(2,00)
 [29/10/22] - [01"59'25] ELABORAZIONE ARTICOLO: 009084 - SCORTA: 00000001 - ORDINE AUTO: 1 - IMMEDIATO: 0 - IMPEGNATO: 0
 [29/10/22] - [01"59'25] ARTICOLO KO.  - N1 (8,00) >= N2(8,00). ORD2-GIAC(8) + COMO-ORDINATO(0) - ORD2-PROMO(0) >= ( ORD2-RIORDINO(6,00) - ORD2-CONSEGNA(2,00)) * SCO-MOLT-PORDINI(2,00)
 [29/10/22] - [01"59'25] ELABORAZIONE ARTICOLO: 003400 - SCORTA: 00000001 - ORDINE AUTO: 1 - IMMEDIATO: 0 - IMPEGNATO: 99
 [29/10/22] - [01"59'25] ARTICOLO KO.  - N1 (351,00) >= N2(226,00). ORD2-GIAC(382) + COMO-ORDINATO(0) - ORD2-PROMO(31) >= ( ORD2-RIORDINO(357,00) - ORD2-CONSEGNA(244,00)) * SCO-MOLT-PORDINI(2,00)
 [29/10/22] - [01"59'25] ELABORAZIONE ARTICOLO: 009086 - SCORTA: 00000001 - ORDINE AUTO: 1 - IMMEDIATO: 0 - IMPEGNATO: 0
 [29/10/22] - [01"59'25] ARTICOLO OK.  - N1 (12,00) < N2(24,00). ORD2-GIAC(12) + COMO-ORDINATO(0) - ORD2-PROMO(0) < ( ORD2-RIORDINO(33,00) - ORD2-CONSEGNA(21,00)) * SCO-MOLT-PORDINI(2,00)
 [29/10/22] - [01"59'25] ELABORAZIONE ARTICOLO: 009059 - SCORTA: 00000001 - ORDINE AUTO: 1 - IMMEDIATO: 0 - IMPEGNATO: 294
 [29/10/22] - [01"59'25] ARTICOLO KO.  - N1 (895,00) >= N2(430,00). ORD2-GIAC(265) + COMO-ORDINATO(630) - ORD2-PROMO(0) >= ( ORD2-RIORDINO(458,00) - ORD2-CONSEGNA(243,00)) * SCO-MOLT-PORDINI(2,00)
 [29/10/22] - [01"59'25] ELABORAZIONE ARTICOLO: 003401 - SCORTA: 00000001 - ORDINE AUTO: 1 - IMMEDIATO: 0 - IMPEGNATO: 1.154
 [29/10/22] - [01"59'25] ARTICOLO KO.  - N1 (463,00) >= N2(416,00). ORD2-GIAC(-1.154) + COMO-ORDINATO(2.016) - ORD2-PROMO(399) >= ( ORD2-RIORDINO(740,00) - ORD2-CONSEGNA(532,00)) * SCO-MOLT-PORDINI(2,00)
 [29/10/22] - [01"59'25] ELABORAZIONE ARTICOLO: 003402 - SCORTA: 00000001 - ORDINE AUTO: 1 - IMMEDIATO: 0 - IMPEGNATO: 890
 [29/10/22] - [01"59'25] ARTICOLO KO.  - N1 (910,00) >= N2(620,00). ORD2-GIAC(-857) + COMO-ORDINATO(2.040) - ORD2-PROMO(273) >= ( ORD2-RIORDINO(950,00) - ORD2-CONSEGNA(640,00)) * SCO-MOLT-PORDINI(2,00)
 [29/10/22] - [01"59'25] ELABORAZIONE ARTICOLO: 009055 - SCORTA: 00000001 - ORDINE AUTO: 1 - IMMEDIATO: 0 - IMPEGNATO: 320
 [29/10/22] - [01"59'25] ARTICOLO KO.  - N1 (481,00) >= N2(126,00). ORD2-GIAC(73) + COMO-ORDINATO(408) - ORD2-PROMO(0) >= ( ORD2-RIORDINO(243,00) - ORD2-CONSEGNA(180,00)) * SCO-MOLT-PORDINI(2,00)
 [29/10/22] - [01"59'25] ELABORAZIONE ARTICOLO: 009089 - SCORTA: 00000001 - ORDINE AUTO: 1 - IMMEDIATO: 0 - IMPEGNATO: 0
 [29/10/22] - [01"59'25] ARTICOLO KO.  - N1 (42,00) >= N2(34,00). ORD2-GIAC(42) + COMO-ORDINATO(0) - ORD2-PROMO(0) >= ( ORD2-RIORDINO(35,00) - ORD2-CONSEGNA(18,00)) * SCO-MOLT-PORDINI(2,00)
 [29/10/22] - [01"59'25] ELABORAZIONE ARTICOLO: 009056 - SCORTA: 00000001 - ORDINE AUTO: 1 - IMMEDIATO: 0 - IMPEGNATO: 17
 [29/10/22] - [01"59'25] ARTICOLO KO.  - N1 (27,00) >= N2(18,00). ORD2-GIAC(27) + COMO-ORDINATO(0) - ORD2-PROMO(0) >= ( ORD2-RIORDINO(30,00) - ORD2-CONSEGNA(21,00)) * SCO-MOLT-PORDINI(2,00)
 [29/10/22] - [01"59'25] ELABORAZIONE ARTICOLO: 009052 - SCORTA: 00000001 - ORDINE AUTO: 1 - IMMEDIATO: 0 - IMPEGNATO: 0
 [29/10/22] - [01"59'25] ARTICOLO KO.  - N1 (9,00) >= N2(6,00). ORD2-GIAC(9) + COMO-ORDINATO(0) - ORD2-PROMO(0) >= ( ORD2-RIORDINO(5,00) - ORD2-CONSEGNA(2,00)) * SCO-MOLT-PORDINI(2,00)
 [29/10/22] - [01"59'25] ELABORAZIONE ARTICOLO: 000279 - SCORTA: 00000001 - ORDINE AUTO: 1 - IMMEDIATO: 0 - IMPEGNATO: 220
 [29/10/22] - [01"59'25] ARTICOLO OK.  - N1 (-211,00) < N2(246,00). ORD2-GIAC(-211) + COMO-ORDINATO(0) - ORD2-PROMO(0) < ( ORD2-RIORDINO(384,00) - ORD2-CONSEGNA(261,00)) * SCO-MOLT-PORDINI(2,00)
 [29/10/22] - [01"59'25] ELABORAZIONE ARTICOLO: 003887 - SCORTA: 00000002 - ORDINE AUTO: 0 - IMMEDIATO: 1 - IMPEGNATO: 30
 [29/10/22] - [01"59'25] ELABORAZIONE ARTICOLO: 005594 - SCORTA: 00000000 - ORDINE AUTO: 0 - IMMEDIATO: 1 - IMPEGNATO: 0
 [29/10/22] - [01"59'25] ELABORAZIONE ARTICOLO: 000300 - SCORTA: 00000000 - ORDINE AUTO: 0 - IMMEDIATO: 1 - IMPEGNATO: 0
 [29/10/22] - [01"59'25] ELABORAZIONE ARTICOLO: 026711 - SCORTA: 00000000 - ORDINE AUTO: 0 - IMMEDIATO: 1 - IMPEGNATO: 0
 [29/10/22] - [01"59'25] ELABORAZIONE ARTICOLO: 004609 - SCORTA: 00000000 - ORDINE AUTO: 0 - IMMEDIATO: 1 - IMPEGNATO: 0
 [29/10/22] - [01"59'25] ELABORAZIONE ARTICOLO: 000304 - SCORTA: 00000004 - ORDINE AUTO: 1 - IMMEDIATO: 1 - IMPEGNATO: 2
 [29/10/22] - [01"59'25] ELABORAZIONE ARTICOLO: 000509 - SCORTA: 00000001 - ORDINE AUTO: 1 - IMMEDIATO: 0 - IMPEGNATO: 24
 [29/10/22] - [01"59'25] ARTICOLO KO.  - N1 (1.128,00) >= N2(286,00). ORD2-GIAC(348) + COMO-ORDINATO(780) - ORD2-PROMO(0) >= ( ORD2-RIORDINO(372,00) - ORD2-CONSEGNA(229,00)) * SCO-MOLT-PORDINI(2,00)
 [29/10/22] - [01"59'25] ELABORAZIONE ARTICOLO: 014479 - SCORTA: 00000002 - ORDINE AUTO: 0 - IMMEDIATO: 1 - IMPEGNATO: 9
 [29/10/22] - [01"59'25] ELABORAZIONE ARTICOLO: 015409 - SCORTA: 00000002 - ORDINE AUTO: 0 - IMMEDIATO: 1 - IMPEGNATO: 36
 [29/10/22] - [01"59'25] ELABORAZIONE ARTICOLO: 015465 - SCORTA: 00000000 - ORDINE AUTO: 0 - IMMEDIATO: 1 - IMPEGNATO: 0
 [29/10/22] - [01"59'25] ELABORAZIONE ARTICOLO: 002533 - SCORTA: 00000001 - ORDINE AUTO: 1 - IMMEDIATO: 0 - IMPEGNATO: 18
 [29/10/22] - [01"59'25] ARTICOLO KO.  - N1 (63,00) >= N2(32,00). ORD2-GIAC(51) + COMO-ORDINATO(12) - ORD2-PROMO(0) >= ( ORD2-RIORDINO(42,00) - ORD2-CONSEGNA(26,00)) * SCO-MOLT-PORDINI(2,00)
 [29/10/22] - [01"59'25] ELABORAZIONE ARTICOLO: 008468 - SCORTA: 00000001 - ORDINE AUTO: 1 - IMMEDIATO: 0 - IMPEGNATO: 408
 [29/10/22] - [01"59'25] ARTICOLO KO.  - N1 (1.559,00) >= N2(462,00). ORD2-GIAC(-169) + COMO-ORDINATO(1.728) - ORD2-PROMO(0) >= ( ORD2-RIORDINO(1.017,00) - ORD2-CONSEGNA(786,00)) * SCO-MOLT-PORDINI(2,00)
 [29/10/22] - [01"59'25] ELABORAZIONE ARTICOLO: 029746 - SCORTA: 00000003 - ORDINE AUTO: 1 - IMMEDIATO: 0 - IMPEGNATO: 12
 [29/10/22] - [01"59'25] ARTICOLO KO.  - N1 (780,00) >= N2(720,00). ORD2-GIAC(1.236) + COMO-ORDINATO(0) - ORD2-PROMO(456) >= ( ORD2-RIORDINO(692,00) - ORD2-CONSEGNA(512,00)) * SCO-MOLT-PORDINI(4,00)
 [29/10/22] - [01"59'25] ELABORAZIONE ARTICOLO: 029748 - SCORTA: 00000003 - ORDINE AUTO: 1 - IMMEDIATO: 0 - IMPEGNATO: 0
 [29/10/22] - [01"59'25] ARTICOLO KO.  - N1 (840,00) >= N2(404,00). ORD2-GIAC(960) + COMO-ORDINATO(0) - ORD2-PROMO(120) >= ( ORD2-RIORDINO(455,00) - ORD2-CONSEGNA(354,00)) * SCO-MOLT-PORDINI(4,00)
 [29/10/22] - [01"59'25] ELABORAZIONE ARTICOLO: 029752 - SCORTA: 00000003 - ORDINE AUTO: 1 - IMMEDIATO: 0 - IMPEGNATO: 0
 [29/10/22] - [01"59'25] ARTICOLO OK.  - N1 (336,00) < N2(624,00). ORD2-GIAC(852) + COMO-ORDINATO(0) - ORD2-PROMO(516) < ( ORD2-RIORDINO(489,00) - ORD2-CONSEGNA(333,00)) * SCO-MOLT-PORDINI(4,00)
 [29/10/22] - [01"59'25] ELABORAZIONE ARTICOLO: 008318 - SCORTA: 00000000 - ORDINE AUTO: 0 - IMMEDIATO: 1 - IMPEGNATO: 0
 [29/10/22] - [01"59'25] ELABORAZIONE ARTICOLO: 002604 - SCORTA: 00000003 - ORDINE AUTO: 1 - IMMEDIATO: 0 - IMPEGNATO: 168
 [29/10/22] - [01"59'25] ARTICOLO KO.  - N1 (1.982,00) >= N2(1.056,00). ORD2-GIAC(1.982) + COMO-ORDINATO(0) - ORD2-PROMO(0) >= ( ORD2-RIORDINO(844,00) - ORD2-CONSEGNA(580,00)) * SCO-MOLT-PORDINI(4,00)
 [29/10/22] - [01"59'25] ELABORAZIONE ARTICOLO: 002603 - SCORTA: 00000003 - ORDINE AUTO: 1 - IMMEDIATO: 0 - IMPEGNATO: 120
 [29/10/22] - [01"59'25] ARTICOLO KO.  - N1 (859,00) >= N2(536,00). ORD2-GIAC(859) + COMO-ORDINATO(0) - ORD2-PROMO(0) >= ( ORD2-RIORDINO(449,00) - ORD2-CONSEGNA(315,00)) * SCO-MOLT-PORDINI(4,00)
 [29/10/22] - [01"59'25] ELABORAZIONE ARTICOLO: 000645 - SCORTA: 00000004 - ORDINE AUTO: 1 - IMMEDIATO: 1 - IMPEGNATO: 0
 [29/10/22] - [01"59'25] ELABORAZIONE ARTICOLO: 029761 - SCORTA: 00000003 - ORDINE AUTO: 1 - IMMEDIATO: 0 - IMPEGNATO: 1.512
 [29/10/22] - [01"59'25] ARTICOLO OK.  - N1 (1.020,00) < N2(2.140,00). ORD2-GIAC(1.020) + COMO-ORDINATO(0) - ORD2-PROMO(0) < ( ORD2-RIORDINO(3.435,00) - ORD2-CONSEGNA(2.900,00)) * SCO-MOLT-PORDINI(4,00)
 [29/10/22] - [01"59'25] ELABORAZIONE ARTICOLO: 003457 - SCORTA: 00000004 - ORDINE AUTO: 1 - IMMEDIATO: 1 - IMPEGNATO: 0
 [29/10/22] - [01"59'25] ELABORAZIONE ARTICOLO: 011286 - SCORTA: 00000002 - ORDINE AUTO: 0 - IMMEDIATO: 1 - IMPEGNATO: 25
 [29/10/22] - [01"59'25] ELABORAZIONE ARTICOLO: 029767 - SCORTA: 00000003 - ORDINE AUTO: 1 - IMMEDIATO: 0 - IMPEGNATO: 0
 [29/10/22] - [01"59'25] ARTICOLO KO.  - N1 (468,00) >= N2(256,00). ORD2-GIAC(480) + COMO-ORDINATO(0) - ORD2-PROMO(12) >= ( ORD2-RIORDINO(158,00) - ORD2-CONSEGNA(94,00)) * SCO-MOLT-PORDINI(4,00)
 [29/10/22] - [01"59'25] ELABORAZIONE ARTICOLO: 029770 - SCORTA: 00000003 - ORDINE AUTO: 1 - IMMEDIATO: 0 - IMPEGNATO: 64
 [29/10/22] - [01"59'25] ARTICOLO OK.  - N1 (232,00) < N2(440,00). ORD2-GIAC(448) + COMO-ORDINATO(0) - ORD2-PROMO(216) < ( ORD2-RIORDINO(702,00) - ORD2-CONSEGNA(592,00)) * SCO-MOLT-PORDINI(4,00)
 [29/10/22] - [01"59'25] ELABORAZIONE ARTICOLO: 029774 - SCORTA: 00000003 - ORDINE AUTO: 1 - IMMEDIATO: 0 - IMPEGNATO: 12
 [29/10/22] - [01"59'25] ARTICOLO KO.  - N1 (1.419,00) >= N2(764,00). ORD2-GIAC(1.456) + COMO-ORDINATO(0) - ORD2-PROMO(37) >= ( ORD2-RIORDINO(783,00) - ORD2-CONSEGNA(592,00)) * SCO-MOLT-PORDINI(4,00)
 [29/10/22] - [01"59'25] ELABORAZIONE ARTICOLO: 000598 - SCORTA: 00000001 - ORDINE AUTO: 1 - IMMEDIATO: 0 - IMPEGNATO: 96
 [29/10/22] - [01"59'25] ARTICOLO KO.  - N1 (110,00) >= N2(76,00). ORD2-GIAC(110) + COMO-ORDINATO(0) - ORD2-PROMO(0) >= ( ORD2-RIORDINO(132,00) - ORD2-CONSEGNA(94,00)) * SCO-MOLT-PORDINI(2,00)
 [29/10/22] - [01"59'25] ELABORAZIONE ARTICOLO: 010152 - SCORTA: 00000000 - ORDINE AUTO: 0 - IMMEDIATO: 1 - IMPEGNATO: 0
 [29/10/22] - [01"59'25] ELABORAZIONE ARTICOLO: 013581 - SCORTA: 00000000 - ORDINE AUTO: 0 - IMMEDIATO: 1 - IMPEGNATO: 0
 [29/10/22] - [01"59'25] ELABORAZIONE ARTICOLO: 013580 - SCORTA: 00000002 - ORDINE AUTO: 0 - IMMEDIATO: 1 - IMPEGNATO: 180
 [29/10/22] - [01"59'25] ELABORAZIONE ARTICOLO: 031245 - SCORTA: 00000000 - ORDINE AUTO: 0 - IMMEDIATO: 1 - IMPEGNATO: 0
 [29/10/22] - [01"59'25] ELABORAZIONE ARTICOLO: 022278 - SCORTA: 00000000 - ORDINE AUTO: 0 - IMMEDIATO: 1 - IMPEGNATO: 0
 [29/10/22] - [01"59'25] ELABORAZIONE ARTICOLO: 022279 - SCORTA: 00000000 - ORDINE AUTO: 0 - IMMEDIATO: 1 - IMPEGNATO: 0
 [29/10/22] - [01"59'25] ELABORAZIONE ARTICOLO: 029570 - SCORTA: 00000000 - ORDINE AUTO: 0 - IMMEDIATO: 1 - IMPEGNATO: 0
 [29/10/22] - [01"59'25] ELABORAZIONE ARTICOLO: 004620 - SCORTA: 00000000 - ORDINE AUTO: 0 - IMMEDIATO: 1 - IMPEGNATO: 0
 [29/10/22] - [01"59'25] ELABORAZIONE ARTICOLO: 008951 - SCORTA: 00000004 - ORDINE AUTO: 1 - IMMEDIATO: 1 - IMPEGNATO: 2
 [29/10/22] - [01"59'25] ELABORAZIONE ARTICOLO: 017318 - SCORTA: 00000001 - ORDINE AUTO: 1 - IMMEDIATO: 0 - IMPEGNATO: 8
 [29/10/22] - [01"59'25] ARTICOLO KO.  - N1 (8,00) >= N2(6,00). ORD2-GIAC(8) + COMO-ORDINATO(0) - ORD2-PROMO(0) >= ( ORD2-RIORDINO(6,00) - ORD2-CONSEGNA(3,00)) * SCO-MOLT-PORDINI(2,00)
 [29/10/22] - [01"59'25] ELABORAZIONE ARTICOLO: 017347 - SCORTA: 00000004 - ORDINE AUTO: 1 - IMMEDIATO: 1 - IMPEGNATO: 3
 [29/10/22] - [01"59'25] ELABORAZIONE ARTICOLO: 014471 - SCORTA: 00000002 - ORDINE AUTO: 0 - IMMEDIATO: 1 - IMPEGNATO: 37
 [29/10/22] - [01"59'25] ELABORAZIONE ARTICOLO: 008739 - SCORTA: 00000001 - ORDINE AUTO: 1 - IMMEDIATO: 0 - IMPEGNATO: 72
 [29/10/22] - [01"59'25] ARTICOLO KO.  - N1 (84,00) >= N2(52,00). ORD2-GIAC(-72) + COMO-ORDINATO(156) - ORD2-PROMO(0) >= ( ORD2-RIORDINO(53,00) - ORD2-CONSEGNA(27,00)) * SCO-MOLT-PORDINI(2,00)
 [29/10/22] - [01"59'25] ELABORAZIONE ARTICOLO: 008741 - SCORTA: 00000001 - ORDINE AUTO: 1 - IMMEDIATO: 0 - IMPEGNATO: 0
 [29/10/22] - [01"59'25] ARTICOLO KO.  - N1 (163,00) >= N2(34,00). ORD2-GIAC(58) + COMO-ORDINATO(105) - ORD2-PROMO(0) >= ( ORD2-RIORDINO(51,00) - ORD2-CONSEGNA(34,00)) * SCO-MOLT-PORDINI(2,00)
 [29/10/22] - [01"59'25] ELABORAZIONE ARTICOLO: 008743 - SCORTA: 00000001 - ORDINE AUTO: 1 - IMMEDIATO: 0 - IMPEGNATO: 36
 [29/10/22] - [01"59'25] ARTICOLO KO.  - N1 (636,00) >= N2(182,00). ORD2-GIAC(408) + COMO-ORDINATO(228) - ORD2-PROMO(0) >= ( ORD2-RIORDINO(341,00) - ORD2-CONSEGNA(250,00)) * SCO-MOLT-PORDINI(2,00)
 [29/10/22] - [01"59'25] ELABORAZIONE ARTICOLO: 014648 - SCORTA: 00000004 - ORDINE AUTO: 1 - IMMEDIATO: 1 - IMPEGNATO: 1
 [29/10/22] - [01"59'25] ELABORAZIONE ARTICOLO: 008953 - SCORTA: 00000001 - ORDINE AUTO: 1 - IMMEDIATO: 0 - IMPEGNATO: 0
 [29/10/22] - [01"59'25] ARTICOLO KO.  - N1 (108,00) >= N2(52,00). ORD2-GIAC(108) + COMO-ORDINATO(0) - ORD2-PROMO(0) >= ( ORD2-RIORDINO(45,00) - ORD2-CONSEGNA(19,00)) * SCO-MOLT-PORDINI(2,00)
 [29/10/22] - [01"59'25] ELABORAZIONE ARTICOLO: 008771 - SCORTA: 00000001 - ORDINE AUTO: 1 - IMMEDIATO: 0 - IMPEGNATO: 0
 [29/10/22] - [01"59'25] ARTICOLO KO.  - N1 (876,00) >= N2(116,00). ORD2-GIAC(708) + COMO-ORDINATO(168) - ORD2-PROMO(0) >= ( ORD2-RIORDINO(344,00) - ORD2-CONSEGNA(286,00)) * SCO-MOLT-PORDINI(2,00)
 [29/10/22] - [01"59'25] ELABORAZIONE ARTICOLO: 009074 - SCORTA: 00000001 - ORDINE AUTO: 1 - IMMEDIATO: 0 - IMPEGNATO: 0
 [29/10/22] - [01"59'25] ARTICOLO KO.  - N1 (2,00) >= N2(2,00). ORD2-GIAC(2) + COMO-ORDINATO(0) - ORD2-PROMO(0) >= ( ORD2-RIORDINO(1,00) - ORD2-CONSEGNA(0,00)) * SCO-MOLT-PORDINI(2,00)
 [29/10/22] - [01"59'25] ELABORAZIONE ARTICOLO: 008895 - SCORTA: 00000004 - ORDINE AUTO: 1 - IMMEDIATO: 1 - IMPEGNATO: 2
 [29/10/22] - [01"59'25] ELABORAZIONE ARTICOLO: 009040 - SCORTA: 00000001 - ORDINE AUTO: 1 - IMMEDIATO: 0 - IMPEGNATO: 0
 [29/10/22] - [01"59'25] ARTICOLO KO.  - N1 (0,00) >= N2(0,00                ). ORD2-GIAC(0) + COMO-ORDINATO(0) - ORD2-PROMO(0) >= ( ORD2-RIORDINO(0,00) - ORD2-CONSEGNA(0,00)) * SCO-MOLT-PORDINI(2,00)
 [29/10/22] - [01"59'25] ELABORAZIONE ARTICOLO: 035169 - SCORTA: 00000001 - ORDINE AUTO: 1 - IMMEDIATO: 0 - IMPEGNATO: 0
 [29/10/22] - [01"59'25] ARTICOLO KO.  - N1 (0,00) >= N2(0,00                ). ORD2-GIAC(0) + COMO-ORDINATO(0) - ORD2-PROMO(0) >= ( ORD2-RIORDINO(0,00) - ORD2-CONSEGNA(0,00)) * SCO-MOLT-PORDINI(2,00)
 [29/10/22] - [01"59'25] ELABORAZIONE ARTICOLO: 003397 - SCORTA: 00000001 - ORDINE AUTO: 1 - IMMEDIATO: 0 - IMPEGNATO: 332
 [29/10/22] - [01"59'25] ARTICOLO KO.  - N1 (2.972,00) >= N2(406,00). ORD2-GIAC(-362) + COMO-ORDINATO(3.504) - ORD2-PROMO(170) >= ( ORD2-RIORDINO(1.305,00) - ORD2-CONSEGNA(1.102,00)) * SCO-MOLT-PORDINI(2,00)
 [29/10/22] - [01"59'25] ELABORAZIONE ARTICOLO: 003388 - SCORTA: 00000001 - ORDINE AUTO: 1 - IMMEDIATO: 0 - IMPEGNATO: 345
 [29/10/22] - [01"59'25] ARTICOLO KO.  - N1 (4.578,00) >= N2(640,00). ORD2-GIAC(2.306) + COMO-ORDINATO(2.808) - ORD2-PROMO(536) >= ( ORD2-RIORDINO(1.243,00) - ORD2-CONSEGNA(923,00)) * SCO-MOLT-PORDINI(2,00)
 [29/10/22] - [01"59'25] ELABORAZIONE ARTICOLO: 003391 - SCORTA: 00000001 - ORDINE AUTO: 1 - IMMEDIATO: 0 - IMPEGNATO: 308
 [29/10/22] - [01"59'25] ARTICOLO KO.  - N1 (2.801,00) >= N2(600,00). ORD2-GIAC(3.369) + COMO-ORDINATO(0) - ORD2-PROMO(568) >= ( ORD2-RIORDINO(1.548,00) - ORD2-CONSEGNA(1.248,00)) * SCO-MOLT-PORDINI(2,00)
 [29/10/22] - [01"59'25] ELABORAZIONE ARTICOLO: 003394 - SCORTA: 00000001 - ORDINE AUTO: 1 - IMMEDIATO: 0 - IMPEGNATO: 413
 [29/10/22] - [01"59'25] ARTICOLO KO.  - N1 (4.567,00) >= N2(802,00). ORD2-GIAC(41) + COMO-ORDINATO(5.040) - ORD2-PROMO(514) >= ( ORD2-RIORDINO(1.902,00) - ORD2-CONSEGNA(1.501,00)) * SCO-MOLT-PORDINI(2,00)
 [29/10/22] - [01"59'25] ELABORAZIONE ARTICOLO: 003395 - SCORTA: 00000001 - ORDINE AUTO: 1 - IMMEDIATO: 0 - IMPEGNATO: 325
 [29/10/22] - [01"59'25] ARTICOLO KO.  - N1 (1.264,00) >= N2(832,00). ORD2-GIAC(1.777) + COMO-ORDINATO(0) - ORD2-PROMO(513) >= ( ORD2-RIORDINO(1.697,00) - ORD2-CONSEGNA(1.281,00)) * SCO-MOLT-PORDINI(2,00)
 [29/10/22] - [01"59'25] ELABORAZIONE ARTICOLO: 003396 - SCORTA: 00000001 - ORDINE AUTO: 1 - IMMEDIATO: 0 - IMPEGNATO: 404
 [29/10/22] - [01"59'25] ARTICOLO KO.  - N1 (2.140,00) >= N2(384,00). ORD2-GIAC(53) + COMO-ORDINATO(2.304) - ORD2-PROMO(217) >= ( ORD2-RIORDINO(1.140,00) - ORD2-CONSEGNA(948,00)) * SCO-MOLT-PORDINI(2,00)
 [29/10/22] - [01"59'25] ELABORAZIONE ARTICOLO: 003390 - SCORTA: 00000001 - ORDINE AUTO: 1 - IMMEDIATO: 0 - IMPEGNATO: 0
 [29/10/22] - [01"59'25] ARTICOLO KO.  - N1 (611,00) >= N2(204,00). ORD2-GIAC(623) + COMO-ORDINATO(0) - ORD2-PROMO(12) >= ( ORD2-RIORDINO(232,00) - ORD2-CONSEGNA(130,00)) * SCO-MOLT-PORDINI(2,00)
 [29/10/22] - [01"59'25] ELABORAZIONE ARTICOLO: 003393 - SCORTA: 00000001 - ORDINE AUTO: 1 - IMMEDIATO: 0 - IMPEGNATO: 168
 [29/10/22] - [01"59'25] ARTICOLO KO.  - N1 (1.250,00) >= N2(456,00). ORD2-GIAC(1.782) + COMO-ORDINATO(0) - ORD2-PROMO(532) >= ( ORD2-RIORDINO(785,00) - ORD2-CONSEGNA(557,00)) * SCO-MOLT-PORDINI(2,00)
 [29/10/22] - [01"59'25] FINE SCANSIONE RIGHE GRIGLIA
 [29/10/22] - [01"59'25] GENERAZIONE ORDINI FORNITORI
 [29/10/22] - [01"59'25] RICHIAMO PROGRAMMA CREA-ORDFOR
 [29/10/22] - [01"59'43] FINE RICHIAMO PROGRAMMA CREA-ORDFOR
 [29/10/22] - [01"59'43] STAMPE ORDINI
 [29/10/22] - [01"59'43] FINE STAMPE ORDINI
 [29/10/22] - [01"59'43] RIEPILOGO VIA MAIL
 [29/10/22] - [02"01'02] RIGENERAZIONE QTA VENDUTI
 [29/10/22] - [02"01'02] QTA STORICHE NON AGGIORNATE (1)
 [29/10/22] - [02"01'02] FINE RIGENERAZIONE QTA VENDUTI
 [29/10/22] - [02"01'02] FINE ELABORAZIONE AUTOMATICA
 [29/10/22] - [02"01'02] FINE PROGRAMMA
