 [18/07/22] - [15"05'01] INIZIO ELABORAZIONE
 [18/07/22] - [15"05'01] CONTROLLO ESISTENZA CARTELLE OK
 [18/07/22] - [15"05'02]
 [18/07/22] - [15"05'02] ELABORAZIONE FILE f:\lubex\GESLUX\EDI\test\import\BRICOFER_G$3102352280_20220201_07300339_20220202_12523370_20220203_11232434
 [18/07/22] - [15"05'02] CREAZIONE FILE BACKUP : f:\lubex\GESLUX\EDI\test\backup\BRICOFER_G$3102352280_20220201_07300339_20220202_12523370_20220203_11232434_20220718_15050114
 [18/07/22] - [15"05'02] GENERAZIONE BACKUP RIUSCITA
 [18/07/22] - [15"05'02] CANCELLAZIONE FILE: f:\lubex\GESLUX\EDI\test\import\BRICOFER_G$3102352280_20220201_07300339_20220202_12523370_20220203_11232434
 [18/07/22] - [15"05'02] CANCELLAZIONE RIUSCITA
 [18/07/22] - [15"05'02] LAVORAZIONE EFFETTIVA FILE: f:\lubex\GESLUX\EDI\test\backup\BRICOFER_G$3102352280_20220201_07300339_20220202_12523370_20220203_11232434_20220718_15050114
 [18/07/22] - [15"05'02] CREATO ORDINE: 2022 - 00145372
 [18/07/22] - [15"06'00]
 [18/07/22] - [15"06'00] ELABORAZIONE FILE f:\lubex\GESLUX\EDI\test\import\portale20210514150726.csv_20211102_15080072
 [18/07/22] - [15"06'00] CREAZIONE FILE BACKUP : f:\lubex\GESLUX\EDI\test\backup\portale20210514150726.csv_20211102_15080072_20220718_15050114
 [18/07/22] - [15"06'00] GENERAZIONE BACKUP RIUSCITA
 [18/07/22] - [15"06'00] CANCELLAZIONE FILE: f:\lubex\GESLUX\EDI\test\import\portale20210514150726.csv_20211102_15080072
 [18/07/22] - [15"06'00] CANCELLAZIONE RIUSCITA
 [18/07/22] - [15"06'00] LAVORAZIONE EFFETTIVA FILE: f:\lubex\GESLUX\EDI\test\backup\portale20210514150726.csv_20211102_15080072_20220718_15050114
 [18/07/22] - [15"06'00] CREATO ORDINE: 2022 - 00145373
 [18/07/22] - [15"06'00] CREATO ORDINE: 2022 - 00145374
 [18/07/22] - [15"06'00]
 [18/07/22] - [15"06'00] FILES TRATTATI: 002 - OK: 002 - NON ELABORATI: 000
 [18/07/22] - [15"06'00] *** ORDINI TRATTATI: 00004 di cui 00002 da verificare ****
 [18/07/22] - [15"06'00]
 [18/07/22] - [15"06'00] ELABORAZIONE TERMINATA IN: 59 SECONDI
