 [08/11/23] - [17"34'57] INIZIO ELABORAZIONE
 [08/11/23] - [17"34'57] CONTROLLO ESISTENZA CARTELLE OK
 [08/11/23] - [17"34'57]
 [08/11/23] - [17"34'57] ELABORAZIONE FILE f:\lubex\GESLUX\EDI\test\import\BRICOFER_G$3222443831_20221216_16225866_20221217_00193620_20231031_11170973
 [08/11/23] - [17"34'57] CREAZIONE FILE BACKUP : f:\lubex\GESLUX\EDI\test\backup\BRICOFER_G$3222443831_20221216_16225866_20221217_00193620_20231031_11170973_20231108_17345791
 [08/11/23] - [17"34'57] GENERAZIONE BACKUP RIUSCITA
 [08/11/23] - [17"34'57] CANCELLAZIONE FILE: f:\lubex\GESLUX\EDI\test\import\BRICOFER_G$3222443831_20221216_16225866_20221217_00193620_20231031_11170973
 [08/11/23] - [17"34'57] CANCELLAZIONE RIUSCITA
 [08/11/23] - [17"34'57] LAVORAZIONE EFFETTIVA FILE: f:\lubex\GESLUX\EDI\test\backup\BRICOFER_G$3222443831_20221216_16225866_20221217_00193620_20231031_11170973_20231108_17345791
 [08/11/23] - [17"34'57] CREATO ORDINE: 2023 - 00188803
 [08/11/23] - [17"37'13]
 [08/11/23] - [17"37'13] ELABORAZIONE FILE f:\lubex\GESLUX\EDI\test\import\BRICOFER_G$3222443831_20221216_16225866_20221217_00212882_20231031_11170973
 [08/11/23] - [17"37'13] CREAZIONE FILE BACKUP : f:\lubex\GESLUX\EDI\test\backup\BRICOFER_G$3222443831_20221216_16225866_20221217_00212882_20231031_11170973_20231108_17345791
 [08/11/23] - [17"37'13] GENERAZIONE BACKUP RIUSCITA
 [08/11/23] - [17"37'13] CANCELLAZIONE FILE: f:\lubex\GESLUX\EDI\test\import\BRICOFER_G$3222443831_20221216_16225866_20221217_00212882_20231031_11170973
 [08/11/23] - [17"37'13] CANCELLAZIONE RIUSCITA
 [08/11/23] - [17"37'13] LAVORAZIONE EFFETTIVA FILE: f:\lubex\GESLUX\EDI\test\backup\BRICOFER_G$3222443831_20221216_16225866_20221217_00212882_20231031_11170973_20231108_17345791
 [08/11/23] - [17"37'13] CREATO ORDINE: 2023 - 00188804
 [08/11/23] - [17"37'13]
 [08/11/23] - [17"37'13] FILES TRATTATI: 002 - OK: 002 - NON ELABORATI: 000
 [08/11/23] - [17"37'13] *** ORDINI TRATTATI: 00003 di cui 00003 da verificare ****
 [08/11/23] - [17"37'13]
 [08/11/23] - [17"37'13] ELABORAZIONE TERMINATA IN: 02 MINUTI E 16 SECONDI
