 [08/11/23] - [17"33'23] INIZIO ELABORAZIONE
 [08/11/23] - [17"33'23] CONTROLLO ESISTENZA CARTELLE OK
 [08/11/23] - [17"33'31]
 [08/11/23] - [17"33'31] ELABORAZIONE FILE f:\lubex\GESLUX\EDI\test\import\BRICOFER_G$3222443831_20221216_16225866_20221217_00193620_20231031_11152793
 [08/11/23] - [17"33'31] CREAZIONE FILE BACKUP : f:\lubex\GESLUX\EDI\test\backup\BRICOFER_G$3222443831_20221216_16225866_20221217_00193620_20231031_11152793_20231108_17332336
 [08/11/23] - [17"33'31] GENERAZIONE BACKUP RIUSCITA
 [08/11/23] - [17"33'31] CANCELLAZIONE FILE: f:\lubex\GESLUX\EDI\test\import\BRICOFER_G$3222443831_20221216_16225866_20221217_00193620_20231031_11152793
 [08/11/23] - [17"33'31] CANCELLAZIONE RIUSCITA
 [08/11/23] - [17"33'31] LAVORAZIONE EFFETTIVA FILE: f:\lubex\GESLUX\EDI\test\backup\BRICOFER_G$3222443831_20221216_16225866_20221217_00193620_20231031_11152793_20231108_17332336
 [08/11/23] - [17"33'31] CREATO ORDINE: 2023 - 00188801
 [08/11/23] - [17"34'40]
 [08/11/23] - [17"34'40] ELABORAZIONE FILE f:\lubex\GESLUX\EDI\test\import\BRICOFER_G$3222443831_20221216_16225866_20221217_00193620_20231031_11170973
 [08/11/23] - [17"34'40] CREAZIONE FILE BACKUP : f:\lubex\GESLUX\EDI\test\backup\BRICOFER_G$3222443831_20221216_16225866_20221217_00193620_20231031_11170973_20231108_17332336
 [08/11/23] - [17"34'40] GENERAZIONE BACKUP RIUSCITA
 [08/11/23] - [17"34'40] CANCELLAZIONE FILE: f:\lubex\GESLUX\EDI\test\import\BRICOFER_G$3222443831_20221216_16225866_20221217_00193620_20231031_11170973
 [08/11/23] - [17"34'40] CANCELLAZIONE RIUSCITA
 [08/11/23] - [17"34'40] LAVORAZIONE EFFETTIVA FILE: f:\lubex\GESLUX\EDI\test\backup\BRICOFER_G$3222443831_20221216_16225866_20221217_00193620_20231031_11170973_20231108_17332336
 [08/11/23] - [17"34'40] CREATO ORDINE: 2023 - 00188802
 [08/11/23] - [17"34'40]
 [08/11/23] - [17"34'40] FILES TRATTATI: 002 - OK: 002 - NON ELABORATI: 000
 [08/11/23] - [17"34'40] *** ORDINI TRATTATI: 00003 di cui 00003 da verificare ****
 [08/11/23] - [17"34'40]
 [08/11/23] - [17"34'40] ELABORAZIONE TERMINATA IN: 01 MINUTI E 17 SECONDI
