 [20/04/24] - [00"36'41] INIZIO PROGRAMMA
 [20/04/24] - [00"36'41] INIZIO SOMMA VENDUTI
 [20/04/24] - [00"36'43] FINE SOMMA VENDUTI
 [20/04/24] - [00"36'43] CONTROLLO ESEGUIBILITA'
 [20/04/24] - [00"36'43] CONTROLLO ESEGUIBILITA' OK
 [20/04/24] - [00"36'43] OPEN OUTPUT TMP-FORN
 [20/04/24] - [00"36'43] OPEN OUTPUT TMP-ORDFOR
 [20/04/24] - [00"36'43] QTA-PROMO
 [20/04/24] - [00"36'43] VALORIZZA CAMPI
 [20/04/24] - [00"36'43] RIEMPI GRID
 [20/04/24] - [00"36'44] RIEMPI GRID OK
 [20/04/24] - [00"36'44] INIZIO ELABORAZIONE AUTOMATICA
 [20/04/24] - [00"36'44] INIZIO RICALCOLO
 [20/04/24] - [00"36'44] QTA STORICHE NON AGGIORNATE (1)
 [20/04/24] - [00"36'44] FINE RICALCOLO
 [20/04/24] - [00"36'44] INIZIO SCANSIONE RIGHE GRIGLIA
 [20/04/24] - [00"36'44] FORMULE DI RIFERIMENTO: N1 = ord2-giac + ordinato - ord2-promo || N2 = ( ord2-riordino - ord2-consegna ) * sco-molt-pordini
 [20/04/24] - [00"36'44] ELABORAZIONE ARTICOLO: 022304 - SCORTA: 00000003 - ORDINE AUTO: 1 - IMMEDIATO: 0 - IMPEGNATO: 0
 [20/04/24] - [00"36'44] ARTICOLO OK: N1 (1.547,00) < N2(832,00). ORD2-GIAC(1.547) + COMO-ORDINATO(0) - ORD2-PROMO(0) < ( ORD2-RIORDINO(516,00) - ORD2-CONSEGNA(308,00)) * SCO-MOLT-PORDINI(4,00)
 [20/04/24] - [00"36'44] FINE SCANSIONE RIGHE GRIGLIA
 [20/04/24] - [00"36'44] GENERAZIONE ORDINI FORNITORI
 [20/04/24] - [00"36'44] RICHIAMO PROGRAMMA CREA-ORDFOR
 [20/04/24] - [00"36'48] FINE RICHIAMO PROGRAMMA CREA-ORDFOR
 [20/04/24] - [00"36'48] STAMPE ORDINI
 [20/04/24] - [00"36'48] STAMPE UFFICIO ALTRO SU STAMPANTE: doPDF 11
 [20/04/24] - [00"36'51] FINE STAMPE ORDINI
 [20/04/24] - [00"36'51] RIGENERAZIONE QTA VENDUTI
 [20/04/24] - [00"36'51] QTA STORICHE NON AGGIORNATE (1)
 [20/04/24] - [00"36'51] FINE RIGENERAZIONE QTA VENDUTI
 [20/04/24] - [00"36'51] FINE ELABORAZIONE AUTOMATICA
 [20/04/24] - [00"36'51] FINE PROGRAMMA
