 [14/05/21] - [16"08'14] INIZIO ELABORAZIONE
 [14/05/21] - [16"08'14] CONTROLLO ESISTENZA CARTELLE OK
 [14/05/21] - [16"08'14]
 [14/05/21] - [16"08'14] ELABORAZIONE FILEf:\lubex\GESLUX\EDI\test\import\portale20210514150726
 [14/05/21] - [16"08'14] BACKUP RIUSCITO: f:\lubex\GESLUX\EDI\test\backup\portale20210514150726_20210514_16081486
 [14/05/21] - [16"08'16] CREATO ORDINE: 2021 - 00000002
 [14/05/21] - [16"08'16] CREATO ORDINE: 2021 - 00000003
 [14/05/21] - [16"08'16] CREATO ORDINE: 2021 - 00000004
 [14/05/21] - [16"08'16] CREATO ORDINE: 2021 - 00000005
 [14/05/21] - [16"08'16] CREATO ORDINE: 2021 - 00000006
 [14/05/21] - [16"08'16] CREATO ORDINE: 2021 - 00000007
 [14/05/21] - [16"08'16] CREATO ORDINE: 2021 - 00000008
 [14/05/21] - [16"08'16] CREATO ORDINE: 2021 - 00000009
 [14/05/21] - [16"08'16] CREATO ORDINE: 2021 - 00000010
 [14/05/21] - [16"08'16] CREATO ORDINE: 2021 - 00000011
 [14/05/21] - [16"08'16] CREATO ORDINE: 2021 - 00000012
 [14/05/21] - [16"08'16] CREATO ORDINE: 2021 - 00000013
 [14/05/21] - [16"08'16] CREATO ORDINE: 2021 - 00000014
 [14/05/21] - [16"08'16] CREATO ORDINE: 2021 - 00000015
 [14/05/21] - [16"08'16] CREATO ORDINE: 2021 - 00000016
 [14/05/21] - [16"08'16] CREATO ORDINE: 2021 - 00000017
 [14/05/21] - [16"08'16] CREATO ORDINE: 2021 - 00000018
 [14/05/21] - [16"08'17] CREATO ORDINE: 2021 - 00000019
 [14/05/21] - [16"08'17] CREATO ORDINE: 2021 - 00000020
 [14/05/21] - [16"08'17] CREATO ORDINE: 2021 - 00000021
 [14/05/21] - [16"08'17] CREATO ORDINE: 2021 - 00000022
 [14/05/21] - [16"08'17] CREATO ORDINE: 2021 - 00000023
 [14/05/21] - [16"08'17] CREATO ORDINE: 2021 - 00000024
 [14/05/21] - [16"08'17] CREATO ORDINE: 2021 - 00000025
 [14/05/21] - [16"08'17] CREATO ORDINE: 2021 - 00000026
 [14/05/21] - [16"08'17] CREATO ORDINE: 2021 - 00000027
 [14/05/21] - [16"08'17] CREATO ORDINE: 2021 - 00000028
 [14/05/21] - [16"08'17] CREATO ORDINE: 2021 - 00000029
 [14/05/21] - [16"08'17] CREATO ORDINE: 2021 - 00000030
 [14/05/21] - [16"08'17] CREATO ORDINE: 2021 - 00000031
 [14/05/21] - [16"08'17] CREATO ORDINE: 2021 - 00000032
 [14/05/21] - [16"08'17] CREATO ORDINE: 2021 - 00000033
 [14/05/21] - [16"08'17] CREATO ORDINE: 2021 - 00000034
 [14/05/21] - [16"08'17] CREATO ORDINE: 2021 - 00000035
 [14/05/21] - [16"08'17]
 [14/05/21] - [16"08'17] FILES TRATTATI: 001 - OK: 001 - NON ELABORATI: 000
 [14/05/21] - [16"08'17] *** ORDINI TRATTATI: 00035 di cui 00021 da verificare ****
 [14/05/21] - [16"08'17]
 [14/05/21] - [16"08'17] ELABORAZIONE TERMINATA IN: 03 SECONDI
