 [24/01/24] - [19"09'58] INIZIO ELABORAZIONE
 [24/01/24] - [19"09'58] CONTROLLO ESISTENZA CARTELLE OK
 [24/01/24] - [19"09'58]
 [24/01/24] - [19"09'58] ELABORAZIONE FILE f:\lubex\GESLUX\EDI\test\import\CARREFOUR_C$3377435064_20240112_07000368
 [24/01/24] - [19"09'58] CREAZIONE FILE BACKUP : f:\lubex\GESLUX\EDI\test\backup\CARREFOUR_C$3377435064_20240112_07000368_20240124_19095839
 [24/01/24] - [19"09'58] GENERAZIONE BACKUP RIUSCITA
 [24/01/24] - [19"09'58] CANCELLAZIONE FILE: f:\lubex\GESLUX\EDI\test\import\CARREFOUR_C$3377435064_20240112_07000368
 [24/01/24] - [19"09'58] CANCELLAZIONE RIUSCITA
 [24/01/24] - [19"09'58] LAVORAZIONE EFFETTIVA FILE: f:\lubex\GESLUX\EDI\test\backup\CARREFOUR_C$3377435064_20240112_07000368_20240124_19095839
 [24/01/24] - [19"09'58] CREATO ORDINE: 2024 - 00200492
 [24/01/24] - [19"09'58] CREATO ORDINE: 2024 - 00200493
 [24/01/24] - [19"09'58] CREATO ORDINE: 2024 - 00200494
 [24/01/24] - [19"09'58] CREATO ORDINE: 2024 - 00200495
 [24/01/24] - [19"09'58] CREATO ORDINE: 2024 - 00200496
 [24/01/24] - [19"09'58] CREATO ORDINE: 2024 - 00200497
 [24/01/24] - [19"09'58] CREATO ORDINE: 2024 - 00200498
 [24/01/24] - [19"09'58] CREATO ORDINE: 2024 - 00200499
 [24/01/24] - [19"09'58] CREATO ORDINE: 2024 - 00200500
 [24/01/24] - [19"09'58] CREATO ORDINE: 2024 - 00200501
 [24/01/24] - [19"09'58] CREATO ORDINE: 2024 - 00200502
 [24/01/24] - [19"09'58]
 [24/01/24] - [19"09'58] FILES TRATTATI: 001 - OK: 001 - NON ELABORATI: 000
 [24/01/24] - [19"09'58] *** ORDINI TRATTATI: 00012 di cui 00011 da verificare ****
 [24/01/24] - [19"09'58]
 [24/01/24] - [19"09'58] ELABORAZIONE TERMINATA IN: 00 SECONDI
