 [20/04/24] - [01"26'59] INIZIO PROGRAMMA
 [20/04/24] - [01"26'59] INIZIO SOMMA VENDUTI
 [20/04/24] - [01"27'01] FINE SOMMA VENDUTI
 [20/04/24] - [01"27'01] CONTROLLO ESEGUIBILITA'
 [20/04/24] - [01"27'01] CONTROLLO ESEGUIBILITA' OK
 [20/04/24] - [01"27'01] OPEN OUTPUT TMP-FORN
 [20/04/24] - [01"27'01] OPEN OUTPUT TMP-ORDFOR
 [20/04/24] - [01"27'01] QTA-PROMO
 [20/04/24] - [01"27'01] VALORIZZA CAMPI
 [20/04/24] - [01"27'02] RIEMPI GRID
 [20/04/24] - [01"27'02] RIEMPI GRID OK
 [20/04/24] - [01"27'02] INIZIO ELABORAZIONE AUTOMATICA
 [20/04/24] - [01"27'02] INIZIO RICALCOLO
 [20/04/24] - [01"27'02] QTA STORICHE NON AGGIORNATE (1)
 [20/04/24] - [01"27'02] FINE RICALCOLO
 [20/04/24] - [01"27'02] INIZIO SCANSIONE RIGHE GRIGLIA
 [20/04/24] - [01"27'02] FORMULE DI RIFERIMENTO: N1 = ord2-giac + ordinato - ord2-promo || N2 = ( ord2-riordino - ord2-consegna ) * sco-molt-pordini
 [20/04/24] - [01"27'02] ELABORAZIONE ARTICOLO: 022304 - SCORTA: 00000003 - ORDINE AUTO: 1 - IMMEDIATO: 0 - IMPEGNATO: 0
 [20/04/24] - [01"27'02] ARTICOLO OK: N1 (1.547,00) < N2(832,00). ORD2-GIAC(1.547) + COMO-ORDINATO(0) - ORD2-PROMO(0) < ( ORD2-RIORDINO(516,00) - ORD2-CONSEGNA(308,00)) * SCO-MOLT-PORDINI(4,00)
 [20/04/24] - [01"27'02] FINE SCANSIONE RIGHE GRIGLIA
 [20/04/24] - [01"27'02] GENERAZIONE ORDINI FORNITORI
 [20/04/24] - [01"27'02] RICHIAMO PROGRAMMA CREA-ORDFOR
 [20/04/24] - [01"28'03] FINE RICHIAMO PROGRAMMA CREA-ORDFOR
 [20/04/24] - [01"28'03] STAMPE ORDINI
 [20/04/24] - [01"28'03] STAMPE UFFICIO ALTRO SU STAMPANTE: doPDF 11
 [20/04/24] - [01"28'05] FINE STAMPE ORDINI
 [20/04/24] - [01"28'05] RIGENERAZIONE QTA VENDUTI
 [20/04/24] - [01"28'05] QTA STORICHE NON AGGIORNATE (1)
 [20/04/24] - [01"28'05] FINE RIGENERAZIONE QTA VENDUTI
 [20/04/24] - [01"28'05] FINE ELABORAZIONE AUTOMATICA
 [20/04/24] - [01"28'05] FINE PROGRAMMA
