 [22/04/24] - [11"33'10] INIZIO PROGRAMMA
 [22/04/24] - [11"33'11] INIZIO SOMMA VENDUTI
 [22/04/24] - [11"33'12] FINE SOMMA VENDUTI
 [22/04/24] - [11"33'12] CONTROLLO ESEGUIBILITA'
 [22/04/24] - [11"33'12] CONTROLLO ESEGUIBILITA' OK
 [22/04/24] - [11"33'12] OPEN OUTPUT TMP-FORN
 [22/04/24] - [11"33'12] OPEN OUTPUT TMP-ORDFOR
 [22/04/24] - [11"33'12] QTA-PROMO
 [22/04/24] - [11"33'12] VALORIZZA CAMPI
 [22/04/24] - [11"33'13] RIEMPI GRID
 [22/04/24] - [11"33'13] RIEMPI GRID OK
 [22/04/24] - [11"33'13] INIZIO ELABORAZIONE AUTOMATICA
 [22/04/24] - [11"33'13] INIZIO RICALCOLO
 [22/04/24] - [11"33'13] QTA STORICHE NON AGGIORNATE (1)
 [22/04/24] - [11"33'13] FINE RICALCOLO
 [22/04/24] - [11"33'13] INIZIO SCANSIONE RIGHE GRIGLIA
 [22/04/24] - [11"33'13] FORMULE DI RIFERIMENTO: N1 = ord2-giac + ordinato - ord2-promo || N2 = ( ord2-riordino - ord2-consegna ) * sco-molt-pordini
 [22/04/24] - [11"33'21] ELABORAZIONE ARTICOLO: 022304 - SCORTA: 00000003 - ORDINE AUTO: 1 - IMMEDIATO: 0 - IMPEGNATO: 0
 [22/04/24] - [11"33'21] ARTICOLO OK: N1 (1.547,00) < N2(832,00). ORD2-GIAC(1.547) + COMO-ORDINATO(0) - ORD2-PROMO(0) < ( ORD2-RIORDINO(516,00) - ORD2-CONSEGNA(308,00)) * SCO-MOLT-PORDINI(4,00)
 [22/04/24] - [11"33'21] FINE SCANSIONE RIGHE GRIGLIA
 [22/04/24] - [11"33'21] GENERAZIONE ORDINI FORNITORI
 [22/04/24] - [11"33'21] RICHIAMO PROGRAMMA CREA-ORDFOR
 [22/04/24] - [11"33'59] FINE RICHIAMO PROGRAMMA CREA-ORDFOR
 [22/04/24] - [11"33'59] STAMPE ORDINI
 [22/04/24] - [11"33'59] STAMPE UFFICIO ALTRO SU STAMPANTE: doPDF 11
 [22/04/24] - [11"34'03] FINE STAMPE ORDINI
 [22/04/24] - [11"34'03] RIGENERAZIONE QTA VENDUTI
 [22/04/24] - [11"34'03] QTA STORICHE NON AGGIORNATE (1)
 [22/04/24] - [11"34'03] FINE RIGENERAZIONE QTA VENDUTI
 [22/04/24] - [11"34'03] FINE ELABORAZIONE AUTOMATICA
 [22/04/24] - [11"34'03] FINE PROGRAMMA
