 [31/10/23] - [11"12'18] INIZIO ELABORAZIONE
 [31/10/23] - [11"12'18] CONTROLLO ESISTENZA CARTELLE OK
 [31/10/23] - [11"12'18]
 [31/10/23] - [11"12'18] ELABORAZIONE FILE f:\lubex\GESLUX\EDI\test\import\LUBEX_bolle_EDI_20231009_15264269.txt
 [31/10/23] - [11"12'18] CREAZIONE FILE BACKUP : f:\lubex\GESLUX\EDI\test\backup\LUBEX_bolle_EDI_20231009_15264269.txt_20231031_11121860
 [31/10/23] - [11"12'18] GENERAZIONE BACKUP RIUSCITA
 [31/10/23] - [11"12'18] CANCELLAZIONE FILE: f:\lubex\GESLUX\EDI\test\import\LUBEX_bolle_EDI_20231009_15264269.txt
 [31/10/23] - [11"12'18] CANCELLAZIONE RIUSCITA
 [31/10/23] - [11"12'18] LAVORAZIONE EFFETTIVA FILE: f:\lubex\GESLUX\EDI\test\backup\LUBEX_bolle_EDI_20231009_15264269.txt_20231031_11121860
 [31/10/23] - [11"12'18] CREATO ORDINE: 2023 - 00188792
 [31/10/23] - [11"12'49]
 [31/10/23] - [11"12'49] ELABORAZIONE FILE f:\lubex\GESLUX\EDI\test\import\LUBEX_bolle_EDI_20231009_15305673.txt
 [31/10/23] - [11"12'49] CREAZIONE FILE BACKUP : f:\lubex\GESLUX\EDI\test\backup\LUBEX_bolle_EDI_20231009_15305673.txt_20231031_11121860
 [31/10/23] - [11"12'49] GENERAZIONE BACKUP RIUSCITA
 [31/10/23] - [11"12'49] CANCELLAZIONE FILE: f:\lubex\GESLUX\EDI\test\import\LUBEX_bolle_EDI_20231009_15305673.txt
 [31/10/23] - [11"12'49] CANCELLAZIONE RIUSCITA
 [31/10/23] - [11"12'49] LAVORAZIONE EFFETTIVA FILE: f:\lubex\GESLUX\EDI\test\backup\LUBEX_bolle_EDI_20231009_15305673.txt_20231031_11121860
 [31/10/23] - [11"12'49] CREATO ORDINE: 2023 - 00188793
 [31/10/23] - [11"12'49]
 [31/10/23] - [11"12'49] FILES TRATTATI: 002 - OK: 002 - NON ELABORATI: 000
 [31/10/23] - [11"12'49] *** ORDINI TRATTATI: 00003 di cui 00002 da verificare ****
 [31/10/23] - [11"12'49]
 [31/10/23] - [11"12'49] ELABORAZIONE TERMINATA IN: 31 SECONDI
