 [20/04/24] - [00"25'39] INIZIO PROGRAMMA
 [20/04/24] - [00"25'39] INIZIO SOMMA VENDUTI
 [20/04/24] - [00"25'41] FINE SOMMA VENDUTI
 [20/04/24] - [00"25'41] CONTROLLO ESEGUIBILITA'
 [20/04/24] - [00"25'41] CONTROLLO ESEGUIBILITA' OK
 [20/04/24] - [00"25'41] OPEN OUTPUT TMP-FORN
 [20/04/24] - [00"25'41] OPEN OUTPUT TMP-ORDFOR
 [20/04/24] - [00"25'41] QTA-PROMO
 [20/04/24] - [00"25'41] VALORIZZA CAMPI
 [20/04/24] - [00"25'41] RIEMPI GRID
 [20/04/24] - [00"25'42] RIEMPI GRID OK
 [20/04/24] - [00"25'42] INIZIO ELABORAZIONE AUTOMATICA
 [20/04/24] - [00"25'42] INIZIO RICALCOLO
 [20/04/24] - [00"25'42] QTA STORICHE NON AGGIORNATE (1)
 [20/04/24] - [00"25'42] FINE RICALCOLO
 [20/04/24] - [00"25'42] INIZIO SCANSIONE RIGHE GRIGLIA
 [20/04/24] - [00"25'42] FORMULE DI RIFERIMENTO: N1 = ord2-giac + ordinato - ord2-promo || N2 = ( ord2-riordino - ord2-consegna ) * sco-molt-pordini
 [20/04/24] - [00"25'42] ELABORAZIONE ARTICOLO: 022304 - SCORTA: 00000003 - ORDINE AUTO: 1 - IMMEDIATO: 0 - IMPEGNATO: 0
 [20/04/24] - [00"25'42] ARTICOLO OK: N1 (1.547,00) < N2(832,00). ORD2-GIAC(1.547) + COMO-ORDINATO(0) - ORD2-PROMO(0) < ( ORD2-RIORDINO(516,00) - ORD2-CONSEGNA(308,00)) * SCO-MOLT-PORDINI(4,00)
 [20/04/24] - [00"25'42] FINE SCANSIONE RIGHE GRIGLIA
 [20/04/24] - [00"25'42] GENERAZIONE ORDINI FORNITORI
 [20/04/24] - [00"25'42] RICHIAMO PROGRAMMA CREA-ORDFOR
 [20/04/24] - [00"26'56] FINE RICHIAMO PROGRAMMA CREA-ORDFOR
 [20/04/24] - [00"26'56] STAMPE ORDINI
 [20/04/24] - [00"26'56] STAMPE UFFICIO ALTRO SU STAMPANTE: doPDF 11
 [20/04/24] - [00"27'01] FINE STAMPE ORDINI
 [20/04/24] - [00"27'01] RIGENERAZIONE QTA VENDUTI
 [20/04/24] - [00"27'01] QTA STORICHE NON AGGIORNATE (1)
 [20/04/24] - [00"27'01] FINE RIGENERAZIONE QTA VENDUTI
 [20/04/24] - [00"27'01] FINE ELABORAZIONE AUTOMATICA
 [20/04/24] - [00"27'01] FINE PROGRAMMA
