 [25/01/21] - [21"33'08] INIZIO PROGRAMMA
 [25/01/21] - [21"33'08] INIZIO SOMMA VENDUTI
 [25/01/21] - [21"33'11] FINE SOMMA VENDUTI
 [25/01/21] - [21"33'11] CONTROLLO ESEGUIBILITA'
 [25/01/21] - [21"33'11] CONTROLLO ESEGUIBILITA' OK
 [25/01/21] - [21"33'11] OPEN OUTPUT TMP-FORN
 [25/01/21] - [21"33'11] OPEN OUTPUT TMP-ORDFOR
 [25/01/21] - [21"33'11] QTA-PROMO
 [25/01/21] - [21"33'15] VALORIZZA CAMPI
 [25/01/21] - [21"35'19] RIEMPI GRID
 [25/01/21] - [21"35'23] RIEMPI GRID OK
 [25/01/21] - [21"35'23] INIZIO ELABORAZIONE AUTOMATICA
 [25/01/21] - [21"35'23] INIZIO RICALCOLO
 [25/01/21] - [21"35'23] QTA STORICHE NON AGGIORNATE (1)
 [25/01/21] - [21"35'23] FINE RICALCOLO
 [25/01/21] - [21"35'23] INIZIO SCANSIONE RIGHE GRIGLIA
 [25/01/21] - [21"35'23] FINE SCANSIONE RIGHE GRIGLIA
 [25/01/21] - [21"37'29] NESSUN ARTICOLO DA GENERARE
 [25/01/21] - [21"37'29] FINE ELABORAZIONE AUTOMATICA
 [25/01/21] - [21"37'29] FINE PROGRAMMA
