 [08/11/23] - [18"36'42] INIZIO ELABORAZIONE
 [08/11/23] - [18"36'42] CONTROLLO ESISTENZA CARTELLE OK
 [08/11/23] - [18"36'49]
 [08/11/23] - [18"36'49] ELABORAZIONE FILE f:\lubex\GESLUX\EDI\test\import\_1_20231108_18291804
 [08/11/23] - [18"36'49] CREAZIONE FILE BACKUP : f:\lubex\GESLUX\EDI\test\backup\_1_20231108_18291804_20231108_18364201
 [08/11/23] - [18"36'49] GENERAZIONE BACKUP RIUSCITA
 [08/11/23] - [18"36'49] CANCELLAZIONE FILE: f:\lubex\GESLUX\EDI\test\import\_1_20231108_18291804
 [08/11/23] - [18"36'49] CANCELLAZIONE RIUSCITA
 [08/11/23] - [18"36'49] LAVORAZIONE EFFETTIVA FILE: f:\lubex\GESLUX\EDI\test\backup\_1_20231108_18291804_20231108_18364201
 [08/11/23] - [18"36'49] CREATO ORDINE: 2023 - 00188809
 [08/11/23] - [18"40'52]
 [08/11/23] - [18"40'52] ELABORAZIONE FILE f:\lubex\GESLUX\EDI\test\import\_2_20231108_18291804
 [08/11/23] - [18"40'52] CREAZIONE FILE BACKUP : f:\lubex\GESLUX\EDI\test\backup\_2_20231108_18291804_20231108_18364201
 [08/11/23] - [18"40'52] GENERAZIONE BACKUP RIUSCITA
 [08/11/23] - [18"40'52] CANCELLAZIONE FILE: f:\lubex\GESLUX\EDI\test\import\_2_20231108_18291804
 [08/11/23] - [18"40'52] CANCELLAZIONE RIUSCITA
 [08/11/23] - [18"40'52] LAVORAZIONE EFFETTIVA FILE: f:\lubex\GESLUX\EDI\test\backup\_2_20231108_18291804_20231108_18364201
 [08/11/23] - [18"40'52] CREATO ORDINE: 2023 - 00188810
 [08/11/23] - [18"41'08]
 [08/11/23] - [18"41'08] FILES TRATTATI: 002 - OK: 002 - NON ELABORATI: 000
 [08/11/23] - [18"41'08] *** ORDINI TRATTATI: 00003 di cui 00003 da verificare ****
 [08/11/23] - [18"41'08]
 [08/11/23] - [18"41'08] ELABORAZIONE TERMINATA IN: 04 MINUTI E 26 SECONDI
