 [05/10/22] - [13"45'36] INIZIO PROGRAMMA
 [05/10/22] - [13"45'36] INIZIO SOMMA VENDUTI
 [05/10/22] - [13"45'39] FINE SOMMA VENDUTI
 [05/10/22] - [13"45'39] CONTROLLO ESEGUIBILITA'
 [05/10/22] - [13"45'39] CONTROLLO ESEGUIBILITA' OK
 [05/10/22] - [13"45'39] OPEN OUTPUT TMP-FORN
 [05/10/22] - [13"45'39] OPEN OUTPUT TMP-ORDFOR
 [05/10/22] - [13"45'39] QTA-PROMO
 [05/10/22] - [13"45'42] VALORIZZA CAMPI
 [05/10/22] - [13"48'58] RIEMPI GRID
 [05/10/22] - [13"49'04] RIEMPI GRID OK
 [05/10/22] - [13"49'04] INIZIO ELABORAZIONE AUTOMATICA
 [05/10/22] - [13"49'04] INIZIO RICALCOLO
 [05/10/22] - [13"49'04] QTA STORICHE NON AGGIORNATE (1)
 [05/10/22] - [13"49'04] FINE RICALCOLO
 [05/10/22] - [13"49'04] INIZIO SCANSIONE RIGHE GRIGLIA
 [05/10/22] - [13"49'04] ELABORAZIONE ARTICOLO: 013509 - SCORTA: 00000012 - ORDINE AUTO: 0 - IMMEDIATO: 0 - IMPEGNATO: 1.280
 [05/10/22] - [13"49'04] ELABORAZIONE ARTICOLO: 013511 - SCORTA: 00000012 - ORDINE AUTO: 0 - IMMEDIATO: 0 - IMPEGNATO: 896
 [05/10/22] - [13"49'04] ELABORAZIONE ARTICOLO: 034761 - SCORTA: 00000004 - ORDINE AUTO: 1 - IMMEDIATO: 1 - IMPEGNATO:
 [05/10/22] - [13"49'04] ELABORAZIONE ARTICOLO: 034885 - SCORTA: 00000001 - ORDINE AUTO: 1 - IMMEDIATO: 0 - IMPEGNATO: 7
 [05/10/22] - [13"49'04] ARTICOLO KO.  - N1 (                 <00,00) >= N2(-3,00). ORD2-GIAC(-3) + COMO-ORDINATO(                       ) - ORD2-PROMO(                       ) >= ( ORD2-RIORDINO(1,00) - ORD2-CONSEGNA(                       )) * SCO-MOLT-PORDINI(2,00)
 [05/10/22] - [13"49'04] ELABORAZIONE ARTICOLO: 004174 - SCORTA: 00000001 - ORDINE AUTO: 1 - IMMEDIATO: 0 - IMPEGNATO: 576
 [05/10/22] - [13"49'04] ARTICOLO OK.  - N1 (                 <00,00) < N2(264,00). ORD2-GIAC(-504) + COMO-ORDINATO(768) - ORD2-PROMO(                       ) < ( ORD2-RIORDINO(397,00) - ORD2-CONSEGNA(                       )) * SCO-MOLT-PORDINI(2,00)
 [05/10/22] - [13"49'04] ELABORAZIONE ARTICOLO: 004176 - SCORTA: 00000001 - ORDINE AUTO: 1 - IMMEDIATO: 0 - IMPEGNATO: 384
 [05/10/22] - [13"49'04] ARTICOLO OK.  - N1 (                 <00,00) < N2(312,00). ORD2-GIAC(-336) + COMO-ORDINATO(648) - ORD2-PROMO(                       ) < ( ORD2-RIORDINO(329,00) - ORD2-CONSEGNA(                       )) * SCO-MOLT-PORDINI(2,00)
 [05/10/22] - [13"49'04] ELABORAZIONE ARTICOLO: 034875 - SCORTA: 00000001 - ORDINE AUTO: 1 - IMMEDIATO: 0 - IMPEGNATO: 744
 [05/10/22] - [13"49'04] ARTICOLO OK.  - N1 (                 <00,00) < N2(336,00). ORD2-GIAC(-480) + COMO-ORDINATO(816) - ORD2-PROMO(                       ) < ( ORD2-RIORDINO(327,00) - ORD2-CONSEGNA(                       )) * SCO-MOLT-PORDINI(2,00)
 [05/10/22] - [13"49'04] ELABORAZIONE ARTICOLO: 004171 - SCORTA: 00000001 - ORDINE AUTO: 1 - IMMEDIATO: 0 - IMPEGNATO: 528
 [05/10/22] - [13"49'04] ARTICOLO OK.  - N1 (                 <00,00) < N2(264,00). ORD2-GIAC(-432) + COMO-ORDINATO(696) - ORD2-PROMO(                       ) < ( ORD2-RIORDINO(345,00) - ORD2-CONSEGNA(                       )) * SCO-MOLT-PORDINI(2,00)
 [05/10/22] - [13"49'04] ELABORAZIONE ARTICOLO: 004172 - SCORTA: 00000001 - ORDINE AUTO: 1 - IMMEDIATO: 0 - IMPEGNATO: 768
 [05/10/22] - [13"49'04] ARTICOLO OK.  - N1 (                 <00,00) < N2(264,00). ORD2-GIAC(-696) + COMO-ORDINATO(960) - ORD2-PROMO(                       ) < ( ORD2-RIORDINO(422,00) - ORD2-CONSEGNA(                       )) * SCO-MOLT-PORDINI(2,00)
 [05/10/22] - [13"49'04] ELABORAZIONE ARTICOLO: 031305 - SCORTA: 00000012 - ORDINE AUTO: 0 - IMMEDIATO: 0 - IMPEGNATO:
 [05/10/22] - [13"49'04] ELABORAZIONE ARTICOLO: 031304 - SCORTA: 00000012 - ORDINE AUTO: 0 - IMMEDIATO: 0 - IMPEGNATO:
 [05/10/22] - [13"49'04] ELABORAZIONE ARTICOLO: 031306 - SCORTA: 00000012 - ORDINE AUTO: 0 - IMMEDIATO: 0 - IMPEGNATO:
 [05/10/22] - [13"49'04] ELABORAZIONE ARTICOLO: 031307 - SCORTA: 00000012 - ORDINE AUTO: 0 - IMMEDIATO: 0 - IMPEGNATO:
 [05/10/22] - [13"49'04] ELABORAZIONE ARTICOLO: 025134 - SCORTA: 00000012 - ORDINE AUTO: 0 - IMMEDIATO: 0 - IMPEGNATO:
 [05/10/22] - [13"49'04] ELABORAZIONE ARTICOLO: 025133 - SCORTA: 00000012 - ORDINE AUTO: 0 - IMMEDIATO: 0 - IMPEGNATO:
 [05/10/22] - [13"49'04] ELABORAZIONE ARTICOLO: 025132 - SCORTA: 00000012 - ORDINE AUTO: 0 - IMMEDIATO: 0 - IMPEGNATO:
 [05/10/22] - [13"49'04] ELABORAZIONE ARTICOLO: 025135 - SCORTA: 00000012 - ORDINE AUTO: 0 - IMMEDIATO: 0 - IMPEGNATO:
 [05/10/22] - [13"49'04] ELABORAZIONE ARTICOLO: 025136 - SCORTA: 00000012 - ORDINE AUTO: 0 - IMMEDIATO: 0 - IMPEGNATO:
 [05/10/22] - [13"49'04] ELABORAZIONE ARTICOLO: 025137 - SCORTA: 00000012 - ORDINE AUTO: 0 - IMMEDIATO: 0 - IMPEGNATO:
 [05/10/22] - [13"49'04] ELABORAZIONE ARTICOLO: 025144 - SCORTA: 00000012 - ORDINE AUTO: 0 - IMMEDIATO: 0 - IMPEGNATO:
 [05/10/22] - [13"49'04] ELABORAZIONE ARTICOLO: 025143 - SCORTA: 00000012 - ORDINE AUTO: 0 - IMMEDIATO: 0 - IMPEGNATO:
 [05/10/22] - [13"49'04] ELABORAZIONE ARTICOLO: 025145 - SCORTA: 00000012 - ORDINE AUTO: 0 - IMMEDIATO: 0 - IMPEGNATO:
 [05/10/22] - [13"49'04] ELABORAZIONE ARTICOLO: 021731 - SCORTA: 00000001 - ORDINE AUTO: 1 - IMMEDIATO: 0 - IMPEGNATO: 70
 [05/10/22] - [13"49'04] ARTICOLO OK.  - N1 () < N2(77,00). ORD2-GIAC(77) + COMO-ORDINATO(960) - ORD2-PROMO(                       ) < ( ORD2-RIORDINO(60,00) - ORD2-CONSEGNA(38,00)) * SCO-MOLT-PORDINI(2,00)
 [05/10/22] - [13"49'04] ELABORAZIONE ARTICOLO: 011625 - SCORTA: 00000001 - ORDINE AUTO: 1 - IMMEDIATO: 0 - IMPEGNATO: 204
 [05/10/22] - [13"49'04] ARTICOLO KO.  - N1 () >= N2(-201,00). ORD2-GIAC(-201) + COMO-ORDINATO(960) - ORD2-PROMO(                       ) >= ( ORD2-RIORDINO(159,00) - ORD2-CONSEGNA(88,00)) * SCO-MOLT-PORDINI(2,00)
 [05/10/22] - [13"49'04] ELABORAZIONE ARTICOLO: 001111 - SCORTA: 00000000 - ORDINE AUTO: 0 - IMMEDIATO: 1 - IMPEGNATO:
 [05/10/22] - [13"49'04] ELABORAZIONE ARTICOLO: 001112 - SCORTA: 00000001 - ORDINE AUTO: 1 - IMMEDIATO: 0 - IMPEGNATO: 90
 [05/10/22] - [13"49'04] ARTICOLO OK.  - N1 () < N2(260,00). ORD2-GIAC(260) + COMO-ORDINATO(960) - ORD2-PROMO(                       ) < ( ORD2-RIORDINO(334,00) - ORD2-CONSEGNA(187,00)) * SCO-MOLT-PORDINI(2,00)
 [05/10/22] - [13"49'04] ELABORAZIONE ARTICOLO: 001184 - SCORTA: 00000007 - ORDINE AUTO: 1 - IMMEDIATO: 0 - IMPEGNATO: 180
 [05/10/22] - [13"49'04] ARTICOLO OK.  - N1 () < N2(2.733,00). ORD2-GIAC(2.733) + COMO-ORDINATO(960) - ORD2-PROMO(                       ) < ( ORD2-RIORDINO(989,00) - ORD2-CONSEGNA(700,00)) * SCO-MOLT-PORDINI(4,00)
 [05/10/22] - [13"49'04] ELABORAZIONE ARTICOLO: 001904 - SCORTA: 00000007 - ORDINE AUTO: 1 - IMMEDIATO: 0 - IMPEGNATO: 40
 [05/10/22] - [13"49'04] ARTICOLO OK.  - N1 () < N2(420,00). ORD2-GIAC(420) + COMO-ORDINATO(960) - ORD2-PROMO(                       ) < ( ORD2-RIORDINO(158,00) - ORD2-CONSEGNA(92,00)) * SCO-MOLT-PORDINI(4,00)
 [05/10/22] - [13"49'04] ELABORAZIONE ARTICOLO: 001725 - SCORTA: 00000007 - ORDINE AUTO: 1 - IMMEDIATO: 0 - IMPEGNATO:
 [05/10/22] - [13"49'04] ARTICOLO OK.  - N1 () < N2(90,00). ORD2-GIAC(30) + COMO-ORDINATO(60) - ORD2-PROMO(                       ) < ( ORD2-RIORDINO(121,00) - ORD2-CONSEGNA(48,00)) * SCO-MOLT-PORDINI(4,00)
 [05/10/22] - [13"49'04] ELABORAZIONE ARTICOLO: 001180 - SCORTA: 00000007 - ORDINE AUTO: 1 - IMMEDIATO: 0 - IMPEGNATO: 1.412
 [05/10/22] - [13"49'04] ARTICOLO OK.  - N1 () < N2(6.643,00). ORD2-GIAC(6.643) + COMO-ORDINATO(60) - ORD2-PROMO(                       ) < ( ORD2-RIORDINO(3.008,00) - ORD2-CONSEGNA(2.532,00)) * SCO-MOLT-PORDINI(4,00)
 [05/10/22] - [13"49'04] ELABORAZIONE ARTICOLO: 001702 - SCORTA: 00000007 - ORDINE AUTO: 1 - IMMEDIATO: 0 - IMPEGNATO: 312
 [05/10/22] - [13"49'04] ARTICOLO OK.  - N1 () < N2(692,00). ORD2-GIAC(692) + COMO-ORDINATO(60) - ORD2-PROMO(                       ) < ( ORD2-RIORDINO(454,00) - ORD2-CONSEGNA(285,00)) * SCO-MOLT-PORDINI(4,00)
 [05/10/22] - [13"49'04] ELABORAZIONE ARTICOLO: 001718 - SCORTA: 00000007 - ORDINE AUTO: 1 - IMMEDIATO: 0 - IMPEGNATO: 270
 [05/10/22] - [13"49'04] ARTICOLO OK.  - N1 () < N2(490,00). ORD2-GIAC(490) + COMO-ORDINATO(60) - ORD2-PROMO(                       ) < ( ORD2-RIORDINO(263,00) - ORD2-CONSEGNA(156,00)) * SCO-MOLT-PORDINI(4,00)
 [05/10/22] - [13"49'04] ELABORAZIONE ARTICOLO: 006576 - SCORTA: 00000007 - ORDINE AUTO: 1 - IMMEDIATO: 0 - IMPEGNATO: 260
 [05/10/22] - [13"49'04] ARTICOLO OK.  - N1 () < N2(170,00). ORD2-GIAC(170) + COMO-ORDINATO(60) - ORD2-PROMO(                       ) < ( ORD2-RIORDINO(227,00) - ORD2-CONSEGNA(128,00)) * SCO-MOLT-PORDINI(4,00)
 [05/10/22] - [13"49'04] ELABORAZIONE ARTICOLO: 010199 - SCORTA: 00000007 - ORDINE AUTO: 1 - IMMEDIATO: 0 - IMPEGNATO: 590
 [05/10/22] - [13"49'04] ARTICOLO OK.  - N1 () < N2(1.019,00). ORD2-GIAC(1.019) + COMO-ORDINATO(60) - ORD2-PROMO(                       ) < ( ORD2-RIORDINO(544,00) - ORD2-CONSEGNA(411,00)) * SCO-MOLT-PORDINI(4,00)
 [05/10/22] - [13"49'04] ELABORAZIONE ARTICOLO: 004708 - SCORTA: 00000001 - ORDINE AUTO: 1 - IMMEDIATO: 0 - IMPEGNATO: 1.782
 [05/10/22] - [13"49'04] ARTICOLO OK.  - N1 () < N2(1.865,00). ORD2-GIAC(1.935) + COMO-ORDINATO(60) - ORD2-PROMO(70) < ( ORD2-RIORDINO(1.340,00) - ORD2-CONSEGNA(1.077,00)) * SCO-MOLT-PORDINI(2,00)
 [05/10/22] - [13"49'04] ELABORAZIONE ARTICOLO: 004711 - SCORTA: 00000001 - ORDINE AUTO: 1 - IMMEDIATO: 0 - IMPEGNATO: 817
 [05/10/22] - [13"49'04] ARTICOLO OK.  - N1 () < N2(1.413,00). ORD2-GIAC(1.448) + COMO-ORDINATO(60) - ORD2-PROMO(35) < ( ORD2-RIORDINO(807,00) - ORD2-CONSEGNA(554,00)) * SCO-MOLT-PORDINI(2,00)
 [05/10/22] - [13"49'04] ELABORAZIONE ARTICOLO: 029626 - SCORTA: 00000001 - ORDINE AUTO: 1 - IMMEDIATO: 0 - IMPEGNATO: 10
 [05/10/22] - [13"49'04] ARTICOLO OK.  - N1 () < N2(70,00). ORD2-GIAC(70) + COMO-ORDINATO(60) - ORD2-PROMO(35) < ( ORD2-RIORDINO(71,00) - ORD2-CONSEGNA(50,00)) * SCO-MOLT-PORDINI(2,00)
 [05/10/22] - [13"49'04] ELABORAZIONE ARTICOLO: 021549 - SCORTA: 00000001 - ORDINE AUTO: 1 - IMMEDIATO: 0 - IMPEGNATO:
 [05/10/22] - [13"49'04] ARTICOLO OK.  - N1 () < N2(15,00). ORD2-GIAC(15) + COMO-ORDINATO(60) - ORD2-PROMO(35) < ( ORD2-RIORDINO(13,00) - ORD2-CONSEGNA(6,00)) * SCO-MOLT-PORDINI(2,00)
 [05/10/22] - [13"49'04] ELABORAZIONE ARTICOLO: 021550 - SCORTA: 00000001 - ORDINE AUTO: 1 - IMMEDIATO: 0 - IMPEGNATO:
 [05/10/22] - [13"49'04] ARTICOLO OK.  - N1 () < N2(20,00). ORD2-GIAC(20) + COMO-ORDINATO(60) - ORD2-PROMO(35) < ( ORD2-RIORDINO(14,00) - ORD2-CONSEGNA(7,00)) * SCO-MOLT-PORDINI(2,00)
 [05/10/22] - [13"49'04] ELABORAZIONE ARTICOLO: 021552 - SCORTA: 00000001 - ORDINE AUTO: 1 - IMMEDIATO: 0 - IMPEGNATO:
 [05/10/22] - [13"49'04] ARTICOLO OK.  - N1 () < N2(5,00). ORD2-GIAC(5) + COMO-ORDINATO(60) - ORD2-PROMO(35) < ( ORD2-RIORDINO(7,00) - ORD2-CONSEGNA(3,00)) * SCO-MOLT-PORDINI(2,00)
 [05/10/22] - [13"49'04] ELABORAZIONE ARTICOLO: 021556 - SCORTA: 00000001 - ORDINE AUTO: 1 - IMMEDIATO: 0 - IMPEGNATO:
 [05/10/22] - [13"49'04] ARTICOLO OK.  - N1 () < N2(40,00). ORD2-GIAC(40) + COMO-ORDINATO(60) - ORD2-PROMO(35) < ( ORD2-RIORDINO(7,00) - ORD2-CONSEGNA(3,00)) * SCO-MOLT-PORDINI(2,00)
 [05/10/22] - [13"49'04] ELABORAZIONE ARTICOLO: 021558 - SCORTA: 00000001 - ORDINE AUTO: 1 - IMMEDIATO: 0 - IMPEGNATO:
 [05/10/22] - [13"49'04] ARTICOLO OK.  - N1 () < N2(40,00). ORD2-GIAC(40) + COMO-ORDINATO(60) - ORD2-PROMO(35) < ( ORD2-RIORDINO(27,00) - ORD2-CONSEGNA(13,00)) * SCO-MOLT-PORDINI(2,00)
 [05/10/22] - [13"49'04] ELABORAZIONE ARTICOLO: 029647 - SCORTA: 00000001 - ORDINE AUTO: 1 - IMMEDIATO: 0 - IMPEGNATO:
 [05/10/22] - [13"49'04] ARTICOLO OK.  - N1 () < N2(25,00). ORD2-GIAC(25) + COMO-ORDINATO(60) - ORD2-PROMO(35) < ( ORD2-RIORDINO(23,00) - ORD2-CONSEGNA(14,00)) * SCO-MOLT-PORDINI(2,00)
 [05/10/22] - [13"49'04] ELABORAZIONE ARTICOLO: 029648 - SCORTA: 00000001 - ORDINE AUTO: 1 - IMMEDIATO: 0 - IMPEGNATO:
 [05/10/22] - [13"49'04] ARTICOLO OK.  - N1 () < N2(10,00). ORD2-GIAC(10) + COMO-ORDINATO(60) - ORD2-PROMO(35) < ( ORD2-RIORDINO(19,00) - ORD2-CONSEGNA(11,00)) * SCO-MOLT-PORDINI(2,00)
 [05/10/22] - [13"49'04] ELABORAZIONE ARTICOLO: 001183 - SCORTA: 00000007 - ORDINE AUTO: 1 - IMMEDIATO: 0 - IMPEGNATO: 1.160
 [05/10/22] - [13"49'04] ARTICOLO OK.  - N1 () < N2(1.250,00). ORD2-GIAC(140) + COMO-ORDINATO(1.110) - ORD2-PROMO(35) < ( ORD2-RIORDINO(798,00) - ORD2-CONSEGNA(438,00)) * SCO-MOLT-PORDINI(4,00)
 [05/10/22] - [13"49'04] ELABORAZIONE ARTICOLO: 001193 - SCORTA: 00000007 - ORDINE AUTO: 1 - IMMEDIATO: 0 - IMPEGNATO: 860
 [05/10/22] - [13"49'04] ARTICOLO OK.  - N1 () < N2(1.470,00). ORD2-GIAC(-850) + COMO-ORDINATO(2.320) - ORD2-PROMO(35) < ( ORD2-RIORDINO(1.084,00) - ORD2-CONSEGNA(649,00)) * SCO-MOLT-PORDINI(4,00)
 [05/10/22] - [13"49'04] ELABORAZIONE ARTICOLO: 031700 - SCORTA: 00000007 - ORDINE AUTO: 1 - IMMEDIATO: 0 - IMPEGNATO: 10
 [05/10/22] - [13"49'04] ARTICOLO OK.  - N1 () < N2(130,00). ORD2-GIAC(130) + COMO-ORDINATO(2.320) - ORD2-PROMO(35) < ( ORD2-RIORDINO(60,00) - ORD2-CONSEGNA(49,00)) * SCO-MOLT-PORDINI(4,00)
 [05/10/22] - [13"49'04] ELABORAZIONE ARTICOLO: 001195 - SCORTA: 00000007 - ORDINE AUTO: 1 - IMMEDIATO: 0 - IMPEGNATO: 1.180
 [05/10/22] - [13"49'04] ARTICOLO KO.  - N1 () >= N2(-1.162,00). ORD2-GIAC(-1.162) + COMO-ORDINATO(2.320) - ORD2-PROMO(35) >= ( ORD2-RIORDINO(1.046,00) - ORD2-CONSEGNA(583,00)) * SCO-MOLT-PORDINI(4,00)
 [05/10/22] - [13"49'04] ELABORAZIONE ARTICOLO: 001196 - SCORTA: 00000007 - ORDINE AUTO: 1 - IMMEDIATO: 0 - IMPEGNATO: 382
 [05/10/22] - [13"49'04] ARTICOLO OK.  - N1 () < N2(1.598,00). ORD2-GIAC(1.598) + COMO-ORDINATO(2.320) - ORD2-PROMO(35) < ( ORD2-RIORDINO(887,00) - ORD2-CONSEGNA(705,00)) * SCO-MOLT-PORDINI(4,00)
 [05/10/22] - [13"49'04] ELABORAZIONE ARTICOLO: 031709 - SCORTA: 00000007 - ORDINE AUTO: 1 - IMMEDIATO: 0 - IMPEGNATO: 10
 [05/10/22] - [13"49'04] ARTICOLO OK.  - N1 () < N2(110,00). ORD2-GIAC(110) + COMO-ORDINATO(2.320) - ORD2-PROMO(35) < ( ORD2-RIORDINO(55,00) - ORD2-CONSEGNA(34,00)) * SCO-MOLT-PORDINI(4,00)
 [05/10/22] - [13"49'04] ELABORAZIONE ARTICOLO: 001200 - SCORTA: 00000007 - ORDINE AUTO: 1 - IMMEDIATO: 0 - IMPEGNATO: 80
 [05/10/22] - [13"49'04] ARTICOLO OK.  - N1 () < N2(580,00). ORD2-GIAC(580) + COMO-ORDINATO(2.320) - ORD2-PROMO(35) < ( ORD2-RIORDINO(405,00) - ORD2-CONSEGNA(266,00)) * SCO-MOLT-PORDINI(4,00)
 [05/10/22] - [13"49'04] ELABORAZIONE ARTICOLO: 001237 - SCORTA: 00000001 - ORDINE AUTO: 1 - IMMEDIATO: 0 - IMPEGNATO: 20
 [05/10/22] - [13"49'04] ARTICOLO OK.  - N1 () < N2(15,00). ORD2-GIAC(-5) + COMO-ORDINATO(20) - ORD2-PROMO(35) < ( ORD2-RIORDINO(13,00) - ORD2-CONSEGNA(5,00)) * SCO-MOLT-PORDINI(2,00)
 [05/10/22] - [13"49'04] ELABORAZIONE ARTICOLO: 033494 - SCORTA: 00000004 - ORDINE AUTO: 1 - IMMEDIATO: 1 - IMPEGNATO: 410
 [05/10/22] - [13"49'04] ELABORAZIONE ARTICOLO: 001227 - SCORTA: 00000001 - ORDINE AUTO: 1 - IMMEDIATO: 0 - IMPEGNATO: 20
 [05/10/22] - [13"49'04] ARTICOLO OK.  - N1 () < N2(20,00). ORD2-GIAC(20) + COMO-ORDINATO(20) - ORD2-PROMO(35) < ( ORD2-RIORDINO(34,00) - ORD2-CONSEGNA(17,00)) * SCO-MOLT-PORDINI(2,00)
 [05/10/22] - [13"49'04] ELABORAZIONE ARTICOLO: 002101 - SCORTA: 00000002 - ORDINE AUTO: 0 - IMMEDIATO: 1 - IMPEGNATO: 410
 [05/10/22] - [13"49'04] ELABORAZIONE ARTICOLO: 001071 - SCORTA: 00000001 - ORDINE AUTO: 1 - IMMEDIATO: 0 - IMPEGNATO: 20
 [05/10/22] - [13"49'04] ARTICOLO OK.  - N1 () < N2(40,00). ORD2-GIAC(-30) + COMO-ORDINATO(70) - ORD2-PROMO(35) < ( ORD2-RIORDINO(22,00) - ORD2-CONSEGNA(10,00)) * SCO-MOLT-PORDINI(2,00)
 [05/10/22] - [13"49'04] ELABORAZIONE ARTICOLO: 001226 - SCORTA: 00000001 - ORDINE AUTO: 1 - IMMEDIATO: 0 - IMPEGNATO: 20
 [05/10/22] - [13"49'04] ARTICOLO OK.  - N1 () < N2(10,00). ORD2-GIAC(10) + COMO-ORDINATO(70) - ORD2-PROMO(35) < ( ORD2-RIORDINO(9,00) - ORD2-CONSEGNA(4,00)) * SCO-MOLT-PORDINI(2,00)
 [05/10/22] - [13"49'04] ELABORAZIONE ARTICOLO: 004871 - SCORTA: 00000000 - ORDINE AUTO: 0 - IMMEDIATO: 1 - IMPEGNATO:
 [05/10/22] - [13"49'04] ELABORAZIONE ARTICOLO: 032926 - SCORTA: 00000001 - ORDINE AUTO: 1 - IMMEDIATO: 0 - IMPEGNATO: 140
 [05/10/22] - [13"49'04] ARTICOLO KO.  - N1 () >= N2(-190,00). ORD2-GIAC(-140) + COMO-ORDINATO(70) - ORD2-PROMO(50) >= ( ORD2-RIORDINO(38,00) - ORD2-CONSEGNA(20,00)) * SCO-MOLT-PORDINI(2,00)
 [05/10/22] - [13"49'04] ELABORAZIONE ARTICOLO: 032927 - SCORTA: 00000001 - ORDINE AUTO: 1 - IMMEDIATO: 0 - IMPEGNATO: 16
 [05/10/22] - [13"49'04] ARTICOLO KO.  - N1 () >= N2(-48,00). ORD2-GIAC(-8) + COMO-ORDINATO(70) - ORD2-PROMO(40) >= ( ORD2-RIORDINO(24,00) - ORD2-CONSEGNA(10,00)) * SCO-MOLT-PORDINI(2,00)
 [05/10/22] - [13"49'04] ELABORAZIONE ARTICOLO: 032877 - SCORTA: 00000001 - ORDINE AUTO: 1 - IMMEDIATO: 0 - IMPEGNATO: 48
 [05/10/22] - [13"49'04] ARTICOLO KO.  - N1 (                 <00,00) >= N2(-108,00). ORD2-GIAC(-48) + COMO-ORDINATO(70) - ORD2-PROMO(60) >= ( ORD2-RIORDINO(24,00) - ORD2-CONSEGNA(10,00)) * SCO-MOLT-PORDINI(2,00)
 [05/10/22] - [13"49'04] ELABORAZIONE ARTICOLO: 032874 - SCORTA: 00000013 - ORDINE AUTO: 1 - IMMEDIATO: 0 - IMPEGNATO: 156
 [05/10/22] - [13"49'04] ARTICOLO OK.  - QTA MESE(05) > 0 (143)
 [05/10/22] - [13"49'04] ELABORAZIONE ARTICOLO: 032928 - SCORTA: 00000001 - ORDINE AUTO: 1 - IMMEDIATO: 0 - IMPEGNATO: 36
 [05/10/22] - [13"49'04] ARTICOLO KO.  - N1 () >= N2(-90,00). ORD2-GIAC(-30) + COMO-ORDINATO(70) - ORD2-PROMO(60) >= ( ORD2-RIORDINO(48,00) - ORD2-CONSEGNA(23,00)) * SCO-MOLT-PORDINI(2,00)
 [05/10/22] - [13"49'04] ELABORAZIONE ARTICOLO: 032878 - SCORTA: 00000001 - ORDINE AUTO: 1 - IMMEDIATO: 0 - IMPEGNATO: 48
 [05/10/22] - [13"49'04] ARTICOLO KO.  - N1 () >= N2(-88,00). ORD2-GIAC(-48) + COMO-ORDINATO(70) - ORD2-PROMO(40) >= ( ORD2-RIORDINO(22,00) - ORD2-CONSEGNA(10,00)) * SCO-MOLT-PORDINI(2,00)
 [05/10/22] - [13"49'04] ELABORAZIONE ARTICOLO: 032876 - SCORTA: 00000001 - ORDINE AUTO: 1 - IMMEDIATO: 0 - IMPEGNATO: 52
 [05/10/22] - [13"49'04] ARTICOLO KO.  - N1 () >= N2(-92,00). ORD2-GIAC(-52) + COMO-ORDINATO(70) - ORD2-PROMO(40) >= ( ORD2-RIORDINO(18,00) - ORD2-CONSEGNA(6,00)) * SCO-MOLT-PORDINI(2,00)
 [05/10/22] - [13"49'04] ELABORAZIONE ARTICOLO: 004251 - SCORTA: 00000000 - ORDINE AUTO: 0 - IMMEDIATO: 1 - IMPEGNATO:
 [05/10/22] - [13"49'04] ELABORAZIONE ARTICOLO: 004253 - SCORTA: 00000000 - ORDINE AUTO: 0 - IMMEDIATO: 1 - IMPEGNATO: 6
 [05/10/22] - [13"49'04] ELABORAZIONE ARTICOLO: 033512 - SCORTA: 00000000 - ORDINE AUTO: 0 - IMMEDIATO: 1 - IMPEGNATO:
 [05/10/22] - [13"49'04] ELABORAZIONE ARTICOLO: 033513 - SCORTA: 00000000 - ORDINE AUTO: 0 - IMMEDIATO: 1 - IMPEGNATO:
 [05/10/22] - [13"49'04] ELABORAZIONE ARTICOLO: 006177 - SCORTA: 00000000 - ORDINE AUTO: 0 - IMMEDIATO: 1 - IMPEGNATO: 4
 [05/10/22] - [13"49'04] ELABORAZIONE ARTICOLO: 006174 - SCORTA: 00000002 - ORDINE AUTO: 0 - IMMEDIATO: 1 - IMPEGNATO: 22
 [05/10/22] - [13"49'04] ELABORAZIONE ARTICOLO: 006181 - SCORTA: 00000000 - ORDINE AUTO: 0 - IMMEDIATO: 1 - IMPEGNATO: 18
 [05/10/22] - [13"49'04] ELABORAZIONE ARTICOLO: 006185 - SCORTA: 00000000 - ORDINE AUTO: 0 - IMMEDIATO: 1 - IMPEGNATO: 8
 [05/10/22] - [13"49'04] ELABORAZIONE ARTICOLO: 029663 - SCORTA: 00000001 - ORDINE AUTO: 1 - IMMEDIATO: 0 - IMPEGNATO: 72
 [05/10/22] - [13"49'04] ARTICOLO OK.  - N1 () < N2(34,00). ORD2-GIAC(59) + COMO-ORDINATO(70) - ORD2-PROMO(25) < ( ORD2-RIORDINO(18,00) - ORD2-CONSEGNA(10,00)) * SCO-MOLT-PORDINI(2,00)
 [05/10/22] - [13"49'04] ELABORAZIONE ARTICOLO: 026728 - SCORTA: 00000001 - ORDINE AUTO: 1 - IMMEDIATO: 0 - IMPEGNATO: 72
 [05/10/22] - [13"49'04] ARTICOLO OK.  - N1 () < N2(64,00). ORD2-GIAC(78) + COMO-ORDINATO(70) - ORD2-PROMO(14) < ( ORD2-RIORDINO(61,00) - ORD2-CONSEGNA(36,00)) * SCO-MOLT-PORDINI(2,00)
 [05/10/22] - [13"49'04] ELABORAZIONE ARTICOLO: 029665 - SCORTA: 00000001 - ORDINE AUTO: 1 - IMMEDIATO: 0 - IMPEGNATO: 63
 [05/10/22] - [13"49'04] ARTICOLO KO.  - N1 () >= N2(-6,00). ORD2-GIAC(13) + COMO-ORDINATO(70) - ORD2-PROMO(19) >= ( ORD2-RIORDINO(16,00) - ORD2-CONSEGNA(8,00)) * SCO-MOLT-PORDINI(2,00)
 [05/10/22] - [13"49'04] ELABORAZIONE ARTICOLO: 029668 - SCORTA: 00000001 - ORDINE AUTO: 1 - IMMEDIATO: 0 - IMPEGNATO: 48
 [05/10/22] - [13"49'04] ARTICOLO OK.  - N1 () < N2(7,00). ORD2-GIAC(23) + COMO-ORDINATO(70) - ORD2-PROMO(16) < ( ORD2-RIORDINO(24,00) - ORD2-CONSEGNA(14,00)) * SCO-MOLT-PORDINI(2,00)
 [05/10/22] - [13"49'04] ELABORAZIONE ARTICOLO: 029669 - SCORTA: 00000001 - ORDINE AUTO: 1 - IMMEDIATO: 0 - IMPEGNATO: 48
 [05/10/22] - [13"49'04] ARTICOLO OK.  - N1 () < N2(39,00). ORD2-GIAC(48) + COMO-ORDINATO(70) - ORD2-PROMO(9) < ( ORD2-RIORDINO(29,00) - ORD2-CONSEGNA(17,00)) * SCO-MOLT-PORDINI(2,00)
 [05/10/22] - [13"49'04] ELABORAZIONE ARTICOLO: 009133 - SCORTA: 00000001 - ORDINE AUTO: 1 - IMMEDIATO: 0 - IMPEGNATO: 90
 [05/10/22] - [13"49'04] ARTICOLO OK.  - N1 () < N2(90,00). ORD2-GIAC(90) + COMO-ORDINATO(70) - ORD2-PROMO(9) < ( ORD2-RIORDINO(70,00) - ORD2-CONSEGNA(51,00)) * SCO-MOLT-PORDINI(2,00)
 [05/10/22] - [13"49'04] ELABORAZIONE ARTICOLO: 029375 - SCORTA: 00000001 - ORDINE AUTO: 1 - IMMEDIATO: 0 - IMPEGNATO: 65
 [05/10/22] - [13"49'04] ARTICOLO OK.  - N1 () < N2(59,00). ORD2-GIAC(59) + COMO-ORDINATO(70) - ORD2-PROMO(9) < ( ORD2-RIORDINO(94,00) - ORD2-CONSEGNA(63,00)) * SCO-MOLT-PORDINI(2,00)
 [05/10/22] - [13"49'04] ELABORAZIONE ARTICOLO: 033527 - SCORTA: 00000001 - ORDINE AUTO: 1 - IMMEDIATO: 0 - IMPEGNATO:
 [05/10/22] - [13"49'04] ARTICOLO KO.  - N1 () >= N2(59,00). ORD2-GIAC(59) + COMO-ORDINATO(70) - ORD2-PROMO(9) >= ( ORD2-RIORDINO(42,00) - ORD2-CONSEGNA(17,00)) * SCO-MOLT-PORDINI(2,00)
 [05/10/22] - [13"49'04] ELABORAZIONE ARTICOLO: 026731 - SCORTA: 00000007 - ORDINE AUTO: 1 - IMMEDIATO: 0 - IMPEGNATO: 242
 [05/10/22] - [13"49'04] ARTICOLO OK.  - N1 () < N2(672,00). ORD2-GIAC(693) + COMO-ORDINATO(70) - ORD2-PROMO(21) < ( ORD2-RIORDINO(545,00) - ORD2-CONSEGNA(351,00)) * SCO-MOLT-PORDINI(4,00)
 [05/10/22] - [13"49'04] ELABORAZIONE ARTICOLO: 026730 - SCORTA: 00000001 - ORDINE AUTO: 1 - IMMEDIATO: 0 - IMPEGNATO: 297
 [05/10/22] - [13"49'04] ARTICOLO OK.  - N1 () < N2(620,00). ORD2-GIAC(696) + COMO-ORDINATO(70) - ORD2-PROMO(76) < ( ORD2-RIORDINO(411,00) - ORD2-CONSEGNA(306,00)) * SCO-MOLT-PORDINI(2,00)
 [05/10/22] - [13"49'04] ELABORAZIONE ARTICOLO: 034404 - SCORTA: 00000001 - ORDINE AUTO: 1 - IMMEDIATO: 0 - IMPEGNATO: 8
 [05/10/22] - [13"49'04] ARTICOLO KO.  - N1 (                 <00,00) >= N2(-3,00). ORD2-GIAC(-3) + COMO-ORDINATO(70) - ORD2-PROMO(76) >= ( ORD2-RIORDINO(411,00) - ORD2-CONSEGNA(306,00)) * SCO-MOLT-PORDINI(2,00)
 [05/10/22] - [13"49'04] ELABORAZIONE ARTICOLO: 026729 - SCORTA: 00000001 - ORDINE AUTO: 1 - IMMEDIATO: 0 - IMPEGNATO: 226
 [05/10/22] - [13"49'04] ARTICOLO OK.  - N1 () < N2(217,00). ORD2-GIAC(223) + COMO-ORDINATO(70) - ORD2-PROMO(6) < ( ORD2-RIORDINO(352,00) - ORD2-CONSEGNA(272,00)) * SCO-MOLT-PORDINI(2,00)
 [05/10/22] - [13"49'04] ELABORAZIONE ARTICOLO: 029671 - SCORTA: 00000001 - ORDINE AUTO: 1 - IMMEDIATO: 0 - IMPEGNATO: 10
 [05/10/22] - [13"49'04] ARTICOLO KO.  - N1 () >= N2(-3,00). ORD2-GIAC(28) + COMO-ORDINATO(70) - ORD2-PROMO(31) >= ( ORD2-RIORDINO(44,00) - ORD2-CONSEGNA(28,00)) * SCO-MOLT-PORDINI(2,00)
 [05/10/22] - [13"49'04] ELABORAZIONE ARTICOLO: 002624 - SCORTA: 00000001 - ORDINE AUTO: 1 - IMMEDIATO: 0 - IMPEGNATO: 96
 [05/10/22] - [13"49'04] ARTICOLO OK.  - N1 () < N2(104,00). ORD2-GIAC(104) + COMO-ORDINATO(70) - ORD2-PROMO(31) < ( ORD2-RIORDINO(90,00) - ORD2-CONSEGNA(59,00)) * SCO-MOLT-PORDINI(2,00)
 [05/10/22] - [13"49'04] ELABORAZIONE ARTICOLO: 029377 - SCORTA: 00000001 - ORDINE AUTO: 1 - IMMEDIATO: 0 - IMPEGNATO: 35
 [05/10/22] - [13"49'04] ARTICOLO OK.  - N1 () < N2(46,00). ORD2-GIAC(46) + COMO-ORDINATO(70) - ORD2-PROMO(31) < ( ORD2-RIORDINO(89,00) - ORD2-CONSEGNA(63,00)) * SCO-MOLT-PORDINI(2,00)
 [05/10/22] - [13"49'04] ELABORAZIONE ARTICOLO: 034406 - SCORTA: 00000002 - ORDINE AUTO: 0 - IMMEDIATO: 1 - IMPEGNATO: 2
 [05/10/22] - [13"49'04] ELABORAZIONE ARTICOLO: 006226 - SCORTA: 00000001 - ORDINE AUTO: 1 - IMMEDIATO: 0 - IMPEGNATO: 5
 [05/10/22] - [13"49'04] ARTICOLO OK.  - N1 () < N2(5,00). ORD2-GIAC(5) + COMO-ORDINATO(70) - ORD2-PROMO(31) < ( ORD2-RIORDINO(5,00) - ORD2-CONSEGNA(2,00)) * SCO-MOLT-PORDINI(2,00)
 [05/10/22] - [13"49'04] ELABORAZIONE ARTICOLO: 029675 - SCORTA: 00000001 - ORDINE AUTO: 1 - IMMEDIATO: 0 - IMPEGNATO:
 [05/10/22] - [13"49'04] ARTICOLO OK.  - N1 () < N2(15,00). ORD2-GIAC(15) + COMO-ORDINATO(70) - ORD2-PROMO(31) < ( ORD2-RIORDINO(9,00) - ORD2-CONSEGNA(4,00)) * SCO-MOLT-PORDINI(2,00)
 [05/10/22] - [13"49'04] ELABORAZIONE ARTICOLO: 034418 - SCORTA: 00000000 - ORDINE AUTO: 0 - IMMEDIATO: 1 - IMPEGNATO:
 [05/10/22] - [13"49'04] ELABORAZIONE ARTICOLO: 006232 - SCORTA: 00000001 - ORDINE AUTO: 1 - IMMEDIATO: 0 - IMPEGNATO: 13
 [05/10/22] - [13"49'04] ARTICOLO OK.  - N1 () < N2(17,00). ORD2-GIAC(17) + COMO-ORDINATO(70) - ORD2-PROMO(31) < ( ORD2-RIORDINO(6,00) - ORD2-CONSEGNA(4,00)) * SCO-MOLT-PORDINI(2,00)
 [05/10/22] - [13"49'04] ELABORAZIONE ARTICOLO: 029344 - SCORTA: 00000001 - ORDINE AUTO: 1 - IMMEDIATO: 0 - IMPEGNATO: 10
 [05/10/22] - [13"49'04] ARTICOLO OK.  - N1 () < N2(96,00). ORD2-GIAC(256) + COMO-ORDINATO(70) - ORD2-PROMO(160) < ( ORD2-RIORDINO(109,00) - ORD2-CONSEGNA(64,00)) * SCO-MOLT-PORDINI(2,00)
 [05/10/22] - [13"49'04] ELABORAZIONE ARTICOLO: 032990 - SCORTA: 00000001 - ORDINE AUTO: 1 - IMMEDIATO: 0 - IMPEGNATO: 60
 [05/10/22] - [13"49'04] ARTICOLO OK.  - N1 () < N2(91,00). ORD2-GIAC(91) + COMO-ORDINATO(70) - ORD2-PROMO(160) < ( ORD2-RIORDINO(151,00) - ORD2-CONSEGNA(103,00)) * SCO-MOLT-PORDINI(2,00)
 [05/10/22] - [13"49'04] ELABORAZIONE ARTICOLO: 001713 - SCORTA: 00000001 - ORDINE AUTO: 1 - IMMEDIATO: 0 - IMPEGNATO:
 [05/10/22] - [13"49'04] ARTICOLO OK.  - N1 () < N2(35,00). ORD2-GIAC(35) + COMO-ORDINATO(70) - ORD2-PROMO(160) < ( ORD2-RIORDINO(8,00) - ORD2-CONSEGNA(2,00)) * SCO-MOLT-PORDINI(2,00)
 [05/10/22] - [13"49'04] ELABORAZIONE ARTICOLO: 010795 - SCORTA: 00000000 - ORDINE AUTO: 0 - IMMEDIATO: 1 - IMPEGNATO:
 [05/10/22] - [13"49'04] ELABORAZIONE ARTICOLO: 010785 - SCORTA: 00000000 - ORDINE AUTO: 0 - IMMEDIATO: 1 - IMPEGNATO:
 [05/10/22] - [13"49'04] ELABORAZIONE ARTICOLO: 010719 - SCORTA: 00000000 - ORDINE AUTO: 0 - IMMEDIATO: 1 - IMPEGNATO:
 [05/10/22] - [13"49'04] ELABORAZIONE ARTICOLO: 010713 - SCORTA: 00000002 - ORDINE AUTO: 0 - IMMEDIATO: 1 - IMPEGNATO: 5
 [05/10/22] - [13"49'04] ELABORAZIONE ARTICOLO: 029690 - SCORTA: 00000001 - ORDINE AUTO: 1 - IMMEDIATO: 0 - IMPEGNATO:
 [05/10/22] - [13"49'04] ARTICOLO OK.  - N1 () < N2(8,00). ORD2-GIAC(8) + COMO-ORDINATO(70) - ORD2-PROMO(160) < ( ORD2-RIORDINO(5,00) - ORD2-CONSEGNA(2,00)) * SCO-MOLT-PORDINI(2,00)
 [05/10/22] - [13"49'04] ELABORAZIONE ARTICOLO: 011195 - SCORTA: 00000000 - ORDINE AUTO: 0 - IMMEDIATO: 1 - IMPEGNATO:
 [05/10/22] - [13"49'04] ELABORAZIONE ARTICOLO: 029694 - SCORTA: 00000001 - ORDINE AUTO: 1 - IMMEDIATO: 0 - IMPEGNATO:
 [05/10/22] - [13"49'04] ARTICOLO OK.  - N1 () < N2(20,00). ORD2-GIAC(8) + COMO-ORDINATO(20) - ORD2-PROMO(160) < ( ORD2-RIORDINO(13,00) - ORD2-CONSEGNA(7,00)) * SCO-MOLT-PORDINI(2,00)
 [05/10/22] - [13"49'04] ELABORAZIONE ARTICOLO: 029696 - SCORTA: 00000001 - ORDINE AUTO: 1 - IMMEDIATO: 0 - IMPEGNATO:
 [05/10/22] - [13"49'04] ARTICOLO KO.  - N1 (                 <00,00) >= N2(20,00). ORD2-GIAC(8) + COMO-ORDINATO(20) - ORD2-PROMO(160) >= ( ORD2-RIORDINO(2,00) - ORD2-CONSEGNA(7,00)) * SCO-MOLT-PORDINI(2,00)
 [05/10/22] - [13"49'04] ELABORAZIONE ARTICOLO: 029700 - SCORTA: 00000001 - ORDINE AUTO: 1 - IMMEDIATO: 0 - IMPEGNATO:
 [05/10/22] - [13"49'04] ARTICOLO OK.  - N1 () < N2(20,00). ORD2-GIAC(8) + COMO-ORDINATO(20) - ORD2-PROMO(160) < ( ORD2-RIORDINO(9,00) - ORD2-CONSEGNA(4,00)) * SCO-MOLT-PORDINI(2,00)
 [05/10/22] - [13"49'04] ELABORAZIONE ARTICOLO: 029701 - SCORTA: 00000001 - ORDINE AUTO: 1 - IMMEDIATO: 0 - IMPEGNATO:
 [05/10/22] - [13"49'04] ARTICOLO OK.  - N1 () < N2(7,00). ORD2-GIAC(7) + COMO-ORDINATO(20) - ORD2-PROMO(160) < ( ORD2-RIORDINO(24,00) - ORD2-CONSEGNA(13,00)) * SCO-MOLT-PORDINI(2,00)
 [05/10/22] - [13"49'04] ELABORAZIONE ARTICOLO: 008417 - SCORTA: 00000001 - ORDINE AUTO: 1 - IMMEDIATO: 0 - IMPEGNATO: 90
 [05/10/22] - [13"49'04] ARTICOLO OK.  - N1 () < N2(20,00). ORD2-GIAC(-60) + COMO-ORDINATO(80) - ORD2-PROMO(160) < ( ORD2-RIORDINO(10,00) - ORD2-CONSEGNA(4,00)) * SCO-MOLT-PORDINI(2,00)
 [05/10/22] - [13"49'04] ELABORAZIONE ARTICOLO: 008565 - SCORTA: 00000001 - ORDINE AUTO: 1 - IMMEDIATO: 0 - IMPEGNATO: 10
 [05/10/22] - [13"49'04] ARTICOLO OK.  - N1 () < N2(10,00). ORD2-GIAC(10) + COMO-ORDINATO(80) - ORD2-PROMO(160) < ( ORD2-RIORDINO(11,00) - ORD2-CONSEGNA(5,00)) * SCO-MOLT-PORDINI(2,00)
 [05/10/22] - [13"49'04] ELABORAZIONE ARTICOLO: 008588 - SCORTA: 00000001 - ORDINE AUTO: 1 - IMMEDIATO: 0 - IMPEGNATO: 30
 [05/10/22] - [13"49'04] ARTICOLO OK.  - N1 () < N2(10,00). ORD2-GIAC(10) + COMO-ORDINATO(80) - ORD2-PROMO(160) < ( ORD2-RIORDINO(6,00) - ORD2-CONSEGNA(2,00)) * SCO-MOLT-PORDINI(2,00)
 [05/10/22] - [13"49'04] ELABORAZIONE ARTICOLO: 008563 - SCORTA: 00000001 - ORDINE AUTO: 1 - IMMEDIATO: 0 - IMPEGNATO: 10
 [05/10/22] - [13"49'04] ARTICOLO OK.  - N1 () < N2(10,00). ORD2-GIAC(10) + COMO-ORDINATO(80) - ORD2-PROMO(160) < ( ORD2-RIORDINO(10,00) - ORD2-CONSEGNA(5,00)) * SCO-MOLT-PORDINI(2,00)
 [05/10/22] - [13"49'04] ELABORAZIONE ARTICOLO: 008553 - SCORTA: 00000001 - ORDINE AUTO: 1 - IMMEDIATO: 0 - IMPEGNATO: 10
 [05/10/22] - [13"49'04] ARTICOLO OK.  - N1 () < N2(20,00). ORD2-GIAC(20) + COMO-ORDINATO(80) - ORD2-PROMO(160) < ( ORD2-RIORDINO(16,00) - ORD2-CONSEGNA(7,00)) * SCO-MOLT-PORDINI(2,00)
 [05/10/22] - [13"49'04] ELABORAZIONE ARTICOLO: 033065 - SCORTA: 00000012 - ORDINE AUTO: 0 - IMMEDIATO: 0 - IMPEGNATO:
 [05/10/22] - [13"49'04] ELABORAZIONE ARTICOLO: 033068 - SCORTA: 00000012 - ORDINE AUTO: 0 - IMMEDIATO: 0 - IMPEGNATO:
 [05/10/22] - [13"49'04] ELABORAZIONE ARTICOLO: 019846 - SCORTA: 00000000 - ORDINE AUTO: 0 - IMMEDIATO: 1 - IMPEGNATO:
 [05/10/22] - [13"49'04] ELABORAZIONE ARTICOLO: 016248 - SCORTA: 00000000 - ORDINE AUTO: 0 - IMMEDIATO: 1 - IMPEGNATO:
 [05/10/22] - [13"49'04] ELABORAZIONE ARTICOLO: 014144 - SCORTA: 00000001 - ORDINE AUTO: 1 - IMMEDIATO: 0 - IMPEGNATO:
 [05/10/22] - [13"49'04] ARTICOLO OK.  - N1 () < N2(348,00). ORD2-GIAC(348) + COMO-ORDINATO(80) - ORD2-PROMO(160) < ( ORD2-RIORDINO(205,00) - ORD2-CONSEGNA(101,00)) * SCO-MOLT-PORDINI(2,00)
 [05/10/22] - [13"49'04] ELABORAZIONE ARTICOLO: 009898 - SCORTA: 00000001 - ORDINE AUTO: 1 - IMMEDIATO: 0 - IMPEGNATO: 288
 [05/10/22] - [13"49'04] ARTICOLO OK.  - N1 () < N2(138,00). ORD2-GIAC(138) + COMO-ORDINATO(80) - ORD2-PROMO(160) < ( ORD2-RIORDINO(280,00) - ORD2-CONSEGNA(206,00)) * SCO-MOLT-PORDINI(2,00)
 [05/10/22] - [13"49'04] ELABORAZIONE ARTICOLO: 009528 - SCORTA: 00000001 - ORDINE AUTO: 1 - IMMEDIATO: 0 - IMPEGNATO:
 [05/10/22] - [13"49'04] ARTICOLO OK.  - N1 () < N2(9,00). ORD2-GIAC(9) + COMO-ORDINATO(80) - ORD2-PROMO(160) < ( ORD2-RIORDINO(24,00) - ORD2-CONSEGNA(16,00)) * SCO-MOLT-PORDINI(2,00)
 [05/10/22] - [13"49'04] ELABORAZIONE ARTICOLO: 014509 - SCORTA: 00000001 - ORDINE AUTO: 1 - IMMEDIATO: 0 - IMPEGNATO: 11
 [05/10/22] - [13"49'04] ARTICOLO KO.  - N1 () >= N2(-4,00). ORD2-GIAC(-4) + COMO-ORDINATO(80) - ORD2-PROMO(160) >= ( ORD2-RIORDINO(3,00) - ORD2-CONSEGNA(2,00)) * SCO-MOLT-PORDINI(2,00)
 [05/10/22] - [13"49'04] ELABORAZIONE ARTICOLO: 009453 - SCORTA: 00000004 - ORDINE AUTO: 1 - IMMEDIATO: 1 - IMPEGNATO: 1
 [05/10/22] - [13"49'04] ELABORAZIONE ARTICOLO: 009456 - SCORTA: 00000001 - ORDINE AUTO: 1 - IMMEDIATO: 0 - IMPEGNATO: 6
 [05/10/22] - [13"49'04] ARTICOLO OK.  - N1 () < N2(17,00). ORD2-GIAC(17) + COMO-ORDINATO(80) - ORD2-PROMO(160) < ( ORD2-RIORDINO(12,00) - ORD2-CONSEGNA(6,00)) * SCO-MOLT-PORDINI(2,00)
 [05/10/22] - [13"49'04] ELABORAZIONE ARTICOLO: 014141 - SCORTA: 00000001 - ORDINE AUTO: 1 - IMMEDIATO: 0 - IMPEGNATO: 96
 [05/10/22] - [13"49'04] ARTICOLO OK.  - N1 () < N2(1.837,00). ORD2-GIAC(1.837) + COMO-ORDINATO(80) - ORD2-PROMO(160) < ( ORD2-RIORDINO(1.174,00) - ORD2-CONSEGNA(762,00)) * SCO-MOLT-PORDINI(2,00)
 [05/10/22] - [13"49'04] ELABORAZIONE ARTICOLO: 014142 - SCORTA: 00000001 - ORDINE AUTO: 1 - IMMEDIATO: 0 - IMPEGNATO: 576
 [05/10/22] - [13"49'04] ARTICOLO KO.  - N1 () >= N2(-264,00). ORD2-GIAC(-576) + COMO-ORDINATO(312) - ORD2-PROMO(160) >= ( ORD2-RIORDINO(276,00) - ORD2-CONSEGNA(188,00)) * SCO-MOLT-PORDINI(2,00)
 [05/10/22] - [13"49'04] ELABORAZIONE ARTICOLO: 009721 - SCORTA: 00000001 - ORDINE AUTO: 1 - IMMEDIATO: 0 - IMPEGNATO: 144
 [05/10/22] - [13"49'04] ARTICOLO OK.  - N1 () < N2(1.556,00). ORD2-GIAC(1.556) + COMO-ORDINATO(312) - ORD2-PROMO(160) < ( ORD2-RIORDINO(934,00) - ORD2-CONSEGNA(698,00)) * SCO-MOLT-PORDINI(2,00)
 [05/10/22] - [13"49'04] ELABORAZIONE ARTICOLO: 017097 - SCORTA: 00000001 - ORDINE AUTO: 1 - IMMEDIATO: 0 - IMPEGNATO:
 [05/10/22] - [13"49'04] ARTICOLO OK.  - N1 () < N2(44,00). ORD2-GIAC(44) + COMO-ORDINATO(312) - ORD2-PROMO(160) < ( ORD2-RIORDINO(128,00) - ORD2-CONSEGNA(77,00)) * SCO-MOLT-PORDINI(2,00)
 [05/10/22] - [13"49'04] ELABORAZIONE ARTICOLO: 009449 - SCORTA: 00000006 - ORDINE AUTO: 0 - IMMEDIATO: 1 - IMPEGNATO: 2
 [05/10/22] - [13"49'04] ELABORAZIONE ARTICOLO: 009722 - SCORTA: 00000001 - ORDINE AUTO: 1 - IMMEDIATO: 0 - IMPEGNATO:
 [05/10/22] - [13"49'04] ARTICOLO OK.  - N1 () < N2(279,00). ORD2-GIAC(279) + COMO-ORDINATO(312) - ORD2-PROMO(160) < ( ORD2-RIORDINO(234,00) - ORD2-CONSEGNA(153,00)) * SCO-MOLT-PORDINI(2,00)
 [05/10/22] - [13"49'04] ELABORAZIONE ARTICOLO: 009446 - SCORTA: 00000003 - ORDINE AUTO: 1 - IMMEDIATO: 0 - IMPEGNATO:
 [05/10/22] - [13"49'04] ARTICOLO OK.  - N1 (                 <00,00) < N2(5,00). ORD2-GIAC(5) + COMO-ORDINATO(312) - ORD2-PROMO(160) < ( ORD2-RIORDINO(1,00) - ORD2-CONSEGNA(153,00)) * SCO-MOLT-PORDINI(4,00)
 [05/10/22] - [13"49'04] ELABORAZIONE ARTICOLO: 017096 - SCORTA: 00000001 - ORDINE AUTO: 1 - IMMEDIATO: 0 - IMPEGNATO:
 [05/10/22] - [13"49'04] ARTICOLO OK.  - N1 () < N2(48,00). ORD2-GIAC(48) + COMO-ORDINATO(312) - ORD2-PROMO(160) < ( ORD2-RIORDINO(53,00) - ORD2-CONSEGNA(28,00)) * SCO-MOLT-PORDINI(2,00)
 [05/10/22] - [13"49'04] ELABORAZIONE ARTICOLO: 010164 - SCORTA: 00000001 - ORDINE AUTO: 1 - IMMEDIATO: 0 - IMPEGNATO: 48
 [05/10/22] - [13"49'04] ARTICOLO OK.  - N1 () < N2(101,00). ORD2-GIAC(101) + COMO-ORDINATO(312) - ORD2-PROMO(160) < ( ORD2-RIORDINO(309,00) - ORD2-CONSEGNA(184,00)) * SCO-MOLT-PORDINI(2,00)
 [05/10/22] - [13"49'04] ELABORAZIONE ARTICOLO: 010165 - SCORTA: 00000003 - ORDINE AUTO: 1 - IMMEDIATO: 0 - IMPEGNATO:
 [05/10/22] - [13"49'04] ARTICOLO OK.  - N1 (                 <00,00) < N2(6,00). ORD2-GIAC(6) + COMO-ORDINATO(312) - ORD2-PROMO(160) < ( ORD2-RIORDINO(1,00) - ORD2-CONSEGNA(184,00)) * SCO-MOLT-PORDINI(4,00)
 [05/10/22] - [13"49'04] ELABORAZIONE ARTICOLO: 033716 - SCORTA: 00000001 - ORDINE AUTO: 1 - IMMEDIATO: 0 - IMPEGNATO: 20
 [05/10/22] - [13"49'04] ARTICOLO KO.  - N1 () >= N2(-20,00). ORD2-GIAC(-20) + COMO-ORDINATO(312) - ORD2-PROMO(160) >= ( ORD2-RIORDINO(32,00) - ORD2-CONSEGNA(14,00)) * SCO-MOLT-PORDINI(2,00)
 [05/10/22] - [13"49'04] ELABORAZIONE ARTICOLO: 002151 - SCORTA: 00000001 - ORDINE AUTO: 1 - IMMEDIATO: 0 - IMPEGNATO: 24
 [05/10/22] - [13"49'04] ARTICOLO OK.  - N1 () < N2(36,00). ORD2-GIAC(-24) + COMO-ORDINATO(60) - ORD2-PROMO(160) < ( ORD2-RIORDINO(17,00) - ORD2-CONSEGNA(8,00)) * SCO-MOLT-PORDINI(2,00)
 [05/10/22] - [13"49'04] ELABORAZIONE ARTICOLO: 014690 - SCORTA: 00000001 - ORDINE AUTO: 1 - IMMEDIATO: 0 - IMPEGNATO: 120
 [05/10/22] - [13"49'04] ARTICOLO OK.  - N1 () < N2(120,00). ORD2-GIAC(-24) + COMO-ORDINATO(120) - ORD2-PROMO(160) < ( ORD2-RIORDINO(45,00) - ORD2-CONSEGNA(24,00)) * SCO-MOLT-PORDINI(2,00)
 [05/10/22] - [13"49'04] ELABORAZIONE ARTICOLO: 011521 - SCORTA: 00000001 - ORDINE AUTO: 1 - IMMEDIATO: 0 - IMPEGNATO: 252
 [05/10/22] - [13"49'04] ARTICOLO OK.  - N1 () < N2(327,00). ORD2-GIAC(327) + COMO-ORDINATO(120) - ORD2-PROMO(160) < ( ORD2-RIORDINO(319,00) - ORD2-CONSEGNA(224,00)) * SCO-MOLT-PORDINI(2,00)
 [05/10/22] - [13"49'04] ELABORAZIONE ARTICOLO: 026791 - SCORTA: 00000001 - ORDINE AUTO: 1 - IMMEDIATO: 0 - IMPEGNATO:
 [05/10/22] - [13"49'04] ARTICOLO OK.  - N1 () < N2(20,00). ORD2-GIAC(20) + COMO-ORDINATO(120) - ORD2-PROMO(160) < ( ORD2-RIORDINO(11,00) - ORD2-CONSEGNA(6,00)) * SCO-MOLT-PORDINI(2,00)
 [05/10/22] - [13"49'04] ELABORAZIONE ARTICOLO: 026694 - SCORTA: 00000004 - ORDINE AUTO: 1 - IMMEDIATO: 1 - IMPEGNATO: 156
 [05/10/22] - [13"49'04] ELABORAZIONE ARTICOLO: 026755 - SCORTA: 00000001 - ORDINE AUTO: 1 - IMMEDIATO: 0 - IMPEGNATO: 24
 [05/10/22] - [13"49'04] ARTICOLO KO.  - N1 () >= N2(20,00). ORD2-GIAC(20) + COMO-ORDINATO(120) - ORD2-PROMO(160) >= ( ORD2-RIORDINO(15,00) - ORD2-CONSEGNA(7,00)) * SCO-MOLT-PORDINI(2,00)
 [05/10/22] - [13"49'04] ELABORAZIONE ARTICOLO: 022446 - SCORTA: 00000004 - ORDINE AUTO: 1 - IMMEDIATO: 1 - IMPEGNATO: 12
 [05/10/22] - [13"49'04] ELABORAZIONE ARTICOLO: 022574 - SCORTA: 00000004 - ORDINE AUTO: 1 - IMMEDIATO: 1 - IMPEGNATO: 12
 [05/10/22] - [13"49'04] ELABORAZIONE ARTICOLO: 008241 - SCORTA: 00000004 - ORDINE AUTO: 1 - IMMEDIATO: 1 - IMPEGNATO: 180
 [05/10/22] - [13"49'04] ELABORAZIONE ARTICOLO: 026766 - SCORTA: 00000004 - ORDINE AUTO: 1 - IMMEDIATO: 1 - IMPEGNATO: 1.092
 [05/10/22] - [13"49'04] ELABORAZIONE ARTICOLO: 026767 - SCORTA: 00000001 - ORDINE AUTO: 1 - IMMEDIATO: 0 - IMPEGNATO: 8
 [05/10/22] - [13"49'04] ARTICOLO KO.  - N1 () >= N2(-8,00). ORD2-GIAC(-8) + COMO-ORDINATO(120) - ORD2-PROMO(160) >= ( ORD2-RIORDINO(23,00) - ORD2-CONSEGNA(11,00)) * SCO-MOLT-PORDINI(2,00)
 [05/10/22] - [13"49'04] ELABORAZIONE ARTICOLO: 026736 - SCORTA: 00000001 - ORDINE AUTO: 1 - IMMEDIATO: 0 - IMPEGNATO:
 [05/10/22] - [13"49'04] ARTICOLO OK.  - N1 () < N2(32,00). ORD2-GIAC(32) + COMO-ORDINATO(120) - ORD2-PROMO(160) < ( ORD2-RIORDINO(5,00) - ORD2-CONSEGNA(2,00)) * SCO-MOLT-PORDINI(2,00)
 [05/10/22] - [13"49'04] ELABORAZIONE ARTICOLO: 022605 - SCORTA: 00000000 - ORDINE AUTO: 0 - IMMEDIATO: 1 - IMPEGNATO: 4
 [05/10/22] - [13"49'04] ELABORAZIONE ARTICOLO: 027276 - SCORTA: 00000001 - ORDINE AUTO: 1 - IMMEDIATO: 0 - IMPEGNATO:
 [05/10/22] - [13"49'04] ARTICOLO KO.  - N1 () >= N2(2,00). ORD2-GIAC(2) + COMO-ORDINATO(120) - ORD2-PROMO(160) >= ( ORD2-RIORDINO(2,00) - ORD2-CONSEGNA(1,00)) * SCO-MOLT-PORDINI(2,00)
 [05/10/22] - [13"49'04] ELABORAZIONE ARTICOLO: 029347 - SCORTA: 00000001 - ORDINE AUTO: 1 - IMMEDIATO: 0 - IMPEGNATO: 156
 [05/10/22] - [13"49'04] ARTICOLO OK.  - N1 () < N2(84,00). ORD2-GIAC(-156) + COMO-ORDINATO(240) - ORD2-PROMO(160) < ( ORD2-RIORDINO(119,00) - ORD2-CONSEGNA(41,00)) * SCO-MOLT-PORDINI(2,00)
 [05/10/22] - [13"49'04] ELABORAZIONE ARTICOLO: 016268 - SCORTA: 00000001 - ORDINE AUTO: 1 - IMMEDIATO: 0 - IMPEGNATO: 16
 [05/10/22] - [13"49'04] ARTICOLO OK.  - N1 () < N2(139,00). ORD2-GIAC(147) + COMO-ORDINATO(240) - ORD2-PROMO(8) < ( ORD2-RIORDINO(96,00) - ORD2-CONSEGNA(69,00)) * SCO-MOLT-PORDINI(2,00)
 [05/10/22] - [13"49'04] ELABORAZIONE ARTICOLO: 026708 - SCORTA: 00000001 - ORDINE AUTO: 1 - IMMEDIATO: 0 - IMPEGNATO: 96
 [05/10/22] - [13"49'04] ARTICOLO OK.  - N1 (599,00) < N2(599,00). ORD2-GIAC(-49) + COMO-ORDINATO(660) - ORD2-PROMO(12) < ( ORD2-RIORDINO(281,00) - ORD2-CONSEGNA(195,00)) * SCO-MOLT-PORDINI(2,00)
 [05/10/22] - [13"49'04] ELABORAZIONE ARTICOLO: 004411 - SCORTA: 00000001 - ORDINE AUTO: 1 - IMMEDIATO: 0 - IMPEGNATO: 398
 [05/10/22] - [13"49'04] ARTICOLO OK.  - N1 () < N2(275,00). ORD2-GIAC(275) + COMO-ORDINATO(660) - ORD2-PROMO(12) < ( ORD2-RIORDINO(721,00) - ORD2-CONSEGNA(481,00)) * SCO-MOLT-PORDINI(2,00)
 [05/10/22] - [13"49'04] ELABORAZIONE ARTICOLO: 004412 - SCORTA: 00000001 - ORDINE AUTO: 1 - IMMEDIATO: 0 - IMPEGNATO: 86
 [05/10/22] - [13"49'04] ARTICOLO OK.  - N1 () < N2(190,00). ORD2-GIAC(190) + COMO-ORDINATO(660) - ORD2-PROMO(12) < ( ORD2-RIORDINO(198,00) - ORD2-CONSEGNA(92,00)) * SCO-MOLT-PORDINI(2,00)
 [05/10/22] - [13"49'04] ELABORAZIONE ARTICOLO: 026743 - SCORTA: 00000001 - ORDINE AUTO: 1 - IMMEDIATO: 0 - IMPEGNATO: 48
 [05/10/22] - [13"49'04] ARTICOLO OK.  - N1 () < N2(133,00). ORD2-GIAC(133) + COMO-ORDINATO(660) - ORD2-PROMO(12) < ( ORD2-RIORDINO(304,00) - ORD2-CONSEGNA(205,00)) * SCO-MOLT-PORDINI(2,00)
 [05/10/22] - [13"49'04] ELABORAZIONE ARTICOLO: 014080 - SCORTA: 00000001 - ORDINE AUTO: 1 - IMMEDIATO: 0 - IMPEGNATO:
 [05/10/22] - [13"49'04] ARTICOLO OK.  - N1 () < N2(14,00). ORD2-GIAC(14) + COMO-ORDINATO(660) - ORD2-PROMO(12) < ( ORD2-RIORDINO(19,00) - ORD2-CONSEGNA(9,00)) * SCO-MOLT-PORDINI(2,00)
 [05/10/22] - [13"49'04] ELABORAZIONE ARTICOLO: 026861 - SCORTA: 00000001 - ORDINE AUTO: 1 - IMMEDIATO: 0 - IMPEGNATO:
 [05/10/22] - [13"49'04] ARTICOLO OK.  - N1 () < N2(12,00). ORD2-GIAC(12) + COMO-ORDINATO(660) - ORD2-PROMO(12) < ( ORD2-RIORDINO(13,00) - ORD2-CONSEGNA(5,00)) * SCO-MOLT-PORDINI(2,00)
 [05/10/22] - [13"49'04] ELABORAZIONE ARTICOLO: 031795 - SCORTA: 00000001 - ORDINE AUTO: 1 - IMMEDIATO: 0 - IMPEGNATO:
 [05/10/22] - [13"49'04] ARTICOLO OK.  - N1 () < N2(96,00). ORD2-GIAC(96) + COMO-ORDINATO(660) - ORD2-PROMO(12) < ( ORD2-RIORDINO(166,00) - ORD2-CONSEGNA(74,00)) * SCO-MOLT-PORDINI(2,00)
 [05/10/22] - [13"49'04] ELABORAZIONE ARTICOLO: 026701 - SCORTA: 00000001 - ORDINE AUTO: 1 - IMMEDIATO: 0 - IMPEGNATO: 12
 [05/10/22] - [13"49'04] ARTICOLO KO.  - N1 (                 <00,00) >= N2(-12,00). ORD2-GIAC(-12) + COMO-ORDINATO(660) - ORD2-PROMO(12) >= ( ORD2-RIORDINO(166,00) - ORD2-CONSEGNA(74,00)) * SCO-MOLT-PORDINI(2,00)
 [05/10/22] - [13"49'04] ELABORAZIONE ARTICOLO: 001680 - SCORTA: 00000001 - ORDINE AUTO: 1 - IMMEDIATO: 0 - IMPEGNATO: 24
 [05/10/22] - [13"49'04] ARTICOLO OK.  - N1 () < N2(108,00). ORD2-GIAC(108) + COMO-ORDINATO(660) - ORD2-PROMO(12) < ( ORD2-RIORDINO(106,00) - ORD2-CONSEGNA(56,00)) * SCO-MOLT-PORDINI(2,00)
 [05/10/22] - [13"49'04] ELABORAZIONE ARTICOLO: 031799 - SCORTA: 00000001 - ORDINE AUTO: 1 - IMMEDIATO: 0 - IMPEGNATO:
 [05/10/22] - [13"49'04] ARTICOLO OK.  - N1 () < N2(12,00). ORD2-GIAC(12) + COMO-ORDINATO(660) - ORD2-PROMO(12) < ( ORD2-RIORDINO(33,00) - ORD2-CONSEGNA(17,00)) * SCO-MOLT-PORDINI(2,00)
 [05/10/22] - [13"49'04] ELABORAZIONE ARTICOLO: 005756 - SCORTA: 00000001 - ORDINE AUTO: 1 - IMMEDIATO: 0 - IMPEGNATO: 204
 [05/10/22] - [13"49'04] ARTICOLO OK.  - N1 () < N2(325,00). ORD2-GIAC(1) + COMO-ORDINATO(324) - ORD2-PROMO(12) < ( ORD2-RIORDINO(145,00) - ORD2-CONSEGNA(98,00)) * SCO-MOLT-PORDINI(2,00)
 [05/10/22] - [13"49'04] ELABORAZIONE ARTICOLO: 026761 - SCORTA: 00000001 - ORDINE AUTO: 1 - IMMEDIATO: 0 - IMPEGNATO: 108
 [05/10/22] - [13"49'04] ARTICOLO OK.  - N1 () < N2(877,00). ORD2-GIAC(889) + COMO-ORDINATO(324) - ORD2-PROMO(12) < ( ORD2-RIORDINO(1.283,00) - ORD2-CONSEGNA(953,00)) * SCO-MOLT-PORDINI(2,00)
 [05/10/22] - [13"49'04] ELABORAZIONE ARTICOLO: 026783 - SCORTA: 00000001 - ORDINE AUTO: 1 - IMMEDIATO: 0 - IMPEGNATO:
 [05/10/22] - [13"49'04] ARTICOLO OK.  - N1 () < N2(24,00). ORD2-GIAC(24) + COMO-ORDINATO(324) - ORD2-PROMO(12) < ( ORD2-RIORDINO(51,00) - ORD2-CONSEGNA(31,00)) * SCO-MOLT-PORDINI(2,00)
 [05/10/22] - [13"49'04] ELABORAZIONE ARTICOLO: 003537 - SCORTA: 00000001 - ORDINE AUTO: 1 - IMMEDIATO: 0 - IMPEGNATO:
 [05/10/22] - [13"49'04] ARTICOLO OK.  - N1 () < N2(27,00). ORD2-GIAC(27) + COMO-ORDINATO(324) - ORD2-PROMO(12) < ( ORD2-RIORDINO(13,00) - ORD2-CONSEGNA(5,00)) * SCO-MOLT-PORDINI(2,00)
 [05/10/22] - [13"49'04] ELABORAZIONE ARTICOLO: 001659 - SCORTA: 00000001 - ORDINE AUTO: 1 - IMMEDIATO: 0 - IMPEGNATO: 24
 [05/10/22] - [13"49'04] ARTICOLO OK.  - N1 () < N2(355,00). ORD2-GIAC(115) + COMO-ORDINATO(240) - ORD2-PROMO(12) < ( ORD2-RIORDINO(116,00) - ORD2-CONSEGNA(69,00)) * SCO-MOLT-PORDINI(2,00)
 [05/10/22] - [13"49'04] ELABORAZIONE ARTICOLO: 026706 - SCORTA: 00000001 - ORDINE AUTO: 1 - IMMEDIATO: 0 - IMPEGNATO: 12
 [05/10/22] - [13"49'04] ARTICOLO OK.  - N1 () < N2(24,00). ORD2-GIAC(-12) + COMO-ORDINATO(36) - ORD2-PROMO(12) < ( ORD2-RIORDINO(31,00) - ORD2-CONSEGNA(15,00)) * SCO-MOLT-PORDINI(2,00)
 [05/10/22] - [13"49'04] ELABORAZIONE ARTICOLO: 031350 - SCORTA: 00000012 - ORDINE AUTO: 0 - IMMEDIATO: 0 - IMPEGNATO:
 [05/10/22] - [13"49'04] ELABORAZIONE ARTICOLO: 008352 - SCORTA: 00000001 - ORDINE AUTO: 1 - IMMEDIATO: 0 - IMPEGNATO:
 [05/10/22] - [13"49'04] ARTICOLO KO.  - N1 (                 <00,00) >= N2(24,00). ORD2-GIAC(-12) + COMO-ORDINATO(36) - ORD2-PROMO(12) >= ( ORD2-RIORDINO(31,00) - ORD2-CONSEGNA(15,00)) * SCO-MOLT-PORDINI(2,00)
 [05/10/22] - [13"49'04] ELABORAZIONE ARTICOLO: 009334 - SCORTA: 00000001 - ORDINE AUTO: 1 - IMMEDIATO: 0 - IMPEGNATO:
 [05/10/22] - [13"49'04] ARTICOLO OK.  - N1 () < N2(4,00). ORD2-GIAC(-12) + COMO-ORDINATO(4) - ORD2-PROMO(12) < ( ORD2-RIORDINO(5,00) - ORD2-CONSEGNA(4,00)) * SCO-MOLT-PORDINI(2,00)
