 [26/04/24] - [18"59'23] INIZIO PROGRAMMA
 [26/04/24] - [18"59'23] INIZIO SOMMA VENDUTI
 [26/04/24] - [18"59'25] FINE SOMMA VENDUTI
 [26/04/24] - [18"59'25] CONTROLLO ESEGUIBILITA'
 [26/04/24] - [18"59'25] CONTROLLO ESEGUIBILITA' OK
 [26/04/24] - [18"59'25] OPEN OUTPUT TMP-FORN
 [26/04/24] - [18"59'25] OPEN OUTPUT TMP-ORDFOR
 [26/04/24] - [18"59'25] QTA-PROMO
 [26/04/24] - [18"59'25] VALORIZZA CAMPI
 [26/04/24] - [18"59'26] RIEMPI GRID
 [26/04/24] - [18"59'26] RIEMPI GRID OK
 [26/04/24] - [18"59'26] INIZIO ELABORAZIONE AUTOMATICA
 [26/04/24] - [18"59'26] INIZIO RICALCOLO
 [26/04/24] - [18"59'26] QTA STORICHE NON AGGIORNATE (1)
 [26/04/24] - [18"59'26] FINE RICALCOLO
 [26/04/24] - [18"59'26] INIZIO SCANSIONE RIGHE GRIGLIA
 [26/04/24] - [18"59'26] FORMULE DI RIFERIMENTO: N1 = ord2-giac + ordinato - ord2-promo || N2 = ( ord2-riordino - ord2-consegna ) * sco-molt-pordini
 [26/04/24] - [18"59'26] FINE SCANSIONE RIGHE GRIGLIA
 [26/04/24] - [18"59'26] NESSUN ARTICOLO DA GENERARE
 [26/04/24] - [18"59'26] FINE ELABORAZIONE AUTOMATICA
 [26/04/24] - [18"59'26] FINE PROGRAMMA
