 [26/04/24] - [19"13'32] INIZIO PROGRAMMA
 [26/04/24] - [19"13'32] INIZIO SOMMA VENDUTI
 [26/04/24] - [19"13'33] FINE SOMMA VENDUTI
 [26/04/24] - [19"13'33] CONTROLLO ESEGUIBILITA'
 [26/04/24] - [19"13'33] CONTROLLO ESEGUIBILITA' OK
 [26/04/24] - [19"13'33] OPEN OUTPUT TMP-FORN
 [26/04/24] - [19"13'33] OPEN OUTPUT TMP-ORDFOR
 [26/04/24] - [19"13'33] QTA-PROMO
 [26/04/24] - [19"13'33] VALORIZZA CAMPI
 [26/04/24] - [19"13'34] RIEMPI GRID
 [26/04/24] - [19"13'34] RIEMPI GRID OK
 [26/04/24] - [19"13'34] INIZIO ELABORAZIONE AUTOMATICA
 [26/04/24] - [19"13'34] INIZIO RICALCOLO
 [26/04/24] - [19"13'34] QTA STORICHE NON AGGIORNATE (1)
 [26/04/24] - [19"13'34] FINE RICALCOLO
 [26/04/24] - [19"13'34] INIZIO SCANSIONE RIGHE GRIGLIA
 [26/04/24] - [19"13'34] FORMULE DI RIFERIMENTO: N1 = ord2-giac + ordinato - ord2-promo || N2 = ( ord2-riordino - ord2-consegna ) * sco-molt-pordini
 [26/04/24] - [19"13'53] ELABORAZIONE ARTICOLO: 026800 - SCORTA: 00000003 - ORDINE AUTO: 1 - IMMEDIATO: 0 - IMPEGNATO: 0
 [26/04/24] - [19"14'06] ARTICOLO OK: N1 (82,00) < N2(44,00). ORD2-GIAC(82) + COMO-ORDINATO(0) - ORD2-PROMO(0) < ( ORD2-RIORDINO(37,00) - ORD2-CONSEGNA(26,00)) * SCO-MOLT-PORDINI(4,00)
 [26/04/24] - [19"14'13] FINE SCANSIONE RIGHE GRIGLIA
