 [17/05/24] - [12"11'19] INIZIO ELABORAZIONE
 [17/05/24] - [12"11'19] CONTROLLO ESISTENZA CARTELLE OK
 [17/05/24] - [12"11'19]
 [17/05/24] - [12"11'19] ELABORAZIONE FILE f:\lubex\GESLUX\EDI\test\import\app_do_20240516074648_20240516_17562832_20240517_12095892
 [17/05/24] - [12"11'19] CREAZIONE FILE BACKUP : f:\lubex\GESLUX\EDI\test\backup\app_do_20240516074648_20240516_17562832_20240517_12095892_20240517_12111943
 [17/05/24] - [12"11'19] GENERAZIONE BACKUP RIUSCITA
 [17/05/24] - [12"11'19] CANCELLAZIONE FILE: f:\lubex\GESLUX\EDI\test\import\app_do_20240516074648_20240516_17562832_20240517_12095892
 [17/05/24] - [12"11'19] CANCELLAZIONE RIUSCITA
 [17/05/24] - [12"11'19] LAVORAZIONE EFFETTIVA FILE: f:\lubex\GESLUX\EDI\test\backup\app_do_20240516074648_20240516_17562832_20240517_12095892_20240517_12111943
 [17/05/24] - [12"11'19] CREATO ORDINE: 2024 - 00213002
 [17/05/24] - [12"11'19]
 [17/05/24] - [12"11'19] ELABORAZIONE FILE f:\lubex\GESLUX\EDI\test\import\app_do_20240516084648_20240516_17562832_20240517_12095892
 [17/05/24] - [12"11'19] CREAZIONE FILE BACKUP : f:\lubex\GESLUX\EDI\test\backup\app_do_20240516084648_20240516_17562832_20240517_12095892_20240517_12111943
 [17/05/24] - [12"11'19] GENERAZIONE BACKUP RIUSCITA
 [17/05/24] - [12"11'19] CANCELLAZIONE FILE: f:\lubex\GESLUX\EDI\test\import\app_do_20240516084648_20240516_17562832_20240517_12095892
 [17/05/24] - [12"11'19] CANCELLAZIONE RIUSCITA
 [17/05/24] - [12"11'19] LAVORAZIONE EFFETTIVA FILE: f:\lubex\GESLUX\EDI\test\backup\app_do_20240516084648_20240516_17562832_20240517_12095892_20240517_12111943
 [17/05/24] - [12"11'19] CREATO ORDINE: 2024 - 00213003
 [17/05/24] - [12"11'19]
 [17/05/24] - [12"11'19] ELABORAZIONE FILE f:\lubex\GESLUX\EDI\test\import\MAXIDI_G$3428321133_20240516_17562832_20240517_12095892
 [17/05/24] - [12"11'19] CREAZIONE FILE BACKUP : f:\lubex\GESLUX\EDI\test\backup\MAXIDI_G$3428321133_20240516_17562832_20240517_12095892_20240517_12111943
 [17/05/24] - [12"11'19] GENERAZIONE BACKUP RIUSCITA
 [17/05/24] - [12"11'19] CANCELLAZIONE FILE: f:\lubex\GESLUX\EDI\test\import\MAXIDI_G$3428321133_20240516_17562832_20240517_12095892
 [17/05/24] - [12"11'19] CANCELLAZIONE RIUSCITA
 [17/05/24] - [12"11'19] LAVORAZIONE EFFETTIVA FILE: f:\lubex\GESLUX\EDI\test\backup\MAXIDI_G$3428321133_20240516_17562832_20240517_12095892_20240517_12111943
 [17/05/24] - [12"11'19] CREATO ORDINE: 2024 - 00213004
 [17/05/24] - [12"11'19]
 [17/05/24] - [12"11'19] ELABORAZIONE FILE f:\lubex\GESLUX\EDI\test\import\OBI_D$3428106020__20240516_17562832_20240517_12095892
 [17/05/24] - [12"11'19] CREAZIONE FILE BACKUP : f:\lubex\GESLUX\EDI\test\backup\OBI_D$3428106020__20240516_17562832_20240517_12095892_20240517_12111943
 [17/05/24] - [12"11'19] GENERAZIONE BACKUP RIUSCITA
 [17/05/24] - [12"11'19] CANCELLAZIONE FILE: f:\lubex\GESLUX\EDI\test\import\OBI_D$3428106020__20240516_17562832_20240517_12095892
 [17/05/24] - [12"11'19] CANCELLAZIONE RIUSCITA
 [17/05/24] - [12"11'19] LAVORAZIONE EFFETTIVA FILE: f:\lubex\GESLUX\EDI\test\backup\OBI_D$3428106020__20240516_17562832_20240517_12095892_20240517_12111943
 [17/05/24] - [12"11'19] CREATO ORDINE: 2024 - 00213005
 [17/05/24] - [12"11'19] CREATO ORDINE: 2024 - 00213006
 [17/05/24] - [12"11'19] CREATO ORDINE: 2024 - 00213007
 [17/05/24] - [12"11'19] CREATO ORDINE: 2024 - 00213008
 [17/05/24] - [12"11'19] CREATO ORDINE: 2024 - 00213009
 [17/05/24] - [12"11'19] CREATO ORDINE: 2024 - 00213010
 [17/05/24] - [12"11'19] CREATO ORDINE: 2024 - 00213011
 [17/05/24] - [12"11'19] CREATO ORDINE: 2024 - 00213012
 [17/05/24] - [12"11'19] CREATO ORDINE: 2024 - 00213013
 [17/05/24] - [12"11'19]
 [17/05/24] - [12"11'19] ELABORAZIONE FILE f:\lubex\GESLUX\EDI\test\import\portale20240516153043_20240516_17562832_20240517_12095892
 [17/05/24] - [12"11'19] CREAZIONE FILE BACKUP : f:\lubex\GESLUX\EDI\test\backup\portale20240516153043_20240516_17562832_20240517_12095892_20240517_12111943
 [17/05/24] - [12"11'19] GENERAZIONE BACKUP RIUSCITA
 [17/05/24] - [12"11'19] CANCELLAZIONE FILE: f:\lubex\GESLUX\EDI\test\import\portale20240516153043_20240516_17562832_20240517_12095892
 [17/05/24] - [12"11'19] CANCELLAZIONE RIUSCITA
 [17/05/24] - [12"11'19] LAVORAZIONE EFFETTIVA FILE: f:\lubex\GESLUX\EDI\test\backup\portale20240516153043_20240516_17562832_20240517_12095892_20240517_12111943
 [17/05/24] - [12"11'19] CREATO ORDINE: 2024 - 00213014
 [17/05/24] - [12"11'19]
 [17/05/24] - [12"11'19] ELABORAZIONE FILE f:\lubex\GESLUX\EDI\test\import\portale20240516154542_20240516_17562832_20240517_12095892
 [17/05/24] - [12"11'19] CREAZIONE FILE BACKUP : f:\lubex\GESLUX\EDI\test\backup\portale20240516154542_20240516_17562832_20240517_12095892_20240517_12111943
 [17/05/24] - [12"11'19] GENERAZIONE BACKUP RIUSCITA
 [17/05/24] - [12"11'19] CANCELLAZIONE FILE: f:\lubex\GESLUX\EDI\test\import\portale20240516154542_20240516_17562832_20240517_12095892
 [17/05/24] - [12"11'19] CANCELLAZIONE RIUSCITA
 [17/05/24] - [12"11'19] LAVORAZIONE EFFETTIVA FILE: f:\lubex\GESLUX\EDI\test\backup\portale20240516154542_20240516_17562832_20240517_12095892_20240517_12111943
 [17/05/24] - [12"11'19] CREATO ORDINE: 2024 - 00213015
 [17/05/24] - [12"11'21]
 [17/05/24] - [12"11'21] FILES TRATTATI: 006 - OK: 006 - NON ELABORATI: 000
 [17/05/24] - [12"11'21] *** ORDINI TRATTATI: 00015 di cui 00015 da verificare ****
 [17/05/24] - [12"11'21]
 [17/05/24] - [12"11'21] ELABORAZIONE TERMINATA IN: 02 SECONDI
