 [22/04/24] - [11"31'35] INIZIO PROGRAMMA
 [22/04/24] - [11"31'36] INIZIO SOMMA VENDUTI
 [22/04/24] - [11"31'38] FINE SOMMA VENDUTI
 [22/04/24] - [11"31'38] CONTROLLO ESEGUIBILITA'
 [22/04/24] - [11"31'38] CONTROLLO ESEGUIBILITA' OK
 [22/04/24] - [11"31'38] OPEN OUTPUT TMP-FORN
 [22/04/24] - [11"31'38] OPEN OUTPUT TMP-ORDFOR
 [22/04/24] - [11"31'38] QTA-PROMO
 [22/04/24] - [11"31'38] VALORIZZA CAMPI
 [22/04/24] - [11"31'39] RIEMPI GRID
 [22/04/24] - [11"31'39] RIEMPI GRID OK
 [22/04/24] - [11"31'39] INIZIO ELABORAZIONE AUTOMATICA
 [22/04/24] - [11"31'39] INIZIO RICALCOLO
 [22/04/24] - [11"31'39] QTA STORICHE NON AGGIORNATE (1)
 [22/04/24] - [11"31'39] FINE RICALCOLO
 [22/04/24] - [11"31'39] INIZIO SCANSIONE RIGHE GRIGLIA
 [22/04/24] - [11"31'39] FORMULE DI RIFERIMENTO: N1 = ord2-giac + ordinato - ord2-promo || N2 = ( ord2-riordino - ord2-consegna ) * sco-molt-pordini
 [22/04/24] - [11"32'04] ELABORAZIONE ARTICOLO: 022304 - SCORTA: 00000003 - ORDINE AUTO: 1 - IMMEDIATO: 0 - IMPEGNATO: 0
 [22/04/24] - [11"32'21] ARTICOLO OK: N1 (1.547,00) < N2(832,00). ORD2-GIAC(1.547) + COMO-ORDINATO(0) - ORD2-PROMO(0) < ( ORD2-RIORDINO(516,00) - ORD2-CONSEGNA(308,00)) * SCO-MOLT-PORDINI(4,00)
 [22/04/24] - [11"32'44] FINE SCANSIONE RIGHE GRIGLIA
 [22/04/24] - [11"32'44] GENERAZIONE ORDINI FORNITORI
 [22/04/24] - [11"32'44] RICHIAMO PROGRAMMA CREA-ORDFOR
