 [23/08/24] - [14"56'07] INIZIO PROGRAMMA
 [23/08/24] - [14"56'07] INIZIO SOMMA VENDUTI
 [23/08/24] - [14"56'10] FINE SOMMA VENDUTI
 [23/08/24] - [14"56'10] CONTROLLO ESEGUIBILITA'
 [23/08/24] - [14"56'10] CONTROLLO ESEGUIBILITA' OK
 [23/08/24] - [14"56'10] OPEN OUTPUT TMP-FORN
 [23/08/24] - [14"56'10] OPEN OUTPUT TMP-ORDFOR
 [23/08/24] - [14"56'10] QTA-PROMO
 [23/08/24] - [14"56'13] VALORIZZA CAMPI
 [23/08/24] - [15"00'51] RIEMPI GRID
 [23/08/24] - [15"00'59] RIEMPI GRID OK
 [23/08/24] - [15"00'59] INIZIO ELABORAZIONE AUTOMATICA
 [23/08/24] - [15"00'59] INIZIO RICALCOLO
 [23/08/24] - [15"00'59] QTA STORICHE NON AGGIORNATE (1)
 [23/08/24] - [15"00'59] FINE RICALCOLO
 [23/08/24] - [15"00'59] INIZIO SCANSIONE RIGHE GRIGLIA
 [23/08/24] - [15"00'59] FORMULE DI RIFERIMENTO: N1 = ord2-giac + ordinato - ord2-promo || N2 = ( ord2-riordino - ord2-consegna ) * sco-molt-pordini
 [23/08/24] - [15"00'59] ELABORAZIONE ARTICOLO: 032929 - SCORTA: 00000000 - ORDINE AUTO: 0 - IMMEDIATO: 1 - IMPEGNATO: 0
 [23/08/24] - [15"00'59] ELABORAZIONE ARTICOLO: 002268 - SCORTA: 00000000 - ORDINE AUTO: 0 - IMMEDIATO: 1 - IMPEGNATO: 36
 [23/08/24] - [15"00'59] ELABORAZIONE ARTICOLO: 002269 - SCORTA: 00000002 - ORDINE AUTO: 0 - IMMEDIATO: 1 - IMPEGNATO: 44
 [23/08/24] - [15"00'59] ELABORAZIONE ARTICOLO: 004414 - SCORTA: 00000000 - ORDINE AUTO: 0 - IMMEDIATO: 1 - IMPEGNATO: 0
 [23/08/24] - [15"00'59] ELABORAZIONE ARTICOLO: 010082 - SCORTA: 00000000 - ORDINE AUTO: 0 - IMMEDIATO: 1 - IMPEGNATO: 12
 [23/08/24] - [15"00'59] ELABORAZIONE ARTICOLO: 037644 - SCORTA: 00000013 - ORDINE AUTO: 1 - IMMEDIATO: 0 - IMPEGNATO: 12
 [23/08/24] - [15"00'59] ARTICOLO OK: QTA MESE(05) > 0 (12)
 [23/08/24] - [15"00'59] ELABORAZIONE ARTICOLO: 037824 - SCORTA: 00000004 - ORDINE AUTO: 1 - IMMEDIATO: 1 - IMPEGNATO: 3
 [23/08/24] - [15"00'59] ARTICOLO OK: COMO-IMPEGNATO(3) + ORD2-PROMO (0)> 0
 [23/08/24] - [15"00'59] ELABORAZIONE ARTICOLO: 037825 - SCORTA: 00000004 - ORDINE AUTO: 1 - IMMEDIATO: 1 - IMPEGNATO: 4
 [23/08/24] - [15"00'59] ARTICOLO OK: COMO-IMPEGNATO(4) + ORD2-PROMO (0)> 0
 [23/08/24] - [15"00'59] ELABORAZIONE ARTICOLO: 037615 - SCORTA: 00000013 - ORDINE AUTO: 1 - IMMEDIATO: 0 - IMPEGNATO: 12
 [23/08/24] - [15"00'59] ARTICOLO OK: QTA MESE(05) > 0 (12)
 [23/08/24] - [15"00'59] ELABORAZIONE ARTICOLO: 033012 - SCORTA: 00000000 - ORDINE AUTO: 0 - IMMEDIATO: 1 - IMPEGNATO: 24
 [23/08/24] - [15"00'59] ELABORAZIONE ARTICOLO: 021959 - SCORTA: 00000000 - ORDINE AUTO: 0 - IMMEDIATO: 1 - IMPEGNATO: 1
 [23/08/24] - [15"00'59] ELABORAZIONE ARTICOLO: 011549 - SCORTA: 00000006 - ORDINE AUTO: 0 - IMMEDIATO: 1 - IMPEGNATO: 5
 [23/08/24] - [15"01'00] ELABORAZIONE ARTICOLO: 015348 - SCORTA: 00000000 - ORDINE AUTO: 0 - IMMEDIATO: 1 - IMPEGNATO: 0
 [23/08/24] - [15"01'00] ELABORAZIONE ARTICOLO: 015334 - SCORTA: 00000002 - ORDINE AUTO: 0 - IMMEDIATO: 1 - IMPEGNATO: 12
 [23/08/24] - [15"01'00] ELABORAZIONE ARTICOLO: 015335 - SCORTA: 00000000 - ORDINE AUTO: 0 - IMMEDIATO: 1 - IMPEGNATO: 6
 [23/08/24] - [15"01'00] ELABORAZIONE ARTICOLO: 022548 - SCORTA: 00000000 - ORDINE AUTO: 0 - IMMEDIATO: 1 - IMPEGNATO: 30
 [23/08/24] - [15"01'00] ELABORAZIONE ARTICOLO: 015336 - SCORTA: 00000000 - ORDINE AUTO: 0 - IMMEDIATO: 1 - IMPEGNATO: 0
 [23/08/24] - [15"01'00] ELABORAZIONE ARTICOLO: 015341 - SCORTA: 00000000 - ORDINE AUTO: 0 - IMMEDIATO: 1 - IMPEGNATO: 0
 [23/08/24] - [15"01'00] ELABORAZIONE ARTICOLO: 012487 - SCORTA: 00000000 - ORDINE AUTO: 0 - IMMEDIATO: 1 - IMPEGNATO: 0
 [23/08/24] - [15"01'00] ELABORAZIONE ARTICOLO: 022459 - SCORTA: 00000000 - ORDINE AUTO: 0 - IMMEDIATO: 1 - IMPEGNATO: 0
 [23/08/24] - [15"01'00] ELABORAZIONE ARTICOLO: 005594 - SCORTA: 00000000 - ORDINE AUTO: 0 - IMMEDIATO: 1 - IMPEGNATO: 40
 [23/08/24] - [15"01'00] ELABORAZIONE ARTICOLO: 000284 - SCORTA: 00000002 - ORDINE AUTO: 0 - IMMEDIATO: 1 - IMPEGNATO: 150
 [23/08/24] - [15"01'00] ELABORAZIONE ARTICOLO: 010625 - SCORTA: 00000000 - ORDINE AUTO: 0 - IMMEDIATO: 1 - IMPEGNATO: 24
 [23/08/24] - [15"01'00] ELABORAZIONE ARTICOLO: 006480 - SCORTA: 00000000 - ORDINE AUTO: 0 - IMMEDIATO: 1 - IMPEGNATO: 4
 [23/08/24] - [15"01'00] ELABORAZIONE ARTICOLO: 001787 - SCORTA: 00000000 - ORDINE AUTO: 0 - IMMEDIATO: 1 - IMPEGNATO: 24
 [23/08/24] - [15"01'00] ELABORAZIONE ARTICOLO: 016802 - SCORTA: 00000002 - ORDINE AUTO: 0 - IMMEDIATO: 1 - IMPEGNATO: 12
 [23/08/24] - [15"01'00] ELABORAZIONE ARTICOLO: 016775 - SCORTA: 00000002 - ORDINE AUTO: 0 - IMMEDIATO: 1 - IMPEGNATO: 336
 [23/08/24] - [15"01'00] ELABORAZIONE ARTICOLO: 021943 - SCORTA: 00000000 - ORDINE AUTO: 0 - IMMEDIATO: 1 - IMPEGNATO: 1
 [23/08/24] - [15"01'00] ELABORAZIONE ARTICOLO: 016787 - SCORTA: 00000002 - ORDINE AUTO: 0 - IMMEDIATO: 1 - IMPEGNATO: 792
 [23/08/24] - [15"01'00] ELABORAZIONE ARTICOLO: 016788 - SCORTA: 00000000 - ORDINE AUTO: 0 - IMMEDIATO: 1 - IMPEGNATO: 0
 [23/08/24] - [15"01'00] ELABORAZIONE ARTICOLO: 016794 - SCORTA: 00000002 - ORDINE AUTO: 0 - IMMEDIATO: 1 - IMPEGNATO: 48
 [23/08/24] - [15"01'00] ELABORAZIONE ARTICOLO: 016780 - SCORTA: 00000002 - ORDINE AUTO: 0 - IMMEDIATO: 1 - IMPEGNATO: 60
 [23/08/24] - [15"01'00] ELABORAZIONE ARTICOLO: 016779 - SCORTA: 00000002 - ORDINE AUTO: 0 - IMMEDIATO: 1 - IMPEGNATO: 0
 [23/08/24] - [15"01'00] ELABORAZIONE ARTICOLO: 016792 - SCORTA: 00000002 - ORDINE AUTO: 0 - IMMEDIATO: 1 - IMPEGNATO: 132
 [23/08/24] - [15"01'00] ELABORAZIONE ARTICOLO: 008462 - SCORTA: 00000000 - ORDINE AUTO: 0 - IMMEDIATO: 1 - IMPEGNATO: 12
 [23/08/24] - [15"01'00] ELABORAZIONE ARTICOLO: 015452 - SCORTA: 00000000 - ORDINE AUTO: 0 - IMMEDIATO: 1 - IMPEGNATO: 48
 [23/08/24] - [15"01'00] ELABORAZIONE ARTICOLO: 015450 - SCORTA: 00000000 - ORDINE AUTO: 0 - IMMEDIATO: 1 - IMPEGNATO: 54
 [23/08/24] - [15"01'00] ELABORAZIONE ARTICOLO: 015455 - SCORTA: 00000002 - ORDINE AUTO: 0 - IMMEDIATO: 1 - IMPEGNATO: 210
 [23/08/24] - [15"01'00] ELABORAZIONE ARTICOLO: 022279 - SCORTA: 00000000 - ORDINE AUTO: 0 - IMMEDIATO: 1 - IMPEGNATO: 12
 [23/08/24] - [15"01'00] ELABORAZIONE ARTICOLO: 028158 - SCORTA: 00000000 - ORDINE AUTO: 0 - IMMEDIATO: 1 - IMPEGNATO: 2
 [23/08/24] - [15"01'00] FINE SCANSIONE RIGHE GRIGLIA
 [23/08/24] - [15"01'00] GENERAZIONE ORDINI FORNITORI
 [23/08/24] - [15"01'00] RICHIAMO PROGRAMMA CREA-ORDFOR
 [23/08/24] - [15"12'14] FINE RICHIAMO PROGRAMMA CREA-ORDFOR
 [23/08/24] - [15"12'14] NESSUN MOVIMENTO GENERATO
 [23/08/24] - [15"12'14] FINE GENERAZIONE ORDINI FORNITORI
 [23/08/24] - [15"12'14] FINE ELABORAZIONE AUTOMATICA
 [23/08/24] - [15"12'14] FINE PROGRAMMA
