 [29/10/22] - [00"46'07] INIZIO PROGRAMMA
 [29/10/22] - [00"46'07] INIZIO SOMMA VENDUTI
 [29/10/22] - [00"46'08] FINE SOMMA VENDUTI
 [29/10/22] - [00"46'08] CONTROLLO ESEGUIBILITA'
 [29/10/22] - [00"46'08] CONTROLLO ESEGUIBILITA' OK
 [29/10/22] - [00"46'08] OPEN OUTPUT TMP-FORN
 [29/10/22] - [00"46'08] OPEN OUTPUT TMP-ORDFOR
 [29/10/22] - [00"46'08] QTA-PROMO
 [29/10/22] - [00"46'11] VALORIZZA CAMPI
 [29/10/22] - [00"46'12] RIEMPI GRID
 [29/10/22] - [00"46'12] RIEMPI GRID OK
 [29/10/22] - [00"46'12] INIZIO ELABORAZIONE AUTOMATICA
 [29/10/22] - [00"46'12] INIZIO RICALCOLO
 [29/10/22] - [00"46'12] QTA STORICHE NON AGGIORNATE (1)
 [29/10/22] - [00"46'12] FINE RICALCOLO
 [29/10/22] - [00"46'12] INIZIO SCANSIONE RIGHE GRIGLIA
 [29/10/22] - [00"46'12] FORMULE DI RIFERIMENTO: N1 = ord2-giac + ordinato - ord2-promo || N2 = ( ord2-riordino - ord2-consegna ) * sco-molt-pordini
 [29/10/22] - [00"46'12] ELABORAZIONE ARTICOLO: 029752 - SCORTA: 00000003 - ORDINE AUTO: 1 - IMMEDIATO: 0 - IMPEGNATO: 0
 [29/10/22] - [00"46'12] ARTICOLO OK.  - N1 (336,00) < N2(624,00). ORD2-GIAC(852) + COMO-ORDINATO(0) - ORD2-PROMO(516) < ( ORD2-RIORDINO(489,00) - ORD2-CONSEGNA(333,00)) * SCO-MOLT-PORDINI(4,00)
 [29/10/22] - [00"46'12] FINE SCANSIONE RIGHE GRIGLIA
 [29/10/22] - [00"46'12] GENERAZIONE ORDINI FORNITORI
 [29/10/22] - [00"46'12] RICHIAMO PROGRAMMA CREA-ORDFOR
 [29/10/22] - [00"46'19] FINE RICHIAMO PROGRAMMA CREA-ORDFOR
 [29/10/22] - [00"46'19] STAMPE ORDINI
