 [04/01/23] - [15"41'48] INIZIO ELABORAZIONE
 [04/01/23] - [15"41'48] CONTROLLO ESISTENZA CARTELLE OK
 [04/01/23] - [15"41'48]
 [04/01/23] - [15"41'48] ELABORAZIONE FILE f:\lubex\GESLUX\EDI\test\import\COOPCNNA_G$3228990413_20230104_01364008
 [04/01/23] - [15"41'48] CREAZIONE FILE BACKUP : f:\lubex\GESLUX\EDI\test\backup\COOPCNNA_G$3228990413_20230104_01364008_20230104_15414892
 [04/01/23] - [15"41'48] GENERAZIONE BACKUP RIUSCITA
 [04/01/23] - [15"41'48] CANCELLAZIONE FILE: f:\lubex\GESLUX\EDI\test\import\COOPCNNA_G$3228990413_20230104_01364008
 [04/01/23] - [15"41'48] CANCELLAZIONE RIUSCITA
 [04/01/23] - [15"41'48] LAVORAZIONE EFFETTIVA FILE: f:\lubex\GESLUX\EDI\test\backup\COOPCNNA_G$3228990413_20230104_01364008_20230104_15414892
 [04/01/23] - [15"41'48] CREATO ORDINE: 2022 - 00154928
 [04/01/23] - [15"41'48]
 [04/01/23] - [15"41'48] ELABORAZIONE FILE f:\lubex\GESLUX\EDI\test\import\COOPCNNA_G$3228990422_20230104_01364008
 [04/01/23] - [15"41'48] CREAZIONE FILE BACKUP : f:\lubex\GESLUX\EDI\test\backup\COOPCNNA_G$3228990422_20230104_01364008_20230104_15414892
 [04/01/23] - [15"41'48] GENERAZIONE BACKUP RIUSCITA
 [04/01/23] - [15"41'48] CANCELLAZIONE FILE: f:\lubex\GESLUX\EDI\test\import\COOPCNNA_G$3228990422_20230104_01364008
 [04/01/23] - [15"41'48] CANCELLAZIONE RIUSCITA
 [04/01/23] - [15"41'48] LAVORAZIONE EFFETTIVA FILE: f:\lubex\GESLUX\EDI\test\backup\COOPCNNA_G$3228990422_20230104_01364008_20230104_15414892
 [04/01/23] - [15"41'48] CREATO ORDINE: 2022 - 00154929
 [04/01/23] - [15"41'48]
 [04/01/23] - [15"41'48] FILES TRATTATI: 002 - OK: 002 - NON ELABORATI: 000
 [04/01/23] - [15"41'48] *** ORDINI TRATTATI: 00003 di cui 00003 da verificare ****
 [04/01/23] - [15"41'48]
 [04/01/23] - [15"41'48] ELABORAZIONE TERMINATA IN: 00 SECONDI
