 [25/11/19] - [14"52'05] INIZIO PROGRAMMA
 [25/11/19] - [14"52'05] INIZIO SOMMA VENDUTI
 [25/11/19] - [14"52'07] FINE SOMMA VENDUTI
 [25/11/19] - [14"52'07] CONTROLLO ESEGUIBILITA'
 [25/11/19] - [14"52'07] CONTROLLO ESEGUIBILITA' OK
 [25/11/19] - [14"52'07] OPEN OUTPUT TMP-FORN
 [25/11/19] - [14"52'07] OPEN OUTPUT TMP-ORDFOR
 [25/11/19] - [14"52'07] QTA-PROMO
 [25/11/19] - [14"52'12] VALORIZZA CAMPI
 [25/11/19] - [14"53'51] RIEMPI GRID
 [25/11/19] - [14"53'54] RIEMPI GRID OK
 [25/11/19] - [14"53'54] INIZIO ELABORAZIONE AUTOMATICA
 [25/11/19] - [14"53'54] INIZIO RICALCOLO
 [25/11/19] - [14"54'03] FINE RICALCOLO
 [25/11/19] - [14"54'03] OPEN OUTPUT TMP-FORN
 [25/11/19] - [14"54'03] OPEN OUTPUT TMP-ORDFOR
 [25/11/19] - [14"54'03] QTA-PROMO
 [25/11/19] - [14"54'09] VALORIZZA CAMPI
 [25/11/19] - [14"55'48] RIEMPI GRID
 [25/11/19] - [14"55'56] RIEMPI GRID OK
 [25/11/19] - [14"55'56] INIZIO SCANSIONE RIGHE GRIGLIA
 [25/11/19] - [14"55'56] FINE SCANSIONE RIGHE GRIGLIA
 [25/11/19] - [14"55'57] GENERAZIONE ORDINI FORNITORI
 [25/11/19] - [14"55'57] RICHIAMO PROGRAMMA CREA-ORDFOR
 [25/11/19] - [14"56'06] FINE RICHIAMO PROGRAMMA CREA-ORDFOR
 [25/11/19] - [14"56'06] STAMPE ORDINI
