 [17/05/24] - [12"12'40] INIZIO ELABORAZIONE
 [17/05/24] - [12"12'40] CONTROLLO ESISTENZA CARTELLE OK
 [17/05/24] - [12"12'40]
 [17/05/24] - [12"12'40] ELABORAZIONE FILE f:\lubex\GESLUX\EDI\test\import\MAXIDI_G$3428321133_20240516_17562832_20240517_12095892
 [17/05/24] - [12"12'40] CREAZIONE FILE BACKUP : f:\lubex\GESLUX\EDI\test\backup\MAXIDI_G$3428321133_20240516_17562832_20240517_12095892_20240517_12124019
 [17/05/24] - [12"12'40] GENERAZIONE BACKUP RIUSCITA
 [17/05/24] - [12"12'40] CANCELLAZIONE FILE: f:\lubex\GESLUX\EDI\test\import\MAXIDI_G$3428321133_20240516_17562832_20240517_12095892
 [17/05/24] - [12"12'40] CANCELLAZIONE RIUSCITA
 [17/05/24] - [12"12'40] LAVORAZIONE EFFETTIVA FILE: f:\lubex\GESLUX\EDI\test\backup\MAXIDI_G$3428321133_20240516_17562832_20240517_12095892_20240517_12124019
 [17/05/24] - [12"12'40] CREATO ORDINE: 2024 - 00213019
 [17/05/24] - [12"12'40]
 [17/05/24] - [12"12'40] ELABORAZIONE FILE f:\lubex\GESLUX\EDI\test\import\OBI_D$3428106020__20240516_17562832_20240517_12095892
 [17/05/24] - [12"12'40] CREAZIONE FILE BACKUP : f:\lubex\GESLUX\EDI\test\backup\OBI_D$3428106020__20240516_17562832_20240517_12095892_20240517_12124019
 [17/05/24] - [12"12'40] GENERAZIONE BACKUP RIUSCITA
 [17/05/24] - [12"12'40] CANCELLAZIONE FILE: f:\lubex\GESLUX\EDI\test\import\OBI_D$3428106020__20240516_17562832_20240517_12095892
 [17/05/24] - [12"12'40] CANCELLAZIONE RIUSCITA
 [17/05/24] - [12"12'40] LAVORAZIONE EFFETTIVA FILE: f:\lubex\GESLUX\EDI\test\backup\OBI_D$3428106020__20240516_17562832_20240517_12095892_20240517_12124019
 [17/05/24] - [12"12'40] CREATO ORDINE: 2024 - 00213020
 [17/05/24] - [12"12'40] CREATO ORDINE: 2024 - 00213021
 [17/05/24] - [12"12'40] CREATO ORDINE: 2024 - 00213022
 [17/05/24] - [12"12'40] CREATO ORDINE: 2024 - 00213023
 [17/05/24] - [12"12'40] CREATO ORDINE: 2024 - 00213024
 [17/05/24] - [12"12'40] CREATO ORDINE: 2024 - 00213025
 [17/05/24] - [12"12'40] CREATO ORDINE: 2024 - 00213026
 [17/05/24] - [12"12'40] CREATO ORDINE: 2024 - 00213027
 [17/05/24] - [12"12'40] CREATO ORDINE: 2024 - 00213028
 [17/05/24] - [12"12'40]
 [17/05/24] - [12"12'40] ELABORAZIONE FILE f:\lubex\GESLUX\EDI\test\import\portale20240516153043_20240516_17562832_20240517_12095892
 [17/05/24] - [12"12'40] CREAZIONE FILE BACKUP : f:\lubex\GESLUX\EDI\test\backup\portale20240516153043_20240516_17562832_20240517_12095892_20240517_12124019
 [17/05/24] - [12"12'40] GENERAZIONE BACKUP RIUSCITA
 [17/05/24] - [12"12'40] CANCELLAZIONE FILE: f:\lubex\GESLUX\EDI\test\import\portale20240516153043_20240516_17562832_20240517_12095892
 [17/05/24] - [12"12'40] CANCELLAZIONE RIUSCITA
 [17/05/24] - [12"12'40] LAVORAZIONE EFFETTIVA FILE: f:\lubex\GESLUX\EDI\test\backup\portale20240516153043_20240516_17562832_20240517_12095892_20240517_12124019
 [17/05/24] - [12"12'40] CREATO ORDINE: 2024 - 00213029
 [17/05/24] - [12"12'41]
 [17/05/24] - [12"12'41] FILES TRATTATI: 003 - OK: 003 - NON ELABORATI: 000
 [17/05/24] - [12"12'41] *** ORDINI TRATTATI: 00012 di cui 00012 da verificare ****
 [17/05/24] - [12"12'41]
 [17/05/24] - [12"12'41] ELABORAZIONE TERMINATA IN: 01 SECONDI
