 [29/09/22] - [10"52'37] INIZIO PROGRAMMA
 [29/09/22] - [10"52'37] INIZIO SOMMA VENDUTI
 [29/09/22] - [10"52'40] FINE SOMMA VENDUTI
 [29/09/22] - [10"52'40] CONTROLLO ESEGUIBILITA'
 [29/09/22] - [10"52'40] CONTROLLO ESEGUIBILITA' OK
 [29/09/22] - [10"52'40] OPEN OUTPUT TMP-FORN
 [29/09/22] - [10"52'40] OPEN OUTPUT TMP-ORDFOR
 [29/09/22] - [10"52'40] QTA-PROMO
 [29/09/22] - [10"52'44] VALORIZZA CAMPI
 [29/09/22] - [10"56'09] RIEMPI GRID
 [29/09/22] - [10"56'14] RIEMPI GRID OK
 [29/09/22] - [10"56'14] INIZIO ELABORAZIONE AUTOMATICA
 [29/09/22] - [10"56'14] INIZIO RICALCOLO
 [29/09/22] - [10"56'14] QTA STORICHE NON AGGIORNATE (1)
 [29/09/22] - [10"56'14] FINE RICALCOLO
 [29/09/22] - [10"56'14] INIZIO SCANSIONE RIGHE GRIGLIA
 [29/09/22] - [10"56'14] ELABORAZIONE ARTICOLO: 013509 - SCORTA: 00000012 - ORDINE AUTO: 0 - IMMEDIATO: 0 - IMPEGNATO: 1.280
 [29/09/22] - [10"56'14] ELABORAZIONE ARTICOLO: 013511 - SCORTA: 00000012 - ORDINE AUTO: 0 - IMMEDIATO: 0 - IMPEGNATO: 896
 [29/09/22] - [10"56'14] ELABORAZIONE ARTICOLO: 034761 - SCORTA: 00000004 - ORDINE AUTO: 1 - IMMEDIATO: 1 - IMPEGNATO:
 [29/09/22] - [10"56'14] ELABORAZIONE ARTICOLO: 034885 - SCORTA: 00000001 - ORDINE AUTO: 1 - IMMEDIATO: 0 - IMPEGNATO: 7
 [29/09/22] - [10"56'14] ARTICOLO KO.  - N1 (                 <00,00) >= N2(-3,00). ORD2-GIAC(-3) + COMO-ORDINATO(                       ) - ORD2-PROMO(                       ) >= ( ORD2-RIORDINO(1,00) - ORD2-CONSEGNA(                       )) * SCO-MOLT-PORDINI(2,00)
 [29/09/22] - [10"56'14] ELABORAZIONE ARTICOLO: 004174 - SCORTA: 00000001 - ORDINE AUTO: 1 - IMMEDIATO: 0 - IMPEGNATO: 576
 [29/09/22] - [10"56'14] ARTICOLO OK.  - N1 (                 <00,00) < N2(264,00). ORD2-GIAC(-504) + COMO-ORDINATO(768) - ORD2-PROMO(                       ) < ( ORD2-RIORDINO(397,00) - ORD2-CONSEGNA(                       )) * SCO-MOLT-PORDINI(2,00)
 [29/09/22] - [10"56'14] ELABORAZIONE ARTICOLO: 004176 - SCORTA: 00000001 - ORDINE AUTO: 1 - IMMEDIATO: 0 - IMPEGNATO: 384
 [29/09/22] - [10"56'14] ARTICOLO OK.  - N1 (                 <00,00) < N2(288,00). ORD2-GIAC(-336) + COMO-ORDINATO(648) - ORD2-PROMO(24) < ( ORD2-RIORDINO(329,00) - ORD2-CONSEGNA(                       )) * SCO-MOLT-PORDINI(2,00)
 [29/09/22] - [10"56'14] ELABORAZIONE ARTICOLO: 034875 - SCORTA: 00000001 - ORDINE AUTO: 1 - IMMEDIATO: 0 - IMPEGNATO: 744
 [29/09/22] - [10"56'14] ARTICOLO OK.  - N1 (                 <00,00) < N2(264,00). ORD2-GIAC(-480) + COMO-ORDINATO(816) - ORD2-PROMO(72) < ( ORD2-RIORDINO(327,00) - ORD2-CONSEGNA(                       )) * SCO-MOLT-PORDINI(2,00)
 [29/09/22] - [10"56'14] ELABORAZIONE ARTICOLO: 004171 - SCORTA: 00000001 - ORDINE AUTO: 1 - IMMEDIATO: 0 - IMPEGNATO: 528
 [29/09/22] - [10"56'14] ARTICOLO OK.  - N1 (                 <00,00) < N2(264,00). ORD2-GIAC(-432) + COMO-ORDINATO(696) - ORD2-PROMO(72) < ( ORD2-RIORDINO(345,00) - ORD2-CONSEGNA(                       )) * SCO-MOLT-PORDINI(2,00)
 [29/09/22] - [10"56'14] ELABORAZIONE ARTICOLO: 004172 - SCORTA: 00000001 - ORDINE AUTO: 1 - IMMEDIATO: 0 - IMPEGNATO: 768
 [29/09/22] - [10"56'14] ARTICOLO OK.  - N1 (                 <00,00) < N2(240,00). ORD2-GIAC(-696) + COMO-ORDINATO(960) - ORD2-PROMO(24) < ( ORD2-RIORDINO(422,00) - ORD2-CONSEGNA(                       )) * SCO-MOLT-PORDINI(2,00)
 [29/09/22] - [10"56'14] ELABORAZIONE ARTICOLO: 031305 - SCORTA: 00000012 - ORDINE AUTO: 0 - IMMEDIATO: 0 - IMPEGNATO:
 [29/09/22] - [10"56'14] ELABORAZIONE ARTICOLO: 031304 - SCORTA: 00000012 - ORDINE AUTO: 0 - IMMEDIATO: 0 - IMPEGNATO:
 [29/09/22] - [10"56'14] ELABORAZIONE ARTICOLO: 031306 - SCORTA: 00000012 - ORDINE AUTO: 0 - IMMEDIATO: 0 - IMPEGNATO:
 [29/09/22] - [10"56'14] ELABORAZIONE ARTICOLO: 031307 - SCORTA: 00000012 - ORDINE AUTO: 0 - IMMEDIATO: 0 - IMPEGNATO:
 [29/09/22] - [10"56'15] ELABORAZIONE ARTICOLO: 025134 - SCORTA: 00000012 - ORDINE AUTO: 0 - IMMEDIATO: 0 - IMPEGNATO:
 [29/09/22] - [10"56'15] ELABORAZIONE ARTICOLO: 025133 - SCORTA: 00000012 - ORDINE AUTO: 0 - IMMEDIATO: 0 - IMPEGNATO:
 [29/09/22] - [10"56'15] ELABORAZIONE ARTICOLO: 025132 - SCORTA: 00000012 - ORDINE AUTO: 0 - IMMEDIATO: 0 - IMPEGNATO:
 [29/09/22] - [10"56'15] ELABORAZIONE ARTICOLO: 025135 - SCORTA: 00000012 - ORDINE AUTO: 0 - IMMEDIATO: 0 - IMPEGNATO:
 [29/09/22] - [10"56'15] ELABORAZIONE ARTICOLO: 025136 - SCORTA: 00000012 - ORDINE AUTO: 0 - IMMEDIATO: 0 - IMPEGNATO:
 [29/09/22] - [10"56'15] ELABORAZIONE ARTICOLO: 025137 - SCORTA: 00000012 - ORDINE AUTO: 0 - IMMEDIATO: 0 - IMPEGNATO:
 [29/09/22] - [10"56'15] ELABORAZIONE ARTICOLO: 025144 - SCORTA: 00000012 - ORDINE AUTO: 0 - IMMEDIATO: 0 - IMPEGNATO:
 [29/09/22] - [10"56'15] ELABORAZIONE ARTICOLO: 025143 - SCORTA: 00000012 - ORDINE AUTO: 0 - IMMEDIATO: 0 - IMPEGNATO:
 [29/09/22] - [10"56'15] ELABORAZIONE ARTICOLO: 025145 - SCORTA: 00000012 - ORDINE AUTO: 0 - IMMEDIATO: 0 - IMPEGNATO:
 [29/09/22] - [10"56'15] ELABORAZIONE ARTICOLO: 021731 - SCORTA: 00000001 - ORDINE AUTO: 1 - IMMEDIATO: 0 - IMPEGNATO: 70
 [29/09/22] - [10"56'15] ARTICOLO OK.  - N1 () < N2(77,00). ORD2-GIAC(77) + COMO-ORDINATO(960) - ORD2-PROMO(24) < ( ORD2-RIORDINO(60,00) - ORD2-CONSEGNA(38,00)) * SCO-MOLT-PORDINI(2,00)
 [29/09/22] - [10"56'15] ELABORAZIONE ARTICOLO: 011625 - SCORTA: 00000001 - ORDINE AUTO: 1 - IMMEDIATO: 0 - IMPEGNATO: 204
 [29/09/22] - [10"56'15] ARTICOLO KO.  - N1 () >= N2(-201,00). ORD2-GIAC(-201) + COMO-ORDINATO(960) - ORD2-PROMO(24) >= ( ORD2-RIORDINO(159,00) - ORD2-CONSEGNA(88,00)) * SCO-MOLT-PORDINI(2,00)
 [29/09/22] - [10"56'15] ELABORAZIONE ARTICOLO: 001111 - SCORTA: 00000000 - ORDINE AUTO: 0 - IMMEDIATO: 1 - IMPEGNATO:
 [29/09/22] - [10"56'15] ELABORAZIONE ARTICOLO: 001112 - SCORTA: 00000001 - ORDINE AUTO: 1 - IMMEDIATO: 0 - IMPEGNATO: 90
 [29/09/22] - [10"56'15] ARTICOLO OK.  - N1 () < N2(260,00). ORD2-GIAC(260) + COMO-ORDINATO(960) - ORD2-PROMO(24) < ( ORD2-RIORDINO(334,00) - ORD2-CONSEGNA(187,00)) * SCO-MOLT-PORDINI(2,00)
 [29/09/22] - [10"56'15] ELABORAZIONE ARTICOLO: 001184 - SCORTA: 00000007 - ORDINE AUTO: 1 - IMMEDIATO: 0 - IMPEGNATO: 180
 [29/09/22] - [10"56'15] ARTICOLO OK.  - N1 () < N2(2.733,00). ORD2-GIAC(2.733) + COMO-ORDINATO(960) - ORD2-PROMO(24) < ( ORD2-RIORDINO(989,00) - ORD2-CONSEGNA(700,00)) * SCO-MOLT-PORDINI(4,00)
 [29/09/22] - [10"56'15] ELABORAZIONE ARTICOLO: 001904 - SCORTA: 00000007 - ORDINE AUTO: 1 - IMMEDIATO: 0 - IMPEGNATO: 40
 [29/09/22] - [10"56'15] ARTICOLO OK.  - N1 () < N2(420,00). ORD2-GIAC(420) + COMO-ORDINATO(960) - ORD2-PROMO(24) < ( ORD2-RIORDINO(158,00) - ORD2-CONSEGNA(92,00)) * SCO-MOLT-PORDINI(4,00)
 [29/09/22] - [10"56'15] ELABORAZIONE ARTICOLO: 001725 - SCORTA: 00000007 - ORDINE AUTO: 1 - IMMEDIATO: 0 - IMPEGNATO:
 [29/09/22] - [10"56'15] ARTICOLO OK.  - N1 () < N2(90,00). ORD2-GIAC(30) + COMO-ORDINATO(60) - ORD2-PROMO(24) < ( ORD2-RIORDINO(121,00) - ORD2-CONSEGNA(48,00)) * SCO-MOLT-PORDINI(4,00)
 [29/09/22] - [10"56'15] ELABORAZIONE ARTICOLO: 001180 - SCORTA: 00000007 - ORDINE AUTO: 1 - IMMEDIATO: 0 - IMPEGNATO: 1.412
 [29/09/22] - [10"56'15] ARTICOLO OK.  - N1 () < N2(6.553,00). ORD2-GIAC(6.643) + COMO-ORDINATO(60) - ORD2-PROMO(90) < ( ORD2-RIORDINO(3.008,00) - ORD2-CONSEGNA(2.532,00)) * SCO-MOLT-PORDINI(4,00)
 [29/09/22] - [10"56'15] ELABORAZIONE ARTICOLO: 001702 - SCORTA: 00000007 - ORDINE AUTO: 1 - IMMEDIATO: 0 - IMPEGNATO: 312
 [29/09/22] - [10"56'15] ARTICOLO OK.  - N1 () < N2(692,00). ORD2-GIAC(692) + COMO-ORDINATO(60) - ORD2-PROMO(90) < ( ORD2-RIORDINO(454,00) - ORD2-CONSEGNA(285,00)) * SCO-MOLT-PORDINI(4,00)
 [29/09/22] - [10"56'15] ELABORAZIONE ARTICOLO: 001718 - SCORTA: 00000007 - ORDINE AUTO: 1 - IMMEDIATO: 0 - IMPEGNATO: 270
 [29/09/22] - [10"56'15] ARTICOLO OK.  - N1 () < N2(490,00). ORD2-GIAC(490) + COMO-ORDINATO(60) - ORD2-PROMO(90) < ( ORD2-RIORDINO(263,00) - ORD2-CONSEGNA(156,00)) * SCO-MOLT-PORDINI(4,00)
 [29/09/22] - [10"56'15] ELABORAZIONE ARTICOLO: 006576 - SCORTA: 00000007 - ORDINE AUTO: 1 - IMMEDIATO: 0 - IMPEGNATO: 260
 [29/09/22] - [10"56'15] ARTICOLO OK.  - N1 () < N2(170,00). ORD2-GIAC(170) + COMO-ORDINATO(60) - ORD2-PROMO(90) < ( ORD2-RIORDINO(227,00) - ORD2-CONSEGNA(128,00)) * SCO-MOLT-PORDINI(4,00)
 [29/09/22] - [10"56'15] ELABORAZIONE ARTICOLO: 010199 - SCORTA: 00000007 - ORDINE AUTO: 1 - IMMEDIATO: 0 - IMPEGNATO: 590
 [29/09/22] - [10"56'15] ARTICOLO OK.  - N1 () < N2(1.019,00). ORD2-GIAC(1.019) + COMO-ORDINATO(60) - ORD2-PROMO(90) < ( ORD2-RIORDINO(544,00) - ORD2-CONSEGNA(411,00)) * SCO-MOLT-PORDINI(4,00)
 [29/09/22] - [10"56'15] ELABORAZIONE ARTICOLO: 004708 - SCORTA: 00000001 - ORDINE AUTO: 1 - IMMEDIATO: 0 - IMPEGNATO: 1.782
 [29/09/22] - [10"56'15] ARTICOLO OK.  - N1 () < N2(1.835,00). ORD2-GIAC(1.935) + COMO-ORDINATO(60) - ORD2-PROMO(100) < ( ORD2-RIORDINO(1.340,00) - ORD2-CONSEGNA(1.077,00)) * SCO-MOLT-PORDINI(2,00)
 [29/09/22] - [10"56'15] ELABORAZIONE ARTICOLO: 004711 - SCORTA: 00000001 - ORDINE AUTO: 1 - IMMEDIATO: 0 - IMPEGNATO: 817
 [29/09/22] - [10"56'15] ARTICOLO OK.  - N1 () < N2(1.373,00). ORD2-GIAC(1.448) + COMO-ORDINATO(60) - ORD2-PROMO(75) < ( ORD2-RIORDINO(807,00) - ORD2-CONSEGNA(554,00)) * SCO-MOLT-PORDINI(2,00)
 [29/09/22] - [10"56'15] ELABORAZIONE ARTICOLO: 029626 - SCORTA: 00000001 - ORDINE AUTO: 1 - IMMEDIATO: 0 - IMPEGNATO: 10
 [29/09/22] - [10"56'15] ARTICOLO OK.  - N1 () < N2(70,00). ORD2-GIAC(70) + COMO-ORDINATO(60) - ORD2-PROMO(75) < ( ORD2-RIORDINO(71,00) - ORD2-CONSEGNA(50,00)) * SCO-MOLT-PORDINI(2,00)
 [29/09/22] - [10"56'15] ELABORAZIONE ARTICOLO: 021549 - SCORTA: 00000001 - ORDINE AUTO: 1 - IMMEDIATO: 0 - IMPEGNATO:
 [29/09/22] - [10"56'15] ARTICOLO OK.  - N1 () < N2(15,00). ORD2-GIAC(15) + COMO-ORDINATO(60) - ORD2-PROMO(75) < ( ORD2-RIORDINO(13,00) - ORD2-CONSEGNA(6,00)) * SCO-MOLT-PORDINI(2,00)
 [29/09/22] - [10"56'15] ELABORAZIONE ARTICOLO: 021550 - SCORTA: 00000001 - ORDINE AUTO: 1 - IMMEDIATO: 0 - IMPEGNATO:
 [29/09/22] - [10"56'15] ARTICOLO OK.  - N1 () < N2(20,00). ORD2-GIAC(20) + COMO-ORDINATO(60) - ORD2-PROMO(75) < ( ORD2-RIORDINO(14,00) - ORD2-CONSEGNA(7,00)) * SCO-MOLT-PORDINI(2,00)
 [29/09/22] - [10"56'15] ELABORAZIONE ARTICOLO: 021552 - SCORTA: 00000001 - ORDINE AUTO: 1 - IMMEDIATO: 0 - IMPEGNATO:
 [29/09/22] - [10"56'15] ARTICOLO OK.  - N1 () < N2(5,00). ORD2-GIAC(5) + COMO-ORDINATO(60) - ORD2-PROMO(75) < ( ORD2-RIORDINO(7,00) - ORD2-CONSEGNA(3,00)) * SCO-MOLT-PORDINI(2,00)
 [29/09/22] - [10"56'15] ELABORAZIONE ARTICOLO: 021556 - SCORTA: 00000001 - ORDINE AUTO: 1 - IMMEDIATO: 0 - IMPEGNATO:
 [29/09/22] - [10"56'15] ARTICOLO OK.  - N1 () < N2(40,00). ORD2-GIAC(40) + COMO-ORDINATO(60) - ORD2-PROMO(75) < ( ORD2-RIORDINO(7,00) - ORD2-CONSEGNA(3,00)) * SCO-MOLT-PORDINI(2,00)
 [29/09/22] - [10"56'15] ELABORAZIONE ARTICOLO: 021558 - SCORTA: 00000001 - ORDINE AUTO: 1 - IMMEDIATO: 0 - IMPEGNATO:
 [29/09/22] - [10"56'15] ARTICOLO OK.  - N1 () < N2(40,00). ORD2-GIAC(40) + COMO-ORDINATO(60) - ORD2-PROMO(75) < ( ORD2-RIORDINO(27,00) - ORD2-CONSEGNA(13,00)) * SCO-MOLT-PORDINI(2,00)
 [29/09/22] - [10"56'15] ELABORAZIONE ARTICOLO: 029647 - SCORTA: 00000001 - ORDINE AUTO: 1 - IMMEDIATO: 0 - IMPEGNATO:
 [29/09/22] - [10"56'15] ARTICOLO OK.  - N1 () < N2(25,00). ORD2-GIAC(25) + COMO-ORDINATO(60) - ORD2-PROMO(75) < ( ORD2-RIORDINO(23,00) - ORD2-CONSEGNA(14,00)) * SCO-MOLT-PORDINI(2,00)
 [29/09/22] - [10"56'15] ELABORAZIONE ARTICOLO: 029648 - SCORTA: 00000001 - ORDINE AUTO: 1 - IMMEDIATO: 0 - IMPEGNATO:
 [29/09/22] - [10"56'15] ARTICOLO OK.  - N1 () < N2(10,00). ORD2-GIAC(10) + COMO-ORDINATO(60) - ORD2-PROMO(75) < ( ORD2-RIORDINO(19,00) - ORD2-CONSEGNA(11,00)) * SCO-MOLT-PORDINI(2,00)
 [29/09/22] - [10"56'15] ELABORAZIONE ARTICOLO: 001183 - SCORTA: 00000007 - ORDINE AUTO: 1 - IMMEDIATO: 0 - IMPEGNATO: 1.160
 [29/09/22] - [10"56'15] ARTICOLO OK.  - N1 () < N2(1.250,00). ORD2-GIAC(140) + COMO-ORDINATO(1.110) - ORD2-PROMO(75) < ( ORD2-RIORDINO(798,00) - ORD2-CONSEGNA(438,00)) * SCO-MOLT-PORDINI(4,00)
 [29/09/22] - [10"56'15] ELABORAZIONE ARTICOLO: 001193 - SCORTA: 00000007 - ORDINE AUTO: 1 - IMMEDIATO: 0 - IMPEGNATO: 860
 [29/09/22] - [10"56'15] ARTICOLO OK.  - N1 () < N2(1.470,00). ORD2-GIAC(-850) + COMO-ORDINATO(2.320) - ORD2-PROMO(75) < ( ORD2-RIORDINO(1.084,00) - ORD2-CONSEGNA(649,00)) * SCO-MOLT-PORDINI(4,00)
 [29/09/22] - [10"56'15] ELABORAZIONE ARTICOLO: 031700 - SCORTA: 00000007 - ORDINE AUTO: 1 - IMMEDIATO: 0 - IMPEGNATO: 10
 [29/09/22] - [10"56'15] ARTICOLO OK.  - N1 () < N2(130,00). ORD2-GIAC(130) + COMO-ORDINATO(2.320) - ORD2-PROMO(75) < ( ORD2-RIORDINO(60,00) - ORD2-CONSEGNA(49,00)) * SCO-MOLT-PORDINI(4,00)
 [29/09/22] - [10"56'15] ELABORAZIONE ARTICOLO: 001195 - SCORTA: 00000007 - ORDINE AUTO: 1 - IMMEDIATO: 0 - IMPEGNATO: 1.180
 [29/09/22] - [10"56'15] ARTICOLO KO.  - N1 () >= N2(-1.162,00). ORD2-GIAC(-1.162) + COMO-ORDINATO(2.320) - ORD2-PROMO(75) >= ( ORD2-RIORDINO(1.046,00) - ORD2-CONSEGNA(583,00)) * SCO-MOLT-PORDINI(4,00)
 [29/09/22] - [10"56'15] ELABORAZIONE ARTICOLO: 001196 - SCORTA: 00000007 - ORDINE AUTO: 1 - IMMEDIATO: 0 - IMPEGNATO: 382
 [29/09/22] - [10"56'15] ARTICOLO OK.  - N1 () < N2(1.598,00). ORD2-GIAC(1.598) + COMO-ORDINATO(2.320) - ORD2-PROMO(75) < ( ORD2-RIORDINO(887,00) - ORD2-CONSEGNA(705,00)) * SCO-MOLT-PORDINI(4,00)
 [29/09/22] - [10"56'15] ELABORAZIONE ARTICOLO: 031709 - SCORTA: 00000007 - ORDINE AUTO: 1 - IMMEDIATO: 0 - IMPEGNATO: 10
 [29/09/22] - [10"56'15] ARTICOLO OK.  - N1 () < N2(110,00). ORD2-GIAC(110) + COMO-ORDINATO(2.320) - ORD2-PROMO(75) < ( ORD2-RIORDINO(55,00) - ORD2-CONSEGNA(34,00)) * SCO-MOLT-PORDINI(4,00)
 [29/09/22] - [10"56'15] ELABORAZIONE ARTICOLO: 001200 - SCORTA: 00000007 - ORDINE AUTO: 1 - IMMEDIATO: 0 - IMPEGNATO: 80
 [29/09/22] - [10"56'15] ARTICOLO OK.  - N1 () < N2(580,00). ORD2-GIAC(580) + COMO-ORDINATO(2.320) - ORD2-PROMO(75) < ( ORD2-RIORDINO(405,00) - ORD2-CONSEGNA(266,00)) * SCO-MOLT-PORDINI(4,00)
 [29/09/22] - [10"56'15] ELABORAZIONE ARTICOLO: 001237 - SCORTA: 00000001 - ORDINE AUTO: 1 - IMMEDIATO: 0 - IMPEGNATO: 20
 [29/09/22] - [10"56'15] ARTICOLO OK.  - N1 () < N2(15,00). ORD2-GIAC(-5) + COMO-ORDINATO(20) - ORD2-PROMO(75) < ( ORD2-RIORDINO(13,00) - ORD2-CONSEGNA(5,00)) * SCO-MOLT-PORDINI(2,00)
 [29/09/22] - [10"56'15] ELABORAZIONE ARTICOLO: 033494 - SCORTA: 00000004 - ORDINE AUTO: 1 - IMMEDIATO: 1 - IMPEGNATO: 410
 [29/09/22] - [10"56'15] ELABORAZIONE ARTICOLO: 001227 - SCORTA: 00000001 - ORDINE AUTO: 1 - IMMEDIATO: 0 - IMPEGNATO: 20
 [29/09/22] - [10"56'15] ARTICOLO OK.  - N1 () < N2(20,00). ORD2-GIAC(20) + COMO-ORDINATO(20) - ORD2-PROMO(75) < ( ORD2-RIORDINO(34,00) - ORD2-CONSEGNA(17,00)) * SCO-MOLT-PORDINI(2,00)
 [29/09/22] - [10"56'15] ELABORAZIONE ARTICOLO: 002101 - SCORTA: 00000002 - ORDINE AUTO: 0 - IMMEDIATO: 1 - IMPEGNATO: 410
 [29/09/22] - [10"56'15] ELABORAZIONE ARTICOLO: 001071 - SCORTA: 00000001 - ORDINE AUTO: 1 - IMMEDIATO: 0 - IMPEGNATO: 20
 [29/09/22] - [10"56'15] ARTICOLO OK.  - N1 () < N2(40,00). ORD2-GIAC(-30) + COMO-ORDINATO(70) - ORD2-PROMO(75) < ( ORD2-RIORDINO(22,00) - ORD2-CONSEGNA(10,00)) * SCO-MOLT-PORDINI(2,00)
 [29/09/22] - [10"56'15] ELABORAZIONE ARTICOLO: 001226 - SCORTA: 00000001 - ORDINE AUTO: 1 - IMMEDIATO: 0 - IMPEGNATO: 20
 [29/09/22] - [10"56'15] ARTICOLO OK.  - N1 () < N2(10,00). ORD2-GIAC(10) + COMO-ORDINATO(70) - ORD2-PROMO(75) < ( ORD2-RIORDINO(9,00) - ORD2-CONSEGNA(4,00)) * SCO-MOLT-PORDINI(2,00)
 [29/09/22] - [10"56'15] ELABORAZIONE ARTICOLO: 004871 - SCORTA: 00000000 - ORDINE AUTO: 0 - IMMEDIATO: 1 - IMPEGNATO:
 [29/09/22] - [10"56'15] ELABORAZIONE ARTICOLO: 032926 - SCORTA: 00000001 - ORDINE AUTO: 1 - IMMEDIATO: 0 - IMPEGNATO: 140
 [29/09/22] - [10"56'15] ARTICOLO KO.  - N1 () >= N2(-240,00). ORD2-GIAC(-140) + COMO-ORDINATO(70) - ORD2-PROMO(100) >= ( ORD2-RIORDINO(38,00) - ORD2-CONSEGNA(20,00)) * SCO-MOLT-PORDINI(2,00)
 [29/09/22] - [10"56'15] ELABORAZIONE ARTICOLO: 032927 - SCORTA: 00000001 - ORDINE AUTO: 1 - IMMEDIATO: 0 - IMPEGNATO: 16
 [29/09/22] - [10"56'15] ARTICOLO KO.  - N1 () >= N2(-128,00). ORD2-GIAC(-8) + COMO-ORDINATO(70) - ORD2-PROMO(120) >= ( ORD2-RIORDINO(24,00) - ORD2-CONSEGNA(10,00)) * SCO-MOLT-PORDINI(2,00)
 [29/09/22] - [10"56'15] ELABORAZIONE ARTICOLO: 032877 - SCORTA: 00000001 - ORDINE AUTO: 1 - IMMEDIATO: 0 - IMPEGNATO: 48
 [29/09/22] - [10"56'15] ARTICOLO KO.  - N1 (                 <00,00) >= N2(-198,00). ORD2-GIAC(-48) + COMO-ORDINATO(70) - ORD2-PROMO(150) >= ( ORD2-RIORDINO(24,00) - ORD2-CONSEGNA(10,00)) * SCO-MOLT-PORDINI(2,00)
 [29/09/22] - [11"00'16] ELABORAZIONE ARTICOLO: 032874 - SCORTA: 00000013 - ORDINE AUTO: 1 - IMMEDIATO: 0 - IMPEGNATO: 156
