 [25/01/21] - [22"43'09] INIZIO PROGRAMMA
 [25/01/21] - [22"43'10] INIZIO SOMMA VENDUTI
 [25/01/21] - [22"43'13] FINE SOMMA VENDUTI
 [25/01/21] - [22"43'13] CONTROLLO ESEGUIBILITA'
 [25/01/21] - [22"43'13] CONTROLLO ESEGUIBILITA' OK
 [25/01/21] - [22"43'13] OPEN OUTPUT TMP-FORN
 [25/01/21] - [22"43'13] OPEN OUTPUT TMP-ORDFOR
 [25/01/21] - [22"43'13] QTA-PROMO
 [25/01/21] - [22"43'18] VALORIZZA CAMPI
 [25/01/21] - [22"45'30] RIEMPI GRID
 [25/01/21] - [22"45'34] RIEMPI GRID OK
 [25/01/21] - [22"45'34] INIZIO ELABORAZIONE AUTOMATICA
 [25/01/21] - [22"45'34] INIZIO RICALCOLO
 [25/01/21] - [22"45'34] QTA STORICHE NON AGGIORNATE (1)
 [25/01/21] - [22"46'37] FINE RICALCOLO
 [25/01/21] - [22"46'37] OPEN OUTPUT TMP-FORN
 [25/01/21] - [22"46'37] OPEN OUTPUT TMP-ORDFOR
 [25/01/21] - [22"46'38] QTA-PROMO
 [25/01/21] - [22"46'42] VALORIZZA CAMPI
 [25/01/21] - [22"48'47] RIEMPI GRID
 [25/01/21] - [22"48'57] RIEMPI GRID OK
 [25/01/21] - [22"48'57] INIZIO SCANSIONE RIGHE GRIGLIA
 [25/01/21] - [22"49'25] FINE SCANSIONE RIGHE GRIGLIA
 [25/01/21] - [22"49'25] GENERAZIONE ORDINI FORNITORI
 [25/01/21] - [22"49'25] RICHIAMO PROGRAMMA CREA-ORDFOR
 [25/01/21] - [22"49'38] FINE RICHIAMO PROGRAMMA CREA-ORDFOR
 [25/01/21] - [22"49'38] STAMPE ORDINI
 [25/01/21] - [22"49'38] FINE STAMPE ORDINI
 [25/01/21] - [22"49'38] RIEPILOGO VIA MAIL
 [25/01/21] - [22"52'37] RIGENERAZIONE QTA VENDUTI
 [25/01/21] - [22"52'37] QTA STORICHE NON AGGIORNATE (1)
 [25/01/21] - [22"52'38] FINE RIGENERAZIONE QTA VENDUTI
 [25/01/21] - [22"52'38] FINE ELABORAZIONE AUTOMATICA
 [25/01/21] - [22"52'38] FINE PROGRAMMA
