 [17/05/24] - [12"10'44] INIZIO ELABORAZIONE
 [17/05/24] - [12"10'44] CONTROLLO ESISTENZA CARTELLE OK
 [17/05/24] - [12"10'44]
 [17/05/24] - [12"10'44] ELABORAZIONE FILE f:\lubex\GESLUX\EDI\test\import\app_do_20240516063148_20240516_17562832_20240517_12095892
 [17/05/24] - [12"10'44] CREAZIONE FILE BACKUP : f:\lubex\GESLUX\EDI\test\backup\app_do_20240516063148_20240516_17562832_20240517_12095892_20240517_12104430
 [17/05/24] - [12"10'44] GENERAZIONE BACKUP RIUSCITA
 [17/05/24] - [12"10'44] CANCELLAZIONE FILE: f:\lubex\GESLUX\EDI\test\import\app_do_20240516063148_20240516_17562832_20240517_12095892
 [17/05/24] - [12"10'44] CANCELLAZIONE RIUSCITA
 [17/05/24] - [12"10'44] LAVORAZIONE EFFETTIVA FILE: f:\lubex\GESLUX\EDI\test\backup\app_do_20240516063148_20240516_17562832_20240517_12095892_20240517_12104430
 [17/05/24] - [12"10'44] CREATO ORDINE: 2024 - 00212980
 [17/05/24] - [12"10'44]
 [17/05/24] - [12"10'44] ELABORAZIONE FILE f:\lubex\GESLUX\EDI\test\import\portale20240516154542_20240516_17562832_20240517_12095892
 [17/05/24] - [12"10'44] CREAZIONE FILE BACKUP : f:\lubex\GESLUX\EDI\test\backup\portale20240516154542_20240516_17562832_20240517_12095892_20240517_12104430
 [17/05/24] - [12"10'44] GENERAZIONE BACKUP RIUSCITA
 [17/05/24] - [12"10'44] CANCELLAZIONE FILE: f:\lubex\GESLUX\EDI\test\import\portale20240516154542_20240516_17562832_20240517_12095892
 [17/05/24] - [12"10'44] CANCELLAZIONE RIUSCITA
 [17/05/24] - [12"10'44] LAVORAZIONE EFFETTIVA FILE: f:\lubex\GESLUX\EDI\test\backup\portale20240516154542_20240516_17562832_20240517_12095892_20240517_12104430
 [17/05/24] - [12"10'44] CREATO ORDINE: 2024 - 00212981
 [17/05/24] - [12"10'44]
 [17/05/24] - [12"10'44] ELABORAZIONE FILE f:\lubex\GESLUX\EDI\test\import\portale20240516160032_20240516_17562832_20240517_12095892
 [17/05/24] - [12"10'44] CREAZIONE FILE BACKUP : f:\lubex\GESLUX\EDI\test\backup\portale20240516160032_20240516_17562832_20240517_12095892_20240517_12104430
 [17/05/24] - [12"10'44] GENERAZIONE BACKUP RIUSCITA
 [17/05/24] - [12"10'44] CANCELLAZIONE FILE: f:\lubex\GESLUX\EDI\test\import\portale20240516160032_20240516_17562832_20240517_12095892
 [17/05/24] - [12"10'44] CANCELLAZIONE RIUSCITA
 [17/05/24] - [12"10'44] LAVORAZIONE EFFETTIVA FILE: f:\lubex\GESLUX\EDI\test\backup\portale20240516160032_20240516_17562832_20240517_12095892_20240517_12104430
 [17/05/24] - [12"10'44] CREATO ORDINE: 2024 - 00212982
 [17/05/24] - [12"10'44] CREATO ORDINE: 2024 - 00212983
 [17/05/24] - [12"10'44] CREATO ORDINE: 2024 - 00212984
 [17/05/24] - [12"10'44] CREATO ORDINE: 2024 - 00212985
 [17/05/24] - [12"10'44] CREATO ORDINE: 2024 - 00212986
 [17/05/24] - [12"10'44] CREATO ORDINE: 2024 - 00212987
 [17/05/24] - [12"10'44] CREATO ORDINE: 2024 - 00212988
 [17/05/24] - [12"10'44] CREATO ORDINE: 2024 - 00212989
 [17/05/24] - [12"10'44] CREATO ORDINE: 2024 - 00212990
 [17/05/24] - [12"10'44]
 [17/05/24] - [12"10'44] ELABORAZIONE FILE f:\lubex\GESLUX\EDI\test\import\portale20240516160042_20240516_17562832_20240517_12095892
 [17/05/24] - [12"10'44] CREAZIONE FILE BACKUP : f:\lubex\GESLUX\EDI\test\backup\portale20240516160042_20240516_17562832_20240517_12095892_20240517_12104430
 [17/05/24] - [12"10'44] GENERAZIONE BACKUP RIUSCITA
 [17/05/24] - [12"10'44] CANCELLAZIONE FILE: f:\lubex\GESLUX\EDI\test\import\portale20240516160042_20240516_17562832_20240517_12095892
 [17/05/24] - [12"10'44] CANCELLAZIONE RIUSCITA
 [17/05/24] - [12"10'44] LAVORAZIONE EFFETTIVA FILE: f:\lubex\GESLUX\EDI\test\backup\portale20240516160042_20240516_17562832_20240517_12095892_20240517_12104430
 [17/05/24] - [12"10'44] CREATO ORDINE: 2024 - 00212991
 [17/05/24] - [12"10'44]
 [17/05/24] - [12"10'44] ELABORAZIONE FILE f:\lubex\GESLUX\EDI\test\import\portale20240516163042_20240516_17562832_20240517_12095892
 [17/05/24] - [12"10'44] CREAZIONE FILE BACKUP : f:\lubex\GESLUX\EDI\test\backup\portale20240516163042_20240516_17562832_20240517_12095892_20240517_12104430
 [17/05/24] - [12"10'44] GENERAZIONE BACKUP RIUSCITA
 [17/05/24] - [12"10'44] CANCELLAZIONE FILE: f:\lubex\GESLUX\EDI\test\import\portale20240516163042_20240516_17562832_20240517_12095892
 [17/05/24] - [12"10'44] CANCELLAZIONE RIUSCITA
 [17/05/24] - [12"10'44] LAVORAZIONE EFFETTIVA FILE: f:\lubex\GESLUX\EDI\test\backup\portale20240516163042_20240516_17562832_20240517_12095892_20240517_12104430
 [17/05/24] - [12"10'44] CREATO ORDINE: 2024 - 00212992
 [17/05/24] - [12"10'44]
 [17/05/24] - [12"10'44] ELABORAZIONE FILE f:\lubex\GESLUX\EDI\test\import\portale20240516180356_20240516_18072724_20240517_12095892
 [17/05/24] - [12"10'44] CREAZIONE FILE BACKUP : f:\lubex\GESLUX\EDI\test\backup\portale20240516180356_20240516_18072724_20240517_12095892_20240517_12104430
 [17/05/24] - [12"10'44] GENERAZIONE BACKUP RIUSCITA
 [17/05/24] - [12"10'44] CANCELLAZIONE FILE: f:\lubex\GESLUX\EDI\test\import\portale20240516180356_20240516_18072724_20240517_12095892
 [17/05/24] - [12"10'44] CANCELLAZIONE RIUSCITA
 [17/05/24] - [12"10'44] LAVORAZIONE EFFETTIVA FILE: f:\lubex\GESLUX\EDI\test\backup\portale20240516180356_20240516_18072724_20240517_12095892_20240517_12104430
 [17/05/24] - [12"10'44] CREATO ORDINE: 2024 - 00212993
 [17/05/24] - [12"10'44] CREATO ORDINE: 2024 - 00212994
 [17/05/24] - [12"10'44] CREATO ORDINE: 2024 - 00212995
 [17/05/24] - [12"10'44] CREATO ORDINE: 2024 - 00212996
 [17/05/24] - [12"10'44] CREATO ORDINE: 2024 - 00212997
 [17/05/24] - [12"10'44] CREATO ORDINE: 2024 - 00212998
 [17/05/24] - [12"10'44] CREATO ORDINE: 2024 - 00212999
 [17/05/24] - [12"10'44] CREATO ORDINE: 2024 - 00213000
 [17/05/24] - [12"10'44] CREATO ORDINE: 2024 - 00213001
 [17/05/24] - [12"10'44]
 [17/05/24] - [12"10'44] FILES TRATTATI: 006 - OK: 006 - NON ELABORATI: 000
 [17/05/24] - [12"10'44] *** ORDINI TRATTATI: 00023 di cui 00023 da verificare ****
 [17/05/24] - [12"10'44]
 [17/05/24] - [12"10'44] ELABORAZIONE TERMINATA IN: 00 SECONDI
