 [02/02/21] - [00"44'27] INIZIO PROGRAMMA
 [02/02/21] - [00"44'27] INIZIO SOMMA VENDUTI
 [02/02/21] - [00"44'30] FINE SOMMA VENDUTI
 [02/02/21] - [00"44'30] CONTROLLO ESEGUIBILITA'
 [02/02/21] - [00"44'30] CONTROLLO ESEGUIBILITA' OK
 [02/02/21] - [00"44'30] OPEN OUTPUT TMP-FORN
 [02/02/21] - [00"44'30] OPEN OUTPUT TMP-ORDFOR
 [02/02/21] - [00"44'30] QTA-PROMO
 [02/02/21] - [00"44'34] VALORIZZA CAMPI
 [02/02/21] - [00"46'31] RIEMPI GRID
 [02/02/21] - [00"46'35] RIEMPI GRID OK
 [02/02/21] - [00"46'35] INIZIO ELABORAZIONE AUTOMATICA
 [02/02/21] - [00"46'35] INIZIO RICALCOLO
 [02/02/21] - [00"46'35] QTA STORICHE NON AGGIORNATE (1)
 [02/02/21] - [00"47'00] FINE RICALCOLO
 [02/02/21] - [00"47'00] OPEN OUTPUT TMP-FORN
 [02/02/21] - [00"47'00] OPEN OUTPUT TMP-ORDFOR
 [02/02/21] - [00"47'00] QTA-PROMO
 [02/02/21] - [00"47'04] VALORIZZA CAMPI
 [02/02/21] - [00"48'52] RIEMPI GRID
 [02/02/21] - [00"49'02] RIEMPI GRID OK
 [02/02/21] - [00"49'02] INIZIO SCANSIONE RIGHE GRIGLIA
 [02/02/21] - [00"49'10] FINE SCANSIONE RIGHE GRIGLIA
 [02/02/21] - [00"49'10] GENERAZIONE ORDINI FORNITORI
 [02/02/21] - [00"49'10] RICHIAMO PROGRAMMA CREA-ORDFOR
 [02/02/21] - [00"53'42] FINE RICHIAMO PROGRAMMA CREA-ORDFOR
 [02/02/21] - [00"53'42] STAMPE ORDINI
 [02/02/21] - [00"53'43] FINE STAMPE ORDINI
 [02/02/21] - [00"53'43] RIEPILOGO VIA MAIL
