 [25/01/21] - [21"25'19] INIZIO PROGRAMMA
 [25/01/21] - [21"25'19] INIZIO SOMMA VENDUTI
 [25/01/21] - [21"25'21] FINE SOMMA VENDUTI
 [25/01/21] - [21"25'22] CONTROLLO ESEGUIBILITA'
 [25/01/21] - [21"25'22] CONTROLLO ESEGUIBILITA' OK
 [25/01/21] - [21"25'22] OPEN OUTPUT TMP-FORN
 [25/01/21] - [21"25'22] OPEN OUTPUT TMP-ORDFOR
 [25/01/21] - [21"25'22] QTA-PROMO
 [25/01/21] - [21"25'26] VALORIZZA CAMPI
 [25/01/21] - [21"27'09] RIEMPI GRID
 [25/01/21] - [21"27'13] RIEMPI GRID OK
 [25/01/21] - [21"27'13] INIZIO ELABORAZIONE AUTOMATICA
 [25/01/21] - [21"27'13] INIZIO RICALCOLO
 [25/01/21] - [21"27'13] QTA STORICHE NON AGGIORNATE (1)
 [25/01/21] - [21"27'13] FINE RICALCOLO
 [25/01/21] - [21"27'13] INIZIO SCANSIONE RIGHE GRIGLIA
 [25/01/21] - [21"27'13] FINE SCANSIONE RIGHE GRIGLIA
 [25/01/21] - [21"27'13] NESSUN ARTICOLO DA GENERARE
 [25/01/21] - [21"27'13] FINE ELABORAZIONE AUTOMATICA
 [25/01/21] - [21"27'13] FINE PROGRAMMA
