 [29/09/22] - [09"36'36] INIZIO PROGRAMMA
 [29/09/22] - [09"36'36] INIZIO SOMMA VENDUTI
 [29/09/22] - [09"36'38] FINE SOMMA VENDUTI
 [29/09/22] - [09"36'38] CONTROLLO ESEGUIBILITA'
 [29/09/22] - [09"36'38] CONTROLLO ESEGUIBILITA' OK
 [29/09/22] - [09"36'39] OPEN OUTPUT TMP-FORN
 [29/09/22] - [09"36'39] OPEN OUTPUT TMP-ORDFOR
 [29/09/22] - [09"36'39] QTA-PROMO
 [29/09/22] - [09"36'39] VALORIZZA CAMPI
 [29/09/22] - [09"36'39] RIEMPI GRID
 [29/09/22] - [09"36'40] RIEMPI GRID OK
 [29/09/22] - [09"36'40] INIZIO ELABORAZIONE AUTOMATICA
 [29/09/22] - [09"36'40] INIZIO RICALCOLO
 [29/09/22] - [09"36'40] QTA STORICHE NON AGGIORNATE (1)
 [29/09/22] - [09"36'40] FINE RICALCOLO
 [29/09/22] - [09"36'40] INIZIO SCANSIONE RIGHE GRIGLIA
 [29/09/22] - [09"36'40] FINE SCANSIONE RIGHE GRIGLIA
 [29/09/22] - [09"36'40] NESSUN ARTICOLO DA GENERARE
 [29/09/22] - [09"36'40] FINE ELABORAZIONE AUTOMATICA
 [29/09/22] - [09"36'40] FINE PROGRAMMA
