 [25/11/19] - [10"14'29] INIZIO PROGRAMMA
 [25/11/19] - [10"14'29] INIZIO SOMMA VENDUTI
 [25/11/19] - [10"14'31] FINE SOMMA VENDUTI
 [25/11/19] - [10"14'31] CONTROLLO ESEGUIBILITA'
 [25/11/19] - [10"14'31] CONTROLLO ESEGUIBILITA' OK
 [25/11/19] - [10"14'31] OPEN OUTPUT TMP-FORN
 [25/11/19] - [10"14'31] OPEN OUTPUT TMP-ORDFOR
 [25/11/19] - [10"14'31] QTA-PROMO
 [25/11/19] - [10"14'36] VALORIZZA CAMPI
 [25/11/19] - [10"16'18] RIEMPI GRID
 [25/11/19] - [10"16'21] RIEMPI GRID OK
 [25/11/19] - [10"16'21] INIZIO ELABORAZIONE AUTOMATICA
 [25/11/19] - [10"16'21] INIZIO RICALCOLO
 [25/11/19] - [10"16'21] QTA STORICHE NON AGGIORNATE (1)
 [25/11/19] - [10"16'21] FINE RICALCOLO
 [25/11/19] - [10"16'21] INIZIO SCANSIONE RIGHE GRIGLIA
 [25/11/19] - [10"16'21] FINE SCANSIONE RIGHE GRIGLIA
 [25/11/19] - [10"16'21] NESSUN ARTICOLO DA GENERARE
 [25/11/19] - [10"16'21] FINE ELABORAZIONE AUTOMATICA
 [25/11/19] - [10"16'21] FINE PROGRAMMA
