 [13/10/21] - [16"41'21] INIZIO ELABORAZIONE
 [13/10/21] - [16"41'21] CONTROLLO ESISTENZA CARTELLE OK
 [13/10/21] - [16"41'31]
 [13/10/21] - [16"41'31] ELABORAZIONE FILE f:\lubex\GESLUX\EDI\test\import\LUBEX_note-cr_EDI_20210807_02255139.txt
 [13/10/21] - [16"41'31] CREAZIONE FILE BACKUP : f:\lubex\GESLUX\EDI\test\backup\LUBEX_note-cr_EDI_20210807_02255139.txt_20211013_16413101
 [13/10/21] - [16"41'31] GENERAZIONE BACKUP RIUSCITA
 [13/10/21] - [16"41'31] CANCELLAZIONE FILE: f:\lubex\GESLUX\EDI\test\import\LUBEX_note-cr_EDI_20210807_02255139.txt
 [13/10/21] - [16"41'54] CANCELLAZIONE FALLITA. ERR: 00
 [13/10/21] - [16"41'58]
 [13/10/21] - [16"41'59] ELABORAZIONE FILE f:\lubex\GESLUX\EDI\test\import\portale20210514150726-0
 [13/10/21] - [16"42'04] CREAZIONE FILE BACKUP : f:\lubex\GESLUX\EDI\test\backup\portale20210514150726-0_20211013_16415944
 [13/10/21] - [16"42'19] GENERAZIONE BACKUP RIUSCITA
 [13/10/21] - [16"42'19] CANCELLAZIONE FILE: f:\lubex\GESLUX\EDI\test\import\portale20210514150726-0
 [13/10/21] - [16"42'24] CANCELLAZIONE RIUSCITA
 [13/10/21] - [16"42'26] LAVORAZIONE EFFETTIVA FILE: f:\lubex\GESLUX\EDI\test\backup\portale20210514150726-0_20211013_16415944
 [13/10/21] - [16"42'29] CREATO ORDINE: 2021 - 00124949
 [13/10/21] - [16"42'29] CREATO ORDINE: 2021 - 00124950
 [13/10/21] - [16"42'29] CREATO ORDINE: 2021 - 00124951
 [13/10/21] - [16"42'29] CREATO ORDINE: 2021 - 00124952
 [13/10/21] - [16"42'29] CREATO ORDINE: 2021 - 00124953
 [13/10/21] - [16"42'29] CREATO ORDINE: 2021 - 00124954
 [13/10/21] - [16"42'29] CREATO ORDINE: 2021 - 00124955
 [13/10/21] - [16"42'29] CREATO ORDINE: 2021 - 00124956
 [13/10/21] - [16"42'29] CREATO ORDINE: 2021 - 00124957
 [13/10/21] - [16"42'29] CREATO ORDINE: 2021 - 00124958
 [13/10/21] - [16"42'29] CREATO ORDINE: 2021 - 00124959
 [13/10/21] - [16"42'29] CREATO ORDINE: 2021 - 00124960
 [13/10/21] - [16"42'29] CREATO ORDINE: 2021 - 00124961
 [13/10/21] - [16"42'29] CREATO ORDINE: 2021 - 00124962
 [13/10/21] - [16"42'29] CREATO ORDINE: 2021 - 00124963
 [13/10/21] - [16"42'29] CREATO ORDINE: 2021 - 00124964
 [13/10/21] - [16"42'29] CREATO ORDINE: 2021 - 00124965
 [13/10/21] - [16"42'29] CREATO ORDINE: 2021 - 00124966
 [13/10/21] - [16"42'29] CREATO ORDINE: 2021 - 00124967
 [13/10/21] - [16"42'29] CREATO ORDINE: 2021 - 00124968
 [13/10/21] - [16"42'29] CREATO ORDINE: 2021 - 00124969
 [13/10/21] - [16"42'29] CREATO ORDINE: 2021 - 00124970
 [13/10/21] - [16"42'29] CREATO ORDINE: 2021 - 00124971
 [13/10/21] - [16"42'29] CREATO ORDINE: 2021 - 00124972
 [13/10/21] - [16"42'29] CREATO ORDINE: 2021 - 00124973
 [13/10/21] - [16"42'29] CREATO ORDINE: 2021 - 00124974
 [13/10/21] - [16"42'29] CREATO ORDINE: 2021 - 00124975
 [13/10/21] - [16"42'29] CREATO ORDINE: 2021 - 00124976
 [13/10/21] - [16"42'29] CREATO ORDINE: 2021 - 00124977
 [13/10/21] - [16"42'29] CREATO ORDINE: 2021 - 00124978
 [13/10/21] - [16"42'29] CREATO ORDINE: 2021 - 00124979
 [13/10/21] - [16"42'29] CREATO ORDINE: 2021 - 00124980
 [13/10/21] - [16"42'29] CREATO ORDINE: 2021 - 00124981
 [13/10/21] - [16"42'29] CREATO ORDINE: 2021 - 00124982
 [13/10/21] - [16"43'13]
 [13/10/21] - [16"43'13] ELABORAZIONE FILE f:\lubex\GESLUX\EDI\test\import\portale20210514150726-1
 [13/10/21] - [16"43'13] CREAZIONE FILE BACKUP : f:\lubex\GESLUX\EDI\test\backup\portale20210514150726-1_20211013_16431369
 [13/10/21] - [16"43'37] ACCESSO A FILE BACKUP  NON RIUSCITA. ERR: 35
 [13/10/21] - [16"43'41]
 [13/10/21] - [16"44'04] ELABORAZIONE FILE f:\lubex\GESLUX\EDI\test\import\portale20210514150726-2
 [13/10/21] - [16"44'04] CREAZIONE FILE BACKUP : f:\lubex\GESLUX\EDI\test\backup\portale20210514150726-2_20211013_16440420
 [13/10/21] - [16"44'04] GENERAZIONE BACKUP RIUSCITA
 [13/10/21] - [16"44'04] CANCELLAZIONE FILE: f:\lubex\GESLUX\EDI\test\import\portale20210514150726-2
 [13/10/21] - [16"44'04] CANCELLAZIONE RIUSCITA
 [13/10/21] - [16"44'04] LAVORAZIONE EFFETTIVA FILE: f:\lubex\GESLUX\EDI\test\backup\portale20210514150726-2_20211013_16440420
 [13/10/21] - [16"44'04] CREATO ORDINE: 2021 - 00124983
 [13/10/21] - [16"44'04] CREATO ORDINE: 2021 - 00124984
 [13/10/21] - [16"44'04] CREATO ORDINE: 2021 - 00124985
 [13/10/21] - [16"44'04] CREATO ORDINE: 2021 - 00124986
 [13/10/21] - [16"44'04] CREATO ORDINE: 2021 - 00124987
 [13/10/21] - [16"44'04] CREATO ORDINE: 2021 - 00124988
 [13/10/21] - [16"44'04] CREATO ORDINE: 2021 - 00124989
 [13/10/21] - [16"44'04] CREATO ORDINE: 2021 - 00124990
 [13/10/21] - [16"44'04] CREATO ORDINE: 2021 - 00124991
 [13/10/21] - [16"44'04] CREATO ORDINE: 2021 - 00124992
 [13/10/21] - [16"44'04] CREATO ORDINE: 2021 - 00124993
 [13/10/21] - [16"44'04] CREATO ORDINE: 2021 - 00124994
 [13/10/21] - [16"44'04] CREATO ORDINE: 2021 - 00124995
 [13/10/21] - [16"44'04] CREATO ORDINE: 2021 - 00124996
 [13/10/21] - [16"44'04] CREATO ORDINE: 2021 - 00124997
 [13/10/21] - [16"44'04] CREATO ORDINE: 2021 - 00124998
 [13/10/21] - [16"44'04] CREATO ORDINE: 2021 - 00124999
 [13/10/21] - [16"44'04] CREATO ORDINE: 2021 - 00125000
 [13/10/21] - [16"44'04] CREATO ORDINE: 2021 - 00125001
 [13/10/21] - [16"44'04] CREATO ORDINE: 2021 - 00125002
 [13/10/21] - [16"44'04] CREATO ORDINE: 2021 - 00125003
 [13/10/21] - [16"44'04] CREATO ORDINE: 2021 - 00125004
 [13/10/21] - [16"44'04] CREATO ORDINE: 2021 - 00125005
 [13/10/21] - [16"44'04] CREATO ORDINE: 2021 - 00125006
 [13/10/21] - [16"44'04] CREATO ORDINE: 2021 - 00125007
 [13/10/21] - [16"44'04] CREATO ORDINE: 2021 - 00125008
 [13/10/21] - [16"44'04] CREATO ORDINE: 2021 - 00125009
 [13/10/21] - [16"44'04] CREATO ORDINE: 2021 - 00125010
 [13/10/21] - [16"44'04] CREATO ORDINE: 2021 - 00125011
 [13/10/21] - [16"44'04] CREATO ORDINE: 2021 - 00125012
 [13/10/21] - [16"44'04] CREATO ORDINE: 2021 - 00125013
 [13/10/21] - [16"44'04] CREATO ORDINE: 2021 - 00125014
 [13/10/21] - [16"44'04] CREATO ORDINE: 2021 - 00125015
 [13/10/21] - [16"44'04] CREATO ORDINE: 2021 - 00125016
 [13/10/21] - [16"44'04]
 [13/10/21] - [16"44'04] ELABORAZIONE FILE f:\lubex\GESLUX\EDI\test\import\portale20210514150726-3
 [13/10/21] - [16"44'04] CREAZIONE FILE BACKUP : f:\lubex\GESLUX\EDI\test\backup\portale20210514150726-3_20211013_16440443
 [13/10/21] - [16"44'04] GENERAZIONE BACKUP RIUSCITA
 [13/10/21] - [16"44'04] CANCELLAZIONE FILE: f:\lubex\GESLUX\EDI\test\import\portale20210514150726-3
 [13/10/21] - [16"44'04] CANCELLAZIONE RIUSCITA
 [13/10/21] - [16"44'04] LAVORAZIONE EFFETTIVA FILE: f:\lubex\GESLUX\EDI\test\backup\portale20210514150726-3_20211013_16440443
 [13/10/21] - [16"44'04] CREATO ORDINE: 2021 - 00125017
 [13/10/21] - [16"44'04] CREATO ORDINE: 2021 - 00125018
 [13/10/21] - [16"44'04] CREATO ORDINE: 2021 - 00125019
 [13/10/21] - [16"44'04] CREATO ORDINE: 2021 - 00125020
 [13/10/21] - [16"44'04] CREATO ORDINE: 2021 - 00125021
 [13/10/21] - [16"44'04] CREATO ORDINE: 2021 - 00125022
 [13/10/21] - [16"44'04] CREATO ORDINE: 2021 - 00125023
 [13/10/21] - [16"44'04] CREATO ORDINE: 2021 - 00125024
 [13/10/21] - [16"44'04] CREATO ORDINE: 2021 - 00125025
 [13/10/21] - [16"44'04] CREATO ORDINE: 2021 - 00125026
 [13/10/21] - [16"44'04] CREATO ORDINE: 2021 - 00125027
 [13/10/21] - [16"44'04] CREATO ORDINE: 2021 - 00125028
 [13/10/21] - [16"44'04] CREATO ORDINE: 2021 - 00125029
 [13/10/21] - [16"44'04] CREATO ORDINE: 2021 - 00125030
 [13/10/21] - [16"44'04] CREATO ORDINE: 2021 - 00125031
 [13/10/21] - [16"44'04] CREATO ORDINE: 2021 - 00125032
 [13/10/21] - [16"44'04] CREATO ORDINE: 2021 - 00125033
 [13/10/21] - [16"44'04] CREATO ORDINE: 2021 - 00125034
 [13/10/21] - [16"44'04] CREATO ORDINE: 2021 - 00125035
 [13/10/21] - [16"44'04] CREATO ORDINE: 2021 - 00125036
 [13/10/21] - [16"44'04] CREATO ORDINE: 2021 - 00125037
 [13/10/21] - [16"44'04] CREATO ORDINE: 2021 - 00125038
 [13/10/21] - [16"44'04] CREATO ORDINE: 2021 - 00125039
 [13/10/21] - [16"44'04] CREATO ORDINE: 2021 - 00125040
 [13/10/21] - [16"44'04] CREATO ORDINE: 2021 - 00125041
 [13/10/21] - [16"44'04] CREATO ORDINE: 2021 - 00125042
 [13/10/21] - [16"44'04] CREATO ORDINE: 2021 - 00125043
 [13/10/21] - [16"44'04] CREATO ORDINE: 2021 - 00125044
 [13/10/21] - [16"44'04] CREATO ORDINE: 2021 - 00125045
 [13/10/21] - [16"44'04] CREATO ORDINE: 2021 - 00125046
 [13/10/21] - [16"44'04] CREATO ORDINE: 2021 - 00125047
 [13/10/21] - [16"44'04] CREATO ORDINE: 2021 - 00125048
 [13/10/21] - [16"44'04] CREATO ORDINE: 2021 - 00125049
 [13/10/21] - [16"44'04] CREATO ORDINE: 2021 - 00125050
 [13/10/21] - [16"44'04]
 [13/10/21] - [16"44'04] ELABORAZIONE FILE f:\lubex\GESLUX\EDI\test\import\portale20210514150726-4
 [13/10/21] - [16"44'04] CREAZIONE FILE BACKUP : f:\lubex\GESLUX\EDI\test\backup\portale20210514150726-4_20211013_16440465
 [13/10/21] - [16"44'04] GENERAZIONE BACKUP RIUSCITA
 [13/10/21] - [16"44'04] CANCELLAZIONE FILE: f:\lubex\GESLUX\EDI\test\import\portale20210514150726-4
 [13/10/21] - [16"44'04] CANCELLAZIONE RIUSCITA
 [13/10/21] - [16"44'04] LAVORAZIONE EFFETTIVA FILE: f:\lubex\GESLUX\EDI\test\backup\portale20210514150726-4_20211013_16440465
 [13/10/21] - [16"44'04] CREATO ORDINE: 2021 - 00125051
 [13/10/21] - [16"44'04] CREATO ORDINE: 2021 - 00125052
 [13/10/21] - [16"44'04] CREATO ORDINE: 2021 - 00125053
 [13/10/21] - [16"44'04] CREATO ORDINE: 2021 - 00125054
 [13/10/21] - [16"44'04] CREATO ORDINE: 2021 - 00125055
 [13/10/21] - [16"44'04] CREATO ORDINE: 2021 - 00125056
 [13/10/21] - [16"44'04] CREATO ORDINE: 2021 - 00125057
 [13/10/21] - [16"44'04] CREATO ORDINE: 2021 - 00125058
 [13/10/21] - [16"44'04] CREATO ORDINE: 2021 - 00125059
 [13/10/21] - [16"44'04] CREATO ORDINE: 2021 - 00125060
 [13/10/21] - [16"44'04] CREATO ORDINE: 2021 - 00125061
 [13/10/21] - [16"44'04] CREATO ORDINE: 2021 - 00125062
 [13/10/21] - [16"44'04] CREATO ORDINE: 2021 - 00125063
 [13/10/21] - [16"44'04] CREATO ORDINE: 2021 - 00125064
 [13/10/21] - [16"44'04] CREATO ORDINE: 2021 - 00125065
 [13/10/21] - [16"44'04] CREATO ORDINE: 2021 - 00125066
 [13/10/21] - [16"44'04] CREATO ORDINE: 2021 - 00125067
 [13/10/21] - [16"44'04] CREATO ORDINE: 2021 - 00125068
 [13/10/21] - [16"44'04] CREATO ORDINE: 2021 - 00125069
 [13/10/21] - [16"44'04] CREATO ORDINE: 2021 - 00125070
 [13/10/21] - [16"44'04] CREATO ORDINE: 2021 - 00125071
 [13/10/21] - [16"44'04] CREATO ORDINE: 2021 - 00125072
 [13/10/21] - [16"44'04] CREATO ORDINE: 2021 - 00125073
 [13/10/21] - [16"44'04] CREATO ORDINE: 2021 - 00125074
 [13/10/21] - [16"44'04] CREATO ORDINE: 2021 - 00125075
 [13/10/21] - [16"44'04] CREATO ORDINE: 2021 - 00125076
 [13/10/21] - [16"44'04] CREATO ORDINE: 2021 - 00125077
 [13/10/21] - [16"44'04] CREATO ORDINE: 2021 - 00125078
 [13/10/21] - [16"44'04] CREATO ORDINE: 2021 - 00125079
 [13/10/21] - [16"44'04] CREATO ORDINE: 2021 - 00125080
 [13/10/21] - [16"44'04] CREATO ORDINE: 2021 - 00125081
 [13/10/21] - [16"44'04] CREATO ORDINE: 2021 - 00125082
 [13/10/21] - [16"44'04] CREATO ORDINE: 2021 - 00125083
 [13/10/21] - [16"44'04] CREATO ORDINE: 2021 - 00125084
 [13/10/21] - [16"44'04]
 [13/10/21] - [16"44'04] ELABORAZIONE FILE f:\lubex\GESLUX\EDI\test\import\portale20210514150726-5
 [13/10/21] - [16"44'04] CREAZIONE FILE BACKUP : f:\lubex\GESLUX\EDI\test\backup\portale20210514150726-5_20211013_16440488
 [13/10/21] - [16"44'04] GENERAZIONE BACKUP RIUSCITA
 [13/10/21] - [16"44'04] CANCELLAZIONE FILE: f:\lubex\GESLUX\EDI\test\import\portale20210514150726-5
 [13/10/21] - [16"44'04] CANCELLAZIONE RIUSCITA
 [13/10/21] - [16"44'04] LAVORAZIONE EFFETTIVA FILE: f:\lubex\GESLUX\EDI\test\backup\portale20210514150726-5_20211013_16440488
 [13/10/21] - [16"44'04] CREATO ORDINE: 2021 - 00125085
 [13/10/21] - [16"44'04] CREATO ORDINE: 2021 - 00125086
 [13/10/21] - [16"44'04] CREATO ORDINE: 2021 - 00125087
 [13/10/21] - [16"44'04] CREATO ORDINE: 2021 - 00125088
 [13/10/21] - [16"44'04] CREATO ORDINE: 2021 - 00125089
 [13/10/21] - [16"44'04] CREATO ORDINE: 2021 - 00125090
 [13/10/21] - [16"44'04] CREATO ORDINE: 2021 - 00125091
 [13/10/21] - [16"44'04] CREATO ORDINE: 2021 - 00125092
 [13/10/21] - [16"44'04] CREATO ORDINE: 2021 - 00125093
 [13/10/21] - [16"44'04] CREATO ORDINE: 2021 - 00125094
 [13/10/21] - [16"44'04] CREATO ORDINE: 2021 - 00125095
 [13/10/21] - [16"44'04] CREATO ORDINE: 2021 - 00125096
 [13/10/21] - [16"44'04] CREATO ORDINE: 2021 - 00125097
 [13/10/21] - [16"44'04] CREATO ORDINE: 2021 - 00125098
 [13/10/21] - [16"44'04] CREATO ORDINE: 2021 - 00125099
 [13/10/21] - [16"44'04] CREATO ORDINE: 2021 - 00125100
 [13/10/21] - [16"44'04] CREATO ORDINE: 2021 - 00125101
 [13/10/21] - [16"44'05] CREATO ORDINE: 2021 - 00125102
 [13/10/21] - [16"44'05] CREATO ORDINE: 2021 - 00125103
 [13/10/21] - [16"44'05] CREATO ORDINE: 2021 - 00125104
 [13/10/21] - [16"44'05] CREATO ORDINE: 2021 - 00125105
 [13/10/21] - [16"44'05] CREATO ORDINE: 2021 - 00125106
 [13/10/21] - [16"44'05] CREATO ORDINE: 2021 - 00125107
 [13/10/21] - [16"44'05] CREATO ORDINE: 2021 - 00125108
 [13/10/21] - [16"44'05] CREATO ORDINE: 2021 - 00125109
 [13/10/21] - [16"44'05] CREATO ORDINE: 2021 - 00125110
 [13/10/21] - [16"44'05] CREATO ORDINE: 2021 - 00125111
 [13/10/21] - [16"44'05] CREATO ORDINE: 2021 - 00125112
 [13/10/21] - [16"44'05] CREATO ORDINE: 2021 - 00125113
 [13/10/21] - [16"44'05] CREATO ORDINE: 2021 - 00125114
 [13/10/21] - [16"44'05] CREATO ORDINE: 2021 - 00125115
 [13/10/21] - [16"44'05] CREATO ORDINE: 2021 - 00125116
 [13/10/21] - [16"44'05] CREATO ORDINE: 2021 - 00125117
 [13/10/21] - [16"44'05] CREATO ORDINE: 2021 - 00125118
 [13/10/21] - [16"44'05]
 [13/10/21] - [16"44'05] FILES TRATTATI: 007 - OK: 005 - NON ELABORATI: 002
 [13/10/21] - [16"44'05] *** ORDINI TRATTATI: 00171 di cui 00171 da verificare ****
 [13/10/21] - [16"44'05]
 [13/10/21] - [16"44'05] ELABORAZIONE TERMINATA IN: 02 MINUTI E 44 SECONDI
