 [13/10/21] - [16"44'40] INIZIO ELABORAZIONE
 [13/10/21] - [16"44'40] CONTROLLO ESISTENZA CARTELLE OK
 [13/10/21] - [16"44'40]
 [13/10/21] - [16"44'40] ELABORAZIONE FILE f:\lubex\GESLUX\EDI\test\import\LUBEX_note-cr_EDI_20210807_02255139.txt
 [13/10/21] - [16"44'40] CREAZIONE FILE BACKUP : f:\lubex\GESLUX\EDI\test\backup\LUBEX_note-cr_EDI_20210807_02255139.txt_20211013_16444032
 [13/10/21] - [16"44'40] GENERAZIONE BACKUP RIUSCITA
 [13/10/21] - [16"44'40] CANCELLAZIONE FILE: f:\lubex\GESLUX\EDI\test\import\LUBEX_note-cr_EDI_20210807_02255139.txt
 [13/10/21] - [16"44'40] CANCELLAZIONE RIUSCITA
 [13/10/21] - [16"44'40] LAVORAZIONE EFFETTIVA FILE: f:\lubex\GESLUX\EDI\test\backup\LUBEX_note-cr_EDI_20210807_02255139.txt_20211013_16444032
 [13/10/21] - [16"44'40] CREATO ORDINE: 2021 - 00125119
 [13/10/21] - [16"44'40]
 [13/10/21] - [16"44'40] ELABORAZIONE FILE f:\lubex\GESLUX\EDI\test\import\portale20210514150726-0
 [13/10/21] - [16"44'40] CREAZIONE FILE BACKUP : f:\lubex\GESLUX\EDI\test\backup\portale20210514150726-0_20211013_16444033
 [13/10/21] - [16"44'40] GENERAZIONE BACKUP RIUSCITA
 [13/10/21] - [16"44'40] CANCELLAZIONE FILE: f:\lubex\GESLUX\EDI\test\import\portale20210514150726-0
 [13/10/21] - [16"44'40] CANCELLAZIONE RIUSCITA
 [13/10/21] - [16"44'40] LAVORAZIONE EFFETTIVA FILE: f:\lubex\GESLUX\EDI\test\backup\portale20210514150726-0_20211013_16444033
 [13/10/21] - [16"44'40] CREATO ORDINE: 2021 - 00125120
 [13/10/21] - [16"44'40] CREATO ORDINE: 2021 - 00125121
 [13/10/21] - [16"44'40] CREATO ORDINE: 2021 - 00125122
 [13/10/21] - [16"44'40] CREATO ORDINE: 2021 - 00125123
 [13/10/21] - [16"44'40] CREATO ORDINE: 2021 - 00125124
 [13/10/21] - [16"44'40] CREATO ORDINE: 2021 - 00125125
 [13/10/21] - [16"44'40] CREATO ORDINE: 2021 - 00125126
 [13/10/21] - [16"44'40] CREATO ORDINE: 2021 - 00125127
 [13/10/21] - [16"44'40] CREATO ORDINE: 2021 - 00125128
 [13/10/21] - [16"44'40] CREATO ORDINE: 2021 - 00125129
 [13/10/21] - [16"44'40] CREATO ORDINE: 2021 - 00125130
 [13/10/21] - [16"44'40] CREATO ORDINE: 2021 - 00125131
 [13/10/21] - [16"44'40] CREATO ORDINE: 2021 - 00125132
 [13/10/21] - [16"44'40] CREATO ORDINE: 2021 - 00125133
 [13/10/21] - [16"44'40] CREATO ORDINE: 2021 - 00125134
 [13/10/21] - [16"44'40] CREATO ORDINE: 2021 - 00125135
 [13/10/21] - [16"44'40] CREATO ORDINE: 2021 - 00125136
 [13/10/21] - [16"44'40] CREATO ORDINE: 2021 - 00125137
 [13/10/21] - [16"44'40] CREATO ORDINE: 2021 - 00125138
 [13/10/21] - [16"44'40] CREATO ORDINE: 2021 - 00125139
 [13/10/21] - [16"44'40] CREATO ORDINE: 2021 - 00125140
 [13/10/21] - [16"44'40] CREATO ORDINE: 2021 - 00125141
 [13/10/21] - [16"44'40] CREATO ORDINE: 2021 - 00125142
 [13/10/21] - [16"44'40] CREATO ORDINE: 2021 - 00125143
 [13/10/21] - [16"44'40] CREATO ORDINE: 2021 - 00125144
 [13/10/21] - [16"44'40] CREATO ORDINE: 2021 - 00125145
 [13/10/21] - [16"44'40] CREATO ORDINE: 2021 - 00125146
 [13/10/21] - [16"44'40] CREATO ORDINE: 2021 - 00125147
 [13/10/21] - [16"44'40] CREATO ORDINE: 2021 - 00125148
 [13/10/21] - [16"44'40] CREATO ORDINE: 2021 - 00125149
 [13/10/21] - [16"44'40] CREATO ORDINE: 2021 - 00125150
 [13/10/21] - [16"44'40] CREATO ORDINE: 2021 - 00125151
 [13/10/21] - [16"44'40] CREATO ORDINE: 2021 - 00125152
 [13/10/21] - [16"44'40] CREATO ORDINE: 2021 - 00125153
 [13/10/21] - [16"44'40]
 [13/10/21] - [16"44'40] ELABORAZIONE FILE f:\lubex\GESLUX\EDI\test\import\portale20210514150726-1
 [13/10/21] - [16"44'40] CREAZIONE FILE BACKUP : f:\lubex\GESLUX\EDI\test\backup\portale20210514150726-1_20211013_16444056
 [13/10/21] - [16"44'40] GENERAZIONE BACKUP RIUSCITA
 [13/10/21] - [16"44'40] CANCELLAZIONE FILE: f:\lubex\GESLUX\EDI\test\import\portale20210514150726-1
 [13/10/21] - [16"44'40] CANCELLAZIONE RIUSCITA
 [13/10/21] - [16"44'40] LAVORAZIONE EFFETTIVA FILE: f:\lubex\GESLUX\EDI\test\backup\portale20210514150726-1_20211013_16444056
 [13/10/21] - [16"44'40] CREATO ORDINE: 2021 - 00125154
 [13/10/21] - [16"44'40] CREATO ORDINE: 2021 - 00125155
 [13/10/21] - [16"44'40] CREATO ORDINE: 2021 - 00125156
 [13/10/21] - [16"44'40] CREATO ORDINE: 2021 - 00125157
 [13/10/21] - [16"44'40] CREATO ORDINE: 2021 - 00125158
 [13/10/21] - [16"44'40] CREATO ORDINE: 2021 - 00125159
 [13/10/21] - [16"44'40] CREATO ORDINE: 2021 - 00125160
 [13/10/21] - [16"44'40] CREATO ORDINE: 2021 - 00125161
 [13/10/21] - [16"44'40] CREATO ORDINE: 2021 - 00125162
 [13/10/21] - [16"44'40] CREATO ORDINE: 2021 - 00125163
 [13/10/21] - [16"44'40] CREATO ORDINE: 2021 - 00125164
 [13/10/21] - [16"44'40] CREATO ORDINE: 2021 - 00125165
 [13/10/21] - [16"44'40] CREATO ORDINE: 2021 - 00125166
 [13/10/21] - [16"44'40] CREATO ORDINE: 2021 - 00125167
 [13/10/21] - [16"44'40] CREATO ORDINE: 2021 - 00125168
 [13/10/21] - [16"44'40] CREATO ORDINE: 2021 - 00125169
 [13/10/21] - [16"44'40] CREATO ORDINE: 2021 - 00125170
 [13/10/21] - [16"44'40] CREATO ORDINE: 2021 - 00125171
 [13/10/21] - [16"44'40] CREATO ORDINE: 2021 - 00125172
 [13/10/21] - [16"44'40] CREATO ORDINE: 2021 - 00125173
 [13/10/21] - [16"44'40] CREATO ORDINE: 2021 - 00125174
 [13/10/21] - [16"44'40] CREATO ORDINE: 2021 - 00125175
 [13/10/21] - [16"44'40] CREATO ORDINE: 2021 - 00125176
 [13/10/21] - [16"44'40] CREATO ORDINE: 2021 - 00125177
 [13/10/21] - [16"44'40] CREATO ORDINE: 2021 - 00125178
 [13/10/21] - [16"44'40] CREATO ORDINE: 2021 - 00125179
 [13/10/21] - [16"44'40] CREATO ORDINE: 2021 - 00125180
 [13/10/21] - [16"44'40] CREATO ORDINE: 2021 - 00125181
 [13/10/21] - [16"44'40] CREATO ORDINE: 2021 - 00125182
 [13/10/21] - [16"44'40] CREATO ORDINE: 2021 - 00125183
 [13/10/21] - [16"44'40] CREATO ORDINE: 2021 - 00125184
 [13/10/21] - [16"44'40] CREATO ORDINE: 2021 - 00125185
 [13/10/21] - [16"44'40] CREATO ORDINE: 2021 - 00125186
 [13/10/21] - [16"44'40] CREATO ORDINE: 2021 - 00125187
 [13/10/21] - [16"44'40]
 [13/10/21] - [16"44'40] ELABORAZIONE FILE f:\lubex\GESLUX\EDI\test\import\portale20210514150726-2
 [13/10/21] - [16"44'40] CREAZIONE FILE BACKUP : f:\lubex\GESLUX\EDI\test\backup\portale20210514150726-2_20211013_16444079
 [13/10/21] - [16"44'40] GENERAZIONE BACKUP RIUSCITA
 [13/10/21] - [16"44'40] CANCELLAZIONE FILE: f:\lubex\GESLUX\EDI\test\import\portale20210514150726-2
 [13/10/21] - [16"44'40] CANCELLAZIONE RIUSCITA
 [13/10/21] - [16"44'40] LAVORAZIONE EFFETTIVA FILE: f:\lubex\GESLUX\EDI\test\backup\portale20210514150726-2_20211013_16444079
 [13/10/21] - [16"44'40] CREATO ORDINE: 2021 - 00125188
 [13/10/21] - [16"44'40] CREATO ORDINE: 2021 - 00125189
 [13/10/21] - [16"44'40] CREATO ORDINE: 2021 - 00125190
 [13/10/21] - [16"44'40] CREATO ORDINE: 2021 - 00125191
 [13/10/21] - [16"44'40] CREATO ORDINE: 2021 - 00125192
 [13/10/21] - [16"44'40] CREATO ORDINE: 2021 - 00125193
 [13/10/21] - [16"44'40] CREATO ORDINE: 2021 - 00125194
 [13/10/21] - [16"44'40] CREATO ORDINE: 2021 - 00125195
 [13/10/21] - [16"44'40] CREATO ORDINE: 2021 - 00125196
 [13/10/21] - [16"44'40] CREATO ORDINE: 2021 - 00125197
 [13/10/21] - [16"44'40] CREATO ORDINE: 2021 - 00125198
 [13/10/21] - [16"44'40] CREATO ORDINE: 2021 - 00125199
 [13/10/21] - [16"44'40] CREATO ORDINE: 2021 - 00125200
 [13/10/21] - [16"44'40] CREATO ORDINE: 2021 - 00125201
 [13/10/21] - [16"44'40] CREATO ORDINE: 2021 - 00125202
 [13/10/21] - [16"44'40] CREATO ORDINE: 2021 - 00125203
 [13/10/21] - [16"44'40] CREATO ORDINE: 2021 - 00125204
 [13/10/21] - [16"44'40] CREATO ORDINE: 2021 - 00125205
 [13/10/21] - [16"44'40] CREATO ORDINE: 2021 - 00125206
 [13/10/21] - [16"44'40] CREATO ORDINE: 2021 - 00125207
 [13/10/21] - [16"44'40] CREATO ORDINE: 2021 - 00125208
 [13/10/21] - [16"44'40] CREATO ORDINE: 2021 - 00125209
 [13/10/21] - [16"44'40] CREATO ORDINE: 2021 - 00125210
 [13/10/21] - [16"44'40] CREATO ORDINE: 2021 - 00125211
 [13/10/21] - [16"44'40] CREATO ORDINE: 2021 - 00125212
 [13/10/21] - [16"44'40] CREATO ORDINE: 2021 - 00125213
 [13/10/21] - [16"44'40] CREATO ORDINE: 2021 - 00125214
 [13/10/21] - [16"44'40] CREATO ORDINE: 2021 - 00125215
 [13/10/21] - [16"44'40] CREATO ORDINE: 2021 - 00125216
 [13/10/21] - [16"44'40] CREATO ORDINE: 2021 - 00125217
 [13/10/21] - [16"44'40] CREATO ORDINE: 2021 - 00125218
 [13/10/21] - [16"44'40] CREATO ORDINE: 2021 - 00125219
 [13/10/21] - [16"44'40] CREATO ORDINE: 2021 - 00125220
 [13/10/21] - [16"44'41] CREATO ORDINE: 2021 - 00125221
 [13/10/21] - [16"44'41]
 [13/10/21] - [16"44'41] ELABORAZIONE FILE f:\lubex\GESLUX\EDI\test\import\portale20210514150726-3
 [13/10/21] - [16"44'41] CREAZIONE FILE BACKUP : f:\lubex\GESLUX\EDI\test\backup\portale20210514150726-3_20211013_16444101
 [13/10/21] - [16"44'41] GENERAZIONE BACKUP RIUSCITA
 [13/10/21] - [16"44'41] CANCELLAZIONE FILE: f:\lubex\GESLUX\EDI\test\import\portale20210514150726-3
 [13/10/21] - [16"44'41] CANCELLAZIONE RIUSCITA
 [13/10/21] - [16"44'41] LAVORAZIONE EFFETTIVA FILE: f:\lubex\GESLUX\EDI\test\backup\portale20210514150726-3_20211013_16444101
 [13/10/21] - [16"44'41] CREATO ORDINE: 2021 - 00125222
 [13/10/21] - [16"44'41] CREATO ORDINE: 2021 - 00125223
 [13/10/21] - [16"44'41] CREATO ORDINE: 2021 - 00125224
 [13/10/21] - [16"44'41] CREATO ORDINE: 2021 - 00125225
 [13/10/21] - [16"44'41] CREATO ORDINE: 2021 - 00125226
 [13/10/21] - [16"44'41] CREATO ORDINE: 2021 - 00125227
 [13/10/21] - [16"44'41] CREATO ORDINE: 2021 - 00125228
 [13/10/21] - [16"44'41] CREATO ORDINE: 2021 - 00125229
 [13/10/21] - [16"44'41] CREATO ORDINE: 2021 - 00125230
 [13/10/21] - [16"44'41] CREATO ORDINE: 2021 - 00125231
 [13/10/21] - [16"44'41] CREATO ORDINE: 2021 - 00125232
 [13/10/21] - [16"44'41] CREATO ORDINE: 2021 - 00125233
 [13/10/21] - [16"44'41] CREATO ORDINE: 2021 - 00125234
 [13/10/21] - [16"44'41] CREATO ORDINE: 2021 - 00125235
 [13/10/21] - [16"44'41] CREATO ORDINE: 2021 - 00125236
 [13/10/21] - [16"44'41] CREATO ORDINE: 2021 - 00125237
 [13/10/21] - [16"44'41] CREATO ORDINE: 2021 - 00125238
 [13/10/21] - [16"44'41] CREATO ORDINE: 2021 - 00125239
 [13/10/21] - [16"44'41] CREATO ORDINE: 2021 - 00125240
 [13/10/21] - [16"44'41] CREATO ORDINE: 2021 - 00125241
 [13/10/21] - [16"44'41] CREATO ORDINE: 2021 - 00125242
 [13/10/21] - [16"44'41] CREATO ORDINE: 2021 - 00125243
 [13/10/21] - [16"44'41] CREATO ORDINE: 2021 - 00125244
 [13/10/21] - [16"44'41] CREATO ORDINE: 2021 - 00125245
 [13/10/21] - [16"44'41] CREATO ORDINE: 2021 - 00125246
 [13/10/21] - [16"44'41] CREATO ORDINE: 2021 - 00125247
 [13/10/21] - [16"44'41] CREATO ORDINE: 2021 - 00125248
 [13/10/21] - [16"44'41] CREATO ORDINE: 2021 - 00125249
 [13/10/21] - [16"44'41] CREATO ORDINE: 2021 - 00125250
 [13/10/21] - [16"44'41] CREATO ORDINE: 2021 - 00125251
 [13/10/21] - [16"44'41] CREATO ORDINE: 2021 - 00125252
 [13/10/21] - [16"44'41] CREATO ORDINE: 2021 - 00125253
 [13/10/21] - [16"44'41] CREATO ORDINE: 2021 - 00125254
 [13/10/21] - [16"44'41] CREATO ORDINE: 2021 - 00125255
 [13/10/21] - [16"44'41]
 [13/10/21] - [16"44'41] ELABORAZIONE FILE f:\lubex\GESLUX\EDI\test\import\portale20210514150726-4
 [13/10/21] - [16"44'41] CREAZIONE FILE BACKUP : f:\lubex\GESLUX\EDI\test\backup\portale20210514150726-4_20211013_16444124
 [13/10/21] - [16"44'41] GENERAZIONE BACKUP RIUSCITA
 [13/10/21] - [16"44'41] CANCELLAZIONE FILE: f:\lubex\GESLUX\EDI\test\import\portale20210514150726-4
 [13/10/21] - [16"44'41] CANCELLAZIONE RIUSCITA
 [13/10/21] - [16"44'41] LAVORAZIONE EFFETTIVA FILE: f:\lubex\GESLUX\EDI\test\backup\portale20210514150726-4_20211013_16444124
 [13/10/21] - [16"44'41] CREATO ORDINE: 2021 - 00125256
 [13/10/21] - [16"44'41] CREATO ORDINE: 2021 - 00125257
 [13/10/21] - [16"44'41] CREATO ORDINE: 2021 - 00125258
 [13/10/21] - [16"44'41] CREATO ORDINE: 2021 - 00125259
 [13/10/21] - [16"44'41] CREATO ORDINE: 2021 - 00125260
 [13/10/21] - [16"44'41] CREATO ORDINE: 2021 - 00125261
 [13/10/21] - [16"44'41] CREATO ORDINE: 2021 - 00125262
 [13/10/21] - [16"44'41] CREATO ORDINE: 2021 - 00125263
 [13/10/21] - [16"44'41] CREATO ORDINE: 2021 - 00125264
 [13/10/21] - [16"44'41] CREATO ORDINE: 2021 - 00125265
 [13/10/21] - [16"44'41] CREATO ORDINE: 2021 - 00125266
 [13/10/21] - [16"44'41] CREATO ORDINE: 2021 - 00125267
 [13/10/21] - [16"44'41] CREATO ORDINE: 2021 - 00125268
 [13/10/21] - [16"44'41] CREATO ORDINE: 2021 - 00125269
 [13/10/21] - [16"44'41] CREATO ORDINE: 2021 - 00125270
 [13/10/21] - [16"44'41] CREATO ORDINE: 2021 - 00125271
 [13/10/21] - [16"44'41] CREATO ORDINE: 2021 - 00125272
 [13/10/21] - [16"44'41] CREATO ORDINE: 2021 - 00125273
 [13/10/21] - [16"44'41] CREATO ORDINE: 2021 - 00125274
 [13/10/21] - [16"44'41] CREATO ORDINE: 2021 - 00125275
 [13/10/21] - [16"44'41] CREATO ORDINE: 2021 - 00125276
 [13/10/21] - [16"44'41] CREATO ORDINE: 2021 - 00125277
 [13/10/21] - [16"44'41] CREATO ORDINE: 2021 - 00125278
 [13/10/21] - [16"44'41] CREATO ORDINE: 2021 - 00125279
 [13/10/21] - [16"44'41] CREATO ORDINE: 2021 - 00125280
 [13/10/21] - [16"44'41] CREATO ORDINE: 2021 - 00125281
 [13/10/21] - [16"44'41] CREATO ORDINE: 2021 - 00125282
 [13/10/21] - [16"44'41] CREATO ORDINE: 2021 - 00125283
 [13/10/21] - [16"44'41] CREATO ORDINE: 2021 - 00125284
 [13/10/21] - [16"44'41] CREATO ORDINE: 2021 - 00125285
 [13/10/21] - [16"44'41] CREATO ORDINE: 2021 - 00125286
 [13/10/21] - [16"44'41] CREATO ORDINE: 2021 - 00125287
 [13/10/21] - [16"44'41] CREATO ORDINE: 2021 - 00125288
 [13/10/21] - [16"44'41] CREATO ORDINE: 2021 - 00125289
 [13/10/21] - [16"44'41]
 [13/10/21] - [16"44'41] ELABORAZIONE FILE f:\lubex\GESLUX\EDI\test\import\portale20210514150726-5
 [13/10/21] - [16"44'41] CREAZIONE FILE BACKUP : f:\lubex\GESLUX\EDI\test\backup\portale20210514150726-5_20211013_16444152
 [13/10/21] - [16"44'41] GENERAZIONE BACKUP RIUSCITA
 [13/10/21] - [16"44'41] CANCELLAZIONE FILE: f:\lubex\GESLUX\EDI\test\import\portale20210514150726-5
 [13/10/21] - [16"44'41] CANCELLAZIONE RIUSCITA
 [13/10/21] - [16"44'41] LAVORAZIONE EFFETTIVA FILE: f:\lubex\GESLUX\EDI\test\backup\portale20210514150726-5_20211013_16444152
 [13/10/21] - [16"44'41] CREATO ORDINE: 2021 - 00125290
 [13/10/21] - [16"44'41] CREATO ORDINE: 2021 - 00125291
 [13/10/21] - [16"44'41] CREATO ORDINE: 2021 - 00125292
 [13/10/21] - [16"44'41] CREATO ORDINE: 2021 - 00125293
 [13/10/21] - [16"44'41] CREATO ORDINE: 2021 - 00125294
 [13/10/21] - [16"44'41] CREATO ORDINE: 2021 - 00125295
 [13/10/21] - [16"44'41] CREATO ORDINE: 2021 - 00125296
 [13/10/21] - [16"44'41] CREATO ORDINE: 2021 - 00125297
 [13/10/21] - [16"44'41] CREATO ORDINE: 2021 - 00125298
 [13/10/21] - [16"44'41] CREATO ORDINE: 2021 - 00125299
 [13/10/21] - [16"44'41] CREATO ORDINE: 2021 - 00125300
 [13/10/21] - [16"44'41] CREATO ORDINE: 2021 - 00125301
 [13/10/21] - [16"44'41] CREATO ORDINE: 2021 - 00125302
 [13/10/21] - [16"44'41] CREATO ORDINE: 2021 - 00125303
 [13/10/21] - [16"44'41] CREATO ORDINE: 2021 - 00125304
 [13/10/21] - [16"44'41] CREATO ORDINE: 2021 - 00125305
 [13/10/21] - [16"44'41] CREATO ORDINE: 2021 - 00125306
 [13/10/21] - [16"44'41] CREATO ORDINE: 2021 - 00125307
 [13/10/21] - [16"44'41] CREATO ORDINE: 2021 - 00125308
 [13/10/21] - [16"44'41] CREATO ORDINE: 2021 - 00125309
 [13/10/21] - [16"44'41] CREATO ORDINE: 2021 - 00125310
 [13/10/21] - [16"44'41] CREATO ORDINE: 2021 - 00125311
 [13/10/21] - [16"44'41] CREATO ORDINE: 2021 - 00125312
 [13/10/21] - [16"44'41] CREATO ORDINE: 2021 - 00125313
 [13/10/21] - [16"44'41] CREATO ORDINE: 2021 - 00125314
 [13/10/21] - [16"44'41] CREATO ORDINE: 2021 - 00125315
 [13/10/21] - [16"44'41] CREATO ORDINE: 2021 - 00125316
 [13/10/21] - [16"44'41] CREATO ORDINE: 2021 - 00125317
 [13/10/21] - [16"44'41] CREATO ORDINE: 2021 - 00125318
 [13/10/21] - [16"44'41] CREATO ORDINE: 2021 - 00125319
 [13/10/21] - [16"44'41] CREATO ORDINE: 2021 - 00125320
 [13/10/21] - [16"44'41] CREATO ORDINE: 2021 - 00125321
 [13/10/21] - [16"44'41] CREATO ORDINE: 2021 - 00125322
 [13/10/21] - [16"44'41] CREATO ORDINE: 2021 - 00125323
 [13/10/21] - [16"44'41]
 [13/10/21] - [16"44'41] FILES TRATTATI: 007 - OK: 007 - NON ELABORATI: 000
 [13/10/21] - [16"44'41] *** ORDINI TRATTATI: 00206 di cui 00206 da verificare ****
 [13/10/21] - [16"44'41]
 [13/10/21] - [16"44'41] ELABORAZIONE TERMINATA IN: 01 SECONDI
