 [25/11/19] - [14"24'23] INIZIO PROGRAMMA
 [25/11/19] - [14"24'23] INIZIO SOMMA VENDUTI
 [25/11/19] - [14"24'25] FINE SOMMA VENDUTI
 [25/11/19] - [14"24'25] CONTROLLO ESEGUIBILITA'
 [25/11/19] - [14"24'25] CONTROLLO ESEGUIBILITA' OK
 [25/11/19] - [14"24'25] OPEN OUTPUT TMP-FORN
 [25/11/19] - [14"24'25] OPEN OUTPUT TMP-ORDFOR
 [25/11/19] - [14"24'25] QTA-PROMO
 [25/11/19] - [14"24'31] VALORIZZA CAMPI
 [25/11/19] - [14"26'20] RIEMPI GRID
 [25/11/19] - [14"26'23] RIEMPI GRID OK
 [25/11/19] - [14"26'23] INIZIO ELABORAZIONE AUTOMATICA
 [25/11/19] - [14"42'13] INIZIO RICALCOLO
 [25/11/19] - [14"43'18] FINE RICALCOLO
 [25/11/19] - [14"43'18] OPEN OUTPUT TMP-FORN
 [25/11/19] - [14"43'18] OPEN OUTPUT TMP-ORDFOR
 [25/11/19] - [14"43'18] QTA-PROMO
 [25/11/19] - [14"43'24] VALORIZZA CAMPI
 [25/11/19] - [14"45'11] RIEMPI GRID
 [25/11/19] - [14"45'19] RIEMPI GRID OK
 [25/11/19] - [14"45'19] INIZIO SCANSIONE RIGHE GRIGLIA
 [25/11/19] - [14"45'19] FINE SCANSIONE RIGHE GRIGLIA
 [25/11/19] - [14"45'19] GENERAZIONE ORDINI FORNITORI
 [25/11/19] - [14"45'19] RICHIAMO PROGRAMMA CREA-ORDFOR
