 [24/01/24] - [23"37'20] INIZIO ELABORAZIONE
 [24/01/24] - [23"37'20] CONTROLLO ESISTENZA CARTELLE OK
 [24/01/24] - [23"37'20]
 [24/01/24] - [23"37'20] ELABORAZIONE FILE f:\lubex\GESLUX\EDI\test\import\CARREFOUR_C$3377435064_20240112_07000368_20240124_19095839
 [24/01/24] - [23"37'20] CREAZIONE FILE BACKUP : f:\lubex\GESLUX\EDI\test\backup\CARREFOUR_C$3377435064_20240112_07000368_20240124_19095839_20240124_23372063
 [24/01/24] - [23"37'20] GENERAZIONE BACKUP RIUSCITA
 [24/01/24] - [23"37'20] CANCELLAZIONE FILE: f:\lubex\GESLUX\EDI\test\import\CARREFOUR_C$3377435064_20240112_07000368_20240124_19095839
 [24/01/24] - [23"37'20] CANCELLAZIONE RIUSCITA
 [24/01/24] - [23"37'20] LAVORAZIONE EFFETTIVA FILE: f:\lubex\GESLUX\EDI\test\backup\CARREFOUR_C$3377435064_20240112_07000368_20240124_19095839_20240124_23372063
 [24/01/24] - [23"37'20] CREATO ORDINE: 2024 - 00200492
 [24/01/24] - [23"37'20] CREATO ORDINE: 2024 - 00200493
 [24/01/24] - [23"37'20] CREATO ORDINE: 2024 - 00200494
 [24/01/24] - [23"37'20] CREATO ORDINE: 2024 - 00200495
 [24/01/24] - [23"37'20] CREATO ORDINE: 2024 - 00200496
 [24/01/24] - [23"37'20] CREATO ORDINE: 2024 - 00200497
 [24/01/24] - [23"37'20] CREATO ORDINE: 2024 - 00200498
 [24/01/24] - [23"37'20] CREATO ORDINE: 2024 - 00200499
 [24/01/24] - [23"37'20] CREATO ORDINE: 2024 - 00200500
 [24/01/24] - [23"37'20] CREATO ORDINE: 2024 - 00200501
 [24/01/24] - [23"37'20] CREATO ORDINE: 2024 - 00200502
 [24/01/24] - [23"38'01]
 [24/01/24] - [23"38'01] FILES TRATTATI: 001 - OK: 001 - NON ELABORATI: 000
 [24/01/24] - [23"38'01] *** ORDINI TRATTATI: 00012 di cui 00011 da verificare ****
 [24/01/24] - [23"38'01]
 [24/01/24] - [23"38'01] ELABORAZIONE TERMINATA IN: 41 SECONDI
