 [13/12/21] - [11"31'00] INIZIO ELABORAZIONE
 [13/12/21] - [11"31'00] CONTROLLO ESISTENZA CARTELLE OK
 [13/12/21] - [11"31'00]
 [13/12/21] - [11"31'00] ELABORAZIONE FILE f:\lubex\GESLUX\EDI\test\import\amazon_drop20211204170056_20211205_00544016
 [13/12/21] - [11"31'00] CREAZIONE FILE BACKUP : f:\lubex\GESLUX\EDI\test\backup\amazon_drop20211204170056_20211205_00544016_20211213_11310060
 [13/12/21] - [11"31'00] GENERAZIONE BACKUP RIUSCITA
 [13/12/21] - [11"31'00] CANCELLAZIONE FILE: f:\lubex\GESLUX\EDI\test\import\amazon_drop20211204170056_20211205_00544016
 [13/12/21] - [11"31'00] CANCELLAZIONE RIUSCITA
 [13/12/21] - [11"31'00] LAVORAZIONE EFFETTIVA FILE: f:\lubex\GESLUX\EDI\test\backup\amazon_drop20211204170056_20211205_00544016_20211213_11310060
 [13/12/21] - [11"31'00] CREATO ORDINE: 2021 - 00000002
 [13/12/21] - [11"31'00]
 [13/12/21] - [11"31'00] ELABORAZIONE FILE f:\lubex\GESLUX\EDI\test\import\amazon_drop20211205083105_20211206_01005073
 [13/12/21] - [11"31'00] CREAZIONE FILE BACKUP : f:\lubex\GESLUX\EDI\test\backup\amazon_drop20211205083105_20211206_01005073_20211213_11310060
 [13/12/21] - [11"31'00] GENERAZIONE BACKUP RIUSCITA
 [13/12/21] - [11"31'00] CANCELLAZIONE FILE: f:\lubex\GESLUX\EDI\test\import\amazon_drop20211205083105_20211206_01005073
 [13/12/21] - [11"31'00] CANCELLAZIONE RIUSCITA
 [13/12/21] - [11"31'00] LAVORAZIONE EFFETTIVA FILE: f:\lubex\GESLUX\EDI\test\backup\amazon_drop20211205083105_20211206_01005073_20211213_11310060
 [13/12/21] - [11"31'00] CREATO ORDINE: 2021 - 00000003
 [13/12/21] - [11"31'00]
 [13/12/21] - [11"31'00] ELABORAZIONE FILE f:\lubex\GESLUX\EDI\test\import\amazon_drop20211205115608_20211206_01005089
 [13/12/21] - [11"31'00] CREAZIONE FILE BACKUP : f:\lubex\GESLUX\EDI\test\backup\amazon_drop20211205115608_20211206_01005089_20211213_11310061
 [13/12/21] - [11"31'00] GENERAZIONE BACKUP RIUSCITA
 [13/12/21] - [11"31'00] CANCELLAZIONE FILE: f:\lubex\GESLUX\EDI\test\import\amazon_drop20211205115608_20211206_01005089
 [13/12/21] - [11"31'00] CANCELLAZIONE RIUSCITA
 [13/12/21] - [11"31'00] LAVORAZIONE EFFETTIVA FILE: f:\lubex\GESLUX\EDI\test\backup\amazon_drop20211205115608_20211206_01005089_20211213_11310061
 [13/12/21] - [11"31'00] CREATO ORDINE: 2021 - 00000004
 [13/12/21] - [11"31'00]
 [13/12/21] - [11"31'00] ELABORAZIONE FILE f:\lubex\GESLUX\EDI\test\import\amazon_drop20211205190609_20211206_01005100
 [13/12/21] - [11"31'00] CREAZIONE FILE BACKUP : f:\lubex\GESLUX\EDI\test\backup\amazon_drop20211205190609_20211206_01005100_20211213_11310061
 [13/12/21] - [11"31'00] GENERAZIONE BACKUP RIUSCITA
 [13/12/21] - [11"31'00] CANCELLAZIONE FILE: f:\lubex\GESLUX\EDI\test\import\amazon_drop20211205190609_20211206_01005100
 [13/12/21] - [11"31'00] CANCELLAZIONE RIUSCITA
 [13/12/21] - [11"31'00] LAVORAZIONE EFFETTIVA FILE: f:\lubex\GESLUX\EDI\test\backup\amazon_drop20211205190609_20211206_01005100_20211213_11310061
 [13/12/21] - [11"31'00] CREATO ORDINE: 2021 - 00000005
 [13/12/21] - [11"31'00]
 [13/12/21] - [11"31'00] ELABORAZIONE FILE f:\lubex\GESLUX\EDI\test\import\amazon_drop20211205203011_20211206_01005111
 [13/12/21] - [11"31'00] CREAZIONE FILE BACKUP : f:\lubex\GESLUX\EDI\test\backup\amazon_drop20211205203011_20211206_01005111_20211213_11310062
 [13/12/21] - [11"31'00] GENERAZIONE BACKUP RIUSCITA
 [13/12/21] - [11"31'00] CANCELLAZIONE FILE: f:\lubex\GESLUX\EDI\test\import\amazon_drop20211205203011_20211206_01005111
 [13/12/21] - [11"31'00] CANCELLAZIONE RIUSCITA
 [13/12/21] - [11"31'00] LAVORAZIONE EFFETTIVA FILE: f:\lubex\GESLUX\EDI\test\backup\amazon_drop20211205203011_20211206_01005111_20211213_11310062
 [13/12/21] - [11"31'00] CREATO ORDINE: 2021 - 00000006
 [13/12/21] - [11"31'00]
 [13/12/21] - [11"31'00] ELABORAZIONE FILE f:\lubex\GESLUX\EDI\test\import\amazon_drop20211206084637_20211206_10023788
 [13/12/21] - [11"31'00] CREAZIONE FILE BACKUP : f:\lubex\GESLUX\EDI\test\backup\amazon_drop20211206084637_20211206_10023788_20211213_11310062
 [13/12/21] - [11"31'00] GENERAZIONE BACKUP RIUSCITA
 [13/12/21] - [11"31'00] CANCELLAZIONE FILE: f:\lubex\GESLUX\EDI\test\import\amazon_drop20211206084637_20211206_10023788
 [13/12/21] - [11"31'00] CANCELLAZIONE RIUSCITA
 [13/12/21] - [11"31'00] LAVORAZIONE EFFETTIVA FILE: f:\lubex\GESLUX\EDI\test\backup\amazon_drop20211206084637_20211206_10023788_20211213_11310062
 [13/12/21] - [11"31'00] CREATO ORDINE: 2021 - 00000007
 [13/12/21] - [11"31'00]
 [13/12/21] - [11"31'00] ELABORAZIONE FILE f:\lubex\GESLUX\EDI\test\import\amazon_drop20211206094638_20211206_12270643
 [13/12/21] - [11"31'00] CREAZIONE FILE BACKUP : f:\lubex\GESLUX\EDI\test\backup\amazon_drop20211206094638_20211206_12270643_20211213_11310063
 [13/12/21] - [11"31'00] GENERAZIONE BACKUP RIUSCITA
 [13/12/21] - [11"31'00] CANCELLAZIONE FILE: f:\lubex\GESLUX\EDI\test\import\amazon_drop20211206094638_20211206_12270643
 [13/12/21] - [11"31'00] CANCELLAZIONE RIUSCITA
 [13/12/21] - [11"31'00] LAVORAZIONE EFFETTIVA FILE: f:\lubex\GESLUX\EDI\test\backup\amazon_drop20211206094638_20211206_12270643_20211213_11310063
 [13/12/21] - [11"31'00] CREATO ORDINE: 2021 - 00000008
 [13/12/21] - [11"31'00]
 [13/12/21] - [11"31'00] ELABORAZIONE FILE f:\lubex\GESLUX\EDI\test\import\amazon_drop20211206113544_20211206_12493292
 [13/12/21] - [11"31'00] CREAZIONE FILE BACKUP : f:\lubex\GESLUX\EDI\test\backup\amazon_drop20211206113544_20211206_12493292_20211213_11310063
 [13/12/21] - [11"31'00] GENERAZIONE BACKUP RIUSCITA
 [13/12/21] - [11"31'00] CANCELLAZIONE FILE: f:\lubex\GESLUX\EDI\test\import\amazon_drop20211206113544_20211206_12493292
 [13/12/21] - [11"31'00] CANCELLAZIONE RIUSCITA
 [13/12/21] - [11"31'00] LAVORAZIONE EFFETTIVA FILE: f:\lubex\GESLUX\EDI\test\backup\amazon_drop20211206113544_20211206_12493292_20211213_11310063
 [13/12/21] - [11"31'00] CREATO ORDINE: 2021 - 00000009
 [13/12/21] - [11"31'00]
 [13/12/21] - [11"31'00] ELABORAZIONE FILE f:\lubex\GESLUX\EDI\test\import\amazon_drop20211206190618_20211207_01032221
 [13/12/21] - [11"31'00] CREAZIONE FILE BACKUP : f:\lubex\GESLUX\EDI\test\backup\amazon_drop20211206190618_20211207_01032221_20211213_11310064
 [13/12/21] - [11"31'00] GENERAZIONE BACKUP RIUSCITA
 [13/12/21] - [11"31'00] CANCELLAZIONE FILE: f:\lubex\GESLUX\EDI\test\import\amazon_drop20211206190618_20211207_01032221
 [13/12/21] - [11"31'00] CANCELLAZIONE RIUSCITA
 [13/12/21] - [11"31'00] LAVORAZIONE EFFETTIVA FILE: f:\lubex\GESLUX\EDI\test\backup\amazon_drop20211206190618_20211207_01032221_20211213_11310064
 [13/12/21] - [11"31'00] CREATO ORDINE: 2021 - 00000010
 [13/12/21] - [11"31'00]
 [13/12/21] - [11"31'00] ELABORAZIONE FILE f:\lubex\GESLUX\EDI\test\import\amazon_drop20211206221623_20211207_01032238
 [13/12/21] - [11"31'00] CREAZIONE FILE BACKUP : f:\lubex\GESLUX\EDI\test\backup\amazon_drop20211206221623_20211207_01032238_20211213_11310072
 [13/12/21] - [11"31'00] GENERAZIONE BACKUP RIUSCITA
 [13/12/21] - [11"31'00] CANCELLAZIONE FILE: f:\lubex\GESLUX\EDI\test\import\amazon_drop20211206221623_20211207_01032238
 [13/12/21] - [11"31'00] CANCELLAZIONE RIUSCITA
 [13/12/21] - [11"31'00] LAVORAZIONE EFFETTIVA FILE: f:\lubex\GESLUX\EDI\test\backup\amazon_drop20211206221623_20211207_01032238_20211213_11310072
 [13/12/21] - [11"31'00] CREATO ORDINE: 2021 - 00000011
 [13/12/21] - [11"31'00]
 [13/12/21] - [11"31'00] ELABORAZIONE FILE f:\lubex\GESLUX\EDI\test\import\amazon_drop20211207080057_20211207_09250647
 [13/12/21] - [11"31'00] CREAZIONE FILE BACKUP : f:\lubex\GESLUX\EDI\test\backup\amazon_drop20211207080057_20211207_09250647_20211213_11310072
 [13/12/21] - [11"31'00] GENERAZIONE BACKUP RIUSCITA
 [13/12/21] - [11"31'00] CANCELLAZIONE FILE: f:\lubex\GESLUX\EDI\test\import\amazon_drop20211207080057_20211207_09250647
 [13/12/21] - [11"31'00] CANCELLAZIONE RIUSCITA
 [13/12/21] - [11"31'00] LAVORAZIONE EFFETTIVA FILE: f:\lubex\GESLUX\EDI\test\backup\amazon_drop20211207080057_20211207_09250647_20211213_11310072
 [13/12/21] - [11"31'00] CREATO ORDINE: 2021 - 00000012
 [13/12/21] - [11"31'00]
 [13/12/21] - [11"31'00] ELABORAZIONE FILE f:\lubex\GESLUX\EDI\test\import\amazon_drop20211207102505_20211207_12215518
 [13/12/21] - [11"31'00] CREAZIONE FILE BACKUP : f:\lubex\GESLUX\EDI\test\backup\amazon_drop20211207102505_20211207_12215518_20211213_11310072
 [13/12/21] - [11"31'00] GENERAZIONE BACKUP RIUSCITA
 [13/12/21] - [11"31'00] CANCELLAZIONE FILE: f:\lubex\GESLUX\EDI\test\import\amazon_drop20211207102505_20211207_12215518
 [13/12/21] - [11"31'00] CANCELLAZIONE RIUSCITA
 [13/12/21] - [11"31'00] LAVORAZIONE EFFETTIVA FILE: f:\lubex\GESLUX\EDI\test\backup\amazon_drop20211207102505_20211207_12215518_20211213_11310072
 [13/12/21] - [11"31'00] CREATO ORDINE: 2021 - 00000013
 [13/12/21] - [11"31'00]
 [13/12/21] - [11"31'00] ELABORAZIONE FILE f:\lubex\GESLUX\EDI\test\import\amazon_drop20211207132505_20211207_15093382
 [13/12/21] - [11"31'00] CREAZIONE FILE BACKUP : f:\lubex\GESLUX\EDI\test\backup\amazon_drop20211207132505_20211207_15093382_20211213_11310073
 [13/12/21] - [11"31'00] GENERAZIONE BACKUP RIUSCITA
 [13/12/21] - [11"31'00] CANCELLAZIONE FILE: f:\lubex\GESLUX\EDI\test\import\amazon_drop20211207132505_20211207_15093382
 [13/12/21] - [11"31'00] CANCELLAZIONE RIUSCITA
 [13/12/21] - [11"31'00] LAVORAZIONE EFFETTIVA FILE: f:\lubex\GESLUX\EDI\test\backup\amazon_drop20211207132505_20211207_15093382_20211213_11310073
 [13/12/21] - [11"31'00] CREATO ORDINE: 2021 - 00000014
 [13/12/21] - [11"31'00]
 [13/12/21] - [11"31'00] ELABORAZIONE FILE f:\lubex\GESLUX\EDI\test\import\amazon_drop20211207173505_20211208_00435624
 [13/12/21] - [11"31'00] CREAZIONE FILE BACKUP : f:\lubex\GESLUX\EDI\test\backup\amazon_drop20211207173505_20211208_00435624_20211213_11310073
 [13/12/21] - [11"31'00] GENERAZIONE BACKUP RIUSCITA
 [13/12/21] - [11"31'00] CANCELLAZIONE FILE: f:\lubex\GESLUX\EDI\test\import\amazon_drop20211207173505_20211208_00435624
 [13/12/21] - [11"31'00] CANCELLAZIONE RIUSCITA
 [13/12/21] - [11"31'00] LAVORAZIONE EFFETTIVA FILE: f:\lubex\GESLUX\EDI\test\backup\amazon_drop20211207173505_20211208_00435624_20211213_11310073
 [13/12/21] - [11"31'00] CREATO ORDINE: 2021 - 00000015
 [13/12/21] - [11"31'00]
 [13/12/21] - [11"31'00] ELABORAZIONE FILE f:\lubex\GESLUX\EDI\test\import\amazon_drop20211207201504_20211208_00435638
 [13/12/21] - [11"31'00] CREAZIONE FILE BACKUP : f:\lubex\GESLUX\EDI\test\backup\amazon_drop20211207201504_20211208_00435638_20211213_11310074
 [13/12/21] - [11"31'00] GENERAZIONE BACKUP RIUSCITA
 [13/12/21] - [11"31'00] CANCELLAZIONE FILE: f:\lubex\GESLUX\EDI\test\import\amazon_drop20211207201504_20211208_00435638
 [13/12/21] - [11"31'00] CANCELLAZIONE RIUSCITA
 [13/12/21] - [11"31'00] LAVORAZIONE EFFETTIVA FILE: f:\lubex\GESLUX\EDI\test\backup\amazon_drop20211207201504_20211208_00435638_20211213_11310074
 [13/12/21] - [11"31'00] CREATO ORDINE: 2021 - 00000016
 [13/12/21] - [11"31'00]
 [13/12/21] - [11"31'00] ELABORAZIONE FILE f:\lubex\GESLUX\EDI\test\import\amazon_drop20211208141504_20211209_00432541
 [13/12/21] - [11"31'00] CREAZIONE FILE BACKUP : f:\lubex\GESLUX\EDI\test\backup\amazon_drop20211208141504_20211209_00432541_20211213_11310075
 [13/12/21] - [11"31'00] GENERAZIONE BACKUP RIUSCITA
 [13/12/21] - [11"31'00] CANCELLAZIONE FILE: f:\lubex\GESLUX\EDI\test\import\amazon_drop20211208141504_20211209_00432541
 [13/12/21] - [11"31'00] CANCELLAZIONE RIUSCITA
 [13/12/21] - [11"31'00] LAVORAZIONE EFFETTIVA FILE: f:\lubex\GESLUX\EDI\test\backup\amazon_drop20211208141504_20211209_00432541_20211213_11310075
 [13/12/21] - [11"31'00] CREATO ORDINE: 2021 - 00000017
 [13/12/21] - [11"31'00]
 [13/12/21] - [11"31'00] ELABORAZIONE FILE f:\lubex\GESLUX\EDI\test\import\amazon_drop20211208191506_20211209_00432555
 [13/12/21] - [11"31'00] CREAZIONE FILE BACKUP : f:\lubex\GESLUX\EDI\test\backup\amazon_drop20211208191506_20211209_00432555_20211213_11310075
 [13/12/21] - [11"31'00] GENERAZIONE BACKUP RIUSCITA
 [13/12/21] - [11"31'00] CANCELLAZIONE FILE: f:\lubex\GESLUX\EDI\test\import\amazon_drop20211208191506_20211209_00432555
 [13/12/21] - [11"31'00] CANCELLAZIONE RIUSCITA
 [13/12/21] - [11"31'00] LAVORAZIONE EFFETTIVA FILE: f:\lubex\GESLUX\EDI\test\backup\amazon_drop20211208191506_20211209_00432555_20211213_11310075
 [13/12/21] - [11"31'00] CREATO ORDINE: 2021 - 00000018
 [13/12/21] - [11"31'00]
 [13/12/21] - [11"31'00] ELABORAZIONE FILE f:\lubex\GESLUX\EDI\test\import\amazon_drop20211209132508_20211209_14310836
 [13/12/21] - [11"31'00] CREAZIONE FILE BACKUP : f:\lubex\GESLUX\EDI\test\backup\amazon_drop20211209132508_20211209_14310836_20211213_11310075
 [13/12/21] - [11"31'00] GENERAZIONE BACKUP RIUSCITA
 [13/12/21] - [11"31'00] CANCELLAZIONE FILE: f:\lubex\GESLUX\EDI\test\import\amazon_drop20211209132508_20211209_14310836
 [13/12/21] - [11"31'00] CANCELLAZIONE RIUSCITA
 [13/12/21] - [11"31'00] LAVORAZIONE EFFETTIVA FILE: f:\lubex\GESLUX\EDI\test\backup\amazon_drop20211209132508_20211209_14310836_20211213_11310075
 [13/12/21] - [11"31'00] CREATO ORDINE: 2021 - 00000019
 [13/12/21] - [11"31'00]
 [13/12/21] - [11"31'00] ELABORAZIONE FILE f:\lubex\GESLUX\EDI\test\import\amazon_drop20211209162727_20211209_17374246
 [13/12/21] - [11"31'00] CREAZIONE FILE BACKUP : f:\lubex\GESLUX\EDI\test\backup\amazon_drop20211209162727_20211209_17374246_20211213_11310076
 [13/12/21] - [11"31'00] GENERAZIONE BACKUP RIUSCITA
 [13/12/21] - [11"31'00] CANCELLAZIONE FILE: f:\lubex\GESLUX\EDI\test\import\amazon_drop20211209162727_20211209_17374246
 [13/12/21] - [11"31'00] CANCELLAZIONE RIUSCITA
 [13/12/21] - [11"31'00] LAVORAZIONE EFFETTIVA FILE: f:\lubex\GESLUX\EDI\test\backup\amazon_drop20211209162727_20211209_17374246_20211213_11310076
 [13/12/21] - [11"31'00] CREATO ORDINE: 2021 - 00000020
 [13/12/21] - [11"31'00]
 [13/12/21] - [11"31'00] ELABORAZIONE FILE f:\lubex\GESLUX\EDI\test\import\amazon_drop20211209175504_20211210_00482827
 [13/12/21] - [11"31'00] CREAZIONE FILE BACKUP : f:\lubex\GESLUX\EDI\test\backup\amazon_drop20211209175504_20211210_00482827_20211213_11310076
 [13/12/21] - [11"31'00] GENERAZIONE BACKUP RIUSCITA
 [13/12/21] - [11"31'00] CANCELLAZIONE FILE: f:\lubex\GESLUX\EDI\test\import\amazon_drop20211209175504_20211210_00482827
 [13/12/21] - [11"31'00] CANCELLAZIONE RIUSCITA
 [13/12/21] - [11"31'00] LAVORAZIONE EFFETTIVA FILE: f:\lubex\GESLUX\EDI\test\backup\amazon_drop20211209175504_20211210_00482827_20211213_11310076
 [13/12/21] - [11"31'00] CREATO ORDINE: 2021 - 00000021
 [13/12/21] - [11"31'00]
 [13/12/21] - [11"31'00] ELABORAZIONE FILE f:\lubex\GESLUX\EDI\test\import\amazon_drop20211209175504_20211210_00482827_20211210_18152110
 [13/12/21] - [11"31'00] CREAZIONE FILE BACKUP : f:\lubex\GESLUX\EDI\test\backup\amazon_drop20211209175504_20211210_00482827_20211210_18152110_20211213_11310077
 [13/12/21] - [11"31'00] GENERAZIONE BACKUP RIUSCITA
 [13/12/21] - [11"31'00] CANCELLAZIONE FILE: f:\lubex\GESLUX\EDI\test\import\amazon_drop20211209175504_20211210_00482827_20211210_18152110
 [13/12/21] - [11"31'00] CANCELLAZIONE RIUSCITA
 [13/12/21] - [11"31'00] LAVORAZIONE EFFETTIVA FILE: f:\lubex\GESLUX\EDI\test\backup\amazon_drop20211209175504_20211210_00482827_20211210_18152110_20211213_11310077
 [13/12/21] - [11"31'00] CREATO ORDINE: 2021 - 00000022
 [13/12/21] - [11"31'00]
 [13/12/21] - [11"31'00] ELABORAZIONE FILE f:\lubex\GESLUX\EDI\test\import\amazon_drop20211209184005_20211210_00482843
 [13/12/21] - [11"31'00] CREAZIONE FILE BACKUP : f:\lubex\GESLUX\EDI\test\backup\amazon_drop20211209184005_20211210_00482843_20211213_11310078
 [13/12/21] - [11"31'00] GENERAZIONE BACKUP RIUSCITA
 [13/12/21] - [11"31'00] CANCELLAZIONE FILE: f:\lubex\GESLUX\EDI\test\import\amazon_drop20211209184005_20211210_00482843
 [13/12/21] - [11"31'00] CANCELLAZIONE RIUSCITA
 [13/12/21] - [11"31'00] LAVORAZIONE EFFETTIVA FILE: f:\lubex\GESLUX\EDI\test\backup\amazon_drop20211209184005_20211210_00482843_20211213_11310078
 [13/12/21] - [11"31'00] CREATO ORDINE: 2021 - 00000023
 [13/12/21] - [11"31'00]
 [13/12/21] - [11"31'00] ELABORAZIONE FILE f:\lubex\GESLUX\EDI\test\import\amazon_drop20211209192005_20211210_00482857
 [13/12/21] - [11"31'00] CREAZIONE FILE BACKUP : f:\lubex\GESLUX\EDI\test\backup\amazon_drop20211209192005_20211210_00482857_20211213_11310079
 [13/12/21] - [11"31'00] GENERAZIONE BACKUP RIUSCITA
 [13/12/21] - [11"31'00] CANCELLAZIONE FILE: f:\lubex\GESLUX\EDI\test\import\amazon_drop20211209192005_20211210_00482857
 [13/12/21] - [11"31'00] CANCELLAZIONE RIUSCITA
 [13/12/21] - [11"31'00] LAVORAZIONE EFFETTIVA FILE: f:\lubex\GESLUX\EDI\test\backup\amazon_drop20211209192005_20211210_00482857_20211213_11310079
 [13/12/21] - [11"31'00] CREATO ORDINE: 2021 - 00000024
 [13/12/21] - [11"31'00]
 [13/12/21] - [11"31'00] ELABORAZIONE FILE f:\lubex\GESLUX\EDI\test\import\amazon_drop20211210082505_20211210_11022837
 [13/12/21] - [11"31'00] CREAZIONE FILE BACKUP : f:\lubex\GESLUX\EDI\test\backup\amazon_drop20211210082505_20211210_11022837_20211213_11310080
 [13/12/21] - [11"31'00] GENERAZIONE BACKUP RIUSCITA
 [13/12/21] - [11"31'00] CANCELLAZIONE FILE: f:\lubex\GESLUX\EDI\test\import\amazon_drop20211210082505_20211210_11022837
 [13/12/21] - [11"31'00] CANCELLAZIONE RIUSCITA
 [13/12/21] - [11"31'00] LAVORAZIONE EFFETTIVA FILE: f:\lubex\GESLUX\EDI\test\backup\amazon_drop20211210082505_20211210_11022837_20211213_11310080
 [13/12/21] - [11"31'00] CREATO ORDINE: 2021 - 00000025
 [13/12/21] - [11"31'00]
 [13/12/21] - [11"31'00] ELABORAZIONE FILE f:\lubex\GESLUX\EDI\test\import\amazon_drop20211210165505_20211210_18152121
 [13/12/21] - [11"31'00] CREAZIONE FILE BACKUP : f:\lubex\GESLUX\EDI\test\backup\amazon_drop20211210165505_20211210_18152121_20211213_11310080
 [13/12/21] - [11"31'00] GENERAZIONE BACKUP RIUSCITA
 [13/12/21] - [11"31'00] CANCELLAZIONE FILE: f:\lubex\GESLUX\EDI\test\import\amazon_drop20211210165505_20211210_18152121
 [13/12/21] - [11"31'00] CANCELLAZIONE RIUSCITA
 [13/12/21] - [11"31'00] LAVORAZIONE EFFETTIVA FILE: f:\lubex\GESLUX\EDI\test\backup\amazon_drop20211210165505_20211210_18152121_20211213_11310080
 [13/12/21] - [11"31'00] CREATO ORDINE: 2021 - 00000026
 [13/12/21] - [11"31'00]
 [13/12/21] - [11"31'00] ELABORAZIONE FILE f:\lubex\GESLUX\EDI\test\import\amazon_drop20211210211004_20211211_00353146
 [13/12/21] - [11"31'00] CREAZIONE FILE BACKUP : f:\lubex\GESLUX\EDI\test\backup\amazon_drop20211210211004_20211211_00353146_20211213_11310080
 [13/12/21] - [11"31'00] GENERAZIONE BACKUP RIUSCITA
 [13/12/21] - [11"31'00] CANCELLAZIONE FILE: f:\lubex\GESLUX\EDI\test\import\amazon_drop20211210211004_20211211_00353146
 [13/12/21] - [11"31'00] CANCELLAZIONE RIUSCITA
 [13/12/21] - [11"31'00] LAVORAZIONE EFFETTIVA FILE: f:\lubex\GESLUX\EDI\test\backup\amazon_drop20211210211004_20211211_00353146_20211213_11310080
 [13/12/21] - [11"31'00] CREATO ORDINE: 2021 - 00000027
 [13/12/21] - [11"31'00]
 [13/12/21] - [11"31'00] ELABORAZIONE FILE f:\lubex\GESLUX\EDI\test\import\amazon_drop20211211203505_20211212_00572627
 [13/12/21] - [11"31'00] CREAZIONE FILE BACKUP : f:\lubex\GESLUX\EDI\test\backup\amazon_drop20211211203505_20211212_00572627_20211213_11310082
 [13/12/21] - [11"31'00] GENERAZIONE BACKUP RIUSCITA
 [13/12/21] - [11"31'00] CANCELLAZIONE FILE: f:\lubex\GESLUX\EDI\test\import\amazon_drop20211211203505_20211212_00572627
 [13/12/21] - [11"31'00] CANCELLAZIONE RIUSCITA
 [13/12/21] - [11"31'00] LAVORAZIONE EFFETTIVA FILE: f:\lubex\GESLUX\EDI\test\backup\amazon_drop20211211203505_20211212_00572627_20211213_11310082
 [13/12/21] - [11"31'00] CREATO ORDINE: 2021 - 00000028
 [13/12/21] - [11"31'00]
 [13/12/21] - [11"31'00] ELABORAZIONE FILE f:\lubex\GESLUX\EDI\test\import\amazon_drop20211212133505_20211213_00453917
 [13/12/21] - [11"31'00] CREAZIONE FILE BACKUP : f:\lubex\GESLUX\EDI\test\backup\amazon_drop20211212133505_20211213_00453917_20211213_11310082
 [13/12/21] - [11"31'00] GENERAZIONE BACKUP RIUSCITA
 [13/12/21] - [11"31'00] CANCELLAZIONE FILE: f:\lubex\GESLUX\EDI\test\import\amazon_drop20211212133505_20211213_00453917
 [13/12/21] - [11"31'00] CANCELLAZIONE RIUSCITA
 [13/12/21] - [11"31'00] LAVORAZIONE EFFETTIVA FILE: f:\lubex\GESLUX\EDI\test\backup\amazon_drop20211212133505_20211213_00453917_20211213_11310082
 [13/12/21] - [11"31'00] CREATO ORDINE: 2021 - 00000029
 [13/12/21] - [11"31'00]
 [13/12/21] - [11"31'00] ELABORAZIONE FILE f:\lubex\GESLUX\EDI\test\import\amazon_drop20211212151505_20211213_00453931
 [13/12/21] - [11"31'00] CREAZIONE FILE BACKUP : f:\lubex\GESLUX\EDI\test\backup\amazon_drop20211212151505_20211213_00453931_20211213_11310083
 [13/12/21] - [11"31'00] GENERAZIONE BACKUP RIUSCITA
 [13/12/21] - [11"31'00] CANCELLAZIONE FILE: f:\lubex\GESLUX\EDI\test\import\amazon_drop20211212151505_20211213_00453931
 [13/12/21] - [11"31'00] CANCELLAZIONE RIUSCITA
 [13/12/21] - [11"31'00] LAVORAZIONE EFFETTIVA FILE: f:\lubex\GESLUX\EDI\test\backup\amazon_drop20211212151505_20211213_00453931_20211213_11310083
 [13/12/21] - [11"31'00] CREATO ORDINE: 2021 - 00000030
 [13/12/21] - [11"31'00]
 [13/12/21] - [11"31'00] ELABORAZIONE FILE f:\lubex\GESLUX\EDI\test\import\amazon_drop20211213024506_20211213_07300201
 [13/12/21] - [11"31'00] CREAZIONE FILE BACKUP : f:\lubex\GESLUX\EDI\test\backup\amazon_drop20211213024506_20211213_07300201_20211213_11310083
 [13/12/21] - [11"31'00] GENERAZIONE BACKUP RIUSCITA
 [13/12/21] - [11"31'00] CANCELLAZIONE FILE: f:\lubex\GESLUX\EDI\test\import\amazon_drop20211213024506_20211213_07300201
 [13/12/21] - [11"31'00] CANCELLAZIONE RIUSCITA
 [13/12/21] - [11"31'00] LAVORAZIONE EFFETTIVA FILE: f:\lubex\GESLUX\EDI\test\backup\amazon_drop20211213024506_20211213_07300201_20211213_11310083
 [13/12/21] - [11"31'00] CREATO ORDINE: 2021 - 00000031
 [13/12/21] - [11"31'00]
 [13/12/21] - [11"31'00] FILES TRATTATI: 030 - OK: 030 - NON ELABORATI: 000
 [13/12/21] - [11"31'00] *** ORDINI TRATTATI: 00031 di cui 00003 da verificare ****
 [13/12/21] - [11"31'00]
 [13/12/21] - [11"31'00] ELABORAZIONE TERMINATA IN: 00 SECONDI
