 [08/11/23] - [17"37'35] INIZIO ELABORAZIONE
 [08/11/23] - [17"37'35] CONTROLLO ESISTENZA CARTELLE OK
 [08/11/23] - [17"37'35]
 [08/11/23] - [17"37'35] ELABORAZIONE FILE f:\lubex\GESLUX\EDI\test\import\BRICOFER_G$3222443831_20221216_16225866_20221217_00193620_20231031_11152793_20231108_17175552
 [08/11/23] - [17"37'35] CREAZIONE FILE BACKUP : f:\lubex\GESLUX\EDI\test\backup\BRICOFER_G$3222443831_20221216_16225866_20221217_00193620_20231031_11152793_20231108_17175552_20231108_17373509
 [08/11/23] - [17"37'35] GENERAZIONE BACKUP RIUSCITA
 [08/11/23] - [17"37'35] CANCELLAZIONE FILE: f:\lubex\GESLUX\EDI\test\import\BRICOFER_G$3222443831_20221216_16225866_20221217_00193620_20231031_11152793_20231108_17175552
 [08/11/23] - [17"37'35] CANCELLAZIONE RIUSCITA
 [08/11/23] - [17"37'35] LAVORAZIONE EFFETTIVA FILE: f:\lubex\GESLUX\EDI\test\backup\BRICOFER_G$3222443831_20221216_16225866_20221217_00193620_20231031_11152793_20231108_17175552_20231108_17373509
 [08/11/23] - [17"37'35] CREATO ORDINE: 2023 - 00188805
 [08/11/23] - [17"38'06]
 [08/11/23] - [17"38'06] ELABORAZIONE FILE f:\lubex\GESLUX\EDI\test\import\BRICOFER_G$3222443831_20221216_16225866_20221217_00193620_20231031_11170973_20231108_17175552
 [08/11/23] - [17"38'06] CREAZIONE FILE BACKUP : f:\lubex\GESLUX\EDI\test\backup\BRICOFER_G$3222443831_20221216_16225866_20221217_00193620_20231031_11170973_20231108_17175552_20231108_17373509
 [08/11/23] - [17"38'06] GENERAZIONE BACKUP RIUSCITA
 [08/11/23] - [17"38'06] CANCELLAZIONE FILE: f:\lubex\GESLUX\EDI\test\import\BRICOFER_G$3222443831_20221216_16225866_20221217_00193620_20231031_11170973_20231108_17175552
 [08/11/23] - [17"38'06] CANCELLAZIONE RIUSCITA
 [08/11/23] - [17"38'06] LAVORAZIONE EFFETTIVA FILE: f:\lubex\GESLUX\EDI\test\backup\BRICOFER_G$3222443831_20221216_16225866_20221217_00193620_20231031_11170973_20231108_17175552_20231108_17373509
 [08/11/23] - [17"38'06] CREATO ORDINE: 2023 - 00188806
 [08/11/23] - [17"38'06]
 [08/11/23] - [17"38'06] FILES TRATTATI: 002 - OK: 002 - NON ELABORATI: 000
 [08/11/23] - [17"38'06] *** ORDINI TRATTATI: 00003 di cui 00003 da verificare ****
 [08/11/23] - [17"38'06]
 [08/11/23] - [17"38'06] ELABORAZIONE TERMINATA IN: 31 SECONDI
