 [13/10/21] - [16"37'44] INIZIO ELABORAZIONE
 [13/10/21] - [16"37'44] CONTROLLO ESISTENZA CARTELLE OK
 [13/10/21] - [16"37'54]
 [13/10/21] - [16"37'54] ELABORAZIONE FILE f:\lubex\GESLUX\EDI\test\import\LUBEX_note-cr_EDI_20210807_02255139.txt
 [13/10/21] - [16"37'54] CREAZIONE FILE BACKUP : f:\lubex\GESLUX\EDI\test\backup\LUBEX_note-cr_EDI_20210807_02255139.txt_20211013_16375453
 [13/10/21] - [16"37'54] GENERAZIONE BACKUP RIUSCITA
 [13/10/21] - [16"37'54] CANCELLAZIONE FILE: f:\lubex\GESLUX\EDI\test\import\LUBEX_note-cr_EDI_20210807_02255139.txt
 [13/10/21] - [16"41'11] CANCELLAZIONE FALLITA. ERR: 00
 [13/10/21] - [16"41'11]
 [13/10/21] - [16"41'11] ELABORAZIONE FILE f:\lubex\GESLUX\EDI\test\import\portale20210514150726-0
 [13/10/21] - [16"41'11] CREAZIONE FILE BACKUP : f:\lubex\GESLUX\EDI\test\backup\portale20210514150726-0_20211013_16411146
 [13/10/21] - [16"41'11] GENERAZIONE BACKUP NON RIUSCITA. ERR: 41
 [13/10/21] - [16"41'11]
 [13/10/21] - [16"41'11] ELABORAZIONE FILE f:\lubex\GESLUX\EDI\test\import\portale20210514150726-1
 [13/10/21] - [16"41'11] CREAZIONE FILE BACKUP : f:\lubex\GESLUX\EDI\test\backup\portale20210514150726-1_20211013_16411146
 [13/10/21] - [16"41'11] GENERAZIONE BACKUP NON RIUSCITA. ERR: 41
 [13/10/21] - [16"41'11]
 [13/10/21] - [16"41'11] ELABORAZIONE FILE f:\lubex\GESLUX\EDI\test\import\portale20210514150726-2
 [13/10/21] - [16"41'11] CREAZIONE FILE BACKUP : f:\lubex\GESLUX\EDI\test\backup\portale20210514150726-2_20211013_16411146
 [13/10/21] - [16"41'11] GENERAZIONE BACKUP NON RIUSCITA. ERR: 41
 [13/10/21] - [16"41'11]
 [13/10/21] - [16"41'11] ELABORAZIONE FILE f:\lubex\GESLUX\EDI\test\import\portale20210514150726-3
 [13/10/21] - [16"41'11] CREAZIONE FILE BACKUP : f:\lubex\GESLUX\EDI\test\backup\portale20210514150726-3_20211013_16411146
 [13/10/21] - [16"41'11] GENERAZIONE BACKUP NON RIUSCITA. ERR: 41
 [13/10/21] - [16"41'11]
 [13/10/21] - [16"41'11] ELABORAZIONE FILE f:\lubex\GESLUX\EDI\test\import\portale20210514150726-4
 [13/10/21] - [16"41'11] CREAZIONE FILE BACKUP : f:\lubex\GESLUX\EDI\test\backup\portale20210514150726-4_20211013_16411146
 [13/10/21] - [16"41'11] GENERAZIONE BACKUP NON RIUSCITA. ERR: 41
 [13/10/21] - [16"41'11]
 [13/10/21] - [16"41'11] ELABORAZIONE FILE f:\lubex\GESLUX\EDI\test\import\portale20210514150726-5
 [13/10/21] - [16"41'11] CREAZIONE FILE BACKUP : f:\lubex\GESLUX\EDI\test\backup\portale20210514150726-5_20211013_16411146
 [13/10/21] - [16"41'11] GENERAZIONE BACKUP NON RIUSCITA. ERR: 41
 [13/10/21] - [16"41'11]
 [13/10/21] - [16"41'11] FILES TRATTATI: 007 - OK: 000 - NON ELABORATI: 007
 [13/10/21] - [16"41'11] *** ORDINI TRATTATI: 00000 di cui 00000 da verificare ****
 [13/10/21] - [16"41'11]
 [13/10/21] - [16"41'11] ELABORAZIONE TERMINATA IN: 03 MINUTI E 27 SECONDI
