 [29/10/22] - [00"49'51] INIZIO PROGRAMMA
 [29/10/22] - [00"49'51] INIZIO SOMMA VENDUTI
 [29/10/22] - [00"49'53] FINE SOMMA VENDUTI
 [29/10/22] - [00"49'53] CONTROLLO ESEGUIBILITA'
 [29/10/22] - [00"49'53] CONTROLLO ESEGUIBILITA' OK
 [29/10/22] - [00"49'53] OPEN OUTPUT TMP-FORN
 [29/10/22] - [00"49'53] OPEN OUTPUT TMP-ORDFOR
 [29/10/22] - [00"49'53] QTA-PROMO
 [29/10/22] - [00"49'56] VALORIZZA CAMPI
 [29/10/22] - [00"49'57] RIEMPI GRID
 [29/10/22] - [00"49'57] RIEMPI GRID OK
 [29/10/22] - [00"49'57] INIZIO ELABORAZIONE AUTOMATICA
 [29/10/22] - [00"49'57] INIZIO RICALCOLO
 [29/10/22] - [00"49'57] QTA STORICHE NON AGGIORNATE (1)
 [29/10/22] - [00"49'57] FINE RICALCOLO
 [29/10/22] - [00"49'57] INIZIO SCANSIONE RIGHE GRIGLIA
 [29/10/22] - [00"49'57] FORMULE DI RIFERIMENTO: N1 = ord2-giac + ordinato - ord2-promo || N2 = ( ord2-riordino - ord2-consegna ) * sco-molt-pordini
 [29/10/22] - [00"49'57] ELABORAZIONE ARTICOLO: 029752 - SCORTA: 00000003 - ORDINE AUTO: 1 - IMMEDIATO: 0 - IMPEGNATO: 0
 [29/10/22] - [00"49'57] ARTICOLO OK.  - N1 (336,00) < N2(624,00). ORD2-GIAC(852) + COMO-ORDINATO(0) - ORD2-PROMO(516) < ( ORD2-RIORDINO(489,00) - ORD2-CONSEGNA(333,00)) * SCO-MOLT-PORDINI(4,00)
 [29/10/22] - [00"49'57] FINE SCANSIONE RIGHE GRIGLIA
 [29/10/22] - [00"49'57] GENERAZIONE ORDINI FORNITORI
 [29/10/22] - [00"49'57] RICHIAMO PROGRAMMA CREA-ORDFOR
 [29/10/22] - [00"50'31] FINE RICHIAMO PROGRAMMA CREA-ORDFOR
 [29/10/22] - [00"50'31] STAMPE ORDINI
