 [16/02/24] - [17"43'34] INIZIO PROGRAMMA
 [16/02/24] - [17"43'34] INIZIO SOMMA VENDUTI
 [16/02/24] - [17"43'36] FINE SOMMA VENDUTI
 [16/02/24] - [17"43'36] CONTROLLO ESEGUIBILITA'
 [16/02/24] - [17"43'36] CONTROLLO ESEGUIBILITA' OK
 [16/02/24] - [17"43'36] OPEN OUTPUT TMP-FORN
 [16/02/24] - [17"43'36] OPEN OUTPUT TMP-ORDFOR
 [16/02/24] - [17"43'36] QTA-PROMO
 [16/02/24] - [17"43'36] VALORIZZA CAMPI
 [16/02/24] - [17"43'36] RIEMPI GRID
 [16/02/24] - [17"43'36] RIEMPI GRID OK
 [16/02/24] - [17"43'36] INIZIO ELABORAZIONE AUTOMATICA
 [16/02/24] - [17"43'36] INIZIO RICALCOLO
 [16/02/24] - [17"43'36] QTA STORICHE NON AGGIORNATE (1)
 [16/02/24] - [17"43'36] FINE RICALCOLO
 [16/02/24] - [17"43'36] INIZIO SCANSIONE RIGHE GRIGLIA
 [16/02/24] - [17"43'36] FORMULE DI RIFERIMENTO: N1 = ord2-giac + ordinato - ord2-promo || N2 = ( ord2-riordino - ord2-consegna ) * sco-molt-pordini
 [16/02/24] - [17"43'36] ELABORAZIONE ARTICOLO: 024597 - SCORTA: 00000004 - ORDINE AUTO: 1 - IMMEDIATO: 1 - IMPEGNATO: 0
 [16/02/24] - [17"43'36] ARTICOLO OK: COMO-IMPEGNATO(0) + ORD2-PROMO (97)> 0
 [16/02/24] - [17"43'36] FINE SCANSIONE RIGHE GRIGLIA
 [16/02/24] - [17"43'36] GENERAZIONE ORDINI FORNITORI
 [16/02/24] - [17"43'37] RICHIAMO PROGRAMMA CREA-ORDFOR
 [16/02/24] - [17"43'41] FINE RICHIAMO PROGRAMMA CREA-ORDFOR
 [16/02/24] - [17"43'41] STAMPE ORDINI
 [16/02/24] - [17"43'41] STAMPE UFFICIO ALTRO SU STAMPANTE: doPDF 11
 [16/02/24] - [17"43'44] FINE STAMPE ORDINI
 [16/02/24] - [17"43'44] RIGENERAZIONE QTA VENDUTI
 [16/02/24] - [17"43'44] QTA STORICHE NON AGGIORNATE (1)
 [16/02/24] - [17"43'44] FINE RIGENERAZIONE QTA VENDUTI
 [16/02/24] - [17"43'44] FINE ELABORAZIONE AUTOMATICA
 [16/02/24] - [17"43'44] FINE PROGRAMMA
