 [13/10/21] - [16"46'39] INIZIO ELABORAZIONE
 [13/10/21] - [16"46'39] CONTROLLO ESISTENZA CARTELLE OK
 [13/10/21] - [16"46'39]
 [13/10/21] - [16"46'39] ELABORAZIONE FILE f:\lubex\GESLUX\EDI\test\import\LUBEX_note-cr_EDI_20210807_02255139.txt
 [13/10/21] - [16"46'39] CREAZIONE FILE BACKUP : f:\lubex\GESLUX\EDI\test\backup\LUBEX_note-cr_EDI_20210807_02255139.txt_20211013_16463980
 [13/10/21] - [16"46'39] GENERAZIONE BACKUP RIUSCITA
 [13/10/21] - [16"46'39] CANCELLAZIONE FILE: f:\lubex\GESLUX\EDI\test\import\LUBEX_note-cr_EDI_20210807_02255139.txt
 [13/10/21] - [16"46'43] CANCELLAZIONE RIUSCITA
 [13/10/21] - [16"46'43] LAVORAZIONE EFFETTIVA FILE: f:\lubex\GESLUX\EDI\test\backup\LUBEX_note-cr_EDI_20210807_02255139.txt_20211013_16463980
 [13/10/21] - [16"46'43] CREATO ORDINE: 2021 - 00125324
 [13/10/21] - [16"46'43]
 [13/10/21] - [16"46'43] ELABORAZIONE FILE f:\lubex\GESLUX\EDI\test\import\portale20210514150726-0
 [13/10/21] - [16"46'43] CREAZIONE FILE BACKUP : f:\lubex\GESLUX\EDI\test\backup\portale20210514150726-0_20211013_16464318
 [13/10/21] - [16"46'43] GENERAZIONE BACKUP RIUSCITA
 [13/10/21] - [16"46'43] CANCELLAZIONE FILE: f:\lubex\GESLUX\EDI\test\import\portale20210514150726-0
 [13/10/21] - [16"47'02] CANCELLAZIONE FALLITA. ERR: 00
 [13/10/21] - [16"47'02]
 [13/10/21] - [16"47'02] ELABORAZIONE FILE f:\lubex\GESLUX\EDI\test\import\portale20210514150726-1
 [13/10/21] - [16"47'02] CREAZIONE FILE BACKUP : f:\lubex\GESLUX\EDI\test\backup\portale20210514150726-1_20211013_16470292
 [13/10/21] - [16"47'41] GENERAZIONE BACKUP RIUSCITA
 [13/10/21] - [16"47'45] CANCELLAZIONE FILE: f:\lubex\GESLUX\EDI\test\import\portale20210514150726-1
 [13/10/21] - [16"47'52] CANCELLAZIONE RIUSCITA
 [13/10/21] - [16"47'54] LAVORAZIONE EFFETTIVA FILE: f:\lubex\GESLUX\EDI\test\backup\portale20210514150726-1_20211013_16470292
 [13/10/21] - [16"48'08] CREATO ORDINE: 2021 - 00125325
 [13/10/21] - [16"48'08] CREATO ORDINE: 2021 - 00125326
 [13/10/21] - [16"48'08] CREATO ORDINE: 2021 - 00125327
 [13/10/21] - [16"48'08] CREATO ORDINE: 2021 - 00125328
 [13/10/21] - [16"48'08] CREATO ORDINE: 2021 - 00125329
 [13/10/21] - [16"48'08] CREATO ORDINE: 2021 - 00125330
 [13/10/21] - [16"48'08] CREATO ORDINE: 2021 - 00125331
 [13/10/21] - [16"48'08] CREATO ORDINE: 2021 - 00125332
 [13/10/21] - [16"48'08] CREATO ORDINE: 2021 - 00125333
 [13/10/21] - [16"48'08] CREATO ORDINE: 2021 - 00125334
 [13/10/21] - [16"48'08] CREATO ORDINE: 2021 - 00125335
 [13/10/21] - [16"48'08] CREATO ORDINE: 2021 - 00125336
 [13/10/21] - [16"48'08] CREATO ORDINE: 2021 - 00125337
 [13/10/21] - [16"48'08] CREATO ORDINE: 2021 - 00125338
 [13/10/21] - [16"48'08] CREATO ORDINE: 2021 - 00125339
 [13/10/21] - [16"48'08] CREATO ORDINE: 2021 - 00125340
 [13/10/21] - [16"48'08] CREATO ORDINE: 2021 - 00125341
 [13/10/21] - [16"48'08] CREATO ORDINE: 2021 - 00125342
 [13/10/21] - [16"48'08] CREATO ORDINE: 2021 - 00125343
 [13/10/21] - [16"48'08] CREATO ORDINE: 2021 - 00125344
 [13/10/21] - [16"48'08] CREATO ORDINE: 2021 - 00125345
 [13/10/21] - [16"48'08] CREATO ORDINE: 2021 - 00125346
 [13/10/21] - [16"48'08] CREATO ORDINE: 2021 - 00125347
 [13/10/21] - [16"48'08] CREATO ORDINE: 2021 - 00125348
 [13/10/21] - [16"48'08] CREATO ORDINE: 2021 - 00125349
 [13/10/21] - [16"48'08] CREATO ORDINE: 2021 - 00125350
 [13/10/21] - [16"48'08] CREATO ORDINE: 2021 - 00125351
 [13/10/21] - [16"48'08] CREATO ORDINE: 2021 - 00125352
 [13/10/21] - [16"48'08] CREATO ORDINE: 2021 - 00125353
 [13/10/21] - [16"48'08] CREATO ORDINE: 2021 - 00125354
 [13/10/21] - [16"48'08] CREATO ORDINE: 2021 - 00125355
 [13/10/21] - [16"48'08] CREATO ORDINE: 2021 - 00125356
 [13/10/21] - [16"48'08] CREATO ORDINE: 2021 - 00125357
 [13/10/21] - [16"48'08] CREATO ORDINE: 2021 - 00125358
 [13/10/21] - [16"48'08]
 [13/10/21] - [16"48'08] ELABORAZIONE FILE f:\lubex\GESLUX\EDI\test\import\portale20210514150726-2
 [13/10/21] - [16"48'08] CREAZIONE FILE BACKUP : f:\lubex\GESLUX\EDI\test\backup\portale20210514150726-2_20211013_16480845
 [13/10/21] - [16"49'50] ACCESSO A FILE BACKUP  NON RIUSCITA. ERR: 35
 [13/10/21] - [16"49'50]
 [13/10/21] - [16"49'50] ELABORAZIONE FILE f:\lubex\GESLUX\EDI\test\import\portale20210514150726-3
 [13/10/21] - [16"49'50] CREAZIONE FILE BACKUP : f:\lubex\GESLUX\EDI\test\backup\portale20210514150726-3_20211013_16495079
 [13/10/21] - [16"49'57] GENERAZIONE BACKUP RIUSCITA
 [13/10/21] - [16"49'57] CANCELLAZIONE FILE: f:\lubex\GESLUX\EDI\test\import\portale20210514150726-3
 [13/10/21] - [16"50'03] CANCELLAZIONE FALLITA. ERR: 00
 [13/10/21] - [16"50'03]
 [13/10/21] - [16"50'03] ELABORAZIONE FILE f:\lubex\GESLUX\EDI\test\import\portale20210514150726-4
 [13/10/21] - [16"50'03] CREAZIONE FILE BACKUP : f:\lubex\GESLUX\EDI\test\backup\portale20210514150726-4_20211013_16500372
 [13/10/21] - [16"50'03] GENERAZIONE BACKUP RIUSCITA
 [13/10/21] - [16"50'03] CANCELLAZIONE FILE: f:\lubex\GESLUX\EDI\test\import\portale20210514150726-4
 [13/10/21] - [16"50'03] CANCELLAZIONE RIUSCITA
 [13/10/21] - [16"50'03] LAVORAZIONE EFFETTIVA FILE: f:\lubex\GESLUX\EDI\test\backup\portale20210514150726-4_20211013_16500372
 [13/10/21] - [16"50'03] CREATO ORDINE: 2021 - 00125359
 [13/10/21] - [16"50'03] CREATO ORDINE: 2021 - 00125360
 [13/10/21] - [16"50'03] CREATO ORDINE: 2021 - 00125361
 [13/10/21] - [16"50'03] CREATO ORDINE: 2021 - 00125362
 [13/10/21] - [16"50'03] CREATO ORDINE: 2021 - 00125363
 [13/10/21] - [16"50'03] CREATO ORDINE: 2021 - 00125364
 [13/10/21] - [16"50'03] CREATO ORDINE: 2021 - 00125365
 [13/10/21] - [16"50'03] CREATO ORDINE: 2021 - 00125366
 [13/10/21] - [16"50'03] CREATO ORDINE: 2021 - 00125367
 [13/10/21] - [16"50'03] CREATO ORDINE: 2021 - 00125368
 [13/10/21] - [16"50'03] CREATO ORDINE: 2021 - 00125369
 [13/10/21] - [16"50'03] CREATO ORDINE: 2021 - 00125370
 [13/10/21] - [16"50'03] CREATO ORDINE: 2021 - 00125371
 [13/10/21] - [16"50'03] CREATO ORDINE: 2021 - 00125372
 [13/10/21] - [16"50'03] CREATO ORDINE: 2021 - 00125373
 [13/10/21] - [16"50'03] CREATO ORDINE: 2021 - 00125374
 [13/10/21] - [16"50'03] CREATO ORDINE: 2021 - 00125375
 [13/10/21] - [16"50'03] CREATO ORDINE: 2021 - 00125376
 [13/10/21] - [16"50'03] CREATO ORDINE: 2021 - 00125377
 [13/10/21] - [16"50'03] CREATO ORDINE: 2021 - 00125378
 [13/10/21] - [16"50'03] CREATO ORDINE: 2021 - 00125379
 [13/10/21] - [16"50'03] CREATO ORDINE: 2021 - 00125380
 [13/10/21] - [16"50'03] CREATO ORDINE: 2021 - 00125381
 [13/10/21] - [16"50'03] CREATO ORDINE: 2021 - 00125382
 [13/10/21] - [16"50'03] CREATO ORDINE: 2021 - 00125383
 [13/10/21] - [16"50'03] CREATO ORDINE: 2021 - 00125384
 [13/10/21] - [16"50'03] CREATO ORDINE: 2021 - 00125385
 [13/10/21] - [16"50'03] CREATO ORDINE: 2021 - 00125386
 [13/10/21] - [16"50'03] CREATO ORDINE: 2021 - 00125387
 [13/10/21] - [16"50'03] CREATO ORDINE: 2021 - 00125388
 [13/10/21] - [16"50'03] CREATO ORDINE: 2021 - 00125389
 [13/10/21] - [16"50'03] CREATO ORDINE: 2021 - 00125390
 [13/10/21] - [16"50'03] CREATO ORDINE: 2021 - 00125391
 [13/10/21] - [16"50'03] CREATO ORDINE: 2021 - 00125392
 [13/10/21] - [16"50'03]
 [13/10/21] - [16"50'03] ELABORAZIONE FILE f:\lubex\GESLUX\EDI\test\import\portale20210514150726-5
 [13/10/21] - [16"50'03] CREAZIONE FILE BACKUP : f:\lubex\GESLUX\EDI\test\backup\portale20210514150726-5_20211013_16500395
 [13/10/21] - [16"50'03] GENERAZIONE BACKUP RIUSCITA
 [13/10/21] - [16"50'03] CANCELLAZIONE FILE: f:\lubex\GESLUX\EDI\test\import\portale20210514150726-5
 [13/10/21] - [16"50'03] CANCELLAZIONE RIUSCITA
 [13/10/21] - [16"50'03] LAVORAZIONE EFFETTIVA FILE: f:\lubex\GESLUX\EDI\test\backup\portale20210514150726-5_20211013_16500395
 [13/10/21] - [16"50'03] CREATO ORDINE: 2021 - 00125393
 [13/10/21] - [16"50'03] CREATO ORDINE: 2021 - 00125394
 [13/10/21] - [16"50'03] CREATO ORDINE: 2021 - 00125395
 [13/10/21] - [16"50'03] CREATO ORDINE: 2021 - 00125396
 [13/10/21] - [16"50'03] CREATO ORDINE: 2021 - 00125397
 [13/10/21] - [16"50'03] CREATO ORDINE: 2021 - 00125398
 [13/10/21] - [16"50'03] CREATO ORDINE: 2021 - 00125399
 [13/10/21] - [16"50'03] CREATO ORDINE: 2021 - 00125400
 [13/10/21] - [16"50'04] CREATO ORDINE: 2021 - 00125401
 [13/10/21] - [16"50'04] CREATO ORDINE: 2021 - 00125402
 [13/10/21] - [16"50'04] CREATO ORDINE: 2021 - 00125403
 [13/10/21] - [16"50'04] CREATO ORDINE: 2021 - 00125404
 [13/10/21] - [16"50'04] CREATO ORDINE: 2021 - 00125405
 [13/10/21] - [16"50'04] CREATO ORDINE: 2021 - 00125406
 [13/10/21] - [16"50'04] CREATO ORDINE: 2021 - 00125407
 [13/10/21] - [16"50'04] CREATO ORDINE: 2021 - 00125408
 [13/10/21] - [16"50'04] CREATO ORDINE: 2021 - 00125409
 [13/10/21] - [16"50'04] CREATO ORDINE: 2021 - 00125410
 [13/10/21] - [16"50'04] CREATO ORDINE: 2021 - 00125411
 [13/10/21] - [16"50'04] CREATO ORDINE: 2021 - 00125412
 [13/10/21] - [16"50'04] CREATO ORDINE: 2021 - 00125413
 [13/10/21] - [16"50'04] CREATO ORDINE: 2021 - 00125414
 [13/10/21] - [16"50'04] CREATO ORDINE: 2021 - 00125415
 [13/10/21] - [16"50'04] CREATO ORDINE: 2021 - 00125416
 [13/10/21] - [16"50'04] CREATO ORDINE: 2021 - 00125417
 [13/10/21] - [16"50'04] CREATO ORDINE: 2021 - 00125418
 [13/10/21] - [16"50'04] CREATO ORDINE: 2021 - 00125419
 [13/10/21] - [16"50'04] CREATO ORDINE: 2021 - 00125420
 [13/10/21] - [16"50'04] CREATO ORDINE: 2021 - 00125421
 [13/10/21] - [16"50'04] CREATO ORDINE: 2021 - 00125422
 [13/10/21] - [16"50'04] CREATO ORDINE: 2021 - 00125423
 [13/10/21] - [16"50'04] CREATO ORDINE: 2021 - 00125424
 [13/10/21] - [16"50'04] CREATO ORDINE: 2021 - 00125425
 [13/10/21] - [16"50'04] CREATO ORDINE: 2021 - 00125426
 [13/10/21] - [16"50'04]
 [13/10/21] - [16"50'04] FILES TRATTATI: 007 - OK: 004 - NON ELABORATI: 003
 [13/10/21] - [16"50'04] *** ORDINI TRATTATI: 00104 di cui 00104 da verificare ****
 [13/10/21] - [16"50'04]
 [13/10/21] - [16"50'04] ELABORAZIONE TERMINATA IN: 03 MINUTI E 25 SECONDI
