 [20/10/22] - [00"19'54] INIZIO PROGRAMMA
 [20/10/22] - [00"19'54] INIZIO SOMMA VENDUTI
 [20/10/22] - [00"19'56] FINE SOMMA VENDUTI
 [20/10/22] - [00"19'56] CONTROLLO ESEGUIBILITA'
 [20/10/22] - [00"19'56] CONTROLLO ESEGUIBILITA' OK
 [20/10/22] - [00"19'56] OPEN OUTPUT TMP-FORN
 [20/10/22] - [00"19'56] OPEN OUTPUT TMP-ORDFOR
 [20/10/22] - [00"19'56] QTA-PROMO
 [20/10/22] - [00"19'58] VALORIZZA CAMPI
 [20/10/22] - [00"19'59] RIEMPI GRID
 [20/10/22] - [00"19'59] RIEMPI GRID OK
 [20/10/22] - [00"19'59] INIZIO ELABORAZIONE AUTOMATICA
 [20/10/22] - [00"19'59] INIZIO RICALCOLO
 [20/10/22] - [00"19'59] QTA STORICHE NON AGGIORNATE (1)
 [20/10/22] - [00"19'59] FINE RICALCOLO
 [20/10/22] - [00"19'59] INIZIO SCANSIONE RIGHE GRIGLIA
 [20/10/22] - [00"19'59] FORMULE DI RIFERIMENTO: N1 = ord2-giac + ordinato - ord2-promo || N2 = ( ord2-riordino - ord2-consegna ) * sco-molt-pordini
 [20/10/22] - [00"19'59] ELABORAZIONE ARTICOLO: 035493 - SCORTA: 00000001 - ORDINE AUTO: 1 - IMMEDIATO: 0 - IMPEGNATO: 50
 [20/10/22] - [00"19'59] ARTICOLO OK.  - N1 (-2,00) < N2(0,00). ORD2-GIAC(-50) + COMO-ORDINATO(48) - ORD2-PROMO(0) < ( ORD2-RIORDINO(0,00) - ORD2-CONSEGNA(0,00)) * SCO-MOLT-PORDINI(2,00)
 [20/10/22] - [00"19'59] FINE SCANSIONE RIGHE GRIGLIA
 [20/10/22] - [00"19'59] GENERAZIONE ORDINI FORNITORI
 [20/10/22] - [00"19'59] NESSUN ORDINE SELEZIONATO
 [20/10/22] - [00"19'59] FINE ELABORAZIONE AUTOMATICA
 [20/10/22] - [00"19'59] FINE PROGRAMMA
