 [26/11/19] - [00"47'57] INIZIO PROGRAMMA
 [26/11/19] - [00"47'57] INIZIO SOMMA VENDUTI
 [26/11/19] - [00"47'58] FINE SOMMA VENDUTI
 [26/11/19] - [00"47'58] CONTROLLO ESEGUIBILITA'
 [26/11/19] - [00"47'58] CONTROLLO ESEGUIBILITA' OK
 [26/11/19] - [00"47'58] OPEN OUTPUT TMP-FORN
 [26/11/19] - [00"47'58] OPEN OUTPUT TMP-ORDFOR
 [26/11/19] - [00"47'58] QTA-PROMO
 [26/11/19] - [00"48'03] VALORIZZA CAMPI
 [26/11/19] - [00"49'41] RIEMPI GRID
 [26/11/19] - [00"49'43] RIEMPI GRID OK
 [26/11/19] - [00"49'43] INIZIO ELABORAZIONE AUTOMATICA
 [26/11/19] - [00"49'43] INIZIO RICALCOLO
 [26/11/19] - [00"49'49] FINE RICALCOLO
 [26/11/19] - [00"49'49] OPEN OUTPUT TMP-FORN
 [26/11/19] - [00"49'49] OPEN OUTPUT TMP-ORDFOR
 [26/11/19] - [00"49'49] QTA-PROMO
 [26/11/19] - [00"49'54] VALORIZZA CAMPI
 [26/11/19] - [00"51'21] RIEMPI GRID
 [26/11/19] - [00"51'28] RIEMPI GRID OK
 [26/11/19] - [00"51'28] INIZIO SCANSIONE RIGHE GRIGLIA
 [26/11/19] - [00"51'29] FINE SCANSIONE RIGHE GRIGLIA
 [26/11/19] - [00"51'29] GENERAZIONE ORDINI FORNITORI
 [26/11/19] - [00"51'29] RICHIAMO PROGRAMMA CREA-ORDFOR
