 [14/02/24] - [18"16'36] INIZIO ELABORAZIONE
 [14/02/24] - [18"16'36] CONTROLLO ESISTENZA CARTELLE OK
 [14/02/24] - [18"16'36]
 [14/02/24] - [18"16'36] ELABORAZIONE FILE f:\lubex\GESLUX\EDI\test\import\app_do_20240119083148_20240214_18132729
 [14/02/24] - [18"16'36] CREAZIONE FILE BACKUP : f:\lubex\GESLUX\EDI\test\backup\app_do_20240119083148_20240214_18132729_20240214_18163601
 [14/02/24] - [18"16'36] GENERAZIONE BACKUP RIUSCITA
 [14/02/24] - [18"16'36] CANCELLAZIONE FILE: f:\lubex\GESLUX\EDI\test\import\app_do_20240119083148_20240214_18132729
 [14/02/24] - [18"16'36] CANCELLAZIONE RIUSCITA
 [14/02/24] - [18"16'36] LAVORAZIONE EFFETTIVA FILE: f:\lubex\GESLUX\EDI\test\backup\app_do_20240119083148_20240214_18132729_20240214_18163601
 [14/02/24] - [18"16'36] CREATO ORDINE: 2024 - 00200500
 [14/02/24] - [18"16'36]
 [14/02/24] - [18"16'36] ELABORAZIONE FILE f:\lubex\GESLUX\EDI\test\import\BRICOFER_G$3222443831
 [14/02/24] - [18"16'36] CREAZIONE FILE BACKUP : f:\lubex\GESLUX\EDI\test\backup\BRICOFER_G$3222443831_20240214_18163601
 [14/02/24] - [18"16'36] GENERAZIONE BACKUP RIUSCITA
 [14/02/24] - [18"16'36] CANCELLAZIONE FILE: f:\lubex\GESLUX\EDI\test\import\BRICOFER_G$3222443831
 [14/02/24] - [18"16'36] CANCELLAZIONE RIUSCITA
 [14/02/24] - [18"16'36] LAVORAZIONE EFFETTIVA FILE: f:\lubex\GESLUX\EDI\test\backup\BRICOFER_G$3222443831_20240214_18163601
 [14/02/24] - [18"16'36] CREATO ORDINE: 2024 - 00200501
 [14/02/24] - [18"16'36]
 [14/02/24] - [18"16'36] FILES TRATTATI: 002 - OK: 002 - NON ELABORATI: 000
 [14/02/24] - [18"16'36] *** ORDINI TRATTATI: 00003 di cui 00002 da verificare ****
 [14/02/24] - [18"16'36]
 [14/02/24] - [18"16'36] ELABORAZIONE TERMINATA IN: 00 SECONDI
