 [25/11/19] - [12"57'35] INIZIO PROGRAMMA
 [25/11/19] - [12"57'35] INIZIO SOMMA VENDUTI
 [25/11/19] - [12"57'37] FINE SOMMA VENDUTI
 [25/11/19] - [12"57'37] CONTROLLO ESEGUIBILITA'
 [25/11/19] - [12"57'37] CONTROLLO ESEGUIBILITA' OK
 [25/11/19] - [12"57'37] OPEN OUTPUT TMP-FORN
 [25/11/19] - [12"57'37] OPEN OUTPUT TMP-ORDFOR
 [25/11/19] - [12"57'37] QTA-PROMO
 [25/11/19] - [12"57'43] VALORIZZA CAMPI
 [25/11/19] - [12"59'33] RIEMPI GRID
 [25/11/19] - [12"59'36] RIEMPI GRID OK
 [25/11/19] - [12"59'36] INIZIO ELABORAZIONE AUTOMATICA
 [25/11/19] - [12"59'36] INIZIO RICALCOLO
 [25/11/19] - [12"59'36] QTA STORICHE NON AGGIORNATE (1)
 [25/11/19] - [12"59'36] FINE RICALCOLO
 [25/11/19] - [12"59'36] INIZIO SCANSIONE RIGHE GRIGLIA
 [25/11/19] - [12"59'36] FINE SCANSIONE RIGHE GRIGLIA
 [25/11/19] - [12"59'36] NESSUN ARTICOLO DA GENERARE
 [25/11/19] - [12"59'36] FINE ELABORAZIONE AUTOMATICA
 [25/11/19] - [12"59'36] FINE PROGRAMMA
