 [20/04/24] - [00"41'16] INIZIO PROGRAMMA
 [20/04/24] - [00"41'16] INIZIO SOMMA VENDUTI
 [20/04/24] - [00"41'18] FINE SOMMA VENDUTI
 [20/04/24] - [00"41'18] CONTROLLO ESEGUIBILITA'
 [20/04/24] - [00"41'18] CONTROLLO ESEGUIBILITA' OK
 [20/04/24] - [00"41'18] OPEN OUTPUT TMP-FORN
 [20/04/24] - [00"41'18] OPEN OUTPUT TMP-ORDFOR
 [20/04/24] - [00"41'18] QTA-PROMO
 [20/04/24] - [00"41'18] VALORIZZA CAMPI
 [20/04/24] - [00"41'19] RIEMPI GRID
 [20/04/24] - [00"41'19] RIEMPI GRID OK
 [20/04/24] - [00"41'19] INIZIO ELABORAZIONE AUTOMATICA
 [20/04/24] - [00"41'19] INIZIO RICALCOLO
 [20/04/24] - [00"41'19] QTA STORICHE NON AGGIORNATE (1)
 [20/04/24] - [00"41'19] FINE RICALCOLO
 [20/04/24] - [00"41'19] INIZIO SCANSIONE RIGHE GRIGLIA
 [20/04/24] - [00"41'19] FORMULE DI RIFERIMENTO: N1 = ord2-giac + ordinato - ord2-promo || N2 = ( ord2-riordino - ord2-consegna ) * sco-molt-pordini
 [20/04/24] - [00"41'19] ELABORAZIONE ARTICOLO: 022304 - SCORTA: 00000003 - ORDINE AUTO: 1 - IMMEDIATO: 0 - IMPEGNATO: 0
 [20/04/24] - [00"41'19] ARTICOLO OK: N1 (1.547,00) < N2(832,00). ORD2-GIAC(1.547) + COMO-ORDINATO(0) - ORD2-PROMO(0) < ( ORD2-RIORDINO(516,00) - ORD2-CONSEGNA(308,00)) * SCO-MOLT-PORDINI(4,00)
 [20/04/24] - [00"41'19] FINE SCANSIONE RIGHE GRIGLIA
 [20/04/24] - [00"41'19] GENERAZIONE ORDINI FORNITORI
 [20/04/24] - [00"41'19] RICHIAMO PROGRAMMA CREA-ORDFOR
 [20/04/24] - [00"41'46] FINE RICHIAMO PROGRAMMA CREA-ORDFOR
 [20/04/24] - [00"41'46] STAMPE ORDINI
 [20/04/24] - [00"41'46] STAMPE UFFICIO ALTRO SU STAMPANTE: doPDF 11
 [20/04/24] - [00"41'55] FINE STAMPE ORDINI
 [20/04/24] - [00"41'55] RIGENERAZIONE QTA VENDUTI
 [20/04/24] - [00"41'55] QTA STORICHE NON AGGIORNATE (1)
 [20/04/24] - [00"41'55] FINE RIGENERAZIONE QTA VENDUTI
 [20/04/24] - [00"41'55] FINE ELABORAZIONE AUTOMATICA
 [20/04/24] - [00"41'55] FINE PROGRAMMA
