 [19/09/22] - [18"07'37] INIZIO PROGRAMMA
 [19/09/22] - [18"07'37] INIZIO SOMMA VENDUTI
 [19/09/22] - [18"07'40] FINE SOMMA VENDUTI
 [19/09/22] - [18"07'40] CONTROLLO ESEGUIBILITA'
 [19/09/22] - [18"07'40] CONTROLLO ESEGUIBILITA' OK
 [19/09/22] - [18"07'40] OPEN OUTPUT TMP-FORN
 [19/09/22] - [18"07'40] OPEN OUTPUT TMP-ORDFOR
 [19/09/22] - [18"07'40] QTA-PROMO
 [19/09/22] - [18"07'44] VALORIZZA CAMPI
 [19/09/22] - [18"11'10] RIEMPI GRID
 [19/09/22] - [18"11'16] RIEMPI GRID OK
 [19/09/22] - [18"11'16] INIZIO ELABORAZIONE AUTOMATICA
 [19/09/22] - [18"11'16] INIZIO RICALCOLO
 [19/09/22] - [18"11'16] QTA STORICHE NON AGGIORNATE (1)
 [19/09/22] - [18"11'16] FINE RICALCOLO
 [19/09/22] - [18"11'16] INIZIO SCANSIONE RIGHE GRIGLIA
 [19/09/22] - [18"28'05] ELABORAZIONE ARTICOLO: 031366 - SCORTA: 00000012 - ORDINE AUTO: 1 - IMMEDIATO: 0 - IMPEGNATO: 000000
 [19/09/22] - [18"28'18] ARTICOLO KO.  - N1 (000000000000000000) >= N2(000000000000000000). ORD2-GIAC(00000000) + COMO-ORDINA
 [19/09/22] - [18"28'27] FINE SCANSIONE RIGHE GRIGLIA
 [19/09/22] - [18"28'27] NESSUN ARTICOLO DA GENERARE
 [19/09/22] - [18"28'27] FINE ELABORAZIONE AUTOMATICA
 [19/09/22] - [18"28'27] FINE PROGRAMMA
