 [09/12/20] - [11"53'58] INIZIO PROGRAMMA
 [09/12/20] - [11"53'58] INIZIO SOMMA VENDUTI
 [09/12/20] - [11"54'00] FINE SOMMA VENDUTI
 [09/12/20] - [11"54'00] CONTROLLO ESEGUIBILITA'
 [09/12/20] - [11"54'00] CONTROLLO ESEGUIBILITA' OK
 [09/12/20] - [11"54'15] OPEN OUTPUT TMP-FORN
 [09/12/20] - [11"54'15] OPEN OUTPUT TMP-ORDFOR
 [09/12/20] - [11"54'15] QTA-PROMO
 [09/12/20] - [11"54'19] VALORIZZA CAMPI
 [09/12/20] - [11"56'09] RIEMPI GRID
 [09/12/20] - [11"56'13] RIEMPI GRID OK
 [09/12/20] - [11"56'13] INIZIO ELABORAZIONE AUTOMATICA
 [09/12/20] - [11"56'13] INIZIO RICALCOLO
 [09/12/20] - [11"56'13] QTA STORICHE NON AGGIORNATE (1)
 [09/12/20] - [11"56'13] FINE RICALCOLO
 [09/12/20] - [11"56'13] INIZIO SCANSIONE RIGHE GRIGLIA
 [09/12/20] - [11"56'13] FINE SCANSIONE RIGHE GRIGLIA
 [09/12/20] - [11"56'13] NESSUN ARTICOLO DA GENERARE
 [09/12/20] - [11"56'13] FINE ELABORAZIONE AUTOMATICA
 [09/12/20] - [11"56'13] FINE PROGRAMMA
