 [25/01/21] - [21"59'07] INIZIO PROGRAMMA
 [25/01/21] - [21"59'09] INIZIO SOMMA VENDUTI
 [25/01/21] - [21"59'12] FINE SOMMA VENDUTI
 [25/01/21] - [21"59'12] CONTROLLO ESEGUIBILITA'
 [25/01/21] - [21"59'12] CONTROLLO ESEGUIBILITA' OK
 [25/01/21] - [21"59'12] OPEN OUTPUT TMP-FORN
 [25/01/21] - [21"59'12] OPEN OUTPUT TMP-ORDFOR
 [25/01/21] - [21"59'12] QTA-PROMO
 [25/01/21] - [21"59'16] VALORIZZA CAMPI
 [25/01/21] - [22"01'25] RIEMPI GRID
 [25/01/21] - [22"01'29] RIEMPI GRID OK
 [25/01/21] - [22"01'29] INIZIO ELABORAZIONE AUTOMATICA
 [25/01/21] - [22"01'29] INIZIO RICALCOLO
 [25/01/21] - [22"01'29] QTA STORICHE NON AGGIORNATE (1)
 [25/01/21] - [22"01'48] FINE RICALCOLO
 [25/01/21] - [22"01'48] OPEN OUTPUT TMP-FORN
 [25/01/21] - [22"01'48] OPEN OUTPUT TMP-ORDFOR
 [25/01/21] - [22"01'48] QTA-PROMO
 [25/01/21] - [22"01'53] VALORIZZA CAMPI
 [25/01/21] - [22"03'51] RIEMPI GRID
 [25/01/21] - [22"04'02] RIEMPI GRID OK
 [25/01/21] - [22"04'02] INIZIO SCANSIONE RIGHE GRIGLIA
 [25/01/21] - [22"09'41] FINE SCANSIONE RIGHE GRIGLIA
 [25/01/21] - [22"09'41] GENERAZIONE ORDINI FORNITORI
 [25/01/21] - [22"09'41] RICHIAMO PROGRAMMA CREA-ORDFOR
 [25/01/21] - [22"15'04] FINE RICHIAMO PROGRAMMA CREA-ORDFOR
 [25/01/21] - [22"15'04] STAMPE ORDINI
 [25/01/21] - [22"15'05] FINE STAMPE ORDINI
 [25/01/21] - [22"15'05] RIEPILOGO VIA MAIL
 [25/01/21] - [22"15'11] RIGENERAZIONE QTA VENDUTI
 [25/01/21] - [22"15'11] QTA STORICHE NON AGGIORNATE (1)
 [25/01/21] - [22"15'11] FINE RIGENERAZIONE QTA VENDUTI
 [25/01/21] - [22"15'11] FINE ELABORAZIONE AUTOMATICA
 [25/01/21] - [22"15'11] FINE PROGRAMMA
