 [16/02/24] - [17"45'18] INIZIO PROGRAMMA
 [16/02/24] - [17"45'18] INIZIO SOMMA VENDUTI
 [16/02/24] - [17"45'20] FINE SOMMA VENDUTI
 [16/02/24] - [17"45'20] CONTROLLO ESEGUIBILITA'
 [16/02/24] - [17"45'20] CONTROLLO ESEGUIBILITA' OK
 [16/02/24] - [17"45'20] OPEN OUTPUT TMP-FORN
 [16/02/24] - [17"45'20] OPEN OUTPUT TMP-ORDFOR
 [16/02/24] - [17"45'20] QTA-PROMO
 [16/02/24] - [17"45'20] VALORIZZA CAMPI
 [16/02/24] - [17"45'21] RIEMPI GRID
 [16/02/24] - [17"45'21] RIEMPI GRID OK
 [16/02/24] - [17"45'21] INIZIO ELABORAZIONE AUTOMATICA
 [16/02/24] - [17"45'21] INIZIO RICALCOLO
 [16/02/24] - [17"45'21] QTA STORICHE NON AGGIORNATE (1)
 [16/02/24] - [17"45'21] FINE RICALCOLO
 [16/02/24] - [17"45'21] INIZIO SCANSIONE RIGHE GRIGLIA
 [16/02/24] - [17"45'21] FORMULE DI RIFERIMENTO: N1 = ord2-giac + ordinato - ord2-promo || N2 = ( ord2-riordino - ord2-consegna ) * sco-molt-pordini
 [16/02/24] - [17"45'21] ELABORAZIONE ARTICOLO: 024597 - SCORTA: 00000004 - ORDINE AUTO: 1 - IMMEDIATO: 1 - IMPEGNATO: 0
 [16/02/24] - [17"45'21] ARTICOLO OK: COMO-IMPEGNATO(0) + ORD2-PROMO (97)> 0
 [16/02/24] - [17"45'21] FINE SCANSIONE RIGHE GRIGLIA
 [16/02/24] - [17"45'21] GENERAZIONE ORDINI FORNITORI
 [16/02/24] - [17"45'21] RICHIAMO PROGRAMMA CREA-ORDFOR
 [16/02/24] - [17"45'25] FINE RICHIAMO PROGRAMMA CREA-ORDFOR
 [16/02/24] - [17"45'25] STAMPE ORDINI
 [16/02/24] - [17"45'25] STAMPE UFFICIO ALTRO SU STAMPANTE: doPDF 11
 [16/02/24] - [17"45'29] FINE STAMPE ORDINI
 [16/02/24] - [17"45'29] RIGENERAZIONE QTA VENDUTI
 [16/02/24] - [17"45'29] QTA STORICHE NON AGGIORNATE (1)
 [16/02/24] - [17"45'29] FINE RIGENERAZIONE QTA VENDUTI
 [16/02/24] - [17"45'29] FINE ELABORAZIONE AUTOMATICA
 [16/02/24] - [17"45'29] FINE PROGRAMMA
