 [19/02/21] - [23"32'14] INIZIO PROGRAMMA
 [19/02/21] - [23"32'14] INIZIO SOMMA VENDUTI
 [19/02/21] - [23"32'22] FINE SOMMA VENDUTI
 [19/02/21] - [23"32'22] CONTROLLO ESEGUIBILITA'
 [19/02/21] - [23"32'22] CONTROLLO ESEGUIBILITA' OK
 [19/02/21] - [23"32'22] OPEN OUTPUT TMP-FORN
 [19/02/21] - [23"32'23] OPEN OUTPUT TMP-ORDFOR
 [19/02/21] - [23"32'23] QTA-PROMO
 [19/02/21] - [23"32'27] VALORIZZA CAMPI
 [19/02/21] - [23"34'51] RIEMPI GRID
 [19/02/21] - [23"34'55] RIEMPI GRID OK
 [19/02/21] - [23"34'55] INIZIO ELABORAZIONE AUTOMATICA
 [19/02/21] - [23"34'55] INIZIO RICALCOLO
 [19/02/21] - [23"34'55] QTA STORICHE NON AGGIORNATE (1)
 [19/02/21] - [23"34'55] FINE RICALCOLO
 [19/02/21] - [23"34'55] INIZIO SCANSIONE RIGHE GRIGLIA
 [19/02/21] - [23"34'55] FINE SCANSIONE RIGHE GRIGLIA
 [19/02/21] - [23"34'55] NESSUN ARTICOLO DA GENERARE
 [19/02/21] - [23"34'55] FINE ELABORAZIONE AUTOMATICA
 [19/02/21] - [23"34'55] FINE PROGRAMMA
