 [16/02/24] - [17"15'29] INIZIO PROGRAMMA
 [16/02/24] - [17"15'29] INIZIO SOMMA VENDUTI
 [16/02/24] - [17"15'31] FINE SOMMA VENDUTI
 [16/02/24] - [17"15'31] CONTROLLO ESEGUIBILITA'
 [16/02/24] - [17"15'31] CONTROLLO ESEGUIBILITA' OK
 [16/02/24] - [17"15'31] OPEN OUTPUT TMP-FORN
 [16/02/24] - [17"15'31] OPEN OUTPUT TMP-ORDFOR
 [16/02/24] - [17"15'31] QTA-PROMO
 [16/02/24] - [17"15'31] VALORIZZA CAMPI
 [16/02/24] - [17"15'32] RIEMPI GRID
 [16/02/24] - [17"15'32] RIEMPI GRID OK
 [16/02/24] - [17"15'32] INIZIO ELABORAZIONE AUTOMATICA
 [16/02/24] - [17"15'32] INIZIO RICALCOLO
 [16/02/24] - [17"15'32] QTA STORICHE NON AGGIORNATE (1)
 [16/02/24] - [17"15'32] FINE RICALCOLO
 [16/02/24] - [17"15'32] INIZIO SCANSIONE RIGHE GRIGLIA
 [16/02/24] - [17"15'32] FORMULE DI RIFERIMENTO: N1 = ord2-giac + ordinato - ord2-promo || N2 = ( ord2-riordino - ord2-consegna ) * sco-molt-pordini
 [16/02/24] - [17"15'32] ELABORAZIONE ARTICOLO: 024597 - SCORTA: 00000004 - ORDINE AUTO: 1 - IMMEDIATO: 1 - IMPEGNATO: 0
 [16/02/24] - [17"15'32] ARTICOLO OK: COMO-IMPEGNATO(0) + ORD2-PROMO (97)> 0
 [16/02/24] - [17"15'32] FINE SCANSIONE RIGHE GRIGLIA
 [16/02/24] - [17"15'32] GENERAZIONE ORDINI FORNITORI
 [16/02/24] - [17"15'32] RICHIAMO PROGRAMMA CREA-ORDFOR
 [16/02/24] - [17"16'34] FINE RICHIAMO PROGRAMMA CREA-ORDFOR
 [16/02/24] - [17"16'34] STAMPE ORDINI
 [16/02/24] - [17"16'34] STAMPE UFFICIO ALTRO SU STAMPANTE: doPDF 11
 [16/02/24] - [17"16'38] FINE STAMPE ORDINI
 [16/02/24] - [17"16'38] RIGENERAZIONE QTA VENDUTI
 [16/02/24] - [17"16'38] QTA STORICHE NON AGGIORNATE (1)
 [16/02/24] - [17"16'38] FINE RIGENERAZIONE QTA VENDUTI
 [16/02/24] - [17"16'38] FINE ELABORAZIONE AUTOMATICA
 [16/02/24] - [17"16'38] FINE PROGRAMMA
