 [01/12/22] - [10"35'40] INIZIO ELABORAZIONE
 [01/12/22] - [10"35'40] CONTROLLO ESISTENZA CARTELLE OK
 [01/12/22] - [10"35'40]
 [01/12/22] - [10"35'40] ELABORAZIONE FILE f:\lubex\GESLUX\EDI\test\import\COOPCNNA_G$3212062614_20221122_11281650
 [01/12/22] - [10"35'40] CREAZIONE FILE BACKUP : f:\lubex\GESLUX\EDI\test\backup\COOPCNNA_G$3212062614_20221122_11281650_20221201_10354080
 [01/12/22] - [10"35'40] GENERAZIONE BACKUP RIUSCITA
 [01/12/22] - [10"35'40] CANCELLAZIONE FILE: f:\lubex\GESLUX\EDI\test\import\COOPCNNA_G$3212062614_20221122_11281650
 [01/12/22] - [10"35'40] CANCELLAZIONE RIUSCITA
 [01/12/22] - [10"35'40] LAVORAZIONE EFFETTIVA FILE: f:\lubex\GESLUX\EDI\test\backup\COOPCNNA_G$3212062614_20221122_11281650_20221201_10354080
 [01/12/22] - [10"35'40] CREATO ORDINE: 2022 - 00154863
 [01/12/22] - [10"35'40]
 [01/12/22] - [10"35'40] ELABORAZIONE FILE f:\lubex\GESLUX\EDI\test\import\COOPCNNA_G$321206261g4_20221122_11281650
 [01/12/22] - [10"35'40] CREAZIONE FILE BACKUP : f:\lubex\GESLUX\EDI\test\backup\COOPCNNA_G$321206261g4_20221122_11281650_20221201_10354080
 [01/12/22] - [10"35'40] GENERAZIONE BACKUP RIUSCITA
 [01/12/22] - [10"35'40] CANCELLAZIONE FILE: f:\lubex\GESLUX\EDI\test\import\COOPCNNA_G$321206261g4_20221122_11281650
 [01/12/22] - [10"35'40] CANCELLAZIONE RIUSCITA
 [01/12/22] - [10"35'40] LAVORAZIONE EFFETTIVA FILE: f:\lubex\GESLUX\EDI\test\backup\COOPCNNA_G$321206261g4_20221122_11281650_20221201_10354080
 [01/12/22] - [10"35'40] CREATO ORDINE: 2022 - 00154864
 [01/12/22] - [10"35'40]
 [01/12/22] - [10"35'40] ELABORAZIONE FILE f:\lubex\GESLUX\EDI\test\import\COOPCNNA_G$r3212062614_20221122_11281650
 [01/12/22] - [10"35'40] CREAZIONE FILE BACKUP : f:\lubex\GESLUX\EDI\test\backup\COOPCNNA_G$r3212062614_20221122_11281650_20221201_10354080
 [01/12/22] - [10"35'40] GENERAZIONE BACKUP RIUSCITA
 [01/12/22] - [10"35'40] CANCELLAZIONE FILE: f:\lubex\GESLUX\EDI\test\import\COOPCNNA_G$r3212062614_20221122_11281650
 [01/12/22] - [10"35'40] CANCELLAZIONE RIUSCITA
 [01/12/22] - [10"35'40] LAVORAZIONE EFFETTIVA FILE: f:\lubex\GESLUX\EDI\test\backup\COOPCNNA_G$r3212062614_20221122_11281650_20221201_10354080
 [01/12/22] - [10"35'40] CREATO ORDINE: 2022 - 00154865
 [01/12/22] - [10"35'40]
 [01/12/22] - [10"35'40] ELABORAZIONE FILE f:\lubex\GESLUX\EDI\test\import\rCOOPCNNA_G$3212062614_20221122_11281650
 [01/12/22] - [10"35'40] CREAZIONE FILE BACKUP : f:\lubex\GESLUX\EDI\test\backup\rCOOPCNNA_G$3212062614_20221122_11281650_20221201_10354080
 [01/12/22] - [10"35'40] GENERAZIONE BACKUP RIUSCITA
 [01/12/22] - [10"35'40] CANCELLAZIONE FILE: f:\lubex\GESLUX\EDI\test\import\rCOOPCNNA_G$3212062614_20221122_11281650
 [01/12/22] - [10"35'40] CANCELLAZIONE RIUSCITA
 [01/12/22] - [10"35'40] LAVORAZIONE EFFETTIVA FILE: f:\lubex\GESLUX\EDI\test\backup\rCOOPCNNA_G$3212062614_20221122_11281650_20221201_10354080
 [01/12/22] - [10"35'40] CREATO ORDINE: 2022 - 00154866
 [01/12/22] - [10"35'40]
 [01/12/22] - [10"35'40] FILES TRATTATI: 004 - OK: 004 - NON ELABORATI: 000
 [01/12/22] - [10"35'40] *** ORDINI TRATTATI: 00005 di cui 00001 da verificare ****
 [01/12/22] - [10"35'40]
 [01/12/22] - [10"35'40] ELABORAZIONE TERMINATA IN: 00 SECONDI
