 [15/05/21] - [14"33'55] INIZIO ELABORAZIONE
 [15/05/21] - [14"33'55] CONTROLLO ESISTENZA CARTELLE OK
 [15/05/21] - [14"33'55]
 [15/05/21] - [14"33'55] ELABORAZIONE FILEf:\lubex\GESLUX\EDI\test\import\portale20210514150726
 [15/05/21] - [14"33'55] BACKUP RIUSCITO: f:\lubex\GESLUX\EDI\test\backup\portale20210514150726_20210515_14335585
 [15/05/21] - [14"33'57] CREATO ORDINE: 2021 - 00000001
 [15/05/21] - [14"33'57] CREATO ORDINE: 2021 - 00000002
 [15/05/21] - [14"33'57] CREATO ORDINE: 2021 - 00000003
 [15/05/21] - [14"33'57] CREATO ORDINE: 2021 - 00000004
 [15/05/21] - [14"33'57] CREATO ORDINE: 2021 - 00000005
 [15/05/21] - [14"33'57] CREATO ORDINE: 2021 - 00000006
 [15/05/21] - [14"33'57] CREATO ORDINE: 2021 - 00000007
 [15/05/21] - [14"33'57] CREATO ORDINE: 2021 - 00000008
 [15/05/21] - [14"33'57] CREATO ORDINE: 2021 - 00000009
 [15/05/21] - [14"33'57] CREATO ORDINE: 2021 - 00000010
 [15/05/21] - [14"33'57] CREATO ORDINE: 2021 - 00000011
 [15/05/21] - [14"33'57] CREATO ORDINE: 2021 - 00000012
 [15/05/21] - [14"33'57] CREATO ORDINE: 2021 - 00000013
 [15/05/21] - [14"33'57] CREATO ORDINE: 2021 - 00000014
 [15/05/21] - [14"33'57] CREATO ORDINE: 2021 - 00000015
 [15/05/21] - [14"33'57] CREATO ORDINE: 2021 - 00000016
 [15/05/21] - [14"33'57] CREATO ORDINE: 2021 - 00000017
 [15/05/21] - [14"33'57] CREATO ORDINE: 2021 - 00000018
 [15/05/21] - [14"33'57] CREATO ORDINE: 2021 - 00000019
 [15/05/21] - [14"33'57] CREATO ORDINE: 2021 - 00000020
 [15/05/21] - [14"33'57] CREATO ORDINE: 2021 - 00000021
 [15/05/21] - [14"33'57] CREATO ORDINE: 2021 - 00000022
 [15/05/21] - [14"33'57] CREATO ORDINE: 2021 - 00000023
 [15/05/21] - [14"33'57] CREATO ORDINE: 2021 - 00000024
 [15/05/21] - [14"33'57] CREATO ORDINE: 2021 - 00000025
 [15/05/21] - [14"33'57] CREATO ORDINE: 2021 - 00000026
 [15/05/21] - [14"33'57] CREATO ORDINE: 2021 - 00000027
 [15/05/21] - [14"33'57] CREATO ORDINE: 2021 - 00000028
 [15/05/21] - [14"33'57] CREATO ORDINE: 2021 - 00000029
 [15/05/21] - [14"33'57] CREATO ORDINE: 2021 - 00000030
 [15/05/21] - [14"33'57] CREATO ORDINE: 2021 - 00000031
 [15/05/21] - [14"33'58] CREATO ORDINE: 2021 - 00000032
 [15/05/21] - [14"33'58] CREATO ORDINE: 2021 - 00000033
 [15/05/21] - [14"33'58] CREATO ORDINE: 2021 - 00000034
 [15/05/21] - [14"33'58]
 [15/05/21] - [14"33'58] FILES TRATTATI: 001 - OK: 001 - NON ELABORATI: 000
 [15/05/21] - [14"33'58] *** ORDINI TRATTATI: 00034 di cui 00021 da verificare ****
 [15/05/21] - [14"33'58]
 [15/05/21] - [14"33'58] ELABORAZIONE TERMINATA IN: 03 SECONDI
