 [19/04/24] - [23"44'05] INIZIO PROGRAMMA
 [19/04/24] - [23"44'06] INIZIO SOMMA VENDUTI
 [19/04/24] - [23"44'08] FINE SOMMA VENDUTI
 [19/04/24] - [23"44'08] CONTROLLO ESEGUIBILITA'
 [19/04/24] - [23"44'08] CONTROLLO ESEGUIBILITA' OK
 [19/04/24] - [23"44'09] OPEN OUTPUT TMP-FORN
 [19/04/24] - [23"44'09] OPEN OUTPUT TMP-ORDFOR
 [19/04/24] - [23"44'09] QTA-PROMO
 [19/04/24] - [23"44'09] VALORIZZA CAMPI
 [19/04/24] - [23"44'10] RIEMPI GRID
 [19/04/24] - [23"44'10] RIEMPI GRID OK
 [19/04/24] - [23"44'10] INIZIO ELABORAZIONE AUTOMATICA
 [19/04/24] - [23"44'10] INIZIO RICALCOLO
 [19/04/24] - [23"44'10] QTA STORICHE NON AGGIORNATE (1)
 [19/04/24] - [23"44'10] FINE RICALCOLO
 [19/04/24] - [23"44'10] INIZIO SCANSIONE RIGHE GRIGLIA
 [19/04/24] - [23"44'10] FORMULE DI RIFERIMENTO: N1 = ord2-giac + ordinato - ord2-promo || N2 = ( ord2-riordino - ord2-consegna ) * sco-molt-pordini
 [19/04/24] - [23"44'10] FINE SCANSIONE RIGHE GRIGLIA
 [19/04/24] - [23"44'10] NESSUN ARTICOLO DA GENERARE
 [19/04/24] - [23"44'10] FINE ELABORAZIONE AUTOMATICA
 [19/04/24] - [23"44'10] FINE PROGRAMMA
