 [08/11/23] - [17"17'55] INIZIO ELABORAZIONE
 [08/11/23] - [17"17'55] CONTROLLO ESISTENZA CARTELLE OK
 [08/11/23] - [17"18'00]
 [08/11/23] - [17"18'00] ELABORAZIONE FILE f:\lubex\GESLUX\EDI\test\import\BRICOFER_G$3222443831_20221216_16225866_20221217_00142859_20231031_11130898
 [08/11/23] - [17"18'00] CREAZIONE FILE BACKUP : f:\lubex\GESLUX\EDI\test\backup\BRICOFER_G$3222443831_20221216_16225866_20221217_00142859_20231031_11130898_20231108_17175552
 [08/11/23] - [17"18'00] GENERAZIONE BACKUP RIUSCITA
 [08/11/23] - [17"18'00] CANCELLAZIONE FILE: f:\lubex\GESLUX\EDI\test\import\BRICOFER_G$3222443831_20221216_16225866_20221217_00142859_20231031_11130898
 [08/11/23] - [17"18'00] CANCELLAZIONE RIUSCITA
 [08/11/23] - [17"18'00] LAVORAZIONE EFFETTIVA FILE: f:\lubex\GESLUX\EDI\test\backup\BRICOFER_G$3222443831_20221216_16225866_20221217_00142859_20231031_11130898_20231108_17175552
 [08/11/23] - [17"18'00] CREATO ORDINE: 2023 - 00188798
 [08/11/23] - [17"19'37]
 [08/11/23] - [17"19'37] ELABORAZIONE FILE f:\lubex\GESLUX\EDI\test\import\BRICOFER_G$3222443831_20221216_16225866_20221217_00193620_20231031_11152793
 [08/11/23] - [17"19'37] CREAZIONE FILE BACKUP : f:\lubex\GESLUX\EDI\test\backup\BRICOFER_G$3222443831_20221216_16225866_20221217_00193620_20231031_11152793_20231108_17175552
 [08/11/23] - [17"19'37] GENERAZIONE BACKUP RIUSCITA
 [08/11/23] - [17"19'37] CANCELLAZIONE FILE: f:\lubex\GESLUX\EDI\test\import\BRICOFER_G$3222443831_20221216_16225866_20221217_00193620_20231031_11152793
 [08/11/23] - [17"19'37] CANCELLAZIONE RIUSCITA
 [08/11/23] - [17"19'37] LAVORAZIONE EFFETTIVA FILE: f:\lubex\GESLUX\EDI\test\backup\BRICOFER_G$3222443831_20221216_16225866_20221217_00193620_20231031_11152793_20231108_17175552
 [08/11/23] - [17"19'37] CREATO ORDINE: 2023 - 00188799
 [08/11/23] - [17"19'37]
 [08/11/23] - [17"19'37] ELABORAZIONE FILE f:\lubex\GESLUX\EDI\test\import\BRICOFER_G$3222443831_20221216_16225866_20221217_00193620_20231031_11170973
 [08/11/23] - [17"19'37] CREAZIONE FILE BACKUP : f:\lubex\GESLUX\EDI\test\backup\BRICOFER_G$3222443831_20221216_16225866_20221217_00193620_20231031_11170973_20231108_17175552
 [08/11/23] - [17"19'37] GENERAZIONE BACKUP RIUSCITA
 [08/11/23] - [17"19'37] CANCELLAZIONE FILE: f:\lubex\GESLUX\EDI\test\import\BRICOFER_G$3222443831_20221216_16225866_20221217_00193620_20231031_11170973
 [08/11/23] - [17"19'37] CANCELLAZIONE RIUSCITA
 [08/11/23] - [17"19'37] LAVORAZIONE EFFETTIVA FILE: f:\lubex\GESLUX\EDI\test\backup\BRICOFER_G$3222443831_20221216_16225866_20221217_00193620_20231031_11170973_20231108_17175552
 [08/11/23] - [17"19'37] CREATO ORDINE: 2023 - 00188800
 [08/11/23] - [17"19'37]
 [08/11/23] - [17"19'37] FILES TRATTATI: 003 - OK: 003 - NON ELABORATI: 000
 [08/11/23] - [17"19'37] *** ORDINI TRATTATI: 00004 di cui 00004 da verificare ****
 [08/11/23] - [17"19'37]
 [08/11/23] - [17"19'37] ELABORAZIONE TERMINATA IN: 01 MINUTI E 42 SECONDI
