 [16/02/24] - [16"16'09] INIZIO PROGRAMMA
 [16/02/24] - [16"16'09] INIZIO SOMMA VENDUTI
 [16/02/24] - [16"16'12] FINE SOMMA VENDUTI
 [16/02/24] - [16"16'12] CONTROLLO ESEGUIBILITA'
 [16/02/24] - [16"16'12] CONTROLLO ESEGUIBILITA' OK
 [16/02/24] - [16"16'12] OPEN OUTPUT TMP-FORN
 [16/02/24] - [16"16'12] OPEN OUTPUT TMP-ORDFOR
 [16/02/24] - [16"16'12] QTA-PROMO
 [16/02/24] - [16"16'12] VALORIZZA CAMPI
 [16/02/24] - [16"16'13] RIEMPI GRID
 [16/02/24] - [16"16'13] RIEMPI GRID OK
 [16/02/24] - [16"16'13] INIZIO ELABORAZIONE AUTOMATICA
 [16/02/24] - [16"16'13] INIZIO RICALCOLO
 [16/02/24] - [16"16'13] QTA STORICHE NON AGGIORNATE (1)
 [16/02/24] - [16"16'13] FINE RICALCOLO
 [16/02/24] - [16"16'13] INIZIO SCANSIONE RIGHE GRIGLIA
 [16/02/24] - [16"16'13] FORMULE DI RIFERIMENTO: N1 = ord2-giac + ordinato - ord2-promo || N2 = ( ord2-riordino - ord2-consegna ) * sco-molt-pordini
 [16/02/24] - [16"16'13] ELABORAZIONE ARTICOLO: 024597 - SCORTA: 00000004 - ORDINE AUTO: 1 - IMMEDIATO: 1 - IMPEGNATO: 0
 [16/02/24] - [16"16'13] ARTICOLO KO.  - COMO-IMPEGNATO(0) <= 0: 00000004 - ORDINE AUTO: 1 - IMMEDIATO: 1 - IMPEGNATO: 0
 [16/02/24] - [16"16'13] FINE SCANSIONE RIGHE GRIGLIA
 [16/02/24] - [16"16'13] NESSUN ARTICOLO DA GENERARE
 [16/02/24] - [16"16'13] FINE ELABORAZIONE AUTOMATICA
 [16/02/24] - [16"16'13] FINE PROGRAMMA
