 [01/02/21] - [23"57'01] INIZIO PROGRAMMA
 [01/02/21] - [23"57'01] INIZIO SOMMA VENDUTI
 [01/02/21] - [23"57'04] FINE SOMMA VENDUTI
 [01/02/21] - [23"57'04] CONTROLLO ESEGUIBILITA'
 [01/02/21] - [23"57'04] CONTROLLO ESEGUIBILITA' OK
 [01/02/21] - [23"57'04] OPEN OUTPUT TMP-FORN
 [01/02/21] - [23"57'04] OPEN OUTPUT TMP-ORDFOR
 [01/02/21] - [23"57'04] QTA-PROMO
 [01/02/21] - [23"57'07] VALORIZZA CAMPI
 [01/02/21] - [23"59'01] RIEMPI GRID
 [01/02/21] - [23"59'06] RIEMPI GRID OK
 [01/02/21] - [23"59'06] INIZIO ELABORAZIONE AUTOMATICA
 [01/02/21] - [23"59'06] INIZIO RICALCOLO
 [01/02/21] - [23"59'06] QTA STORICHE NON AGGIORNATE (1)
 [02/02/21] - [00"03'33] FINE RICALCOLO
 [02/02/21] - [00"03'33] OPEN OUTPUT TMP-FORN
 [02/02/21] - [00"03'33] OPEN OUTPUT TMP-ORDFOR
 [02/02/21] - [00"03'33] QTA-PROMO
 [02/02/21] - [00"03'37] VALORIZZA CAMPI
 [02/02/21] - [00"05'29] RIEMPI GRID
 [02/02/21] - [00"05'39] RIEMPI GRID OK
 [02/02/21] - [00"05'39] INIZIO SCANSIONE RIGHE GRIGLIA
 [02/02/21] - [00"06'04] FINE SCANSIONE RIGHE GRIGLIA
 [02/02/21] - [00"06'04] GENERAZIONE ORDINI FORNITORI
 [02/02/21] - [00"06'04] RICHIAMO PROGRAMMA CREA-ORDFOR
 [02/02/21] - [00"06'32] FINE RICHIAMO PROGRAMMA CREA-ORDFOR
 [02/02/21] - [00"06'32] STAMPE ORDINI
 [02/02/21] - [00"06'32] FINE STAMPE ORDINI
 [02/02/21] - [00"06'32] RIEPILOGO VIA MAIL
 [02/02/21] - [00"07'17] RIGENERAZIONE QTA VENDUTI
 [02/02/21] - [00"07'17] QTA STORICHE NON AGGIORNATE (1)
 [02/02/21] - [00"07'21] FINE RIGENERAZIONE QTA VENDUTI
 [02/02/21] - [00"07'21] FINE ELABORAZIONE AUTOMATICA
 [02/02/21] - [00"07'21] FINE PROGRAMMA
