 [25/01/21] - [21"37'41] INIZIO PROGRAMMA
 [25/01/21] - [21"37'42] INIZIO SOMMA VENDUTI
 [25/01/21] - [21"37'45] FINE SOMMA VENDUTI
 [25/01/21] - [21"37'45] CONTROLLO ESEGUIBILITA'
 [25/01/21] - [21"37'45] CONTROLLO ESEGUIBILITA' OK
 [25/01/21] - [21"37'45] OPEN OUTPUT TMP-FORN
 [25/01/21] - [21"37'45] OPEN OUTPUT TMP-ORDFOR
 [25/01/21] - [21"37'45] QTA-PROMO
 [25/01/21] - [21"37'49] VALORIZZA CAMPI
 [25/01/21] - [21"40'06] RIEMPI GRID
 [25/01/21] - [21"40'10] RIEMPI GRID OK
 [25/01/21] - [21"40'10] INIZIO ELABORAZIONE AUTOMATICA
 [25/01/21] - [21"40'10] INIZIO RICALCOLO
 [25/01/21] - [21"40'10] QTA STORICHE NON AGGIORNATE (1)
 [25/01/21] - [21"42'43] FINE RICALCOLO
 [25/01/21] - [21"42'43] OPEN OUTPUT TMP-FORN
 [25/01/21] - [21"42'43] OPEN OUTPUT TMP-ORDFOR
 [25/01/21] - [21"42'43] QTA-PROMO
 [25/01/21] - [21"42'47] VALORIZZA CAMPI
 [25/01/21] - [21"44'48] RIEMPI GRID
 [25/01/21] - [21"44'58] RIEMPI GRID OK
 [25/01/21] - [21"44'58] INIZIO SCANSIONE RIGHE GRIGLIA
 [25/01/21] - [21"46'01] FINE SCANSIONE RIGHE GRIGLIA
 [25/01/21] - [21"46'01] GENERAZIONE ORDINI FORNITORI
 [25/01/21] - [21"46'01] RICHIAMO PROGRAMMA CREA-ORDFOR
 [25/01/21] - [21"52'04] FINE RICHIAMO PROGRAMMA CREA-ORDFOR
 [25/01/21] - [21"52'04] STAMPE ORDINI
 [25/01/21] - [21"52'05] FINE STAMPE ORDINI
 [25/01/21] - [21"52'05] RIEPILOGO VIA MAIL
 [25/01/21] - [21"52'23] RIGENERAZIONE QTA VENDUTI
 [25/01/21] - [21"52'23] QTA STORICHE NON AGGIORNATE (1)
 [25/01/21] - [21"52'24] FINE RIGENERAZIONE QTA VENDUTI
 [25/01/21] - [21"52'24] FINE ELABORAZIONE AUTOMATICA
 [25/01/21] - [21"52'24] FINE PROGRAMMA
