 [02/02/21] - [00"23'20] INIZIO PROGRAMMA
 [02/02/21] - [00"23'21] INIZIO SOMMA VENDUTI
 [02/02/21] - [00"23'23] FINE SOMMA VENDUTI
 [02/02/21] - [00"23'23] CONTROLLO ESEGUIBILITA'
 [02/02/21] - [00"23'23] CONTROLLO ESEGUIBILITA' OK
 [02/02/21] - [00"23'23] OPEN OUTPUT TMP-FORN
 [02/02/21] - [00"23'23] OPEN OUTPUT TMP-ORDFOR
 [02/02/21] - [00"23'23] QTA-PROMO
 [02/02/21] - [00"23'27] VALORIZZA CAMPI
 [02/02/21] - [00"25'23] RIEMPI GRID
 [02/02/21] - [00"25'27] RIEMPI GRID OK
 [02/02/21] - [00"25'27] INIZIO ELABORAZIONE AUTOMATICA
 [02/02/21] - [00"25'27] INIZIO RICALCOLO
 [02/02/21] - [00"25'27] QTA STORICHE NON AGGIORNATE (1)
 [02/02/21] - [00"26'54] FINE RICALCOLO
 [02/02/21] - [00"26'54] OPEN OUTPUT TMP-FORN
 [02/02/21] - [00"26'54] OPEN OUTPUT TMP-ORDFOR
 [02/02/21] - [00"26'54] QTA-PROMO
 [02/02/21] - [00"26'59] VALORIZZA CAMPI
 [02/02/21] - [00"28'50] RIEMPI GRID
 [02/02/21] - [00"28'59] RIEMPI GRID OK
 [02/02/21] - [00"28'59] INIZIO SCANSIONE RIGHE GRIGLIA
 [02/02/21] - [00"29'16] FINE SCANSIONE RIGHE GRIGLIA
 [02/02/21] - [00"29'16] GENERAZIONE ORDINI FORNITORI
 [02/02/21] - [00"29'16] RICHIAMO PROGRAMMA CREA-ORDFOR
 [02/02/21] - [00"36'31] FINE RICHIAMO PROGRAMMA CREA-ORDFOR
 [02/02/21] - [00"36'31] STAMPE ORDINI
 [02/02/21] - [00"36'31] FINE STAMPE ORDINI
 [02/02/21] - [00"36'31] RIEPILOGO VIA MAIL
