 [04/11/21] - [22"46'30] INIZIO PROGRAMMA
 [04/11/21] - [22"46'30] INIZIO SOMMA VENDUTI
 [04/11/21] - [22"46'31] FINE SOMMA VENDUTI
 [04/11/21] - [22"46'31] CONTROLLO ESEGUIBILITA'
 [04/11/21] - [22"46'31] CONTROLLO ESEGUIBILITA' OK
 [04/11/21] - [22"46'32] OPEN OUTPUT TMP-FORN
 [04/11/21] - [22"46'32] OPEN OUTPUT TMP-ORDFOR
 [04/11/21] - [22"46'32] QTA-PROMO
 [04/11/21] - [22"46'48] VALORIZZA CAMPI
 [04/11/21] - [22"49'54] RIEMPI GRID
 [04/11/21] - [22"49'58] RIEMPI GRID OK
 [04/11/21] - [22"49'58] INIZIO ELABORAZIONE AUTOMATICA
 [04/11/21] - [22"49'58] INIZIO RICALCOLO
 [04/11/21] - [22"49'58] QTA STORICHE NON AGGIORNATE (1)
 [04/11/21] - [22"49'58] FINE RICALCOLO
 [04/11/21] - [22"49'58] INIZIO SCANSIONE RIGHE GRIGLIA
 [04/11/21] - [22"49'59] FINE SCANSIONE RIGHE GRIGLIA
 [04/11/21] - [22"49'59] NESSUN ARTICOLO DA GENERARE
 [04/11/21] - [22"49'59] FINE ELABORAZIONE AUTOMATICA
 [04/11/21] - [22"49'59] FINE PROGRAMMA
