 [01/02/21] - [23"51'50] INIZIO PROGRAMMA
 [01/02/21] - [23"51'50] INIZIO SOMMA VENDUTI
 [01/02/21] - [23"51'53] FINE SOMMA VENDUTI
 [01/02/21] - [23"51'53] CONTROLLO ESEGUIBILITA'
 [01/02/21] - [23"51'53] CONTROLLO ESEGUIBILITA' OK
 [01/02/21] - [23"51'53] OPEN OUTPUT TMP-FORN
 [01/02/21] - [23"51'53] OPEN OUTPUT TMP-ORDFOR
 [01/02/21] - [23"51'53] QTA-PROMO
 [01/02/21] - [23"51'56] VALORIZZA CAMPI
 [01/02/21] - [23"53'46] RIEMPI GRID
 [01/02/21] - [23"53'50] RIEMPI GRID OK
 [01/02/21] - [23"53'50] INIZIO ELABORAZIONE AUTOMATICA
 [01/02/21] - [23"53'50] INIZIO RICALCOLO
 [01/02/21] - [23"53'50] QTA STORICHE NON AGGIORNATE (1)
 [01/02/21] - [23"53'50] FINE RICALCOLO
 [01/02/21] - [23"53'50] INIZIO SCANSIONE RIGHE GRIGLIA
 [01/02/21] - [23"53'50] FINE SCANSIONE RIGHE GRIGLIA
 [01/02/21] - [23"53'50] NESSUN ARTICOLO DA GENERARE
 [01/02/21] - [23"53'50] FINE ELABORAZIONE AUTOMATICA
 [01/02/21] - [23"53'50] FINE PROGRAMMA
