 [24/01/24] - [23"38'53] INIZIO ELABORAZIONE
 [24/01/24] - [23"38'53] CONTROLLO ESISTENZA CARTELLE OK
 [24/01/24] - [23"38'53]
 [24/01/24] - [23"38'53] ELABORAZIONE FILE f:\lubex\GESLUX\EDI\test\import\CARREFOUR_C$3377435064
 [24/01/24] - [23"38'53] CREAZIONE FILE BACKUP : f:\lubex\GESLUX\EDI\test\backup\CARREFOUR_C$3377435064_20240124_23385310
 [24/01/24] - [23"38'53] GENERAZIONE BACKUP RIUSCITA
 [24/01/24] - [23"38'53] CANCELLAZIONE FILE: f:\lubex\GESLUX\EDI\test\import\CARREFOUR_C$3377435064
 [24/01/24] - [23"38'53] CANCELLAZIONE RIUSCITA
 [24/01/24] - [23"38'53] LAVORAZIONE EFFETTIVA FILE: f:\lubex\GESLUX\EDI\test\backup\CARREFOUR_C$3377435064_20240124_23385310
 [24/01/24] - [23"38'53] CREATO ORDINE: 2024 - 00200514
 [24/01/24] - [23"38'53] CREATO ORDINE: 2024 - 00200515
 [24/01/24] - [23"38'53] CREATO ORDINE: 2024 - 00200516
 [24/01/24] - [23"38'53] CREATO ORDINE: 2024 - 00200517
 [24/01/24] - [23"38'53] CREATO ORDINE: 2024 - 00200518
 [24/01/24] - [23"38'53] CREATO ORDINE: 2024 - 00200519
 [24/01/24] - [23"38'53] CREATO ORDINE: 2024 - 00200520
 [24/01/24] - [23"38'53] CREATO ORDINE: 2024 - 00200521
 [24/01/24] - [23"38'53] CREATO ORDINE: 2024 - 00200522
 [24/01/24] - [23"38'53] CREATO ORDINE: 2024 - 00200523
 [24/01/24] - [23"38'53] CREATO ORDINE: 2024 - 00200524
 [24/01/24] - [23"39'28]
 [24/01/24] - [23"39'28] FILES TRATTATI: 001 - OK: 001 - NON ELABORATI: 000
 [24/01/24] - [23"39'28] *** ORDINI TRATTATI: 00012 di cui 00012 da verificare ****
 [24/01/24] - [23"39'28]
 [24/01/24] - [23"39'28] ELABORAZIONE TERMINATA IN: 35 SECONDI
