 [19/09/22] - [17"43'12] INIZIO PROGRAMMA
 [19/09/22] - [17"43'12] INIZIO SOMMA VENDUTI
 [19/09/22] - [17"43'15] FINE SOMMA VENDUTI
 [19/09/22] - [17"43'15] CONTROLLO ESEGUIBILITA'
 [19/09/22] - [17"43'15] CONTROLLO ESEGUIBILITA' OK
 [19/09/22] - [17"43'15] OPEN OUTPUT TMP-FORN
 [19/09/22] - [17"43'15] OPEN OUTPUT TMP-ORDFOR
 [19/09/22] - [17"43'15] QTA-PROMO
 [19/09/22] - [17"43'21] VALORIZZA CAMPI
 [19/09/22] - [17"47'28] RIEMPI GRID
 [19/09/22] - [17"47'36] RIEMPI GRID OK
 [19/09/22] - [17"47'36] INIZIO ELABORAZIONE AUTOMATICA
 [19/09/22] - [17"47'36] INIZIO RICALCOLO
 [19/09/22] - [17"47'36] QTA STORICHE NON AGGIORNATE (1)
 [19/09/22] - [17"47'36] FINE RICALCOLO
 [19/09/22] - [17"47'36] INIZIO SCANSIONE RIGHE GRIGLIA
 [19/09/22] - [17"47'36] FINE SCANSIONE RIGHE GRIGLIA
 [19/09/22] - [17"47'36] NESSUN ARTICOLO DA GENERARE
 [19/09/22] - [17"47'36] FINE ELABORAZIONE AUTOMATICA
 [19/09/22] - [17"47'36] FINE PROGRAMMA
