 [25/11/19] - [12"02'59] INIZIO PROGRAMMA
 [25/11/19] - [12"02'59] INIZIO SOMMA VENDUTI
 [25/11/19] - [12"03'00] FINE SOMMA VENDUTI
 [25/11/19] - [12"03'00] CONTROLLO ESEGUIBILITA'
 [25/11/19] - [12"03'00] CONTROLLO ESEGUIBILITA' OK
 [25/11/19] - [12"03'00] OPEN OUTPUT TMP-FORN
 [25/11/19] - [12"03'00] OPEN OUTPUT TMP-ORDFOR
 [25/11/19] - [12"03'00] QTA-PROMO
 [25/11/19] - [12"03'06] VALORIZZA CAMPI
 [25/11/19] - [12"04'58] RIEMPI GRID
 [25/11/19] - [12"05'01] RIEMPI GRID OK
 [25/11/19] - [12"05'01] INIZIO ELABORAZIONE AUTOMATICA
 [25/11/19] - [12"05'01] INIZIO RICALCOLO
 [25/11/19] - [12"05'01] QTA STORICHE NON AGGIORNATE (1)
 [25/11/19] - [12"05'01] FINE RICALCOLO
 [25/11/19] - [12"05'01] INIZIO SCANSIONE RIGHE GRIGLIA
 [25/11/19] - [12"05'01] FINE SCANSIONE RIGHE GRIGLIA
 [25/11/19] - [12"05'01] NESSUN ARTICOLO DA GENERARE
 [25/11/19] - [12"05'01] FINE ELABORAZIONE AUTOMATICA
 [25/11/19] - [12"05'01] FINE PROGRAMMA
