 [10/06/24] - [10"28'58] INIZIO ELABORAZIONE
 [10/06/24] - [10"28'58] CONTROLLO ESISTENZA CARTELLE OK
 [10/06/24] - [10"59'53]
 [10/06/24] - [10"59'53] ELABORAZIONE FILE f:\lubex\GESLUX\EDI\test\import\albri20240528160003_20240528_16330456
 [10/06/24] - [10"59'53] CREAZIONE FILE BACKUP : f:\lubex\GESLUX\EDI\test\backup\albri20240528160003_20240528_16330456_20240610_10285883
 [10/06/24] - [10"59'53] GENERAZIONE BACKUP RIUSCITA
 [10/06/24] - [10"59'53] CANCELLAZIONE FILE: f:\lubex\GESLUX\EDI\test\import\albri20240528160003_20240528_16330456
 [10/06/24] - [10"59'53] CANCELLAZIONE RIUSCITA
 [10/06/24] - [10"59'53] LAVORAZIONE EFFETTIVA FILE: f:\lubex\GESLUX\EDI\test\backup\albri20240528160003_20240528_16330456_20240610_10285883
 [10/06/24] - [10"59'53] CREATO ORDINE: 2024 - 00213049
 [10/06/24] - [10"59'53]
 [10/06/24] - [10"59'53] ELABORAZIONE FILE f:\lubex\GESLUX\EDI\test\import\obi
 [10/06/24] - [10"59'53] CREAZIONE FILE BACKUP : f:\lubex\GESLUX\EDI\test\backup\obi_20240610_10285883
 [10/06/24] - [10"59'53] GENERAZIONE BACKUP RIUSCITA
 [10/06/24] - [10"59'53] CANCELLAZIONE FILE: f:\lubex\GESLUX\EDI\test\import\obi
 [10/06/24] - [10"59'53] CANCELLAZIONE RIUSCITA
 [10/06/24] - [10"59'53] LAVORAZIONE EFFETTIVA FILE: f:\lubex\GESLUX\EDI\test\backup\obi_20240610_10285883
 [10/06/24] - [10"59'53] CREATO ORDINE: 2024 - 00213050
 [10/06/24] - [10"59'54] CREATO ORDINE: 2024 - 00213051
 [10/06/24] - [10"59'54] CREATO ORDINE: 2024 - 00213052
 [10/06/24] - [10"59'54] CREATO ORDINE: 2024 - 00213053
 [10/06/24] - [10"59'54] CREATO ORDINE: 2024 - 00213054
 [10/06/24] - [10"59'54] CREATO ORDINE: 2024 - 00213055
 [10/06/24] - [10"59'54] CREATO ORDINE: 2024 - 00213056
 [10/06/24] - [10"59'54] CREATO ORDINE: 2024 - 00213057
 [10/06/24] - [10"59'54] CREATO ORDINE: 2024 - 00213058
 [10/06/24] - [10"59'58]
 [10/06/24] - [10"59'58] FILES TRATTATI: 002 - OK: 002 - NON ELABORATI: 000
 [10/06/24] - [10"59'58] *** ORDINI TRATTATI: 00011 di cui 00011 da verificare ****
 [10/06/24] - [10"59'58]
 [10/06/24] - [10"59'58] ELABORAZIONE TERMINATA IN: 31 MINUTI E 00 SECONDI
