 [06/12/20] - [00"49'56] INIZIO PROGRAMMA
 [06/12/20] - [00"49'56] INIZIO SOMMA VENDUTI
 [06/12/20] - [00"49'58] FINE SOMMA VENDUTI
 [06/12/20] - [00"49'58] CONTROLLO ESEGUIBILITA'
 [06/12/20] - [00"49'58] CONTROLLO ESEGUIBILITA' OK
 [06/12/20] - [00"49'59] OPEN OUTPUT TMP-FORN
 [06/12/20] - [00"49'59] OPEN OUTPUT TMP-ORDFOR
 [06/12/20] - [00"49'59] QTA-PROMO
 [06/12/20] - [00"50'02] VALORIZZA CAMPI
 [06/12/20] - [00"51'56] RIEMPI GRID
 [06/12/20] - [00"51'59] RIEMPI GRID OK
 [06/12/20] - [00"51'59] INIZIO ELABORAZIONE AUTOMATICA
 [06/12/20] - [00"51'59] INIZIO RICALCOLO
 [06/12/20] - [00"51'59] QTA STORICHE NON AGGIORNATE (1)
 [06/12/20] - [00"51'59] FINE RICALCOLO
 [06/12/20] - [00"51'59] INIZIO SCANSIONE RIGHE GRIGLIA
 [06/12/20] - [00"51'59] FINE SCANSIONE RIGHE GRIGLIA
 [06/12/20] - [00"51'59] NESSUN ARTICOLO DA GENERARE
 [06/12/20] - [00"51'59] FINE ELABORAZIONE AUTOMATICA
 [06/12/20] - [00"51'59] FINE PROGRAMMA
