 [17/05/24] - [12"13'19] INIZIO ELABORAZIONE
 [17/05/24] - [12"13'19] CONTROLLO ESISTENZA CARTELLE OK
 [17/05/24] - [12"13'19]
 [17/05/24] - [12"13'19] ELABORAZIONE FILE f:\lubex\GESLUX\EDI\test\import\OBI_D$3428106020
 [17/05/24] - [12"13'19] CREAZIONE FILE BACKUP : f:\lubex\GESLUX\EDI\test\backup\OBI_D$3428106020_20240517_12131914
 [17/05/24] - [12"13'19] GENERAZIONE BACKUP RIUSCITA
 [17/05/24] - [12"13'19] CANCELLAZIONE FILE: f:\lubex\GESLUX\EDI\test\import\OBI_D$3428106020
 [17/05/24] - [12"13'19] CANCELLAZIONE RIUSCITA
 [17/05/24] - [12"13'19] LAVORAZIONE EFFETTIVA FILE: f:\lubex\GESLUX\EDI\test\backup\OBI_D$3428106020_20240517_12131914
 [17/05/24] - [12"13'19] CREATO ORDINE: 2024 - 00213031
 [17/05/24] - [12"13'19] CREATO ORDINE: 2024 - 00213032
 [17/05/24] - [12"13'19] CREATO ORDINE: 2024 - 00213033
 [17/05/24] - [12"13'19] CREATO ORDINE: 2024 - 00213034
 [17/05/24] - [12"13'19] CREATO ORDINE: 2024 - 00213035
 [17/05/24] - [12"13'19] CREATO ORDINE: 2024 - 00213036
 [17/05/24] - [12"13'19] CREATO ORDINE: 2024 - 00213037
 [17/05/24] - [12"13'19] CREATO ORDINE: 2024 - 00213038
 [17/05/24] - [12"13'19] CREATO ORDINE: 2024 - 00213039
 [17/05/24] - [12"13'20]
 [17/05/24] - [12"13'20] FILES TRATTATI: 001 - OK: 001 - NON ELABORATI: 000
 [17/05/24] - [12"13'20] *** ORDINI TRATTATI: 00010 di cui 00010 da verificare ****
 [17/05/24] - [12"13'20]
 [17/05/24] - [12"13'20] ELABORAZIONE TERMINATA IN: 01 SECONDI
