 [04/10/23] - [12"07'37] INIZIO ELABORAZIONE
 [04/10/23] - [12"07'37] CONTROLLO ESISTENZA CARTELLE OK
 [04/10/23] - [12"07'42]
 [04/10/23] - [12"07'42] ELABORAZIONE FILE f:\lubex\GESLUX\EDI\test\import\albri20221128131501_20221128_13580504
 [04/10/23] - [12"07'42] CREAZIONE FILE BACKUP : f:\lubex\GESLUX\EDI\test\backup\albri20221128131501_20221128_13580504_20231004_12073795
 [04/10/23] - [12"07'42] GENERAZIONE BACKUP RIUSCITA
 [04/10/23] - [12"07'42] CANCELLAZIONE FILE: f:\lubex\GESLUX\EDI\test\import\albri20221128131501_20221128_13580504
 [04/10/23] - [12"07'42] CANCELLAZIONE RIUSCITA
 [04/10/23] - [12"07'42] LAVORAZIONE EFFETTIVA FILE: f:\lubex\GESLUX\EDI\test\backup\albri20221128131501_20221128_13580504_20231004_12073795
 [04/10/23] - [12"07'42] CREATO ORDINE: 2023 - 00185676
 [04/10/23] - [12"07'42] CREATO ORDINE: 2023 - 00185677
 [04/10/23] - [12"07'42]
 [04/10/23] - [12"07'42] ELABORAZIONE FILE f:\lubex\GESLUX\EDI\test\import\CARREFOUR_C$3336190742_20231004_09032239
 [04/10/23] - [12"07'42] CREAZIONE FILE BACKUP : f:\lubex\GESLUX\EDI\test\backup\CARREFOUR_C$3336190742_20231004_09032239_20231004_12073795
 [04/10/23] - [12"07'42] GENERAZIONE BACKUP RIUSCITA
 [04/10/23] - [12"07'42] CANCELLAZIONE FILE: f:\lubex\GESLUX\EDI\test\import\CARREFOUR_C$3336190742_20231004_09032239
 [04/10/23] - [12"07'42] CANCELLAZIONE RIUSCITA
 [04/10/23] - [12"07'42] LAVORAZIONE EFFETTIVA FILE: f:\lubex\GESLUX\EDI\test\backup\CARREFOUR_C$3336190742_20231004_09032239_20231004_12073795
 [04/10/23] - [12"07'42] CREATO ORDINE: 2023 - 00185678
 [04/10/23] - [12"07'42]
 [04/10/23] - [12"07'42] ELABORAZIONE FILE f:\lubex\GESLUX\EDI\test\import\COOPCNNA_G$3336158262_20231004_09032239
 [04/10/23] - [12"07'42] CREAZIONE FILE BACKUP : f:\lubex\GESLUX\EDI\test\backup\COOPCNNA_G$3336158262_20231004_09032239_20231004_12073795
 [04/10/23] - [12"07'42] GENERAZIONE BACKUP RIUSCITA
 [04/10/23] - [12"07'42] CANCELLAZIONE FILE: f:\lubex\GESLUX\EDI\test\import\COOPCNNA_G$3336158262_20231004_09032239
 [04/10/23] - [12"07'42] CANCELLAZIONE RIUSCITA
 [04/10/23] - [12"07'42] LAVORAZIONE EFFETTIVA FILE: f:\lubex\GESLUX\EDI\test\backup\COOPCNNA_G$3336158262_20231004_09032239_20231004_12073795
 [04/10/23] - [12"07'42] CREATO ORDINE: 2023 - 00185679
 [04/10/23] - [12"07'42]
 [04/10/23] - [12"07'42] FILES TRATTATI: 003 - OK: 003 - NON ELABORATI: 000
 [04/10/23] - [12"07'42] *** ORDINI TRATTATI: 00005 di cui 00003 da verificare ****
 [04/10/23] - [12"07'42]
 [04/10/23] - [12"07'42] ELABORAZIONE TERMINATA IN: 05 SECONDI
