 [04/10/23] - [12"28'02] INIZIO ELABORAZIONE
 [04/10/23] - [12"28'02] CONTROLLO ESISTENZA CARTELLE OK
 [04/10/23] - [12"28'02]
 [04/10/23] - [12"28'02] ELABORAZIONE FILE f:\lubex\GESLUX\EDI\test\import\albri20221128131501_20221128_13580504_20231004_12073795_20231004_12081602_20231004_12143718
 [04/10/23] - [12"28'02] CREAZIONE FILE BACKUP : f:\lubex\GESLUX\EDI\test\backup\albri20221128131501_20221128_13580504_20231004_12073795_20231004_12081602_20231004_12143718_20231004_12280258
 [04/10/23] - [12"28'02] GENERAZIONE BACKUP RIUSCITA
 [04/10/23] - [12"28'02] CANCELLAZIONE FILE: f:\lubex\GESLUX\EDI\test\import\albri20221128131501_20221128_13580504_20231004_12073795_20231004_12081602_20231004_12143718
 [04/10/23] - [12"28'02] CANCELLAZIONE RIUSCITA
 [04/10/23] - [12"28'02] LAVORAZIONE EFFETTIVA FILE: f:\lubex\GESLUX\EDI\test\backup\albri20221128131501_20221128_13580504_20231004_12073795_20231004_12081602_20231004_12143718_20231004_12280258
 [04/10/23] - [12"28'02] CREATO ORDINE: 2023 - 00185694
 [04/10/23] - [12"28'02] CREATO ORDINE: 2023 - 00185695
 [04/10/23] - [12"28'02]
 [04/10/23] - [12"28'02] ELABORAZIONE FILE f:\lubex\GESLUX\EDI\test\import\CARREFOUR_C$3336190742_20231004_09032239_20231004_12073795_20231004_12081602
 [04/10/23] - [12"28'02] CREAZIONE FILE BACKUP : f:\lubex\GESLUX\EDI\test\backup\CARREFOUR_C$3336190742_20231004_09032239_20231004_12073795_20231004_12081602_20231004_12280258
 [04/10/23] - [12"28'02] GENERAZIONE BACKUP RIUSCITA
 [04/10/23] - [12"28'02] CANCELLAZIONE FILE: f:\lubex\GESLUX\EDI\test\import\CARREFOUR_C$3336190742_20231004_09032239_20231004_12073795_20231004_12081602
 [04/10/23] - [12"28'02] CANCELLAZIONE RIUSCITA
 [04/10/23] - [12"28'02] LAVORAZIONE EFFETTIVA FILE: f:\lubex\GESLUX\EDI\test\backup\CARREFOUR_C$3336190742_20231004_09032239_20231004_12073795_20231004_12081602_20231004_12280258
 [04/10/23] - [12"28'02] CREATO ORDINE: 2023 - 00185696
 [04/10/23] - [12"28'02]
 [04/10/23] - [12"28'02] ELABORAZIONE FILE f:\lubex\GESLUX\EDI\test\import\COOPCNNA_G$3336158262_20231004_09032239_20231004_12073795_20231004_12081602
 [04/10/23] - [12"28'02] CREAZIONE FILE BACKUP : f:\lubex\GESLUX\EDI\test\backup\COOPCNNA_G$3336158262_20231004_09032239_20231004_12073795_20231004_12081602_20231004_12280258
 [04/10/23] - [12"28'02] GENERAZIONE BACKUP RIUSCITA
 [04/10/23] - [12"28'02] CANCELLAZIONE FILE: f:\lubex\GESLUX\EDI\test\import\COOPCNNA_G$3336158262_20231004_09032239_20231004_12073795_20231004_12081602
 [04/10/23] - [12"28'02] CANCELLAZIONE RIUSCITA
 [04/10/23] - [12"28'02] LAVORAZIONE EFFETTIVA FILE: f:\lubex\GESLUX\EDI\test\backup\COOPCNNA_G$3336158262_20231004_09032239_20231004_12073795_20231004_12081602_20231004_12280258
 [04/10/23] - [12"28'02] CREATO ORDINE: 2023 - 00185697
 [04/10/23] - [12"28'02]
 [04/10/23] - [12"28'02] FILES TRATTATI: 003 - OK: 003 - NON ELABORATI: 000
 [04/10/23] - [12"28'02] *** ORDINI TRATTATI: 00005 di cui 00005 da verificare ****
 [04/10/23] - [12"28'02]
 [04/10/23] - [12"28'02] ELABORAZIONE TERMINATA IN: 00 SECONDI
