 [13/10/21] - [16"45'02] INIZIO ELABORAZIONE
 [13/10/21] - [16"45'02] CONTROLLO ESISTENZA CARTELLE OK
 [13/10/21] - [16"45'30]
 [13/10/21] - [16"45'30] ELABORAZIONE FILE f:\lubex\GESLUX\EDI\test\import\LUBEX_note-cr_EDI_20210807_02255139.txt
 [13/10/21] - [16"45'30] CREAZIONE FILE BACKUP : f:\lubex\GESLUX\EDI\test\backup\LUBEX_note-cr_EDI_20210807_02255139.txt_20211013_16453027
 [13/10/21] - [16"45'55] ACCESSO A FILE BACKUP  NON RIUSCITA. ERR: 35
 [13/10/21] - [16"45'58]
 [13/10/21] - [16"45'59] ELABORAZIONE FILE f:\lubex\GESLUX\EDI\test\import\portale20210514150726-0
 [13/10/21] - [16"46'21] CREAZIONE FILE BACKUP : f:\lubex\GESLUX\EDI\test\backup\portale20210514150726-0_20211013_16455955
 [13/10/21] - [16"46'21] GENERAZIONE BACKUP NON RIUSCITA. ERR: 35
 [13/10/21] - [16"46'21]
 [13/10/21] - [16"46'21] ELABORAZIONE FILE f:\lubex\GESLUX\EDI\test\import\portale20210514150726-1
 [13/10/21] - [16"46'21] CREAZIONE FILE BACKUP : f:\lubex\GESLUX\EDI\test\backup\portale20210514150726-1_20211013_16462126
 [13/10/21] - [16"46'21] GENERAZIONE BACKUP NON RIUSCITA. ERR: 35
 [13/10/21] - [16"46'21]
 [13/10/21] - [16"46'21] ELABORAZIONE FILE f:\lubex\GESLUX\EDI\test\import\portale20210514150726-2
 [13/10/21] - [16"46'21] CREAZIONE FILE BACKUP : f:\lubex\GESLUX\EDI\test\backup\portale20210514150726-2_20211013_16462126
 [13/10/21] - [16"46'21] GENERAZIONE BACKUP NON RIUSCITA. ERR: 35
 [13/10/21] - [16"46'21]
 [13/10/21] - [16"46'21] ELABORAZIONE FILE f:\lubex\GESLUX\EDI\test\import\portale20210514150726-3
 [13/10/21] - [16"46'21] CREAZIONE FILE BACKUP : f:\lubex\GESLUX\EDI\test\backup\portale20210514150726-3_20211013_16462126
 [13/10/21] - [16"46'21] GENERAZIONE BACKUP NON RIUSCITA. ERR: 35
 [13/10/21] - [16"46'21]
 [13/10/21] - [16"46'21] ELABORAZIONE FILE f:\lubex\GESLUX\EDI\test\import\portale20210514150726-4
 [13/10/21] - [16"46'21] CREAZIONE FILE BACKUP : f:\lubex\GESLUX\EDI\test\backup\portale20210514150726-4_20211013_16462126
 [13/10/21] - [16"46'21] GENERAZIONE BACKUP NON RIUSCITA. ERR: 35
 [13/10/21] - [16"46'21]
 [13/10/21] - [16"46'21] ELABORAZIONE FILE f:\lubex\GESLUX\EDI\test\import\portale20210514150726-5
 [13/10/21] - [16"46'21] CREAZIONE FILE BACKUP : f:\lubex\GESLUX\EDI\test\backup\portale20210514150726-5_20211013_16462126
 [13/10/21] - [16"46'21] GENERAZIONE BACKUP NON RIUSCITA. ERR: 35
 [13/10/21] - [16"46'21]
 [13/10/21] - [16"46'21] FILES TRATTATI: 007 - OK: 000 - NON ELABORATI: 007
 [13/10/21] - [16"46'21] *** ORDINI TRATTATI: 00000 di cui 00000 da verificare ****
 [13/10/21] - [16"46'21]
 [13/10/21] - [16"46'21] ELABORAZIONE TERMINATA IN: 01 MINUTI E 19 SECONDI
