 [04/10/23] - [12"25'50] INIZIO ELABORAZIONE
 [04/10/23] - [12"25'50] CONTROLLO ESISTENZA CARTELLE OK
 [04/10/23] - [12"25'50]
 [04/10/23] - [12"25'50] ELABORAZIONE FILE f:\lubex\GESLUX\EDI\test\import\albri20221128131501_20221128_13580504_20231004_12073795_20231004_12081602
 [04/10/23] - [12"25'50] CREAZIONE FILE BACKUP : f:\lubex\GESLUX\EDI\test\backup\albri20221128131501_20221128_13580504_20231004_12073795_20231004_12081602_20231004_12255079
 [04/10/23] - [12"25'50] GENERAZIONE BACKUP RIUSCITA
 [04/10/23] - [12"25'50] CANCELLAZIONE FILE: f:\lubex\GESLUX\EDI\test\import\albri20221128131501_20221128_13580504_20231004_12073795_20231004_12081602
 [04/10/23] - [12"25'50] CANCELLAZIONE RIUSCITA
 [04/10/23] - [12"25'50] LAVORAZIONE EFFETTIVA FILE: f:\lubex\GESLUX\EDI\test\backup\albri20221128131501_20221128_13580504_20231004_12073795_20231004_12081602_20231004_12255079
 [04/10/23] - [12"25'50] CREATO ORDINE: 2023 - 00185688
 [04/10/23] - [12"25'50] CREATO ORDINE: 2023 - 00185689
 [04/10/23] - [12"25'50]
 [04/10/23] - [12"25'50] ELABORAZIONE FILE f:\lubex\GESLUX\EDI\test\import\albri20221128131501_20221128_13580504_20231004_12073795_20231004_12081602_20231004_12143718
 [04/10/23] - [12"25'50] CREAZIONE FILE BACKUP : f:\lubex\GESLUX\EDI\test\backup\albri20221128131501_20221128_13580504_20231004_12073795_20231004_12081602_20231004_12143718_20231004_12255079
 [04/10/23] - [12"25'50] GENERAZIONE BACKUP RIUSCITA
 [04/10/23] - [12"25'50] CANCELLAZIONE FILE: f:\lubex\GESLUX\EDI\test\import\albri20221128131501_20221128_13580504_20231004_12073795_20231004_12081602_20231004_12143718
 [04/10/23] - [12"25'50] CANCELLAZIONE RIUSCITA
 [04/10/23] - [12"25'50] LAVORAZIONE EFFETTIVA FILE: f:\lubex\GESLUX\EDI\test\backup\albri20221128131501_20221128_13580504_20231004_12073795_20231004_12081602_20231004_12143718_20231004_12255079
 [04/10/23] - [12"25'50] CREATO ORDINE: 2023 - 00185690
 [04/10/23] - [12"25'50] CREATO ORDINE: 2023 - 00185691
 [04/10/23] - [12"25'50]
 [04/10/23] - [12"25'50] ELABORAZIONE FILE f:\lubex\GESLUX\EDI\test\import\CARREFOUR_C$3336190742_20231004_09032239_20231004_12073795_20231004_12081602_20231004_12152873_20231004_12161969
 [04/10/23] - [12"25'50] CREAZIONE FILE BACKUP : f:\lubex\GESLUX\EDI\test\backup\CARREFOUR_C$3336190742_20231004_09032239_20231004_12073795_20231004_12081602_20231004_12152873_20231004_12161969_20231004_12255079
 [04/10/23] - [12"25'50] GENERAZIONE BACKUP RIUSCITA
 [04/10/23] - [12"25'50] CANCELLAZIONE FILE: f:\lubex\GESLUX\EDI\test\import\CARREFOUR_C$3336190742_20231004_09032239_20231004_12073795_20231004_12081602_20231004_12152873_20231004_12161969
 [04/10/23] - [12"25'50] CANCELLAZIONE RIUSCITA
 [04/10/23] - [12"25'50] LAVORAZIONE EFFETTIVA FILE: f:\lubex\GESLUX\EDI\test\backup\CARREFOUR_C$3336190742_20231004_09032239_20231004_12073795_20231004_12081602_20231004_12152873_20231004_12161969_20231004_12255079
 [04/10/23] - [12"25'50] CREATO ORDINE: 2023 - 00185692
 [04/10/23] - [12"25'50]
 [04/10/23] - [12"25'50] FILES TRATTATI: 003 - OK: 003 - NON ELABORATI: 000
 [04/10/23] - [12"25'50] *** ORDINI TRATTATI: 00006 di cui 00006 da verificare ****
 [04/10/23] - [12"25'50]
 [04/10/23] - [12"25'50] ELABORAZIONE TERMINATA IN: 00 SECONDI
