 [31/10/23] - [11"17'09] INIZIO ELABORAZIONE
 [31/10/23] - [11"17'09] CONTROLLO ESISTENZA CARTELLE OK
 [31/10/23] - [11"17'09]
 [31/10/23] - [11"17'09] ELABORAZIONE FILE f:\lubex\GESLUX\EDI\test\import\BRICOFER_G$3222443831_20221216_16225866_20221217_00193620
 [31/10/23] - [11"17'09] CREAZIONE FILE BACKUP : f:\lubex\GESLUX\EDI\test\backup\BRICOFER_G$3222443831_20221216_16225866_20221217_00193620_20231031_11170973
 [31/10/23] - [11"17'09] GENERAZIONE BACKUP RIUSCITA
 [31/10/23] - [11"17'09] CANCELLAZIONE FILE: f:\lubex\GESLUX\EDI\test\import\BRICOFER_G$3222443831_20221216_16225866_20221217_00193620
 [31/10/23] - [11"17'09] CANCELLAZIONE RIUSCITA
 [31/10/23] - [11"17'09] LAVORAZIONE EFFETTIVA FILE: f:\lubex\GESLUX\EDI\test\backup\BRICOFER_G$3222443831_20221216_16225866_20221217_00193620_20231031_11170973
 [31/10/23] - [11"17'09] CREATO ORDINE: 2023 - 00188796
 [31/10/23] - [11"18'00]
 [31/10/23] - [11"18'00] ELABORAZIONE FILE f:\lubex\GESLUX\EDI\test\import\BRICOFER_G$3222443831_20221216_16225866_20221217_00212882
 [31/10/23] - [11"18'00] CREAZIONE FILE BACKUP : f:\lubex\GESLUX\EDI\test\backup\BRICOFER_G$3222443831_20221216_16225866_20221217_00212882_20231031_11170973
 [31/10/23] - [11"18'00] GENERAZIONE BACKUP RIUSCITA
 [31/10/23] - [11"18'00] CANCELLAZIONE FILE: f:\lubex\GESLUX\EDI\test\import\BRICOFER_G$3222443831_20221216_16225866_20221217_00212882
 [31/10/23] - [11"18'00] CANCELLAZIONE RIUSCITA
 [31/10/23] - [11"18'00] LAVORAZIONE EFFETTIVA FILE: f:\lubex\GESLUX\EDI\test\backup\BRICOFER_G$3222443831_20221216_16225866_20221217_00212882_20231031_11170973
 [31/10/23] - [11"18'00] CREATO ORDINE: 2023 - 00188797
 [31/10/23] - [11"18'00]
 [31/10/23] - [11"18'00] FILES TRATTATI: 002 - OK: 002 - NON ELABORATI: 000
 [31/10/23] - [11"18'00] *** ORDINI TRATTATI: 00003 di cui 00003 da verificare ****
 [31/10/23] - [11"18'00]
 [31/10/23] - [11"18'00] ELABORAZIONE TERMINATA IN: 51 SECONDI
