 [25/10/22] - [22"47'54] INIZIO PROGRAMMA
 [25/10/22] - [22"47'54] INIZIO SOMMA VENDUTI
 [25/10/22] - [22"47'56] FINE SOMMA VENDUTI
 [25/10/22] - [22"47'56] CONTROLLO ESEGUIBILITA'
 [25/10/22] - [22"47'56] CONTROLLO ESEGUIBILITA' OK
 [25/10/22] - [22"47'56] OPEN OUTPUT TMP-FORN
 [25/10/22] - [22"47'56] OPEN OUTPUT TMP-ORDFOR
 [25/10/22] - [22"47'56] QTA-PROMO
 [25/10/22] - [22"47'56] VALORIZZA CAMPI
 [25/10/22] - [22"47'57] RIEMPI GRID
 [25/10/22] - [22"47'57] RIEMPI GRID OK
 [25/10/22] - [22"47'57] INIZIO ELABORAZIONE AUTOMATICA
 [25/10/22] - [22"47'57] INIZIO RICALCOLO
 [25/10/22] - [22"47'57] QTA STORICHE NON AGGIORNATE (1)
 [25/10/22] - [22"47'57] FINE RICALCOLO
 [25/10/22] - [22"47'57] INIZIO SCANSIONE RIGHE GRIGLIA
 [25/10/22] - [22"47'57] FINE SCANSIONE RIGHE GRIGLIA
 [25/10/22] - [22"47'57] NESSUN ARTICOLO DA GENERARE
 [25/10/22] - [22"47'57] FINE ELABORAZIONE AUTOMATICA
 [25/10/22] - [22"47'57] FINE PROGRAMMA
