 [26/04/24] - [19"30'25] INIZIO PROGRAMMA
 [26/04/24] - [19"30'25] INIZIO SOMMA VENDUTI
 [26/04/24] - [19"30'27] FINE SOMMA VENDUTI
 [26/04/24] - [19"30'27] CONTROLLO ESEGUIBILITA'
 [26/04/24] - [19"30'27] CONTROLLO ESEGUIBILITA' OK
 [26/04/24] - [19"30'27] OPEN OUTPUT TMP-FORN
 [26/04/24] - [19"30'27] OPEN OUTPUT TMP-ORDFOR
 [26/04/24] - [19"30'27] QTA-PROMO
 [26/04/24] - [19"30'31] VALORIZZA CAMPI
 [26/04/24] - [19"30'31] RIEMPI GRID
 [26/04/24] - [19"30'32] RIEMPI GRID OK
 [26/04/24] - [19"30'32] INIZIO ELABORAZIONE AUTOMATICA
 [26/04/24] - [19"30'32] INIZIO RICALCOLO
 [26/04/24] - [19"30'32] QTA STORICHE NON AGGIORNATE (1)
 [26/04/24] - [19"30'32] FINE RICALCOLO
 [26/04/24] - [19"30'32] INIZIO SCANSIONE RIGHE GRIGLIA
 [26/04/24] - [19"30'32] FORMULE DI RIFERIMENTO: N1 = ord2-giac + ordinato - ord2-promo || N2 = ( ord2-riordino - ord2-consegna ) * sco-molt-pordini
 [26/04/24] - [19"30'32] ELABORAZIONE ARTICOLO: 026800 - SCORTA: 00000003 - ORDINE AUTO: 1 - IMMEDIATO: 0 - IMPEGNATO: 0
 [26/04/24] - [19"30'32] ARTICOLO OK: N1 (82,00) < N2(44,00). ORD2-GIAC(82) + COMO-ORDINATO(0) - ORD2-PROMO(0) < ( ORD2-RIORDINO(37,00) - ORD2-CONSEGNA(26,00)) * SCO-MOLT-PORDINI(4,00)
 [26/04/24] - [19"30'32] FINE SCANSIONE RIGHE GRIGLIA
 [26/04/24] - [19"30'32] GENERAZIONE ORDINI FORNITORI
 [26/04/24] - [19"30'32] RICHIAMO PROGRAMMA CREA-ORDFOR
 [26/04/24] - [19"32'43] FINE RICHIAMO PROGRAMMA CREA-ORDFOR
 [26/04/24] - [19"32'43] STAMPE ORDINI
 [26/04/24] - [19"32'43] STAMPE UFFICIO ALTRO SU STAMPANTE: doPDF 11
 [26/04/24] - [19"32'47] FINE STAMPE ORDINI
 [26/04/24] - [19"32'47] RIGENERAZIONE QTA VENDUTI
 [26/04/24] - [19"32'47] QTA STORICHE NON AGGIORNATE (1)
 [26/04/24] - [19"32'47] FINE RIGENERAZIONE QTA VENDUTI
 [26/04/24] - [19"32'47] FINE ELABORAZIONE AUTOMATICA
 [26/04/24] - [19"32'47] FINE PROGRAMMA
