 [25/11/19] - [15"10'06] INIZIO PROGRAMMA
 [25/11/19] - [15"10'06] INIZIO SOMMA VENDUTI
 [25/11/19] - [15"10'08] FINE SOMMA VENDUTI
 [25/11/19] - [15"10'08] CONTROLLO ESEGUIBILITA'
 [25/11/19] - [15"10'08] CONTROLLO ESEGUIBILITA' OK
 [25/11/19] - [15"10'08] OPEN OUTPUT TMP-FORN
 [25/11/19] - [15"10'08] OPEN OUTPUT TMP-ORDFOR
 [25/11/19] - [15"10'08] QTA-PROMO
 [25/11/19] - [15"10'13] VALORIZZA CAMPI
 [25/11/19] - [15"11'47] RIEMPI GRID
 [25/11/19] - [15"11'50] RIEMPI GRID OK
 [25/11/19] - [15"11'50] INIZIO ELABORAZIONE AUTOMATICA
 [25/11/19] - [15"11'50] INIZIO RICALCOLO
 [25/11/19] - [15"11'58] FINE RICALCOLO
 [25/11/19] - [15"11'58] OPEN OUTPUT TMP-FORN
 [25/11/19] - [15"11'58] OPEN OUTPUT TMP-ORDFOR
 [25/11/19] - [15"11'58] QTA-PROMO
 [25/11/19] - [15"12'02] VALORIZZA CAMPI
 [25/11/19] - [15"13'40] RIEMPI GRID
 [25/11/19] - [15"13'48] RIEMPI GRID OK
 [25/11/19] - [15"13'48] INIZIO SCANSIONE RIGHE GRIGLIA
 [25/11/19] - [15"13'49] FINE SCANSIONE RIGHE GRIGLIA
 [25/11/19] - [15"13'49] GENERAZIONE ORDINI FORNITORI
 [25/11/19] - [15"13'49] RICHIAMO PROGRAMMA CREA-ORDFOR
 [25/11/19] - [15"13'59] FINE RICHIAMO PROGRAMMA CREA-ORDFOR
 [25/11/19] - [15"13'59] STAMPE ORDINI
