 [04/01/23] - [15"33'59] INIZIO ELABORAZIONE
 [04/01/23] - [15"33'59] CONTROLLO ESISTENZA CARTELLE OK
 [04/01/23] - [15"33'59]
 [04/01/23] - [15"33'59] ELABORAZIONE FILE f:\lubex\GESLUX\EDI\test\import\COOPCNNA_G$3228990413_20230104_01364008
 [04/01/23] - [15"33'59] CREAZIONE FILE BACKUP : f:\lubex\GESLUX\EDI\test\backup\COOPCNNA_G$3228990413_20230104_01364008_20230104_15335918
 [04/01/23] - [15"33'59] GENERAZIONE BACKUP RIUSCITA
 [04/01/23] - [15"33'59] CANCELLAZIONE FILE: f:\lubex\GESLUX\EDI\test\import\COOPCNNA_G$3228990413_20230104_01364008
 [04/01/23] - [15"33'59] CANCELLAZIONE RIUSCITA
 [04/01/23] - [15"33'59] LAVORAZIONE EFFETTIVA FILE: f:\lubex\GESLUX\EDI\test\backup\COOPCNNA_G$3228990413_20230104_01364008_20230104_15335918
 [04/01/23] - [15"33'59] CREATO ORDINE: 2022 - 00154920
 [04/01/23] - [15"33'59]
 [04/01/23] - [15"33'59] ELABORAZIONE FILE f:\lubex\GESLUX\EDI\test\import\COOPCNNA_G$3228990422_20230104_01364008
 [04/01/23] - [15"33'59] CREAZIONE FILE BACKUP : f:\lubex\GESLUX\EDI\test\backup\COOPCNNA_G$3228990422_20230104_01364008_20230104_15335918
 [04/01/23] - [15"33'59] GENERAZIONE BACKUP RIUSCITA
 [04/01/23] - [15"33'59] CANCELLAZIONE FILE: f:\lubex\GESLUX\EDI\test\import\COOPCNNA_G$3228990422_20230104_01364008
 [04/01/23] - [15"33'59] CANCELLAZIONE RIUSCITA
 [04/01/23] - [15"33'59] LAVORAZIONE EFFETTIVA FILE: f:\lubex\GESLUX\EDI\test\backup\COOPCNNA_G$3228990422_20230104_01364008_20230104_15335918
 [04/01/23] - [15"33'59] CREATO ORDINE: 2022 - 00154921
 [04/01/23] - [15"33'59]
 [04/01/23] - [15"33'59] FILES TRATTATI: 002 - OK: 002 - NON ELABORATI: 000
 [04/01/23] - [15"33'59] *** ORDINI TRATTATI: 00003 di cui 00003 da verificare ****
 [04/01/23] - [15"33'59]
 [04/01/23] - [15"33'59] ELABORAZIONE TERMINATA IN: 00 SECONDI
