 [24/01/24] - [23"41'19] INIZIO ELABORAZIONE
 [24/01/24] - [23"41'19] CONTROLLO ESISTENZA CARTELLE OK
 [24/01/24] - [23"41'19]
 [24/01/24] - [23"41'19] ELABORAZIONE FILE f:\lubex\GESLUX\EDI\test\import\CARREFOUR_C$3377435064_20240112_07000368_20240124_19095839
 [24/01/24] - [23"41'19] CREAZIONE FILE BACKUP : f:\lubex\GESLUX\EDI\test\backup\CARREFOUR_C$3377435064_20240112_07000368_20240124_19095839_20240124_23411903
 [24/01/24] - [23"41'19] GENERAZIONE BACKUP RIUSCITA
 [24/01/24] - [23"41'19] CANCELLAZIONE FILE: f:\lubex\GESLUX\EDI\test\import\CARREFOUR_C$3377435064_20240112_07000368_20240124_19095839
 [24/01/24] - [23"41'19] CANCELLAZIONE RIUSCITA
 [24/01/24] - [23"41'19] LAVORAZIONE EFFETTIVA FILE: f:\lubex\GESLUX\EDI\test\backup\CARREFOUR_C$3377435064_20240112_07000368_20240124_19095839_20240124_23411903
 [24/01/24] - [23"41'19] CREATO ORDINE: 2024 - 00200525
 [24/01/24] - [23"41'19] CREATO ORDINE: 2024 - 00200526
 [24/01/24] - [23"41'19] CREATO ORDINE: 2024 - 00200527
 [24/01/24] - [23"41'19] CREATO ORDINE: 2024 - 00200528
 [24/01/24] - [23"41'19] CREATO ORDINE: 2024 - 00200529
 [24/01/24] - [23"41'19] CREATO ORDINE: 2024 - 00200530
 [24/01/24] - [23"41'19] CREATO ORDINE: 2024 - 00200531
 [24/01/24] - [23"41'19] CREATO ORDINE: 2024 - 00200532
 [24/01/24] - [23"41'19] CREATO ORDINE: 2024 - 00200533
 [24/01/24] - [23"41'19] CREATO ORDINE: 2024 - 00200534
 [24/01/24] - [23"41'19] CREATO ORDINE: 2024 - 00200535
 [24/01/24] - [23"41'48]
 [24/01/24] - [23"41'48] FILES TRATTATI: 001 - OK: 001 - NON ELABORATI: 000
 [24/01/24] - [23"41'48] *** ORDINI TRATTATI: 00012 di cui 00012 da verificare ****
 [24/01/24] - [23"41'48]
 [24/01/24] - [23"41'48] ELABORAZIONE TERMINATA IN: 29 SECONDI
