 [19/09/22] - [21"48'18] INIZIO PROGRAMMA
 [19/09/22] - [21"48'18] INIZIO SOMMA VENDUTI
 [19/09/22] - [21"49'36] FINE SOMMA VENDUTI
 [19/09/22] - [21"49'36] CONTROLLO ESEGUIBILITA'
 [19/09/22] - [21"49'36] CONTROLLO ESEGUIBILITA' OK
 [19/09/22] - [21"49'36] OPEN OUTPUT TMP-FORN
 [19/09/22] - [21"49'36] OPEN OUTPUT TMP-ORDFOR
 [19/09/22] - [21"49'36] QTA-PROMO
 [19/09/22] - [21"49'36] VALORIZZA CAMPI
 [19/09/22] - [21"49'37] RIEMPI GRID
 [19/09/22] - [21"49'37] RIEMPI GRID OK
 [19/09/22] - [21"49'37] INIZIO ELABORAZIONE AUTOMATICA
 [19/09/22] - [21"49'37] INIZIO RICALCOLO
 [19/09/22] - [21"49'37] QTA STORICHE NON AGGIORNATE (1)
 [19/09/22] - [21"49'37] FINE RICALCOLO
 [19/09/22] - [21"49'37] INIZIO SCANSIONE RIGHE GRIGLIA
 [19/09/22] - [21"49'37] FINE SCANSIONE RIGHE GRIGLIA
 [19/09/22] - [21"49'37] NESSUN ARTICOLO DA GENERARE
 [19/09/22] - [21"49'37] FINE ELABORAZIONE AUTOMATICA
 [19/09/22] - [21"49'37] FINE PROGRAMMA
