 [21/09/21] - [10"35'21] INIZIO ELABORAZIONE
 [21/09/21] - [10"35'21] CONTROLLO ESISTENZA CARTELLE OK
 [21/09/21] - [10"35'21]
 [21/09/21] - [10"35'21] ELABORAZIONE FILEf:\lubex\GESLUX\EDI\test\import\portale20210514150726
 [21/09/21] - [10"35'21] COMANDO BACKUP RIUSCITO: f:\lubex\GESLUX\EDI\test\backup\portale20210514150726_20210921_10352131
 [21/09/21] - [10"35'23] CREATO ORDINE: 2021 - 00123073
 [21/09/21] - [10"35'23] CREATO ORDINE: 2021 - 00123074
 [21/09/21] - [10"35'23] CREATO ORDINE: 2021 - 00123075
 [21/09/21] - [10"35'23] CREATO ORDINE: 2021 - 00123076
 [21/09/21] - [10"35'23] CREATO ORDINE: 2021 - 00123077
 [21/09/21] - [10"35'23] CREATO ORDINE: 2021 - 00123078
 [21/09/21] - [10"35'23] CREATO ORDINE: 2021 - 00123079
 [21/09/21] - [10"35'23] CREATO ORDINE: 2021 - 00123080
 [21/09/21] - [10"35'23] CREATO ORDINE: 2021 - 00123081
 [21/09/21] - [10"35'23] CREATO ORDINE: 2021 - 00123082
 [21/09/21] - [10"35'23] CREATO ORDINE: 2021 - 00123083
 [21/09/21] - [10"35'23] CREATO ORDINE: 2021 - 00123084
 [21/09/21] - [10"35'23] CREATO ORDINE: 2021 - 00123085
 [21/09/21] - [10"35'23] CREATO ORDINE: 2021 - 00123086
 [21/09/21] - [10"35'23] CREATO ORDINE: 2021 - 00123087
 [21/09/21] - [10"35'23] CREATO ORDINE: 2021 - 00123088
 [21/09/21] - [10"35'23] CREATO ORDINE: 2021 - 00123089
 [21/09/21] - [10"35'23] CREATO ORDINE: 2021 - 00123090
 [21/09/21] - [10"35'23] CREATO ORDINE: 2021 - 00123091
 [21/09/21] - [10"35'23] CREATO ORDINE: 2021 - 00123092
 [21/09/21] - [10"35'23] CREATO ORDINE: 2021 - 00123093
 [21/09/21] - [10"35'23] CREATO ORDINE: 2021 - 00123094
 [21/09/21] - [10"35'23] CREATO ORDINE: 2021 - 00123095
 [21/09/21] - [10"35'23] CREATO ORDINE: 2021 - 00123096
 [21/09/21] - [10"35'23] CREATO ORDINE: 2021 - 00123097
 [21/09/21] - [10"35'23] CREATO ORDINE: 2021 - 00123098
 [21/09/21] - [10"35'23] CREATO ORDINE: 2021 - 00123099
 [21/09/21] - [10"35'23] CREATO ORDINE: 2021 - 00123100
 [21/09/21] - [10"35'23] CREATO ORDINE: 2021 - 00123101
 [21/09/21] - [10"35'23] CREATO ORDINE: 2021 - 00123102
 [21/09/21] - [10"35'23] CREATO ORDINE: 2021 - 00123103
 [21/09/21] - [10"35'23] CREATO ORDINE: 2021 - 00123104
 [21/09/21] - [10"35'23] CREATO ORDINE: 2021 - 00123105
 [21/09/21] - [10"35'23] CREATO ORDINE: 2021 - 00123106
 [21/09/21] - [10"35'23]
 [21/09/21] - [10"35'23] ELABORAZIONE FILEf:\lubex\GESLUX\EDI\test\import\portale20210921101500
 [21/09/21] - [10"35'23] COMANDO BACKUP RIUSCITO: f:\lubex\GESLUX\EDI\test\backup\portale20210921101500_20210921_10352359
 [21/09/21] - [10"35'25] CREATO ORDINE: 2021 - 00123107
 [21/09/21] - [10"35'25]
 [21/09/21] - [10"35'25] FILES TRATTATI: 002 - OK: 002 - NON ELABORATI: 000
 [21/09/21] - [10"35'25] *** ORDINI TRATTATI: 00036 di cui 00035 da verificare ****
 [21/09/21] - [10"35'25]
 [21/09/21] - [10"35'25] ELABORAZIONE TERMINATA IN: 04 SECONDI
