 [26/04/24] - [19"11'49] INIZIO PROGRAMMA
 [26/04/24] - [19"11'49] INIZIO SOMMA VENDUTI
 [26/04/24] - [19"11'51] FINE SOMMA VENDUTI
 [26/04/24] - [19"11'51] CONTROLLO ESEGUIBILITA'
 [26/04/24] - [19"11'51] CONTROLLO ESEGUIBILITA' OK
 [26/04/24] - [19"11'51] OPEN OUTPUT TMP-FORN
 [26/04/24] - [19"11'51] OPEN OUTPUT TMP-ORDFOR
 [26/04/24] - [19"11'51] QTA-PROMO
 [26/04/24] - [19"11'51] VALORIZZA CAMPI
 [26/04/24] - [19"11'52] RIEMPI GRID
 [26/04/24] - [19"11'52] RIEMPI GRID OK
 [26/04/24] - [19"11'52] INIZIO ELABORAZIONE AUTOMATICA
 [26/04/24] - [19"11'52] INIZIO RICALCOLO
 [26/04/24] - [19"11'52] QTA STORICHE NON AGGIORNATE (1)
 [26/04/24] - [19"11'52] FINE RICALCOLO
 [26/04/24] - [19"11'52] INIZIO SCANSIONE RIGHE GRIGLIA
 [26/04/24] - [19"11'52] FORMULE DI RIFERIMENTO: N1 = ord2-giac + ordinato - ord2-promo || N2 = ( ord2-riordino - ord2-consegna ) * sco-molt-pordini
 [26/04/24] - [19"12'26] FINE SCANSIONE RIGHE GRIGLIA
 [26/04/24] - [19"12'26] NESSUN ARTICOLO DA GENERARE
 [26/04/24] - [19"12'26] FINE ELABORAZIONE AUTOMATICA
 [26/04/24] - [19"12'26] FINE PROGRAMMA
