 [24/01/24] - [23"38'25] INIZIO ELABORAZIONE
 [24/01/24] - [23"38'25] CONTROLLO ESISTENZA CARTELLE OK
 [24/01/24] - [23"38'25]
 [24/01/24] - [23"38'25] ELABORAZIONE FILE f:\lubex\GESLUX\EDI\test\import\CARREFOUR_C$3377435064_20240112_07000368_20240124_19095839_20240124_23372063
 [24/01/24] - [23"38'25] CREAZIONE FILE BACKUP : f:\lubex\GESLUX\EDI\test\backup\CARREFOUR_C$3377435064_20240112_07000368_20240124_19095839_20240124_23372063_20240124_23382565
 [24/01/24] - [23"38'25] GENERAZIONE BACKUP RIUSCITA
 [24/01/24] - [23"38'25] CANCELLAZIONE FILE: f:\lubex\GESLUX\EDI\test\import\CARREFOUR_C$3377435064_20240112_07000368_20240124_19095839_20240124_23372063
 [24/01/24] - [23"38'25] CANCELLAZIONE RIUSCITA
 [24/01/24] - [23"38'25] LAVORAZIONE EFFETTIVA FILE: f:\lubex\GESLUX\EDI\test\backup\CARREFOUR_C$3377435064_20240112_07000368_20240124_19095839_20240124_23372063_20240124_23382565
 [24/01/24] - [23"38'25] CREATO ORDINE: 2024 - 00200503
 [24/01/24] - [23"38'25] CREATO ORDINE: 2024 - 00200504
 [24/01/24] - [23"38'25] CREATO ORDINE: 2024 - 00200505
 [24/01/24] - [23"38'25] CREATO ORDINE: 2024 - 00200506
 [24/01/24] - [23"38'25] CREATO ORDINE: 2024 - 00200507
 [24/01/24] - [23"38'25] CREATO ORDINE: 2024 - 00200508
 [24/01/24] - [23"38'25] CREATO ORDINE: 2024 - 00200509
 [24/01/24] - [23"38'25] CREATO ORDINE: 2024 - 00200510
 [24/01/24] - [23"38'25] CREATO ORDINE: 2024 - 00200511
 [24/01/24] - [23"38'25] CREATO ORDINE: 2024 - 00200512
 [24/01/24] - [23"38'25] CREATO ORDINE: 2024 - 00200513
 [24/01/24] - [23"38'28]
 [24/01/24] - [23"38'28] FILES TRATTATI: 001 - OK: 001 - NON ELABORATI: 000
 [24/01/24] - [23"38'28] *** ORDINI TRATTATI: 00012 di cui 00012 da verificare ****
 [24/01/24] - [23"38'28]
 [24/01/24] - [23"38'28] ELABORAZIONE TERMINATA IN: 03 SECONDI
