 [25/01/21] - [22"59'48] INIZIO PROGRAMMA
 [25/01/21] - [22"59'49] INIZIO SOMMA VENDUTI
 [25/01/21] - [22"59'51] FINE SOMMA VENDUTI
 [25/01/21] - [22"59'51] CONTROLLO ESEGUIBILITA'
 [25/01/21] - [22"59'51] CONTROLLO ESEGUIBILITA' OK
 [25/01/21] - [22"59'52] OPEN OUTPUT TMP-FORN
 [25/01/21] - [22"59'52] OPEN OUTPUT TMP-ORDFOR
 [25/01/21] - [22"59'52] QTA-PROMO
 [25/01/21] - [22"59'56] VALORIZZA CAMPI
 [25/01/21] - [23"01'50] RIEMPI GRID
 [25/01/21] - [23"01'54] RIEMPI GRID OK
 [25/01/21] - [23"01'54] INIZIO ELABORAZIONE AUTOMATICA
 [25/01/21] - [23"01'54] INIZIO RICALCOLO
 [25/01/21] - [23"01'54] QTA STORICHE NON AGGIORNATE (1)
 [25/01/21] - [23"02'12] FINE RICALCOLO
 [25/01/21] - [23"02'12] OPEN OUTPUT TMP-FORN
 [25/01/21] - [23"02'12] OPEN OUTPUT TMP-ORDFOR
 [25/01/21] - [23"02'12] QTA-PROMO
 [25/01/21] - [23"02'16] VALORIZZA CAMPI
 [25/01/21] - [23"04'05] RIEMPI GRID
 [25/01/21] - [23"04'14] RIEMPI GRID OK
 [25/01/21] - [23"04'14] INIZIO SCANSIONE RIGHE GRIGLIA
 [25/01/21] - [23"06'24] FINE SCANSIONE RIGHE GRIGLIA
 [25/01/21] - [23"06'24] GENERAZIONE ORDINI FORNITORI
 [25/01/21] - [23"06'24] RICHIAMO PROGRAMMA CREA-ORDFOR
 [25/01/21] - [23"06'36] FINE RICHIAMO PROGRAMMA CREA-ORDFOR
 [25/01/21] - [23"06'36] STAMPE ORDINI
 [25/01/21] - [23"06'36] FINE STAMPE ORDINI
 [25/01/21] - [23"06'36] RIEPILOGO VIA MAIL
 [25/01/21] - [23"06'48] RIGENERAZIONE QTA VENDUTI
 [25/01/21] - [23"06'48] QTA STORICHE NON AGGIORNATE (1)
 [25/01/21] - [23"06'50] FINE RIGENERAZIONE QTA VENDUTI
 [25/01/21] - [23"06'50] FINE ELABORAZIONE AUTOMATICA
 [25/01/21] - [23"06'50] FINE PROGRAMMA
