 [08/11/23] - [18"29'18] INIZIO ELABORAZIONE
 [08/11/23] - [18"29'18] CONTROLLO ESISTENZA CARTELLE OK
 [08/11/23] - [18"29'18]
 [08/11/23] - [18"29'18] ELABORAZIONE FILE f:\lubex\GESLUX\EDI\test\import\_1
 [08/11/23] - [18"29'18] CREAZIONE FILE BACKUP : f:\lubex\GESLUX\EDI\test\backup\_1_20231108_18291804
 [08/11/23] - [18"29'18] GENERAZIONE BACKUP RIUSCITA
 [08/11/23] - [18"29'18] CANCELLAZIONE FILE: f:\lubex\GESLUX\EDI\test\import\_1
 [08/11/23] - [18"29'18] CANCELLAZIONE RIUSCITA
 [08/11/23] - [18"29'18] LAVORAZIONE EFFETTIVA FILE: f:\lubex\GESLUX\EDI\test\backup\_1_20231108_18291804
 [08/11/23] - [18"29'18] CREATO ORDINE: 2023 - 00188807
 [08/11/23] - [18"31'38]
 [08/11/23] - [18"31'38] ELABORAZIONE FILE f:\lubex\GESLUX\EDI\test\import\_2
 [08/11/23] - [18"31'38] CREAZIONE FILE BACKUP : f:\lubex\GESLUX\EDI\test\backup\_2_20231108_18291804
 [08/11/23] - [18"31'38] GENERAZIONE BACKUP RIUSCITA
 [08/11/23] - [18"31'38] CANCELLAZIONE FILE: f:\lubex\GESLUX\EDI\test\import\_2
 [08/11/23] - [18"31'38] CANCELLAZIONE RIUSCITA
 [08/11/23] - [18"31'38] LAVORAZIONE EFFETTIVA FILE: f:\lubex\GESLUX\EDI\test\backup\_2_20231108_18291804
 [08/11/23] - [18"31'38] CREATO ORDINE: 2023 - 00188808
 [08/11/23] - [18"31'38]
 [08/11/23] - [18"31'38] FILES TRATTATI: 002 - OK: 002 - NON ELABORATI: 000
 [08/11/23] - [18"31'38] *** ORDINI TRATTATI: 00003 di cui 00003 da verificare ****
 [08/11/23] - [18"31'38]
 [08/11/23] - [18"31'38] ELABORAZIONE TERMINATA IN: 02 MINUTI E 20 SECONDI
