 [27/09/22] - [11"00'52] INIZIO PROGRAMMA
 [27/09/22] - [11"00'52] INIZIO SOMMA VENDUTI
 [27/09/22] - [11"00'54] FINE SOMMA VENDUTI
 [27/09/22] - [11"00'54] CONTROLLO ESEGUIBILITA'
 [27/09/22] - [11"00'54] CONTROLLO ESEGUIBILITA' OK
 [27/09/22] - [11"00'54] OPEN OUTPUT TMP-FORN
 [27/09/22] - [11"00'54] OPEN OUTPUT TMP-ORDFOR
 [27/09/22] - [11"00'54] QTA-PROMO
 [27/09/22] - [11"00'54] VALORIZZA CAMPI
 [27/09/22] - [11"00'54] RIEMPI GRID
 [27/09/22] - [11"00'55] RIEMPI GRID OK
 [27/09/22] - [11"00'55] INIZIO ELABORAZIONE AUTOMATICA
 [27/09/22] - [11"00'55] INIZIO RICALCOLO
 [27/09/22] - [11"00'55] QTA STORICHE NON AGGIORNATE (1)
 [27/09/22] - [11"00'55] FINE RICALCOLO
 [27/09/22] - [11"00'55] INIZIO SCANSIONE RIGHE GRIGLIA
 [27/09/22] - [11"00'55] ELABORAZIONE ARTICOLO: 029768 - SCORTA: 00000003 - ORDINE AUTO: 1 - IMMEDIATO: 0 - IMPEGNATO: -1.111
 [27/09/22] - [11"00'55] ARTICOLO KO.  - N1 (1.111,11) >= N2(-2.222,22). ORD2-GIAC(25) + COMO-ORDINATO(1) - ORD2-PROMO(-8) >= ( ORD2-RIORDINO(5,56) - ORD2-CONSEGNA(-34,30)) * SCO-MOLT-PORDINI(1,50)4.564.898
 [27/09/22] - [11"00'55] FINE SCANSIONE RIGHE GRIGLIA
 [27/09/22] - [11"00'55] NESSUN ARTICOLO DA GENERARE
 [27/09/22] - [11"00'55] FINE ELABORAZIONE AUTOMATICA
 [27/09/22] - [11"00'55] FINE PROGRAMMA
