 [09/12/20] - [11"56'29] INIZIO PROGRAMMA
 [09/12/20] - [11"56'57] INIZIO SOMMA VENDUTI
 [09/12/20] - [11"57'09] FINE SOMMA VENDUTI
 [09/12/20] - [11"57'15] CONTROLLO ESEGUIBILITA'
 [09/12/20] - [11"57'20] CONTROLLO ESEGUIBILITA' OK
 [09/12/20] - [11"57'34] OPEN OUTPUT TMP-FORN
 [09/12/20] - [11"57'34] OPEN OUTPUT TMP-ORDFOR
 [09/12/20] - [11"57'34] QTA-PROMO
 [09/12/20] - [11"57'38] VALORIZZA CAMPI
 [09/12/20] - [11"59'42] RIEMPI GRID
 [09/12/20] - [11"59'46] RIEMPI GRID OK
 [09/12/20] - [11"59'55] INIZIO ELABORAZIONE AUTOMATICA
 [09/12/20] - [12"00'08] INIZIO RICALCOLO
 [09/12/20] - [12"00'08] QTA STORICHE NON AGGIORNATE (1)
 [09/12/20] - [12"00'08] FINE RICALCOLO
 [09/12/20] - [12"00'08] INIZIO SCANSIONE RIGHE GRIGLIA
 [09/12/20] - [12"00'09] FINE SCANSIONE RIGHE GRIGLIA
 [09/12/20] - [12"00'17] NESSUN ARTICOLO DA GENERARE
 [09/12/20] - [12"00'17] FINE ELABORAZIONE AUTOMATICA
 [09/12/20] - [12"00'17] FINE PROGRAMMA
