 [25/11/19] - [11"58'08] INIZIO PROGRAMMA
 [25/11/19] - [11"58'08] INIZIO SOMMA VENDUTI
 [25/11/19] - [11"58'10] FINE SOMMA VENDUTI
 [25/11/19] - [11"58'10] CONTROLLO ESEGUIBILITA'
 [25/11/19] - [11"58'10] CONTROLLO ESEGUIBILITA' OK
 [25/11/19] - [11"58'10] OPEN OUTPUT TMP-FORN
 [25/11/19] - [11"58'10] OPEN OUTPUT TMP-ORDFOR
 [25/11/19] - [11"58'10] QTA-PROMO
 [25/11/19] - [11"58'16] VALORIZZA CAMPI
 [25/11/19] - [11"59'47] RIEMPI GRID
 [25/11/19] - [11"59'49] RIEMPI GRID OK
 [25/11/19] - [11"59'49] INIZIO ELABORAZIONE AUTOMATICA
 [25/11/19] - [11"59'49] INIZIO RICALCOLO
 [25/11/19] - [12"02'18] QTA STORICHE NON AGGIORNATE (1)
 [25/11/19] - [12"02'18] FINE RICALCOLO
 [25/11/19] - [12"02'18] INIZIO SCANSIONE RIGHE GRIGLIA
 [25/11/19] - [12"02'18] FINE SCANSIONE RIGHE GRIGLIA
 [25/11/19] - [12"02'18] NESSUN ARTICOLO DA GENERARE
 [25/11/19] - [12"02'18] FINE ELABORAZIONE AUTOMATICA
 [25/11/19] - [12"02'18] FINE PROGRAMMA
