 [17/05/24] - [12"09'58] INIZIO ELABORAZIONE
 [17/05/24] - [12"09'58] CONTROLLO ESISTENZA CARTELLE OK
 [17/05/24] - [12"09'58]
 [17/05/24] - [12"09'58] ELABORAZIONE FILE f:\lubex\GESLUX\EDI\test\import\app_do_20240516063148_20240516_17562832
 [17/05/24] - [12"09'58] CREAZIONE FILE BACKUP : f:\lubex\GESLUX\EDI\test\backup\app_do_20240516063148_20240516_17562832_20240517_12095892
 [17/05/24] - [12"09'58] GENERAZIONE BACKUP RIUSCITA
 [17/05/24] - [12"09'58] CANCELLAZIONE FILE: f:\lubex\GESLUX\EDI\test\import\app_do_20240516063148_20240516_17562832
 [17/05/24] - [12"09'58] CANCELLAZIONE RIUSCITA
 [17/05/24] - [12"09'58] LAVORAZIONE EFFETTIVA FILE: f:\lubex\GESLUX\EDI\test\backup\app_do_20240516063148_20240516_17562832_20240517_12095892
 [17/05/24] - [12"09'58] CREATO ORDINE: 2024 - 00212945
 [17/05/24] - [12"09'59]
 [17/05/24] - [12"09'59] ELABORAZIONE FILE f:\lubex\GESLUX\EDI\test\import\app_do_20240516074648_20240516_17562832
 [17/05/24] - [12"09'59] CREAZIONE FILE BACKUP : f:\lubex\GESLUX\EDI\test\backup\app_do_20240516074648_20240516_17562832_20240517_12095892
 [17/05/24] - [12"09'59] GENERAZIONE BACKUP RIUSCITA
 [17/05/24] - [12"09'59] CANCELLAZIONE FILE: f:\lubex\GESLUX\EDI\test\import\app_do_20240516074648_20240516_17562832
 [17/05/24] - [12"09'59] CANCELLAZIONE RIUSCITA
 [17/05/24] - [12"09'59] LAVORAZIONE EFFETTIVA FILE: f:\lubex\GESLUX\EDI\test\backup\app_do_20240516074648_20240516_17562832_20240517_12095892
 [17/05/24] - [12"09'59] CREATO ORDINE: 2024 - 00212946
 [17/05/24] - [12"09'59]
 [17/05/24] - [12"09'59] ELABORAZIONE FILE f:\lubex\GESLUX\EDI\test\import\app_do_20240516084648_20240516_17562832
 [17/05/24] - [12"09'59] CREAZIONE FILE BACKUP : f:\lubex\GESLUX\EDI\test\backup\app_do_20240516084648_20240516_17562832_20240517_12095892
 [17/05/24] - [12"09'59] GENERAZIONE BACKUP RIUSCITA
 [17/05/24] - [12"09'59] CANCELLAZIONE FILE: f:\lubex\GESLUX\EDI\test\import\app_do_20240516084648_20240516_17562832
 [17/05/24] - [12"09'59] CANCELLAZIONE RIUSCITA
 [17/05/24] - [12"09'59] LAVORAZIONE EFFETTIVA FILE: f:\lubex\GESLUX\EDI\test\backup\app_do_20240516084648_20240516_17562832_20240517_12095892
 [17/05/24] - [12"09'59] CREATO ORDINE: 2024 - 00212947
 [17/05/24] - [12"09'59]
 [17/05/24] - [12"09'59] ELABORAZIONE FILE f:\lubex\GESLUX\EDI\test\import\MAXIDI_G$3428321133_20240516_17562832
 [17/05/24] - [12"09'59] CREAZIONE FILE BACKUP : f:\lubex\GESLUX\EDI\test\backup\MAXIDI_G$3428321133_20240516_17562832_20240517_12095892
 [17/05/24] - [12"09'59] GENERAZIONE BACKUP RIUSCITA
 [17/05/24] - [12"09'59] CANCELLAZIONE FILE: f:\lubex\GESLUX\EDI\test\import\MAXIDI_G$3428321133_20240516_17562832
 [17/05/24] - [12"09'59] CANCELLAZIONE RIUSCITA
 [17/05/24] - [12"09'59] LAVORAZIONE EFFETTIVA FILE: f:\lubex\GESLUX\EDI\test\backup\MAXIDI_G$3428321133_20240516_17562832_20240517_12095892
 [17/05/24] - [12"09'59] CREATO ORDINE: 2024 - 00212948
 [17/05/24] - [12"09'59]
 [17/05/24] - [12"09'59] ELABORAZIONE FILE f:\lubex\GESLUX\EDI\test\import\OBI_D$3428106020__20240516_17562832
 [17/05/24] - [12"09'59] CREAZIONE FILE BACKUP : f:\lubex\GESLUX\EDI\test\backup\OBI_D$3428106020__20240516_17562832_20240517_12095892
 [17/05/24] - [12"09'59] GENERAZIONE BACKUP RIUSCITA
 [17/05/24] - [12"09'59] CANCELLAZIONE FILE: f:\lubex\GESLUX\EDI\test\import\OBI_D$3428106020__20240516_17562832
 [17/05/24] - [12"09'59] CANCELLAZIONE RIUSCITA
 [17/05/24] - [12"09'59] LAVORAZIONE EFFETTIVA FILE: f:\lubex\GESLUX\EDI\test\backup\OBI_D$3428106020__20240516_17562832_20240517_12095892
 [17/05/24] - [12"09'59] CREATO ORDINE: 2024 - 00212949
 [17/05/24] - [12"09'59] CREATO ORDINE: 2024 - 00212950
 [17/05/24] - [12"09'59] CREATO ORDINE: 2024 - 00212951
 [17/05/24] - [12"09'59] CREATO ORDINE: 2024 - 00212952
 [17/05/24] - [12"09'59] CREATO ORDINE: 2024 - 00212953
 [17/05/24] - [12"09'59] CREATO ORDINE: 2024 - 00212954
 [17/05/24] - [12"09'59] CREATO ORDINE: 2024 - 00212955
 [17/05/24] - [12"09'59] CREATO ORDINE: 2024 - 00212956
 [17/05/24] - [12"09'59] CREATO ORDINE: 2024 - 00212957
 [17/05/24] - [12"09'59]
 [17/05/24] - [12"09'59] ELABORAZIONE FILE f:\lubex\GESLUX\EDI\test\import\portale20240516153043_20240516_17562832
 [17/05/24] - [12"09'59] CREAZIONE FILE BACKUP : f:\lubex\GESLUX\EDI\test\backup\portale20240516153043_20240516_17562832_20240517_12095892
 [17/05/24] - [12"09'59] GENERAZIONE BACKUP RIUSCITA
 [17/05/24] - [12"09'59] CANCELLAZIONE FILE: f:\lubex\GESLUX\EDI\test\import\portale20240516153043_20240516_17562832
 [17/05/24] - [12"09'59] CANCELLAZIONE RIUSCITA
 [17/05/24] - [12"09'59] LAVORAZIONE EFFETTIVA FILE: f:\lubex\GESLUX\EDI\test\backup\portale20240516153043_20240516_17562832_20240517_12095892
 [17/05/24] - [12"09'59] CREATO ORDINE: 2024 - 00212958
 [17/05/24] - [12"09'59]
 [17/05/24] - [12"09'59] ELABORAZIONE FILE f:\lubex\GESLUX\EDI\test\import\portale20240516154542_20240516_17562832
 [17/05/24] - [12"09'59] CREAZIONE FILE BACKUP : f:\lubex\GESLUX\EDI\test\backup\portale20240516154542_20240516_17562832_20240517_12095892
 [17/05/24] - [12"09'59] GENERAZIONE BACKUP RIUSCITA
 [17/05/24] - [12"09'59] CANCELLAZIONE FILE: f:\lubex\GESLUX\EDI\test\import\portale20240516154542_20240516_17562832
 [17/05/24] - [12"09'59] CANCELLAZIONE RIUSCITA
 [17/05/24] - [12"09'59] LAVORAZIONE EFFETTIVA FILE: f:\lubex\GESLUX\EDI\test\backup\portale20240516154542_20240516_17562832_20240517_12095892
 [17/05/24] - [12"09'59] CREATO ORDINE: 2024 - 00212959
 [17/05/24] - [12"09'59]
 [17/05/24] - [12"09'59] ELABORAZIONE FILE f:\lubex\GESLUX\EDI\test\import\portale20240516160032_20240516_17562832
 [17/05/24] - [12"09'59] CREAZIONE FILE BACKUP : f:\lubex\GESLUX\EDI\test\backup\portale20240516160032_20240516_17562832_20240517_12095892
 [17/05/24] - [12"09'59] GENERAZIONE BACKUP RIUSCITA
 [17/05/24] - [12"09'59] CANCELLAZIONE FILE: f:\lubex\GESLUX\EDI\test\import\portale20240516160032_20240516_17562832
 [17/05/24] - [12"09'59] CANCELLAZIONE RIUSCITA
 [17/05/24] - [12"09'59] LAVORAZIONE EFFETTIVA FILE: f:\lubex\GESLUX\EDI\test\backup\portale20240516160032_20240516_17562832_20240517_12095892
 [17/05/24] - [12"09'59] CREATO ORDINE: 2024 - 00212960
 [17/05/24] - [12"09'59] CREATO ORDINE: 2024 - 00212961
 [17/05/24] - [12"09'59] CREATO ORDINE: 2024 - 00212962
 [17/05/24] - [12"09'59] CREATO ORDINE: 2024 - 00212963
 [17/05/24] - [12"09'59] CREATO ORDINE: 2024 - 00212964
 [17/05/24] - [12"09'59] CREATO ORDINE: 2024 - 00212965
 [17/05/24] - [12"09'59] CREATO ORDINE: 2024 - 00212966
 [17/05/24] - [12"09'59] CREATO ORDINE: 2024 - 00212967
 [17/05/24] - [12"09'59] CREATO ORDINE: 2024 - 00212968
 [17/05/24] - [12"09'59]
 [17/05/24] - [12"09'59] ELABORAZIONE FILE f:\lubex\GESLUX\EDI\test\import\portale20240516160042_20240516_17562832
 [17/05/24] - [12"09'59] CREAZIONE FILE BACKUP : f:\lubex\GESLUX\EDI\test\backup\portale20240516160042_20240516_17562832_20240517_12095892
 [17/05/24] - [12"09'59] GENERAZIONE BACKUP RIUSCITA
 [17/05/24] - [12"09'59] CANCELLAZIONE FILE: f:\lubex\GESLUX\EDI\test\import\portale20240516160042_20240516_17562832
 [17/05/24] - [12"09'59] CANCELLAZIONE RIUSCITA
 [17/05/24] - [12"09'59] LAVORAZIONE EFFETTIVA FILE: f:\lubex\GESLUX\EDI\test\backup\portale20240516160042_20240516_17562832_20240517_12095892
 [17/05/24] - [12"09'59] CREATO ORDINE: 2024 - 00212969
 [17/05/24] - [12"09'59]
 [17/05/24] - [12"09'59] ELABORAZIONE FILE f:\lubex\GESLUX\EDI\test\import\portale20240516163042_20240516_17562832
 [17/05/24] - [12"09'59] CREAZIONE FILE BACKUP : f:\lubex\GESLUX\EDI\test\backup\portale20240516163042_20240516_17562832_20240517_12095892
 [17/05/24] - [12"09'59] GENERAZIONE BACKUP RIUSCITA
 [17/05/24] - [12"09'59] CANCELLAZIONE FILE: f:\lubex\GESLUX\EDI\test\import\portale20240516163042_20240516_17562832
 [17/05/24] - [12"09'59] CANCELLAZIONE RIUSCITA
 [17/05/24] - [12"09'59] LAVORAZIONE EFFETTIVA FILE: f:\lubex\GESLUX\EDI\test\backup\portale20240516163042_20240516_17562832_20240517_12095892
 [17/05/24] - [12"09'59] CREATO ORDINE: 2024 - 00212970
 [17/05/24] - [12"09'59]
 [17/05/24] - [12"09'59] ELABORAZIONE FILE f:\lubex\GESLUX\EDI\test\import\portale20240516180356_20240516_18072724
 [17/05/24] - [12"09'59] CREAZIONE FILE BACKUP : f:\lubex\GESLUX\EDI\test\backup\portale20240516180356_20240516_18072724_20240517_12095892
 [17/05/24] - [12"09'59] GENERAZIONE BACKUP RIUSCITA
 [17/05/24] - [12"09'59] CANCELLAZIONE FILE: f:\lubex\GESLUX\EDI\test\import\portale20240516180356_20240516_18072724
 [17/05/24] - [12"09'59] CANCELLAZIONE RIUSCITA
 [17/05/24] - [12"09'59] LAVORAZIONE EFFETTIVA FILE: f:\lubex\GESLUX\EDI\test\backup\portale20240516180356_20240516_18072724_20240517_12095892
 [17/05/24] - [12"09'59] CREATO ORDINE: 2024 - 00212971
 [17/05/24] - [12"09'59] CREATO ORDINE: 2024 - 00212972
 [17/05/24] - [12"09'59] CREATO ORDINE: 2024 - 00212973
 [17/05/24] - [12"09'59] CREATO ORDINE: 2024 - 00212974
 [17/05/24] - [12"09'59] CREATO ORDINE: 2024 - 00212975
 [17/05/24] - [12"09'59] CREATO ORDINE: 2024 - 00212976
 [17/05/24] - [12"09'59] CREATO ORDINE: 2024 - 00212977
 [17/05/24] - [12"09'59] CREATO ORDINE: 2024 - 00212978
 [17/05/24] - [12"09'59] CREATO ORDINE: 2024 - 00212979
 [17/05/24] - [12"10'03]
 [17/05/24] - [12"10'03] FILES TRATTATI: 011 - OK: 011 - NON ELABORATI: 000
 [17/05/24] - [12"10'03] *** ORDINI TRATTATI: 00036 di cui 00023 da verificare ****
 [17/05/24] - [12"10'03]
 [17/05/24] - [12"10'03] ELABORAZIONE TERMINATA IN: 05 SECONDI
