 [26/11/19] - [00"52'14] INIZIO PROGRAMMA
 [26/11/19] - [00"52'14] INIZIO SOMMA VENDUTI
 [26/11/19] - [00"52'15] FINE SOMMA VENDUTI
 [26/11/19] - [00"52'15] CONTROLLO ESEGUIBILITA'
 [26/11/19] - [00"52'15] CONTROLLO ESEGUIBILITA' OK
 [26/11/19] - [00"52'15] OPEN OUTPUT TMP-FORN
 [26/11/19] - [00"52'15] OPEN OUTPUT TMP-ORDFOR
 [26/11/19] - [00"52'15] QTA-PROMO
 [26/11/19] - [00"52'20] VALORIZZA CAMPI
 [26/11/19] - [00"53'43] RIEMPI GRID
 [26/11/19] - [00"53'46] RIEMPI GRID OK
 [26/11/19] - [00"53'46] INIZIO ELABORAZIONE AUTOMATICA
 [26/11/19] - [00"53'46] INIZIO RICALCOLO
 [26/11/19] - [00"53'51] FINE RICALCOLO
 [26/11/19] - [00"53'51] OPEN OUTPUT TMP-FORN
 [26/11/19] - [00"53'51] OPEN OUTPUT TMP-ORDFOR
 [26/11/19] - [00"53'51] QTA-PROMO
 [26/11/19] - [00"53'57] VALORIZZA CAMPI
 [26/11/19] - [00"55'23] RIEMPI GRID
 [26/11/19] - [00"55'30] RIEMPI GRID OK
 [26/11/19] - [00"55'30] INIZIO SCANSIONE RIGHE GRIGLIA
