 [26/11/19] - [00"36'35] INIZIO PROGRAMMA
 [26/11/19] - [00"36'35] INIZIO SOMMA VENDUTI
 [26/11/19] - [00"36'36] FINE SOMMA VENDUTI
 [26/11/19] - [00"36'36] CONTROLLO ESEGUIBILITA'
 [26/11/19] - [00"36'36] CONTROLLO ESEGUIBILITA' OK
 [26/11/19] - [00"36'36] OPEN OUTPUT TMP-FORN
 [26/11/19] - [00"36'36] OPEN OUTPUT TMP-ORDFOR
 [26/11/19] - [00"36'36] QTA-PROMO
 [26/11/19] - [00"36'41] VALORIZZA CAMPI
 [26/11/19] - [00"38'18] RIEMPI GRID
 [26/11/19] - [00"38'21] RIEMPI GRID OK
 [26/11/19] - [00"38'21] INIZIO ELABORAZIONE AUTOMATICA
 [26/11/19] - [00"38'21] INIZIO RICALCOLO
 [26/11/19] - [00"38'26] FINE RICALCOLO
 [26/11/19] - [00"38'26] OPEN OUTPUT TMP-FORN
 [26/11/19] - [00"38'26] OPEN OUTPUT TMP-ORDFOR
 [26/11/19] - [00"38'26] QTA-PROMO
 [26/11/19] - [00"38'31] VALORIZZA CAMPI
 [26/11/19] - [00"39'58] RIEMPI GRID
 [26/11/19] - [00"40'05] RIEMPI GRID OK
 [26/11/19] - [00"40'05] INIZIO SCANSIONE RIGHE GRIGLIA
 [26/11/19] - [00"40'06] FINE SCANSIONE RIGHE GRIGLIA
 [26/11/19] - [00"40'06] GENERAZIONE ORDINI FORNITORI
 [26/11/19] - [00"40'06] RICHIAMO PROGRAMMA CREA-ORDFOR
