 [20/04/24] - [00"13'17] INIZIO PROGRAMMA
 [20/04/24] - [00"13'17] INIZIO SOMMA VENDUTI
 [20/04/24] - [00"13'19] FINE SOMMA VENDUTI
 [20/04/24] - [00"13'19] CONTROLLO ESEGUIBILITA'
 [20/04/24] - [00"13'19] CONTROLLO ESEGUIBILITA' OK
 [20/04/24] - [00"13'19] OPEN OUTPUT TMP-FORN
 [20/04/24] - [00"13'19] OPEN OUTPUT TMP-ORDFOR
 [20/04/24] - [00"13'19] QTA-PROMO
 [20/04/24] - [00"13'19] VALORIZZA CAMPI
 [20/04/24] - [00"13'19] RIEMPI GRID
 [20/04/24] - [00"13'20] RIEMPI GRID OK
 [20/04/24] - [00"13'20] INIZIO ELABORAZIONE AUTOMATICA
 [20/04/24] - [00"13'20] INIZIO RICALCOLO
 [20/04/24] - [00"13'20] QTA STORICHE NON AGGIORNATE (1)
 [20/04/24] - [00"13'20] FINE RICALCOLO
 [20/04/24] - [00"13'20] INIZIO SCANSIONE RIGHE GRIGLIA
 [20/04/24] - [00"13'20] FORMULE DI RIFERIMENTO: N1 = ord2-giac + ordinato - ord2-promo || N2 = ( ord2-riordino - ord2-consegna ) * sco-molt-pordini
 [20/04/24] - [00"13'20] ELABORAZIONE ARTICOLO: 022304 - SCORTA: 00000003 - ORDINE AUTO: 1 - IMMEDIATO: 0 - IMPEGNATO: 0
 [20/04/24] - [00"13'20] ARTICOLO OK: N1 (1.547,00) < N2(832,00). ORD2-GIAC(1.547) + COMO-ORDINATO(0) - ORD2-PROMO(0) < ( ORD2-RIORDINO(516,00) - ORD2-CONSEGNA(308,00)) * SCO-MOLT-PORDINI(4,00)
 [20/04/24] - [00"13'20] FINE SCANSIONE RIGHE GRIGLIA
 [20/04/24] - [00"13'20] GENERAZIONE ORDINI FORNITORI
 [20/04/24] - [00"13'20] RICHIAMO PROGRAMMA CREA-ORDFOR
