 [26/04/24] - [19"11'02] INIZIO PROGRAMMA
 [26/04/24] - [19"11'02] INIZIO SOMMA VENDUTI
 [26/04/24] - [19"11'03] FINE SOMMA VENDUTI
 [26/04/24] - [19"11'03] CONTROLLO ESEGUIBILITA'
 [26/04/24] - [19"11'03] CONTROLLO ESEGUIBILITA' OK
 [26/04/24] - [19"11'04] OPEN OUTPUT TMP-FORN
 [26/04/24] - [19"11'04] OPEN OUTPUT TMP-ORDFOR
 [26/04/24] - [19"11'04] QTA-PROMO
 [26/04/24] - [19"11'04] VALORIZZA CAMPI
 [26/04/24] - [19"11'04] RIEMPI GRID
 [26/04/24] - [19"11'04] RIEMPI GRID OK
 [26/04/24] - [19"11'04] INIZIO ELABORAZIONE AUTOMATICA
 [26/04/24] - [19"11'04] INIZIO RICALCOLO
 [26/04/24] - [19"11'04] QTA STORICHE NON AGGIORNATE (1)
 [26/04/24] - [19"11'04] FINE RICALCOLO
 [26/04/24] - [19"11'04] INIZIO SCANSIONE RIGHE GRIGLIA
 [26/04/24] - [19"11'04] FORMULE DI RIFERIMENTO: N1 = ord2-giac + ordinato - ord2-promo || N2 = ( ord2-riordino - ord2-consegna ) * sco-molt-pordini
 [26/04/24] - [19"11'38] FINE SCANSIONE RIGHE GRIGLIA
 [26/04/24] - [19"11'38] NESSUN ARTICOLO DA GENERARE
 [26/04/24] - [19"11'38] FINE ELABORAZIONE AUTOMATICA
 [26/04/24] - [19"11'38] FINE PROGRAMMA
