 [16/02/24] - [17"04'35] INIZIO PROGRAMMA
 [16/02/24] - [17"04'35] INIZIO SOMMA VENDUTI
 [16/02/24] - [17"04'38] FINE SOMMA VENDUTI
 [16/02/24] - [17"04'38] CONTROLLO ESEGUIBILITA'
 [16/02/24] - [17"04'38] CONTROLLO ESEGUIBILITA' OK
 [16/02/24] - [17"04'38] OPEN OUTPUT TMP-FORN
 [16/02/24] - [17"04'38] OPEN OUTPUT TMP-ORDFOR
 [16/02/24] - [17"04'38] QTA-PROMO
 [16/02/24] - [17"04'38] VALORIZZA CAMPI
 [16/02/24] - [17"04'39] RIEMPI GRID
 [16/02/24] - [17"04'39] RIEMPI GRID OK
 [16/02/24] - [17"04'39] INIZIO ELABORAZIONE AUTOMATICA
 [16/02/24] - [17"04'39] INIZIO RICALCOLO
 [16/02/24] - [17"04'39] QTA STORICHE NON AGGIORNATE (1)
 [16/02/24] - [17"04'39] FINE RICALCOLO
 [16/02/24] - [17"04'39] INIZIO SCANSIONE RIGHE GRIGLIA
 [16/02/24] - [17"04'39] FORMULE DI RIFERIMENTO: N1 = ord2-giac + ordinato - ord2-promo || N2 = ( ord2-riordino - ord2-consegna ) * sco-molt-pordini
 [16/02/24] - [17"04'39] ELABORAZIONE ARTICOLO: 024597 - SCORTA: 00000004 - ORDINE AUTO: 1 - IMMEDIATO: 1 - IMPEGNATO: 0
 [16/02/24] - [17"04'39] ARTICOLO OK.  - COMO-IMPEGNATO(0) + ORD2-PROMO (97)> 0
 [16/02/24] - [17"04'39] FINE SCANSIONE RIGHE GRIGLIA
 [16/02/24] - [17"04'39] GENERAZIONE ORDINI FORNITORI
 [16/02/24] - [17"04'39] RICHIAMO PROGRAMMA CREA-ORDFOR
 [16/02/24] - [17"04'46] FINE RICHIAMO PROGRAMMA CREA-ORDFOR
 [16/02/24] - [17"04'46] STAMPE ORDINI
 [16/02/24] - [17"04'46] STAMPE UFFICIO ALTRO SU STAMPANTE: doPDF 11
 [16/02/24] - [17"04'50] FINE STAMPE ORDINI
 [16/02/24] - [17"04'50] RIGENERAZIONE QTA VENDUTI
 [16/02/24] - [17"04'50] QTA STORICHE NON AGGIORNATE (1)
 [16/02/24] - [17"04'50] FINE RIGENERAZIONE QTA VENDUTI
 [16/02/24] - [17"04'50] FINE ELABORAZIONE AUTOMATICA
 [16/02/24] - [17"04'50] FINE PROGRAMMA
