 [25/11/19] - [23"11'01] INIZIO PROGRAMMA
 [25/11/19] - [23"11'01] INIZIO SOMMA VENDUTI
 [25/11/19] - [23"11'07] FINE SOMMA VENDUTI
 [25/11/19] - [23"11'07] CONTROLLO ESEGUIBILITA'
 [25/11/19] - [23"11'07] CONTROLLO ESEGUIBILITA' OK
 [25/11/19] - [23"11'37] OPEN OUTPUT TMP-FORN
 [25/11/19] - [23"11'37] OPEN OUTPUT TMP-ORDFOR
 [25/11/19] - [23"11'37] QTA-PROMO
 [25/11/19] - [23"11'43] VALORIZZA CAMPI
 [25/11/19] - [23"13'17] RIEMPI GRID
 [25/11/19] - [23"13'20] RIEMPI GRID OK
 [25/11/19] - [23"13'20] INIZIO ELABORAZIONE AUTOMATICA
 [25/11/19] - [23"53'30] INIZIO RICALCOLO
 [25/11/19] - [23"54'11] FINE RICALCOLO
 [25/11/19] - [23"55'44] OPEN OUTPUT TMP-FORN
 [25/11/19] - [23"55'46] OPEN OUTPUT TMP-ORDFOR
 [25/11/19] - [23"55'48] QTA-PROMO
 [25/11/19] - [23"55'56] VALORIZZA CAMPI
 [26/11/19] - [00"18'01] RIEMPI GRID
 [26/11/19] - [00"29'56] RIEMPI GRID OK
 [26/11/19] - [00"30'03] INIZIO SCANSIONE RIGHE GRIGLIA
 [26/11/19] - [00"30'29] FINE SCANSIONE RIGHE GRIGLIA
 [26/11/19] - [00"30'33] GENERAZIONE ORDINI FORNITORI
 [26/11/19] - [00"30'44] RICHIAMO PROGRAMMA CREA-ORDFOR
 [26/11/19] - [00"31'08] FINE RICHIAMO PROGRAMMA CREA-ORDFOR
 [26/11/19] - [00"31'08] STAMPE ORDINI
 [26/11/19] - [00"31'10] FINE STAMPE ORDINI
 [26/11/19] - [00"31'10] RIEPILOGO VIA MAIL
