 [25/11/19] - [10"46'56] INIZIO PROGRAMMA
 [25/11/19] - [10"47'16] INIZIO SOMMA VENDUTI
 [25/11/19] - [10"47'32] FINE SOMMA VENDUTI
 [25/11/19] - [10"47'42] CONTROLLO ESEGUIBILITA'
 [25/11/19] - [10"47'46] CONTROLLO ESEGUIBILITA' OK
 [25/11/19] - [10"48'51] OPEN OUTPUT TMP-FORN
 [25/11/19] - [10"48'58] OPEN OUTPUT TMP-ORDFOR
 [25/11/19] - [10"49'02] QTA-PROMO
 [25/11/19] - [10"49'25] VALORIZZA CAMPI
 [25/11/19] - [10"53'52] RIEMPI GRID
 [25/11/19] - [10"54'37] RIEMPI GRID OK
 [25/11/19] - [10"54'48] INIZIO ELABORAZIONE AUTOMATICA
 [25/11/19] - [10"54'54] INIZIO RICALCOLO
 [25/11/19] - [10"55'11] QTA STORICHE NON AGGIORNATE (1)
 [25/11/19] - [10"55'41] FINE RICALCOLO
 [25/11/19] - [10"55'53] OPEN OUTPUT TMP-FORN
 [25/11/19] - [10"55'55] OPEN OUTPUT TMP-ORDFOR
 [25/11/19] - [10"55'57] QTA-PROMO
 [25/11/19] - [10"56'14] VALORIZZA CAMPI
 [25/11/19] - [10"59'15] RIEMPI GRID
 [25/11/19] - [10"59'23] RIEMPI GRID OK
 [25/11/19] - [10"59'47] INIZIO SCANSIONE RIGHE GRIGLIA
 [25/11/19] - [11"00'08] FINE SCANSIONE RIGHE GRIGLIA
 [25/11/19] - [11"00'27] GENERAZIONE ORDINI FORNITORI
 [25/11/19] - [11"00'38] RICHIAMO PROGRAMMA CREA-ORDFOR
