 [16/02/24] - [16"31'25] INIZIO PROGRAMMA
 [16/02/24] - [16"31'25] INIZIO SOMMA VENDUTI
 [16/02/24] - [16"31'27] FINE SOMMA VENDUTI
 [16/02/24] - [16"31'27] CONTROLLO ESEGUIBILITA'
 [16/02/24] - [16"31'27] CONTROLLO ESEGUIBILITA' OK
 [16/02/24] - [16"31'27] OPEN OUTPUT TMP-FORN
 [16/02/24] - [16"31'27] OPEN OUTPUT TMP-ORDFOR
 [16/02/24] - [16"31'27] QTA-PROMO
 [16/02/24] - [16"31'27] VALORIZZA CAMPI
 [16/02/24] - [16"31'27] RIEMPI GRID
 [16/02/24] - [16"31'28] RIEMPI GRID OK
 [16/02/24] - [16"31'28] INIZIO ELABORAZIONE AUTOMATICA
 [16/02/24] - [16"31'28] INIZIO RICALCOLO
 [16/02/24] - [16"31'28] QTA STORICHE NON AGGIORNATE (1)
 [16/02/24] - [16"31'28] FINE RICALCOLO
 [16/02/24] - [16"31'28] INIZIO SCANSIONE RIGHE GRIGLIA
 [16/02/24] - [16"31'28] FORMULE DI RIFERIMENTO: N1 = ord2-giac + ordinato - ord2-promo || N2 = ( ord2-riordino - ord2-consegna ) * sco-molt-pordini
 [16/02/24] - [16"31'28] ELABORAZIONE ARTICOLO: 024597 - SCORTA: 00000004 - ORDINE AUTO: 1 - IMMEDIATO: 0 - IMPEGNATO: 0
 [16/02/24] - [16"31'28] ARTICOLO OK.  - N1 (-97,00) < N2(0,00                ). ORD2-GIAC(0) + COMO-ORDINATO(0) - ORD2-PROMO(97) < ( ORD2-RIORDINO(0,00) - ORD2-CONSEGNA(0,00)) * SCO-MOLT-PORDINI(2,00)
 [16/02/24] - [16"31'28] FINE SCANSIONE RIGHE GRIGLIA
 [16/02/24] - [16"31'28] GENERAZIONE ORDINI FORNITORI
 [16/02/24] - [16"31'28] RICHIAMO PROGRAMMA CREA-ORDFOR
 [16/02/24] - [16"31'35] FINE RICHIAMO PROGRAMMA CREA-ORDFOR
 [16/02/24] - [16"31'35] STAMPE ORDINI
 [16/02/24] - [16"31'35] STAMPE UFFICIO ALTRO SU STAMPANTE: doPDF 11
 [16/02/24] - [16"31'41] FINE STAMPE ORDINI
 [16/02/24] - [16"31'41] RIGENERAZIONE QTA VENDUTI
 [16/02/24] - [16"31'41] QTA STORICHE NON AGGIORNATE (1)
 [16/02/24] - [16"31'41] FINE RIGENERAZIONE QTA VENDUTI
 [16/02/24] - [16"31'41] FINE ELABORAZIONE AUTOMATICA
 [16/02/24] - [16"31'41] FINE PROGRAMMA
