 [25/11/19] - [10"36'23] INIZIO PROGRAMMA
 [25/11/19] - [10"36'23] INIZIO SOMMA VENDUTI
 [25/11/19] - [10"36'25] FINE SOMMA VENDUTI
 [25/11/19] - [10"36'25] CONTROLLO ESEGUIBILITA'
 [25/11/19] - [10"36'25] CONTROLLO ESEGUIBILITA' OK
 [25/11/19] - [10"36'25] OPEN OUTPUT TMP-FORN
 [25/11/19] - [10"36'25] OPEN OUTPUT TMP-ORDFOR
 [25/11/19] - [10"36'25] QTA-PROMO
 [25/11/19] - [10"36'31] VALORIZZA CAMPI
 [25/11/19] - [10"38'19] RIEMPI GRID
 [25/11/19] - [10"38'22] RIEMPI GRID OK
 [25/11/19] - [10"38'22] INIZIO ELABORAZIONE AUTOMATICA
 [25/11/19] - [10"38'47] INIZIO RICALCOLO
 [25/11/19] - [10"38'47] QTA STORICHE NON AGGIORNATE (1)
 [25/11/19] - [10"38'47] FINE RICALCOLO
 [25/11/19] - [10"38'47] INIZIO SCANSIONE RIGHE GRIGLIA
 [25/11/19] - [10"38'47] FINE SCANSIONE RIGHE GRIGLIA
 [25/11/19] - [10"38'47] NESSUN ARTICOLO DA GENERARE
 [25/11/19] - [10"38'47] FINE ELABORAZIONE AUTOMATICA
 [25/11/19] - [10"38'47] FINE PROGRAMMA
