 [23/04/24] - [14"54'42] INIZIO PROGRAMMA
 [23/04/24] - [14"54'42] APERTURA FILES
 [23/04/24] - [14"54'42] APERTURA FILES RIUSCITA
 [23/04/24] - [14"54'42] CANCELLAZIONE TAGLI DEL: 01/04/2024
 [23/04/24] - [14"54'42] CANCELLATI 00000 TAGLI
 [23/04/24] - [14"54'42] CONTROLLO PRESENZA TAGLI (17) DEL: 01/04/2024
 [23/04/24] - [14"54'42] CREAZIONE DEL PDF DEI TAGLI
 [23/04/24] - [14"54'42] APERTURA FILES
 [23/04/24] - [14"54'42] ELABORAZIONE SCORTA 0-2
 [23/04/24] - [14"54'42] CHIUSURA FILES
 [23/04/24] - [14"54'42] APERTURA FILES
 [23/04/24] - [14"54'42] ELABORAZIONE SCORTA 5-9
 [23/04/24] - [14"54'42] CHIUSURA FILES
 [23/04/24] - [14"54'42] APERTURA FILES
 [23/04/24] - [14"54'42] ELABORAZIONE SCORTA TUTTI
 [23/04/24] - [14"54'42] CHIUSURA FILES
 [23/04/24] - [14"54'42] NESSUN PDF CREATO
 [23/04/24] - [14"54'42] TERMINE PROGRAMMA
 [23/04/24] - [14"54'42] INVIO MAIL IN CORSO...
 [23/04/24] - [14"54'47] INVIO MAIL NON RIUSCITO!
