 [15/06/23] - [21"24'22] INIZIO ELABORAZIONE
 [15/06/23] - [21"24'22] INIZIO BACKUP PROGRESSIVI
 [15/06/23] - [21"24'36] FINE BACKUP PROGRESSIVI
 [15/06/23] - [21"24'36] AZZERAMENTO PROGRESSIVI
 [15/06/23] - [21"24'42] FINE AZZERAMENTO PROGRESSIVI
 [15/06/23] - [21"24'42] ELABORAZIONE ORDINI MASTER
 [15/06/23] - [21"26'03] FINE ELABORAZIONE ORDINI MASTER
 [15/06/23] - [21"26'03] ELABORAZIONE NCRE NON FATTURATI
 [15/06/23] - [21"26'03] FINE ELABORAZIONE NCRE NON FATTURATI
 [15/06/23] - [21"26'03] ELABORAZIONE INEVASI E BOLLA EMESSA NON FATTURATI
 [15/06/23] - [21"27'31] FINE ELABORAZIONE BOLLA EMESSA NON FATTURATI
 [15/06/23] - [21"27'31] ELABORAZIONE MOVIMENTI DI MAGAZZINO
 [15/06/23] - [21"41'08] FINE ELABORAZIONE  MOVIMENTI DI MAGAZZINO
 [15/06/23] - [21"41'08] ELABORAZIONE ORDINATO EVASIONI
 [15/06/23] - [21"42'03] FINE ELABORAZIONE ORDINATO EVASIONI
 [15/06/23] - [21"42'03] ELABORAZIONE GIACENZA EVASIONI F
 [15/06/23] - [21"42'03] FINE ELABORAZIONE GIACENZA EVASIONI F
 [15/06/23] - [21"42'03] INIZIO RESTORE PROGRESSIVI
 [15/06/23] - [21"42'12] FINE RESTORE PROGRESSIVI
 [15/06/23] - [21"42'12] ELABORAZIONE TERMINATA IN: 00017 MINUTI E 50 SECONDI
