 [20/10/11] - [04"00'48] Apertura FILES
 [20/10/11] - [04"00'48] Apertura FILES RIUSCITA
 [20/10/11] - [04"00'48] INIZIO ELABORAZIONE MERCE MANCANTE
 [20/10/11] - [04"00'50] AVVISO PER MERCE MANCANTE GENERATO
 [20/10/11] - [04"00'50] INIZIO ELABORAZIONE RIFORNIMENTI
 [20/10/11] - [04"00'51] AVVISO PER RIFORNIMENTI GENERATO
 [20/10/11] - [04"01'02] CHIUSURA FILES
 [20/10/11] - [04"01'48] INVIO MAIL IN CORSO...
 [20/10/11] - [04"01'48] TENTATIVO N. 01: Chiamata InvioMail fallita! STATUS -1
 [20/10/11] - [04"01'48] TENTATIVO N. 01:
 [20/10/11] - [04"01'48] TENTATIVO N. 02: Chiamata InvioMail fallita! STATUS -1
 [20/10/11] - [04"01'48] TENTATIVO N. 02:
 [20/10/11] - [04"01'48] TENTATIVO N. 03: Chiamata InvioMail fallita! STATUS -1
 [20/10/11] - [04"01'48] TENTATIVO N. 03:
 [20/10/11] - [04"01'48] TENTATIVO N. 04: Chiamata InvioMail fallita! STATUS -1
 [20/10/11] - [04"01'48] TENTATIVO N. 04:
 [20/10/11] - [04"01'48] TENTATIVO N. 05: Chiamata InvioMail fallita! STATUS -1
 [20/10/11] - [04"01'48] TENTATIVO N. 05:
 [20/10/11] - [04"01'48] TENTATIVO N. 06: Chiamata InvioMail fallita! STATUS -1
 [20/10/11] - [04"01'48] TENTATIVO N. 06:
 [20/10/11] - [04"01'48] TENTATIVO N. 07: Chiamata InvioMail fallita! STATUS -1
 [20/10/11] - [04"01'48] TENTATIVO N. 07:
 [20/10/11] - [04"01'48] TENTATIVO N. 08: Chiamata InvioMail fallita! STATUS -1
 [20/10/11] - [04"01'48] TENTATIVO N. 08:
 [20/10/11] - [04"01'48] TENTATIVO N. 09: Chiamata InvioMail fallita! STATUS -1
 [20/10/11] - [04"01'48] TENTATIVO N. 09:
 [20/10/11] - [04"01'48] TENTATIVO N. 10: Chiamata InvioMail fallita! STATUS -1
 [20/10/11] - [04"01'48] TENTATIVO N. 10:
 [20/10/11] - [04"01'48] INVIO MAIL NON RIUSCITO!
 [20/10/11] - [04"01'48] INIZIO COPIA FILES...
 [20/10/11] - [04"01'48] COPIA FILE INI NON RIUSCITA
 [20/10/11] - [04"01'48] FILE DI PARTENZA:F:\Lubex\GESLUX\InvioMail\InvioMail.in
 [20/10/11] - [04"01'48] FILE DI DESTINAZIONE:F:\Lubex\GESLUX\InvioMail\backup\I
 [20/10/11] - [04"01'48] COPIA FILE CSV NON RIUSCITA
 [20/10/11] - [04"01'48] FILE DI PARTENZA:F:\Lubex\tmp\giacenze_20111020.csv
 [20/10/11] - [04"01'48] FILE DI DESTINAZIONE:F:\Lubex\GESLUX\InvioMail\backup\g
 [20/10/11] - [04"01'48] ELABORAZIONE TERMINATA
 [20/10/11] - [04"01'48] COPIA FILE LOG NON RIUSCITA
 [20/10/11] - [04"01'48] FILE DI PARTENZA:F:\Lubex\GESLUX\InvioMail\InvioMail.lo
 [20/10/11] - [04"01'48] FILE DI DESTINAZIONE:F:\Lubex\GESLUX\InvioMail\backup\I
