 [19/01/18] - [23"12'01] INIZIO ELABORAZIONE
 [19/01/18] - [23"12'01] APERTURA FILES
 [19/01/18] - [23"12'01] APERTURA FILES RIUSCITA
 [19/01/18] - [23"12'01] INIZIO ELABORAZIONE RIFORNIMENTI
Non-numeric data in numeric field at 000D4A in MAIL-GIACENZE-NEW
 [19/01/18] - [23"12'11] AVVISO PER RIFORNIMENTI GENERATO
 [19/01/18] - [23"12'11] CHIUSURA FILES
 [19/01/18] - [23"12'11] INVIO MAIL IN CORSO...
 [19/01/18] - [23"12'18] TENTATIVO N. 01: Chiamata InvioMail riuscita!
 [19/01/18] - [23"12'18] TENTATIVO N. 01: 550-Please turn on SMTP Authentication
 [19/01/18] - [23"12'18] TENTATIVO N. 02: Chiamata InvioMail riuscita!
 [19/01/18] - [23"12'18] TENTATIVO N. 02: 550-Please turn on SMTP Authentication
 [19/01/18] - [23"12'19] TENTATIVO N. 03: Chiamata InvioMail riuscita!
 [19/01/18] - [23"12'19] TENTATIVO N. 03: 550-Please turn on SMTP Authentication
 [19/01/18] - [23"12'20] TENTATIVO N. 04: Chiamata InvioMail riuscita!
 [19/01/18] - [23"12'20] TENTATIVO N. 04: 550-Please turn on SMTP Authentication
 [19/01/18] - [23"12'22] TENTATIVO N. 05: Chiamata InvioMail riuscita!
 [19/01/18] - [23"12'22] TENTATIVO N. 05: Timeout occurred: The SMTP Host did no
 [19/01/18] - [23"12'24] TENTATIVO N. 06: Chiamata InvioMail riuscita!
 [19/01/18] - [23"12'24] TENTATIVO N. 06: Timeout occurred: The SMTP Host did no
 [19/01/18] - [23"12'27] TENTATIVO N. 07: Chiamata InvioMail riuscita!
 [19/01/18] - [23"12'27] TENTATIVO N. 07: Timeout occurred: The SMTP Host did no
 [19/01/18] - [23"12'30] TENTATIVO N. 08: Chiamata InvioMail riuscita!
 [19/01/18] - [23"12'30] TENTATIVO N. 08: Timeout occurred: The SMTP Host did no
 [19/01/18] - [23"12'32] TENTATIVO N. 09: Chiamata InvioMail riuscita!
 [19/01/18] - [23"12'32] TENTATIVO N. 09: Timeout occurred: The SMTP Host did no
 [19/01/18] - [23"12'35] TENTATIVO N. 10: Chiamata InvioMail riuscita!
 [19/01/18] - [23"12'35] TENTATIVO N. 10: Timeout occurred: The SMTP Host did no
 [19/01/18] - [23"12'35] INVIO MAIL NON RIUSCITO!
 [19/01/18] - [23"12'35] INIZIO COPIA FILES...
 [19/01/18] - [23"12'35] COPIA FILE INI RIUSCITA
 [19/01/18] - [23"12'35] COPIA FILE CSV RIUSCITA
 [19/01/18] - [23"12'35] COPIA FILE LOG RIUSCITA
 [19/01/18] - [23"12'35] ELABORAZIONE TERMINATA
