 [26/10/23] - [10"45'55] INIZIO PROCEDURA, INVIO MAIL
 [26/10/23] - [10"45'57] INVIO MAIL. TENTATIVO N. 01
 [26/10/23] - [10"45'58] INVIO MAIL. TENTATIVO N. 02
 [26/10/23] - [10"45'58] INVIO MAIL. TENTATIVO N. 03
 [26/10/23] - [10"45'58] INVIO MAIL. TENTATIVO N. 04
 [26/10/23] - [10"45'59] INVIO MAIL. TENTATIVO N. 05
 [26/10/23] - [10"45'59] ERRORE DURANTE L'INVIO DELLA MAIL INIZIALE
 [26/10/23] - [10"45'59] |=> INGRESSO EDI-IMPORD
 [26/10/23] - [10"45'59] INIZIO ELABORAZIONE
 [26/10/23] - [10"45'59] CONTROLLO ESISTENZA CARTELLE OK
 [26/10/23] - [10"45'59] FILES TRATTATI: 000 - OK: 000 - NON ELABORATI: 000
 [26/10/23] - [10"45'59] *** ORDINI TRATTATI: 00000 di cui 00000 da verificare ****
 [26/10/23] - [10"45'59] ELABORAZIONE TERMINATA IN: 00 SECONDI
 [26/10/23] - [10"45'59] <=| USCITA EDI-IMPORD
 [26/10/23] - [10"45'59] |=> INGRESSO EDI-SELORDINI
 [26/10/23] - [10"46'02] VERIFICA ESEGUIBILITA'
 [26/10/23] - [10"46'02] AGGIORNAMENTO ORDINI
 [26/10/23] - [10"46'06] VERIFICA ESEGUIBILITA'
 [26/10/23] - [10"46'06] GENERAZIONE ORDINI
 [26/10/23] - [10"46'06] INIZIO ATTIVA-ORDINI
 [26/10/23] - [10"46'06] VALORIZZA NUMERO
 [26/10/23] - [10"46'06] VALORIZZATO NUMERO 00035200
 [26/10/23] - [10"46'06] WRITE MTO-REC
 [26/10/23] - [10"46'06] WRITE MTO-RECSTATUS: 02
 [26/10/23] - [10"46'06] DOPO SOST-ART00035200
 [26/10/23] - [10"46'06] VALORIZZA NUMERO
 [26/10/23] - [10"46'06] VALORIZZATO NUMERO 00035201
 [26/10/23] - [10"46'06] WRITE MTO-REC
 [26/10/23] - [10"46'06] WRITE MTO-RECSTATUS: 02
 [26/10/23] - [10"46'06] DOPO SOST-ART00035201
 [26/10/23] - [10"46'06] FINE ATTIVA-ORDINI
 [26/10/23] - [10"46'06] GENERATI 002 DAL N. 00035200 - AL N. 00035201
 [26/10/23] - [10"46'06] |=> ELABORAZIONE ST-ORDINE-M. ANNO: 2023 - 00035200
 [26/10/23] - [10"46'06] APERTURA SPOOLER: \\srvdc01\OKI-B512-FC4DD1
 [26/10/23] - [10"46'06] CHIUSURA SPOOLER
 [26/10/23] - [10"46'06] <=| USCITA PROGRAMMA
 [26/10/23] - [10"46'06] |=> ELABORAZIONE ST-ORDINE-M. ANNO: 2023 - 00035201
 [26/10/23] - [10"46'06] APERTURA SPOOLER: \\srvdc01\OKI-B512-FC4DD1
 [26/10/23] - [10"46'06] CHIUSURA SPOOLER
 [26/10/23] - [10"46'06] <=| USCITA PROGRAMMA
 [26/10/23] - [10"46'06] <=| USCITA EDI-SELORDINI
 [26/10/23] - [10"46'13] |=> INGRESSO EVACLI
 [26/10/23] - [10"46'15] EVASIONE SIN...
 [26/10/23] - [10"46'36] GENERATE EVASIONI PER: SIN DAL N.    66248 AL N.    66291 - TOTALE EVASIONI:         44 - UTENTE: MACROBATCH
 [26/10/23] - [10"47'40] <=| USCITA EVACLI
 [26/10/23] - [10"47'42] INVIO MAIL. TENTATIVO N. 01
 [26/10/23] - [10"47'43] INVIO MAIL. TENTATIVO N. 02
 [26/10/23] - [10"47'43] INVIO MAIL. TENTATIVO N. 03
 [26/10/23] - [10"47'43] INVIO MAIL. TENTATIVO N. 04
 [26/10/23] - [10"47'43] INVIO MAIL. TENTATIVO N. 05
 [26/10/23] - [10"47'43] ERRORE DURANTE L'INVIO DELLA MAIL RIEPOLOGATIVA
 [26/10/23] - [10"47'43] FINE PROCEDURA
