 [21/11/23] - [11"26'31] INIZIO PROCEDURA, INVIO MAIL
 [21/11/23] - [11"26'31] INVIO DELLA MAIL INIZIALE AVVENUTO
 [21/11/23] - [11"26'31] |=> INGRESSO EDI-IMPORD
 [21/11/23] - [11"26'31] INIZIO ELABORAZIONE
 [21/11/23] - [11"26'31] CONTROLLO ESISTENZA CARTELLE OK
 [21/11/23] - [11"26'31] FILES TRATTATI: 000 - OK: 000 - NON ELABORATI: 000
 [21/11/23] - [11"26'31] *** ORDINI TRATTATI: 00000 di cui 00000 da verificare ****
 [21/11/23] - [11"26'31] ELABORAZIONE TERMINATA IN: 00 SECONDI
 [21/11/23] - [11"26'31] <=| USCITA EDI-IMPORD
 [21/11/23] - [11"26'31] |=> INGRESSO EDI-SELORDINI
 [21/11/23] - [11"26'34] VERIFICA ESEGUIBILITA'
 [21/11/23] - [11"26'34] AGGIORNAMENTO ORDINI
 [21/11/23] - [11"26'37] VERIFICA ESEGUIBILITA'
 [21/11/23] - [11"26'37] GENERAZIONE ORDINI
 [21/11/23] - [11"26'37] INIZIO ATTIVA-ORDINI
 [21/11/23] - [11"26'37] FINE ATTIVA-ORDINI
 [21/11/23] - [11"26'37] NESSUN ORDINE GENERATO
 [21/11/23] - [11"26'37] <=| USCITA EDI-SELORDINI
 [21/11/23] - [11"26'37] |=> INGRESSO EVACLI
 [21/11/23] - [11"26'37] RICHIAMO TPREV
 [21/11/23] - [11"26'38] EVASIONE SIN...
 [21/11/23] - [11"26'41] <=| USCITA EVACLI
 [21/11/23] - [11"26'41] INVIO DELLA MAIL RIEPOLOGATIVA AVVENUTO
 [21/11/23] - [11"26'41] FINE PROCEDURA
