 [05/02/24] - [13"00'27] INIZIO PROCEDURA, INVIO MAIL
 [05/02/24] - [13"00'27] INVIO DELLA MAIL INIZIALE AVVENUTO
 [05/02/24] - [13"00'27] OPEN INPUT LOCK-DIV, STATUS: 00
 [05/02/24] - [13"00'27] OPEN OUTPUT LOCK-DIV, STATUS: 00
 [05/02/24] - [13"00'33] INIZIO COPIA ARCHIVI
 [05/02/24] - [13"00'40] EDI-mtordini  - INIZIO COPIA
 [05/02/24] - [13"01'13] EDI-mtordini  - COPIATI 39.168 RECORDS.
 [05/02/24] - [13"01'13] EDI-mrordini  - INIZIO COPIA
 [05/02/24] - [13"04'12] EDI-mrordini  - COPIATI 363.635 RECORDS.
 [05/02/24] - [13"04'12] FINE COPIA ARCHIVI
 [05/02/24] - [13"04'12] |=> INGRESSO EDI-IMPORD
 [05/02/24] - [13"04'12] INIZIO ELABORAZIONE
 [05/02/24] - [13"04'12] CONTROLLO ESISTENZA CARTELLE OK
 [05/02/24] - [13"04'12] FILES TRATTATI: 000 - OK: 000 - NON ELABORATI: 000
 [05/02/24] - [13"04'12] *** ORDINI TRATTATI: 00000 di cui 00000 da verificare ****
 [05/02/24] - [13"04'12] ELABORAZIONE TERMINATA IN: 00 SECONDI
 [05/02/24] - [13"04'12] <=| USCITA EDI-IMPORD
 [05/02/24] - [13"04'12] |=> INGRESSO EDI-SELORDINI
 [05/02/24] - [13"04'13] AGGIORNAMENTO ORDINI
 [05/02/24] - [13"04'15] VERIFICA ESEGUIBILITA'
 [05/02/24] - [13"04'15] GENERAZIONE ORDINI
 [05/02/24] - [13"04'15] INIZIO ATTIVA-ORDINI
 [05/02/24] - [13"04'15] VALORIZZA NUMERO
 [05/02/24] - [13"04'15] VALORIZZA-NUMERO
 [05/02/24] - [13"04'19] |=> INGRESSO NAMBAR
 [05/02/24] - [13"04'19] CHECK-ESISTENZA
 [05/02/24] - [13"04'19] LEGGI-NUMERO
 [05/02/24] - [13"04'19] <=| USCITA NAMBAR
 [05/02/24] - [13"04'22] VALORIZZATO NUMERO 00002379
 [05/02/24] - [13"04'22] WRITE MTO-REC
 [05/02/24] - [13"04'22] WRITE MTO-RECSTATUS: 02
 [05/02/24] - [13"04'22] PRIMA SOST-ART00002379
 [05/02/24] - [13"04'22] DOPO SOST-ART00002379
 [05/02/24] - [13"04'22] VALORIZZA NUMERO
 [05/02/24] - [13"04'22] VALORIZZA-NUMERO
 [05/02/24] - [13"04'26] |=> INGRESSO NAMBAR
 [05/02/24] - [13"04'39] CHECK-ESISTENZA
 [05/02/24] - [13"04'42] LEGGI-NUMERO
 [05/02/24] - [13"04'45] <=| USCITA NAMBAR
 [05/02/24] - [13"04'46] VALORIZZATO NUMERO 00002380
 [05/02/24] - [13"04'46] WRITE MTO-REC
 [05/02/24] - [13"04'46] WRITE MTO-RECSTATUS: 02
 [05/02/24] - [13"04'46] PRIMA SOST-ART00002380
 [05/02/24] - [13"04'46] DOPO SOST-ART00002380
 [05/02/24] - [13"04'46] VALORIZZA NUMERO
 [05/02/24] - [13"04'46] VALORIZZA-NUMERO
 [05/02/24] - [13"04'46] |=> INGRESSO NAMBAR
 [05/02/24] - [13"04'46] CHECK-ESISTENZA
 [05/02/24] - [13"04'46] LEGGI-NUMERO
 [05/02/24] - [13"04'46] <=| USCITA NAMBAR
 [05/02/24] - [13"04'46] VALORIZZATO NUMERO 00002381
 [05/02/24] - [13"04'46] WRITE MTO-REC
 [05/02/24] - [13"04'46] WRITE MTO-RECSTATUS: 00
 [05/02/24] - [13"04'46] PRIMA SOST-ART00002381
 [05/02/24] - [13"04'46] DOPO SOST-ART00002381
 [05/02/24] - [13"04'46] VALORIZZA NUMERO
 [05/02/24] - [13"04'46] VALORIZZA-NUMERO
 [05/02/24] - [13"04'46] |=> INGRESSO NAMBAR
 [05/02/24] - [13"04'46] CHECK-ESISTENZA
 [05/02/24] - [13"04'46] LEGGI-NUMERO
 [05/02/24] - [13"04'46] <=| USCITA NAMBAR
 [05/02/24] - [13"04'46] VALORIZZATO NUMERO 00002382
 [05/02/24] - [13"04'46] WRITE MTO-REC
 [05/02/24] - [13"04'46] WRITE MTO-RECSTATUS: 00
 [05/02/24] - [13"04'46] PRIMA SOST-ART00002382
 [05/02/24] - [13"04'46] DOPO SOST-ART00002382
 [05/02/24] - [13"04'46] VALORIZZA NUMERO
 [05/02/24] - [13"04'46] VALORIZZA-NUMERO
 [05/02/24] - [13"04'46] |=> INGRESSO NAMBAR
 [05/02/24] - [13"04'46] CHECK-ESISTENZA
 [05/02/24] - [13"04'46] LEGGI-NUMERO
 [05/02/24] - [13"04'46] <=| USCITA NAMBAR
 [05/02/24] - [13"04'46] VALORIZZATO NUMERO 00002383
 [05/02/24] - [13"04'46] WRITE MTO-REC
 [05/02/24] - [13"04'46] WRITE MTO-RECSTATUS: 02
 [05/02/24] - [13"04'46] PRIMA SOST-ART00002383
 [05/02/24] - [13"04'46] DOPO SOST-ART00002383
 [05/02/24] - [13"04'46] VALORIZZA NUMERO
 [05/02/24] - [13"04'46] VALORIZZA-NUMERO
 [05/02/24] - [13"04'46] |=> INGRESSO NAMBAR
 [05/02/24] - [13"04'46] CHECK-ESISTENZA
 [05/02/24] - [13"04'46] LEGGI-NUMERO
 [05/02/24] - [13"04'46] <=| USCITA NAMBAR
 [05/02/24] - [13"04'46] VALORIZZATO NUMERO 00002384
 [05/02/24] - [13"04'46] WRITE MTO-REC
 [05/02/24] - [13"04'46] WRITE MTO-RECSTATUS: 02
 [05/02/24] - [13"04'46] PRIMA SOST-ART00002384
 [05/02/24] - [13"04'46] DOPO SOST-ART00002384
 [05/02/24] - [13"04'46] VALORIZZA NUMERO
 [05/02/24] - [13"04'46] VALORIZZA-NUMERO
 [05/02/24] - [13"04'46] |=> INGRESSO NAMBAR
 [05/02/24] - [13"04'47] CHECK-ESISTENZA
 [05/02/24] - [13"04'47] LEGGI-NUMERO
 [05/02/24] - [13"04'47] <=| USCITA NAMBAR
 [05/02/24] - [13"04'47] VALORIZZATO NUMERO 00002385
 [05/02/24] - [13"04'47] WRITE MTO-REC
 [05/02/24] - [13"04'47] WRITE MTO-RECSTATUS: 00
 [05/02/24] - [13"04'47] PRIMA SOST-ART00002385
 [05/02/24] - [13"04'47] DOPO SOST-ART00002385
 [05/02/24] - [13"04'47] VALORIZZA NUMERO
 [05/02/24] - [13"04'47] VALORIZZA-NUMERO
 [05/02/24] - [13"04'47] |=> INGRESSO NAMBAR
 [05/02/24] - [13"04'47] CHECK-ESISTENZA
 [05/02/24] - [13"04'47] LEGGI-NUMERO
 [05/02/24] - [13"04'47] <=| USCITA NAMBAR
 [05/02/24] - [13"04'47] VALORIZZATO NUMERO 00002386
 [05/02/24] - [13"04'47] WRITE MTO-REC
 [05/02/24] - [13"04'47] WRITE MTO-RECSTATUS: 02
 [05/02/24] - [13"04'47] PRIMA SOST-ART00002386
 [05/02/24] - [13"04'47] DOPO SOST-ART00002386
 [05/02/24] - [13"04'47] VALORIZZA NUMERO
 [05/02/24] - [13"04'47] VALORIZZA-NUMERO
 [05/02/24] - [13"04'47] |=> INGRESSO NAMBAR
 [05/02/24] - [13"04'47] CHECK-ESISTENZA
 [05/02/24] - [13"04'47] LEGGI-NUMERO
 [05/02/24] - [13"04'47] <=| USCITA NAMBAR
 [05/02/24] - [13"04'47] VALORIZZATO NUMERO 00002387
 [05/02/24] - [13"04'47] WRITE MTO-REC
 [05/02/24] - [13"04'47] WRITE MTO-RECSTATUS: 02
 [05/02/24] - [13"04'47] PRIMA SOST-ART00002387
 [05/02/24] - [13"04'47] DOPO SOST-ART00002387
 [05/02/24] - [13"04'47] FINE ATTIVA-ORDINI
 [05/02/24] - [13"04'47] GENERATI 009 DAL N. 00002379 - AL N. 00002387
 [05/02/24] - [13"04'47] |=> ELABORAZIONE ST-ORDINE-M. ANNO: 2024 - 00002379
 [05/02/24] - [13"04'47] APERTURA SPOOLER: \\srvdc01\Kyocera ECOSYS PA5500x KX
 [05/02/24] - [13"04'48] CHIUSURA SPOOLER
 [05/02/24] - [13"04'48] <=| USCITA PROGRAMMA
 [05/02/24] - [13"04'48] |=> ELABORAZIONE ST-ORDINE-M. ANNO: 2024 - 00002380
 [05/02/24] - [13"04'48] APERTURA SPOOLER: \\srvdc01\Kyocera ECOSYS PA5500x KX
 [05/02/24] - [13"04'48] CHIUSURA SPOOLER
 [05/02/24] - [13"04'48] <=| USCITA PROGRAMMA
 [05/02/24] - [13"04'48] |=> ELABORAZIONE ST-ORDINE-M. ANNO: 2024 - 00002381
 [05/02/24] - [13"04'48] APERTURA SPOOLER: \\srvdc01\Kyocera ECOSYS PA5500x KX
 [05/02/24] - [13"04'48] CHIUSURA SPOOLER
 [05/02/24] - [13"04'48] <=| USCITA PROGRAMMA
 [05/02/24] - [13"04'48] |=> ELABORAZIONE ST-ORDINE-M. ANNO: 2024 - 00002382
 [05/02/24] - [13"04'48] APERTURA SPOOLER: \\srvdc01\Kyocera ECOSYS PA5500x KX
 [05/02/24] - [13"04'48] CHIUSURA SPOOLER
 [05/02/24] - [13"04'48] <=| USCITA PROGRAMMA
 [05/02/24] - [13"04'48] |=> ELABORAZIONE ST-ORDINE-M. ANNO: 2024 - 00002383
 [05/02/24] - [13"04'48] APERTURA SPOOLER: \\srvdc01\Kyocera ECOSYS PA5500x KX
 [05/02/24] - [13"04'48] CHIUSURA SPOOLER
 [05/02/24] - [13"04'48] <=| USCITA PROGRAMMA
 [05/02/24] - [13"04'48] |=> ELABORAZIONE ST-ORDINE-M. ANNO: 2024 - 00002384
 [05/02/24] - [13"04'48] APERTURA SPOOLER: \\srvdc01\Kyocera ECOSYS PA5500x KX
 [05/02/24] - [13"04'48] CHIUSURA SPOOLER
 [05/02/24] - [13"04'48] <=| USCITA PROGRAMMA
 [05/02/24] - [13"04'48] |=> ELABORAZIONE ST-ORDINE-M. ANNO: 2024 - 00002385
 [05/02/24] - [13"04'48] APERTURA SPOOLER: \\srvdc01\Kyocera ECOSYS PA5500x KX
 [05/02/24] - [13"04'48] CHIUSURA SPOOLER
 [05/02/24] - [13"04'48] <=| USCITA PROGRAMMA
 [05/02/24] - [13"04'48] |=> ELABORAZIONE ST-ORDINE-M. ANNO: 2024 - 00002386
 [05/02/24] - [13"04'48] APERTURA SPOOLER: \\srvdc01\Kyocera ECOSYS PA5500x KX
 [05/02/24] - [13"04'48] CHIUSURA SPOOLER
 [05/02/24] - [13"04'48] <=| USCITA PROGRAMMA
 [05/02/24] - [13"04'48] |=> ELABORAZIONE ST-ORDINE-M. ANNO: 2024 - 00002387
 [05/02/24] - [13"04'48] APERTURA SPOOLER: \\srvdc01\Kyocera ECOSYS PA5500x KX
 [05/02/24] - [13"04'48] CHIUSURA SPOOLER
 [05/02/24] - [13"04'48] <=| USCITA PROGRAMMA
 [05/02/24] - [13"04'48] <=| USCITA EDI-SELORDINI
 [05/02/24] - [13"04'48] |=> INGRESSO EVACLI
 [05/02/24] - [13"04'48] PB-ESEGUI-LINKTO
 [05/02/24] - [13"04'48] RICHIAMO TPREV
 [05/02/24] - [13"04'49] EVASIONE SIN...
 [05/02/24] - [13"04'49] LOOP-MTORDINI
 [05/02/24] - [13"04'50] TOT MASTER TROVATI: 00638
 [05/02/24] - [13"04'50] CICLO-PROMO
 [05/02/24] - [13"04'52] CICLO-EVADIBILITA-PROMO
 [05/02/24] - [13"04'52] CICLO-BANCO
 [05/02/24] - [13"04'53] CICLO-EVADIBILITA-BANCO
 [05/02/24] - [13"04'53] RIEMPI-GD1
 [05/02/24] - [13"04'53] EVASIONE-INTERA
 [05/02/24] - [13"04'53] RIEMPI-GD3
 [05/02/24] - [13"04'54] RIEMPI-GD-RIEP
 [05/02/24] - [13"04'54] SPOSTAMENTO-1
 [05/02/24] - [13"04'54] GENERA-EVASIONI
 [05/02/24] - [13"04'54] VALORIZZA-NUMERO
 [05/02/24] - [13"04'54] |=> INGRESSO NAMBAR
 [05/02/24] - [13"04'54] CHECK-ESISTENZA
 [05/02/24] - [13"04'54] LEGGI-NUMERO
 [05/02/24] - [13"04'54] <=| USCITA NAMBAR
 [05/02/24] - [13"04'54] TROVA-PARAMETRO. CLIENTE: 07747 - DESTINO: 00002
 [05/02/24] - [13"04'54] GENERATA EVASIONE ANNO: 2024 - NUMERO: 00004690
 [05/02/24] - [13"04'54] SCRIVI-TESTA1
 [05/02/24] - [13"04'54] RIGA-EVASIONE
 [05/02/24] - [13"04'54] VALORIZZA-NUMERO
 [05/02/24] - [13"04'54] |=> INGRESSO NAMBAR
 [05/02/24] - [13"04'54] CHECK-ESISTENZA
 [05/02/24] - [13"04'54] LEGGI-NUMERO
 [05/02/24] - [13"04'54] <=| USCITA NAMBAR
 [05/02/24] - [13"04'54] TROVA-PARAMETRO. CLIENTE: 05525 - DESTINO: 03393
 [05/02/24] - [13"04'54] GENERATA EVASIONE ANNO: 2024 - NUMERO: 00004691
 [05/02/24] - [13"04'54] SCRIVI-TESTA1
 [05/02/24] - [13"04'54] RIGA-EVASIONE
 [05/02/24] - [13"04'54] VALORIZZA-NUMERO
 [05/02/24] - [13"04'54] |=> INGRESSO NAMBAR
 [05/02/24] - [13"04'54] CHECK-ESISTENZA
 [05/02/24] - [13"04'54] LEGGI-NUMERO
 [05/02/24] - [13"04'54] <=| USCITA NAMBAR
 [05/02/24] - [13"04'54] TROVA-PARAMETRO. CLIENTE: 05525 - DESTINO: 03298
 [05/02/24] - [13"04'54] GENERATA EVASIONE ANNO: 2024 - NUMERO: 00004692
 [05/02/24] - [13"04'54] SCRIVI-TESTA1
 [05/02/24] - [13"04'54] RIGA-EVASIONE
 [05/02/24] - [13"04'54] VALORIZZA-NUMERO
 [05/02/24] - [13"04'54] |=> INGRESSO NAMBAR
 [05/02/24] - [13"04'54] CHECK-ESISTENZA
 [05/02/24] - [13"04'54] LEGGI-NUMERO
 [05/02/24] - [13"04'54] <=| USCITA NAMBAR
 [05/02/24] - [13"04'54] TROVA-PARAMETRO. CLIENTE: 05525 - DESTINO: 03387
 [05/02/24] - [13"04'54] GENERATA EVASIONE ANNO: 2024 - NUMERO: 00004693
 [05/02/24] - [13"04'54] SCRIVI-TESTA1
 [05/02/24] - [13"04'54] RIGA-EVASIONE
 [05/02/24] - [13"04'54] RIGA-EVASIONE
 [05/02/24] - [13"04'54] RIGA-EVASIONE
 [05/02/24] - [13"04'54] VALORIZZA-NUMERO
 [05/02/24] - [13"04'54] |=> INGRESSO NAMBAR
 [05/02/24] - [13"04'54] CHECK-ESISTENZA
 [05/02/24] - [13"04'54] LEGGI-NUMERO
 [05/02/24] - [13"04'54] <=| USCITA NAMBAR
 [05/02/24] - [13"04'54] TROVA-PARAMETRO. CLIENTE: 05525 - DESTINO: 03358
 [05/02/24] - [13"04'54] GENERATA EVASIONE ANNO: 2024 - NUMERO: 00004694
 [05/02/24] - [13"04'54] SCRIVI-TESTA1
 [05/02/24] - [13"04'54] RIGA-EVASIONE
 [05/02/24] - [13"04'54] RIGA-EVASIONE
 [05/02/24] - [13"04'54] RIGA-EVASIONE
 [05/02/24] - [13"04'54] VALORIZZA-NUMERO
 [05/02/24] - [13"04'54] |=> INGRESSO NAMBAR
 [05/02/24] - [13"04'55] CHECK-ESISTENZA
 [05/02/24] - [13"04'55] LEGGI-NUMERO
 [05/02/24] - [13"04'55] <=| USCITA NAMBAR
 [05/02/24] - [13"04'55] TROVA-PARAMETRO. CLIENTE: 11827 - DESTINO: 00001
 [05/02/24] - [13"04'55] GENERATA EVASIONE ANNO: 2024 - NUMERO: 00004695
 [05/02/24] - [13"04'55] SCRIVI-TESTA1
 [05/02/24] - [13"04'55] RIGA-EVASIONE
 [05/02/24] - [13"04'55] VALORIZZA-NUMERO
 [05/02/24] - [13"04'55] |=> INGRESSO NAMBAR
 [05/02/24] - [13"04'55] CHECK-ESISTENZA
 [05/02/24] - [13"04'55] LEGGI-NUMERO
 [05/02/24] - [13"04'55] <=| USCITA NAMBAR
 [05/02/24] - [13"04'55] TROVA-PARAMETRO. CLIENTE: 08996 - DESTINO: 00002
 [05/02/24] - [13"04'55] GENERATA EVASIONE ANNO: 2024 - NUMERO: 00004696
 [05/02/24] - [13"04'55] SCRIVI-TESTA1
 [05/02/24] - [13"04'55] RIGA-EVASIONE
 [05/02/24] - [13"04'55] RIGA-EVASIONE
 [05/02/24] - [13"04'55] VALORIZZA-NUMERO
 [05/02/24] - [13"04'55] |=> INGRESSO NAMBAR
 [05/02/24] - [13"04'55] CHECK-ESISTENZA
 [05/02/24] - [13"04'55] LEGGI-NUMERO
 [05/02/24] - [13"04'55] <=| USCITA NAMBAR
 [05/02/24] - [13"04'55] TROVA-PARAMETRO. CLIENTE: 11730 - DESTINO: 00001
 [05/02/24] - [13"04'55] GENERATA EVASIONE ANNO: 2024 - NUMERO: 00004697
 [05/02/24] - [13"04'55] SCRIVI-TESTA1
 [05/02/24] - [13"04'55] RIGA-EVASIONE
 [05/02/24] - [13"04'55] VALORIZZA-NUMERO
 [05/02/24] - [13"04'55] |=> INGRESSO NAMBAR
 [05/02/24] - [13"04'55] CHECK-ESISTENZA
 [05/02/24] - [13"04'55] LEGGI-NUMERO
 [05/02/24] - [13"04'55] <=| USCITA NAMBAR
 [05/02/24] - [13"04'55] TROVA-PARAMETRO. CLIENTE: 10283 - DESTINO: 00001
 [05/02/24] - [13"04'55] GENERATA EVASIONE ANNO: 2024 - NUMERO: 00004698
 [05/02/24] - [13"04'55] SCRIVI-TESTA1
 [05/02/24] - [13"04'55] RIGA-EVASIONE
 [05/02/24] - [13"04'55] RIGA-EVASIONE
 [05/02/24] - [13"04'55] RIGA-EVASIONE
 [05/02/24] - [13"04'55] RIGA-EVASIONE
 [05/02/24] - [13"04'55] RIGA-EVASIONE
 [05/02/24] - [13"04'55] RIGA-EVASIONE
 [05/02/24] - [13"04'55] VALORIZZA-NUMERO
 [05/02/24] - [13"04'55] |=> INGRESSO NAMBAR
 [05/02/24] - [13"04'55] CHECK-ESISTENZA
 [05/02/24] - [13"04'55] LEGGI-NUMERO
 [05/02/24] - [13"04'55] <=| USCITA NAMBAR
 [05/02/24] - [13"04'55] TROVA-PARAMETRO. CLIENTE: 08829 - DESTINO: 00001
 [05/02/24] - [13"04'55] GENERATA EVASIONE ANNO: 2024 - NUMERO: 00004699
 [05/02/24] - [13"04'55] SCRIVI-TESTA1
 [05/02/24] - [13"04'55] RIGA-EVASIONE
 [05/02/24] - [13"04'55] RIGA-EVASIONE
 [05/02/24] - [13"04'55] RIGA-EVASIONE
 [05/02/24] - [13"04'55] RIGA-EVASIONE
 [05/02/24] - [13"04'55] RIGA-EVASIONE
 [05/02/24] - [13"04'55] VALORIZZA-NUMERO
 [05/02/24] - [13"04'55] |=> INGRESSO NAMBAR
 [05/02/24] - [13"04'56] CHECK-ESISTENZA
 [05/02/24] - [13"04'56] LEGGI-NUMERO
 [05/02/24] - [13"04'56] <=| USCITA NAMBAR
 [05/02/24] - [13"04'56] TROVA-PARAMETRO. CLIENTE: 13326 - DESTINO: 00001
 [05/02/24] - [13"04'56] GENERATA EVASIONE ANNO: 2024 - NUMERO: 00004700
 [05/02/24] - [13"04'56] SCRIVI-TESTA1
 [05/02/24] - [13"04'56] RIGA-EVASIONE
 [05/02/24] - [13"04'56] RIGA-EVASIONE
 [05/02/24] - [13"04'56] RIGA-EVASIONE
 [05/02/24] - [13"04'56] RIGA-EVASIONE
 [05/02/24] - [13"04'56] RIGA-EVASIONE
 [05/02/24] - [13"04'56] RIGA-EVASIONE
 [05/02/24] - [13"04'56] RIGA-EVASIONE
 [05/02/24] - [13"04'56] RIGA-EVASIONE
 [05/02/24] - [13"04'56] RIGA-EVASIONE
 [05/02/24] - [13"04'56] RIGA-EVASIONE
 [05/02/24] - [13"04'56] RIGA-EVASIONE
 [05/02/24] - [13"04'56] RIGA-EVASIONE
 [05/02/24] - [13"04'56] RIGA-EVASIONE
 [05/02/24] - [13"04'56] RIGA-EVASIONE
 [05/02/24] - [13"04'56] RIGA-EVASIONE
 [05/02/24] - [13"04'56] RIGA-EVASIONE
 [05/02/24] - [13"04'56] RIGA-EVASIONE
 [05/02/24] - [13"04'56] RIGA-EVASIONE
 [05/02/24] - [13"04'56] RIGA-EVASIONE
 [05/02/24] - [13"04'56] RIGA-EVASIONE
 [05/02/24] - [13"04'56] RIGA-EVASIONE
 [05/02/24] - [13"04'56] RIGA-EVASIONE
 [05/02/24] - [13"04'56] RIGA-EVASIONE
 [05/02/24] - [13"04'56] RIGA-EVASIONE
 [05/02/24] - [13"04'56] RIGA-EVASIONE
 [05/02/24] - [13"04'56] RIGA-EVASIONE
 [05/02/24] - [13"04'56] RIGA-EVASIONE
 [05/02/24] - [13"04'56] RIGA-EVASIONE
 [05/02/24] - [13"04'56] RIGA-EVASIONE
 [05/02/24] - [13"04'56] RIGA-EVASIONE
 [05/02/24] - [13"04'56] RIGA-EVASIONE
 [05/02/24] - [13"04'56] RIGA-EVASIONE
 [05/02/24] - [13"04'56] RIGA-EVASIONE
 [05/02/24] - [13"04'56] RIGA-EVASIONE
 [05/02/24] - [13"04'56] RIGA-EVASIONE
 [05/02/24] - [13"04'56] RIGA-EVASIONE
 [05/02/24] - [13"04'56] RIGA-EVASIONE
 [05/02/24] - [13"04'56] RIGA-EVASIONE
 [05/02/24] - [13"04'56] RIGA-EVASIONE
 [05/02/24] - [13"04'56] RIGA-EVASIONE
 [05/02/24] - [13"04'56] RIGA-EVASIONE
 [05/02/24] - [13"04'57] RIGA-EVASIONE
 [05/02/24] - [13"04'57] RIGA-EVASIONE
 [05/02/24] - [13"04'57] RIGA-EVASIONE
 [05/02/24] - [13"04'57] RIGA-EVASIONE
 [05/02/24] - [13"04'57] VALORIZZA-NUMERO
 [05/02/24] - [13"04'57] |=> INGRESSO NAMBAR
 [05/02/24] - [13"04'57] CHECK-ESISTENZA
 [05/02/24] - [13"04'57] LEGGI-NUMERO
 [05/02/24] - [13"04'57] <=| USCITA NAMBAR
 [05/02/24] - [13"04'57] TROVA-PARAMETRO. CLIENTE: 06603 - DESTINO: 00001
 [05/02/24] - [13"04'57] GENERATA EVASIONE ANNO: 2024 - NUMERO: 00004701
 [05/02/24] - [13"04'57] SCRIVI-TESTA1
 [05/02/24] - [13"04'57] RIGA-EVASIONE
 [05/02/24] - [13"04'57] RIGA-EVASIONE
 [05/02/24] - [13"04'57] RIGA-EVASIONE
 [05/02/24] - [13"04'57] VALORIZZA-NUMERO
 [05/02/24] - [13"04'57] |=> INGRESSO NAMBAR
 [05/02/24] - [13"04'57] CHECK-ESISTENZA
 [05/02/24] - [13"04'57] LEGGI-NUMERO
 [05/02/24] - [13"04'57] <=| USCITA NAMBAR
 [05/02/24] - [13"04'57] TROVA-PARAMETRO. CLIENTE: 08524 - DESTINO: 00001
 [05/02/24] - [13"04'57] GENERATA EVASIONE ANNO: 2024 - NUMERO: 00004702
 [05/02/24] - [13"04'57] SCRIVI-TESTA1
 [05/02/24] - [13"04'57] RIGA-EVASIONE
 [05/02/24] - [13"04'57] VALORIZZA-NUMERO
 [05/02/24] - [13"04'57] |=> INGRESSO NAMBAR
 [05/02/24] - [13"04'57] CHECK-ESISTENZA
 [05/02/24] - [13"04'57] LEGGI-NUMERO
 [05/02/24] - [13"04'57] <=| USCITA NAMBAR
 [05/02/24] - [13"04'57] TROVA-PARAMETRO. CLIENTE: 06908 - DESTINO: 00001
 [05/02/24] - [13"04'57] GENERATA EVASIONE ANNO: 2024 - NUMERO: 00004703
 [05/02/24] - [13"04'57] SCRIVI-TESTA1
 [05/02/24] - [13"04'57] RIGA-EVASIONE
 [05/02/24] - [13"04'57] RIGA-EVASIONE
 [05/02/24] - [13"04'57] RIGA-EVASIONE
 [05/02/24] - [13"04'57] VALORIZZA-NUMERO
 [05/02/24] - [13"04'57] |=> INGRESSO NAMBAR
 [05/02/24] - [13"04'57] CHECK-ESISTENZA
 [05/02/24] - [13"04'57] LEGGI-NUMERO
 [05/02/24] - [13"04'57] <=| USCITA NAMBAR
 [05/02/24] - [13"04'57] TROVA-PARAMETRO. CLIENTE: 03700 - DESTINO: 00003
 [05/02/24] - [13"04'57] GENERATA EVASIONE ANNO: 2024 - NUMERO: 00004704
 [05/02/24] - [13"04'57] SCRIVI-TESTA1
 [05/02/24] - [13"04'57] RIGA-EVASIONE
 [05/02/24] - [13"04'57] RIGA-EVASIONE
 [05/02/24] - [13"04'57] RIGA-EVASIONE
 [05/02/24] - [13"04'57] VALORIZZA-NUMERO
 [05/02/24] - [13"04'57] |=> INGRESSO NAMBAR
 [05/02/24] - [13"04'57] CHECK-ESISTENZA
 [05/02/24] - [13"04'57] LEGGI-NUMERO
 [05/02/24] - [13"04'57] <=| USCITA NAMBAR
 [05/02/24] - [13"04'57] TROVA-PARAMETRO. CLIENTE: 03700 - DESTINO: 00001
 [05/02/24] - [13"04'57] GENERATA EVASIONE ANNO: 2024 - NUMERO: 00004705
 [05/02/24] - [13"04'57] SCRIVI-TESTA1
 [05/02/24] - [13"04'57] RIGA-EVASIONE
 [05/02/24] - [13"04'57] RIGA-EVASIONE
 [05/02/24] - [13"04'57] RIGA-EVASIONE
 [05/02/24] - [13"04'57] RIGA-EVASIONE
 [05/02/24] - [13"04'57] RIGA-EVASIONE
 [05/02/24] - [13"04'57] VALORIZZA-NUMERO
 [05/02/24] - [13"04'57] |=> INGRESSO NAMBAR
 [05/02/24] - [13"04'57] CHECK-ESISTENZA
 [05/02/24] - [13"04'57] LEGGI-NUMERO
 [05/02/24] - [13"04'58] <=| USCITA NAMBAR
 [05/02/24] - [13"04'58] TROVA-PARAMETRO. CLIENTE: 03700 - DESTINO: 00004
 [05/02/24] - [13"04'58] GENERATA EVASIONE ANNO: 2024 - NUMERO: 00004706
 [05/02/24] - [13"04'58] SCRIVI-TESTA1
 [05/02/24] - [13"04'58] RIGA-EVASIONE
 [05/02/24] - [13"04'58] RIGA-EVASIONE
 [05/02/24] - [13"04'58] VALORIZZA-NUMERO
 [05/02/24] - [13"04'58] |=> INGRESSO NAMBAR
 [05/02/24] - [13"04'58] CHECK-ESISTENZA
 [05/02/24] - [13"04'58] LEGGI-NUMERO
 [05/02/24] - [13"04'58] <=| USCITA NAMBAR
 [05/02/24] - [13"04'58] TROVA-PARAMETRO. CLIENTE: 05958 - DESTINO: 00001
 [05/02/24] - [13"04'58] GENERATA EVASIONE ANNO: 2024 - NUMERO: 00004707
 [05/02/24] - [13"04'58] SCRIVI-TESTA1
 [05/02/24] - [13"04'58] RIGA-EVASIONE
 [05/02/24] - [13"04'58] RIGA-EVASIONE
 [05/02/24] - [13"04'58] RIGA-EVASIONE
 [05/02/24] - [13"04'58] RIGA-EVASIONE
 [05/02/24] - [13"04'58] VALORIZZA-NUMERO
 [05/02/24] - [13"04'58] |=> INGRESSO NAMBAR
 [05/02/24] - [13"04'58] CHECK-ESISTENZA
 [05/02/24] - [13"04'58] LEGGI-NUMERO
 [05/02/24] - [13"04'58] <=| USCITA NAMBAR
 [05/02/24] - [13"04'58] TROVA-PARAMETRO. CLIENTE: 05958 - DESTINO: 00001
 [05/02/24] - [13"04'58] GENERATA EVASIONE ANNO: 2024 - NUMERO: 00004708
 [05/02/24] - [13"04'58] SCRIVI-TESTA3
 [05/02/24] - [13"04'58] RIGA-EVASIONE
 [05/02/24] - [13"04'58] VALORIZZA-NUMERO
 [05/02/24] - [13"04'58] |=> INGRESSO NAMBAR
 [05/02/24] - [13"04'58] CHECK-ESISTENZA
 [05/02/24] - [13"04'58] LEGGI-NUMERO
 [05/02/24] - [13"04'58] <=| USCITA NAMBAR
 [05/02/24] - [13"04'58] TROVA-PARAMETRO. CLIENTE: 05635 - DESTINO: 00001
 [05/02/24] - [13"04'58] GENERATA EVASIONE ANNO: 2024 - NUMERO: 00004709
 [05/02/24] - [13"04'58] SCRIVI-TESTA1
 [05/02/24] - [13"04'58] RIGA-EVASIONE
 [05/02/24] - [13"04'58] VALORIZZA-NUMERO
 [05/02/24] - [13"04'58] |=> INGRESSO NAMBAR
 [05/02/24] - [13"04'58] CHECK-ESISTENZA
 [05/02/24] - [13"04'58] LEGGI-NUMERO
 [05/02/24] - [13"04'58] <=| USCITA NAMBAR
 [05/02/24] - [13"04'58] TROVA-PARAMETRO. CLIENTE: 04729 - DESTINO: 00001
 [05/02/24] - [13"04'58] GENERATA EVASIONE ANNO: 2024 - NUMERO: 00004710
 [05/02/24] - [13"04'58] SCRIVI-TESTA1
 [05/02/24] - [13"04'58] RIGA-EVASIONE
 [05/02/24] - [13"04'58] VALORIZZA-NUMERO
 [05/02/24] - [13"04'58] |=> INGRESSO NAMBAR
 [05/02/24] - [13"04'58] CHECK-ESISTENZA
 [05/02/24] - [13"04'58] LEGGI-NUMERO
 [05/02/24] - [13"04'58] <=| USCITA NAMBAR
 [05/02/24] - [13"04'58] TROVA-PARAMETRO. CLIENTE: 04207 - DESTINO: 00001
 [05/02/24] - [13"04'58] GENERATA EVASIONE ANNO: 2024 - NUMERO: 00004711
 [05/02/24] - [13"04'58] SCRIVI-TESTA1
 [05/02/24] - [13"04'58] RIGA-EVASIONE
 [05/02/24] - [13"04'58] RIGA-EVASIONE
 [05/02/24] - [13"04'58] RIGA-EVASIONE
 [05/02/24] - [13"04'58] RIGA-EVASIONE
 [05/02/24] - [13"04'58] RIGA-EVASIONE
 [05/02/24] - [13"04'58] RIGA-EVASIONE
 [05/02/24] - [13"04'58] RIGA-EVASIONE
 [05/02/24] - [13"04'58] VALORIZZA-NUMERO
 [05/02/24] - [13"04'58] |=> INGRESSO NAMBAR
 [05/02/24] - [13"04'58] CHECK-ESISTENZA
 [05/02/24] - [13"04'58] LEGGI-NUMERO
 [05/02/24] - [13"04'58] <=| USCITA NAMBAR
 [05/02/24] - [13"04'58] TROVA-PARAMETRO. CLIENTE: 12475 - DESTINO: 00001
 [05/02/24] - [13"04'58] GENERATA EVASIONE ANNO: 2024 - NUMERO: 00004712
 [05/02/24] - [13"04'58] SCRIVI-TESTA1
 [05/02/24] - [13"04'58] RIGA-EVASIONE
 [05/02/24] - [13"04'59] RIGA-EVASIONE
 [05/02/24] - [13"04'59] VALORIZZA-NUMERO
 [05/02/24] - [13"04'59] |=> INGRESSO NAMBAR
 [05/02/24] - [13"04'59] CHECK-ESISTENZA
 [05/02/24] - [13"04'59] LEGGI-NUMERO
 [05/02/24] - [13"04'59] <=| USCITA NAMBAR
 [05/02/24] - [13"04'59] TROVA-PARAMETRO. CLIENTE: 01206 - DESTINO: 00236
 [05/02/24] - [13"04'59] GENERATA EVASIONE ANNO: 2024 - NUMERO: 00004713
 [05/02/24] - [13"04'59] SCRIVI-TESTA1
 [05/02/24] - [13"04'59] RIGA-EVASIONE
 [05/02/24] - [13"04'59] RIGA-EVASIONE
 [05/02/24] - [13"04'59] RIGA-EVASIONE
 [05/02/24] - [13"04'59] RIGA-EVASIONE
 [05/02/24] - [13"04'59] VALORIZZA-NUMERO
 [05/02/24] - [13"04'59] |=> INGRESSO NAMBAR
 [05/02/24] - [13"04'59] CHECK-ESISTENZA
 [05/02/24] - [13"04'59] LEGGI-NUMERO
 [05/02/24] - [13"04'59] <=| USCITA NAMBAR
 [05/02/24] - [13"04'59] TROVA-PARAMETRO. CLIENTE: 01206 - DESTINO: 00240
 [05/02/24] - [13"04'59] GENERATA EVASIONE ANNO: 2024 - NUMERO: 00004714
 [05/02/24] - [13"04'59] SCRIVI-TESTA1
 [05/02/24] - [13"04'59] RIGA-EVASIONE
 [05/02/24] - [13"04'59] RIGA-EVASIONE
 [05/02/24] - [13"04'59] RIGA-EVASIONE
 [05/02/24] - [13"04'59] RIGA-EVASIONE
 [05/02/24] - [13"04'59] VALORIZZA-NUMERO
 [05/02/24] - [13"04'59] |=> INGRESSO NAMBAR
 [05/02/24] - [13"04'59] CHECK-ESISTENZA
 [05/02/24] - [13"04'59] LEGGI-NUMERO
 [05/02/24] - [13"04'59] <=| USCITA NAMBAR
 [05/02/24] - [13"04'59] TROVA-PARAMETRO. CLIENTE: 01206 - DESTINO: 00249
 [05/02/24] - [13"04'59] GENERATA EVASIONE ANNO: 2024 - NUMERO: 00004715
 [05/02/24] - [13"04'59] SCRIVI-TESTA1
 [05/02/24] - [13"04'59] RIGA-EVASIONE
 [05/02/24] - [13"04'59] RIGA-EVASIONE
 [05/02/24] - [13"04'59] RIGA-EVASIONE
 [05/02/24] - [13"04'59] RIGA-EVASIONE
 [05/02/24] - [13"04'59] RIGA-EVASIONE
 [05/02/24] - [13"04'59] RIGA-EVASIONE
 [05/02/24] - [13"04'59] VALORIZZA-NUMERO
 [05/02/24] - [13"04'59] |=> INGRESSO NAMBAR
 [05/02/24] - [13"04'59] CHECK-ESISTENZA
 [05/02/24] - [13"04'59] LEGGI-NUMERO
 [05/02/24] - [13"04'59] <=| USCITA NAMBAR
 [05/02/24] - [13"04'59] TROVA-PARAMETRO. CLIENTE: 01206 - DESTINO: 00234
 [05/02/24] - [13"04'59] GENERATA EVASIONE ANNO: 2024 - NUMERO: 00004716
 [05/02/24] - [13"04'59] SCRIVI-TESTA1
 [05/02/24] - [13"04'59] RIGA-EVASIONE
 [05/02/24] - [13"04'59] RIGA-EVASIONE
 [05/02/24] - [13"04'59] RIGA-EVASIONE
 [05/02/24] - [13"04'59] RIGA-EVASIONE
 [05/02/24] - [13"04'59] VALORIZZA-NUMERO
 [05/02/24] - [13"04'59] |=> INGRESSO NAMBAR
 [05/02/24] - [13"04'59] CHECK-ESISTENZA
 [05/02/24] - [13"04'59] LEGGI-NUMERO
 [05/02/24] - [13"04'59] <=| USCITA NAMBAR
 [05/02/24] - [13"04'59] TROVA-PARAMETRO. CLIENTE: 01206 - DESTINO: 00238
 [05/02/24] - [13"04'59] GENERATA EVASIONE ANNO: 2024 - NUMERO: 00004717
 [05/02/24] - [13"04'59] SCRIVI-TESTA1
 [05/02/24] - [13"04'59] RIGA-EVASIONE
 [05/02/24] - [13"04'59] RIGA-EVASIONE
 [05/02/24] - [13"05'00] RIGA-EVASIONE
 [05/02/24] - [13"05'00] VALORIZZA-NUMERO
 [05/02/24] - [13"05'00] |=> INGRESSO NAMBAR
 [05/02/24] - [13"05'00] CHECK-ESISTENZA
 [05/02/24] - [13"05'00] LEGGI-NUMERO
 [05/02/24] - [13"05'00] <=| USCITA NAMBAR
 [05/02/24] - [13"05'00] TROVA-PARAMETRO. CLIENTE: 01206 - DESTINO: 00238
 [05/02/24] - [13"05'00] GENERATA EVASIONE ANNO: 2024 - NUMERO: 00004718
 [05/02/24] - [13"05'00] SCRIVI-TESTA1
 [05/02/24] - [13"05'00] RIGA-EVASIONE
 [05/02/24] - [13"05'00] RIGA-EVASIONE
 [05/02/24] - [13"05'00] RIGA-EVASIONE
 [05/02/24] - [13"05'00] RIGA-EVASIONE
 [05/02/24] - [13"05'00] RIGA-EVASIONE
 [05/02/24] - [13"05'00] RIGA-EVASIONE
 [05/02/24] - [13"05'00] VALORIZZA-NUMERO
 [05/02/24] - [13"05'00] |=> INGRESSO NAMBAR
 [05/02/24] - [13"05'00] CHECK-ESISTENZA
 [05/02/24] - [13"05'00] LEGGI-NUMERO
 [05/02/24] - [13"05'00] <=| USCITA NAMBAR
 [05/02/24] - [13"05'00] TROVA-PARAMETRO. CLIENTE: 01206 - DESTINO: 00253
 [05/02/24] - [13"05'00] GENERATA EVASIONE ANNO: 2024 - NUMERO: 00004719
 [05/02/24] - [13"05'00] SCRIVI-TESTA1
 [05/02/24] - [13"05'00] RIGA-EVASIONE
 [05/02/24] - [13"05'00] RIGA-EVASIONE
 [05/02/24] - [13"05'00] RIGA-EVASIONE
 [05/02/24] - [13"05'00] RIGA-EVASIONE
 [05/02/24] - [13"05'00] VALORIZZA-NUMERO
 [05/02/24] - [13"05'00] |=> INGRESSO NAMBAR
 [05/02/24] - [13"05'00] CHECK-ESISTENZA
 [05/02/24] - [13"05'00] LEGGI-NUMERO
 [05/02/24] - [13"05'00] <=| USCITA NAMBAR
 [05/02/24] - [13"05'00] TROVA-PARAMETRO. CLIENTE: 01206 - DESTINO: 00248
 [05/02/24] - [13"05'00] GENERATA EVASIONE ANNO: 2024 - NUMERO: 00004720
 [05/02/24] - [13"05'00] SCRIVI-TESTA1
 [05/02/24] - [13"05'00] RIGA-EVASIONE
 [05/02/24] - [13"05'00] RIGA-EVASIONE
 [05/02/24] - [13"05'00] RIGA-EVASIONE
 [05/02/24] - [13"05'00] RIGA-EVASIONE
 [05/02/24] - [13"05'00] VALORIZZA-NUMERO
 [05/02/24] - [13"05'00] |=> INGRESSO NAMBAR
 [05/02/24] - [13"05'00] CHECK-ESISTENZA
 [05/02/24] - [13"05'00] LEGGI-NUMERO
 [05/02/24] - [13"05'00] <=| USCITA NAMBAR
 [05/02/24] - [13"05'00] TROVA-PARAMETRO. CLIENTE: 01206 - DESTINO: 00233
 [05/02/24] - [13"05'00] GENERATA EVASIONE ANNO: 2024 - NUMERO: 00004721
 [05/02/24] - [13"05'00] SCRIVI-TESTA1
 [05/02/24] - [13"05'00] RIGA-EVASIONE
 [05/02/24] - [13"05'00] RIGA-EVASIONE
 [05/02/24] - [13"05'00] RIGA-EVASIONE
 [05/02/24] - [13"05'00] VALORIZZA-NUMERO
 [05/02/24] - [13"05'00] |=> INGRESSO NAMBAR
 [05/02/24] - [13"05'00] CHECK-ESISTENZA
 [05/02/24] - [13"05'00] LEGGI-NUMERO
 [05/02/24] - [13"05'00] <=| USCITA NAMBAR
 [05/02/24] - [13"05'00] TROVA-PARAMETRO. CLIENTE: 01206 - DESTINO: 00241
 [05/02/24] - [13"05'00] GENERATA EVASIONE ANNO: 2024 - NUMERO: 00004722
 [05/02/24] - [13"05'00] SCRIVI-TESTA1
 [05/02/24] - [13"05'00] RIGA-EVASIONE
 [05/02/24] - [13"05'00] RIGA-EVASIONE
 [05/02/24] - [13"05'00] RIGA-EVASIONE
 [05/02/24] - [13"05'01] RIGA-EVASIONE
 [05/02/24] - [13"05'01] RIGA-EVASIONE
 [05/02/24] - [13"05'01] VALORIZZA-NUMERO
 [05/02/24] - [13"05'01] |=> INGRESSO NAMBAR
 [05/02/24] - [13"05'01] CHECK-ESISTENZA
 [05/02/24] - [13"05'01] LEGGI-NUMERO
 [05/02/24] - [13"05'01] <=| USCITA NAMBAR
 [05/02/24] - [13"05'01] TROVA-PARAMETRO. CLIENTE: 01206 - DESTINO: 00241
 [05/02/24] - [13"05'01] GENERATA EVASIONE ANNO: 2024 - NUMERO: 00004723
 [05/02/24] - [13"05'01] SCRIVI-TESTA1
 [05/02/24] - [13"05'01] RIGA-EVASIONE
 [05/02/24] - [13"05'01] RIGA-EVASIONE
 [05/02/24] - [13"05'01] RIGA-EVASIONE
 [05/02/24] - [13"05'01] RIGA-EVASIONE
 [05/02/24] - [13"05'01] RIGA-EVASIONE
 [05/02/24] - [13"05'01] RIGA-EVASIONE
 [05/02/24] - [13"05'01] RIGA-EVASIONE
 [05/02/24] - [13"05'01] RIGA-EVASIONE
 [05/02/24] - [13"05'01] RIGA-EVASIONE
 [05/02/24] - [13"05'01] RIGA-EVASIONE
 [05/02/24] - [13"05'01] VALORIZZA-NUMERO
 [05/02/24] - [13"05'01] |=> INGRESSO NAMBAR
 [05/02/24] - [13"05'01] CHECK-ESISTENZA
 [05/02/24] - [13"05'01] LEGGI-NUMERO
 [05/02/24] - [13"05'01] <=| USCITA NAMBAR
 [05/02/24] - [13"05'01] TROVA-PARAMETRO. CLIENTE: 01206 - DESTINO: 00261
 [05/02/24] - [13"05'01] GENERATA EVASIONE ANNO: 2024 - NUMERO: 00004724
 [05/02/24] - [13"05'01] SCRIVI-TESTA1
 [05/02/24] - [13"05'01] RIGA-EVASIONE
 [05/02/24] - [13"05'01] RIGA-EVASIONE
 [05/02/24] - [13"05'01] RIGA-EVASIONE
 [05/02/24] - [13"05'01] RIGA-EVASIONE
 [05/02/24] - [13"05'01] VALORIZZA-NUMERO
 [05/02/24] - [13"05'01] |=> INGRESSO NAMBAR
 [05/02/24] - [13"05'01] CHECK-ESISTENZA
 [05/02/24] - [13"05'01] LEGGI-NUMERO
 [05/02/24] - [13"05'01] <=| USCITA NAMBAR
 [05/02/24] - [13"05'01] TROVA-PARAMETRO. CLIENTE: 01206 - DESTINO: 00255
 [05/02/24] - [13"05'01] GENERATA EVASIONE ANNO: 2024 - NUMERO: 00004725
 [05/02/24] - [13"05'01] SCRIVI-TESTA1
 [05/02/24] - [13"05'01] RIGA-EVASIONE
 [05/02/24] - [13"05'01] RIGA-EVASIONE
 [05/02/24] - [13"05'01] RIGA-EVASIONE
 [05/02/24] - [13"05'01] VALORIZZA-NUMERO
 [05/02/24] - [13"05'01] |=> INGRESSO NAMBAR
 [05/02/24] - [13"05'01] CHECK-ESISTENZA
 [05/02/24] - [13"05'01] LEGGI-NUMERO
 [05/02/24] - [13"05'01] <=| USCITA NAMBAR
 [05/02/24] - [13"05'01] TROVA-PARAMETRO. CLIENTE: 01206 - DESTINO: 00237
 [05/02/24] - [13"05'01] GENERATA EVASIONE ANNO: 2024 - NUMERO: 00004726
 [05/02/24] - [13"05'01] SCRIVI-TESTA1
 [05/02/24] - [13"05'01] RIGA-EVASIONE
 [05/02/24] - [13"05'01] RIGA-EVASIONE
 [05/02/24] - [13"05'01] RIGA-EVASIONE
 [05/02/24] - [13"05'01] RIGA-EVASIONE
 [05/02/24] - [13"05'02] RIGA-EVASIONE
 [05/02/24] - [13"05'02] VALORIZZA-NUMERO
 [05/02/24] - [13"05'02] |=> INGRESSO NAMBAR
 [05/02/24] - [13"05'02] CHECK-ESISTENZA
 [05/02/24] - [13"05'02] LEGGI-NUMERO
 [05/02/24] - [13"05'02] <=| USCITA NAMBAR
 [05/02/24] - [13"05'02] TROVA-PARAMETRO. CLIENTE: 01206 - DESTINO: 00244
 [05/02/24] - [13"05'02] GENERATA EVASIONE ANNO: 2024 - NUMERO: 00004727
 [05/02/24] - [13"05'02] SCRIVI-TESTA1
 [05/02/24] - [13"05'02] RIGA-EVASIONE
 [05/02/24] - [13"05'02] RIGA-EVASIONE
 [05/02/24] - [13"05'02] RIGA-EVASIONE
 [05/02/24] - [13"05'02] VALORIZZA-NUMERO
 [05/02/24] - [13"05'02] |=> INGRESSO NAMBAR
 [05/02/24] - [13"05'02] CHECK-ESISTENZA
 [05/02/24] - [13"05'02] LEGGI-NUMERO
 [05/02/24] - [13"05'02] <=| USCITA NAMBAR
 [05/02/24] - [13"05'02] TROVA-PARAMETRO. CLIENTE: 01206 - DESTINO: 00235
 [05/02/24] - [13"05'02] GENERATA EVASIONE ANNO: 2024 - NUMERO: 00004728
 [05/02/24] - [13"05'02] SCRIVI-TESTA1
 [05/02/24] - [13"05'02] RIGA-EVASIONE
 [05/02/24] - [13"05'02] RIGA-EVASIONE
 [05/02/24] - [13"05'02] RIGA-EVASIONE
 [05/02/24] - [13"05'02] RIGA-EVASIONE
 [05/02/24] - [13"05'02] RIGA-EVASIONE
 [05/02/24] - [13"05'02] VALORIZZA-NUMERO
 [05/02/24] - [13"05'02] |=> INGRESSO NAMBAR
 [05/02/24] - [13"05'02] CHECK-ESISTENZA
 [05/02/24] - [13"05'02] LEGGI-NUMERO
 [05/02/24] - [13"05'02] <=| USCITA NAMBAR
 [05/02/24] - [13"05'02] TROVA-PARAMETRO. CLIENTE: 01206 - DESTINO: 00264
 [05/02/24] - [13"05'02] GENERATA EVASIONE ANNO: 2024 - NUMERO: 00004729
 [05/02/24] - [13"05'02] SCRIVI-TESTA1
 [05/02/24] - [13"05'02] RIGA-EVASIONE
 [05/02/24] - [13"05'02] RIGA-EVASIONE
 [05/02/24] - [13"05'02] RIGA-EVASIONE
 [05/02/24] - [13"05'02] RIGA-EVASIONE
 [05/02/24] - [13"05'02] RIGA-EVASIONE
 [05/02/24] - [13"05'02] VALORIZZA-NUMERO
 [05/02/24] - [13"05'02] |=> INGRESSO NAMBAR
 [05/02/24] - [13"05'02] CHECK-ESISTENZA
 [05/02/24] - [13"05'02] LEGGI-NUMERO
 [05/02/24] - [13"05'02] <=| USCITA NAMBAR
 [05/02/24] - [13"05'02] TROVA-PARAMETRO. CLIENTE: 01206 - DESTINO: 00243
 [05/02/24] - [13"05'02] GENERATA EVASIONE ANNO: 2024 - NUMERO: 00004730
 [05/02/24] - [13"05'02] SCRIVI-TESTA1
 [05/02/24] - [13"05'02] RIGA-EVASIONE
 [05/02/24] - [13"05'02] RIGA-EVASIONE
 [05/02/24] - [13"05'02] RIGA-EVASIONE
 [05/02/24] - [13"05'02] RIGA-EVASIONE
 [05/02/24] - [13"05'02] RIGA-EVASIONE
 [05/02/24] - [13"05'02] RIGA-EVASIONE
 [05/02/24] - [13"05'02] VALORIZZA-NUMERO
 [05/02/24] - [13"05'02] |=> INGRESSO NAMBAR
 [05/02/24] - [13"05'02] CHECK-ESISTENZA
 [05/02/24] - [13"05'02] LEGGI-NUMERO
 [05/02/24] - [13"05'02] <=| USCITA NAMBAR
 [05/02/24] - [13"05'02] TROVA-PARAMETRO. CLIENTE: 01206 - DESTINO: 00247
 [05/02/24] - [13"05'02] GENERATA EVASIONE ANNO: 2024 - NUMERO: 00004731
 [05/02/24] - [13"05'02] SCRIVI-TESTA1
 [05/02/24] - [13"05'03] RIGA-EVASIONE
 [05/02/24] - [13"05'03] RIGA-EVASIONE
 [05/02/24] - [13"05'03] RIGA-EVASIONE
 [05/02/24] - [13"05'03] RIGA-EVASIONE
 [05/02/24] - [13"05'03] RIGA-EVASIONE
 [05/02/24] - [13"05'03] VALORIZZA-NUMERO
 [05/02/24] - [13"05'03] |=> INGRESSO NAMBAR
 [05/02/24] - [13"05'03] CHECK-ESISTENZA
 [05/02/24] - [13"05'03] LEGGI-NUMERO
 [05/02/24] - [13"05'03] <=| USCITA NAMBAR
 [05/02/24] - [13"05'03] TROVA-PARAMETRO. CLIENTE: 01206 - DESTINO: 00256
 [05/02/24] - [13"05'03] GENERATA EVASIONE ANNO: 2024 - NUMERO: 00004732
 [05/02/24] - [13"05'03] SCRIVI-TESTA1
 [05/02/24] - [13"05'03] RIGA-EVASIONE
 [05/02/24] - [13"05'03] RIGA-EVASIONE
 [05/02/24] - [13"05'03] RIGA-EVASIONE
 [05/02/24] - [13"05'03] RIGA-EVASIONE
 [05/02/24] - [13"05'03] RIGA-EVASIONE
 [05/02/24] - [13"05'03] VALORIZZA-NUMERO
 [05/02/24] - [13"05'03] |=> INGRESSO NAMBAR
 [05/02/24] - [13"05'03] CHECK-ESISTENZA
 [05/02/24] - [13"05'03] LEGGI-NUMERO
 [05/02/24] - [13"05'03] <=| USCITA NAMBAR
 [05/02/24] - [13"05'03] TROVA-PARAMETRO. CLIENTE: 01206 - DESTINO: 00246
 [05/02/24] - [13"05'03] GENERATA EVASIONE ANNO: 2024 - NUMERO: 00004733
 [05/02/24] - [13"05'03] SCRIVI-TESTA1
 [05/02/24] - [13"05'03] RIGA-EVASIONE
 [05/02/24] - [13"05'03] RIGA-EVASIONE
 [05/02/24] - [13"05'03] RIGA-EVASIONE
 [05/02/24] - [13"05'03] RIGA-EVASIONE
 [05/02/24] - [13"05'03] VALORIZZA-NUMERO
 [05/02/24] - [13"05'03] |=> INGRESSO NAMBAR
 [05/02/24] - [13"05'03] CHECK-ESISTENZA
 [05/02/24] - [13"05'03] LEGGI-NUMERO
 [05/02/24] - [13"05'03] <=| USCITA NAMBAR
 [05/02/24] - [13"05'03] TROVA-PARAMETRO. CLIENTE: 01206 - DESTINO: 00232
 [05/02/24] - [13"05'03] GENERATA EVASIONE ANNO: 2024 - NUMERO: 00004734
 [05/02/24] - [13"05'03] SCRIVI-TESTA1
 [05/02/24] - [13"05'03] RIGA-EVASIONE
 [05/02/24] - [13"05'03] RIGA-EVASIONE
 [05/02/24] - [13"05'03] RIGA-EVASIONE
 [05/02/24] - [13"05'03] VALORIZZA-NUMERO
 [05/02/24] - [13"05'03] |=> INGRESSO NAMBAR
 [05/02/24] - [13"05'03] CHECK-ESISTENZA
 [05/02/24] - [13"05'03] LEGGI-NUMERO
 [05/02/24] - [13"05'03] <=| USCITA NAMBAR
 [05/02/24] - [13"05'03] TROVA-PARAMETRO. CLIENTE: 00123 - DESTINO: 00014
 [05/02/24] - [13"05'03] GENERATA EVASIONE ANNO: 2024 - NUMERO: 00004735
 [05/02/24] - [13"05'03] SCRIVI-TESTA1
 [05/02/24] - [13"05'03] RIGA-EVASIONE
 [05/02/24] - [13"05'03] VALORIZZA-NUMERO
 [05/02/24] - [13"05'03] |=> INGRESSO NAMBAR
 [05/02/24] - [13"05'04] CHECK-ESISTENZA
 [05/02/24] - [13"05'04] LEGGI-NUMERO
 [05/02/24] - [13"05'04] <=| USCITA NAMBAR
 [05/02/24] - [13"05'04] TROVA-PARAMETRO. CLIENTE: 00123 - DESTINO: 00004
 [05/02/24] - [13"05'04] GENERATA EVASIONE ANNO: 2024 - NUMERO: 00004736
 [05/02/24] - [13"05'04] SCRIVI-TESTA1
 [05/02/24] - [13"05'04] RIGA-EVASIONE
 [05/02/24] - [13"05'04] RIGA-EVASIONE
 [05/02/24] - [13"05'04] RIGA-EVASIONE
 [05/02/24] - [13"05'04] RIGA-EVASIONE
 [05/02/24] - [13"05'04] RIGA-EVASIONE
 [05/02/24] - [13"05'04] RIGA-EVASIONE
 [05/02/24] - [13"05'04] RIGA-EVASIONE
 [05/02/24] - [13"05'04] RIGA-EVASIONE
 [05/02/24] - [13"05'04] RIGA-EVASIONE
 [05/02/24] - [13"05'04] RIGA-EVASIONE
 [05/02/24] - [13"05'04] RIGA-EVASIONE
 [05/02/24] - [13"05'04] RIGA-EVASIONE
 [05/02/24] - [13"05'04] RIGA-EVASIONE
 [05/02/24] - [13"05'04] RIGA-EVASIONE
 [05/02/24] - [13"05'04] RIGA-EVASIONE
 [05/02/24] - [13"05'04] RIGA-EVASIONE
 [05/02/24] - [13"05'04] RIGA-EVASIONE
 [05/02/24] - [13"05'04] RIGA-EVASIONE
 [05/02/24] - [13"05'04] VALORIZZA-NUMERO
 [05/02/24] - [13"05'04] |=> INGRESSO NAMBAR
 [05/02/24] - [13"05'04] CHECK-ESISTENZA
 [05/02/24] - [13"05'04] LEGGI-NUMERO
 [05/02/24] - [13"05'04] <=| USCITA NAMBAR
 [05/02/24] - [13"05'04] TROVA-PARAMETRO. CLIENTE: 00123 - DESTINO: 00007
 [05/02/24] - [13"05'04] GENERATA EVASIONE ANNO: 2024 - NUMERO: 00004737
 [05/02/24] - [13"05'04] SCRIVI-TESTA1
 [05/02/24] - [13"05'04] RIGA-EVASIONE
 [05/02/24] - [13"05'04] RIGA-EVASIONE
 [05/02/24] - [13"05'04] RIGA-EVASIONE
 [05/02/24] - [13"05'04] RIGA-EVASIONE
 [05/02/24] - [13"05'04] RIGA-EVASIONE
 [05/02/24] - [13"05'04] RIGA-EVASIONE
 [05/02/24] - [13"05'04] RIGA-EVASIONE
 [05/02/24] - [13"05'04] RIGA-EVASIONE
 [05/02/24] - [13"05'04] RIGA-EVASIONE
 [05/02/24] - [13"05'04] RIGA-EVASIONE
 [05/02/24] - [13"05'04] RIGA-EVASIONE
 [05/02/24] - [13"05'04] RIGA-EVASIONE
 [05/02/24] - [13"05'04] RIGA-EVASIONE
 [05/02/24] - [13"05'04] RIGA-EVASIONE
 [05/02/24] - [13"05'04] RIGA-EVASIONE
 [05/02/24] - [13"05'04] RIGA-EVASIONE
 [05/02/24] - [13"05'04] RIGA-EVASIONE
 [05/02/24] - [13"05'04] RIGA-EVASIONE
 [05/02/24] - [13"05'05] RIGA-EVASIONE
 [05/02/24] - [13"05'05] RIGA-EVASIONE
 [05/02/24] - [13"05'05] VALORIZZA-NUMERO
 [05/02/24] - [13"05'05] |=> INGRESSO NAMBAR
 [05/02/24] - [13"05'05] CHECK-ESISTENZA
 [05/02/24] - [13"05'05] LEGGI-NUMERO
 [05/02/24] - [13"05'05] <=| USCITA NAMBAR
 [05/02/24] - [13"05'05] TROVA-PARAMETRO. CLIENTE: 00123 - DESTINO: 00008
 [05/02/24] - [13"05'05] GENERATA EVASIONE ANNO: 2024 - NUMERO: 00004738
 [05/02/24] - [13"05'05] SCRIVI-TESTA1
 [05/02/24] - [13"05'05] RIGA-EVASIONE
 [05/02/24] - [13"05'05] RIGA-EVASIONE
 [05/02/24] - [13"05'05] RIGA-EVASIONE
 [05/02/24] - [13"05'05] VALORIZZA-NUMERO
 [05/02/24] - [13"05'05] |=> INGRESSO NAMBAR
 [05/02/24] - [13"05'05] CHECK-ESISTENZA
 [05/02/24] - [13"05'05] LEGGI-NUMERO
 [05/02/24] - [13"05'05] <=| USCITA NAMBAR
 [05/02/24] - [13"05'05] TROVA-PARAMETRO. CLIENTE: 13278 - DESTINO: 00001
 [05/02/24] - [13"05'05] GENERATA EVASIONE ANNO: 2024 - NUMERO: 00004739
 [05/02/24] - [13"05'05] SCRIVI-TESTA1
 [05/02/24] - [13"05'05] RIGA-EVASIONE
 [05/02/24] - [13"05'05] VALORIZZA-NUMERO
 [05/02/24] - [13"05'05] |=> INGRESSO NAMBAR
 [05/02/24] - [13"05'05] CHECK-ESISTENZA
 [05/02/24] - [13"05'05] LEGGI-NUMERO
 [05/02/24] - [13"05'05] <=| USCITA NAMBAR
 [05/02/24] - [13"05'05] TROVA-PARAMETRO. CLIENTE: 08814 - DESTINO: 00001
 [05/02/24] - [13"05'05] GENERATA EVASIONE ANNO: 2024 - NUMERO: 00004740
 [05/02/24] - [13"05'05] SCRIVI-TESTA1
 [05/02/24] - [13"05'05] RIGA-EVASIONE
 [05/02/24] - [13"05'05] RIGA-EVASIONE
 [05/02/24] - [13"05'05] RIGA-EVASIONE
 [05/02/24] - [13"05'05] RIGA-EVASIONE
 [05/02/24] - [13"05'05] VALORIZZA-NUMERO
 [05/02/24] - [13"05'05] |=> INGRESSO NAMBAR
 [05/02/24] - [13"05'05] CHECK-ESISTENZA
 [05/02/24] - [13"05'05] LEGGI-NUMERO
 [05/02/24] - [13"05'05] <=| USCITA NAMBAR
 [05/02/24] - [13"05'05] TROVA-PARAMETRO. CLIENTE: 11648 - DESTINO: 00026
 [05/02/24] - [13"05'05] GENERATA EVASIONE ANNO: 2024 - NUMERO: 00004741
 [05/02/24] - [13"05'05] SCRIVI-TESTA1
 [05/02/24] - [13"05'05] RIGA-EVASIONE
 [05/02/24] - [13"05'05] VALORIZZA-NUMERO
 [05/02/24] - [13"05'05] |=> INGRESSO NAMBAR
 [05/02/24] - [13"05'05] CHECK-ESISTENZA
 [05/02/24] - [13"05'05] LEGGI-NUMERO
 [05/02/24] - [13"05'05] <=| USCITA NAMBAR
 [05/02/24] - [13"05'05] TROVA-PARAMETRO. CLIENTE: 12166 - DESTINO: 00001
 [05/02/24] - [13"05'05] GENERATA EVASIONE ANNO: 2024 - NUMERO: 00004742
 [05/02/24] - [13"05'05] SCRIVI-TESTA1
 [05/02/24] - [13"05'05] RIGA-EVASIONE
 [05/02/24] - [13"05'05] RIGA-EVASIONE
 [05/02/24] - [13"05'05] VALORIZZA-NUMERO
 [05/02/24] - [13"05'05] |=> INGRESSO NAMBAR
 [05/02/24] - [13"05'05] CHECK-ESISTENZA
 [05/02/24] - [13"05'05] LEGGI-NUMERO
 [05/02/24] - [13"05'05] <=| USCITA NAMBAR
 [05/02/24] - [13"05'05] TROVA-PARAMETRO. CLIENTE: 10469 - DESTINO: 00009
 [05/02/24] - [13"05'05] GENERATA EVASIONE ANNO: 2024 - NUMERO: 00004743
 [05/02/24] - [13"05'05] SCRIVI-TESTA1
 [05/02/24] - [13"05'05] RIGA-EVASIONE
 [05/02/24] - [13"05'05] VALORIZZA-NUMERO
 [05/02/24] - [13"05'05] |=> INGRESSO NAMBAR
 [05/02/24] - [13"05'05] CHECK-ESISTENZA
 [05/02/24] - [13"05'05] LEGGI-NUMERO
 [05/02/24] - [13"05'05] <=| USCITA NAMBAR
 [05/02/24] - [13"05'05] TROVA-PARAMETRO. CLIENTE: 01234 - DESTINO: 00012
 [05/02/24] - [13"05'05] GENERATA EVASIONE ANNO: 2024 - NUMERO: 00004744
 [05/02/24] - [13"05'05] SCRIVI-TESTA1
 [05/02/24] - [13"05'06] RIGA-EVASIONE
 [05/02/24] - [13"05'06] RIGA-EVASIONE
 [05/02/24] - [13"05'06] RIGA-EVASIONE
 [05/02/24] - [13"05'06] RIGA-EVASIONE
 [05/02/24] - [13"05'06] RIGA-EVASIONE
 [05/02/24] - [13"05'06] RIGA-EVASIONE
 [05/02/24] - [13"05'06] RIGA-EVASIONE
 [05/02/24] - [13"05'06] RIGA-EVASIONE
 [05/02/24] - [13"05'06] RIGA-EVASIONE
 [05/02/24] - [13"05'06] RIGA-EVASIONE
 [05/02/24] - [13"05'06] RIGA-EVASIONE
 [05/02/24] - [13"05'06] RIGA-EVASIONE
 [05/02/24] - [13"05'06] RIGA-EVASIONE
 [05/02/24] - [13"05'06] RIGA-EVASIONE
 [05/02/24] - [13"05'06] RIGA-EVASIONE
 [05/02/24] - [13"05'06] RIGA-EVASIONE
 [05/02/24] - [13"05'06] RIGA-EVASIONE
 [05/02/24] - [13"05'06] VALORIZZA-NUMERO
 [05/02/24] - [13"05'06] |=> INGRESSO NAMBAR
 [05/02/24] - [13"05'06] CHECK-ESISTENZA
 [05/02/24] - [13"05'06] LEGGI-NUMERO
 [05/02/24] - [13"05'06] <=| USCITA NAMBAR
 [05/02/24] - [13"05'06] TROVA-PARAMETRO. CLIENTE: 07587 - DESTINO: 00001
 [05/02/24] - [13"05'06] GENERATA EVASIONE ANNO: 2024 - NUMERO: 00004745
 [05/02/24] - [13"05'06] SCRIVI-TESTA1
 [05/02/24] - [13"05'06] RIGA-EVASIONE
 [05/02/24] - [13"05'06] VALORIZZA-NUMERO
 [05/02/24] - [13"05'06] |=> INGRESSO NAMBAR
 [05/02/24] - [13"05'06] CHECK-ESISTENZA
 [05/02/24] - [13"05'06] LEGGI-NUMERO
 [05/02/24] - [13"05'06] <=| USCITA NAMBAR
 [05/02/24] - [13"05'06] TROVA-PARAMETRO. CLIENTE: 11763 - DESTINO: 00001
 [05/02/24] - [13"05'06] GENERATA EVASIONE ANNO: 2024 - NUMERO: 00004746
 [05/02/24] - [13"05'06] SCRIVI-TESTA1
 [05/02/24] - [13"05'06] RIGA-EVASIONE
 [05/02/24] - [13"05'06] RIGA-EVASIONE
 [05/02/24] - [13"05'06] VALORIZZA-NUMERO
 [05/02/24] - [13"05'06] |=> INGRESSO NAMBAR
 [05/02/24] - [13"05'06] CHECK-ESISTENZA
 [05/02/24] - [13"05'06] LEGGI-NUMERO
 [05/02/24] - [13"05'06] <=| USCITA NAMBAR
 [05/02/24] - [13"05'06] TROVA-PARAMETRO. CLIENTE: 05262 - DESTINO: 00001
 [05/02/24] - [13"05'06] GENERATA EVASIONE ANNO: 2024 - NUMERO: 00004747
 [05/02/24] - [13"05'06] SCRIVI-TESTA1
 [05/02/24] - [13"05'06] RIGA-EVASIONE
 [05/02/24] - [13"05'06] VALORIZZA-NUMERO
 [05/02/24] - [13"05'06] |=> INGRESSO NAMBAR
 [05/02/24] - [13"05'06] CHECK-ESISTENZA
 [05/02/24] - [13"05'06] LEGGI-NUMERO
 [05/02/24] - [13"05'06] <=| USCITA NAMBAR
 [05/02/24] - [13"05'06] TROVA-PARAMETRO. CLIENTE: 06851 - DESTINO: 00001
 [05/02/24] - [13"05'06] GENERATA EVASIONE ANNO: 2024 - NUMERO: 00004748
 [05/02/24] - [13"05'06] SCRIVI-TESTA1
 [05/02/24] - [13"05'06] RIGA-EVASIONE
 [05/02/24] - [13"05'06] VALORIZZA-NUMERO
 [05/02/24] - [13"05'06] |=> INGRESSO NAMBAR
 [05/02/24] - [13"05'06] CHECK-ESISTENZA
 [05/02/24] - [13"05'06] LEGGI-NUMERO
 [05/02/24] - [13"05'07] <=| USCITA NAMBAR
 [05/02/24] - [13"05'07] TROVA-PARAMETRO. CLIENTE: 10553 - DESTINO: 00001
 [05/02/24] - [13"05'07] GENERATA EVASIONE ANNO: 2024 - NUMERO: 00004749
 [05/02/24] - [13"05'07] SCRIVI-TESTA1
 [05/02/24] - [13"05'07] RIGA-EVASIONE
 [05/02/24] - [13"05'07] RIGA-EVASIONE
 [05/02/24] - [13"05'07] VALORIZZA-NUMERO
 [05/02/24] - [13"05'07] |=> INGRESSO NAMBAR
 [05/02/24] - [13"05'07] CHECK-ESISTENZA
 [05/02/24] - [13"05'07] LEGGI-NUMERO
 [05/02/24] - [13"05'07] <=| USCITA NAMBAR
 [05/02/24] - [13"05'07] TROVA-PARAMETRO. CLIENTE: 03610 - DESTINO: 00219
 [05/02/24] - [13"05'07] GENERATA EVASIONE ANNO: 2024 - NUMERO: 00004750
 [05/02/24] - [13"05'07] SCRIVI-TESTA1
 [05/02/24] - [13"05'07] RIGA-EVASIONE
 [05/02/24] - [13"05'07] VALORIZZA-NUMERO
 [05/02/24] - [13"05'07] |=> INGRESSO NAMBAR
 [05/02/24] - [13"05'07] CHECK-ESISTENZA
 [05/02/24] - [13"05'07] LEGGI-NUMERO
 [05/02/24] - [13"05'07] <=| USCITA NAMBAR
 [05/02/24] - [13"05'07] TROVA-PARAMETRO. CLIENTE: 03610 - DESTINO: 00219
 [05/02/24] - [13"05'07] GENERATA EVASIONE ANNO: 2024 - NUMERO: 00004751
 [05/02/24] - [13"05'07] SCRIVI-TESTA1
 [05/02/24] - [13"05'07] RIGA-EVASIONE
 [05/02/24] - [13"05'07] RIGA-EVASIONE
 [05/02/24] - [13"05'07] RIGA-EVASIONE
 [05/02/24] - [13"05'07] RIGA-EVASIONE
 [05/02/24] - [13"05'07] VALORIZZA-NUMERO
 [05/02/24] - [13"05'07] |=> INGRESSO NAMBAR
 [05/02/24] - [13"05'07] CHECK-ESISTENZA
 [05/02/24] - [13"05'07] LEGGI-NUMERO
 [05/02/24] - [13"05'07] <=| USCITA NAMBAR
 [05/02/24] - [13"05'07] TROVA-PARAMETRO. CLIENTE: 03610 - DESTINO: 00793
 [05/02/24] - [13"05'07] GENERATA EVASIONE ANNO: 2024 - NUMERO: 00004752
 [05/02/24] - [13"05'07] SCRIVI-TESTA1
 [05/02/24] - [13"05'07] RIGA-EVASIONE
 [05/02/24] - [13"05'07] RIGA-EVASIONE
 [05/02/24] - [13"05'07] RIGA-EVASIONE
 [05/02/24] - [13"05'07] RIGA-EVASIONE
 [05/02/24] - [13"05'07] RIGA-EVASIONE
 [05/02/24] - [13"05'07] RIGA-EVASIONE
 [05/02/24] - [13"05'07] RIGA-EVASIONE
 [05/02/24] - [13"05'07] RIGA-EVASIONE
 [05/02/24] - [13"05'07] RIGA-EVASIONE
 [05/02/24] - [13"05'07] RIGA-EVASIONE
 [05/02/24] - [13"05'07] VALORIZZA-NUMERO
 [05/02/24] - [13"05'07] |=> INGRESSO NAMBAR
 [05/02/24] - [13"05'07] CHECK-ESISTENZA
 [05/02/24] - [13"05'07] LEGGI-NUMERO
 [05/02/24] - [13"05'07] <=| USCITA NAMBAR
 [05/02/24] - [13"05'07] TROVA-PARAMETRO. CLIENTE: 03610 - DESTINO: 00793
 [05/02/24] - [13"05'07] GENERATA EVASIONE ANNO: 2024 - NUMERO: 00004753
 [05/02/24] - [13"05'07] SCRIVI-TESTA1
 [05/02/24] - [13"05'07] RIGA-EVASIONE
 [05/02/24] - [13"05'07] RIGA-EVASIONE
 [05/02/24] - [13"05'07] VALORIZZA-NUMERO
 [05/02/24] - [13"05'07] |=> INGRESSO NAMBAR
 [05/02/24] - [13"05'07] CHECK-ESISTENZA
 [05/02/24] - [13"05'07] LEGGI-NUMERO
 [05/02/24] - [13"05'07] <=| USCITA NAMBAR
 [05/02/24] - [13"05'07] TROVA-PARAMETRO. CLIENTE: 03610 - DESTINO: 00793
 [05/02/24] - [13"05'07] GENERATA EVASIONE ANNO: 2024 - NUMERO: 00004754
 [05/02/24] - [13"05'07] SCRIVI-TESTA1
 [05/02/24] - [13"05'07] RIGA-EVASIONE
 [05/02/24] - [13"05'07] VALORIZZA-NUMERO
 [05/02/24] - [13"05'07] |=> INGRESSO NAMBAR
 [05/02/24] - [13"05'08] CHECK-ESISTENZA
 [05/02/24] - [13"05'08] LEGGI-NUMERO
 [05/02/24] - [13"05'08] <=| USCITA NAMBAR
 [05/02/24] - [13"05'08] TROVA-PARAMETRO. CLIENTE: 03610 - DESTINO: 00793
 [05/02/24] - [13"05'08] GENERATA EVASIONE ANNO: 2024 - NUMERO: 00004755
 [05/02/24] - [13"05'08] SCRIVI-TESTA1
 [05/02/24] - [13"05'08] RIGA-EVASIONE
 [05/02/24] - [13"05'08] RIGA-EVASIONE
 [05/02/24] - [13"05'08] RIGA-EVASIONE
 [05/02/24] - [13"05'08] RIGA-EVASIONE
 [05/02/24] - [13"05'08] RIGA-EVASIONE
 [05/02/24] - [13"05'08] RIGA-EVASIONE
 [05/02/24] - [13"05'08] RIGA-EVASIONE
 [05/02/24] - [13"05'08] RIGA-EVASIONE
 [05/02/24] - [13"05'08] RIGA-EVASIONE
 [05/02/24] - [13"05'08] RIGA-EVASIONE
 [05/02/24] - [13"05'08] RIGA-EVASIONE
 [05/02/24] - [13"05'08] RIGA-EVASIONE
 [05/02/24] - [13"05'08] RIGA-EVASIONE
 [05/02/24] - [13"05'08] RIGA-EVASIONE
 [05/02/24] - [13"05'08] RIGA-EVASIONE
 [05/02/24] - [13"05'08] RIGA-EVASIONE
 [05/02/24] - [13"05'08] RIGA-EVASIONE
 [05/02/24] - [13"05'08] VALORIZZA-NUMERO
 [05/02/24] - [13"05'08] |=> INGRESSO NAMBAR
 [05/02/24] - [13"05'08] CHECK-ESISTENZA
 [05/02/24] - [13"05'08] LEGGI-NUMERO
 [05/02/24] - [13"05'08] <=| USCITA NAMBAR
 [05/02/24] - [13"05'08] TROVA-PARAMETRO. CLIENTE: 03610 - DESTINO: 00793
 [05/02/24] - [13"05'08] GENERATA EVASIONE ANNO: 2024 - NUMERO: 00004756
 [05/02/24] - [13"05'08] SCRIVI-TESTA1
 [05/02/24] - [13"05'08] RIGA-EVASIONE
 [05/02/24] - [13"05'08] RIGA-EVASIONE
 [05/02/24] - [13"05'08] RIGA-EVASIONE
 [05/02/24] - [13"05'08] RIGA-EVASIONE
 [05/02/24] - [13"05'08] RIGA-EVASIONE
 [05/02/24] - [13"05'08] RIGA-EVASIONE
 [05/02/24] - [13"05'08] RIGA-EVASIONE
 [05/02/24] - [13"05'08] RIGA-EVASIONE
 [05/02/24] - [13"05'08] RIGA-EVASIONE
 [05/02/24] - [13"05'08] RIGA-EVASIONE
 [05/02/24] - [13"05'08] RIGA-EVASIONE
 [05/02/24] - [13"05'08] RIGA-EVASIONE
 [05/02/24] - [13"05'08] RIGA-EVASIONE
 [05/02/24] - [13"05'08] RIGA-EVASIONE
 [05/02/24] - [13"05'08] RIGA-EVASIONE
 [05/02/24] - [13"05'08] RIGA-EVASIONE
 [05/02/24] - [13"05'09] RIGA-EVASIONE
 [05/02/24] - [13"05'09] RIGA-EVASIONE
 [05/02/24] - [13"05'09] VALORIZZA-NUMERO
 [05/02/24] - [13"05'09] |=> INGRESSO NAMBAR
 [05/02/24] - [13"05'09] CHECK-ESISTENZA
 [05/02/24] - [13"05'09] LEGGI-NUMERO
 [05/02/24] - [13"05'09] <=| USCITA NAMBAR
 [05/02/24] - [13"05'09] TROVA-PARAMETRO. CLIENTE: 03610 - DESTINO: 00793
 [05/02/24] - [13"05'09] GENERATA EVASIONE ANNO: 2024 - NUMERO: 00004757
 [05/02/24] - [13"05'09] SCRIVI-TESTA1
 [05/02/24] - [13"05'09] RIGA-EVASIONE
 [05/02/24] - [13"05'09] RIGA-EVASIONE
 [05/02/24] - [13"05'09] RIGA-EVASIONE
 [05/02/24] - [13"05'09] RIGA-EVASIONE
 [05/02/24] - [13"05'09] RIGA-EVASIONE
 [05/02/24] - [13"05'09] RIGA-EVASIONE
 [05/02/24] - [13"05'09] RIGA-EVASIONE
 [05/02/24] - [13"05'09] RIGA-EVASIONE
 [05/02/24] - [13"05'09] RIGA-EVASIONE
 [05/02/24] - [13"05'09] RIGA-EVASIONE
 [05/02/24] - [13"05'09] RIGA-EVASIONE
 [05/02/24] - [13"05'09] RIGA-EVASIONE
 [05/02/24] - [13"05'09] RIGA-EVASIONE
 [05/02/24] - [13"05'09] RIGA-EVASIONE
 [05/02/24] - [13"05'09] RIGA-EVASIONE
 [05/02/24] - [13"05'09] RIGA-EVASIONE
 [05/02/24] - [13"05'09] RIGA-EVASIONE
 [05/02/24] - [13"05'09] RIGA-EVASIONE
 [05/02/24] - [13"05'09] RIGA-EVASIONE
 [05/02/24] - [13"05'09] RIGA-EVASIONE
 [05/02/24] - [13"05'09] RIGA-EVASIONE
 [05/02/24] - [13"05'09] RIGA-EVASIONE
 [05/02/24] - [13"05'09] RIGA-EVASIONE
 [05/02/24] - [13"05'09] RIGA-EVASIONE
 [05/02/24] - [13"05'09] RIGA-EVASIONE
 [05/02/24] - [13"05'09] RIGA-EVASIONE
 [05/02/24] - [13"05'09] RIGA-EVASIONE
 [05/02/24] - [13"05'09] RIGA-EVASIONE
 [05/02/24] - [13"05'09] RIGA-EVASIONE
 [05/02/24] - [13"05'09] RIGA-EVASIONE
 [05/02/24] - [13"05'09] VALORIZZA-NUMERO
 [05/02/24] - [13"05'09] |=> INGRESSO NAMBAR
 [05/02/24] - [13"05'09] CHECK-ESISTENZA
 [05/02/24] - [13"05'09] LEGGI-NUMERO
 [05/02/24] - [13"05'09] <=| USCITA NAMBAR
 [05/02/24] - [13"05'09] TROVA-PARAMETRO. CLIENTE: 03610 - DESTINO: 00793
 [05/02/24] - [13"05'09] GENERATA EVASIONE ANNO: 2024 - NUMERO: 00004758
 [05/02/24] - [13"05'09] SCRIVI-TESTA1
 [05/02/24] - [13"05'09] RIGA-EVASIONE
 [05/02/24] - [13"05'09] RIGA-EVASIONE
 [05/02/24] - [13"05'10] RIGA-EVASIONE
 [05/02/24] - [13"05'10] RIGA-EVASIONE
 [05/02/24] - [13"05'10] RIGA-EVASIONE
 [05/02/24] - [13"05'10] RIGA-EVASIONE
 [05/02/24] - [13"05'10] RIGA-EVASIONE
 [05/02/24] - [13"05'10] RIGA-EVASIONE
 [05/02/24] - [13"05'10] RIGA-EVASIONE
 [05/02/24] - [13"05'10] RIGA-EVASIONE
 [05/02/24] - [13"05'10] RIGA-EVASIONE
 [05/02/24] - [13"05'10] RIGA-EVASIONE
 [05/02/24] - [13"05'10] RIGA-EVASIONE
 [05/02/24] - [13"05'10] RIGA-EVASIONE
 [05/02/24] - [13"05'10] RIGA-EVASIONE
 [05/02/24] - [13"05'10] RIGA-EVASIONE
 [05/02/24] - [13"05'10] RIGA-EVASIONE
 [05/02/24] - [13"05'10] RIGA-EVASIONE
 [05/02/24] - [13"05'10] RIGA-EVASIONE
 [05/02/24] - [13"05'10] RIGA-EVASIONE
 [05/02/24] - [13"05'10] RIGA-EVASIONE
 [05/02/24] - [13"05'10] RIGA-EVASIONE
 [05/02/24] - [13"05'10] RIGA-EVASIONE
 [05/02/24] - [13"05'10] RIGA-EVASIONE
 [05/02/24] - [13"05'10] RIGA-EVASIONE
 [05/02/24] - [13"05'10] RIGA-EVASIONE
 [05/02/24] - [13"05'10] VALORIZZA-NUMERO
 [05/02/24] - [13"05'10] |=> INGRESSO NAMBAR
 [05/02/24] - [13"05'10] CHECK-ESISTENZA
 [05/02/24] - [13"05'10] LEGGI-NUMERO
 [05/02/24] - [13"05'10] <=| USCITA NAMBAR
 [05/02/24] - [13"05'10] TROVA-PARAMETRO. CLIENTE: 03610 - DESTINO: 00793
 [05/02/24] - [13"05'10] GENERATA EVASIONE ANNO: 2024 - NUMERO: 00004759
 [05/02/24] - [13"05'10] SCRIVI-TESTA1
 [05/02/24] - [13"05'10] RIGA-EVASIONE
 [05/02/24] - [13"05'10] RIGA-EVASIONE
 [05/02/24] - [13"05'10] RIGA-EVASIONE
 [05/02/24] - [13"05'10] RIGA-EVASIONE
 [05/02/24] - [13"05'10] RIGA-EVASIONE
 [05/02/24] - [13"05'10] RIGA-EVASIONE
 [05/02/24] - [13"05'10] RIGA-EVASIONE
 [05/02/24] - [13"05'10] RIGA-EVASIONE
 [05/02/24] - [13"05'10] RIGA-EVASIONE
 [05/02/24] - [13"05'10] RIGA-EVASIONE
 [05/02/24] - [13"05'10] RIGA-EVASIONE
 [05/02/24] - [13"05'11] RIGA-EVASIONE
 [05/02/24] - [13"05'11] RIGA-EVASIONE
 [05/02/24] - [13"05'11] RIGA-EVASIONE
 [05/02/24] - [13"05'11] RIGA-EVASIONE
 [05/02/24] - [13"05'11] RIGA-EVASIONE
 [05/02/24] - [13"05'11] RIGA-EVASIONE
 [05/02/24] - [13"05'11] RIGA-EVASIONE
 [05/02/24] - [13"05'11] RIGA-EVASIONE
 [05/02/24] - [13"05'11] RIGA-EVASIONE
 [05/02/24] - [13"05'11] RIGA-EVASIONE
 [05/02/24] - [13"05'11] RICHIAMO EVAOMAG
 [05/02/24] - [13"05'11] RICHIAMO EVACONTRAS
 [05/02/24] - [13"05'11] GENERATE EVASIONI PER: SIN DAL N.     4690 AL N.     4759 - TOTALE EVASIONI:         70 - UTENTE: MACROBATCH
 [05/02/24] - [13"05'11] AGGIORNA-STATO-MASTER
 [05/02/24] - [13"05'12] STAMPA EVASIONI - TIPOLOGIA CLIENTE: 14 - STAMPANTE: \\srvdc01\Kyocera ECOSYS PA5500x KX
 [05/02/24] - [13"05'12] STAMPA EVASIONI - TIPOLOGIA CLIENTE: 8  - STAMPANTE: \\srvdc01\Kyocera ECOSYS PA5500x KX
 [05/02/24] - [13"05'12] STAMPA EVASIONI - TIPOLOGIA CLIENTE: 1  - STAMPANTE: \\srvdc01\Kyocera ECOSYS PA5500x KX
 [05/02/24] - [13"05'12] STAMPA EVASIONI - TIPOLOGIA CLIENTE: 16 - STAMPANTE: \\srvdc01\Kyocera ECOSYS PA5500x KX
 [05/02/24] - [13"05'12] RICHIAMO TPREV
 [05/02/24] - [13"05'13] AGGIORNA-STATO-MASTER
 [05/02/24] - [13"05'14] <=| USCITA EVACLI
 [05/02/24] - [13"05'14] INVIO DELLA MAIL RIEPOLOGATIVA AVVENUTO
 [05/02/24] - [13"05'14] FINE PROCEDURA
