 [17/02/21] - [10"10'53] INIZIO PROCEDURA
 [17/02/21] - [10"10'53] |=> INGRESSO EDI-IMPORD
 [17/02/21] - [10"10'53] INIZIO ELABORAZIONE
 [17/02/21] - [10"10'53] CONTROLLO ESISTENZA CARTELLE OK
 [17/02/21] - [10"10'53] FILES TRATTATI: 000 - OK: 000 - NON ELABORATI: 000
 [17/02/21] - [10"10'53] *** ORDINI TRATTATI: 00000 di cui 00000 da verificare ****
 [17/02/21] - [10"10'53] ELABORAZIONE TERMINATA IN: 00 SECONDI
 [17/02/21] - [10"10'53] <=| USCITA EDI-IMPORD
 [17/02/21] - [10"11'05] |=> INGRESSO EDI-SELORDINI
 [17/02/21] - [10"11'06] VERIFICA ESEGUIBILITA'
 [17/02/21] - [10"11'06] AGGIORNAMENTO ORDINI
 [17/02/21] - [10"11'09] VERIFICA ESEGUIBILITA'
 [17/02/21] - [10"11'09] GENERAZIONE ORDINI
 [17/02/21] - [10"11'12] GENERATI 012 DAL N. 00002097 - AL N. 00002108
 [17/02/21] - [10"11'19] <=| USCITA EDI-SELORDINI
 [17/02/21] - [10"12'10] |=> INGRESSO EDI-SELORDINI
 [17/02/21] - [10"12'10] VERIFICA ESEGUIBILITA'
 [17/02/21] - [10"12'10] AGGIORNAMENTO ORDINI
 [17/02/21] - [10"12'11] VERIFICA ESEGUIBILITA'
 [17/02/21] - [10"12'11] GENERAZIONE ORDINI
 [17/02/21] - [10"12'11] NESSUN ORDINE GENERATO
 [17/02/21] - [10"12'11] <=| USCITA EDI-SELORDINI
 [17/02/21] - [10"12'11] |=> INGRESSO EVACLI
 [17/02/21] - [10"12'12] EVASIONE SIN...
