 [24/01/24] - [18"34'16] INIZIO PROCEDURA, INVIO MAIL
 [24/01/24] - [18"34'16] INVIO DELLA MAIL INIZIALE AVVENUTO
 [24/01/24] - [18"34'16] OPEN INPUT LOCK-DIV, STATUS: 00
 [24/01/24] - [18"34'16] OPEN OUTPUT LOCK-DIV, STATUS: 00
 [24/01/24] - [18"34'16] CHIUSURA SERVIZIO
 [24/01/24] - [18"34'21] |=> INGRESSO EVACLI
 [24/01/24] - [18"34'21] PB-ESEGUI-LINKTO
 [24/01/24] - [18"34'21] RICHIAMO TPREV
 [24/01/24] - [18"34'22] EVASIONE SIN...
 [24/01/24] - [18"34'22] LOOP-MTORDINI
 [24/01/24] - [18"34'22] TOT MASTER TROVATI: 00579
 [24/01/24] - [18"34'22] CICLO-PROMO
 [24/01/24] - [18"34'24] CICLO-EVADIBILITA-PROMO
 [24/01/24] - [18"34'24] CICLO-BANCO
 [24/01/24] - [18"34'25] CICLO-EVADIBILITA-BANCO
 [24/01/24] - [18"34'25] RIEMPI-GD1
 [24/01/24] - [18"34'25] EVASIONE-INTERA
 [24/01/24] - [18"34'25] RIEMPI-GD3
 [24/01/24] - [18"34'25] RIEMPI-GD-RIEP
 [24/01/24] - [18"34'25] SPOSTAMENTO-1
 [24/01/24] - [18"34'25] GENERA-EVASIONI
 [24/01/24] - [18"34'25] TROVA-PARAMETRO. CLIENTE: 01206 - DESTINO: 00236
 [24/01/24] - [18"34'25] GENERATA EVASIONE ANNO: 2024 - NUMERO: 00004626
 [24/01/24] - [18"34'25] SCRIVI-TESTA1
 [24/01/24] - [18"34'25] RIGA-EVASIONE
 [24/01/24] - [18"34'25] RIGA-EVASIONE
 [24/01/24] - [18"34'25] RIGA-EVASIONE
 [24/01/24] - [18"34'25] RIGA-EVASIONE
 [24/01/24] - [18"34'25] RICHIAMO EVAOMAG
 [24/01/24] - [18"34'25] RICHIAMO EVACONTRAS
 [24/01/24] - [18"34'25] GENERATE EVASIONI PER: SIN DAL N.     4626 AL N.     4626 - TOTALE EVASIONI:          1 - UTENTE: MACROBATCH
 [24/01/24] - [18"34'25] AGGIORNA-STATO-MASTER
 [24/01/24] - [18"34'25] STAMPA EVASIONI - TIPOLOGIA CLIENTE: 1  - STAMPANTE: \\srvdc01\Kyocera ECOSYS PA5500x KX
 [24/01/24] - [18"34'26] RICHIAMO TPREV
 [24/01/24] - [18"34'26] AGGIORNA-STATO-MASTER
 [24/01/24] - [18"34'26] <=| USCITA EVACLI
 [24/01/24] - [18"34'26] INVIO DELLA MAIL RIEPOLOGATIVA AVVENUTO
 [24/01/24] - [18"34'26] APERTURA SERVIZIO
 [24/01/24] - [18"34'31] FINE PROCEDURA
