 [03/03/20] - [21"35'40] INIZIO PROCEDURA
 [03/03/20] - [21"35'40] |=> INGRESSO EDI-IMPORD
 [03/03/20] - [21"35'40] <=| USCITA EDI-IMPORD
 [03/03/20] - [21"35'40] |=> INGRESSO EDI-SELORDINI
 [03/03/20] - [21"35'41] NESSUN ORDINE PRESENTE PER I LIMITI RICHIESTI
 [03/03/20] - [21"35'41] <=| USCITA EDI-SELORDINI
 [03/03/20] - [21"35'41] |=> INGRESSO EVACLI
 [03/03/20] - [21"35'41] <=| USCITA EVACLI
 [03/03/20] - [21"35'41] |=> INGRESSO SHI-EXP
 [03/03/20] - [21"35'41] CHECK CARTELLE...
 [03/03/20] - [21"35'41] CHECK CARTELLE OK
 [03/03/20] - [21"35'41] ESPORTAZIONE ORDINI...
 [03/03/20] - [21"35'41] ESPORTAZIONE ORDINI ERR
 [03/03/20] - [21"35'41] CONTROLLO SEMAFORO FTP...
 [03/03/20] - [21"35'41] CONTROLLO SEMAFORO FTP OK
 [03/03/20] - [21"35'41] ESPORTAZIONE FTP...
 [03/03/20] - [21"35'41] TRASMISSINE FTP FALLITA. CONSULTARE IL FILE LOG_FTPPER MAGGIORI DETTAGLI
 [03/03/20] - [21"35'41] DETTAGLI DI FUNZIONAMENTO: F:\Lubex\SHI\exportlog_20200303_21354160.txt
 [03/03/20] - [21"35'41] <=| USCITA SHI-EXP
 [03/03/20] - [21"35'41] INVIO MAIL. TENTATIVO N. 01
 [03/03/20] - [21"35'44] INVIO MAIL. TENTATIVO N. 02
 [03/03/20] - [21"35'44] INVIO MAIL. TENTATIVO N. 03
 [03/03/20] - [21"35'45] INVIO MAIL. TENTATIVO N. 04
 [03/03/20] - [21"35'45] INVIO MAIL. TENTATIVO N. 05
 [03/03/20] - [21"35'46] ERRORE DURANTE L'INVIO DELLA MAIL RIEPOLOGATIVA
 [03/03/20] - [21"35'46] FINE PROCEDURA
