 [26/10/23] - [12"33'27] INIZIO PROCEDURA, INVIO MAIL
 [26/10/23] - [12"33'28] INVIO MAIL. TENTATIVO N. 01
 [26/10/23] - [12"33'29] INVIO MAIL. TENTATIVO N. 02
 [26/10/23] - [12"33'29] INVIO MAIL. TENTATIVO N. 03
 [26/10/23] - [12"33'30] INVIO MAIL. TENTATIVO N. 04
 [26/10/23] - [12"33'30] INVIO MAIL. TENTATIVO N. 05
 [26/10/23] - [12"33'30] ERRORE DURANTE L'INVIO DELLA MAIL INIZIALE
 [26/10/23] - [12"33'30] |=> INGRESSO EDI-IMPORD
 [26/10/23] - [12"33'30] INIZIO ELABORAZIONE
 [26/10/23] - [12"33'30] CONTROLLO ESISTENZA CARTELLE OK
 [26/10/23] - [12"33'30] FILES TRATTATI: 000 - OK: 000 - NON ELABORATI: 000
 [26/10/23] - [12"33'30] *** ORDINI TRATTATI: 00000 di cui 00000 da verificare ****
 [26/10/23] - [12"33'30] ELABORAZIONE TERMINATA IN: 00 SECONDI
 [26/10/23] - [12"33'30] <=| USCITA EDI-IMPORD
 [26/10/23] - [12"33'30] |=> INGRESSO EDI-SELORDINI
 [26/10/23] - [12"33'31] VERIFICA ESEGUIBILITA'
 [26/10/23] - [12"33'31] AGGIORNAMENTO ORDINI
 [26/10/23] - [12"33'33] VERIFICA ESEGUIBILITA'
 [26/10/23] - [12"33'33] GENERAZIONE ORDINI
 [26/10/23] - [12"33'33] INIZIO ATTIVA-ORDINI
 [26/10/23] - [12"33'33] FINE ATTIVA-ORDINI
 [26/10/23] - [12"33'33] NESSUN ORDINE GENERATO
 [26/10/23] - [12"33'33] <=| USCITA EDI-SELORDINI
 [26/10/23] - [12"33'33] |=> INGRESSO EVACLI
 [26/10/23] - [12"33'33] RICHIAMO TPREV
 [26/10/23] - [12"33'34] EVASIONE SIN...
 [26/10/23] - [12"33'46] GENERATE EVASIONI PER: SIN DAL N.    66361 AL N.    66393 - TOTALE EVASIONI:         33 - UTENTE: MACROBATCH
 [26/10/23] - [12"33'46] AGGIORNA-STATO-MASTER
 [26/10/23] - [12"33'46] STAMPA EVASIONI - TIPOLOGIA CLIENTE: 14 - STAMPANTE: \\srvdc01\OKI-B512-FC4DD1
 [26/10/23] - [12"33'46] STAMPA EVASIONI - TIPOLOGIA CLIENTE: 8  - STAMPANTE: \\srvdc01\OKI-B512-FC4DD1
 [26/10/23] - [12"33'47] STAMPA EVASIONI - TIPOLOGIA CLIENTE: 1  - STAMPANTE: \\srvdc01\OKI-B512-FC4DD1
 [26/10/23] - [12"33'47] STAMPA EVASIONI - TIPOLOGIA CLIENTE: 16 - STAMPANTE: \\srvdc01\OKI-B512-FC4DD1
 [26/10/23] - [12"33'47] RICHIAMO TPREV
 [26/10/23] - [12"33'48] AGGIORNA-STATO-MASTER
 [26/10/23] - [12"33'48] <=| USCITA EVACLI
 [26/10/23] - [12"33'52] INVIO MAIL. TENTATIVO N. 01
 [26/10/23] - [12"33'53] INVIO MAIL. TENTATIVO N. 02
 [26/10/23] - [12"33'55] INVIO MAIL. TENTATIVO N. 03
 [26/10/23] - [12"33'56] INVIO MAIL. TENTATIVO N. 04
 [26/10/23] - [12"33'58] INVIO MAIL. TENTATIVO N. 05
 [26/10/23] - [12"33'58] ERRORE DURANTE L'INVIO DELLA MAIL RIEPOLOGATIVA
 [26/10/23] - [12"33'58] FINE PROCEDURA
