 [11/03/20] - [23"30'26] INIZIO PROCEDURA
 [11/03/20] - [23"30'26] |=> INGRESSO EDI-IMPORD
 [11/03/20] - [23"30'26] INIZIO ELABORAZIONE
 [11/03/20] - [23"30'26] CONTROLLO ESISTENZA CARTELLE OK
 [11/03/20] - [23"30'26] FILES TRATTATI: 000 - OK: 000 - NON ELABORATI: 000
 [11/03/20] - [23"30'26] *** ORDINI TRATTATI: 00000 di cui 00000 da verificare ****
 [11/03/20] - [23"30'26] ELABORAZIONE TERMINATA IN: 00 SECONDI
 [11/03/20] - [23"30'26] <=| USCITA EDI-IMPORD
 [11/03/20] - [23"30'26] |=> INGRESSO EDI-SELORDINI
 [11/03/20] - [23"30'26] NESSUN ORDINE PRESENTE PER I LIMITI RICHIESTI
 [11/03/20] - [23"30'26] <=| USCITA EDI-SELORDINI
 [11/03/20] - [23"30'26] |=> INGRESSO EVACLI
 [11/03/20] - [23"30'27] EVASIONE EXD...
 [11/03/20] - [23"30'27] NON CI SONO MASTER DA EVADERE PER EXD
 [11/03/20] - [23"30'27] EVASIONE SIN...
 [11/03/20] - [23"30'30] MASTER NON DISPOINILI ALL'EVASIONE PER SIN
 [11/03/20] - [23"30'30] EVASIONE SLI...
 [11/03/20] - [23"30'31] MASTER NON DISPOINILI ALL'EVASIONE PER SLI
 [11/03/20] - [23"30'32] EVASIONE SHI...
 [11/03/20] - [23"30'33] MASTER NON DISPOINILI ALL'EVASIONE PER SHI
 [11/03/20] - [23"30'33] EVASIONE GET...
 [11/03/20] - [23"30'34] NON CI SONO MASTER DA EVADERE PER GET
 [11/03/20] - [23"30'34] EVASIONE TRI...
 [11/03/20] - [23"30'35] MASTER NON DISPOINILI ALL'EVASIONE PER TRI
 [11/03/20] - [23"30'36] <=| USCITA EVACLI
 [11/03/20] - [23"30'36] |=> INGRESSO SHI-EXP
 [11/03/20] - [23"30'36] CHECK CARTELLE...
 [11/03/20] - [23"30'36] CHECK CARTELLE OK
 [11/03/20] - [23"30'36] ESPORTAZIONE ORDINI...
 [11/03/20] - [23"30'36] ESPORTAZIONE ORDINI ERR
 [11/03/20] - [23"30'36] CONTROLLO SEMAFORO FTP...
 [11/03/20] - [23"30'36] CONTROLLO SEMAFORO FTP OK
 [11/03/20] - [23"30'36] ESPORTAZIONE FTP...
 [11/03/20] - [23"30'36] TRASMISSINE FTP FALLITA. CONSULTARE IL FILE LOG_FTP PER MAGGIORI DETTAGLI
 [11/03/20] - [23"30'36] DETTAGLI DI FUNZIONAMENTO: F:\Lubex\SHI\exportlog_20200311_23303617.txt
 [11/03/20] - [23"30'36] <=| USCITA SHI-EXP
 [11/03/20] - [23"30'36] FINE PROCEDURA
