 [05/02/24] - [12"53'35] INIZIO PROCEDURA, INVIO MAIL
 [05/02/24] - [12"53'35] INVIO DELLA MAIL INIZIALE AVVENUTO
 [05/02/24] - [12"53'35] OPEN INPUT LOCK-DIV, STATUS: 00
 [05/02/24] - [12"53'35] OPEN OUTPUT LOCK-DIV, STATUS: 00
 [05/02/24] - [12"53'45] INIZIO COPIA ARCHIVI
 [05/02/24] - [12"53'45] mtordini  - INIZIO COPIA
 [05/02/24] - [12"53'54] mtordini  - COPIATI 48.864 RECORDS.
 [05/02/24] - [12"53'54] mrordini  - INIZIO COPIA
 [05/02/24] - [12"54'50] mrordini  - COPIATI 491.229 RECORDS.
 [05/02/24] - [12"54'50] tordini   - INIZIO COPIA
 [05/02/24] - [12"55'25] tordini   - COPIATI 56.423 RECORDS.
 [05/02/24] - [12"55'25] rordini   - INIZIO COPIA
 [05/02/24] - [12"56'22] rordini   - COPIATI 448.999 RECORDS.
 [05/02/24] - [12"56'22] tpromo    - INIZIO COPIA
 [05/02/24] - [12"56'23] tpromo    - COPIATI 8.126 RECORDS.
 [05/02/24] - [12"56'23] rpromo    - INIZIO COPIA
 [05/02/24] - [12"56'31] rpromo    - COPIATI 195.780 RECORDS.
 [05/02/24] - [12"56'31] tagli     - INIZIO COPIA
 [05/02/24] - [12"56'34] tagli     - COPIATI 55.096 RECORDS.
 [05/02/24] - [12"56'39] EDI-mtord - INIZIO COPIA
