 [02/10/20] - [23"01'17] INIZIO PROCEDURA
 [02/10/20] - [23"01'17] |=> INGRESSO EDI-IMPORD
 [02/10/20] - [23"01'18] INIZIO ELABORAZIONE
 [02/10/20] - [23"01'18] CONTROLLO ESISTENZA CARTELLE OK
 [02/10/20] - [23"01'18] FILES TRATTATI: 000 - OK: 000 - NON ELABORATI: 000
 [02/10/20] - [23"01'18] *** ORDINI TRATTATI: 00000 di cui 00000 da verificare ****
 [02/10/20] - [23"01'18] ELABORAZIONE TERMINATA IN: 00 SECONDI
 [02/10/20] - [23"01'18] <=| USCITA EDI-IMPORD
 [02/10/20] - [23"01'18] |=> INGRESSO EDI-SELORDINI
 [02/10/20] - [23"01'19] VERIFICA ESEGUIBILITA'
 [02/10/20] - [23"01'19] AGGIORNAMENTO ORDINI
 [02/10/20] - [23"01'26] VERIFICA ESEGUIBILITA'
 [02/10/20] - [23"01'26] GENERAZIONE ORDINI
 [02/10/20] - [23"01'27] GENERATI 001 DAL N. 00014055 - AL N. 00014055
 [02/10/20] - [23"01'30] <=| USCITA EDI-SELORDINI
 [02/10/20] - [23"01'46] |=> INGRESSO EVACLI
 [02/10/20] - [23"03'09] EVASIONE SIN...
 [02/10/20] - [23"03'18] GENERATE EVASIONI PER: SIN DAL N.    32803 AL N.    32820 - TOTALE EVASIONI:         18 - UTENTE: MACROBATCH
 [02/10/20] - [23"03'21] <=| USCITA EVACLI
 [02/10/20] - [23"03'24] |=> INGRESSO SHI-EXP
 [02/10/20] - [23"03'24] CHECK CARTELLE...
 [02/10/20] - [23"03'24] CHECK CARTELLE OK
 [02/10/20] - [23"03'24] ESPORTAZIONE ORDINI...
 [02/10/20] - [23"03'24] ESPORTAZIONE ORDINI ERR
 [02/10/20] - [23"03'24] CREAZIONE ORDINI...
 [02/10/20] - [23"03'24] CREAZIONE ORDINI OK
 [02/10/20] - [23"03'24] COPIA FILES
 [02/10/20] - [23"03'24] DETTAGLI DI FUNZIONAMENTO: F:\Lubex\geslux\shi\exportlog_20201002_23032442.txt
 [02/10/20] - [23"03'24] RIEPILOGO COLLI: F:\Lubex\GESLUX\SHI\InOut\Backup\RIEPILOGO_COLLI_20201002_23032442.txt
 [02/10/20] - [23"03'24] <=| USCITA SHI-EXP
 [02/10/20] - [23"03'24] INVIO MAIL. TENTATIVO N. 01
 [02/10/20] - [23"03'27] INVIO MAIL. TENTATIVO N. 02
 [02/10/20] - [23"03'27] INVIO MAIL. TENTATIVO N. 03
 [02/10/20] - [23"03'27] INVIO MAIL. TENTATIVO N. 04
 [02/10/20] - [23"03'28] INVIO MAIL. TENTATIVO N. 05
 [02/10/20] - [23"03'28] ERRORE DURANTE L'INVIO DELLA MAIL RIEPOLOGATIVA
 [02/10/20] - [23"03'28] FINE PROCEDURA
