 [19/02/21] - [22"59'45] INIZIO PROCEDURA
 [19/02/21] - [22"59'45] |=> INGRESSO EDI-IMPORD
 [19/02/21] - [22"59'45] INIZIO ELABORAZIONE
 [19/02/21] - [22"59'45] CONTROLLO ESISTENZA CARTELLE OK
 [19/02/21] - [22"59'45] FILES TRATTATI: 000 - OK: 000 - NON ELABORATI: 000
 [19/02/21] - [22"59'45] *** ORDINI TRATTATI: 00000 di cui 00000 da verificare ****
 [19/02/21] - [22"59'45] ELABORAZIONE TERMINATA IN: 00 SECONDI
 [19/02/21] - [22"59'45] <=| USCITA EDI-IMPORD
 [19/02/21] - [22"59'46] |=> INGRESSO EDI-SELORDINI
 [19/02/21] - [22"59'47] VERIFICA ESEGUIBILITA'
 [19/02/21] - [22"59'47] AGGIORNAMENTO ORDINI
 [19/02/21] - [22"59'50] VERIFICA ESEGUIBILITA'
 [19/02/21] - [22"59'50] GENERAZIONE ORDINI
 [19/02/21] - [22"59'53] GENERATI 010 DAL N. 00002094 - AL N. 00002103
 [19/02/21] - [22"59'59] <=| USCITA EDI-SELORDINI
 [19/02/21] - [23"00'04] |=> INGRESSO EVACLI
 [19/02/21] - [23"00'05] EVASIONE SIN...
 [19/02/21] - [23"00'36] GENERATE EVASIONI PER: SIN DAL N.     5399 AL N.     5463 - TOTALE EVASIONI:         65 - UTENTE: MACROBATCH
 [19/02/21] - [23"00'41] <=| USCITA EVACLI
 [19/02/21] - [23"01'48] ERRORE DURANTE L'INVIO DELLA MAIL RIEPOLOGATIVA
 [19/02/21] - [23"01'49] FINE PROCEDURA
