 [24/01/24] - [18"31'39] INIZIO PROCEDURA, INVIO MAIL
 [24/01/24] - [18"31'39] INVIO DELLA MAIL INIZIALE AVVENUTO
 [24/01/24] - [18"31'39] OPEN INPUT LOCK-DIV, STATUS: 00
 [24/01/24] - [18"31'39] OPEN OUTPUT LOCK-DIV, STATUS: 00
 [24/01/24] - [18"31'39] CHIUSURA SERVIZIO
 [24/01/24] - [18"31'44] |=> INGRESSO EVACLI
 [24/01/24] - [18"31'45] PB-ESEGUI-LINKTO
 [24/01/24] - [18"31'45] RICHIAMO TPREV
 [24/01/24] - [18"31'49] EVASIONE SIN...
 [24/01/24] - [18"31'49] LOOP-MTORDINI
 [24/01/24] - [18"31'55] TOT MASTER TROVATI: 00617
 [24/01/24] - [18"31'55] CICLO-PROMO
 [24/01/24] - [18"32'02] CICLO-EVADIBILITA-PROMO
 [24/01/24] - [18"32'02] CICLO-BANCO
 [24/01/24] - [18"32'02] CICLO-EVADIBILITA-BANCO
 [24/01/24] - [18"32'02] RIEMPI-GD1
 [24/01/24] - [18"32'03] EVASIONE-INTERA
 [24/01/24] - [18"32'03] RIEMPI-GD3
 [24/01/24] - [18"32'03] RIEMPI-GD-RIEP
 [24/01/24] - [18"32'03] SPOSTAMENTO-1
 [24/01/24] - [18"32'03] GENERA-EVASIONI
 [24/01/24] - [18"32'03] TROVA-PARAMETRO. CLIENTE: 11313 - DESTINO: 00002
 [24/01/24] - [18"32'03] GENERATA EVASIONE ANNO: 2024 - NUMERO: 00004545
 [24/01/24] - [18"32'03] SCRIVI-TESTA1
 [24/01/24] - [18"32'03] RIGA-EVASIONE
 [24/01/24] - [18"32'03] TROVA-PARAMETRO. CLIENTE: 05525 - DESTINO: 03367
 [24/01/24] - [18"32'03] GENERATA EVASIONE ANNO: 2024 - NUMERO: 00004546
 [24/01/24] - [18"32'03] SCRIVI-TESTA1
 [24/01/24] - [18"32'03] RIGA-EVASIONE
 [24/01/24] - [18"32'03] TROVA-PARAMETRO. CLIENTE: 11513 - DESTINO: 00001
 [24/01/24] - [18"32'03] GENERATA EVASIONE ANNO: 2024 - NUMERO: 00004547
 [24/01/24] - [18"32'03] SCRIVI-TESTA1
 [24/01/24] - [18"32'04] RIGA-EVASIONE
 [24/01/24] - [18"32'04] RIGA-EVASIONE
 [24/01/24] - [18"32'04] TROVA-PARAMETRO. CLIENTE: 13326 - DESTINO: 00001
 [24/01/24] - [18"32'04] GENERATA EVASIONE ANNO: 2024 - NUMERO: 00004548
 [24/01/24] - [18"32'04] SCRIVI-TESTA1
 [24/01/24] - [18"32'04] RIGA-EVASIONE
 [24/01/24] - [18"32'04] RIGA-EVASIONE
 [24/01/24] - [18"32'04] RIGA-EVASIONE
 [24/01/24] - [18"32'04] RIGA-EVASIONE
 [24/01/24] - [18"32'04] RIGA-EVASIONE
 [24/01/24] - [18"32'04] RIGA-EVASIONE
 [24/01/24] - [18"32'04] RIGA-EVASIONE
 [24/01/24] - [18"32'04] RIGA-EVASIONE
 [24/01/24] - [18"32'04] RIGA-EVASIONE
 [24/01/24] - [18"32'04] RIGA-EVASIONE
 [24/01/24] - [18"32'04] RIGA-EVASIONE
 [24/01/24] - [18"32'04] RIGA-EVASIONE
 [24/01/24] - [18"32'04] RIGA-EVASIONE
 [24/01/24] - [18"32'04] RIGA-EVASIONE
 [24/01/24] - [18"32'04] RIGA-EVASIONE
 [24/01/24] - [18"32'04] RIGA-EVASIONE
 [24/01/24] - [18"32'04] RIGA-EVASIONE
 [24/01/24] - [18"32'04] RIGA-EVASIONE
 [24/01/24] - [18"32'04] RIGA-EVASIONE
 [24/01/24] - [18"32'04] RIGA-EVASIONE
 [24/01/24] - [18"32'04] RIGA-EVASIONE
 [24/01/24] - [18"32'04] RIGA-EVASIONE
 [24/01/24] - [18"32'04] RIGA-EVASIONE
 [24/01/24] - [18"32'04] RIGA-EVASIONE
 [24/01/24] - [18"32'04] RIGA-EVASIONE
 [24/01/24] - [18"32'04] RIGA-EVASIONE
 [24/01/24] - [18"32'04] RIGA-EVASIONE
 [24/01/24] - [18"32'04] RIGA-EVASIONE
 [24/01/24] - [18"32'04] RIGA-EVASIONE
 [24/01/24] - [18"32'04] RIGA-EVASIONE
 [24/01/24] - [18"32'05] RIGA-EVASIONE
 [24/01/24] - [18"32'05] RIGA-EVASIONE
 [24/01/24] - [18"32'05] RIGA-EVASIONE
 [24/01/24] - [18"32'05] RIGA-EVASIONE
 [24/01/24] - [18"32'05] RIGA-EVASIONE
 [24/01/24] - [18"32'05] RIGA-EVASIONE
 [24/01/24] - [18"32'05] RIGA-EVASIONE
 [24/01/24] - [18"32'05] RIGA-EVASIONE
 [24/01/24] - [18"32'05] RIGA-EVASIONE
 [24/01/24] - [18"32'05] RIGA-EVASIONE
 [24/01/24] - [18"32'05] RIGA-EVASIONE
 [24/01/24] - [18"32'05] RIGA-EVASIONE
 [24/01/24] - [18"32'05] RIGA-EVASIONE
 [24/01/24] - [18"32'05] RIGA-EVASIONE
 [24/01/24] - [18"32'05] RIGA-EVASIONE
 [24/01/24] - [18"32'05] TROVA-PARAMETRO. CLIENTE: 03595 - DESTINO: 00001
 [24/01/24] - [18"32'05] GENERATA EVASIONE ANNO: 2024 - NUMERO: 00004549
 [24/01/24] - [18"32'05] SCRIVI-TESTA1
 [24/01/24] - [18"32'05] RIGA-EVASIONE
 [24/01/24] - [18"32'05] RIGA-EVASIONE
 [24/01/24] - [18"32'05] TROVA-PARAMETRO. CLIENTE: 00294 - DESTINO: 00024
 [24/01/24] - [18"32'05] GENERATA EVASIONE ANNO: 2024 - NUMERO: 00004550
 [24/01/24] - [18"32'05] SCRIVI-TESTA1
 [24/01/24] - [18"32'05] RIGA-EVASIONE
 [24/01/24] - [18"32'05] TROVA-PARAMETRO. CLIENTE: 10562 - DESTINO: 00001
 [24/01/24] - [18"32'05] GENERATA EVASIONE ANNO: 2024 - NUMERO: 00004551
 [24/01/24] - [18"32'05] SCRIVI-TESTA1
 [24/01/24] - [18"32'05] RIGA-EVASIONE
 [24/01/24] - [18"32'05] TROVA-PARAMETRO. CLIENTE: 01206 - DESTINO: 00236
 [24/01/24] - [18"32'05] GENERATA EVASIONE ANNO: 2024 - NUMERO: 00004552
 [24/01/24] - [18"32'05] SCRIVI-TESTA1
 [24/01/24] - [18"32'05] RIGA-EVASIONE
 [24/01/24] - [18"32'05] RIGA-EVASIONE
 [24/01/24] - [18"32'05] RIGA-EVASIONE
 [24/01/24] - [18"32'05] RIGA-EVASIONE
 [24/01/24] - [18"32'05] TROVA-PARAMETRO. CLIENTE: 01206 - DESTINO: 00240
 [24/01/24] - [18"32'05] GENERATA EVASIONE ANNO: 2024 - NUMERO: 00004553
 [24/01/24] - [18"32'05] SCRIVI-TESTA1
 [24/01/24] - [18"32'05] RIGA-EVASIONE
 [24/01/24] - [18"32'05] RIGA-EVASIONE
 [24/01/24] - [18"32'05] RIGA-EVASIONE
 [24/01/24] - [18"32'05] RIGA-EVASIONE
 [24/01/24] - [18"32'05] TROVA-PARAMETRO. CLIENTE: 01206 - DESTINO: 00249
 [24/01/24] - [18"32'05] GENERATA EVASIONE ANNO: 2024 - NUMERO: 00004554
 [24/01/24] - [18"32'05] SCRIVI-TESTA1
 [24/01/24] - [18"32'05] RIGA-EVASIONE
 [24/01/24] - [18"32'05] RIGA-EVASIONE
 [24/01/24] - [18"32'05] RIGA-EVASIONE
 [24/01/24] - [18"32'05] RIGA-EVASIONE
 [24/01/24] - [18"32'06] RIGA-EVASIONE
 [24/01/24] - [18"32'06] RIGA-EVASIONE
 [24/01/24] - [18"32'06] TROVA-PARAMETRO. CLIENTE: 01206 - DESTINO: 00234
 [24/01/24] - [18"32'06] GENERATA EVASIONE ANNO: 2024 - NUMERO: 00004555
 [24/01/24] - [18"32'06] SCRIVI-TESTA1
 [24/01/24] - [18"32'06] RIGA-EVASIONE
 [24/01/24] - [18"32'06] RIGA-EVASIONE
 [24/01/24] - [18"32'06] RIGA-EVASIONE
 [24/01/24] - [18"32'06] RIGA-EVASIONE
 [24/01/24] - [18"32'06] TROVA-PARAMETRO. CLIENTE: 01206 - DESTINO: 00238
 [24/01/24] - [18"32'06] GENERATA EVASIONE ANNO: 2024 - NUMERO: 00004556
 [24/01/24] - [18"32'06] SCRIVI-TESTA1
 [24/01/24] - [18"32'06] RIGA-EVASIONE
 [24/01/24] - [18"32'06] RIGA-EVASIONE
 [24/01/24] - [18"32'06] RIGA-EVASIONE
 [24/01/24] - [18"32'06] TROVA-PARAMETRO. CLIENTE: 01206 - DESTINO: 00253
 [24/01/24] - [18"32'06] GENERATA EVASIONE ANNO: 2024 - NUMERO: 00004557
 [24/01/24] - [18"32'06] SCRIVI-TESTA1
 [24/01/24] - [18"32'06] RIGA-EVASIONE
 [24/01/24] - [18"32'06] RIGA-EVASIONE
 [24/01/24] - [18"32'06] RIGA-EVASIONE
 [24/01/24] - [18"32'06] RIGA-EVASIONE
 [24/01/24] - [18"32'06] TROVA-PARAMETRO. CLIENTE: 01206 - DESTINO: 00248
 [24/01/24] - [18"32'06] GENERATA EVASIONE ANNO: 2024 - NUMERO: 00004558
 [24/01/24] - [18"32'06] SCRIVI-TESTA1
 [24/01/24] - [18"32'06] RIGA-EVASIONE
 [24/01/24] - [18"32'06] RIGA-EVASIONE
 [24/01/24] - [18"32'06] RIGA-EVASIONE
 [24/01/24] - [18"32'06] RIGA-EVASIONE
 [24/01/24] - [18"32'06] TROVA-PARAMETRO. CLIENTE: 01206 - DESTINO: 00233
 [24/01/24] - [18"32'06] GENERATA EVASIONE ANNO: 2024 - NUMERO: 00004559
 [24/01/24] - [18"32'06] SCRIVI-TESTA1
 [24/01/24] - [18"32'06] RIGA-EVASIONE
 [24/01/24] - [18"32'06] RIGA-EVASIONE
 [24/01/24] - [18"32'06] RIGA-EVASIONE
 [24/01/24] - [18"32'06] TROVA-PARAMETRO. CLIENTE: 01206 - DESTINO: 00241
 [24/01/24] - [18"32'06] GENERATA EVASIONE ANNO: 2024 - NUMERO: 00004560
 [24/01/24] - [18"32'06] SCRIVI-TESTA1
 [24/01/24] - [18"32'06] RIGA-EVASIONE
 [24/01/24] - [18"32'06] RIGA-EVASIONE
 [24/01/24] - [18"32'06] RIGA-EVASIONE
 [24/01/24] - [18"32'06] RIGA-EVASIONE
 [24/01/24] - [18"32'06] RIGA-EVASIONE
 [24/01/24] - [18"32'06] TROVA-PARAMETRO. CLIENTE: 01206 - DESTINO: 00261
 [24/01/24] - [18"32'06] GENERATA EVASIONE ANNO: 2024 - NUMERO: 00004561
 [24/01/24] - [18"32'06] SCRIVI-TESTA1
 [24/01/24] - [18"32'06] RIGA-EVASIONE
 [24/01/24] - [18"32'06] RIGA-EVASIONE
 [24/01/24] - [18"32'06] RIGA-EVASIONE
 [24/01/24] - [18"32'06] RIGA-EVASIONE
 [24/01/24] - [18"32'06] TROVA-PARAMETRO. CLIENTE: 01206 - DESTINO: 00255
 [24/01/24] - [18"32'06] GENERATA EVASIONE ANNO: 2024 - NUMERO: 00004562
 [24/01/24] - [18"32'06] SCRIVI-TESTA1
 [24/01/24] - [18"32'06] RIGA-EVASIONE
 [24/01/24] - [18"32'06] RIGA-EVASIONE
 [24/01/24] - [18"32'06] RIGA-EVASIONE
 [24/01/24] - [18"32'07] TROVA-PARAMETRO. CLIENTE: 01206 - DESTINO: 00237
 [24/01/24] - [18"32'07] GENERATA EVASIONE ANNO: 2024 - NUMERO: 00004563
 [24/01/24] - [18"32'07] SCRIVI-TESTA1
 [24/01/24] - [18"32'07] RIGA-EVASIONE
 [24/01/24] - [18"32'07] RIGA-EVASIONE
 [24/01/24] - [18"32'07] RIGA-EVASIONE
 [24/01/24] - [18"32'07] RIGA-EVASIONE
 [24/01/24] - [18"32'07] RIGA-EVASIONE
 [24/01/24] - [18"32'07] TROVA-PARAMETRO. CLIENTE: 01206 - DESTINO: 00244
 [24/01/24] - [18"32'07] GENERATA EVASIONE ANNO: 2024 - NUMERO: 00004564
 [24/01/24] - [18"32'07] SCRIVI-TESTA1
 [24/01/24] - [18"32'07] RIGA-EVASIONE
 [24/01/24] - [18"32'07] RIGA-EVASIONE
 [24/01/24] - [18"32'07] RIGA-EVASIONE
 [24/01/24] - [18"32'07] TROVA-PARAMETRO. CLIENTE: 01206 - DESTINO: 00235
 [24/01/24] - [18"32'07] GENERATA EVASIONE ANNO: 2024 - NUMERO: 00004565
 [24/01/24] - [18"32'07] SCRIVI-TESTA1
 [24/01/24] - [18"32'07] RIGA-EVASIONE
 [24/01/24] - [18"32'07] RIGA-EVASIONE
 [24/01/24] - [18"32'07] RIGA-EVASIONE
 [24/01/24] - [18"32'07] RIGA-EVASIONE
 [24/01/24] - [18"32'07] RIGA-EVASIONE
 [24/01/24] - [18"32'07] TROVA-PARAMETRO. CLIENTE: 01206 - DESTINO: 00264
 [24/01/24] - [18"32'07] GENERATA EVASIONE ANNO: 2024 - NUMERO: 00004566
 [24/01/24] - [18"32'07] SCRIVI-TESTA1
 [24/01/24] - [18"32'07] RIGA-EVASIONE
 [24/01/24] - [18"32'07] RIGA-EVASIONE
 [24/01/24] - [18"32'07] RIGA-EVASIONE
 [24/01/24] - [18"32'07] RIGA-EVASIONE
 [24/01/24] - [18"32'07] RIGA-EVASIONE
 [24/01/24] - [18"32'07] TROVA-PARAMETRO. CLIENTE: 01206 - DESTINO: 00243
 [24/01/24] - [18"32'07] GENERATA EVASIONE ANNO: 2024 - NUMERO: 00004567
 [24/01/24] - [18"32'07] SCRIVI-TESTA1
 [24/01/24] - [18"32'07] RIGA-EVASIONE
 [24/01/24] - [18"32'07] RIGA-EVASIONE
 [24/01/24] - [18"32'07] RIGA-EVASIONE
 [24/01/24] - [18"32'07] RIGA-EVASIONE
 [24/01/24] - [18"32'07] RIGA-EVASIONE
 [24/01/24] - [18"32'07] RIGA-EVASIONE
 [24/01/24] - [18"32'07] TROVA-PARAMETRO. CLIENTE: 01206 - DESTINO: 00247
 [24/01/24] - [18"32'07] GENERATA EVASIONE ANNO: 2024 - NUMERO: 00004568
 [24/01/24] - [18"32'07] SCRIVI-TESTA1
 [24/01/24] - [18"32'07] RIGA-EVASIONE
 [24/01/24] - [18"32'07] RIGA-EVASIONE
 [24/01/24] - [18"32'07] RIGA-EVASIONE
 [24/01/24] - [18"32'07] RIGA-EVASIONE
 [24/01/24] - [18"32'07] RIGA-EVASIONE
 [24/01/24] - [18"32'07] TROVA-PARAMETRO. CLIENTE: 01206 - DESTINO: 00256
 [24/01/24] - [18"32'07] GENERATA EVASIONE ANNO: 2024 - NUMERO: 00004569
 [24/01/24] - [18"32'07] SCRIVI-TESTA1
 [24/01/24] - [18"32'07] RIGA-EVASIONE
 [24/01/24] - [18"32'07] RIGA-EVASIONE
 [24/01/24] - [18"32'08] RIGA-EVASIONE
 [24/01/24] - [18"32'08] RIGA-EVASIONE
 [24/01/24] - [18"32'08] RIGA-EVASIONE
 [24/01/24] - [18"32'08] TROVA-PARAMETRO. CLIENTE: 01206 - DESTINO: 00246
 [24/01/24] - [18"32'08] GENERATA EVASIONE ANNO: 2024 - NUMERO: 00004570
 [24/01/24] - [18"32'08] SCRIVI-TESTA1
 [24/01/24] - [18"32'08] RIGA-EVASIONE
 [24/01/24] - [18"32'08] RIGA-EVASIONE
 [24/01/24] - [18"32'08] RIGA-EVASIONE
 [24/01/24] - [18"32'08] RIGA-EVASIONE
 [24/01/24] - [18"32'08] TROVA-PARAMETRO. CLIENTE: 01206 - DESTINO: 00232
 [24/01/24] - [18"32'08] GENERATA EVASIONE ANNO: 2024 - NUMERO: 00004571
 [24/01/24] - [18"32'08] SCRIVI-TESTA1
 [24/01/24] - [18"32'08] RIGA-EVASIONE
 [24/01/24] - [18"32'08] RIGA-EVASIONE
 [24/01/24] - [18"32'08] RIGA-EVASIONE
 [24/01/24] - [18"32'08] TROVA-PARAMETRO. CLIENTE: 04129 - DESTINO: 00001
 [24/01/24] - [18"32'08] GENERATA EVASIONE ANNO: 2024 - NUMERO: 00004572
 [24/01/24] - [18"32'08] SCRIVI-TESTA1
 [24/01/24] - [18"32'08] RIGA-EVASIONE
 [24/01/24] - [18"32'08] TROVA-PARAMETRO. CLIENTE: 00123 - DESTINO: 00014
 [24/01/24] - [18"32'08] GENERATA EVASIONE ANNO: 2024 - NUMERO: 00004573
 [24/01/24] - [18"32'08] SCRIVI-TESTA1
 [24/01/24] - [18"32'08] RIGA-EVASIONE
 [24/01/24] - [18"32'08] RIGA-EVASIONE
 [24/01/24] - [18"32'08] TROVA-PARAMETRO. CLIENTE: 00123 - DESTINO: 00004
 [24/01/24] - [18"32'08] GENERATA EVASIONE ANNO: 2024 - NUMERO: 00004574
 [24/01/24] - [18"32'08] SCRIVI-TESTA1
 [24/01/24] - [18"32'08] RIGA-EVASIONE
 [24/01/24] - [18"32'08] RIGA-EVASIONE
 [24/01/24] - [18"32'08] RIGA-EVASIONE
 [24/01/24] - [18"32'08] RIGA-EVASIONE
 [24/01/24] - [18"32'08] RIGA-EVASIONE
 [24/01/24] - [18"32'08] RIGA-EVASIONE
 [24/01/24] - [18"32'08] RIGA-EVASIONE
 [24/01/24] - [18"32'08] RIGA-EVASIONE
 [24/01/24] - [18"32'08] RIGA-EVASIONE
 [24/01/24] - [18"32'08] RIGA-EVASIONE
 [24/01/24] - [18"32'08] RIGA-EVASIONE
 [24/01/24] - [18"32'08] RIGA-EVASIONE
 [24/01/24] - [18"32'08] RIGA-EVASIONE
 [24/01/24] - [18"32'08] RIGA-EVASIONE
 [24/01/24] - [18"32'08] RIGA-EVASIONE
 [24/01/24] - [18"32'08] RIGA-EVASIONE
 [24/01/24] - [18"32'08] RIGA-EVASIONE
 [24/01/24] - [18"32'08] RIGA-EVASIONE
 [24/01/24] - [18"32'08] TROVA-PARAMETRO. CLIENTE: 00123 - DESTINO: 00007
 [24/01/24] - [18"32'08] GENERATA EVASIONE ANNO: 2024 - NUMERO: 00004575
 [24/01/24] - [18"32'08] SCRIVI-TESTA1
 [24/01/24] - [18"32'08] RIGA-EVASIONE
 [24/01/24] - [18"32'08] RIGA-EVASIONE
 [24/01/24] - [18"32'09] RIGA-EVASIONE
 [24/01/24] - [18"32'09] RIGA-EVASIONE
 [24/01/24] - [18"32'09] RIGA-EVASIONE
 [24/01/24] - [18"32'09] RIGA-EVASIONE
 [24/01/24] - [18"32'09] RIGA-EVASIONE
 [24/01/24] - [18"32'09] RIGA-EVASIONE
 [24/01/24] - [18"32'09] RIGA-EVASIONE
 [24/01/24] - [18"32'09] RIGA-EVASIONE
 [24/01/24] - [18"32'09] RIGA-EVASIONE
 [24/01/24] - [18"32'09] RIGA-EVASIONE
 [24/01/24] - [18"32'09] RIGA-EVASIONE
 [24/01/24] - [18"32'09] RIGA-EVASIONE
 [24/01/24] - [18"32'09] RIGA-EVASIONE
 [24/01/24] - [18"32'09] RIGA-EVASIONE
 [24/01/24] - [18"32'09] RIGA-EVASIONE
 [24/01/24] - [18"32'09] RIGA-EVASIONE
 [24/01/24] - [18"32'09] RIGA-EVASIONE
 [24/01/24] - [18"32'09] RIGA-EVASIONE
 [24/01/24] - [18"32'09] TROVA-PARAMETRO. CLIENTE: 00123 - DESTINO: 00008
 [24/01/24] - [18"32'09] GENERATA EVASIONE ANNO: 2024 - NUMERO: 00004576
 [24/01/24] - [18"32'09] SCRIVI-TESTA1
 [24/01/24] - [18"32'09] RIGA-EVASIONE
 [24/01/24] - [18"32'09] TROVA-PARAMETRO. CLIENTE: 00123 - DESTINO: 00008
 [24/01/24] - [18"32'09] GENERATA EVASIONE ANNO: 2024 - NUMERO: 00004577
 [24/01/24] - [18"32'09] SCRIVI-TESTA1
 [24/01/24] - [18"32'09] RIGA-EVASIONE
 [24/01/24] - [18"32'09] RIGA-EVASIONE
 [24/01/24] - [18"32'09] RIGA-EVASIONE
 [24/01/24] - [18"32'09] RIGA-EVASIONE
 [24/01/24] - [18"32'09] TROVA-PARAMETRO. CLIENTE: 07513 - DESTINO: 00002
 [24/01/24] - [18"32'09] GENERATA EVASIONE ANNO: 2024 - NUMERO: 00004578
 [24/01/24] - [18"32'09] SCRIVI-TESTA1
 [24/01/24] - [18"32'09] RIGA-EVASIONE
 [24/01/24] - [18"32'09] RIGA-EVASIONE
 [24/01/24] - [18"32'09] RIGA-EVASIONE
 [24/01/24] - [18"32'09] RIGA-EVASIONE
 [24/01/24] - [18"32'09] RIGA-EVASIONE
 [24/01/24] - [18"32'09] TROVA-PARAMETRO. CLIENTE: 04978 - DESTINO: 00001
 [24/01/24] - [18"32'09] GENERATA EVASIONE ANNO: 2024 - NUMERO: 00004579
 [24/01/24] - [18"32'09] SCRIVI-TESTA1
 [24/01/24] - [18"32'09] RIGA-EVASIONE
 [24/01/24] - [18"32'09] RIGA-EVASIONE
 [24/01/24] - [18"32'09] TROVA-PARAMETRO. CLIENTE: 01049 - DESTINO: 00025
 [24/01/24] - [18"32'09] GENERATA EVASIONE ANNO: 2024 - NUMERO: 00004580
 [24/01/24] - [18"32'09] SCRIVI-TESTA1
 [24/01/24] - [18"32'09] RIGA-EVASIONE
 [24/01/24] - [18"32'09] RIGA-EVASIONE
 [24/01/24] - [18"32'09] RIGA-EVASIONE
 [24/01/24] - [18"32'09] RIGA-EVASIONE
 [24/01/24] - [18"32'10] RIGA-EVASIONE
 [24/01/24] - [18"32'10] RIGA-EVASIONE
 [24/01/24] - [18"32'10] RIGA-EVASIONE
 [24/01/24] - [18"32'10] TROVA-PARAMETRO. CLIENTE: 01049 - DESTINO: 00018
 [24/01/24] - [18"32'10] GENERATA EVASIONE ANNO: 2024 - NUMERO: 00004581
 [24/01/24] - [18"32'10] SCRIVI-TESTA1
 [24/01/24] - [18"32'10] RIGA-EVASIONE
 [24/01/24] - [18"32'10] RIGA-EVASIONE
 [24/01/24] - [18"32'10] RIGA-EVASIONE
 [24/01/24] - [18"32'10] RIGA-EVASIONE
 [24/01/24] - [18"32'10] RIGA-EVASIONE
 [24/01/24] - [18"32'10] RIGA-EVASIONE
 [24/01/24] - [18"32'10] RIGA-EVASIONE
 [24/01/24] - [18"32'10] RIGA-EVASIONE
 [24/01/24] - [18"32'10] RIGA-EVASIONE
 [24/01/24] - [18"32'10] RIGA-EVASIONE
 [24/01/24] - [18"32'10] RIGA-EVASIONE
 [24/01/24] - [18"32'10] RIGA-EVASIONE
 [24/01/24] - [18"32'10] RIGA-EVASIONE
 [24/01/24] - [18"32'10] RIGA-EVASIONE
 [24/01/24] - [18"32'10] RIGA-EVASIONE
 [24/01/24] - [18"32'10] RIGA-EVASIONE
 [24/01/24] - [18"32'10] RIGA-EVASIONE
 [24/01/24] - [18"32'10] RIGA-EVASIONE
 [24/01/24] - [18"32'10] RIGA-EVASIONE
 [24/01/24] - [18"32'10] RIGA-EVASIONE
 [24/01/24] - [18"32'10] RIGA-EVASIONE
 [24/01/24] - [18"32'10] RIGA-EVASIONE
 [24/01/24] - [18"32'10] RIGA-EVASIONE
 [24/01/24] - [18"32'10] RIGA-EVASIONE
 [24/01/24] - [18"32'10] TROVA-PARAMETRO. CLIENTE: 06007 - DESTINO: 00001
 [24/01/24] - [18"32'10] GENERATA EVASIONE ANNO: 2024 - NUMERO: 00004582
 [24/01/24] - [18"32'10] SCRIVI-TESTA1
 [24/01/24] - [18"32'10] RIGA-EVASIONE
 [24/01/24] - [18"32'10] TROVA-PARAMETRO. CLIENTE: 11894 - DESTINO: 00001
 [24/01/24] - [18"32'10] GENERATA EVASIONE ANNO: 2024 - NUMERO: 00004583
 [24/01/24] - [18"32'10] SCRIVI-TESTA1
 [24/01/24] - [18"32'10] RIGA-EVASIONE
 [24/01/24] - [18"32'10] TROVA-PARAMETRO. CLIENTE: 03083 - DESTINO: 00003
 [24/01/24] - [18"32'10] GENERATA EVASIONE ANNO: 2024 - NUMERO: 00004584
 [24/01/24] - [18"32'10] SCRIVI-TESTA1
 [24/01/24] - [18"32'10] RIGA-EVASIONE
 [24/01/24] - [18"32'11] TROVA-PARAMETRO. CLIENTE: 10469 - DESTINO: 00009
 [24/01/24] - [18"32'11] GENERATA EVASIONE ANNO: 2024 - NUMERO: 00004585
 [24/01/24] - [18"32'11] SCRIVI-TESTA1
 [24/01/24] - [18"32'11] RIGA-EVASIONE
 [24/01/24] - [18"32'11] TROVA-PARAMETRO. CLIENTE: 07587 - DESTINO: 00001
 [24/01/24] - [18"32'11] GENERATA EVASIONE ANNO: 2024 - NUMERO: 00004586
 [24/01/24] - [18"32'11] SCRIVI-TESTA1
 [24/01/24] - [18"32'11] RIGA-EVASIONE
 [24/01/24] - [18"32'11] TROVA-PARAMETRO. CLIENTE: 05262 - DESTINO: 00001
 [24/01/24] - [18"32'11] GENERATA EVASIONE ANNO: 2024 - NUMERO: 00004587
 [24/01/24] - [18"32'11] SCRIVI-TESTA1
 [24/01/24] - [18"32'11] RIGA-EVASIONE
 [24/01/24] - [18"32'11] TROVA-PARAMETRO. CLIENTE: 06851 - DESTINO: 00001
 [24/01/24] - [18"32'11] GENERATA EVASIONE ANNO: 2024 - NUMERO: 00004588
 [24/01/24] - [18"32'11] SCRIVI-TESTA1
 [24/01/24] - [18"32'11] RIGA-EVASIONE
 [24/01/24] - [18"32'11] TROVA-PARAMETRO. CLIENTE: 03610 - DESTINO: 00219
 [24/01/24] - [18"32'11] GENERATA EVASIONE ANNO: 2024 - NUMERO: 00004589
 [24/01/24] - [18"32'11] SCRIVI-TESTA1
 [24/01/24] - [18"32'11] RIGA-EVASIONE
 [24/01/24] - [18"32'11] RIGA-EVASIONE
 [24/01/24] - [18"32'11] TROVA-PARAMETRO. CLIENTE: 03610 - DESTINO: 00219
 [24/01/24] - [18"32'11] GENERATA EVASIONE ANNO: 2024 - NUMERO: 00004590
 [24/01/24] - [18"32'11] SCRIVI-TESTA1
 [24/01/24] - [18"32'11] RIGA-EVASIONE
 [24/01/24] - [18"32'11] RIGA-EVASIONE
 [24/01/24] - [18"32'11] TROVA-PARAMETRO. CLIENTE: 03610 - DESTINO: 00219
 [24/01/24] - [18"32'11] GENERATA EVASIONE ANNO: 2024 - NUMERO: 00004591
 [24/01/24] - [18"32'11] SCRIVI-TESTA1
 [24/01/24] - [18"32'11] RIGA-EVASIONE
 [24/01/24] - [18"32'11] RIGA-EVASIONE
 [24/01/24] - [18"32'11] TROVA-PARAMETRO. CLIENTE: 03610 - DESTINO: 00219
 [24/01/24] - [18"32'11] GENERATA EVASIONE ANNO: 2024 - NUMERO: 00004592
 [24/01/24] - [18"32'11] SCRIVI-TESTA1
 [24/01/24] - [18"32'11] RIGA-EVASIONE
 [24/01/24] - [18"32'11] RIGA-EVASIONE
 [24/01/24] - [18"32'11] TROVA-PARAMETRO. CLIENTE: 03610 - DESTINO: 00219
 [24/01/24] - [18"32'11] GENERATA EVASIONE ANNO: 2024 - NUMERO: 00004593
 [24/01/24] - [18"32'11] SCRIVI-TESTA1
 [24/01/24] - [18"32'11] RIGA-EVASIONE
 [24/01/24] - [18"32'11] TROVA-PARAMETRO. CLIENTE: 03610 - DESTINO: 00219
 [24/01/24] - [18"32'11] GENERATA EVASIONE ANNO: 2024 - NUMERO: 00004594
 [24/01/24] - [18"32'11] SCRIVI-TESTA1
 [24/01/24] - [18"32'11] RIGA-EVASIONE
 [24/01/24] - [18"32'11] RIGA-EVASIONE
 [24/01/24] - [18"32'11] TROVA-PARAMETRO. CLIENTE: 03610 - DESTINO: 00219
 [24/01/24] - [18"32'11] GENERATA EVASIONE ANNO: 2024 - NUMERO: 00004595
 [24/01/24] - [18"32'11] SCRIVI-TESTA1
 [24/01/24] - [18"32'11] RIGA-EVASIONE
 [24/01/24] - [18"32'11] RIGA-EVASIONE
 [24/01/24] - [18"32'11] TROVA-PARAMETRO. CLIENTE: 03610 - DESTINO: 00219
 [24/01/24] - [18"32'11] GENERATA EVASIONE ANNO: 2024 - NUMERO: 00004596
 [24/01/24] - [18"32'11] SCRIVI-TESTA1
 [24/01/24] - [18"32'11] RIGA-EVASIONE
 [24/01/24] - [18"32'11] TROVA-PARAMETRO. CLIENTE: 03610 - DESTINO: 00219
 [24/01/24] - [18"32'11] GENERATA EVASIONE ANNO: 2024 - NUMERO: 00004597
 [24/01/24] - [18"32'11] SCRIVI-TESTA1
 [24/01/24] - [18"32'11] RIGA-EVASIONE
 [24/01/24] - [18"32'11] TROVA-PARAMETRO. CLIENTE: 03610 - DESTINO: 00219
 [24/01/24] - [18"32'11] GENERATA EVASIONE ANNO: 2024 - NUMERO: 00004598
 [24/01/24] - [18"32'11] SCRIVI-TESTA1
 [24/01/24] - [18"32'11] RIGA-EVASIONE
 [24/01/24] - [18"32'11] RIGA-EVASIONE
 [24/01/24] - [18"32'11] TROVA-PARAMETRO. CLIENTE: 03610 - DESTINO: 00219
 [24/01/24] - [18"32'11] GENERATA EVASIONE ANNO: 2024 - NUMERO: 00004599
 [24/01/24] - [18"32'11] SCRIVI-TESTA1
 [24/01/24] - [18"32'11] RIGA-EVASIONE
 [24/01/24] - [18"32'11] RIGA-EVASIONE
 [24/01/24] - [18"32'12] TROVA-PARAMETRO. CLIENTE: 03610 - DESTINO: 00219
 [24/01/24] - [18"32'12] GENERATA EVASIONE ANNO: 2024 - NUMERO: 00004600
 [24/01/24] - [18"32'12] SCRIVI-TESTA1
 [24/01/24] - [18"32'12] RIGA-EVASIONE
 [24/01/24] - [18"32'12] RIGA-EVASIONE
 [24/01/24] - [18"32'12] TROVA-PARAMETRO. CLIENTE: 03610 - DESTINO: 00219
 [24/01/24] - [18"32'12] GENERATA EVASIONE ANNO: 2024 - NUMERO: 00004601
 [24/01/24] - [18"32'12] SCRIVI-TESTA1
 [24/01/24] - [18"32'12] RIGA-EVASIONE
 [24/01/24] - [18"32'12] RIGA-EVASIONE
 [24/01/24] - [18"32'12] TROVA-PARAMETRO. CLIENTE: 03610 - DESTINO: 00219
 [24/01/24] - [18"32'12] GENERATA EVASIONE ANNO: 2024 - NUMERO: 00004602
 [24/01/24] - [18"32'12] SCRIVI-TESTA1
 [24/01/24] - [18"32'12] RIGA-EVASIONE
 [24/01/24] - [18"32'12] RIGA-EVASIONE
 [24/01/24] - [18"32'12] TROVA-PARAMETRO. CLIENTE: 03610 - DESTINO: 00219
 [24/01/24] - [18"32'12] GENERATA EVASIONE ANNO: 2024 - NUMERO: 00004603
 [24/01/24] - [18"32'12] SCRIVI-TESTA1
 [24/01/24] - [18"32'12] RIGA-EVASIONE
 [24/01/24] - [18"32'12] TROVA-PARAMETRO. CLIENTE: 03610 - DESTINO: 00219
 [24/01/24] - [18"32'12] GENERATA EVASIONE ANNO: 2024 - NUMERO: 00004604
 [24/01/24] - [18"32'12] SCRIVI-TESTA1
 [24/01/24] - [18"32'12] RIGA-EVASIONE
 [24/01/24] - [18"32'12] TROVA-PARAMETRO. CLIENTE: 03610 - DESTINO: 00219
 [24/01/24] - [18"32'12] GENERATA EVASIONE ANNO: 2024 - NUMERO: 00004605
 [24/01/24] - [18"32'12] SCRIVI-TESTA1
 [24/01/24] - [18"32'12] RIGA-EVASIONE
 [24/01/24] - [18"32'12] RIGA-EVASIONE
 [24/01/24] - [18"32'12] TROVA-PARAMETRO. CLIENTE: 03610 - DESTINO: 00219
 [24/01/24] - [18"32'12] GENERATA EVASIONE ANNO: 2024 - NUMERO: 00004606
 [24/01/24] - [18"32'12] SCRIVI-TESTA1
 [24/01/24] - [18"32'12] RIGA-EVASIONE
 [24/01/24] - [18"32'12] RIGA-EVASIONE
 [24/01/24] - [18"32'12] TROVA-PARAMETRO. CLIENTE: 03610 - DESTINO: 00219
 [24/01/24] - [18"32'12] GENERATA EVASIONE ANNO: 2024 - NUMERO: 00004607
 [24/01/24] - [18"32'12] SCRIVI-TESTA1
 [24/01/24] - [18"32'12] RIGA-EVASIONE
 [24/01/24] - [18"32'12] RIGA-EVASIONE
 [24/01/24] - [18"32'12] TROVA-PARAMETRO. CLIENTE: 03610 - DESTINO: 00219
 [24/01/24] - [18"32'12] GENERATA EVASIONE ANNO: 2024 - NUMERO: 00004608
 [24/01/24] - [18"32'12] SCRIVI-TESTA1
 [24/01/24] - [18"32'12] RIGA-EVASIONE
 [24/01/24] - [18"32'12] RIGA-EVASIONE
 [24/01/24] - [18"32'12] TROVA-PARAMETRO. CLIENTE: 03610 - DESTINO: 00219
 [24/01/24] - [18"32'12] GENERATA EVASIONE ANNO: 2024 - NUMERO: 00004609
 [24/01/24] - [18"32'12] SCRIVI-TESTA1
 [24/01/24] - [18"32'12] RIGA-EVASIONE
 [24/01/24] - [18"32'12] RIGA-EVASIONE
 [24/01/24] - [18"32'12] TROVA-PARAMETRO. CLIENTE: 03610 - DESTINO: 00219
 [24/01/24] - [18"32'12] GENERATA EVASIONE ANNO: 2024 - NUMERO: 00004610
 [24/01/24] - [18"32'12] SCRIVI-TESTA1
 [24/01/24] - [18"32'12] RIGA-EVASIONE
 [24/01/24] - [18"32'12] RIGA-EVASIONE
 [24/01/24] - [18"32'12] TROVA-PARAMETRO. CLIENTE: 03610 - DESTINO: 00219
 [24/01/24] - [18"32'12] GENERATA EVASIONE ANNO: 2024 - NUMERO: 00004611
 [24/01/24] - [18"32'12] SCRIVI-TESTA1
 [24/01/24] - [18"32'12] RIGA-EVASIONE
 [24/01/24] - [18"32'12] RIGA-EVASIONE
 [24/01/24] - [18"32'12] TROVA-PARAMETRO. CLIENTE: 03610 - DESTINO: 00219
 [24/01/24] - [18"32'12] GENERATA EVASIONE ANNO: 2024 - NUMERO: 00004612
 [24/01/24] - [18"32'12] SCRIVI-TESTA1
 [24/01/24] - [18"32'12] RIGA-EVASIONE
 [24/01/24] - [18"32'12] RIGA-EVASIONE
 [24/01/24] - [18"32'12] TROVA-PARAMETRO. CLIENTE: 03610 - DESTINO: 00219
 [24/01/24] - [18"32'12] GENERATA EVASIONE ANNO: 2024 - NUMERO: 00004613
 [24/01/24] - [18"32'12] SCRIVI-TESTA1
 [24/01/24] - [18"32'13] RIGA-EVASIONE
 [24/01/24] - [18"32'13] RIGA-EVASIONE
 [24/01/24] - [18"32'13] TROVA-PARAMETRO. CLIENTE: 03610 - DESTINO: 00219
 [24/01/24] - [18"32'13] GENERATA EVASIONE ANNO: 2024 - NUMERO: 00004614
 [24/01/24] - [18"32'13] SCRIVI-TESTA1
 [24/01/24] - [18"32'13] RIGA-EVASIONE
 [24/01/24] - [18"32'13] TROVA-PARAMETRO. CLIENTE: 03610 - DESTINO: 00219
 [24/01/24] - [18"32'13] GENERATA EVASIONE ANNO: 2024 - NUMERO: 00004615
 [24/01/24] - [18"32'13] SCRIVI-TESTA1
 [24/01/24] - [18"32'13] RIGA-EVASIONE
 [24/01/24] - [18"32'13] RIGA-EVASIONE
 [24/01/24] - [18"32'13] TROVA-PARAMETRO. CLIENTE: 03610 - DESTINO: 00219
 [24/01/24] - [18"32'13] GENERATA EVASIONE ANNO: 2024 - NUMERO: 00004616
 [24/01/24] - [18"32'13] SCRIVI-TESTA1
 [24/01/24] - [18"32'13] RIGA-EVASIONE
 [24/01/24] - [18"32'13] TROVA-PARAMETRO. CLIENTE: 03610 - DESTINO: 00219
 [24/01/24] - [18"32'13] GENERATA EVASIONE ANNO: 2024 - NUMERO: 00004617
 [24/01/24] - [18"32'13] SCRIVI-TESTA1
 [24/01/24] - [18"32'13] RIGA-EVASIONE
 [24/01/24] - [18"32'13] RIGA-EVASIONE
 [24/01/24] - [18"32'13] RIGA-EVASIONE
 [24/01/24] - [18"32'13] RIGA-EVASIONE
 [24/01/24] - [18"32'13] TROVA-PARAMETRO. CLIENTE: 03610 - DESTINO: 00793
 [24/01/24] - [18"32'13] GENERATA EVASIONE ANNO: 2024 - NUMERO: 00004618
 [24/01/24] - [18"32'13] SCRIVI-TESTA1
 [24/01/24] - [18"32'13] RIGA-EVASIONE
 [24/01/24] - [18"32'13] RIGA-EVASIONE
 [24/01/24] - [18"32'13] RIGA-EVASIONE
 [24/01/24] - [18"32'13] RIGA-EVASIONE
 [24/01/24] - [18"32'13] RIGA-EVASIONE
 [24/01/24] - [18"32'13] RIGA-EVASIONE
 [24/01/24] - [18"32'13] RIGA-EVASIONE
 [24/01/24] - [18"32'13] RIGA-EVASIONE
 [24/01/24] - [18"32'13] RIGA-EVASIONE
 [24/01/24] - [18"32'13] RIGA-EVASIONE
 [24/01/24] - [18"32'13] RIGA-EVASIONE
 [24/01/24] - [18"32'13] TROVA-PARAMETRO. CLIENTE: 03610 - DESTINO: 00793
 [24/01/24] - [18"32'13] GENERATA EVASIONE ANNO: 2024 - NUMERO: 00004619
 [24/01/24] - [18"32'13] SCRIVI-TESTA1
 [24/01/24] - [18"32'13] RIGA-EVASIONE
 [24/01/24] - [18"32'13] RIGA-EVASIONE
 [24/01/24] - [18"32'13] RIGA-EVASIONE
 [24/01/24] - [18"32'13] RIGA-EVASIONE
 [24/01/24] - [18"32'13] RIGA-EVASIONE
 [24/01/24] - [18"32'13] RIGA-EVASIONE
 [24/01/24] - [18"32'13] RIGA-EVASIONE
 [24/01/24] - [18"32'13] RIGA-EVASIONE
 [24/01/24] - [18"32'13] RIGA-EVASIONE
 [24/01/24] - [18"32'13] RIGA-EVASIONE
 [24/01/24] - [18"32'13] RIGA-EVASIONE
 [24/01/24] - [18"32'13] RIGA-EVASIONE
 [24/01/24] - [18"32'14] RIGA-EVASIONE
 [24/01/24] - [18"32'14] RIGA-EVASIONE
 [24/01/24] - [18"32'14] RIGA-EVASIONE
 [24/01/24] - [18"32'14] RIGA-EVASIONE
 [24/01/24] - [18"32'14] RIGA-EVASIONE
 [24/01/24] - [18"32'14] RIGA-EVASIONE
 [24/01/24] - [18"32'14] TROVA-PARAMETRO. CLIENTE: 03610 - DESTINO: 00793
 [24/01/24] - [18"32'14] GENERATA EVASIONE ANNO: 2024 - NUMERO: 00004620
 [24/01/24] - [18"32'14] SCRIVI-TESTA1
 [24/01/24] - [18"32'14] RIGA-EVASIONE
 [24/01/24] - [18"32'14] RIGA-EVASIONE
 [24/01/24] - [18"32'14] RIGA-EVASIONE
 [24/01/24] - [18"32'14] RIGA-EVASIONE
 [24/01/24] - [18"32'14] RIGA-EVASIONE
 [24/01/24] - [18"32'14] RIGA-EVASIONE
 [24/01/24] - [18"32'14] RIGA-EVASIONE
 [24/01/24] - [18"32'14] RIGA-EVASIONE
 [24/01/24] - [18"32'14] RIGA-EVASIONE
 [24/01/24] - [18"32'14] RIGA-EVASIONE
 [24/01/24] - [18"32'14] RIGA-EVASIONE
 [24/01/24] - [18"32'14] RIGA-EVASIONE
 [24/01/24] - [18"32'14] RIGA-EVASIONE
 [24/01/24] - [18"32'14] RIGA-EVASIONE
 [24/01/24] - [18"32'14] RIGA-EVASIONE
 [24/01/24] - [18"32'14] RIGA-EVASIONE
 [24/01/24] - [18"32'14] RIGA-EVASIONE
 [24/01/24] - [18"32'14] RIGA-EVASIONE
 [24/01/24] - [18"32'14] TROVA-PARAMETRO. CLIENTE: 03610 - DESTINO: 00793
 [24/01/24] - [18"32'14] GENERATA EVASIONE ANNO: 2024 - NUMERO: 00004621
 [24/01/24] - [18"32'14] SCRIVI-TESTA1
 [24/01/24] - [18"32'14] RIGA-EVASIONE
 [24/01/24] - [18"32'14] RIGA-EVASIONE
 [24/01/24] - [18"32'14] RIGA-EVASIONE
 [24/01/24] - [18"32'14] RIGA-EVASIONE
 [24/01/24] - [18"32'14] RIGA-EVASIONE
 [24/01/24] - [18"32'14] RIGA-EVASIONE
 [24/01/24] - [18"32'14] RIGA-EVASIONE
 [24/01/24] - [18"32'14] RIGA-EVASIONE
 [24/01/24] - [18"32'14] RIGA-EVASIONE
 [24/01/24] - [18"32'14] RIGA-EVASIONE
 [24/01/24] - [18"32'14] RIGA-EVASIONE
 [24/01/24] - [18"32'15] RIGA-EVASIONE
 [24/01/24] - [18"32'15] RIGA-EVASIONE
 [24/01/24] - [18"32'15] RIGA-EVASIONE
 [24/01/24] - [18"32'15] RIGA-EVASIONE
 [24/01/24] - [18"32'15] RIGA-EVASIONE
 [24/01/24] - [18"32'15] RIGA-EVASIONE
 [24/01/24] - [18"32'15] RIGA-EVASIONE
 [24/01/24] - [18"32'15] RIGA-EVASIONE
 [24/01/24] - [18"32'15] RIGA-EVASIONE
 [24/01/24] - [18"32'15] RIGA-EVASIONE
 [24/01/24] - [18"32'15] RIGA-EVASIONE
 [24/01/24] - [18"32'15] RIGA-EVASIONE
 [24/01/24] - [18"32'15] RIGA-EVASIONE
 [24/01/24] - [18"32'15] RIGA-EVASIONE
 [24/01/24] - [18"32'15] RIGA-EVASIONE
 [24/01/24] - [18"32'15] RIGA-EVASIONE
 [24/01/24] - [18"32'15] RIGA-EVASIONE
 [24/01/24] - [18"32'15] RIGA-EVASIONE
 [24/01/24] - [18"32'15] RIGA-EVASIONE
 [24/01/24] - [18"32'15] RIGA-EVASIONE
 [24/01/24] - [18"32'15] RIGA-EVASIONE
 [24/01/24] - [18"32'15] TROVA-PARAMETRO. CLIENTE: 03610 - DESTINO: 00793
 [24/01/24] - [18"32'15] GENERATA EVASIONE ANNO: 2024 - NUMERO: 00004622
 [24/01/24] - [18"32'15] SCRIVI-TESTA1
 [24/01/24] - [18"32'15] RIGA-EVASIONE
 [24/01/24] - [18"32'15] RIGA-EVASIONE
 [24/01/24] - [18"32'15] RIGA-EVASIONE
 [24/01/24] - [18"32'15] RIGA-EVASIONE
 [24/01/24] - [18"32'15] RIGA-EVASIONE
 [24/01/24] - [18"32'15] RIGA-EVASIONE
 [24/01/24] - [18"32'15] RIGA-EVASIONE
 [24/01/24] - [18"32'15] RIGA-EVASIONE
 [24/01/24] - [18"32'15] RIGA-EVASIONE
 [24/01/24] - [18"32'15] RIGA-EVASIONE
 [24/01/24] - [18"32'15] RIGA-EVASIONE
 [24/01/24] - [18"32'15] RIGA-EVASIONE
 [24/01/24] - [18"32'15] RIGA-EVASIONE
 [24/01/24] - [18"32'15] RIGA-EVASIONE
 [24/01/24] - [18"32'15] RIGA-EVASIONE
 [24/01/24] - [18"32'16] RIGA-EVASIONE
 [24/01/24] - [18"32'16] RIGA-EVASIONE
 [24/01/24] - [18"32'16] RIGA-EVASIONE
 [24/01/24] - [18"32'16] RIGA-EVASIONE
 [24/01/24] - [18"32'16] RIGA-EVASIONE
 [24/01/24] - [18"32'16] RIGA-EVASIONE
 [24/01/24] - [18"32'16] RIGA-EVASIONE
 [24/01/24] - [18"32'16] RIGA-EVASIONE
 [24/01/24] - [18"32'16] RIGA-EVASIONE
 [24/01/24] - [18"32'16] RIGA-EVASIONE
 [24/01/24] - [18"32'16] RIGA-EVASIONE
 [24/01/24] - [18"32'16] RIGA-EVASIONE
 [24/01/24] - [18"32'16] RIGA-EVASIONE
 [24/01/24] - [18"32'16] TROVA-PARAMETRO. CLIENTE: 03610 - DESTINO: 00793
 [24/01/24] - [18"32'16] GENERATA EVASIONE ANNO: 2024 - NUMERO: 00004623
 [24/01/24] - [18"32'16] SCRIVI-TESTA1
 [24/01/24] - [18"32'16] RIGA-EVASIONE
 [24/01/24] - [18"32'16] RIGA-EVASIONE
 [24/01/24] - [18"32'16] RIGA-EVASIONE
 [24/01/24] - [18"32'16] RIGA-EVASIONE
 [24/01/24] - [18"32'16] RIGA-EVASIONE
 [24/01/24] - [18"32'16] RIGA-EVASIONE
 [24/01/24] - [18"32'16] RIGA-EVASIONE
 [24/01/24] - [18"32'16] RIGA-EVASIONE
 [24/01/24] - [18"32'16] RIGA-EVASIONE
 [24/01/24] - [18"32'16] RIGA-EVASIONE
 [24/01/24] - [18"32'16] RIGA-EVASIONE
 [24/01/24] - [18"32'16] RIGA-EVASIONE
 [24/01/24] - [18"32'16] RIGA-EVASIONE
 [24/01/24] - [18"32'16] RIGA-EVASIONE
 [24/01/24] - [18"32'16] RIGA-EVASIONE
 [24/01/24] - [18"32'16] RIGA-EVASIONE
 [24/01/24] - [18"32'16] RIGA-EVASIONE
 [24/01/24] - [18"32'16] RIGA-EVASIONE
 [24/01/24] - [18"32'16] RIGA-EVASIONE
 [24/01/24] - [18"32'16] RIGA-EVASIONE
 [24/01/24] - [18"32'16] RIGA-EVASIONE
 [24/01/24] - [18"32'16] RIGA-EVASIONE
 [24/01/24] - [18"32'16] RIGA-EVASIONE
 [24/01/24] - [18"32'16] TROVA-PARAMETRO. CLIENTE: 09664 - DESTINO: 00015
 [24/01/24] - [18"32'16] GENERATA EVASIONE ANNO: 2024 - NUMERO: 00004624
 [24/01/24] - [18"32'16] SCRIVI-TESTA1
 [24/01/24] - [18"32'16] RIGA-EVASIONE
 [24/01/24] - [18"32'17] RIGA-EVASIONE
 [24/01/24] - [18"32'17] RIGA-EVASIONE
 [24/01/24] - [18"32'17] TROVA-PARAMETRO. CLIENTE: 11535 - DESTINO: 00001
 [24/01/24] - [18"32'17] GENERATA EVASIONE ANNO: 2024 - NUMERO: 00004625
 [24/01/24] - [18"32'17] SCRIVI-TESTA1
 [24/01/24] - [18"32'17] RIGA-EVASIONE
 [24/01/24] - [18"32'17] RIGA-EVASIONE
 [24/01/24] - [18"32'17] RICHIAMO EVAOMAG
 [24/01/24] - [18"32'17] RICHIAMO EVACONTRAS
 [24/01/24] - [18"32'17] GENERATE EVASIONI PER: SIN DAL N.     4545 AL N.     4625 - TOTALE EVASIONI:         81 - UTENTE: MACROBATCH
 [24/01/24] - [18"32'17] AGGIORNA-STATO-MASTER
 [24/01/24] - [18"32'19] STAMPA EVASIONI - TIPOLOGIA CLIENTE: 11 - STAMPANTE: \\srvdc01\Kyocera ECOSYS PA5500x KX
 [24/01/24] - [18"32'19] STAMPA EVASIONI - TIPOLOGIA CLIENTE: 14 - STAMPANTE: \\srvdc01\Kyocera ECOSYS PA5500x KX
 [24/01/24] - [18"32'19] STAMPA EVASIONI - TIPOLOGIA CLIENTE: 8  - STAMPANTE: \\srvdc01\Kyocera ECOSYS PA5500x KX
 [24/01/24] - [18"32'19] STAMPA EVASIONI - TIPOLOGIA CLIENTE: 1  - STAMPANTE: \\srvdc01\Kyocera ECOSYS PA5500x KX
 [24/01/24] - [18"32'19] STAMPA EVASIONI - TIPOLOGIA CLIENTE: 16 - STAMPANTE: \\srvdc01\Kyocera ECOSYS PA5500x KX
 [24/01/24] - [18"32'19] RICHIAMO TPREV
 [24/01/24] - [18"32'20] AGGIORNA-STATO-MASTER
 [24/01/24] - [18"32'21] <=| USCITA EVACLI
 [24/01/24] - [18"32'21] INVIO DELLA MAIL RIEPOLOGATIVA AVVENUTO
 [24/01/24] - [18"32'21] APERTURA SERVIZIO
 [24/01/24] - [18"32'26] FINE PROCEDURA
