 [11/07/24] - [18"23'52] INIZIO ELABORAZIONE
 [11/07/24] - [18"23'52] INIZIO CREAZIONE ORDINI
 [11/07/24] - [18"23'52] SCRITTA COPERTURA PER ARTICOLO: 029560 - FORNITORE: 01923 - LISTINO: 05543
 [11/07/24] - [18"23'52] CICLO COPERTURA FABBISOGNO NO PROGRAMMAZIONE
 [11/07/24] - [18"23'52] CICLO COPERTURA FABBISGNO PROGRAMMAZIONE
 [11/07/24] - [18"23'52] TRATTO ARTICOLO: 029560 - MAG: LBX
 [11/07/24] - [18"23'52] ULTIMO MESE MOQ: 06 - TOT QTA MOQ: 000000000001050 - QTA EPAL: 00000300 - BANCALI: 000004
 [11/07/24] - [18"23'52] TOT QTA MOQ: 000000000001200 - MOQ: 00000012 - MESE 2: 00000150 - MESE 3: 00000300 - MESE 4: 00000500 - MESE 5: 00000750 - MESE 6: 00001050
 [11/07/24] - [18"23'52] MESE: 01 - QTA IMPOSTATA: 00000050 - QTA-RICAL: 00000050
 [11/07/24] - [18"23'52] NUM BANCALI: 000005 :como-qta-rical / art-moq
 [11/07/24] - [18"23'52] QTA MESE: 00000060 : (art-moq * num-bancali)
 [11/07/24] - [18"23'52] RIS2: 00000150 : ( art-qta-epal * tge-perce-arrot-bancale / 100 )
 [11/07/24] - [18"23'52] QTA PER BANCALI: 00000000
 [11/07/24] - [18"23'52] RESTO: 00000060 :cpfm-qta-m(idx-mese) - ris
 [11/07/24] - [18"23'52] MESE: 01 - QTA RICALCOLATA: 00000060
 [11/07/24] - [18"23'52] rof-qta-ord: 00000060 - rof-qta-imballi: 0012
 [11/07/24] - [18"23'52] QTA ORD = Già impostata
 [11/07/24] - [18"23'52] QTA ORD = ROF-QTA-ORD(00000060), DOPO CHECK-IMBALLO
 [11/07/24] - [18"23'52] MESE: 02 - QTA IMPOSTATA: 00000100 - QTA-RICAL: 00000090
 [11/07/24] - [18"23'52] NUM BANCALI: 000008 :como-qta-rical / art-moq
 [11/07/24] - [18"23'52] QTA MESE: 00000096 : (art-moq * num-bancali)
 [11/07/24] - [18"23'52] RIS2: 00000150 : ( art-qta-epal * tge-perce-arrot-bancale / 100 )
 [11/07/24] - [18"23'52] QTA PER BANCALI: 00000000
 [11/07/24] - [18"23'52] RESTO: 00000096 :cpfm-qta-m(idx-mese) - ris
 [11/07/24] - [18"23'52] MESE: 02 - QTA RICALCOLATA: 00000096
 [11/07/24] - [18"23'52] rof-qta-ord: 00000096 - rof-qta-imballi: 0012
 [11/07/24] - [18"23'52] QTA ORD = Già impostata
 [11/07/24] - [18"23'52] QTA ORD = ROF-QTA-ORD(00000096), DOPO CHECK-IMBALLO
 [11/07/24] - [18"23'52] MESE: 03 - QTA IMPOSTATA: 00000150 - QTA-RICAL: 00000144
 [11/07/24] - [18"23'52] NUM BANCALI: 000012 :como-qta-rical / art-moq
 [11/07/24] - [18"23'52] QTA MESE: 00000144 : (art-moq * num-bancali)
 [11/07/24] - [18"23'52] RIS2: 00000150 : ( art-qta-epal * tge-perce-arrot-bancale / 100 )
 [11/07/24] - [18"23'52] QTA PER BANCALI: 00000000
 [11/07/24] - [18"23'52] RESTO: 00000144 :cpfm-qta-m(idx-mese) - ris
 [11/07/24] - [18"23'52] MESE: 03 - QTA RICALCOLATA: 00000144
 [11/07/24] - [18"23'52] rof-qta-ord: 00000144 - rof-qta-imballi: 0012
 [11/07/24] - [18"23'52] QTA ORD = Già impostata
 [11/07/24] - [18"23'52] QTA ORD = ROF-QTA-ORD(00000144), DOPO CHECK-IMBALLO
 [11/07/24] - [18"23'52] MESE: 04 - QTA IMPOSTATA: 00000200 - QTA-RICAL: 00000200
 [11/07/24] - [18"23'52] NUM BANCALI: 000017 :como-qta-rical / art-moq
 [11/07/24] - [18"23'52] QTA MESE: 00000204 : (art-moq * num-bancali)
 [11/07/24] - [18"23'52] RIS2: 00000150 : ( art-qta-epal * tge-perce-arrot-bancale / 100 )
 [11/07/24] - [18"23'52] QTA PER BANCALI: 00000000
 [11/07/24] - [18"23'52] RESTO: 00000204 :cpfm-qta-m(idx-mese) - ris
 [11/07/24] - [18"23'52] QTA MESE: 00000300 : num-bancali * art-qta-epal
 [11/07/24] - [18"23'52] MESE: 04 - QTA RICALCOLATA: 00000300
 [11/07/24] - [18"23'52] rof-qta-ord: 00000300 - rof-qta-imballi: 0012
 [11/07/24] - [18"23'52] QTA ORD = Già impostata
 [11/07/24] - [18"23'52] QTA ORD = ROF-QTA-ORD(00000300), DOPO CHECK-IMBALLO
 [11/07/24] - [18"23'52] MESE: 05 - QTA IMPOSTATA: 00000250 - QTA-RICAL: 00000150
 [11/07/24] - [18"23'52] NUM BANCALI: 000013 :como-qta-rical / art-moq
 [11/07/24] - [18"23'52] QTA MESE: 00000156 : (art-moq * num-bancali)
 [11/07/24] - [18"23'52] RIS2: 00000150 : ( art-qta-epal * tge-perce-arrot-bancale / 100 )
 [11/07/24] - [18"23'52] QTA PER BANCALI: 00000000
 [11/07/24] - [18"23'52] RESTO: 00000156 :cpfm-qta-m(idx-mese) - ris
 [11/07/24] - [18"23'52] QTA MESE: 00000300 : num-bancali * art-qta-epal
 [11/07/24] - [18"23'52] MESE: 05 - QTA RICALCOLATA: 00000300
 [11/07/24] - [18"23'52] rof-qta-ord: 00000300 - rof-qta-imballi: 0012
 [11/07/24] - [18"23'52] QTA ORD = Già impostata
 [11/07/24] - [18"23'52] QTA ORD = ROF-QTA-ORD(00000300), DOPO CHECK-IMBALLO
 [11/07/24] - [18"23'52] MESE: 06 - QTA IMPOSTATA: 00000300 - QTA-RICAL: 00000300
 [11/07/24] - [18"23'52] NUM BANCALI: 000025 :como-qta-rical / art-moq
 [11/07/24] - [18"23'52] QTA MESE: 00000300 : (art-moq * num-bancali)
 [11/07/24] - [18"23'52] RIS2: 00000150 : ( art-qta-epal * tge-perce-arrot-bancale / 100 )
 [11/07/24] - [18"23'52] QTA PER BANCALI: 00000300
 [11/07/24] - [18"23'52] RESTO: 00000000 :cpfm-qta-m(idx-mese) - ris
 [11/07/24] - [18"23'52] MESE: 06 - QTA RICALCOLATA: 00000300
 [11/07/24] - [18"23'52] rof-qta-ord: 00000300 - rof-qta-imballi: 0012
 [11/07/24] - [18"23'52] QTA ORD = Già impostata
 [11/07/24] - [18"23'52] QTA ORD = ROF-QTA-ORD(00000300), DOPO CHECK-IMBALLO
 [11/07/24] - [18"23'52] DOPO RICALCOLO MOQ: - MESE 1: 00000060 - MESE 2: 00000096 - MESE 3: 00000144 - MESE 4: 00000300 - MESE 5: 00000300 - MESE 6: 00000300
 [11/07/24] - [18"23'52] SCRITTA TESTATA PROGRAMMAZIONE: 2024 - 00006408
 [11/07/24] - [18"23'52] SCRITTA TESTATA PROGRAMMAZIONE: 2024 - 00006409
 [11/07/24] - [18"23'52] SCRITTA TESTATA PROGRAMMAZIONE: 2024 - 00006410
 [11/07/24] - [18"23'52] SCRITTA TESTATA PROGRAMMAZIONE: 2024 - 00006411
 [11/07/24] - [18"23'52] SCRITTA TESTATA PROGRAMMAZIONE: 2024 - 00006412
 [11/07/24] - [18"23'52] SCRITTA TESTATA PROGRAMMAZIONE: 2024 - 00006413
 [11/07/24] - [18"23'52] QTA ORD = CPFM-QTA-M(00001): 00000060
 [11/07/24] - [18"23'52] QTA ORD = CPFM-QTA-M(00002): 00000096
 [11/07/24] - [18"23'52] QTA ORD = CPFM-QTA-M(00003): 00000144
 [11/07/24] - [18"23'52] QTA ORD = CPFM-QTA-M(00004): 00000300
 [11/07/24] - [18"23'52] QTA ORD = CPFM-QTA-M(00005): 00000300
 [11/07/24] - [18"23'52] QTA ORD = CPFM-QTA-M(00006): 00000300
 [11/07/24] - [18"23'52] FINE CREAZIONE ORDINI
 [11/07/24] - [18"23'52] FINE ELABORAZIONE
