 [15/07/24] - [17"06'31] INIZIO ELABORAZIONE
 [15/07/24] - [17"06'31] INIZIO CREAZIONE ORDINI
 [15/07/24] - [17"06'31] SCRITTA COPERTURA PER ARTICOLO: 029560 - FORNITORE: 01923 - LISTINO: 05543
 [15/07/24] - [17"06'31] CICLO COPERTURA FABBISOGNO NO PROGRAMMAZIONE
 [15/07/24] - [17"06'31] CICLO COPERTURA FABBISGNO PROGRAMMAZIONE
 [15/07/24] - [17"06'31] TRATTO ARTICOLO: 029560 - MAG: LBX
 [15/07/24] - [17"06'31] ULTIMO MESE MOQ: 06 - TOT QTA MOQ: 000000000001050 - QTA EPAL: 00000300 - BANCALI: 000004
 [15/07/24] - [17"06'31] TOT QTA MOQ: 000000000001200 - MOQ: 00000720 - MESE 2: 00000150 - MESE 3: 00000300 - MESE 4: 00000500 - MESE 5: 00000750 - MESE 6: 00001050
 [15/07/24] - [17"06'31] MESE 1: como-qta-rical: 00000050 = cpfm-qta-m(1) (00000050)
 [15/07/24] - [17"06'31] MESE: 01 - QTA IMPOSTATA: 00000050 - QTA-RICAL: 00000050
 [15/07/24] - [17"06'31] IMPOSTO IL MOQ SULLA QTA
 [15/07/24] - [17"06'31] RIS2: 00000150 : art-qta-epal (00000300) * tge-perce-arrot-bancale (05000) / 100
 [15/07/24] - [17"06'31] NUM BANCALI: 000002 : cpfm-qta-m(idx-mese) (00000720) / art-qta-epal (00000300)
 [15/07/24] - [17"06'31] QTA PER BANCALI (RIS): 00000600 : art-qta-epal (00000300) * num-bancali (000002)
 [15/07/24] - [17"06'31] RESTO: 00000120 : cpfm-qta-m(idx-mese) (00000720) - ris (00000600)
 [15/07/24] - [17"06'31] MESE: 01 - QTA RICALCOLATA: 00000720
 [15/07/24] - [17"06'31] rof-qta-ord: 00000720 - rof-qta-imballi: 0012
 [15/07/24] - [17"06'31] QTA ORD = Già impostata
 [15/07/24] - [17"06'31] QTA ORD = ROF-QTA-ORD(00000720), DOPO CHECK-IMBALLO
 [15/07/24] - [17"06'31] MESE 2: como-qta-rical: 0000057} = tot-qta-mese2 (00000150)  - como-qta-rical (0000057})
 [15/07/24] - [17"06'31] MESE 3: como-qta-rical: 0000042} = tot-qta-mese3 (00000300)  - como-qta-rical (0000042})
 [15/07/24] - [17"06'31] MESE 4: como-qta-rical: 0000022} = tot-qta-mese4 (00000500)  - como-qta-rical (0000022})
 [15/07/24] - [17"06'31] MESE 5: como-qta-rical: 00000030 = tot-qta-mese5 (00000750)  - como-qta-rical (00000030)
 [15/07/24] - [17"06'31] MESE: 05 - QTA IMPOSTATA: 00000250 - QTA-RICAL: 00000030
 [15/07/24] - [17"06'31] IMPOSTO IL MOQ SULLA QTA
 [15/07/24] - [17"06'31] RIS2: 00000150 : art-qta-epal (00000300) * tge-perce-arrot-bancale (05000) / 100
 [15/07/24] - [17"06'31] NUM BANCALI: 000002 : cpfm-qta-m(idx-mese) (00000720) / art-qta-epal (00000300)
 [15/07/24] - [17"06'31] QTA PER BANCALI (RIS): 00000600 : art-qta-epal (00000300) * num-bancali (000002)
 [15/07/24] - [17"06'31] RESTO: 00000120 : cpfm-qta-m(idx-mese) (00000720) - ris (00000600)
 [15/07/24] - [17"06'31] MESE: 05 - QTA RICALCOLATA: 00000720
 [15/07/24] - [17"06'31] rof-qta-ord: 00000720 - rof-qta-imballi: 0012
 [15/07/24] - [17"06'31] QTA ORD = Già impostata
 [15/07/24] - [17"06'31] QTA ORD = ROF-QTA-ORD(00000720), DOPO CHECK-IMBALLO
 [15/07/24] - [17"06'31] DOPO RICALCOLO MOQ: - MESE 1: 00000720 - MESE 2: 00000000 - MESE 3: 00000000 - MESE 4: 00000000 - MESE 5: 00000720 - MESE 6: 00000000
 [15/07/24] - [17"06'31] SCRITTA TESTATA PROGRAMMAZIONE: 2024 - 00004503 - DATA CONSEGNA: 30/07/2024
 [15/07/24] - [17"06'31] SCRITTA TESTATA PROGRAMMAZIONE: 2024 - 00004504 - DATA CONSEGNA: 12/08/2024
 [15/07/24] - [17"06'31] SCRITTA TESTATA PROGRAMMAZIONE: 2024 - 00004505 - DATA CONSEGNA: 10/09/2024
 [15/07/24] - [17"06'31] SCRITTA TESTATA PROGRAMMAZIONE: 2024 - 00004506 - DATA CONSEGNA: 10/10/2024
 [15/07/24] - [17"06'31] SCRITTA TESTATA PROGRAMMAZIONE: 2024 - 00004507 - DATA CONSEGNA: 11/11/2024
 [15/07/24] - [17"06'31] SCRITTA TESTATA PROGRAMMAZIONE: 2024 - 00004508 - DATA CONSEGNA: 10/12/2024
 [15/07/24] - [17"06'31] if cpfm-qta-m(primo-mese) (00000720) > art-qta-epal(00000300)
 [15/07/24] - [17"06'31] ris (00000003) = cpfm-qta-m(primo-mese) (00000900) / art-qta-epal(00000300)
 [15/07/24] - [17"06'31] QTA MESE(00000900) = art-qta-epal (00000300) * ris(00000003)
 [15/07/24] - [17"06'31] PRIMA RICALCOLO QTA-ORD: - MESE 1: 00000900 - MESE 2: 00000000 - MESE 3: 00000000 - MESE 4: 00000000 - MESE 5: 00000000 - MESE 6: 00000000
 [15/07/24] - [17"06'31] DOPO RICALCOLO QTA-ORD: - MESE 1: 00000900 - MESE 2: 00000000 - MESE 3: 00000000 - MESE 4: 00000000 - MESE 5: 00000000 - MESE 6: 00000000
 [15/07/24] - [17"06'31] QTA ORD = CPFM-QTA-M(00001): 00000900
 [15/07/24] - [17"06'31] FINE CREAZIONE ORDINI
 [15/07/24] - [17"06'31] FINE ELABORAZIONE
 [15/07/24] - [17"06'31] CANCELLO TESTATA: 2024-00004504. MANCANZA DI RIGHE
 [15/07/24] - [17"06'31] CANCELLO TESTATA: 2024-00004505. MANCANZA DI RIGHE
 [15/07/24] - [17"06'31] CANCELLO TESTATA: 2024-00004506. MANCANZA DI RIGHE
 [15/07/24] - [17"06'31] CANCELLO TESTATA: 2024-00004507. MANCANZA DI RIGHE
 [15/07/24] - [17"06'31] CANCELLO TESTATA: 2024-00004508. MANCANZA DI RIGHE
