** SITUAZIONE PRIMA **
PROGRESSIVO: 029815            00000000  IMPEGNATO: 00000020  I.MASTER: 00000000  I.GDO: 00000000  I.TRAD: 00000011
PROGRESSIVO: 029815  LBX  LAT  00016820  IMPEGNATO: 00000011  I.MASTER: 00000000  I.GDO: 00000000  I.TRAD: 00000011
PROGRESSIVO: 029815  SIN  LAT  00016820  IMPEGNATO: 00000009  I.MASTER: 00000000  I.GDO: 00000000  I.TRAD: 00000000
 
PROGRESSIVO: 008741            00000000  IMPEGNATO: 00000016  I.MASTER: 00000000  I.GDO: 00000000  I.TRAD: 00000011
PROGRESSIVO: 008741  LBX  LAT  00016940  IMPEGNATO: 00000011  I.MASTER: 00000000  I.GDO: 00000000  I.TRAD: 00000011
PROGRESSIVO: 008741  LBX  LAT  00017020  IMPEGNATO: 00000000  I.MASTER: 00000000  I.GDO: 00000000  I.TRAD: 00000000
PROGRESSIVO: 008741  SIN  LAT  00016940  IMPEGNATO: 00000005  I.MASTER: 00000000  I.GDO: 00000000  I.TRAD: 00000000
PROGRESSIVO: 008741  SIN  LAT  00017020  IMPEGNATO: 00000000  I.MASTER: 00000000  I.GDO: 00000000  I.TRAD: 00000000
PROGRESSIVO: 008741  TRI  LAT  00016940  IMPEGNATO: 00000000  I.MASTER: 00000000  I.GDO: 00000000  I.TRAD: 00000000
 
** SITUAZIONE DOPO **
PROGRESSIVO: 029815            00000000  IMPEGNATO: 00000020  I.MASTER: 00000000  I.GDO: 00000000  I.TRAD: 00000017
PROGRESSIVO: 029815  LBX  LAT  00016820  IMPEGNATO: 00000017  I.MASTER: 00000000  I.GDO: 00000000  I.TRAD: 00000017
PROGRESSIVO: 029815  SIN  LAT  00016820  IMPEGNATO: 00000003  I.MASTER: 00000000  I.GDO: 00000000  I.TRAD: 00000000
 
PROGRESSIVO: 008741            00000000  IMPEGNATO: 00000016  I.MASTER: 00000000  I.GDO: 00000000  I.TRAD: 00000014
PROGRESSIVO: 008741  LBX  LAT  00016940  IMPEGNATO: 00000014  I.MASTER: 00000000  I.GDO: 00000000  I.TRAD: 00000014
PROGRESSIVO: 008741  LBX  LAT  00017020  IMPEGNATO: 00000000  I.MASTER: 00000000  I.GDO: 00000000  I.TRAD: 00000000
PROGRESSIVO: 008741  SIN  LAT  00016940  IMPEGNATO: 00000002  I.MASTER: 00000000  I.GDO: 00000000  I.TRAD: 00000000
PROGRESSIVO: 008741  SIN  LAT  00017020  IMPEGNATO: 00000000  I.MASTER: 00000000  I.GDO: 00000000  I.TRAD: 00000000
PROGRESSIVO: 008741  TRI  LAT  00016940  IMPEGNATO: 00000000  I.MASTER: 00000000  I.GDO: 00000000  I.TRAD: 00000000
 
