** SITUAZIONE PRIMA **
PROGRESSIVO: 026730            00000000  IMPEGNATO: 00000422  I.MASTER: 00000000  I.GDO: 00000086  I.TRAD: 00000000
PROGRESSIVO: 026730  LBX  VIS  00011168  IMPEGNATO: 00000086  I.MASTER: 00000000  I.GDO: 00000086  I.TRAD: 00000000
PROGRESSIVO: 026730  LBX  VIS  00014890  IMPEGNATO: 00000000  I.MASTER: 00000000  I.GDO: 00000000  I.TRAD: 00000000
PROGRESSIVO: 026730  ROT  VIS  00011168  IMPEGNATO: 00000000  I.MASTER: 00000000  I.GDO: 00000000  I.TRAD: 00000000
PROGRESSIVO: 026730  SIN  VIS  00011168  IMPEGNATO: 00000336  I.MASTER: 00000000  I.GDO: 00000000  I.TRAD: 00000000
PROGRESSIVO: 026730  SIN  VIS  00012061  IMPEGNATO: 00000000  I.MASTER: 00000000  I.GDO: 00000000  I.TRAD: 00000000
PROGRESSIVO: 026730  SIN  VIS  00014890  IMPEGNATO: 00000000  I.MASTER: 00000000  I.GDO: 00000000  I.TRAD: 00000000
 
PROGRESSIVO: 029783            00000000  IMPEGNATO: 00000320  I.MASTER: 00000000  I.GDO: 00000024  I.TRAD: 00000000
PROGRESSIVO: 029783  LBX  C04  00003500  IMPEGNATO: 00000020  I.MASTER: 00000000  I.GDO: 00000020  I.TRAD: 00000000
PROGRESSIVO: 029783  LBX  C04  00003502  IMPEGNATO: 00000000  I.MASTER: 00000000  I.GDO: 00000000  I.TRAD: 00000000
PROGRESSIVO: 029783  LBX  C04  00003540  IMPEGNATO: 00000004  I.MASTER: 00000000  I.GDO: 00000004  I.TRAD: 00000000
PROGRESSIVO: 029783  SIN  C04  00003500  IMPEGNATO: 00000296  I.MASTER: 00000000  I.GDO: 00000000  I.TRAD: 00000000
PROGRESSIVO: 029783  SIN  C04  00003502  IMPEGNATO: 00000000  I.MASTER: 00000000  I.GDO: 00000000  I.TRAD: 00000000
PROGRESSIVO: 029783  SIN  C04  00003540  IMPEGNATO: 00000000  I.MASTER: 00000000  I.GDO: 00000000  I.TRAD: 00000000
 
PROGRESSIVO: 026731            00000000  IMPEGNATO: 00000504  I.MASTER: 00000000  I.GDO: 00000118  I.TRAD: 00000026
PROGRESSIVO: 026731  LBX  VIS  00009668  IMPEGNATO: 00000144  I.MASTER: 00000000  I.GDO: 00000118  I.TRAD: 00000026
PROGRESSIVO: 026731  LBX  VIS  00012890  IMPEGNATO: 00000000  I.MASTER: 00000000  I.GDO: 00000000  I.TRAD: 00000000
PROGRESSIVO: 026731  ROT  VIS  00009668  IMPEGNATO: 00000000  I.MASTER: 00000000  I.GDO: 00000000  I.TRAD: 00000000
PROGRESSIVO: 026731  SIN  VIS  00009668  IMPEGNATO: 00000360  I.MASTER: 00000000  I.GDO: 00000000  I.TRAD: 00000000
PROGRESSIVO: 026731  SIN  VIS  00009680  IMPEGNATO: 00000000  I.MASTER: 00000000  I.GDO: 00000000  I.TRAD: 00000000
PROGRESSIVO: 026731  SIN  VIS  00010441  IMPEGNATO: 00000000  I.MASTER: 00000000  I.GDO: 00000000  I.TRAD: 00000000
PROGRESSIVO: 026731  SIN  VIS  00011168  IMPEGNATO: 00000000  I.MASTER: 00000000  I.GDO: 00000000  I.TRAD: 00000000
PROGRESSIVO: 026731  SIN  VIS  00012890  IMPEGNATO: 00000000  I.MASTER: 00000000  I.GDO: 00000000  I.TRAD: 00000000
 
PROGRESSIVO: 029377            00000000  IMPEGNATO: 00000033  I.MASTER: 00000000  I.GDO: 00000029  I.TRAD: 00000000
PROGRESSIVO: 029377  LBX  VIS  00011200  IMPEGNATO: 00000029  I.MASTER: 00000000  I.GDO: 00000029  I.TRAD: 00000000
PROGRESSIVO: 029377  SIN  VIS  00008400  IMPEGNATO: 00000000  I.MASTER: 00000000  I.GDO: 00000000  I.TRAD: 00000000
PROGRESSIVO: 029377  SIN  VIS  00011200  IMPEGNATO: 00000004  I.MASTER: 00000000  I.GDO: 00000000  I.TRAD: 00000000
 
PROGRESSIVO: 029672            00000000  IMPEGNATO: 00000041  I.MASTER: 00000000  I.GDO: 00000036  I.TRAD: 00000000
PROGRESSIVO: 029672  LBX  VIS  00013100  IMPEGNATO: 00000036  I.MASTER: 00000000  I.GDO: 00000036  I.TRAD: 00000000
PROGRESSIVO: 029672  SIN  VIS  00009825  IMPEGNATO: 00000000  I.MASTER: 00000000  I.GDO: 00000000  I.TRAD: 00000000
PROGRESSIVO: 029672  SIN  VIS  00013100  IMPEGNATO: 00000005  I.MASTER: 00000000  I.GDO: 00000000  I.TRAD: 00000000
 
PROGRESSIVO: 029787            00000000  IMPEGNATO: 00000024  I.MASTER: 00000000  I.GDO: 00000004  I.TRAD: 00000000
PROGRESSIVO: 029787  LBX  C04  00003400  IMPEGNATO: 00000004  I.MASTER: 00000000  I.GDO: 00000004  I.TRAD: 00000000
PROGRESSIVO: 029787  SIN  C04  00003400  IMPEGNATO: 00000020  I.MASTER: 00000000  I.GDO: 00000000  I.TRAD: 00000000
 
PROGRESSIVO: 029621            00000000  IMPEGNATO: 00000010  I.MASTER: 00000000  I.GDO: 00000000  I.TRAD: 00000000
PROGRESSIVO: 029621  LBX  C10  00000150  IMPEGNATO: 00000000  I.MASTER: 00000000  I.GDO: 00000000  I.TRAD: 00000000
PROGRESSIVO: 029621  SIN  C10  00000150  IMPEGNATO: 00000010  I.MASTER: 00000000  I.GDO: 00000000  I.TRAD: 00000000
 
PROGRESSIVO: 029769            00000000  IMPEGNATO: 00000504  I.MASTER: 00000000  I.GDO: 00000324  I.TRAD: 00000000
PROGRESSIVO: 029769  LBX  C12  00000870  IMPEGNATO: 00000324  I.MASTER: 00000000  I.GDO: 00000324  I.TRAD: 00000000
PROGRESSIVO: 029769  LBX  C12  00000880  IMPEGNATO: 00000000  I.MASTER: 00000000  I.GDO: 00000000  I.TRAD: 00000000
PROGRESSIVO: 029769  SIN  C12  00000870  IMPEGNATO: 00000156  I.MASTER: 00000000  I.GDO: 00000000  I.TRAD: 00000000
PROGRESSIVO: 029769  SIN  C12  00000880  IMPEGNATO: 00000024  I.MASTER: 00000000  I.GDO: 00000000  I.TRAD: 00000000
 
PROGRESSIVO: 029739            00000000  IMPEGNATO: 00000240  I.MASTER: 00000000  I.GDO: 00000192  I.TRAD: 00000000
PROGRESSIVO: 029739  LBX  C12  00000851  IMPEGNATO: 00000192  I.MASTER: 00000000  I.GDO: 00000192  I.TRAD: 00000000
PROGRESSIVO: 029739  SIN  C12  00000851  IMPEGNATO: 00000048  I.MASTER: 00000000  I.GDO: 00000000  I.TRAD: 00000000
 
PROGRESSIVO: 029772            00000000  IMPEGNATO: 00000132  I.MASTER: 00000000  I.GDO: 00000120  I.TRAD: 00000000
PROGRESSIVO: 029772  LBX  C12  00000883  IMPEGNATO: 00000120  I.MASTER: 00000000  I.GDO: 00000120  I.TRAD: 00000000
PROGRESSIVO: 029772  SIN  C12  00000883  IMPEGNATO: 00000012  I.MASTER: 00000000  I.GDO: 00000000  I.TRAD: 00000000
 
PROGRESSIVO: 026881            00000000  IMPEGNATO: 00000600  I.MASTER: 00000000  I.GDO: 00000248  I.TRAD: 00000035
PROGRESSIVO: 026881  LBX  LAT  00010000  IMPEGNATO: 00000283  I.MASTER: 00000000  I.GDO: 00000248  I.TRAD: 00000035
PROGRESSIVO: 026881  SIN  LAT  00010000  IMPEGNATO: 00000317  I.MASTER: 00000000  I.GDO: 00000000  I.TRAD: 00000000
 
PROGRESSIVO: 029685            00000000  IMPEGNATO: 00000004  I.MASTER: 00000000  I.GDO: 00000000  I.TRAD: 00000000
PROGRESSIVO: 029685  LBX  C04  00000290  IMPEGNATO: 00000000  I.MASTER: 00000000  I.GDO: 00000000  I.TRAD: 00000000
PROGRESSIVO: 029685  LBX  VIS  00000290  IMPEGNATO: 00000000  I.MASTER: 00000000  I.GDO: 00000000  I.TRAD: 00000000
PROGRESSIVO: 029685  SIN  C04  00000290  IMPEGNATO: 00000004  I.MASTER: 00000000  I.GDO: 00000000  I.TRAD: 00000000
PROGRESSIVO: 029685  SIN  VIS  00000290  IMPEGNATO: 00000000  I.MASTER: 00000000  I.GDO: 00000000  I.TRAD: 00000000
 
PROGRESSIVO: 029639            00000000  IMPEGNATO: 00000065  I.MASTER: 00000000  I.GDO: 00000025  I.TRAD: 00000000
PROGRESSIVO: 029639  LBX  C05  00000150  IMPEGNATO: 00000025  I.MASTER: 00000000  I.GDO: 00000025  I.TRAD: 00000000
PROGRESSIVO: 029639  SIN  C05  00000150  IMPEGNATO: 00000040  I.MASTER: 00000000  I.GDO: 00000000  I.TRAD: 00000000
 
PROGRESSIVO: 029640            00000000  IMPEGNATO: 00000080  I.MASTER: 00000000  I.GDO: 00000015  I.TRAD: 00000005
PROGRESSIVO: 029640  LBX  C05  00000150  IMPEGNATO: 00000020  I.MASTER: 00000000  I.GDO: 00000015  I.TRAD: 00000005
PROGRESSIVO: 029640  SIN  C05  00000150  IMPEGNATO: 00000060  I.MASTER: 00000000  I.GDO: 00000000  I.TRAD: 00000000
 
PROGRESSIVO: 029746            00000000  IMPEGNATO: 00000864  I.MASTER: 00000000  I.GDO: 00000816  I.TRAD: 00000000
PROGRESSIVO: 029746  LBX  C12  00000872  IMPEGNATO: 00000816  I.MASTER: 00000000  I.GDO: 00000816  I.TRAD: 00000000
PROGRESSIVO: 029746  LBX  C12  00000880  IMPEGNATO: 00000000  I.MASTER: 00000000  I.GDO: 00000000  I.TRAD: 00000000
PROGRESSIVO: 029746  SIN  C12  00000872  IMPEGNATO: 00000048  I.MASTER: 00000000  I.GDO: 00000000  I.TRAD: 00000000
PROGRESSIVO: 029746  SIN  C12  00000880  IMPEGNATO: 00000000  I.MASTER: 00000000  I.GDO: 00000000  I.TRAD: 00000000
 
PROGRESSIVO: 029770            00000000  IMPEGNATO: 00000148  I.MASTER: 00000000  I.GDO: 00000096  I.TRAD: 00000000
PROGRESSIVO: 029770  LBX  C04  00003045  IMPEGNATO: 00000096  I.MASTER: 00000000  I.GDO: 00000096  I.TRAD: 00000000
PROGRESSIVO: 029770  SIN  C04  00003045  IMPEGNATO: 00000052  I.MASTER: 00000000  I.GDO: 00000000  I.TRAD: 00000000
 
PROGRESSIVO: 031245            00000000  IMPEGNATO: 00000036  I.MASTER: 00000000  I.GDO: 00000000  I.TRAD: 00000000
PROGRESSIVO: 031245  LBX  C12  00000860  IMPEGNATO: 00000000  I.MASTER: 00000000  I.GDO: 00000000  I.TRAD: 00000000
PROGRESSIVO: 031245  LBX  C12  00000868  IMPEGNATO: 00000000  I.MASTER: 00000000  I.GDO: 00000000  I.TRAD: 00000000
PROGRESSIVO: 031245  SIN  C12  00000860  IMPEGNATO: 00000036  I.MASTER: 00000000  I.GDO: 00000000  I.TRAD: 00000000
PROGRESSIVO: 031245  SIN  C12  00000868  IMPEGNATO: 00000000  I.MASTER: 00000000  I.GDO: 00000000  I.TRAD: 00000000
 
PROGRESSIVO: 029777            00000000  IMPEGNATO: 00000032  I.MASTER: 00000000  I.GDO: 00000008  I.TRAD: 00000000
PROGRESSIVO: 029777  LBX  C04  00003467  IMPEGNATO: 00000008  I.MASTER: 00000000  I.GDO: 00000008  I.TRAD: 00000000
PROGRESSIVO: 029777  LBX  C04  00003468  IMPEGNATO: 00000000  I.MASTER: 00000000  I.GDO: 00000000  I.TRAD: 00000000
PROGRESSIVO: 029777  LBX  C04  00003472  IMPEGNATO: 00000000  I.MASTER: 00000000  I.GDO: 00000000  I.TRAD: 00000000
PROGRESSIVO: 029777  SIN  C04  00003467  IMPEGNATO: 00000012  I.MASTER: 00000000  I.GDO: 00000000  I.TRAD: 00000000
PROGRESSIVO: 029777  SIN  C04  00003468  IMPEGNATO: 00000000  I.MASTER: 00000000  I.GDO: 00000000  I.TRAD: 00000000
PROGRESSIVO: 029777  SIN  C04  00003472  IMPEGNATO: 00000012  I.MASTER: 00000000  I.GDO: 00000000  I.TRAD: 00000000
 
** SITUAZIONE DOPO **
PROGRESSIVO: 026730            00000000  IMPEGNATO: 00000422  I.MASTER: 00000000  I.GDO: 00000088  I.TRAD: 00000000
PROGRESSIVO: 026730  LBX  VIS  00011168  IMPEGNATO: 00000088  I.MASTER: 00000000  I.GDO: 00000088  I.TRAD: 00000000
PROGRESSIVO: 026730  LBX  VIS  00014890  IMPEGNATO: 00000000  I.MASTER: 00000000  I.GDO: 00000000  I.TRAD: 00000000
PROGRESSIVO: 026730  ROT  VIS  00011168  IMPEGNATO: 00000000  I.MASTER: 00000000  I.GDO: 00000000  I.TRAD: 00000000
PROGRESSIVO: 026730  SIN  VIS  00011168  IMPEGNATO: 00000334  I.MASTER: 00000000  I.GDO: 00000000  I.TRAD: 00000000
PROGRESSIVO: 026730  SIN  VIS  00012061  IMPEGNATO: 00000000  I.MASTER: 00000000  I.GDO: 00000000  I.TRAD: 00000000
PROGRESSIVO: 026730  SIN  VIS  00014890  IMPEGNATO: 00000000  I.MASTER: 00000000  I.GDO: 00000000  I.TRAD: 00000000
 
PROGRESSIVO: 029783            00000000  IMPEGNATO: 00000320  I.MASTER: 00000000  I.GDO: 00000028  I.TRAD: 00000000
PROGRESSIVO: 029783  LBX  C04  00003500  IMPEGNATO: 00000024  I.MASTER: 00000000  I.GDO: 00000024  I.TRAD: 00000000
PROGRESSIVO: 029783  LBX  C04  00003502  IMPEGNATO: 00000000  I.MASTER: 00000000  I.GDO: 00000000  I.TRAD: 00000000
PROGRESSIVO: 029783  LBX  C04  00003540  IMPEGNATO: 00000004  I.MASTER: 00000000  I.GDO: 00000004  I.TRAD: 00000000
PROGRESSIVO: 029783  SIN  C04  00003500  IMPEGNATO: 00000292  I.MASTER: 00000000  I.GDO: 00000000  I.TRAD: 00000000
PROGRESSIVO: 029783  SIN  C04  00003502  IMPEGNATO: 00000000  I.MASTER: 00000000  I.GDO: 00000000  I.TRAD: 00000000
PROGRESSIVO: 029783  SIN  C04  00003540  IMPEGNATO: 00000000  I.MASTER: 00000000  I.GDO: 00000000  I.TRAD: 00000000
 
PROGRESSIVO: 026731            00000000  IMPEGNATO: 00000504  I.MASTER: 00000000  I.GDO: 00000125  I.TRAD: 00000026
PROGRESSIVO: 026731  LBX  VIS  00009668  IMPEGNATO: 00000151  I.MASTER: 00000000  I.GDO: 00000125  I.TRAD: 00000026
PROGRESSIVO: 026731  LBX  VIS  00012890  IMPEGNATO: 00000000  I.MASTER: 00000000  I.GDO: 00000000  I.TRAD: 00000000
PROGRESSIVO: 026731  ROT  VIS  00009668  IMPEGNATO: 00000000  I.MASTER: 00000000  I.GDO: 00000000  I.TRAD: 00000000
PROGRESSIVO: 026731  SIN  VIS  00009668  IMPEGNATO: 00000353  I.MASTER: 00000000  I.GDO: 00000000  I.TRAD: 00000000
PROGRESSIVO: 026731  SIN  VIS  00009680  IMPEGNATO: 00000000  I.MASTER: 00000000  I.GDO: 00000000  I.TRAD: 00000000
PROGRESSIVO: 026731  SIN  VIS  00010441  IMPEGNATO: 00000000  I.MASTER: 00000000  I.GDO: 00000000  I.TRAD: 00000000
PROGRESSIVO: 026731  SIN  VIS  00011168  IMPEGNATO: 00000000  I.MASTER: 00000000  I.GDO: 00000000  I.TRAD: 00000000
PROGRESSIVO: 026731  SIN  VIS  00012890  IMPEGNATO: 00000000  I.MASTER: 00000000  I.GDO: 00000000  I.TRAD: 00000000
 
PROGRESSIVO: 029377            00000000  IMPEGNATO: 00000033  I.MASTER: 00000000  I.GDO: 00000030  I.TRAD: 00000000
PROGRESSIVO: 029377  LBX  VIS  00011200  IMPEGNATO: 00000030  I.MASTER: 00000000  I.GDO: 00000030  I.TRAD: 00000000
PROGRESSIVO: 029377  SIN  VIS  00008400  IMPEGNATO: 00000000  I.MASTER: 00000000  I.GDO: 00000000  I.TRAD: 00000000
PROGRESSIVO: 029377  SIN  VIS  00011200  IMPEGNATO: 00000003  I.MASTER: 00000000  I.GDO: 00000000  I.TRAD: 00000000
 
PROGRESSIVO: 029672            00000000  IMPEGNATO: 00000041  I.MASTER: 00000000  I.GDO: 00000040  I.TRAD: 00000000
PROGRESSIVO: 029672  LBX  VIS  00013100  IMPEGNATO: 00000040  I.MASTER: 00000000  I.GDO: 00000040  I.TRAD: 00000000
PROGRESSIVO: 029672  SIN  VIS  00009825  IMPEGNATO: 00000000  I.MASTER: 00000000  I.GDO: 00000000  I.TRAD: 00000000
PROGRESSIVO: 029672  SIN  VIS  00013100  IMPEGNATO: 00000001  I.MASTER: 00000000  I.GDO: 00000000  I.TRAD: 00000000
 
PROGRESSIVO: 029787            00000000  IMPEGNATO: 00000024  I.MASTER: 00000000  I.GDO: 00000008  I.TRAD: 00000000
PROGRESSIVO: 029787  LBX  C04  00003400  IMPEGNATO: 00000008  I.MASTER: 00000000  I.GDO: 00000008  I.TRAD: 00000000
PROGRESSIVO: 029787  SIN  C04  00003400  IMPEGNATO: 00000016  I.MASTER: 00000000  I.GDO: 00000000  I.TRAD: 00000000
 
PROGRESSIVO: 029621            00000000  IMPEGNATO: 00000010  I.MASTER: 00000000  I.GDO: 00000010  I.TRAD: 00000000
PROGRESSIVO: 029621  LBX  C10  00000150  IMPEGNATO: 00000010  I.MASTER: 00000000  I.GDO: 00000010  I.TRAD: 00000000
PROGRESSIVO: 029621  SIN  C10  00000150  IMPEGNATO: 00000000  I.MASTER: 00000000  I.GDO: 00000000  I.TRAD: 00000000
 
PROGRESSIVO: 029769            00000000  IMPEGNATO: 00000504  I.MASTER: 00000000  I.GDO: 00000348  I.TRAD: 00000000
PROGRESSIVO: 029769  LBX  C12  00000870  IMPEGNATO: 00000348  I.MASTER: 00000000  I.GDO: 00000348  I.TRAD: 00000000
PROGRESSIVO: 029769  LBX  C12  00000880  IMPEGNATO: 00000000  I.MASTER: 00000000  I.GDO: 00000000  I.TRAD: 00000000
PROGRESSIVO: 029769  SIN  C12  00000870  IMPEGNATO: 00000132  I.MASTER: 00000000  I.GDO: 00000000  I.TRAD: 00000000
PROGRESSIVO: 029769  SIN  C12  00000880  IMPEGNATO: 00000024  I.MASTER: 00000000  I.GDO: 00000000  I.TRAD: 00000000
 
PROGRESSIVO: 029739            00000000  IMPEGNATO: 00000240  I.MASTER: 00000000  I.GDO: 00000204  I.TRAD: 00000000
PROGRESSIVO: 029739  LBX  C12  00000851  IMPEGNATO: 00000204  I.MASTER: 00000000  I.GDO: 00000204  I.TRAD: 00000000
PROGRESSIVO: 029739  SIN  C12  00000851  IMPEGNATO: 00000036  I.MASTER: 00000000  I.GDO: 00000000  I.TRAD: 00000000
 
PROGRESSIVO: 029772            00000000  IMPEGNATO: 00000132  I.MASTER: 00000000  I.GDO: 00000132  I.TRAD: 00000000
PROGRESSIVO: 029772  LBX  C12  00000883  IMPEGNATO: 00000132  I.MASTER: 00000000  I.GDO: 00000132  I.TRAD: 00000000
PROGRESSIVO: 029772  SIN  C12  00000883  IMPEGNATO: 00000000  I.MASTER: 00000000  I.GDO: 00000000  I.TRAD: 00000000
 
PROGRESSIVO: 026881            00000000  IMPEGNATO: 00000600  I.MASTER: 00000000  I.GDO: 00000249  I.TRAD: 00000035
PROGRESSIVO: 026881  LBX  LAT  00010000  IMPEGNATO: 00000284  I.MASTER: 00000000  I.GDO: 00000249  I.TRAD: 00000035
PROGRESSIVO: 026881  SIN  LAT  00010000  IMPEGNATO: 00000316  I.MASTER: 00000000  I.GDO: 00000000  I.TRAD: 00000000
 
PROGRESSIVO: 029685            00000000  IMPEGNATO: 00000004  I.MASTER: 00000000  I.GDO: 00000004  I.TRAD: 00000000
PROGRESSIVO: 029685  LBX  C04  00000290  IMPEGNATO: 00000004  I.MASTER: 00000000  I.GDO: 00000004  I.TRAD: 00000000
PROGRESSIVO: 029685  LBX  VIS  00000290  IMPEGNATO: 00000000  I.MASTER: 00000000  I.GDO: 00000000  I.TRAD: 00000000
PROGRESSIVO: 029685  SIN  C04  00000290  IMPEGNATO: 00000000  I.MASTER: 00000000  I.GDO: 00000000  I.TRAD: 00000000
PROGRESSIVO: 029685  SIN  VIS  00000290  IMPEGNATO: 00000000  I.MASTER: 00000000  I.GDO: 00000000  I.TRAD: 00000000
 
PROGRESSIVO: 029639            00000000  IMPEGNATO: 00000065  I.MASTER: 00000000  I.GDO: 00000030  I.TRAD: 00000000
PROGRESSIVO: 029639  LBX  C05  00000150  IMPEGNATO: 00000030  I.MASTER: 00000000  I.GDO: 00000030  I.TRAD: 00000000
PROGRESSIVO: 029639  SIN  C05  00000150  IMPEGNATO: 00000035  I.MASTER: 00000000  I.GDO: 00000000  I.TRAD: 00000000
 
PROGRESSIVO: 029640            00000000  IMPEGNATO: 00000080  I.MASTER: 00000000  I.GDO: 00000020  I.TRAD: 00000005
PROGRESSIVO: 029640  LBX  C05  00000150  IMPEGNATO: 00000025  I.MASTER: 00000000  I.GDO: 00000020  I.TRAD: 00000005
PROGRESSIVO: 029640  SIN  C05  00000150  IMPEGNATO: 00000055  I.MASTER: 00000000  I.GDO: 00000000  I.TRAD: 00000000
 
PROGRESSIVO: 029746            00000000  IMPEGNATO: 00000864  I.MASTER: 00000000  I.GDO: 00000828  I.TRAD: 00000000
PROGRESSIVO: 029746  LBX  C12  00000872  IMPEGNATO: 00000828  I.MASTER: 00000000  I.GDO: 00000828  I.TRAD: 00000000
PROGRESSIVO: 029746  LBX  C12  00000880  IMPEGNATO: 00000000  I.MASTER: 00000000  I.GDO: 00000000  I.TRAD: 00000000
PROGRESSIVO: 029746  SIN  C12  00000872  IMPEGNATO: 00000036  I.MASTER: 00000000  I.GDO: 00000000  I.TRAD: 00000000
PROGRESSIVO: 029746  SIN  C12  00000880  IMPEGNATO: 00000000  I.MASTER: 00000000  I.GDO: 00000000  I.TRAD: 00000000
 
PROGRESSIVO: 029770            00000000  IMPEGNATO: 00000148  I.MASTER: 00000000  I.GDO: 00000104  I.TRAD: 00000000
PROGRESSIVO: 029770  LBX  C04  00003045  IMPEGNATO: 00000104  I.MASTER: 00000000  I.GDO: 00000104  I.TRAD: 00000000
PROGRESSIVO: 029770  SIN  C04  00003045  IMPEGNATO: 00000044  I.MASTER: 00000000  I.GDO: 00000000  I.TRAD: 00000000
 
PROGRESSIVO: 031245            00000000  IMPEGNATO: 00000036  I.MASTER: 00000000  I.GDO: 00000012  I.TRAD: 00000000
PROGRESSIVO: 031245  LBX  C12  00000860  IMPEGNATO: 00000012  I.MASTER: 00000000  I.GDO: 00000012  I.TRAD: 00000000
PROGRESSIVO: 031245  LBX  C12  00000868  IMPEGNATO: 00000000  I.MASTER: 00000000  I.GDO: 00000000  I.TRAD: 00000000
PROGRESSIVO: 031245  SIN  C12  00000860  IMPEGNATO: 00000024  I.MASTER: 00000000  I.GDO: 00000000  I.TRAD: 00000000
PROGRESSIVO: 031245  SIN  C12  00000868  IMPEGNATO: 00000000  I.MASTER: 00000000  I.GDO: 00000000  I.TRAD: 00000000
 
PROGRESSIVO: 029777            00000000  IMPEGNATO: 00000032  I.MASTER: 00000000  I.GDO: 00000012  I.TRAD: 00000000
PROGRESSIVO: 029777  LBX  C04  00003467  IMPEGNATO: 00000012  I.MASTER: 00000000  I.GDO: 00000012  I.TRAD: 00000000
PROGRESSIVO: 029777  LBX  C04  00003468  IMPEGNATO: 00000000  I.MASTER: 00000000  I.GDO: 00000000  I.TRAD: 00000000
PROGRESSIVO: 029777  LBX  C04  00003472  IMPEGNATO: 00000000  I.MASTER: 00000000  I.GDO: 00000000  I.TRAD: 00000000
PROGRESSIVO: 029777  SIN  C04  00003467  IMPEGNATO: 00000008  I.MASTER: 00000000  I.GDO: 00000000  I.TRAD: 00000000
PROGRESSIVO: 029777  SIN  C04  00003468  IMPEGNATO: 00000000  I.MASTER: 00000000  I.GDO: 00000000  I.TRAD: 00000000
PROGRESSIVO: 029777  SIN  C04  00003472  IMPEGNATO: 00000012  I.MASTER: 00000000  I.GDO: 00000000  I.TRAD: 00000000
 
