** SITUAZIONE PRIMA **
PROGRESSIVO: 029451            00000000  IMPEGNATO: 00000012  I.MASTER: 00000000  I.GDO: 00000010  I.TRAD: 00000000
PROGRESSIVO: 029451  LBX  VIS  00000850  IMPEGNATO: 00000000  I.MASTER: 00000000  I.GDO: 00000000  I.TRAD: 00000000
PROGRESSIVO: 029451  SIN  VIS  00000850  IMPEGNATO: 00000012  I.MASTER: 00000000  I.GDO: 00000010  I.TRAD: 00000000
 
PROGRESSIVO: 029452            00000000  IMPEGNATO: 00000012  I.MASTER: 00000000  I.GDO: 00000010  I.TRAD: 00000000
PROGRESSIVO: 029452  LBX  VIS  00000850  IMPEGNATO: 00000000  I.MASTER: 00000000  I.GDO: 00000000  I.TRAD: 00000000
PROGRESSIVO: 029452  SIN  VIS  00000850  IMPEGNATO: 00000012  I.MASTER: 00000000  I.GDO: 00000010  I.TRAD: 00000000
 
PROGRESSIVO: 029453            00000000  IMPEGNATO: 00000010  I.MASTER: 00000000  I.GDO: 00000004  I.TRAD: 00000000
PROGRESSIVO: 029453  LBX  VIS  00000850  IMPEGNATO: 00000000  I.MASTER: 00000000  I.GDO: 00000000  I.TRAD: 00000000
PROGRESSIVO: 029453  SIN  VIS  00000850  IMPEGNATO: 00000010  I.MASTER: 00000000  I.GDO: 00000004  I.TRAD: 00000000
 
** SITUAZIONE DOPO **
PROGRESSIVO: 029451            00000000  IMPEGNATO: 00000000  I.MASTER: 00000000  I.GDO: 00000011  I.TRAD: 00000000
PROGRESSIVO: 029451  LBX  VIS  00000850  IMPEGNATO: 00000000  I.MASTER: 00000000  I.GDO: 00000000  I.TRAD: 00000000
PROGRESSIVO: 029451  SIN  VIS  00000850  IMPEGNATO: 00000012  I.MASTER: 00000000  I.GDO: 00000011  I.TRAD: 00000000
 
PROGRESSIVO: 029452            00000000  IMPEGNATO: 00000012  I.MASTER: 00000000  I.GDO: 00000011  I.TRAD: 00000000
PROGRESSIVO: 029452  LBX  VIS  00000850  IMPEGNATO: 00000000  I.MASTER: 00000000  I.GDO: 00000000  I.TRAD: 00000000
PROGRESSIVO: 029452  SIN  VIS  00000850  IMPEGNATO: 00000012  I.MASTER: 00000000  I.GDO: 00000011  I.TRAD: 00000000
 
PROGRESSIVO: 029453            00000000  IMPEGNATO: 00000010  I.MASTER: 00000000  I.GDO: 00000005  I.TRAD: 00000000
PROGRESSIVO: 029453  LBX  VIS  00000850  IMPEGNATO: 00000000  I.MASTER: 00000000  I.GDO: 00000000  I.TRAD: 00000000
PROGRESSIVO: 029453  SIN  VIS  00000850  IMPEGNATO: 00000010  I.MASTER: 00000000  I.GDO: 00000005  I.TRAD: 00000000
 
