** SITUAZIONE PRIMA **
PROGRESSIVO: 029787            00000000  IMPEGNATO: 00000024  I.MASTER: 00000000  I.GDO: 00000008  I.TRAD: 00000000
PROGRESSIVO: 029787  LBX  C04  00003400  IMPEGNATO: 00000008  I.MASTER: 00000000  I.GDO: 00000008  I.TRAD: 00000000
PROGRESSIVO: 029787  SIN  C04  00003400  IMPEGNATO: 00000016  I.MASTER: 00000000  I.GDO: 00000000  I.TRAD: 00000000
 
PROGRESSIVO: 029769            00000000  IMPEGNATO: 00000504  I.MASTER: 00000000  I.GDO: 00000348  I.TRAD: 00000000
PROGRESSIVO: 029769  LBX  C12  00000870  IMPEGNATO: 00000348  I.MASTER: 00000000  I.GDO: 00000348  I.TRAD: 00000000
PROGRESSIVO: 029769  LBX  C12  00000880  IMPEGNATO: 00000000  I.MASTER: 00000000  I.GDO: 00000000  I.TRAD: 00000000
PROGRESSIVO: 029769  SIN  C12  00000870  IMPEGNATO: 00000132  I.MASTER: 00000000  I.GDO: 00000000  I.TRAD: 00000000
PROGRESSIVO: 029769  SIN  C12  00000880  IMPEGNATO: 00000024  I.MASTER: 00000000  I.GDO: 00000000  I.TRAD: 00000000
 
PROGRESSIVO: 029740            00000000  IMPEGNATO: 00000204  I.MASTER: 00000000  I.GDO: 00000188  I.TRAD: 00000000
PROGRESSIVO: 029740  LBX  C04  00003404  IMPEGNATO: 00000188  I.MASTER: 00000000  I.GDO: 00000188  I.TRAD: 00000000
PROGRESSIVO: 029740  SIN  C04  00003404  IMPEGNATO: 00000016  I.MASTER: 00000000  I.GDO: 00000000  I.TRAD: 00000000
 
PROGRESSIVO: 026881            00000000  IMPEGNATO: 00000600  I.MASTER: 00000000  I.GDO: 00000249  I.TRAD: 00000035
PROGRESSIVO: 026881  LBX  LAT  00010000  IMPEGNATO: 00000284  I.MASTER: 00000000  I.GDO: 00000249  I.TRAD: 00000035
PROGRESSIVO: 026881  SIN  LAT  00010000  IMPEGNATO: 00000316  I.MASTER: 00000000  I.GDO: 00000000  I.TRAD: 00000000
 
PROGRESSIVO: 029632            00000000  IMPEGNATO: 00000030  I.MASTER: 00000000  I.GDO: 00000005  I.TRAD: 00000005
PROGRESSIVO: 029632  LBX  C05  00000150  IMPEGNATO: 00000010  I.MASTER: 00000000  I.GDO: 00000005  I.TRAD: 00000005
PROGRESSIVO: 029632  SIN  C05  00000150  IMPEGNATO: 00000020  I.MASTER: 00000000  I.GDO: 00000000  I.TRAD: 00000000
 
PROGRESSIVO: 029639            00000000  IMPEGNATO: 00000065  I.MASTER: 00000000  I.GDO: 00000030  I.TRAD: 00000000
PROGRESSIVO: 029639  LBX  C05  00000150  IMPEGNATO: 00000030  I.MASTER: 00000000  I.GDO: 00000030  I.TRAD: 00000000
PROGRESSIVO: 029639  SIN  C05  00000150  IMPEGNATO: 00000035  I.MASTER: 00000000  I.GDO: 00000000  I.TRAD: 00000000
 
PROGRESSIVO: 029640            00000000  IMPEGNATO: 00000080  I.MASTER: 00000000  I.GDO: 00000020  I.TRAD: 00000005
PROGRESSIVO: 029640  LBX  C05  00000150  IMPEGNATO: 00000025  I.MASTER: 00000000  I.GDO: 00000020  I.TRAD: 00000005
PROGRESSIVO: 029640  SIN  C05  00000150  IMPEGNATO: 00000055  I.MASTER: 00000000  I.GDO: 00000000  I.TRAD: 00000000
 
PROGRESSIVO: 029671            00000000  IMPEGNATO: 00000039  I.MASTER: 00000000  I.GDO: 00000037  I.TRAD: 00000000
PROGRESSIVO: 029671  LBX  VIS  00019030  IMPEGNATO: 00000037  I.MASTER: 00000000  I.GDO: 00000037  I.TRAD: 00000000
PROGRESSIVO: 029671  SIN  VIS  00014273  IMPEGNATO: 00000000  I.MASTER: 00000000  I.GDO: 00000000  I.TRAD: 00000000
PROGRESSIVO: 029671  SIN  VIS  00019030  IMPEGNATO: 00000002  I.MASTER: 00000000  I.GDO: 00000000  I.TRAD: 00000000
 
PROGRESSIVO: 029746            00000000  IMPEGNATO: 00000864  I.MASTER: 00000000  I.GDO: 00000828  I.TRAD: 00000000
PROGRESSIVO: 029746  LBX  C12  00000872  IMPEGNATO: 00000828  I.MASTER: 00000000  I.GDO: 00000828  I.TRAD: 00000000
PROGRESSIVO: 029746  LBX  C12  00000880  IMPEGNATO: 00000000  I.MASTER: 00000000  I.GDO: 00000000  I.TRAD: 00000000
PROGRESSIVO: 029746  SIN  C12  00000872  IMPEGNATO: 00000036  I.MASTER: 00000000  I.GDO: 00000000  I.TRAD: 00000000
PROGRESSIVO: 029746  SIN  C12  00000880  IMPEGNATO: 00000000  I.MASTER: 00000000  I.GDO: 00000000  I.TRAD: 00000000
 
PROGRESSIVO: 029777            00000000  IMPEGNATO: 00000032  I.MASTER: 00000000  I.GDO: 00000012  I.TRAD: 00000000
PROGRESSIVO: 029777  LBX  C04  00003467  IMPEGNATO: 00000012  I.MASTER: 00000000  I.GDO: 00000012  I.TRAD: 00000000
PROGRESSIVO: 029777  LBX  C04  00003468  IMPEGNATO: 00000000  I.MASTER: 00000000  I.GDO: 00000000  I.TRAD: 00000000
PROGRESSIVO: 029777  LBX  C04  00003472  IMPEGNATO: 00000000  I.MASTER: 00000000  I.GDO: 00000000  I.TRAD: 00000000
PROGRESSIVO: 029777  SIN  C04  00003467  IMPEGNATO: 00000008  I.MASTER: 00000000  I.GDO: 00000000  I.TRAD: 00000000
PROGRESSIVO: 029777  SIN  C04  00003468  IMPEGNATO: 00000000  I.MASTER: 00000000  I.GDO: 00000000  I.TRAD: 00000000
PROGRESSIVO: 029777  SIN  C04  00003472  IMPEGNATO: 00000012  I.MASTER: 00000000  I.GDO: 00000000  I.TRAD: 00000000
 
** SITUAZIONE DOPO **
PROGRESSIVO: 029787            00000000  IMPEGNATO: 00000024  I.MASTER: 00000000  I.GDO: 00000012  I.TRAD: 00000000
PROGRESSIVO: 029787  LBX  C04  00003400  IMPEGNATO: 00000012  I.MASTER: 00000000  I.GDO: 00000012  I.TRAD: 00000000
PROGRESSIVO: 029787  SIN  C04  00003400  IMPEGNATO: 00000012  I.MASTER: 00000000  I.GDO: 00000000  I.TRAD: 00000000
 
PROGRESSIVO: 029769            00000000  IMPEGNATO: 00000504  I.MASTER: 00000000  I.GDO: 00000360  I.TRAD: 00000000
PROGRESSIVO: 029769  LBX  C12  00000870  IMPEGNATO: 00000360  I.MASTER: 00000000  I.GDO: 00000360  I.TRAD: 00000000
PROGRESSIVO: 029769  LBX  C12  00000880  IMPEGNATO: 00000000  I.MASTER: 00000000  I.GDO: 00000000  I.TRAD: 00000000
PROGRESSIVO: 029769  SIN  C12  00000870  IMPEGNATO: 00000120  I.MASTER: 00000000  I.GDO: 00000000  I.TRAD: 00000000
PROGRESSIVO: 029769  SIN  C12  00000880  IMPEGNATO: 00000024  I.MASTER: 00000000  I.GDO: 00000000  I.TRAD: 00000000
 
PROGRESSIVO: 029740            00000000  IMPEGNATO: 00000204  I.MASTER: 00000000  I.GDO: 00000192  I.TRAD: 00000000
PROGRESSIVO: 029740  LBX  C04  00003404  IMPEGNATO: 00000192  I.MASTER: 00000000  I.GDO: 00000192  I.TRAD: 00000000
PROGRESSIVO: 029740  SIN  C04  00003404  IMPEGNATO: 00000012  I.MASTER: 00000000  I.GDO: 00000000  I.TRAD: 00000000
 
PROGRESSIVO: 026881            00000000  IMPEGNATO: 00000600  I.MASTER: 00000000  I.GDO: 00000258  I.TRAD: 00000035
PROGRESSIVO: 026881  LBX  LAT  00010000  IMPEGNATO: 00000293  I.MASTER: 00000000  I.GDO: 00000258  I.TRAD: 00000035
PROGRESSIVO: 026881  SIN  LAT  00010000  IMPEGNATO: 00000307  I.MASTER: 00000000  I.GDO: 00000000  I.TRAD: 00000000
 
PROGRESSIVO: 029632            00000000  IMPEGNATO: 00000030  I.MASTER: 00000000  I.GDO: 00000010  I.TRAD: 00000005
PROGRESSIVO: 029632  LBX  C05  00000150  IMPEGNATO: 00000015  I.MASTER: 00000000  I.GDO: 00000010  I.TRAD: 00000005
PROGRESSIVO: 029632  SIN  C05  00000150  IMPEGNATO: 00000015  I.MASTER: 00000000  I.GDO: 00000000  I.TRAD: 00000000
 
PROGRESSIVO: 029639            00000000  IMPEGNATO: 00000065  I.MASTER: 00000000  I.GDO: 00000035  I.TRAD: 00000000
PROGRESSIVO: 029639  LBX  C05  00000150  IMPEGNATO: 00000035  I.MASTER: 00000000  I.GDO: 00000035  I.TRAD: 00000000
PROGRESSIVO: 029639  SIN  C05  00000150  IMPEGNATO: 00000030  I.MASTER: 00000000  I.GDO: 00000000  I.TRAD: 00000000
 
PROGRESSIVO: 029640            00000000  IMPEGNATO: 00000080  I.MASTER: 00000000  I.GDO: 00000025  I.TRAD: 00000005
PROGRESSIVO: 029640  LBX  C05  00000150  IMPEGNATO: 00000030  I.MASTER: 00000000  I.GDO: 00000025  I.TRAD: 00000005
PROGRESSIVO: 029640  SIN  C05  00000150  IMPEGNATO: 00000050  I.MASTER: 00000000  I.GDO: 00000000  I.TRAD: 00000000
 
PROGRESSIVO: 029671            00000000  IMPEGNATO: 00000039  I.MASTER: 00000000  I.GDO: 00000038  I.TRAD: 00000000
PROGRESSIVO: 029671  LBX  VIS  00019030  IMPEGNATO: 00000038  I.MASTER: 00000000  I.GDO: 00000038  I.TRAD: 00000000
PROGRESSIVO: 029671  SIN  VIS  00014273  IMPEGNATO: 00000000  I.MASTER: 00000000  I.GDO: 00000000  I.TRAD: 00000000
PROGRESSIVO: 029671  SIN  VIS  00019030  IMPEGNATO: 00000001  I.MASTER: 00000000  I.GDO: 00000000  I.TRAD: 00000000
 
PROGRESSIVO: 029746            00000000  IMPEGNATO: 00000864  I.MASTER: 00000000  I.GDO: 00000840  I.TRAD: 00000000
PROGRESSIVO: 029746  LBX  C12  00000872  IMPEGNATO: 00000840  I.MASTER: 00000000  I.GDO: 00000840  I.TRAD: 00000000
PROGRESSIVO: 029746  LBX  C12  00000880  IMPEGNATO: 00000000  I.MASTER: 00000000  I.GDO: 00000000  I.TRAD: 00000000
PROGRESSIVO: 029746  SIN  C12  00000872  IMPEGNATO: 00000024  I.MASTER: 00000000  I.GDO: 00000000  I.TRAD: 00000000
PROGRESSIVO: 029746  SIN  C12  00000880  IMPEGNATO: 00000000  I.MASTER: 00000000  I.GDO: 00000000  I.TRAD: 00000000
 
PROGRESSIVO: 029777            00000000  IMPEGNATO: 00000032  I.MASTER: 00000000  I.GDO: 00000016  I.TRAD: 00000000
PROGRESSIVO: 029777  LBX  C04  00003467  IMPEGNATO: 00000016  I.MASTER: 00000000  I.GDO: 00000016  I.TRAD: 00000000
PROGRESSIVO: 029777  LBX  C04  00003468  IMPEGNATO: 00000000  I.MASTER: 00000000  I.GDO: 00000000  I.TRAD: 00000000
PROGRESSIVO: 029777  LBX  C04  00003472  IMPEGNATO: 00000000  I.MASTER: 00000000  I.GDO: 00000000  I.TRAD: 00000000
PROGRESSIVO: 029777  SIN  C04  00003467  IMPEGNATO: 00000004  I.MASTER: 00000000  I.GDO: 00000000  I.TRAD: 00000000
PROGRESSIVO: 029777  SIN  C04  00003468  IMPEGNATO: 00000000  I.MASTER: 00000000  I.GDO: 00000000  I.TRAD: 00000000
PROGRESSIVO: 029777  SIN  C04  00003472  IMPEGNATO: 00000012  I.MASTER: 00000000  I.GDO: 00000000  I.TRAD: 00000000
 
