** SITUAZIONE PRIMA **
PROGRESSIVO: 022231            00000000  IMPEGNATO: 00000018  I.MASTER: 00000000  I.GDO: 00000002  I.TRAD: 00000016
PROGRESSIVO: 022231  CAS  VIS  00016281  IMPEGNATO: 00000000  I.MASTER: 00000000  I.GDO: 00000000  I.TRAD: 00000000
PROGRESSIVO: 022231  CAS  VIS  00018060  IMPEGNATO: 00000000  I.MASTER: 00000000  I.GDO: 00000000  I.TRAD: 00000000
PROGRESSIVO: 022231  LBX  VIS  00015070  IMPEGNATO: 00000000  I.MASTER: 00000000  I.GDO: 00000000  I.TRAD: 00000000
PROGRESSIVO: 022231  LBX  VIS  00015075  IMPEGNATO: 00000018  I.MASTER: 00000000  I.GDO: 00000002  I.TRAD: 00000016
PROGRESSIVO: 022231  LBX  VIS  00016281  IMPEGNATO: 00000000  I.MASTER: 00000000  I.GDO: 00000000  I.TRAD: 00000000
PROGRESSIVO: 022231  LBX  VIS  00018060  IMPEGNATO: 00000000  I.MASTER: 00000000  I.GDO: 00000000  I.TRAD: 00000000
PROGRESSIVO: 022231  ROT  VIS  00015070  IMPEGNATO: 00000000  I.MASTER: 00000000  I.GDO: 00000000  I.TRAD: 00000000
PROGRESSIVO: 022231  ROT  VIS  00015075  IMPEGNATO: 00000000  I.MASTER: 00000000  I.GDO: 00000000  I.TRAD: 00000000
PROGRESSIVO: 022231  ROT  VIS  00016281  IMPEGNATO: 00000000  I.MASTER: 00000000  I.GDO: 00000000  I.TRAD: 00000000
PROGRESSIVO: 022231  SIN  VIS  00015070  IMPEGNATO: 00000000  I.MASTER: 00000000  I.GDO: 00000000  I.TRAD: 00000000
PROGRESSIVO: 022231  SIN  VIS  00015075  IMPEGNATO: 00000000  I.MASTER: 00000000  I.GDO: 00000000  I.TRAD: 00000000
PROGRESSIVO: 022231  SIN  VIS  00015358  IMPEGNATO: 00000000  I.MASTER: 00000000  I.GDO: 00000000  I.TRAD: 00000000
PROGRESSIVO: 022231  SIN  VIS  00016281  IMPEGNATO: 00000000  I.MASTER: 00000000  I.GDO: 00000000  I.TRAD: 00000000
PROGRESSIVO: 022231  SIN  VIS  00020100  IMPEGNATO: 00000000  I.MASTER: 00000000  I.GDO: 00000000  I.TRAD: 00000000
 
PROGRESSIVO: 033690            00000000  IMPEGNATO: 00000014  I.MASTER: 00000000  I.GDO: 00000014  I.TRAD: 00000000
PROGRESSIVO: 033690  LBX  VIS  00000001  IMPEGNATO: 00000014  I.MASTER: 00000000  I.GDO: 00000014  I.TRAD: 00000000
PROGRESSIVO: 033690  SIN  VIS  00000001  IMPEGNATO: 00000000  I.MASTER: 00000000  I.GDO: 00000000  I.TRAD: 00000000
 
PROGRESSIVO: 022233            00000000  IMPEGNATO: 00000001  I.MASTER: 00000000  I.GDO: 00000001  I.TRAD: 00000000
PROGRESSIVO: 022233  CAS  VIS  00024381  IMPEGNATO: 00000000  I.MASTER: 00000000  I.GDO: 00000000  I.TRAD: 00000000
PROGRESSIVO: 022233  CAS  VIS  00026410  IMPEGNATO: 00000000  I.MASTER: 00000000  I.GDO: 00000000  I.TRAD: 00000000
PROGRESSIVO: 022233  LBX  VIS  00022570  IMPEGNATO: 00000001  I.MASTER: 00000000  I.GDO: 00000001  I.TRAD: 00000000
PROGRESSIVO: 022233  LBX  VIS  00022575  IMPEGNATO: 00000000  I.MASTER: 00000000  I.GDO: 00000000  I.TRAD: 00000000
PROGRESSIVO: 022233  LBX  VIS  00024381  IMPEGNATO: 00000000  I.MASTER: 00000000  I.GDO: 00000000  I.TRAD: 00000000
PROGRESSIVO: 022233  LBX  VIS  00026410  IMPEGNATO: 00000000  I.MASTER: 00000000  I.GDO: 00000000  I.TRAD: 00000000
PROGRESSIVO: 022233  ROT  VIS  00022570  IMPEGNATO: 00000000  I.MASTER: 00000000  I.GDO: 00000000  I.TRAD: 00000000
PROGRESSIVO: 022233  ROT  VIS  00022575  IMPEGNATO: 00000000  I.MASTER: 00000000  I.GDO: 00000000  I.TRAD: 00000000
PROGRESSIVO: 022233  ROT  VIS  00026410  IMPEGNATO: 00000000  I.MASTER: 00000000  I.GDO: 00000000  I.TRAD: 00000000
PROGRESSIVO: 022233  SIN  VIS  00022570  IMPEGNATO: 00000000  I.MASTER: 00000000  I.GDO: 00000000  I.TRAD: 00000000
PROGRESSIVO: 022233  SIN  VIS  00022575  IMPEGNATO: 00000000  I.MASTER: 00000000  I.GDO: 00000000  I.TRAD: 00000000
PROGRESSIVO: 022233  SIN  VIS  00024381  IMPEGNATO: 00000000  I.MASTER: 00000000  I.GDO: 00000000  I.TRAD: 00000000
 
PROGRESSIVO: 033690            00000000  IMPEGNATO: 00000014  I.MASTER: 00000000  I.GDO: 00000014  I.TRAD: 00000000
PROGRESSIVO: 033690  LBX  VIS  00000001  IMPEGNATO: 00000014  I.MASTER: 00000000  I.GDO: 00000014  I.TRAD: 00000000
PROGRESSIVO: 033690  SIN  VIS  00000001  IMPEGNATO: 00000000  I.MASTER: 00000000  I.GDO: 00000000  I.TRAD: 00000000
 
PROGRESSIVO: 022260            00000000  IMPEGNATO: 00000103  I.MASTER: 00000000  I.GDO: 00000048  I.TRAD: 00000023
PROGRESSIVO: 022260  CAS  VIS  00013280  IMPEGNATO: 00000000  I.MASTER: 00000000  I.GDO: 00000000  I.TRAD: 00000000
PROGRESSIVO: 022260  CAS  VIS  00014500  IMPEGNATO: 00000000  I.MASTER: 00000000  I.GDO: 00000000  I.TRAD: 00000000
PROGRESSIVO: 022260  EXD  VIS  00012300  IMPEGNATO: 00000032  I.MASTER: 00000000  I.GDO: 00000000  I.TRAD: 00000000
PROGRESSIVO: 022260  LBX  VIS  00012300  IMPEGNATO: 00000071  I.MASTER: 00000000  I.GDO: 00000048  I.TRAD: 00000023
PROGRESSIVO: 022260  LBX  VIS  00013280  IMPEGNATO: 00000000  I.MASTER: 00000000  I.GDO: 00000000  I.TRAD: 00000000
PROGRESSIVO: 022260  LBX  VIS  00014500  IMPEGNATO: 00000000  I.MASTER: 00000000  I.GDO: 00000000  I.TRAD: 00000000
PROGRESSIVO: 022260  LBX  VIS  00016400  IMPEGNATO: 00000000  I.MASTER: 00000000  I.GDO: 00000000  I.TRAD: 00000000
PROGRESSIVO: 022260  ROT  VIS  00012300  IMPEGNATO: 00000000  I.MASTER: 00000000  I.GDO: 00000000  I.TRAD: 00000000
PROGRESSIVO: 022260  ROT  VIS  00016400  IMPEGNATO: 00000000  I.MASTER: 00000000  I.GDO: 00000000  I.TRAD: 00000000
PROGRESSIVO: 022260  SIN  VIS  00012300  IMPEGNATO: 00000000  I.MASTER: 00000000  I.GDO: 00000000  I.TRAD: 00000000
PROGRESSIVO: 022260  SIN  VIS  00013280  IMPEGNATO: 00000000  I.MASTER: 00000000  I.GDO: 00000000  I.TRAD: 00000000
PROGRESSIVO: 022260  SIN  VIS  00016400  IMPEGNATO: 00000000  I.MASTER: 00000000  I.GDO: 00000000  I.TRAD: 00000000
 
PROGRESSIVO: 033690            00000000  IMPEGNATO: 00000014  I.MASTER: 00000000  I.GDO: 00000014  I.TRAD: 00000000
PROGRESSIVO: 033690  LBX  VIS  00000001  IMPEGNATO: 00000014  I.MASTER: 00000000  I.GDO: 00000014  I.TRAD: 00000000
PROGRESSIVO: 033690  SIN  VIS  00000001  IMPEGNATO: 00000000  I.MASTER: 00000000  I.GDO: 00000000  I.TRAD: 00000000
 
** SITUAZIONE POST AZZERAMENTO **
PROGRESSIVO: 022231            00000000  IMPEGNATO: 00000000  I.MASTER: 00000000  I.GDO: 00000000  I.TRAD: 00000000
PROGRESSIVO: 022231  CAS  VIS  00016281  IMPEGNATO: 00000000  I.MASTER: 00000000  I.GDO: 00000000  I.TRAD: 00000000
PROGRESSIVO: 022231  CAS  VIS  00018060  IMPEGNATO: 00000000  I.MASTER: 00000000  I.GDO: 00000000  I.TRAD: 00000000
PROGRESSIVO: 022231  LBX  VIS  00015070  IMPEGNATO: 00000000  I.MASTER: 00000000  I.GDO: 00000000  I.TRAD: 00000000
PROGRESSIVO: 022231  LBX  VIS  00015075  IMPEGNATO: 00000000  I.MASTER: 00000000  I.GDO: 00000000  I.TRAD: 00000000
PROGRESSIVO: 022231  LBX  VIS  00016281  IMPEGNATO: 00000000  I.MASTER: 00000000  I.GDO: 00000000  I.TRAD: 00000000
PROGRESSIVO: 022231  LBX  VIS  00018060  IMPEGNATO: 00000000  I.MASTER: 00000000  I.GDO: 00000000  I.TRAD: 00000000
PROGRESSIVO: 022231  ROT  VIS  00015070  IMPEGNATO: 00000000  I.MASTER: 00000000  I.GDO: 00000000  I.TRAD: 00000000
PROGRESSIVO: 022231  ROT  VIS  00015075  IMPEGNATO: 00000000  I.MASTER: 00000000  I.GDO: 00000000  I.TRAD: 00000000
PROGRESSIVO: 022231  ROT  VIS  00016281  IMPEGNATO: 00000000  I.MASTER: 00000000  I.GDO: 00000000  I.TRAD: 00000000
PROGRESSIVO: 022231  SIN  VIS  00015070  IMPEGNATO: 00000000  I.MASTER: 00000000  I.GDO: 00000000  I.TRAD: 00000000
PROGRESSIVO: 022231  SIN  VIS  00015075  IMPEGNATO: 00000000  I.MASTER: 00000000  I.GDO: 00000000  I.TRAD: 00000000
PROGRESSIVO: 022231  SIN  VIS  00015358  IMPEGNATO: 00000000  I.MASTER: 00000000  I.GDO: 00000000  I.TRAD: 00000000
PROGRESSIVO: 022231  SIN  VIS  00016281  IMPEGNATO: 00000000  I.MASTER: 00000000  I.GDO: 00000000  I.TRAD: 00000000
PROGRESSIVO: 022231  SIN  VIS  00020100  IMPEGNATO: 00000000  I.MASTER: 00000000  I.GDO: 00000000  I.TRAD: 00000000
 
PROGRESSIVO: 033690            00000000  IMPEGNATO: 00000000  I.MASTER: 00000000  I.GDO: 00000000  I.TRAD: 00000000
PROGRESSIVO: 033690  LBX  VIS  00000001  IMPEGNATO: 00000000  I.MASTER: 00000000  I.GDO: 00000000  I.TRAD: 00000000
PROGRESSIVO: 033690  SIN  VIS  00000001  IMPEGNATO: 00000000  I.MASTER: 00000000  I.GDO: 00000000  I.TRAD: 00000000
 
PROGRESSIVO: 022233            00000000  IMPEGNATO: 00000000  I.MASTER: 00000000  I.GDO: 00000000  I.TRAD: 00000000
PROGRESSIVO: 022233  CAS  VIS  00024381  IMPEGNATO: 00000000  I.MASTER: 00000000  I.GDO: 00000000  I.TRAD: 00000000
PROGRESSIVO: 022233  CAS  VIS  00026410  IMPEGNATO: 00000000  I.MASTER: 00000000  I.GDO: 00000000  I.TRAD: 00000000
PROGRESSIVO: 022233  LBX  VIS  00022570  IMPEGNATO: 00000000  I.MASTER: 00000000  I.GDO: 00000000  I.TRAD: 00000000
PROGRESSIVO: 022233  LBX  VIS  00022575  IMPEGNATO: 00000000  I.MASTER: 00000000  I.GDO: 00000000  I.TRAD: 00000000
PROGRESSIVO: 022233  LBX  VIS  00024381  IMPEGNATO: 00000000  I.MASTER: 00000000  I.GDO: 00000000  I.TRAD: 00000000
PROGRESSIVO: 022233  LBX  VIS  00026410  IMPEGNATO: 00000000  I.MASTER: 00000000  I.GDO: 00000000  I.TRAD: 00000000
PROGRESSIVO: 022233  ROT  VIS  00022570  IMPEGNATO: 00000000  I.MASTER: 00000000  I.GDO: 00000000  I.TRAD: 00000000
PROGRESSIVO: 022233  ROT  VIS  00022575  IMPEGNATO: 00000000  I.MASTER: 00000000  I.GDO: 00000000  I.TRAD: 00000000
PROGRESSIVO: 022233  ROT  VIS  00026410  IMPEGNATO: 00000000  I.MASTER: 00000000  I.GDO: 00000000  I.TRAD: 00000000
PROGRESSIVO: 022233  SIN  VIS  00022570  IMPEGNATO: 00000000  I.MASTER: 00000000  I.GDO: 00000000  I.TRAD: 00000000
PROGRESSIVO: 022233  SIN  VIS  00022575  IMPEGNATO: 00000000  I.MASTER: 00000000  I.GDO: 00000000  I.TRAD: 00000000
PROGRESSIVO: 022233  SIN  VIS  00024381  IMPEGNATO: 00000000  I.MASTER: 00000000  I.GDO: 00000000  I.TRAD: 00000000
 
PROGRESSIVO: 033690            00000000  IMPEGNATO: 00000000  I.MASTER: 00000000  I.GDO: 00000000  I.TRAD: 00000000
PROGRESSIVO: 033690  LBX  VIS  00000001  IMPEGNATO: 00000000  I.MASTER: 00000000  I.GDO: 00000000  I.TRAD: 00000000
PROGRESSIVO: 033690  SIN  VIS  00000001  IMPEGNATO: 00000000  I.MASTER: 00000000  I.GDO: 00000000  I.TRAD: 00000000
 
PROGRESSIVO: 022260            00000000  IMPEGNATO: 00000000  I.MASTER: 00000000  I.GDO: 00000000  I.TRAD: 00000000
PROGRESSIVO: 022260  CAS  VIS  00013280  IMPEGNATO: 00000000  I.MASTER: 00000000  I.GDO: 00000000  I.TRAD: 00000000
PROGRESSIVO: 022260  CAS  VIS  00014500  IMPEGNATO: 00000000  I.MASTER: 00000000  I.GDO: 00000000  I.TRAD: 00000000
PROGRESSIVO: 022260  EXD  VIS  00012300  IMPEGNATO: 00000000  I.MASTER: 00000000  I.GDO: 00000000  I.TRAD: 00000000
PROGRESSIVO: 022260  LBX  VIS  00012300  IMPEGNATO: 00000000  I.MASTER: 00000000  I.GDO: 00000000  I.TRAD: 00000000
PROGRESSIVO: 022260  LBX  VIS  00013280  IMPEGNATO: 00000000  I.MASTER: 00000000  I.GDO: 00000000  I.TRAD: 00000000
PROGRESSIVO: 022260  LBX  VIS  00014500  IMPEGNATO: 00000000  I.MASTER: 00000000  I.GDO: 00000000  I.TRAD: 00000000
PROGRESSIVO: 022260  LBX  VIS  00016400  IMPEGNATO: 00000000  I.MASTER: 00000000  I.GDO: 00000000  I.TRAD: 00000000
PROGRESSIVO: 022260  ROT  VIS  00012300  IMPEGNATO: 00000000  I.MASTER: 00000000  I.GDO: 00000000  I.TRAD: 00000000
PROGRESSIVO: 022260  ROT  VIS  00016400  IMPEGNATO: 00000000  I.MASTER: 00000000  I.GDO: 00000000  I.TRAD: 00000000
PROGRESSIVO: 022260  SIN  VIS  00012300  IMPEGNATO: 00000000  I.MASTER: 00000000  I.GDO: 00000000  I.TRAD: 00000000
PROGRESSIVO: 022260  SIN  VIS  00013280  IMPEGNATO: 00000000  I.MASTER: 00000000  I.GDO: 00000000  I.TRAD: 00000000
PROGRESSIVO: 022260  SIN  VIS  00016400  IMPEGNATO: 00000000  I.MASTER: 00000000  I.GDO: 00000000  I.TRAD: 00000000
 
PROGRESSIVO: 033690            00000000  IMPEGNATO: 00000000  I.MASTER: 00000000  I.GDO: 00000000  I.TRAD: 00000000
PROGRESSIVO: 033690  LBX  VIS  00000001  IMPEGNATO: 00000000  I.MASTER: 00000000  I.GDO: 00000000  I.TRAD: 00000000
PROGRESSIVO: 033690  SIN  VIS  00000001  IMPEGNATO: 00000000  I.MASTER: 00000000  I.GDO: 00000000  I.TRAD: 00000000
 
** SITUAZIONE POST ORDINI MASTER **
PROGRESSIVO: 022231            00000000  IMPEGNATO: 00000018  I.MASTER: 00000000  I.GDO: 00000002  I.TRAD: 00000016
PROGRESSIVO: 022231  CAS  VIS  00016281  IMPEGNATO: 00000000  I.MASTER: 00000000  I.GDO: 00000000  I.TRAD: 00000000
PROGRESSIVO: 022231  CAS  VIS  00018060  IMPEGNATO: 00000000  I.MASTER: 00000000  I.GDO: 00000000  I.TRAD: 00000000
PROGRESSIVO: 022231  LBX  VIS  00015070  IMPEGNATO: 00000000  I.MASTER: 00000000  I.GDO: 00000000  I.TRAD: 00000000
PROGRESSIVO: 022231  LBX  VIS  00015075  IMPEGNATO: 00000018  I.MASTER: 00000000  I.GDO: 00000002  I.TRAD: 00000016
PROGRESSIVO: 022231  LBX  VIS  00016281  IMPEGNATO: 00000000  I.MASTER: 00000000  I.GDO: 00000000  I.TRAD: 00000000
PROGRESSIVO: 022231  LBX  VIS  00018060  IMPEGNATO: 00000000  I.MASTER: 00000000  I.GDO: 00000000  I.TRAD: 00000000
PROGRESSIVO: 022231  ROT  VIS  00015070  IMPEGNATO: 00000000  I.MASTER: 00000000  I.GDO: 00000000  I.TRAD: 00000000
PROGRESSIVO: 022231  ROT  VIS  00015075  IMPEGNATO: 00000000  I.MASTER: 00000000  I.GDO: 00000000  I.TRAD: 00000000
PROGRESSIVO: 022231  ROT  VIS  00016281  IMPEGNATO: 00000000  I.MASTER: 00000000  I.GDO: 00000000  I.TRAD: 00000000
PROGRESSIVO: 022231  SIN  VIS  00015070  IMPEGNATO: 00000000  I.MASTER: 00000000  I.GDO: 00000000  I.TRAD: 00000000
PROGRESSIVO: 022231  SIN  VIS  00015075  IMPEGNATO: 00000000  I.MASTER: 00000000  I.GDO: 00000000  I.TRAD: 00000000
PROGRESSIVO: 022231  SIN  VIS  00015358  IMPEGNATO: 00000000  I.MASTER: 00000000  I.GDO: 00000000  I.TRAD: 00000000
PROGRESSIVO: 022231  SIN  VIS  00016281  IMPEGNATO: 00000000  I.MASTER: 00000000  I.GDO: 00000000  I.TRAD: 00000000
PROGRESSIVO: 022231  SIN  VIS  00020100  IMPEGNATO: 00000000  I.MASTER: 00000000  I.GDO: 00000000  I.TRAD: 00000000
 
PROGRESSIVO: 033690            00000000  IMPEGNATO: 00000014  I.MASTER: 00000000  I.GDO: 00000014  I.TRAD: 00000000
PROGRESSIVO: 033690  LBX  VIS  00000001  IMPEGNATO: 00000014  I.MASTER: 00000000  I.GDO: 00000014  I.TRAD: 00000000
PROGRESSIVO: 033690  SIN  VIS  00000001  IMPEGNATO: 00000000  I.MASTER: 00000000  I.GDO: 00000000  I.TRAD: 00000000
 
PROGRESSIVO: 022233            00000000  IMPEGNATO: 00000001  I.MASTER: 00000000  I.GDO: 00000001  I.TRAD: 00000000
PROGRESSIVO: 022233  CAS  VIS  00024381  IMPEGNATO: 00000000  I.MASTER: 00000000  I.GDO: 00000000  I.TRAD: 00000000
PROGRESSIVO: 022233  CAS  VIS  00026410  IMPEGNATO: 00000000  I.MASTER: 00000000  I.GDO: 00000000  I.TRAD: 00000000
PROGRESSIVO: 022233  LBX  VIS  00022570  IMPEGNATO: 00000001  I.MASTER: 00000000  I.GDO: 00000001  I.TRAD: 00000000
PROGRESSIVO: 022233  LBX  VIS  00022575  IMPEGNATO: 00000000  I.MASTER: 00000000  I.GDO: 00000000  I.TRAD: 00000000
PROGRESSIVO: 022233  LBX  VIS  00024381  IMPEGNATO: 00000000  I.MASTER: 00000000  I.GDO: 00000000  I.TRAD: 00000000
PROGRESSIVO: 022233  LBX  VIS  00026410  IMPEGNATO: 00000000  I.MASTER: 00000000  I.GDO: 00000000  I.TRAD: 00000000
PROGRESSIVO: 022233  ROT  VIS  00022570  IMPEGNATO: 00000000  I.MASTER: 00000000  I.GDO: 00000000  I.TRAD: 00000000
PROGRESSIVO: 022233  ROT  VIS  00022575  IMPEGNATO: 00000000  I.MASTER: 00000000  I.GDO: 00000000  I.TRAD: 00000000
PROGRESSIVO: 022233  ROT  VIS  00026410  IMPEGNATO: 00000000  I.MASTER: 00000000  I.GDO: 00000000  I.TRAD: 00000000
PROGRESSIVO: 022233  SIN  VIS  00022570  IMPEGNATO: 00000000  I.MASTER: 00000000  I.GDO: 00000000  I.TRAD: 00000000
PROGRESSIVO: 022233  SIN  VIS  00022575  IMPEGNATO: 00000000  I.MASTER: 00000000  I.GDO: 00000000  I.TRAD: 00000000
PROGRESSIVO: 022233  SIN  VIS  00024381  IMPEGNATO: 00000000  I.MASTER: 00000000  I.GDO: 00000000  I.TRAD: 00000000
 
PROGRESSIVO: 033690            00000000  IMPEGNATO: 00000014  I.MASTER: 00000000  I.GDO: 00000014  I.TRAD: 00000000
PROGRESSIVO: 033690  LBX  VIS  00000001  IMPEGNATO: 00000014  I.MASTER: 00000000  I.GDO: 00000014  I.TRAD: 00000000
PROGRESSIVO: 033690  SIN  VIS  00000001  IMPEGNATO: 00000000  I.MASTER: 00000000  I.GDO: 00000000  I.TRAD: 00000000
 
PROGRESSIVO: 022260            00000000  IMPEGNATO: 00000071  I.MASTER: 00000000  I.GDO: 00000048  I.TRAD: 00000023
PROGRESSIVO: 022260  CAS  VIS  00013280  IMPEGNATO: 00000000  I.MASTER: 00000000  I.GDO: 00000000  I.TRAD: 00000000
PROGRESSIVO: 022260  CAS  VIS  00014500  IMPEGNATO: 00000000  I.MASTER: 00000000  I.GDO: 00000000  I.TRAD: 00000000
PROGRESSIVO: 022260  EXD  VIS  00012300  IMPEGNATO: 00000000  I.MASTER: 00000000  I.GDO: 00000000  I.TRAD: 00000000
PROGRESSIVO: 022260  LBX  VIS  00012300  IMPEGNATO: 00000071  I.MASTER: 00000000  I.GDO: 00000048  I.TRAD: 00000023
PROGRESSIVO: 022260  LBX  VIS  00013280  IMPEGNATO: 00000000  I.MASTER: 00000000  I.GDO: 00000000  I.TRAD: 00000000
PROGRESSIVO: 022260  LBX  VIS  00014500  IMPEGNATO: 00000000  I.MASTER: 00000000  I.GDO: 00000000  I.TRAD: 00000000
PROGRESSIVO: 022260  LBX  VIS  00016400  IMPEGNATO: 00000000  I.MASTER: 00000000  I.GDO: 00000000  I.TRAD: 00000000
PROGRESSIVO: 022260  ROT  VIS  00012300  IMPEGNATO: 00000000  I.MASTER: 00000000  I.GDO: 00000000  I.TRAD: 00000000
PROGRESSIVO: 022260  ROT  VIS  00016400  IMPEGNATO: 00000000  I.MASTER: 00000000  I.GDO: 00000000  I.TRAD: 00000000
PROGRESSIVO: 022260  SIN  VIS  00012300  IMPEGNATO: 00000000  I.MASTER: 00000000  I.GDO: 00000000  I.TRAD: 00000000
PROGRESSIVO: 022260  SIN  VIS  00013280  IMPEGNATO: 00000000  I.MASTER: 00000000  I.GDO: 00000000  I.TRAD: 00000000
PROGRESSIVO: 022260  SIN  VIS  00016400  IMPEGNATO: 00000000  I.MASTER: 00000000  I.GDO: 00000000  I.TRAD: 00000000
 
PROGRESSIVO: 033690            00000000  IMPEGNATO: 00000014  I.MASTER: 00000000  I.GDO: 00000014  I.TRAD: 00000000
PROGRESSIVO: 033690  LBX  VIS  00000001  IMPEGNATO: 00000014  I.MASTER: 00000000  I.GDO: 00000014  I.TRAD: 00000000
PROGRESSIVO: 033690  SIN  VIS  00000001  IMPEGNATO: 00000000  I.MASTER: 00000000  I.GDO: 00000000  I.TRAD: 00000000
 
** SITUAZIONE DOPO (INEVASI E BOLLA NON EMESSA)**
PROGRESSIVO: 022231            00000000  IMPEGNATO: 00000018  I.MASTER: 00000000  I.GDO: 00000002  I.TRAD: 00000016
PROGRESSIVO: 022231  CAS  VIS  00016281  IMPEGNATO: 00000000  I.MASTER: 00000000  I.GDO: 00000000  I.TRAD: 00000000
PROGRESSIVO: 022231  CAS  VIS  00018060  IMPEGNATO: 00000000  I.MASTER: 00000000  I.GDO: 00000000  I.TRAD: 00000000
PROGRESSIVO: 022231  LBX  VIS  00015070  IMPEGNATO: 00000000  I.MASTER: 00000000  I.GDO: 00000000  I.TRAD: 00000000
PROGRESSIVO: 022231  LBX  VIS  00015075  IMPEGNATO: 00000018  I.MASTER: 00000000  I.GDO: 00000002  I.TRAD: 00000016
PROGRESSIVO: 022231  LBX  VIS  00016281  IMPEGNATO: 00000000  I.MASTER: 00000000  I.GDO: 00000000  I.TRAD: 00000000
PROGRESSIVO: 022231  LBX  VIS  00018060  IMPEGNATO: 00000000  I.MASTER: 00000000  I.GDO: 00000000  I.TRAD: 00000000
PROGRESSIVO: 022231  ROT  VIS  00015070  IMPEGNATO: 00000000  I.MASTER: 00000000  I.GDO: 00000000  I.TRAD: 00000000
PROGRESSIVO: 022231  ROT  VIS  00015075  IMPEGNATO: 00000000  I.MASTER: 00000000  I.GDO: 00000000  I.TRAD: 00000000
PROGRESSIVO: 022231  ROT  VIS  00016281  IMPEGNATO: 00000000  I.MASTER: 00000000  I.GDO: 00000000  I.TRAD: 00000000
PROGRESSIVO: 022231  SIN  VIS  00015070  IMPEGNATO: 00000000  I.MASTER: 00000000  I.GDO: 00000000  I.TRAD: 00000000
PROGRESSIVO: 022231  SIN  VIS  00015075  IMPEGNATO: 00000000  I.MASTER: 00000000  I.GDO: 00000000  I.TRAD: 00000000
PROGRESSIVO: 022231  SIN  VIS  00015358  IMPEGNATO: 00000000  I.MASTER: 00000000  I.GDO: 00000000  I.TRAD: 00000000
PROGRESSIVO: 022231  SIN  VIS  00016281  IMPEGNATO: 00000000  I.MASTER: 00000000  I.GDO: 00000000  I.TRAD: 00000000
PROGRESSIVO: 022231  SIN  VIS  00020100  IMPEGNATO: 00000000  I.MASTER: 00000000  I.GDO: 00000000  I.TRAD: 00000000
 
PROGRESSIVO: 033690            00000000  IMPEGNATO: 00000014  I.MASTER: 00000000  I.GDO: 00000014  I.TRAD: 00000000
PROGRESSIVO: 033690  LBX  VIS  00000001  IMPEGNATO: 00000014  I.MASTER: 00000000  I.GDO: 00000014  I.TRAD: 00000000
PROGRESSIVO: 033690  SIN  VIS  00000001  IMPEGNATO: 00000000  I.MASTER: 00000000  I.GDO: 00000000  I.TRAD: 00000000
 
PROGRESSIVO: 022233            00000000  IMPEGNATO: 00000001  I.MASTER: 00000000  I.GDO: 00000001  I.TRAD: 00000000
PROGRESSIVO: 022233  CAS  VIS  00024381  IMPEGNATO: 00000000  I.MASTER: 00000000  I.GDO: 00000000  I.TRAD: 00000000
PROGRESSIVO: 022233  CAS  VIS  00026410  IMPEGNATO: 00000000  I.MASTER: 00000000  I.GDO: 00000000  I.TRAD: 00000000
PROGRESSIVO: 022233  LBX  VIS  00022570  IMPEGNATO: 00000001  I.MASTER: 00000000  I.GDO: 00000001  I.TRAD: 00000000
PROGRESSIVO: 022233  LBX  VIS  00022575  IMPEGNATO: 00000000  I.MASTER: 00000000  I.GDO: 00000000  I.TRAD: 00000000
PROGRESSIVO: 022233  LBX  VIS  00024381  IMPEGNATO: 00000000  I.MASTER: 00000000  I.GDO: 00000000  I.TRAD: 00000000
PROGRESSIVO: 022233  LBX  VIS  00026410  IMPEGNATO: 00000000  I.MASTER: 00000000  I.GDO: 00000000  I.TRAD: 00000000
PROGRESSIVO: 022233  ROT  VIS  00022570  IMPEGNATO: 00000000  I.MASTER: 00000000  I.GDO: 00000000  I.TRAD: 00000000
PROGRESSIVO: 022233  ROT  VIS  00022575  IMPEGNATO: 00000000  I.MASTER: 00000000  I.GDO: 00000000  I.TRAD: 00000000
PROGRESSIVO: 022233  ROT  VIS  00026410  IMPEGNATO: 00000000  I.MASTER: 00000000  I.GDO: 00000000  I.TRAD: 00000000
PROGRESSIVO: 022233  SIN  VIS  00022570  IMPEGNATO: 00000000  I.MASTER: 00000000  I.GDO: 00000000  I.TRAD: 00000000
PROGRESSIVO: 022233  SIN  VIS  00022575  IMPEGNATO: 00000000  I.MASTER: 00000000  I.GDO: 00000000  I.TRAD: 00000000
PROGRESSIVO: 022233  SIN  VIS  00024381  IMPEGNATO: 00000000  I.MASTER: 00000000  I.GDO: 00000000  I.TRAD: 00000000
 
PROGRESSIVO: 033690            00000000  IMPEGNATO: 00000014  I.MASTER: 00000000  I.GDO: 00000014  I.TRAD: 00000000
PROGRESSIVO: 033690  LBX  VIS  00000001  IMPEGNATO: 00000014  I.MASTER: 00000000  I.GDO: 00000014  I.TRAD: 00000000
PROGRESSIVO: 033690  SIN  VIS  00000001  IMPEGNATO: 00000000  I.MASTER: 00000000  I.GDO: 00000000  I.TRAD: 00000000
 
PROGRESSIVO: 022260            00000000  IMPEGNATO: 00000103  I.MASTER: 00000000  I.GDO: 00000048  I.TRAD: 00000023
PROGRESSIVO: 022260  CAS  VIS  00013280  IMPEGNATO: 00000000  I.MASTER: 00000000  I.GDO: 00000000  I.TRAD: 00000000
PROGRESSIVO: 022260  CAS  VIS  00014500  IMPEGNATO: 00000000  I.MASTER: 00000000  I.GDO: 00000000  I.TRAD: 00000000
PROGRESSIVO: 022260  EXD  VIS  00012300  IMPEGNATO: 00000032  I.MASTER: 00000000  I.GDO: 00000000  I.TRAD: 00000000
PROGRESSIVO: 022260  LBX  VIS  00012300  IMPEGNATO: 00000071  I.MASTER: 00000000  I.GDO: 00000048  I.TRAD: 00000023
PROGRESSIVO: 022260  LBX  VIS  00013280  IMPEGNATO: 00000000  I.MASTER: 00000000  I.GDO: 00000000  I.TRAD: 00000000
PROGRESSIVO: 022260  LBX  VIS  00014500  IMPEGNATO: 00000000  I.MASTER: 00000000  I.GDO: 00000000  I.TRAD: 00000000
PROGRESSIVO: 022260  LBX  VIS  00016400  IMPEGNATO: 00000000  I.MASTER: 00000000  I.GDO: 00000000  I.TRAD: 00000000
PROGRESSIVO: 022260  ROT  VIS  00012300  IMPEGNATO: 00000000  I.MASTER: 00000000  I.GDO: 00000000  I.TRAD: 00000000
PROGRESSIVO: 022260  ROT  VIS  00016400  IMPEGNATO: 00000000  I.MASTER: 00000000  I.GDO: 00000000  I.TRAD: 00000000
PROGRESSIVO: 022260  SIN  VIS  00012300  IMPEGNATO: 00000000  I.MASTER: 00000000  I.GDO: 00000000  I.TRAD: 00000000
PROGRESSIVO: 022260  SIN  VIS  00013280  IMPEGNATO: 00000000  I.MASTER: 00000000  I.GDO: 00000000  I.TRAD: 00000000
PROGRESSIVO: 022260  SIN  VIS  00016400  IMPEGNATO: 00000000  I.MASTER: 00000000  I.GDO: 00000000  I.TRAD: 00000000
 
PROGRESSIVO: 033690            00000000  IMPEGNATO: 00000014  I.MASTER: 00000000  I.GDO: 00000014  I.TRAD: 00000000
PROGRESSIVO: 033690  LBX  VIS  00000001  IMPEGNATO: 00000014  I.MASTER: 00000000  I.GDO: 00000014  I.TRAD: 00000000
PROGRESSIVO: 033690  SIN  VIS  00000001  IMPEGNATO: 00000000  I.MASTER: 00000000  I.GDO: 00000000  I.TRAD: 00000000
 
