** SITUAZIONE PRIMA **
PROGRESSIVO: 033711            00000000  IMPEGNATO: 00000016  I.MASTER: 00000000  I.GDO: 00000000  I.TRAD: 00000000
PROGRESSIVO: 033711  LBX  C04  00003370  IMPEGNATO: 00000000  I.MASTER: 00000000  I.GDO: 00000000  I.TRAD: 00000000
PROGRESSIVO: 033711  LBX  C04  00003520  IMPEGNATO: 00000000  I.MASTER: 00000000  I.GDO: 00000000  I.TRAD: 00000000
PROGRESSIVO: 033711  SIN  C04  00003360  IMPEGNATO: 00000000  I.MASTER: 00000000  I.GDO: 00000000  I.TRAD: 00000000
PROGRESSIVO: 033711  SIN  C04  00003364  IMPEGNATO: 00000000  I.MASTER: 00000000  I.GDO: 00000000  I.TRAD: 00000000
PROGRESSIVO: 033711  SIN  C04  00003370  IMPEGNATO: 00000016  I.MASTER: 00000000  I.GDO: 00000000  I.TRAD: 00000000
PROGRESSIVO: 033711  SIN  C04  00003440  IMPEGNATO: 00000000  I.MASTER: 00000000  I.GDO: 00000000  I.TRAD: 00000000
PROGRESSIVO: 033711  SIN  C04  00003520  IMPEGNATO: 00000000  I.MASTER: 00000000  I.GDO: 00000000  I.TRAD: 00000000
 
PROGRESSIVO: 033710            00000000  IMPEGNATO: 00000072  I.MASTER: 00000000  I.GDO: 00000000  I.TRAD: 00000000
PROGRESSIVO: 033710  LBX  C12  00000841  IMPEGNATO: 00000000  I.MASTER: 00000000  I.GDO: 00000000  I.TRAD: 00000000
PROGRESSIVO: 033710  LBX  C12  00000870  IMPEGNATO: 00000000  I.MASTER: 00000000  I.GDO: 00000000  I.TRAD: 00000000
PROGRESSIVO: 033710  LBX  C12  00000880  IMPEGNATO: 00000000  I.MASTER: 00000000  I.GDO: 00000000  I.TRAD: 00000000
PROGRESSIVO: 033710  SIN  C12  00000841  IMPEGNATO: 00000072  I.MASTER: 00000000  I.GDO: 00000000  I.TRAD: 00000000
PROGRESSIVO: 033710  SIN  C12  00000850  IMPEGNATO: 00000000  I.MASTER: 00000000  I.GDO: 00000000  I.TRAD: 00000000
PROGRESSIVO: 033710  SIN  C12  00000870  IMPEGNATO: 00000000  I.MASTER: 00000000  I.GDO: 00000000  I.TRAD: 00000000
PROGRESSIVO: 033710  SIN  C12  00000880  IMPEGNATO: 00000000  I.MASTER: 00000000  I.GDO: 00000000  I.TRAD: 00000000
 
PROGRESSIVO: 026793            00000000  IMPEGNATO: 00000256  I.MASTER: 00000000  I.GDO: 00000000  I.TRAD: 00000000
PROGRESSIVO: 026793  LBX  C04  00003392  IMPEGNATO: 00000000  I.MASTER: 00000000  I.GDO: 00000000  I.TRAD: 00000000
PROGRESSIVO: 026793  LBX  C04  00003520  IMPEGNATO: 00000000  I.MASTER: 00000000  I.GDO: 00000000  I.TRAD: 00000000
PROGRESSIVO: 026793  SIN  C04  00003391  IMPEGNATO: 00000000  I.MASTER: 00000000  I.GDO: 00000000  I.TRAD: 00000000
PROGRESSIVO: 026793  SIN  C04  00003392  IMPEGNATO: 00000216  I.MASTER: 00000000  I.GDO: 00000000  I.TRAD: 00000000
PROGRESSIVO: 026793  SIN  C04  00003520  IMPEGNATO: 00000040  I.MASTER: 00000000  I.GDO: 00000000  I.TRAD: 00000000
 
PROGRESSIVO: 026971            00000000  IMPEGNATO: 00000008  I.MASTER: 00000000  I.GDO: 00000000  I.TRAD: 00000000
PROGRESSIVO: 026971  LBX  VIS  00000200  IMPEGNATO: 00000000  I.MASTER: 00000000  I.GDO: 00000000  I.TRAD: 00000000
PROGRESSIVO: 026971  LBX  VIS  00001300  IMPEGNATO: 00000000  I.MASTER: 00000000  I.GDO: 00000000  I.TRAD: 00000000
PROGRESSIVO: 026971  SIN  VIS  00000200  IMPEGNATO: 00000000  I.MASTER: 00000000  I.GDO: 00000000  I.TRAD: 00000000
PROGRESSIVO: 026971  SIN  VIS  00001300  IMPEGNATO: 00000008  I.MASTER: 00000000  I.GDO: 00000000  I.TRAD: 00000000
 
PROGRESSIVO: 026973            00000000  IMPEGNATO: 00000027  I.MASTER: 00000000  I.GDO: 00000000  I.TRAD: 00000000
PROGRESSIVO: 026973  LBX  VIS  00000200  IMPEGNATO: 00000000  I.MASTER: 00000000  I.GDO: 00000000  I.TRAD: 00000000
PROGRESSIVO: 026973  LBX  VIS  00001300  IMPEGNATO: 00000000  I.MASTER: 00000000  I.GDO: 00000000  I.TRAD: 00000000
PROGRESSIVO: 026973  SIN  VIS  00000200  IMPEGNATO: 00000000  I.MASTER: 00000000  I.GDO: 00000000  I.TRAD: 00000000
PROGRESSIVO: 026973  SIN  VIS  00001300  IMPEGNATO: 00000027  I.MASTER: 00000000  I.GDO: 00000000  I.TRAD: 00000000
 
PROGRESSIVO: 026985            00000000  IMPEGNATO: 00000006  I.MASTER: 00000000  I.GDO: 00000000  I.TRAD: 00000000
PROGRESSIVO: 026985  LBX  VIS  00000200  IMPEGNATO: 00000000  I.MASTER: 00000000  I.GDO: 00000000  I.TRAD: 00000000
PROGRESSIVO: 026985  LBX  VIS  00001300  IMPEGNATO: 00000000  I.MASTER: 00000000  I.GDO: 00000000  I.TRAD: 00000000
PROGRESSIVO: 026985  SIN  VIS  00000200  IMPEGNATO: 00000006  I.MASTER: 00000000  I.GDO: 00000000  I.TRAD: 00000000
PROGRESSIVO: 026985  SIN  VIS  00001300  IMPEGNATO: 00000000  I.MASTER: 00000000  I.GDO: 00000000  I.TRAD: 00000000
 
PROGRESSIVO: 026986            00000000  IMPEGNATO: 00000013  I.MASTER: 00000000  I.GDO: 00000000  I.TRAD: 00000000
PROGRESSIVO: 026986  LBX  VIS  00000200  IMPEGNATO: 00000000  I.MASTER: 00000000  I.GDO: 00000000  I.TRAD: 00000000
PROGRESSIVO: 026986  SIN  VIS  00000200  IMPEGNATO: 00000013  I.MASTER: 00000000  I.GDO: 00000000  I.TRAD: 00000000
PROGRESSIVO: 026986  SIN  VIS  00001300  IMPEGNATO: 00000000  I.MASTER: 00000000  I.GDO: 00000000  I.TRAD: 00000000
 
PROGRESSIVO: 026989            00000000  IMPEGNATO: 00000002  I.MASTER: 00000000  I.GDO: 00000000  I.TRAD: 00000000
PROGRESSIVO: 026989  LBX  VIS  00000200  IMPEGNATO: 00000000  I.MASTER: 00000000  I.GDO: 00000000  I.TRAD: 00000000
PROGRESSIVO: 026989  LBX  VIS  00001300  IMPEGNATO: 00000000  I.MASTER: 00000000  I.GDO: 00000000  I.TRAD: 00000000
PROGRESSIVO: 026989  SIN  VIS  00000200  IMPEGNATO: 00000002  I.MASTER: 00000000  I.GDO: 00000000  I.TRAD: 00000000
PROGRESSIVO: 026989  SIN  VIS  00001300  IMPEGNATO: 00000000  I.MASTER: 00000000  I.GDO: 00000000  I.TRAD: 00000000
 
** SITUAZIONE DOPO **
PROGRESSIVO: 033711            00000000  IMPEGNATO: 00000016  I.MASTER: 00000000  I.GDO: 00000000  I.TRAD: 00000004
PROGRESSIVO: 033711  LBX  C04  00003370  IMPEGNATO: 00000004  I.MASTER: 00000000  I.GDO: 00000000  I.TRAD: 00000004
PROGRESSIVO: 033711  LBX  C04  00003520  IMPEGNATO: 00000000  I.MASTER: 00000000  I.GDO: 00000000  I.TRAD: 00000000
PROGRESSIVO: 033711  SIN  C04  00003360  IMPEGNATO: 00000000  I.MASTER: 00000000  I.GDO: 00000000  I.TRAD: 00000000
PROGRESSIVO: 033711  SIN  C04  00003364  IMPEGNATO: 00000000  I.MASTER: 00000000  I.GDO: 00000000  I.TRAD: 00000000
PROGRESSIVO: 033711  SIN  C04  00003370  IMPEGNATO: 00000012  I.MASTER: 00000000  I.GDO: 00000000  I.TRAD: 00000000
PROGRESSIVO: 033711  SIN  C04  00003440  IMPEGNATO: 00000000  I.MASTER: 00000000  I.GDO: 00000000  I.TRAD: 00000000
PROGRESSIVO: 033711  SIN  C04  00003520  IMPEGNATO: 00000000  I.MASTER: 00000000  I.GDO: 00000000  I.TRAD: 00000000
 
PROGRESSIVO: 033710            00000000  IMPEGNATO: 00000072  I.MASTER: 00000000  I.GDO: 00000000  I.TRAD: 00000012
PROGRESSIVO: 033710  LBX  C12  00000841  IMPEGNATO: 00000012  I.MASTER: 00000000  I.GDO: 00000000  I.TRAD: 00000012
PROGRESSIVO: 033710  LBX  C12  00000870  IMPEGNATO: 00000000  I.MASTER: 00000000  I.GDO: 00000000  I.TRAD: 00000000
PROGRESSIVO: 033710  LBX  C12  00000880  IMPEGNATO: 00000000  I.MASTER: 00000000  I.GDO: 00000000  I.TRAD: 00000000
PROGRESSIVO: 033710  SIN  C12  00000841  IMPEGNATO: 00000060  I.MASTER: 00000000  I.GDO: 00000000  I.TRAD: 00000000
PROGRESSIVO: 033710  SIN  C12  00000850  IMPEGNATO: 00000000  I.MASTER: 00000000  I.GDO: 00000000  I.TRAD: 00000000
PROGRESSIVO: 033710  SIN  C12  00000870  IMPEGNATO: 00000000  I.MASTER: 00000000  I.GDO: 00000000  I.TRAD: 00000000
PROGRESSIVO: 033710  SIN  C12  00000880  IMPEGNATO: 00000000  I.MASTER: 00000000  I.GDO: 00000000  I.TRAD: 00000000
 
PROGRESSIVO: 026793            00000000  IMPEGNATO: 00000256  I.MASTER: 00000000  I.GDO: 00000000  I.TRAD: 00000004
PROGRESSIVO: 026793  LBX  C04  00003392  IMPEGNATO: 00000000  I.MASTER: 00000000  I.GDO: 00000000  I.TRAD: 00000000
PROGRESSIVO: 026793  LBX  C04  00003520  IMPEGNATO: 00000004  I.MASTER: 00000000  I.GDO: 00000000  I.TRAD: 00000004
PROGRESSIVO: 026793  SIN  C04  00003391  IMPEGNATO: 00000000  I.MASTER: 00000000  I.GDO: 00000000  I.TRAD: 00000000
PROGRESSIVO: 026793  SIN  C04  00003392  IMPEGNATO: 00000216  I.MASTER: 00000000  I.GDO: 00000000  I.TRAD: 00000000
PROGRESSIVO: 026793  SIN  C04  00003520  IMPEGNATO: 00000036  I.MASTER: 00000000  I.GDO: 00000000  I.TRAD: 00000000
 
PROGRESSIVO: 026971            00000000  IMPEGNATO: 00000008  I.MASTER: 00000000  I.GDO: 00000000  I.TRAD: 00000001
PROGRESSIVO: 026971  LBX  VIS  00000200  IMPEGNATO: 00000000  I.MASTER: 00000000  I.GDO: 00000000  I.TRAD: 00000000
PROGRESSIVO: 026971  LBX  VIS  00001300  IMPEGNATO: 00000001  I.MASTER: 00000000  I.GDO: 00000000  I.TRAD: 00000001
PROGRESSIVO: 026971  SIN  VIS  00000200  IMPEGNATO: 00000000  I.MASTER: 00000000  I.GDO: 00000000  I.TRAD: 00000000
PROGRESSIVO: 026971  SIN  VIS  00001300  IMPEGNATO: 00000007  I.MASTER: 00000000  I.GDO: 00000000  I.TRAD: 00000000
 
PROGRESSIVO: 026973            00000000  IMPEGNATO: 00000027  I.MASTER: 00000000  I.GDO: 00000000  I.TRAD: 00000001
PROGRESSIVO: 026973  LBX  VIS  00000200  IMPEGNATO: 00000000  I.MASTER: 00000000  I.GDO: 00000000  I.TRAD: 00000000
PROGRESSIVO: 026973  LBX  VIS  00001300  IMPEGNATO: 00000001  I.MASTER: 00000000  I.GDO: 00000000  I.TRAD: 00000001
PROGRESSIVO: 026973  SIN  VIS  00000200  IMPEGNATO: 00000000  I.MASTER: 00000000  I.GDO: 00000000  I.TRAD: 00000000
PROGRESSIVO: 026973  SIN  VIS  00001300  IMPEGNATO: 00000026  I.MASTER: 00000000  I.GDO: 00000000  I.TRAD: 00000000
 
PROGRESSIVO: 026985            00000000  IMPEGNATO: 00000006  I.MASTER: 00000000  I.GDO: 00000000  I.TRAD: 00000001
PROGRESSIVO: 026985  LBX  VIS  00000200  IMPEGNATO: 00000001  I.MASTER: 00000000  I.GDO: 00000000  I.TRAD: 00000001
PROGRESSIVO: 026985  LBX  VIS  00001300  IMPEGNATO: 00000000  I.MASTER: 00000000  I.GDO: 00000000  I.TRAD: 00000000
PROGRESSIVO: 026985  SIN  VIS  00000200  IMPEGNATO: 00000005  I.MASTER: 00000000  I.GDO: 00000000  I.TRAD: 00000000
PROGRESSIVO: 026985  SIN  VIS  00001300  IMPEGNATO: 00000000  I.MASTER: 00000000  I.GDO: 00000000  I.TRAD: 00000000
 
PROGRESSIVO: 026986            00000000  IMPEGNATO: 00000013  I.MASTER: 00000000  I.GDO: 00000000  I.TRAD: 00000001
PROGRESSIVO: 026986  LBX  VIS  00000200  IMPEGNATO: 00000001  I.MASTER: 00000000  I.GDO: 00000000  I.TRAD: 00000001
PROGRESSIVO: 026986  SIN  VIS  00000200  IMPEGNATO: 00000012  I.MASTER: 00000000  I.GDO: 00000000  I.TRAD: 00000000
PROGRESSIVO: 026986  SIN  VIS  00001300  IMPEGNATO: 00000000  I.MASTER: 00000000  I.GDO: 00000000  I.TRAD: 00000000
 
PROGRESSIVO: 026989            00000000  IMPEGNATO: 00000002  I.MASTER: 00000000  I.GDO: 00000000  I.TRAD: 00000001
PROGRESSIVO: 026989  LBX  VIS  00000200  IMPEGNATO: 00000001  I.MASTER: 00000000  I.GDO: 00000000  I.TRAD: 00000001
PROGRESSIVO: 026989  LBX  VIS  00001300  IMPEGNATO: 00000000  I.MASTER: 00000000  I.GDO: 00000000  I.TRAD: 00000000
PROGRESSIVO: 026989  SIN  VIS  00000200  IMPEGNATO: 00000001  I.MASTER: 00000000  I.GDO: 00000000  I.TRAD: 00000000
PROGRESSIVO: 026989  SIN  VIS  00001300  IMPEGNATO: 00000000  I.MASTER: 00000000  I.GDO: 00000000  I.TRAD: 00000000
 
