** SITUAZIONE PRIMA **
PROGRESSIVO: 026881            00000000  IMPEGNATO: 00000440  I.MASTER: 00000000  I.GDO: 00000005  I.TRAD: 00000030
PROGRESSIVO: 026881  CAS  LAT  00008500  IMPEGNATO: 00000000  I.MASTER: 00000000  I.GDO: 00000000  I.TRAD: 00000000
PROGRESSIVO: 026881  EXD  LAT  00008500  IMPEGNATO: 00000000  I.MASTER: 00000000  I.GDO: 00000000  I.TRAD: 00000000
PROGRESSIVO: 026881  EXD  LAT  00010000  IMPEGNATO: 00000000  I.MASTER: 00000000  I.GDO: 00000000  I.TRAD: 00000000
PROGRESSIVO: 026881  LBX  LAT  00008500  IMPEGNATO: 00000030  I.MASTER: 00000000  I.GDO: 00000000  I.TRAD: 00000030
PROGRESSIVO: 026881  LBX  LAT  00010000  IMPEGNATO: 00000000  I.MASTER: 00000000  I.GDO: 00000000  I.TRAD: 00000000
PROGRESSIVO: 026881  ROS  LAT  00010000  IMPEGNATO: 00000000  I.MASTER: 00000000  I.GDO: 00000000  I.TRAD: 00000000
PROGRESSIVO: 026881  ROT  LAT  00010000  IMPEGNATO: 00000000  I.MASTER: 00000000  I.GDO: 00000000  I.TRAD: 00000000
PROGRESSIVO: 026881  SIN  LAT  00008500  IMPEGNATO: 00000410  I.MASTER: 00000000  I.GDO: 00000005  I.TRAD: 00000000
PROGRESSIVO: 026881  SIN  LAT  00010000  IMPEGNATO: 00000000  I.MASTER: 00000000  I.GDO: 00000000  I.TRAD: 00000000
 
** SITUAZIONE DOPO **
PROGRESSIVO: 026881            00000000  IMPEGNATO: 00000440  I.MASTER: 00000000  I.GDO: 00000010  I.TRAD: 00000030
PROGRESSIVO: 026881  CAS  LAT  00008500  IMPEGNATO: 00000000  I.MASTER: 00000000  I.GDO: 00000000  I.TRAD: 00000000
PROGRESSIVO: 026881  EXD  LAT  00008500  IMPEGNATO: 00000000  I.MASTER: 00000000  I.GDO: 00000000  I.TRAD: 00000000
PROGRESSIVO: 026881  EXD  LAT  00010000  IMPEGNATO: 00000000  I.MASTER: 00000000  I.GDO: 00000000  I.TRAD: 00000000
PROGRESSIVO: 026881  LBX  LAT  00008500  IMPEGNATO: 00000030  I.MASTER: 00000000  I.GDO: 00000000  I.TRAD: 00000030
PROGRESSIVO: 026881  LBX  LAT  00010000  IMPEGNATO: 00000000  I.MASTER: 00000000  I.GDO: 00000000  I.TRAD: 00000000
PROGRESSIVO: 026881  ROS  LAT  00010000  IMPEGNATO: 00000000  I.MASTER: 00000000  I.GDO: 00000000  I.TRAD: 00000000
PROGRESSIVO: 026881  ROT  LAT  00010000  IMPEGNATO: 00000000  I.MASTER: 00000000  I.GDO: 00000000  I.TRAD: 00000000
PROGRESSIVO: 026881  SIN  LAT  00008500  IMPEGNATO: 00000410  I.MASTER: 00000000  I.GDO: 00000010  I.TRAD: 00000000
PROGRESSIVO: 026881  SIN  LAT  00010000  IMPEGNATO: 00000000  I.MASTER: 00000000  I.GDO: 00000000  I.TRAD: 00000000
 
