** SITUAZIONE PRIMA **
PROGRESSIVO: 032404            00000000  IMPEGNATO: 00000864  I.MASTER: 00000000  I.GDO: 00000000  I.TRAD: 00000288
PROGRESSIVO: 032404  LBX  VIS  00012000  IMPEGNATO: 00000288  I.MASTER: 00000000  I.GDO: 00000000  I.TRAD: 00000288
PROGRESSIVO: 032404  ROT  VIS  00012000  IMPEGNATO: 00000000  I.MASTER: 00000000  I.GDO: 00000000  I.TRAD: 00000000
PROGRESSIVO: 032404  SIN  VIS  00008040  IMPEGNATO: 00000000  I.MASTER: 00000000  I.GDO: 00000000  I.TRAD: 00000000
PROGRESSIVO: 032404  SIN  VIS  00009000  IMPEGNATO: 00000000  I.MASTER: 00000000  I.GDO: 00000000  I.TRAD: 00000000
PROGRESSIVO: 032404  SIN  VIS  00012000  IMPEGNATO: 00000576  I.MASTER: 00000000  I.GDO: 00000000  I.TRAD: 00000000
 
PROGRESSIVO: 032936            00000000  IMPEGNATO: 00000693  I.MASTER: 00000000  I.GDO: 00000000  I.TRAD: 00000252
PROGRESSIVO: 032936  LBX  VIS  00006000  IMPEGNATO: 00000252  I.MASTER: 00000000  I.GDO: 00000000  I.TRAD: 00000252
PROGRESSIVO: 032936  ROT  VIS  00006000  IMPEGNATO: 00000000  I.MASTER: 00000000  I.GDO: 00000000  I.TRAD: 00000000
PROGRESSIVO: 032936  SIN  VIS  00004020  IMPEGNATO: 00000000  I.MASTER: 00000000  I.GDO: 00000000  I.TRAD: 00000000
PROGRESSIVO: 032936  SIN  VIS  00004500  IMPEGNATO: 00000000  I.MASTER: 00000000  I.GDO: 00000000  I.TRAD: 00000000
PROGRESSIVO: 032936  SIN  VIS  00006000  IMPEGNATO: 00000441  I.MASTER: 00000000  I.GDO: 00000000  I.TRAD: 00000000
 
PROGRESSIVO: 032406            00000000  IMPEGNATO: 00000384  I.MASTER: 00000000  I.GDO: 00000000  I.TRAD: 00000096
PROGRESSIVO: 032406  LBX  VIS  00004500  IMPEGNATO: 00000096  I.MASTER: 00000000  I.GDO: 00000000  I.TRAD: 00000096
PROGRESSIVO: 032406  LBX  VIS  00006000  IMPEGNATO: 00000000  I.MASTER: 00000000  I.GDO: 00000000  I.TRAD: 00000000
PROGRESSIVO: 032406  ROT  VIS  00006000  IMPEGNATO: 00000000  I.MASTER: 00000000  I.GDO: 00000000  I.TRAD: 00000000
PROGRESSIVO: 032406  SIN  VIS  00004020  IMPEGNATO: 00000000  I.MASTER: 00000000  I.GDO: 00000000  I.TRAD: 00000000
PROGRESSIVO: 032406  SIN  VIS  00004500  IMPEGNATO: 00000288  I.MASTER: 00000000  I.GDO: 00000000  I.TRAD: 00000000
PROGRESSIVO: 032406  SIN  VIS  00006000  IMPEGNATO: 00000000  I.MASTER: 00000000  I.GDO: 00000000  I.TRAD: 00000000
 
PROGRESSIVO: 022378            00000000  IMPEGNATO: 00000100  I.MASTER: 00000000  I.GDO: 00000002  I.TRAD: 00000030
PROGRESSIVO: 022378  EXD  VIS  00000001  IMPEGNATO: 00000000  I.MASTER: 00000000  I.GDO: 00000000  I.TRAD: 00000000
PROGRESSIVO: 022378  LBX  VIS  00000001  IMPEGNATO: 00000053  I.MASTER: 00000000  I.GDO: 00000002  I.TRAD: 00000030
PROGRESSIVO: 022378  SIN  VIS  00000001  IMPEGNATO: 00000047  I.MASTER: 00000000  I.GDO: 00000000  I.TRAD: 00000000
PROGRESSIVO: 022378  SLI  VIS  00000001  IMPEGNATO: 00000000  I.MASTER: 00000000  I.GDO: 00000000  I.TRAD: 00000000
 
** SITUAZIONE DOPO **
PROGRESSIVO: 032404            00000000  IMPEGNATO: 00000864  I.MASTER: 00000000  I.GDO: 00000000  I.TRAD: 00000360
PROGRESSIVO: 032404  LBX  VIS  00012000  IMPEGNATO: 00000360  I.MASTER: 00000000  I.GDO: 00000000  I.TRAD: 00000360
PROGRESSIVO: 032404  ROT  VIS  00012000  IMPEGNATO: 00000000  I.MASTER: 00000000  I.GDO: 00000000  I.TRAD: 00000000
PROGRESSIVO: 032404  SIN  VIS  00008040  IMPEGNATO: 00000000  I.MASTER: 00000000  I.GDO: 00000000  I.TRAD: 00000000
PROGRESSIVO: 032404  SIN  VIS  00009000  IMPEGNATO: 00000000  I.MASTER: 00000000  I.GDO: 00000000  I.TRAD: 00000000
PROGRESSIVO: 032404  SIN  VIS  00012000  IMPEGNATO: 00000504  I.MASTER: 00000000  I.GDO: 00000000  I.TRAD: 00000000
 
PROGRESSIVO: 032936            00000000  IMPEGNATO: 00000693  I.MASTER: 00000000  I.GDO: 00000000  I.TRAD: 00000315
PROGRESSIVO: 032936  LBX  VIS  00006000  IMPEGNATO: 00000315  I.MASTER: 00000000  I.GDO: 00000000  I.TRAD: 00000315
PROGRESSIVO: 032936  ROT  VIS  00006000  IMPEGNATO: 00000000  I.MASTER: 00000000  I.GDO: 00000000  I.TRAD: 00000000
PROGRESSIVO: 032936  SIN  VIS  00004020  IMPEGNATO: 00000000  I.MASTER: 00000000  I.GDO: 00000000  I.TRAD: 00000000
PROGRESSIVO: 032936  SIN  VIS  00004500  IMPEGNATO: 00000000  I.MASTER: 00000000  I.GDO: 00000000  I.TRAD: 00000000
PROGRESSIVO: 032936  SIN  VIS  00006000  IMPEGNATO: 00000378  I.MASTER: 00000000  I.GDO: 00000000  I.TRAD: 00000000
 
PROGRESSIVO: 032406            00000000  IMPEGNATO: 00000384  I.MASTER: 00000000  I.GDO: 00000000  I.TRAD: 00000144
PROGRESSIVO: 032406  LBX  VIS  00004500  IMPEGNATO: 00000144  I.MASTER: 00000000  I.GDO: 00000000  I.TRAD: 00000144
PROGRESSIVO: 032406  LBX  VIS  00006000  IMPEGNATO: 00000000  I.MASTER: 00000000  I.GDO: 00000000  I.TRAD: 00000000
PROGRESSIVO: 032406  ROT  VIS  00006000  IMPEGNATO: 00000000  I.MASTER: 00000000  I.GDO: 00000000  I.TRAD: 00000000
PROGRESSIVO: 032406  SIN  VIS  00004020  IMPEGNATO: 00000000  I.MASTER: 00000000  I.GDO: 00000000  I.TRAD: 00000000
PROGRESSIVO: 032406  SIN  VIS  00004500  IMPEGNATO: 00000240  I.MASTER: 00000000  I.GDO: 00000000  I.TRAD: 00000000
PROGRESSIVO: 032406  SIN  VIS  00006000  IMPEGNATO: 00000000  I.MASTER: 00000000  I.GDO: 00000000  I.TRAD: 00000000
 
PROGRESSIVO: 022378            00000000  IMPEGNATO: 00000100  I.MASTER: 00000000  I.GDO: 00000002  I.TRAD: 00000031
PROGRESSIVO: 022378  EXD  VIS  00000001  IMPEGNATO: 00000000  I.MASTER: 00000000  I.GDO: 00000000  I.TRAD: 00000000
PROGRESSIVO: 022378  LBX  VIS  00000001  IMPEGNATO: 00000054  I.MASTER: 00000000  I.GDO: 00000002  I.TRAD: 00000031
PROGRESSIVO: 022378  SIN  VIS  00000001  IMPEGNATO: 00000046  I.MASTER: 00000000  I.GDO: 00000000  I.TRAD: 00000000
PROGRESSIVO: 022378  SLI  VIS  00000001  IMPEGNATO: 00000000  I.MASTER: 00000000  I.GDO: 00000000  I.TRAD: 00000000
 
