** SITUAZIONE PRIMA **
PROGRESSIVO: 014546            00000000  IMPEGNATO: 00000016  I.MASTER: 00000000  I.GDO: 00000000  I.TRAD: 00000007
PROGRESSIVO: 014546  EXD  FTO  00167000  IMPEGNATO: 00000000  I.MASTER: 00000000  I.GDO: 00000000  I.TRAD: 00000000
PROGRESSIVO: 014546  EXD  FTO  00170000  IMPEGNATO: 00000015  I.MASTER: 00000000  I.GDO: 00000000  I.TRAD: 00000000
PROGRESSIVO: 014546  LBX  CU1  00880000  IMPEGNATO: 00000000  I.MASTER: 00000000  I.GDO: 00000000  I.TRAD: 00000000
PROGRESSIVO: 014546  LBX  FTO  00170000  IMPEGNATO: 00000001  I.MASTER: 00000000  I.GDO: 00000000  I.TRAD: 00000007
PROGRESSIVO: 014546  LBX  FTO  00171000  IMPEGNATO: 00000000  I.MASTER: 00000000  I.GDO: 00000000  I.TRAD: 00000000
PROGRESSIVO: 014546  LBX  FTO  00176000  IMPEGNATO: 00000000  I.MASTER: 00000000  I.GDO: 00000000  I.TRAD: 00000000
PROGRESSIVO: 014546  SIN  FTO  00167000  IMPEGNATO: 00000000  I.MASTER: 00000000  I.GDO: 00000000  I.TRAD: 00000000
PROGRESSIVO: 014546  SIN  FTO  00170000  IMPEGNATO: 00000000  I.MASTER: 00000000  I.GDO: 00000000  I.TRAD: 00000000
PROGRESSIVO: 014546  SIN  FTO  00171000  IMPEGNATO: 00000000  I.MASTER: 00000000  I.GDO: 00000000  I.TRAD: 00000000
PROGRESSIVO: 014546  SIN  FTO  00176000  IMPEGNATO: 00000000  I.MASTER: 00000000  I.GDO: 00000000  I.TRAD: 00000000
 
** SITUAZIONE DOPO **
PROGRESSIVO: 014546            00000000  IMPEGNATO: 00000016  I.MASTER: 00000000  I.GDO: 00000000  I.TRAD: 00000009
PROGRESSIVO: 014546  EXD  FTO  00167000  IMPEGNATO: 00000000  I.MASTER: 00000000  I.GDO: 00000000  I.TRAD: 00000000
PROGRESSIVO: 014546  EXD  FTO  00170000  IMPEGNATO: 00000015  I.MASTER: 00000000  I.GDO: 00000000  I.TRAD: 00000000
PROGRESSIVO: 014546  LBX  CU1  00880000  IMPEGNATO: 00000000  I.MASTER: 00000000  I.GDO: 00000000  I.TRAD: 00000000
PROGRESSIVO: 014546  LBX  FTO  00170000  IMPEGNATO: 00000001  I.MASTER: 00000000  I.GDO: 00000000  I.TRAD: 00000009
PROGRESSIVO: 014546  LBX  FTO  00171000  IMPEGNATO: 00000000  I.MASTER: 00000000  I.GDO: 00000000  I.TRAD: 00000000
PROGRESSIVO: 014546  LBX  FTO  00176000  IMPEGNATO: 00000000  I.MASTER: 00000000  I.GDO: 00000000  I.TRAD: 00000000
PROGRESSIVO: 014546  SIN  FTO  00167000  IMPEGNATO: 00000000  I.MASTER: 00000000  I.GDO: 00000000  I.TRAD: 00000000
PROGRESSIVO: 014546  SIN  FTO  00170000  IMPEGNATO: 00000000  I.MASTER: 00000000  I.GDO: 00000000  I.TRAD: 00000000
PROGRESSIVO: 014546  SIN  FTO  00171000  IMPEGNATO: 00000000  I.MASTER: 00000000  I.GDO: 00000000  I.TRAD: 00000000
PROGRESSIVO: 014546  SIN  FTO  00176000  IMPEGNATO: 00000000  I.MASTER: 00000000  I.GDO: 00000000  I.TRAD: 00000000
 
