** SITUAZIONE PRIMA **
PROGRESSIVO: 032936            00000000  IMPEGNATO: 00000693  I.MASTER: 00000000  I.GDO: 00000000  I.TRAD: 00000378
PROGRESSIVO: 032936  LBX  VIS  00006000  IMPEGNATO: 00000378  I.MASTER: 00000000  I.GDO: 00000000  I.TRAD: 00000378
PROGRESSIVO: 032936  ROT  VIS  00006000  IMPEGNATO: 00000000  I.MASTER: 00000000  I.GDO: 00000000  I.TRAD: 00000000
PROGRESSIVO: 032936  SIN  VIS  00004020  IMPEGNATO: 00000000  I.MASTER: 00000000  I.GDO: 00000000  I.TRAD: 00000000
PROGRESSIVO: 032936  SIN  VIS  00004500  IMPEGNATO: 00000000  I.MASTER: 00000000  I.GDO: 00000000  I.TRAD: 00000000
PROGRESSIVO: 032936  SIN  VIS  00006000  IMPEGNATO: 00000315  I.MASTER: 00000000  I.GDO: 00000000  I.TRAD: 00000000
 
PROGRESSIVO: 022378            00000000  IMPEGNATO: 00000100  I.MASTER: 00000000  I.GDO: 00000002  I.TRAD: 00000034
PROGRESSIVO: 022378  EXD  VIS  00000001  IMPEGNATO: 00000000  I.MASTER: 00000000  I.GDO: 00000000  I.TRAD: 00000000
PROGRESSIVO: 022378  LBX  VIS  00000001  IMPEGNATO: 00000057  I.MASTER: 00000000  I.GDO: 00000002  I.TRAD: 00000034
PROGRESSIVO: 022378  SIN  VIS  00000001  IMPEGNATO: 00000043  I.MASTER: 00000000  I.GDO: 00000000  I.TRAD: 00000000
PROGRESSIVO: 022378  SLI  VIS  00000001  IMPEGNATO: 00000000  I.MASTER: 00000000  I.GDO: 00000000  I.TRAD: 00000000
 
** SITUAZIONE DOPO **
PROGRESSIVO: 032936            00000000  IMPEGNATO: 00000693  I.MASTER: 00000000  I.GDO: 00000000  I.TRAD: 00000441
PROGRESSIVO: 032936  LBX  VIS  00006000  IMPEGNATO: 00000441  I.MASTER: 00000000  I.GDO: 00000000  I.TRAD: 00000441
PROGRESSIVO: 032936  ROT  VIS  00006000  IMPEGNATO: 00000000  I.MASTER: 00000000  I.GDO: 00000000  I.TRAD: 00000000
PROGRESSIVO: 032936  SIN  VIS  00004020  IMPEGNATO: 00000000  I.MASTER: 00000000  I.GDO: 00000000  I.TRAD: 00000000
PROGRESSIVO: 032936  SIN  VIS  00004500  IMPEGNATO: 00000000  I.MASTER: 00000000  I.GDO: 00000000  I.TRAD: 00000000
PROGRESSIVO: 032936  SIN  VIS  00006000  IMPEGNATO: 00000252  I.MASTER: 00000000  I.GDO: 00000000  I.TRAD: 00000000
 
PROGRESSIVO: 022378            00000000  IMPEGNATO: 00000100  I.MASTER: 00000000  I.GDO: 00000002  I.TRAD: 00000035
PROGRESSIVO: 022378  EXD  VIS  00000001  IMPEGNATO: 00000000  I.MASTER: 00000000  I.GDO: 00000000  I.TRAD: 00000000
PROGRESSIVO: 022378  LBX  VIS  00000001  IMPEGNATO: 00000058  I.MASTER: 00000000  I.GDO: 00000002  I.TRAD: 00000035
PROGRESSIVO: 022378  SIN  VIS  00000001  IMPEGNATO: 00000042  I.MASTER: 00000000  I.GDO: 00000000  I.TRAD: 00000000
PROGRESSIVO: 022378  SLI  VIS  00000001  IMPEGNATO: 00000000  I.MASTER: 00000000  I.GDO: 00000000  I.TRAD: 00000000
 
