** SITUAZIONE PRIMA **
PROGRESSIVO: 032328            00000000  IMPEGNATO: 00000001  I.MASTER: 00000000  I.GDO: 00000000  I.TRAD: 00000000
PROGRESSIVO: 032328  LBX  LAT  00020000  IMPEGNATO: 00000000  I.MASTER: 00000000  I.GDO: 00000000  I.TRAD: 00000000
PROGRESSIVO: 032328  SIN  LAT  00020000  IMPEGNATO: 00000001  I.MASTER: 00000000  I.GDO: 00000000  I.TRAD: 00000000
PROGRESSIVO: 032328  SIN  LAT  00022300  IMPEGNATO: 00000000  I.MASTER: 00000000  I.GDO: 00000000  I.TRAD: 00000000
 
PROGRESSIVO: 026807            00000000  IMPEGNATO: 00000080  I.MASTER: 00000000  I.GDO: 00000000  I.TRAD: 00000020
PROGRESSIVO: 026807  CAS  C20  00001000  IMPEGNATO: 00000000  I.MASTER: 00000000  I.GDO: 00000000  I.TRAD: 00000000
PROGRESSIVO: 026807  LBX  C12  00001000  IMPEGNATO: 00000000  I.MASTER: 00000000  I.GDO: 00000000  I.TRAD: 00000000
PROGRESSIVO: 026807  LBX  C20  00001000  IMPEGNATO: 00000020  I.MASTER: 00000000  I.GDO: 00000000  I.TRAD: 00000020
PROGRESSIVO: 026807  SIN  C12  00001000  IMPEGNATO: 00000000  I.MASTER: 00000000  I.GDO: 00000000  I.TRAD: 00000000
PROGRESSIVO: 026807  SIN  C20  00001000  IMPEGNATO: 00000060  I.MASTER: 00000000  I.GDO: 00000000  I.TRAD: 00000000
 
** SITUAZIONE DOPO **
PROGRESSIVO: 032328            00000000  IMPEGNATO: 00000001  I.MASTER: 00000000  I.GDO: 00000000  I.TRAD: 00000001
PROGRESSIVO: 032328  LBX  LAT  00020000  IMPEGNATO: 00000001  I.MASTER: 00000000  I.GDO: 00000000  I.TRAD: 00000001
PROGRESSIVO: 032328  SIN  LAT  00020000  IMPEGNATO: 00000000  I.MASTER: 00000000  I.GDO: 00000000  I.TRAD: 00000000
PROGRESSIVO: 032328  SIN  LAT  00022300  IMPEGNATO: 00000000  I.MASTER: 00000000  I.GDO: 00000000  I.TRAD: 00000000
 
PROGRESSIVO: 026807            00000000  IMPEGNATO: 00000080  I.MASTER: 00000000  I.GDO: 00000000  I.TRAD: 00000040
PROGRESSIVO: 026807  CAS  C20  00001000  IMPEGNATO: 00000000  I.MASTER: 00000000  I.GDO: 00000000  I.TRAD: 00000000
PROGRESSIVO: 026807  LBX  C12  00001000  IMPEGNATO: 00000000  I.MASTER: 00000000  I.GDO: 00000000  I.TRAD: 00000000
PROGRESSIVO: 026807  LBX  C20  00001000  IMPEGNATO: 00000040  I.MASTER: 00000000  I.GDO: 00000000  I.TRAD: 00000040
PROGRESSIVO: 026807  SIN  C12  00001000  IMPEGNATO: 00000000  I.MASTER: 00000000  I.GDO: 00000000  I.TRAD: 00000000
PROGRESSIVO: 026807  SIN  C20  00001000  IMPEGNATO: 00000040  I.MASTER: 00000000  I.GDO: 00000000  I.TRAD: 00000000
 
