** SITUAZIONE PRIMA **
PROGRESSIVO: 027277            00000000  IMPEGNATO: 00000023  I.MASTER: 00000000  I.GDO: 00000000  I.TRAD: 00000000
PROGRESSIVO: 027277  LBX  VIS  00042562  IMPEGNATO: 00000000  I.MASTER: 00000000  I.GDO: 00000000  I.TRAD: 00000000
PROGRESSIVO: 027277  LBX  VIS  00056750  IMPEGNATO: 00000000  I.MASTER: 00000000  I.GDO: 00000000  I.TRAD: 00000000
PROGRESSIVO: 027277  ROT  VIS  00042562  IMPEGNATO: 00000000  I.MASTER: 00000000  I.GDO: 00000000  I.TRAD: 00000000
PROGRESSIVO: 027277  ROT  VIS  00056750  IMPEGNATO: 00000000  I.MASTER: 00000000  I.GDO: 00000000  I.TRAD: 00000000
PROGRESSIVO: 027277  SIN  VIS  00038020  IMPEGNATO: 00000000  I.MASTER: 00000000  I.GDO: 00000000  I.TRAD: 00000000
PROGRESSIVO: 027277  SIN  VIS  00042562  IMPEGNATO: 00000023  I.MASTER: 00000000  I.GDO: 00000000  I.TRAD: 00000000
PROGRESSIVO: 027277  SIN  VIS  00056750  IMPEGNATO: 00000000  I.MASTER: 00000000  I.GDO: 00000000  I.TRAD: 00000000
 
PROGRESSIVO: 033741            00000000  IMPEGNATO: 00000023  I.MASTER: 00000000  I.GDO: 00000000  I.TRAD: 00000000
PROGRESSIVO: 033741  LBX  VIS  00000001  IMPEGNATO: 00000000  I.MASTER: 00000000  I.GDO: 00000000  I.TRAD: 00000000
PROGRESSIVO: 033741  SIN  VIS  00000001  IMPEGNATO: 00000023  I.MASTER: 00000000  I.GDO: 00000000  I.TRAD: 00000000
 
PROGRESSIVO: 007924            00000000  IMPEGNATO: 00000065  I.MASTER: 00000000  I.GDO: 00000002  I.TRAD: 00000030
PROGRESSIVO: 007924  EXD  VIS  00000001  IMPEGNATO: 00000000  I.MASTER: 00000000  I.GDO: 00000000  I.TRAD: 00000000
PROGRESSIVO: 007924  LBX  VIS  00000001  IMPEGNATO: 00000054  I.MASTER: 00000000  I.GDO: 00000002  I.TRAD: 00000030
PROGRESSIVO: 007924  MES  VIS  00000001  IMPEGNATO: 00000000  I.MASTER: 00000000  I.GDO: 00000000  I.TRAD: 00000000
PROGRESSIVO: 007924  RIA  VIS  00000001  IMPEGNATO: 00000000  I.MASTER: 00000000  I.GDO: 00000000  I.TRAD: 00000000
PROGRESSIVO: 007924  ROT  VIS  00000001  IMPEGNATO: 00000000  I.MASTER: 00000000  I.GDO: 00000000  I.TRAD: 00000000
PROGRESSIVO: 007924  SIN  VIS  00000001  IMPEGNATO: 00000011  I.MASTER: 00000000  I.GDO: 00000000  I.TRAD: 00000000
PROGRESSIVO: 007924  SLI  VIS  00000001  IMPEGNATO: 00000000  I.MASTER: 00000000  I.GDO: 00000000  I.TRAD: 00000000
PROGRESSIVO: 007924  TRI  VIS  00000001  IMPEGNATO: 00000000  I.MASTER: 00000000  I.GDO: 00000000  I.TRAD: 00000000
 
** SITUAZIONE DOPO **
PROGRESSIVO: 027277            00000000  IMPEGNATO: 00000024  I.MASTER: 00000000  I.GDO: 00000000  I.TRAD: 00000024
PROGRESSIVO: 027277  LBX  VIS  00042562  IMPEGNATO: 00000024  I.MASTER: 00000000  I.GDO: 00000000  I.TRAD: 00000024
PROGRESSIVO: 027277  LBX  VIS  00056750  IMPEGNATO: 00000000  I.MASTER: 00000000  I.GDO: 00000000  I.TRAD: 00000000
PROGRESSIVO: 027277  ROT  VIS  00042562  IMPEGNATO: 00000000  I.MASTER: 00000000  I.GDO: 00000000  I.TRAD: 00000000
PROGRESSIVO: 027277  ROT  VIS  00056750  IMPEGNATO: 00000000  I.MASTER: 00000000  I.GDO: 00000000  I.TRAD: 00000000
PROGRESSIVO: 027277  SIN  VIS  00038020  IMPEGNATO: 00000000  I.MASTER: 00000000  I.GDO: 00000000  I.TRAD: 00000000
PROGRESSIVO: 027277  SIN  VIS  00042562  IMPEGNATO: 00000000  I.MASTER: 00000000  I.GDO: 00000000  I.TRAD: 00000000
PROGRESSIVO: 027277  SIN  VIS  00056750  IMPEGNATO: 00000000  I.MASTER: 00000000  I.GDO: 00000000  I.TRAD: 00000000
 
PROGRESSIVO: 033741            00000000  IMPEGNATO: 00000024  I.MASTER: 00000000  I.GDO: 00000000  I.TRAD: 00000024
PROGRESSIVO: 033741  LBX  VIS  00000001  IMPEGNATO: 00000024  I.MASTER: 00000000  I.GDO: 00000000  I.TRAD: 00000024
PROGRESSIVO: 033741  SIN  VIS  00000001  IMPEGNATO: 00000000  I.MASTER: 00000000  I.GDO: 00000000  I.TRAD: 00000000
 
PROGRESSIVO: 007924            00000000  IMPEGNATO: 00000065  I.MASTER: 00000000  I.GDO: 00000002  I.TRAD: 00000031
PROGRESSIVO: 007924  EXD  VIS  00000001  IMPEGNATO: 00000000  I.MASTER: 00000000  I.GDO: 00000000  I.TRAD: 00000000
PROGRESSIVO: 007924  LBX  VIS  00000001  IMPEGNATO: 00000055  I.MASTER: 00000000  I.GDO: 00000002  I.TRAD: 00000031
PROGRESSIVO: 007924  MES  VIS  00000001  IMPEGNATO: 00000000  I.MASTER: 00000000  I.GDO: 00000000  I.TRAD: 00000000
PROGRESSIVO: 007924  RIA  VIS  00000001  IMPEGNATO: 00000000  I.MASTER: 00000000  I.GDO: 00000000  I.TRAD: 00000000
PROGRESSIVO: 007924  ROT  VIS  00000001  IMPEGNATO: 00000000  I.MASTER: 00000000  I.GDO: 00000000  I.TRAD: 00000000
PROGRESSIVO: 007924  SIN  VIS  00000001  IMPEGNATO: 00000010  I.MASTER: 00000000  I.GDO: 00000000  I.TRAD: 00000000
PROGRESSIVO: 007924  SLI  VIS  00000001  IMPEGNATO: 00000000  I.MASTER: 00000000  I.GDO: 00000000  I.TRAD: 00000000
PROGRESSIVO: 007924  TRI  VIS  00000001  IMPEGNATO: 00000000  I.MASTER: 00000000  I.GDO: 00000000  I.TRAD: 00000000
 
