** SITUAZIONE PRIMA **
PROGRESSIVO: 032404            00000000  IMPEGNATO: 00000864  I.MASTER: 00000000  I.GDO: 00000000  I.TRAD: 00000648
PROGRESSIVO: 032404  LBX  VIS  00012000  IMPEGNATO: 00000648  I.MASTER: 00000000  I.GDO: 00000000  I.TRAD: 00000648
PROGRESSIVO: 032404  ROT  VIS  00012000  IMPEGNATO: 00000000  I.MASTER: 00000000  I.GDO: 00000000  I.TRAD: 00000000
PROGRESSIVO: 032404  SIN  VIS  00008040  IMPEGNATO: 00000000  I.MASTER: 00000000  I.GDO: 00000000  I.TRAD: 00000000
PROGRESSIVO: 032404  SIN  VIS  00009000  IMPEGNATO: 00000000  I.MASTER: 00000000  I.GDO: 00000000  I.TRAD: 00000000
PROGRESSIVO: 032404  SIN  VIS  00012000  IMPEGNATO: 00000216  I.MASTER: 00000000  I.GDO: 00000000  I.TRAD: 00000000
 
PROGRESSIVO: 032936            00000000  IMPEGNATO: 00000693  I.MASTER: 00000000  I.GDO: 00000000  I.TRAD: 00000567
PROGRESSIVO: 032936  LBX  VIS  00006000  IMPEGNATO: 00000567  I.MASTER: 00000000  I.GDO: 00000000  I.TRAD: 00000567
PROGRESSIVO: 032936  ROT  VIS  00006000  IMPEGNATO: 00000000  I.MASTER: 00000000  I.GDO: 00000000  I.TRAD: 00000000
PROGRESSIVO: 032936  SIN  VIS  00004020  IMPEGNATO: 00000000  I.MASTER: 00000000  I.GDO: 00000000  I.TRAD: 00000000
PROGRESSIVO: 032936  SIN  VIS  00004500  IMPEGNATO: 00000000  I.MASTER: 00000000  I.GDO: 00000000  I.TRAD: 00000000
PROGRESSIVO: 032936  SIN  VIS  00006000  IMPEGNATO: 00000126  I.MASTER: 00000000  I.GDO: 00000000  I.TRAD: 00000000
 
PROGRESSIVO: 032406            00000000  IMPEGNATO: 00000384  I.MASTER: 00000000  I.GDO: 00000000  I.TRAD: 00000288
PROGRESSIVO: 032406  LBX  VIS  00004500  IMPEGNATO: 00000288  I.MASTER: 00000000  I.GDO: 00000000  I.TRAD: 00000288
PROGRESSIVO: 032406  LBX  VIS  00006000  IMPEGNATO: 00000000  I.MASTER: 00000000  I.GDO: 00000000  I.TRAD: 00000000
PROGRESSIVO: 032406  ROT  VIS  00006000  IMPEGNATO: 00000000  I.MASTER: 00000000  I.GDO: 00000000  I.TRAD: 00000000
PROGRESSIVO: 032406  SIN  VIS  00004020  IMPEGNATO: 00000000  I.MASTER: 00000000  I.GDO: 00000000  I.TRAD: 00000000
PROGRESSIVO: 032406  SIN  VIS  00004500  IMPEGNATO: 00000096  I.MASTER: 00000000  I.GDO: 00000000  I.TRAD: 00000000
PROGRESSIVO: 032406  SIN  VIS  00006000  IMPEGNATO: 00000000  I.MASTER: 00000000  I.GDO: 00000000  I.TRAD: 00000000
 
PROGRESSIVO: 022378            00000000  IMPEGNATO: 00000094  I.MASTER: 00000000  I.GDO: 00000002  I.TRAD: 00000041
PROGRESSIVO: 022378  EXD  VIS  00000001  IMPEGNATO: 00000000  I.MASTER: 00000000  I.GDO: 00000000  I.TRAD: 00000000
PROGRESSIVO: 022378  LBX  VIS  00000001  IMPEGNATO: 00000058  I.MASTER: 00000000  I.GDO: 00000002  I.TRAD: 00000041
PROGRESSIVO: 022378  SIN  VIS  00000001  IMPEGNATO: 00000036  I.MASTER: 00000000  I.GDO: 00000000  I.TRAD: 00000000
PROGRESSIVO: 022378  SLI  VIS  00000001  IMPEGNATO: 00000000  I.MASTER: 00000000  I.GDO: 00000000  I.TRAD: 00000000
 
** SITUAZIONE DOPO **
PROGRESSIVO: 032404            00000000  IMPEGNATO: 00000864  I.MASTER: 00000000  I.GDO: 00000000  I.TRAD: 00000720
PROGRESSIVO: 032404  LBX  VIS  00012000  IMPEGNATO: 00000720  I.MASTER: 00000000  I.GDO: 00000000  I.TRAD: 00000720
PROGRESSIVO: 032404  ROT  VIS  00012000  IMPEGNATO: 00000000  I.MASTER: 00000000  I.GDO: 00000000  I.TRAD: 00000000
PROGRESSIVO: 032404  SIN  VIS  00008040  IMPEGNATO: 00000000  I.MASTER: 00000000  I.GDO: 00000000  I.TRAD: 00000000
PROGRESSIVO: 032404  SIN  VIS  00009000  IMPEGNATO: 00000000  I.MASTER: 00000000  I.GDO: 00000000  I.TRAD: 00000000
PROGRESSIVO: 032404  SIN  VIS  00012000  IMPEGNATO: 00000144  I.MASTER: 00000000  I.GDO: 00000000  I.TRAD: 00000000
 
PROGRESSIVO: 032936            00000000  IMPEGNATO: 00000693  I.MASTER: 00000000  I.GDO: 00000000  I.TRAD: 00000693
PROGRESSIVO: 032936  LBX  VIS  00006000  IMPEGNATO: 00000693  I.MASTER: 00000000  I.GDO: 00000000  I.TRAD: 00000693
PROGRESSIVO: 032936  ROT  VIS  00006000  IMPEGNATO: 00000000  I.MASTER: 00000000  I.GDO: 00000000  I.TRAD: 00000000
PROGRESSIVO: 032936  SIN  VIS  00004020  IMPEGNATO: 00000000  I.MASTER: 00000000  I.GDO: 00000000  I.TRAD: 00000000
PROGRESSIVO: 032936  SIN  VIS  00004500  IMPEGNATO: 00000000  I.MASTER: 00000000  I.GDO: 00000000  I.TRAD: 00000000
PROGRESSIVO: 032936  SIN  VIS  00006000  IMPEGNATO: 00000000  I.MASTER: 00000000  I.GDO: 00000000  I.TRAD: 00000000
 
PROGRESSIVO: 032406            00000000  IMPEGNATO: 00000384  I.MASTER: 00000000  I.GDO: 00000000  I.TRAD: 00000336
PROGRESSIVO: 032406  LBX  VIS  00004500  IMPEGNATO: 00000336  I.MASTER: 00000000  I.GDO: 00000000  I.TRAD: 00000336
PROGRESSIVO: 032406  LBX  VIS  00006000  IMPEGNATO: 00000000  I.MASTER: 00000000  I.GDO: 00000000  I.TRAD: 00000000
PROGRESSIVO: 032406  ROT  VIS  00006000  IMPEGNATO: 00000000  I.MASTER: 00000000  I.GDO: 00000000  I.TRAD: 00000000
PROGRESSIVO: 032406  SIN  VIS  00004020  IMPEGNATO: 00000000  I.MASTER: 00000000  I.GDO: 00000000  I.TRAD: 00000000
PROGRESSIVO: 032406  SIN  VIS  00004500  IMPEGNATO: 00000048  I.MASTER: 00000000  I.GDO: 00000000  I.TRAD: 00000000
PROGRESSIVO: 032406  SIN  VIS  00006000  IMPEGNATO: 00000000  I.MASTER: 00000000  I.GDO: 00000000  I.TRAD: 00000000
 
PROGRESSIVO: 022378            00000000  IMPEGNATO: 00000094  I.MASTER: 00000000  I.GDO: 00000002  I.TRAD: 00000042
PROGRESSIVO: 022378  EXD  VIS  00000001  IMPEGNATO: 00000000  I.MASTER: 00000000  I.GDO: 00000000  I.TRAD: 00000000
PROGRESSIVO: 022378  LBX  VIS  00000001  IMPEGNATO: 00000059  I.MASTER: 00000000  I.GDO: 00000002  I.TRAD: 00000042
PROGRESSIVO: 022378  SIN  VIS  00000001  IMPEGNATO: 00000035  I.MASTER: 00000000  I.GDO: 00000000  I.TRAD: 00000000
PROGRESSIVO: 022378  SLI  VIS  00000001  IMPEGNATO: 00000000  I.MASTER: 00000000  I.GDO: 00000000  I.TRAD: 00000000
 
