** SITUAZIONE PRIMA **
PROGRESSIVO: 026895            00000000  IMPEGNATO: 00000002  I.MASTER: 00000000  I.GDO: 00000000  I.TRAD: 00000000
PROGRESSIVO: 026895  EXD  C02  00001300  IMPEGNATO: 00000000  I.MASTER: 00000000  I.GDO: 00000000  I.TRAD: 00000000
PROGRESSIVO: 026895  LBX  C02  00001300  IMPEGNATO: 00000000  I.MASTER: 00000000  I.GDO: 00000000  I.TRAD: 00000000
PROGRESSIVO: 026895  LBX  VIS  00001300  IMPEGNATO: 00000000  I.MASTER: 00000000  I.GDO: 00000000  I.TRAD: 00000000
PROGRESSIVO: 026895  ROS  VIS  00001300  IMPEGNATO: 00000000  I.MASTER: 00000000  I.GDO: 00000000  I.TRAD: 00000000
PROGRESSIVO: 026895  SIN  VIS  00001300  IMPEGNATO: 00000002  I.MASTER: 00000000  I.GDO: 00000000  I.TRAD: 00000000
 
PROGRESSIVO: 026896            00000000  IMPEGNATO: 00000004  I.MASTER: 00000000  I.GDO: 00000000  I.TRAD: 00000000
PROGRESSIVO: 026896  EXD  C04  00001300  IMPEGNATO: 00000000  I.MASTER: 00000000  I.GDO: 00000000  I.TRAD: 00000000
PROGRESSIVO: 026896  LBX  C04  00001300  IMPEGNATO: 00000000  I.MASTER: 00000000  I.GDO: 00000000  I.TRAD: 00000000
PROGRESSIVO: 026896  LBX  VIS  00001300  IMPEGNATO: 00000000  I.MASTER: 00000000  I.GDO: 00000000  I.TRAD: 00000000
PROGRESSIVO: 026896  ROS  VIS  00001300  IMPEGNATO: 00000000  I.MASTER: 00000000  I.GDO: 00000000  I.TRAD: 00000000
PROGRESSIVO: 026896  SIN  VIS  00001300  IMPEGNATO: 00000004  I.MASTER: 00000000  I.GDO: 00000000  I.TRAD: 00000000
 
PROGRESSIVO: 026897            00000000  IMPEGNATO: 00000004  I.MASTER: 00000000  I.GDO: 00000000  I.TRAD: 00000000
PROGRESSIVO: 026897  EXD  C04  00001300  IMPEGNATO: 00000000  I.MASTER: 00000000  I.GDO: 00000000  I.TRAD: 00000000
PROGRESSIVO: 026897  LBX  C04  00001300  IMPEGNATO: 00000000  I.MASTER: 00000000  I.GDO: 00000000  I.TRAD: 00000000
PROGRESSIVO: 026897  LBX  VIS  00001300  IMPEGNATO: 00000000  I.MASTER: 00000000  I.GDO: 00000000  I.TRAD: 00000000
PROGRESSIVO: 026897  ROS  C04  00001300  IMPEGNATO: 00000000  I.MASTER: 00000000  I.GDO: 00000000  I.TRAD: 00000000
PROGRESSIVO: 026897  ROS  VIS  00001300  IMPEGNATO: 00000000  I.MASTER: 00000000  I.GDO: 00000000  I.TRAD: 00000000
PROGRESSIVO: 026897  SIN  VIS  00001300  IMPEGNATO: 00000004  I.MASTER: 00000000  I.GDO: 00000000  I.TRAD: 00000000
 
PROGRESSIVO: 026898            00000000  IMPEGNATO: 00000002  I.MASTER: 00000000  I.GDO: 00000000  I.TRAD: 00000000
PROGRESSIVO: 026898  EXD  C02  00001300  IMPEGNATO: 00000000  I.MASTER: 00000000  I.GDO: 00000000  I.TRAD: 00000000
PROGRESSIVO: 026898  LBX  C02  00001300  IMPEGNATO: 00000000  I.MASTER: 00000000  I.GDO: 00000000  I.TRAD: 00000000
PROGRESSIVO: 026898  LBX  VIS  00001300  IMPEGNATO: 00000000  I.MASTER: 00000000  I.GDO: 00000000  I.TRAD: 00000000
PROGRESSIVO: 026898  ROS  VIS  00001300  IMPEGNATO: 00000000  I.MASTER: 00000000  I.GDO: 00000000  I.TRAD: 00000000
PROGRESSIVO: 026898  SIN  VIS  00001300  IMPEGNATO: 00000002  I.MASTER: 00000000  I.GDO: 00000000  I.TRAD: 00000000
 
PROGRESSIVO: 026900            00000000  IMPEGNATO: 00000002  I.MASTER: 00000000  I.GDO: 00000000  I.TRAD: 00000000
PROGRESSIVO: 026900  EXD  C02  00001300  IMPEGNATO: 00000000  I.MASTER: 00000000  I.GDO: 00000000  I.TRAD: 00000000
PROGRESSIVO: 026900  LBX  C02  00001300  IMPEGNATO: 00000000  I.MASTER: 00000000  I.GDO: 00000000  I.TRAD: 00000000
PROGRESSIVO: 026900  LBX  VIS  00001300  IMPEGNATO: 00000000  I.MASTER: 00000000  I.GDO: 00000000  I.TRAD: 00000000
PROGRESSIVO: 026900  ROS  C02  00001300  IMPEGNATO: 00000000  I.MASTER: 00000000  I.GDO: 00000000  I.TRAD: 00000000
PROGRESSIVO: 026900  ROS  VIS  00001300  IMPEGNATO: 00000000  I.MASTER: 00000000  I.GDO: 00000000  I.TRAD: 00000000
PROGRESSIVO: 026900  SIN  VIS  00001300  IMPEGNATO: 00000002  I.MASTER: 00000000  I.GDO: 00000000  I.TRAD: 00000000
 
PROGRESSIVO: 026901            00000000  IMPEGNATO: 00000004  I.MASTER: 00000000  I.GDO: 00000000  I.TRAD: 00000000
PROGRESSIVO: 026901  EXD  C04  00001300  IMPEGNATO: 00000000  I.MASTER: 00000000  I.GDO: 00000000  I.TRAD: 00000000
PROGRESSIVO: 026901  LBX  C04  00001300  IMPEGNATO: 00000000  I.MASTER: 00000000  I.GDO: 00000000  I.TRAD: 00000000
PROGRESSIVO: 026901  LBX  VIS  00001300  IMPEGNATO: 00000000  I.MASTER: 00000000  I.GDO: 00000000  I.TRAD: 00000000
PROGRESSIVO: 026901  SIN  VIS  00001300  IMPEGNATO: 00000004  I.MASTER: 00000000  I.GDO: 00000000  I.TRAD: 00000000
 
PROGRESSIVO: 026902            00000000  IMPEGNATO: 00000004  I.MASTER: 00000000  I.GDO: 00000000  I.TRAD: 00000000
PROGRESSIVO: 026902  EXD  C04  00001300  IMPEGNATO: 00000000  I.MASTER: 00000000  I.GDO: 00000000  I.TRAD: 00000000
PROGRESSIVO: 026902  LBX  C04  00001300  IMPEGNATO: 00000000  I.MASTER: 00000000  I.GDO: 00000000  I.TRAD: 00000000
PROGRESSIVO: 026902  LBX  VIS  00001300  IMPEGNATO: 00000000  I.MASTER: 00000000  I.GDO: 00000000  I.TRAD: 00000000
PROGRESSIVO: 026902  SIN  VIS  00001300  IMPEGNATO: 00000004  I.MASTER: 00000000  I.GDO: 00000000  I.TRAD: 00000000
 
PROGRESSIVO: 026903            00000000  IMPEGNATO: 00000002  I.MASTER: 00000000  I.GDO: 00000000  I.TRAD: 00000000
PROGRESSIVO: 026903  EXD  C02  00001300  IMPEGNATO: 00000000  I.MASTER: 00000000  I.GDO: 00000000  I.TRAD: 00000000
PROGRESSIVO: 026903  LBX  C02  00001300  IMPEGNATO: 00000000  I.MASTER: 00000000  I.GDO: 00000000  I.TRAD: 00000000
PROGRESSIVO: 026903  LBX  VIS  00001300  IMPEGNATO: 00000000  I.MASTER: 00000000  I.GDO: 00000000  I.TRAD: 00000000
PROGRESSIVO: 026903  ROS  VIS  00001300  IMPEGNATO: 00000000  I.MASTER: 00000000  I.GDO: 00000000  I.TRAD: 00000000
PROGRESSIVO: 026903  SIN  VIS  00001300  IMPEGNATO: 00000002  I.MASTER: 00000000  I.GDO: 00000000  I.TRAD: 00000000
 
** SITUAZIONE DOPO **
PROGRESSIVO: 026895            00000000  IMPEGNATO: 00000002  I.MASTER: 00000000  I.GDO: 00000000  I.TRAD: 00000002
PROGRESSIVO: 026895  EXD  C02  00001300  IMPEGNATO: 00000000  I.MASTER: 00000000  I.GDO: 00000000  I.TRAD: 00000000
PROGRESSIVO: 026895  LBX  C02  00001300  IMPEGNATO: 00000000  I.MASTER: 00000000  I.GDO: 00000000  I.TRAD: 00000000
PROGRESSIVO: 026895  LBX  VIS  00001300  IMPEGNATO: 00000002  I.MASTER: 00000000  I.GDO: 00000000  I.TRAD: 00000002
PROGRESSIVO: 026895  ROS  VIS  00001300  IMPEGNATO: 00000000  I.MASTER: 00000000  I.GDO: 00000000  I.TRAD: 00000000
PROGRESSIVO: 026895  SIN  VIS  00001300  IMPEGNATO: 00000000  I.MASTER: 00000000  I.GDO: 00000000  I.TRAD: 00000000
 
PROGRESSIVO: 026896            00000000  IMPEGNATO: 00000004  I.MASTER: 00000000  I.GDO: 00000000  I.TRAD: 00000004
PROGRESSIVO: 026896  EXD  C04  00001300  IMPEGNATO: 00000000  I.MASTER: 00000000  I.GDO: 00000000  I.TRAD: 00000000
PROGRESSIVO: 026896  LBX  C04  00001300  IMPEGNATO: 00000000  I.MASTER: 00000000  I.GDO: 00000000  I.TRAD: 00000000
PROGRESSIVO: 026896  LBX  VIS  00001300  IMPEGNATO: 00000004  I.MASTER: 00000000  I.GDO: 00000000  I.TRAD: 00000004
PROGRESSIVO: 026896  ROS  VIS  00001300  IMPEGNATO: 00000000  I.MASTER: 00000000  I.GDO: 00000000  I.TRAD: 00000000
PROGRESSIVO: 026896  SIN  VIS  00001300  IMPEGNATO: 00000000  I.MASTER: 00000000  I.GDO: 00000000  I.TRAD: 00000000
 
PROGRESSIVO: 026897            00000000  IMPEGNATO: 00000004  I.MASTER: 00000000  I.GDO: 00000000  I.TRAD: 00000004
PROGRESSIVO: 026897  EXD  C04  00001300  IMPEGNATO: 00000000  I.MASTER: 00000000  I.GDO: 00000000  I.TRAD: 00000000
PROGRESSIVO: 026897  LBX  C04  00001300  IMPEGNATO: 00000004  I.MASTER: 00000000  I.GDO: 00000000  I.TRAD: 00000004
PROGRESSIVO: 026897  LBX  VIS  00001300  IMPEGNATO: 00000000  I.MASTER: 00000000  I.GDO: 00000000  I.TRAD: 00000000
PROGRESSIVO: 026897  ROS  C04  00001300  IMPEGNATO: 00000000  I.MASTER: 00000000  I.GDO: 00000000  I.TRAD: 00000000
PROGRESSIVO: 026897  ROS  VIS  00001300  IMPEGNATO: 00000000  I.MASTER: 00000000  I.GDO: 00000000  I.TRAD: 00000000
PROGRESSIVO: 026897  SIN  VIS  00001300  IMPEGNATO: 00000004  I.MASTER: 00000000  I.GDO: 00000000  I.TRAD: 00000000
 
PROGRESSIVO: 026898            00000000  IMPEGNATO: 00000002  I.MASTER: 00000000  I.GDO: 00000000  I.TRAD: 00000002
PROGRESSIVO: 026898  EXD  C02  00001300  IMPEGNATO: 00000000  I.MASTER: 00000000  I.GDO: 00000000  I.TRAD: 00000000
PROGRESSIVO: 026898  LBX  C02  00001300  IMPEGNATO: 00000000  I.MASTER: 00000000  I.GDO: 00000000  I.TRAD: 00000000
PROGRESSIVO: 026898  LBX  VIS  00001300  IMPEGNATO: 00000002  I.MASTER: 00000000  I.GDO: 00000000  I.TRAD: 00000002
PROGRESSIVO: 026898  ROS  VIS  00001300  IMPEGNATO: 00000000  I.MASTER: 00000000  I.GDO: 00000000  I.TRAD: 00000000
PROGRESSIVO: 026898  SIN  VIS  00001300  IMPEGNATO: 00000000  I.MASTER: 00000000  I.GDO: 00000000  I.TRAD: 00000000
 
PROGRESSIVO: 026900            00000000  IMPEGNATO: 00000002  I.MASTER: 00000000  I.GDO: 00000000  I.TRAD: 00000002
PROGRESSIVO: 026900  EXD  C02  00001300  IMPEGNATO: 00000000  I.MASTER: 00000000  I.GDO: 00000000  I.TRAD: 00000000
PROGRESSIVO: 026900  LBX  C02  00001300  IMPEGNATO: 00000002  I.MASTER: 00000000  I.GDO: 00000000  I.TRAD: 00000002
PROGRESSIVO: 026900  LBX  VIS  00001300  IMPEGNATO: 00000000  I.MASTER: 00000000  I.GDO: 00000000  I.TRAD: 00000000
PROGRESSIVO: 026900  ROS  C02  00001300  IMPEGNATO: 00000000  I.MASTER: 00000000  I.GDO: 00000000  I.TRAD: 00000000
PROGRESSIVO: 026900  ROS  VIS  00001300  IMPEGNATO: 00000000  I.MASTER: 00000000  I.GDO: 00000000  I.TRAD: 00000000
PROGRESSIVO: 026900  SIN  VIS  00001300  IMPEGNATO: 00000002  I.MASTER: 00000000  I.GDO: 00000000  I.TRAD: 00000000
 
PROGRESSIVO: 026901            00000000  IMPEGNATO: 00000004  I.MASTER: 00000000  I.GDO: 00000000  I.TRAD: 00000004
PROGRESSIVO: 026901  EXD  C04  00001300  IMPEGNATO: 00000000  I.MASTER: 00000000  I.GDO: 00000000  I.TRAD: 00000000
PROGRESSIVO: 026901  LBX  C04  00001300  IMPEGNATO: 00000000  I.MASTER: 00000000  I.GDO: 00000000  I.TRAD: 00000000
PROGRESSIVO: 026901  LBX  VIS  00001300  IMPEGNATO: 00000004  I.MASTER: 00000000  I.GDO: 00000000  I.TRAD: 00000004
PROGRESSIVO: 026901  SIN  VIS  00001300  IMPEGNATO: 00000000  I.MASTER: 00000000  I.GDO: 00000000  I.TRAD: 00000000
 
PROGRESSIVO: 026902            00000000  IMPEGNATO: 00000004  I.MASTER: 00000000  I.GDO: 00000000  I.TRAD: 00000004
PROGRESSIVO: 026902  EXD  C04  00001300  IMPEGNATO: 00000000  I.MASTER: 00000000  I.GDO: 00000000  I.TRAD: 00000000
PROGRESSIVO: 026902  LBX  C04  00001300  IMPEGNATO: 00000000  I.MASTER: 00000000  I.GDO: 00000000  I.TRAD: 00000000
PROGRESSIVO: 026902  LBX  VIS  00001300  IMPEGNATO: 00000004  I.MASTER: 00000000  I.GDO: 00000000  I.TRAD: 00000004
PROGRESSIVO: 026902  SIN  VIS  00001300  IMPEGNATO: 00000000  I.MASTER: 00000000  I.GDO: 00000000  I.TRAD: 00000000
 
PROGRESSIVO: 026903            00000000  IMPEGNATO: 00000002  I.MASTER: 00000000  I.GDO: 00000000  I.TRAD: 00000002
PROGRESSIVO: 026903  EXD  C02  00001300  IMPEGNATO: 00000000  I.MASTER: 00000000  I.GDO: 00000000  I.TRAD: 00000000
PROGRESSIVO: 026903  LBX  C02  00001300  IMPEGNATO: 00000000  I.MASTER: 00000000  I.GDO: 00000000  I.TRAD: 00000000
PROGRESSIVO: 026903  LBX  VIS  00001300  IMPEGNATO: 00000002  I.MASTER: 00000000  I.GDO: 00000000  I.TRAD: 00000002
PROGRESSIVO: 026903  ROS  VIS  00001300  IMPEGNATO: 00000000  I.MASTER: 00000000  I.GDO: 00000000  I.TRAD: 00000000
PROGRESSIVO: 026903  SIN  VIS  00001300  IMPEGNATO: 00000000  I.MASTER: 00000000  I.GDO: 00000000  I.TRAD: 00000000
 
