** SITUAZIONE PRIMA **
PROGRESSIVO: 029377            00000000  IMPEGNATO: 00000039  I.MASTER: 00000000  I.GDO: 00000004  I.TRAD: 00000003
PROGRESSIVO: 029377  LBX  VIS  00007500  IMPEGNATO: 00000007  I.MASTER: 00000000  I.GDO: 00000004  I.TRAD: 00000003
PROGRESSIVO: 029377  LBX  VIS  00011200  IMPEGNATO: 00000000  I.MASTER: 00000000  I.GDO: 00000000  I.TRAD: 00000000
PROGRESSIVO: 029377  ROS  VIS  00007500  IMPEGNATO: 00000000  I.MASTER: 00000000  I.GDO: 00000000  I.TRAD: 00000000
PROGRESSIVO: 029377  ROS  VIS  00008400  IMPEGNATO: 00000000  I.MASTER: 00000000  I.GDO: 00000000  I.TRAD: 00000000
PROGRESSIVO: 029377  ROS  VIS  00011200  IMPEGNATO: 00000000  I.MASTER: 00000000  I.GDO: 00000000  I.TRAD: 00000000
PROGRESSIVO: 029377  ROT  VIS  00011200  IMPEGNATO: 00000000  I.MASTER: 00000000  I.GDO: 00000000  I.TRAD: 00000000
PROGRESSIVO: 029377  SIN  VIS  00007500  IMPEGNATO: 00000032  I.MASTER: 00000000  I.GDO: 00000000  I.TRAD: 00000000
PROGRESSIVO: 029377  SIN  VIS  00008400  IMPEGNATO: 00000000  I.MASTER: 00000000  I.GDO: 00000000  I.TRAD: 00000000
PROGRESSIVO: 029377  SIN  VIS  00011200  IMPEGNATO: 00000000  I.MASTER: 00000000  I.GDO: 00000000  I.TRAD: 00000000
 
PROGRESSIVO: 036251            00000000  IMPEGNATO: 00000012  I.MASTER: 00000000  I.GDO: 00000000  I.TRAD: 00000000
PROGRESSIVO: 036251  LBX  C12  00000870  IMPEGNATO: 00000000  I.MASTER: 00000000  I.GDO: 00000000  I.TRAD: 00000000
PROGRESSIVO: 036251  LBX  C12  00000880  IMPEGNATO: 00000000  I.MASTER: 00000000  I.GDO: 00000000  I.TRAD: 00000000
PROGRESSIVO: 036251  ROS  C12  00000870  IMPEGNATO: 00000000  I.MASTER: 00000000  I.GDO: 00000000  I.TRAD: 00000000
PROGRESSIVO: 036251  SIN  C12  00000870  IMPEGNATO: 00000012  I.MASTER: 00000000  I.GDO: 00000000  I.TRAD: 00000000
PROGRESSIVO: 036251  SIN  C12  00000878  IMPEGNATO: 00000000  I.MASTER: 00000000  I.GDO: 00000000  I.TRAD: 00000000
PROGRESSIVO: 036251  SIN  C12  00000880  IMPEGNATO: 00000000  I.MASTER: 00000000  I.GDO: 00000000  I.TRAD: 00000000
 
PROGRESSIVO: 026973            00000000  IMPEGNATO: 00000009  I.MASTER: 00000000  I.GDO: 00000000  I.TRAD: 00000000
PROGRESSIVO: 026973  EXD  VIS  00001300  IMPEGNATO: 00000000  I.MASTER: 00000000  I.GDO: 00000000  I.TRAD: 00000000
PROGRESSIVO: 026973  LBX  VIS  00000200  IMPEGNATO: 00000000  I.MASTER: 00000000  I.GDO: 00000000  I.TRAD: 00000000
PROGRESSIVO: 026973  LBX  VIS  00001300  IMPEGNATO: 00000004  I.MASTER: 00000000  I.GDO: 00000000  I.TRAD: 00000000
PROGRESSIVO: 026973  ROS  VIS  00001300  IMPEGNATO: 00000000  I.MASTER: 00000000  I.GDO: 00000000  I.TRAD: 00000000
PROGRESSIVO: 026973  SIN  VIS  00000200  IMPEGNATO: 00000000  I.MASTER: 00000000  I.GDO: 00000000  I.TRAD: 00000000
PROGRESSIVO: 026973  SIN  VIS  00001300  IMPEGNATO: 00000005  I.MASTER: 00000000  I.GDO: 00000000  I.TRAD: 00000000
 
PROGRESSIVO: 026986            00000000  IMPEGNATO: 00000007  I.MASTER: 00000000  I.GDO: 00000000  I.TRAD: 00000000
PROGRESSIVO: 026986  LBX  VIS  00000200  IMPEGNATO: 00000000  I.MASTER: 00000000  I.GDO: 00000000  I.TRAD: 00000000
PROGRESSIVO: 026986  ROT  VIS  00000200  IMPEGNATO: 00000000  I.MASTER: 00000000  I.GDO: 00000000  I.TRAD: 00000000
PROGRESSIVO: 026986  SIN  VIS  00000200  IMPEGNATO: 00000007  I.MASTER: 00000000  I.GDO: 00000000  I.TRAD: 00000000
PROGRESSIVO: 026986  SIN  VIS  00001300  IMPEGNATO: 00000000  I.MASTER: 00000000  I.GDO: 00000000  I.TRAD: 00000000
 
PROGRESSIVO: 033729            00000000  IMPEGNATO: 00000003  I.MASTER: 00000000  I.GDO: 00000000  I.TRAD: 00000000
PROGRESSIVO: 033729  EXD  VIS  00001200  IMPEGNATO: 00000000  I.MASTER: 00000000  I.GDO: 00000000  I.TRAD: 00000000
PROGRESSIVO: 033729  LBX  VIS  00001200  IMPEGNATO: 00000000  I.MASTER: 00000000  I.GDO: 00000000  I.TRAD: 00000000
PROGRESSIVO: 033729  ROS  VIS  00001200  IMPEGNATO: 00000000  I.MASTER: 00000000  I.GDO: 00000000  I.TRAD: 00000000
PROGRESSIVO: 033729  SIN  VIS  00001200  IMPEGNATO: 00000003  I.MASTER: 00000000  I.GDO: 00000000  I.TRAD: 00000000
 
PROGRESSIVO: 034860            00000000  IMPEGNATO: 00000003  I.MASTER: 00000000  I.GDO: 00000000  I.TRAD: 00000000
PROGRESSIVO: 034860  EXD  VIS  00001200  IMPEGNATO: 00000000  I.MASTER: 00000000  I.GDO: 00000000  I.TRAD: 00000000
PROGRESSIVO: 034860  LBX  VIS  00001200  IMPEGNATO: 00000000  I.MASTER: 00000000  I.GDO: 00000000  I.TRAD: 00000000
PROGRESSIVO: 034860  ROS  VIS  00001200  IMPEGNATO: 00000000  I.MASTER: 00000000  I.GDO: 00000000  I.TRAD: 00000000
PROGRESSIVO: 034860  ROT  VIS  00001200  IMPEGNATO: 00000000  I.MASTER: 00000000  I.GDO: 00000000  I.TRAD: 00000000
PROGRESSIVO: 034860  SIN  VIS  00001200  IMPEGNATO: 00000003  I.MASTER: 00000000  I.GDO: 00000000  I.TRAD: 00000000
 
PROGRESSIVO: 031728            00000000  IMPEGNATO: 00000945  I.MASTER: 00000000  I.GDO: 00000741  I.TRAD: 00000042
PROGRESSIVO: 031728  IGL  C03  00003425  IMPEGNATO: 00000000  I.MASTER: 00000000  I.GDO: 00000000  I.TRAD: 00000000
PROGRESSIVO: 031728  LBX  C03  00003390  IMPEGNATO: 00000042  I.MASTER: 00000000  I.GDO: 00000000  I.TRAD: 00000042
PROGRESSIVO: 031728  LBX  C03  00003392  IMPEGNATO: 00000000  I.MASTER: 00000000  I.GDO: 00000000  I.TRAD: 00000000
PROGRESSIVO: 031728  LBX  C03  00003424  IMPEGNATO: 00000000  I.MASTER: 00000000  I.GDO: 00000000  I.TRAD: 00000000
PROGRESSIVO: 031728  LBX  C03  00003428  IMPEGNATO: 00000726  I.MASTER: 00000000  I.GDO: 00000726  I.TRAD: 00000000
PROGRESSIVO: 031728  LBX  C03  00003430  IMPEGNATO: 00000015  I.MASTER: 00000000  I.GDO: 00000015  I.TRAD: 00000000
PROGRESSIVO: 031728  LBX  C03  00003520  IMPEGNATO: 00000000  I.MASTER: 00000000  I.GDO: 00000000  I.TRAD: 00000000
PROGRESSIVO: 031728  LBX  VIS  00003520  IMPEGNATO: 00000000  I.MASTER: 00000000  I.GDO: 00000000  I.TRAD: 00000000
PROGRESSIVO: 031728  ROS  C03  00003390  IMPEGNATO: 00000000  I.MASTER: 00000000  I.GDO: 00000000  I.TRAD: 00000000
PROGRESSIVO: 031728  ROS  C03  00003392  IMPEGNATO: 00000000  I.MASTER: 00000000  I.GDO: 00000000  I.TRAD: 00000000
PROGRESSIVO: 031728  ROS  C03  00003425  IMPEGNATO: 00000000  I.MASTER: 00000000  I.GDO: 00000000  I.TRAD: 00000000
PROGRESSIVO: 031728  SIN  C03  00003390  IMPEGNATO: 00000126  I.MASTER: 00000000  I.GDO: 00000000  I.TRAD: 00000000
PROGRESSIVO: 031728  SIN  C03  00003392  IMPEGNATO: 00000000  I.MASTER: 00000000  I.GDO: 00000000  I.TRAD: 00000000
PROGRESSIVO: 031728  SIN  C03  00003424  IMPEGNATO: 00000000  I.MASTER: 00000000  I.GDO: 00000000  I.TRAD: 00000000
PROGRESSIVO: 031728  SIN  C03  00003425  IMPEGNATO: 00000000  I.MASTER: 00000000  I.GDO: 00000000  I.TRAD: 00000000
PROGRESSIVO: 031728  SIN  C03  00003426  IMPEGNATO: 00000000  I.MASTER: 00000000  I.GDO: 00000000  I.TRAD: 00000000
PROGRESSIVO: 031728  SIN  C03  00003428  IMPEGNATO: 00000009  I.MASTER: 00000000  I.GDO: 00000000  I.TRAD: 00000000
PROGRESSIVO: 031728  SIN  C03  00003430  IMPEGNATO: 00000027  I.MASTER: 00000000  I.GDO: 00000000  I.TRAD: 00000000
PROGRESSIVO: 031728  SIN  C03  00003520  IMPEGNATO: 00000000  I.MASTER: 00000000  I.GDO: 00000000  I.TRAD: 00000000
PROGRESSIVO: 031728  SIN  VIS  00003520  IMPEGNATO: 00000000  I.MASTER: 00000000  I.GDO: 00000000  I.TRAD: 00000000
 
PROGRESSIVO: 036464            00000000  IMPEGNATO: 00000040  I.MASTER: 00000000  I.GDO: 00000000  I.TRAD: 00000000
PROGRESSIVO: 036464  LBX  C05  00001190  IMPEGNATO: 00000000  I.MASTER: 00000000  I.GDO: 00000000  I.TRAD: 00000000
PROGRESSIVO: 036464  LBX  C05  00001780  IMPEGNATO: 00000000  I.MASTER: 00000000  I.GDO: 00000000  I.TRAD: 00000000
PROGRESSIVO: 036464  ROS  C05  00001190  IMPEGNATO: 00000000  I.MASTER: 00000000  I.GDO: 00000000  I.TRAD: 00000000
PROGRESSIVO: 036464  SIN  C05  00001190  IMPEGNATO: 00000040  I.MASTER: 00000000  I.GDO: 00000000  I.TRAD: 00000000
PROGRESSIVO: 036464  SIN  C05  00001780  IMPEGNATO: 00000000  I.MASTER: 00000000  I.GDO: 00000000  I.TRAD: 00000000
 
PROGRESSIVO: 036834            00000000  IMPEGNATO: 00000132  I.MASTER: 00000000  I.GDO: 00000000  I.TRAD: 00000000
PROGRESSIVO: 036834  LBX  C12  00000840  IMPEGNATO: 00000000  I.MASTER: 00000000  I.GDO: 00000000  I.TRAD: 00000000
PROGRESSIVO: 036834  LBX  C12  00000890  IMPEGNATO: 00000000  I.MASTER: 00000000  I.GDO: 00000000  I.TRAD: 00000000
PROGRESSIVO: 036834  ROS  C12  00000890  IMPEGNATO: 00000000  I.MASTER: 00000000  I.GDO: 00000000  I.TRAD: 00000000
PROGRESSIVO: 036834  SIN  C12  00000840  IMPEGNATO: 00000132  I.MASTER: 00000000  I.GDO: 00000000  I.TRAD: 00000000
PROGRESSIVO: 036834  SIN  C12  00000845  IMPEGNATO: 00000000  I.MASTER: 00000000  I.GDO: 00000000  I.TRAD: 00000000
PROGRESSIVO: 036834  SIN  C12  00000890  IMPEGNATO: 00000000  I.MASTER: 00000000  I.GDO: 00000000  I.TRAD: 00000000
 
PROGRESSIVO: 032398            00000000  IMPEGNATO: 00002040  I.MASTER: 00000000  I.GDO: 00001212  I.TRAD: 00000024
PROGRESSIVO: 032398  LBX  C12  00000840  IMPEGNATO: 00000024  I.MASTER: 00000000  I.GDO: 00000000  I.TRAD: 00000024
PROGRESSIVO: 032398  LBX  C12  00000847  IMPEGNATO: 00000024  I.MASTER: 00000000  I.GDO: 00000024  I.TRAD: 00000000
PROGRESSIVO: 032398  LBX  C12  00000850  IMPEGNATO: 00001188  I.MASTER: 00000000  I.GDO: 00001188  I.TRAD: 00000000
PROGRESSIVO: 032398  LBX  C12  00000857  IMPEGNATO: 00000000  I.MASTER: 00000000  I.GDO: 00000000  I.TRAD: 00000000
PROGRESSIVO: 032398  LBX  C12  00000880  IMPEGNATO: 00000000  I.MASTER: 00000000  I.GDO: 00000000  I.TRAD: 00000000
PROGRESSIVO: 032398  ROS  C12  00000840  IMPEGNATO: 00000000  I.MASTER: 00000000  I.GDO: 00000000  I.TRAD: 00000000
PROGRESSIVO: 032398  ROT  C12  00000880  IMPEGNATO: 00000000  I.MASTER: 00000000  I.GDO: 00000000  I.TRAD: 00000000
PROGRESSIVO: 032398  SIN  C12  00000840  IMPEGNATO: 00000336  I.MASTER: 00000000  I.GDO: 00000000  I.TRAD: 00000000
PROGRESSIVO: 032398  SIN  C12  00000847  IMPEGNATO: 00000000  I.MASTER: 00000000  I.GDO: 00000000  I.TRAD: 00000000
PROGRESSIVO: 032398  SIN  C12  00000850  IMPEGNATO: 00000048  I.MASTER: 00000000  I.GDO: 00000000  I.TRAD: 00000000
PROGRESSIVO: 032398  SIN  C12  00000857  IMPEGNATO: 00000000  I.MASTER: 00000000  I.GDO: 00000000  I.TRAD: 00000000
PROGRESSIVO: 032398  SIN  C12  00000880  IMPEGNATO: 00000420  I.MASTER: 00000000  I.GDO: 00000000  I.TRAD: 00000000
 
** SITUAZIONE DOPO **
PROGRESSIVO: 029377            00000000  IMPEGNATO: 00000039  I.MASTER: 00000000  I.GDO: 00000004  I.TRAD: 00000005
PROGRESSIVO: 029377  LBX  VIS  00007500  IMPEGNATO: 00000009  I.MASTER: 00000000  I.GDO: 00000004  I.TRAD: 00000005
PROGRESSIVO: 029377  LBX  VIS  00011200  IMPEGNATO: 00000000  I.MASTER: 00000000  I.GDO: 00000000  I.TRAD: 00000000
PROGRESSIVO: 029377  ROS  VIS  00007500  IMPEGNATO: 00000000  I.MASTER: 00000000  I.GDO: 00000000  I.TRAD: 00000000
PROGRESSIVO: 029377  ROS  VIS  00008400  IMPEGNATO: 00000000  I.MASTER: 00000000  I.GDO: 00000000  I.TRAD: 00000000
PROGRESSIVO: 029377  ROS  VIS  00011200  IMPEGNATO: 00000000  I.MASTER: 00000000  I.GDO: 00000000  I.TRAD: 00000000
PROGRESSIVO: 029377  ROT  VIS  00011200  IMPEGNATO: 00000000  I.MASTER: 00000000  I.GDO: 00000000  I.TRAD: 00000000
PROGRESSIVO: 029377  SIN  VIS  00007500  IMPEGNATO: 00000030  I.MASTER: 00000000  I.GDO: 00000000  I.TRAD: 00000000
PROGRESSIVO: 029377  SIN  VIS  00008400  IMPEGNATO: 00000000  I.MASTER: 00000000  I.GDO: 00000000  I.TRAD: 00000000
PROGRESSIVO: 029377  SIN  VIS  00011200  IMPEGNATO: 00000000  I.MASTER: 00000000  I.GDO: 00000000  I.TRAD: 00000000
 
PROGRESSIVO: 036251            00000000  IMPEGNATO: 00000012  I.MASTER: 00000000  I.GDO: 00000000  I.TRAD: 00000012
PROGRESSIVO: 036251  LBX  C12  00000870  IMPEGNATO: 00000012  I.MASTER: 00000000  I.GDO: 00000000  I.TRAD: 00000012
PROGRESSIVO: 036251  LBX  C12  00000880  IMPEGNATO: 00000000  I.MASTER: 00000000  I.GDO: 00000000  I.TRAD: 00000000
PROGRESSIVO: 036251  ROS  C12  00000870  IMPEGNATO: 00000000  I.MASTER: 00000000  I.GDO: 00000000  I.TRAD: 00000000
PROGRESSIVO: 036251  SIN  C12  00000870  IMPEGNATO: 00000000  I.MASTER: 00000000  I.GDO: 00000000  I.TRAD: 00000000
PROGRESSIVO: 036251  SIN  C12  00000878  IMPEGNATO: 00000000  I.MASTER: 00000000  I.GDO: 00000000  I.TRAD: 00000000
PROGRESSIVO: 036251  SIN  C12  00000880  IMPEGNATO: 00000000  I.MASTER: 00000000  I.GDO: 00000000  I.TRAD: 00000000
 
PROGRESSIVO: 026973            00000000  IMPEGNATO: 00000009  I.MASTER: 00000000  I.GDO: 00000000  I.TRAD: 00000001
PROGRESSIVO: 026973  EXD  VIS  00001300  IMPEGNATO: 00000000  I.MASTER: 00000000  I.GDO: 00000000  I.TRAD: 00000000
PROGRESSIVO: 026973  LBX  VIS  00000200  IMPEGNATO: 00000000  I.MASTER: 00000000  I.GDO: 00000000  I.TRAD: 00000000
PROGRESSIVO: 026973  LBX  VIS  00001300  IMPEGNATO: 00000005  I.MASTER: 00000000  I.GDO: 00000000  I.TRAD: 00000001
PROGRESSIVO: 026973  ROS  VIS  00001300  IMPEGNATO: 00000000  I.MASTER: 00000000  I.GDO: 00000000  I.TRAD: 00000000
PROGRESSIVO: 026973  SIN  VIS  00000200  IMPEGNATO: 00000000  I.MASTER: 00000000  I.GDO: 00000000  I.TRAD: 00000000
PROGRESSIVO: 026973  SIN  VIS  00001300  IMPEGNATO: 00000004  I.MASTER: 00000000  I.GDO: 00000000  I.TRAD: 00000000
 
PROGRESSIVO: 026986            00000000  IMPEGNATO: 00000007  I.MASTER: 00000000  I.GDO: 00000000  I.TRAD: 00000001
PROGRESSIVO: 026986  LBX  VIS  00000200  IMPEGNATO: 00000001  I.MASTER: 00000000  I.GDO: 00000000  I.TRAD: 00000001
PROGRESSIVO: 026986  ROT  VIS  00000200  IMPEGNATO: 00000000  I.MASTER: 00000000  I.GDO: 00000000  I.TRAD: 00000000
PROGRESSIVO: 026986  SIN  VIS  00000200  IMPEGNATO: 00000006  I.MASTER: 00000000  I.GDO: 00000000  I.TRAD: 00000000
PROGRESSIVO: 026986  SIN  VIS  00001300  IMPEGNATO: 00000000  I.MASTER: 00000000  I.GDO: 00000000  I.TRAD: 00000000
 
PROGRESSIVO: 033729            00000000  IMPEGNATO: 00000003  I.MASTER: 00000000  I.GDO: 00000000  I.TRAD: 00000001
PROGRESSIVO: 033729  EXD  VIS  00001200  IMPEGNATO: 00000000  I.MASTER: 00000000  I.GDO: 00000000  I.TRAD: 00000000
PROGRESSIVO: 033729  LBX  VIS  00001200  IMPEGNATO: 00000001  I.MASTER: 00000000  I.GDO: 00000000  I.TRAD: 00000001
PROGRESSIVO: 033729  ROS  VIS  00001200  IMPEGNATO: 00000000  I.MASTER: 00000000  I.GDO: 00000000  I.TRAD: 00000000
PROGRESSIVO: 033729  SIN  VIS  00001200  IMPEGNATO: 00000002  I.MASTER: 00000000  I.GDO: 00000000  I.TRAD: 00000000
 
PROGRESSIVO: 034860            00000000  IMPEGNATO: 00000003  I.MASTER: 00000000  I.GDO: 00000000  I.TRAD: 00000002
PROGRESSIVO: 034860  EXD  VIS  00001200  IMPEGNATO: 00000000  I.MASTER: 00000000  I.GDO: 00000000  I.TRAD: 00000000
PROGRESSIVO: 034860  LBX  VIS  00001200  IMPEGNATO: 00000002  I.MASTER: 00000000  I.GDO: 00000000  I.TRAD: 00000002
PROGRESSIVO: 034860  ROS  VIS  00001200  IMPEGNATO: 00000000  I.MASTER: 00000000  I.GDO: 00000000  I.TRAD: 00000000
PROGRESSIVO: 034860  ROT  VIS  00001200  IMPEGNATO: 00000000  I.MASTER: 00000000  I.GDO: 00000000  I.TRAD: 00000000
PROGRESSIVO: 034860  SIN  VIS  00001200  IMPEGNATO: 00000001  I.MASTER: 00000000  I.GDO: 00000000  I.TRAD: 00000000
 
PROGRESSIVO: 031728            00000000  IMPEGNATO: 00000945  I.MASTER: 00000000  I.GDO: 00000741  I.TRAD: 00000048
PROGRESSIVO: 031728  IGL  C03  00003425  IMPEGNATO: 00000000  I.MASTER: 00000000  I.GDO: 00000000  I.TRAD: 00000000
PROGRESSIVO: 031728  LBX  C03  00003390  IMPEGNATO: 00000048  I.MASTER: 00000000  I.GDO: 00000000  I.TRAD: 00000048
PROGRESSIVO: 031728  LBX  C03  00003392  IMPEGNATO: 00000000  I.MASTER: 00000000  I.GDO: 00000000  I.TRAD: 00000000
PROGRESSIVO: 031728  LBX  C03  00003424  IMPEGNATO: 00000000  I.MASTER: 00000000  I.GDO: 00000000  I.TRAD: 00000000
PROGRESSIVO: 031728  LBX  C03  00003428  IMPEGNATO: 00000726  I.MASTER: 00000000  I.GDO: 00000726  I.TRAD: 00000000
PROGRESSIVO: 031728  LBX  C03  00003430  IMPEGNATO: 00000015  I.MASTER: 00000000  I.GDO: 00000015  I.TRAD: 00000000
PROGRESSIVO: 031728  LBX  C03  00003520  IMPEGNATO: 00000000  I.MASTER: 00000000  I.GDO: 00000000  I.TRAD: 00000000
PROGRESSIVO: 031728  LBX  VIS  00003520  IMPEGNATO: 00000000  I.MASTER: 00000000  I.GDO: 00000000  I.TRAD: 00000000
PROGRESSIVO: 031728  ROS  C03  00003390  IMPEGNATO: 00000000  I.MASTER: 00000000  I.GDO: 00000000  I.TRAD: 00000000
PROGRESSIVO: 031728  ROS  C03  00003392  IMPEGNATO: 00000000  I.MASTER: 00000000  I.GDO: 00000000  I.TRAD: 00000000
PROGRESSIVO: 031728  ROS  C03  00003425  IMPEGNATO: 00000000  I.MASTER: 00000000  I.GDO: 00000000  I.TRAD: 00000000
PROGRESSIVO: 031728  SIN  C03  00003390  IMPEGNATO: 00000120  I.MASTER: 00000000  I.GDO: 00000000  I.TRAD: 00000000
PROGRESSIVO: 031728  SIN  C03  00003392  IMPEGNATO: 00000000  I.MASTER: 00000000  I.GDO: 00000000  I.TRAD: 00000000
PROGRESSIVO: 031728  SIN  C03  00003424  IMPEGNATO: 00000000  I.MASTER: 00000000  I.GDO: 00000000  I.TRAD: 00000000
PROGRESSIVO: 031728  SIN  C03  00003425  IMPEGNATO: 00000000  I.MASTER: 00000000  I.GDO: 00000000  I.TRAD: 00000000
PROGRESSIVO: 031728  SIN  C03  00003426  IMPEGNATO: 00000000  I.MASTER: 00000000  I.GDO: 00000000  I.TRAD: 00000000
PROGRESSIVO: 031728  SIN  C03  00003428  IMPEGNATO: 00000009  I.MASTER: 00000000  I.GDO: 00000000  I.TRAD: 00000000
PROGRESSIVO: 031728  SIN  C03  00003430  IMPEGNATO: 00000027  I.MASTER: 00000000  I.GDO: 00000000  I.TRAD: 00000000
PROGRESSIVO: 031728  SIN  C03  00003520  IMPEGNATO: 00000000  I.MASTER: 00000000  I.GDO: 00000000  I.TRAD: 00000000
PROGRESSIVO: 031728  SIN  VIS  00003520  IMPEGNATO: 00000000  I.MASTER: 00000000  I.GDO: 00000000  I.TRAD: 00000000
 
PROGRESSIVO: 036464            00000000  IMPEGNATO: 00000040  I.MASTER: 00000000  I.GDO: 00000000  I.TRAD: 00000005
PROGRESSIVO: 036464  LBX  C05  00001190  IMPEGNATO: 00000005  I.MASTER: 00000000  I.GDO: 00000000  I.TRAD: 00000005
PROGRESSIVO: 036464  LBX  C05  00001780  IMPEGNATO: 00000000  I.MASTER: 00000000  I.GDO: 00000000  I.TRAD: 00000000
PROGRESSIVO: 036464  ROS  C05  00001190  IMPEGNATO: 00000000  I.MASTER: 00000000  I.GDO: 00000000  I.TRAD: 00000000
PROGRESSIVO: 036464  SIN  C05  00001190  IMPEGNATO: 00000035  I.MASTER: 00000000  I.GDO: 00000000  I.TRAD: 00000000
PROGRESSIVO: 036464  SIN  C05  00001780  IMPEGNATO: 00000000  I.MASTER: 00000000  I.GDO: 00000000  I.TRAD: 00000000
 
PROGRESSIVO: 036834            00000000  IMPEGNATO: 00000132  I.MASTER: 00000000  I.GDO: 00000000  I.TRAD: 00000012
PROGRESSIVO: 036834  LBX  C12  00000840  IMPEGNATO: 00000012  I.MASTER: 00000000  I.GDO: 00000000  I.TRAD: 00000012
PROGRESSIVO: 036834  LBX  C12  00000890  IMPEGNATO: 00000000  I.MASTER: 00000000  I.GDO: 00000000  I.TRAD: 00000000
PROGRESSIVO: 036834  ROS  C12  00000890  IMPEGNATO: 00000000  I.MASTER: 00000000  I.GDO: 00000000  I.TRAD: 00000000
PROGRESSIVO: 036834  SIN  C12  00000840  IMPEGNATO: 00000120  I.MASTER: 00000000  I.GDO: 00000000  I.TRAD: 00000000
PROGRESSIVO: 036834  SIN  C12  00000845  IMPEGNATO: 00000000  I.MASTER: 00000000  I.GDO: 00000000  I.TRAD: 00000000
PROGRESSIVO: 036834  SIN  C12  00000890  IMPEGNATO: 00000000  I.MASTER: 00000000  I.GDO: 00000000  I.TRAD: 00000000
 
PROGRESSIVO: 032398            00000000  IMPEGNATO: 00002040  I.MASTER: 00000000  I.GDO: 00001212  I.TRAD: 00000036
PROGRESSIVO: 032398  LBX  C12  00000840  IMPEGNATO: 00000036  I.MASTER: 00000000  I.GDO: 00000000  I.TRAD: 00000036
PROGRESSIVO: 032398  LBX  C12  00000847  IMPEGNATO: 00000024  I.MASTER: 00000000  I.GDO: 00000024  I.TRAD: 00000000
PROGRESSIVO: 032398  LBX  C12  00000850  IMPEGNATO: 00001188  I.MASTER: 00000000  I.GDO: 00001188  I.TRAD: 00000000
PROGRESSIVO: 032398  LBX  C12  00000857  IMPEGNATO: 00000000  I.MASTER: 00000000  I.GDO: 00000000  I.TRAD: 00000000
PROGRESSIVO: 032398  LBX  C12  00000880  IMPEGNATO: 00000000  I.MASTER: 00000000  I.GDO: 00000000  I.TRAD: 00000000
PROGRESSIVO: 032398  ROS  C12  00000840  IMPEGNATO: 00000000  I.MASTER: 00000000  I.GDO: 00000000  I.TRAD: 00000000
PROGRESSIVO: 032398  ROT  C12  00000880  IMPEGNATO: 00000000  I.MASTER: 00000000  I.GDO: 00000000  I.TRAD: 00000000
PROGRESSIVO: 032398  SIN  C12  00000840  IMPEGNATO: 00000324  I.MASTER: 00000000  I.GDO: 00000000  I.TRAD: 00000000
PROGRESSIVO: 032398  SIN  C12  00000847  IMPEGNATO: 00000000  I.MASTER: 00000000  I.GDO: 00000000  I.TRAD: 00000000
PROGRESSIVO: 032398  SIN  C12  00000850  IMPEGNATO: 00000048  I.MASTER: 00000000  I.GDO: 00000000  I.TRAD: 00000000
PROGRESSIVO: 032398  SIN  C12  00000857  IMPEGNATO: 00000000  I.MASTER: 00000000  I.GDO: 00000000  I.TRAD: 00000000
PROGRESSIVO: 032398  SIN  C12  00000880  IMPEGNATO: 00000420  I.MASTER: 00000000  I.GDO: 00000000  I.TRAD: 00000000
 
