** SITUAZIONE PRIMA **
PROGRESSIVO: 029769            00000000  IMPEGNATO: 00000288  I.MASTER: 00000000  I.GDO: 00000096  I.TRAD: 00000000
PROGRESSIVO: 029769  LBX  C12  00000870  IMPEGNATO: 00000096  I.MASTER: 00000000  I.GDO: 00000096  I.TRAD: 00000000
PROGRESSIVO: 029769  LBX  C12  00000880  IMPEGNATO: 00000000  I.MASTER: 00000000  I.GDO: 00000000  I.TRAD: 00000000
PROGRESSIVO: 029769  LBX  C12  00000883  IMPEGNATO: 00000000  I.MASTER: 00000000  I.GDO: 00000000  I.TRAD: 00000000
PROGRESSIVO: 029769  ROS  C12  00000870  IMPEGNATO: 00000000  I.MASTER: 00000000  I.GDO: 00000000  I.TRAD: 00000000
PROGRESSIVO: 029769  ROS  C12  00000880  IMPEGNATO: 00000000  I.MASTER: 00000000  I.GDO: 00000000  I.TRAD: 00000000
PROGRESSIVO: 029769  SIN  C12  00000870  IMPEGNATO: 00000168  I.MASTER: 00000000  I.GDO: 00000000  I.TRAD: 00000000
PROGRESSIVO: 029769  SIN  C12  00000880  IMPEGNATO: 00000024  I.MASTER: 00000000  I.GDO: 00000000  I.TRAD: 00000000
PROGRESSIVO: 029769  SIN  C12  00000883  IMPEGNATO: 00000000  I.MASTER: 00000000  I.GDO: 00000000  I.TRAD: 00000000
 
PROGRESSIVO: 036337            00000000  IMPEGNATO: 00000008  I.MASTER: 00000000  I.GDO: 00000000  I.TRAD: 00000000
PROGRESSIVO: 036337  LBX  C04  00005000  IMPEGNATO: 00000000  I.MASTER: 00000000  I.GDO: 00000000  I.TRAD: 00000000
PROGRESSIVO: 036337  SIN  C04  00005000  IMPEGNATO: 00000008  I.MASTER: 00000000  I.GDO: 00000000  I.TRAD: 00000000
 
** SITUAZIONE DOPO **
PROGRESSIVO: 029769            00000000  IMPEGNATO: 00000288  I.MASTER: 00000000  I.GDO: 00000108  I.TRAD: 00000000
PROGRESSIVO: 029769  LBX  C12  00000870  IMPEGNATO: 00000096  I.MASTER: 00000000  I.GDO: 00000096  I.TRAD: 00000000
PROGRESSIVO: 029769  LBX  C12  00000880  IMPEGNATO: 00000012  I.MASTER: 00000000  I.GDO: 00000012  I.TRAD: 00000000
PROGRESSIVO: 029769  LBX  C12  00000883  IMPEGNATO: 00000000  I.MASTER: 00000000  I.GDO: 00000000  I.TRAD: 00000000
PROGRESSIVO: 029769  ROS  C12  00000870  IMPEGNATO: 00000000  I.MASTER: 00000000  I.GDO: 00000000  I.TRAD: 00000000
PROGRESSIVO: 029769  ROS  C12  00000880  IMPEGNATO: 00000000  I.MASTER: 00000000  I.GDO: 00000000  I.TRAD: 00000000
PROGRESSIVO: 029769  SIN  C12  00000870  IMPEGNATO: 00000168  I.MASTER: 00000000  I.GDO: 00000000  I.TRAD: 00000000
PROGRESSIVO: 029769  SIN  C12  00000880  IMPEGNATO: 00000012  I.MASTER: 00000000  I.GDO: 00000000  I.TRAD: 00000000
PROGRESSIVO: 029769  SIN  C12  00000883  IMPEGNATO: 00000000  I.MASTER: 00000000  I.GDO: 00000000  I.TRAD: 00000000
 
PROGRESSIVO: 036337            00000000  IMPEGNATO: 00000008  I.MASTER: 00000000  I.GDO: 00000004  I.TRAD: 00000000
PROGRESSIVO: 036337  LBX  C04  00005000  IMPEGNATO: 00000004  I.MASTER: 00000000  I.GDO: 00000004  I.TRAD: 00000000
PROGRESSIVO: 036337  SIN  C04  00005000  IMPEGNATO: 00000004  I.MASTER: 00000000  I.GDO: 00000000  I.TRAD: 00000000
 
