** SITUAZIONE PRIMA **
PROGRESSIVO: 032936            00000000  IMPEGNATO: 00000693  I.MASTER: 00000000  I.GDO: 00000000  I.TRAD: 00000504
PROGRESSIVO: 032936  LBX  VIS  00006000  IMPEGNATO: 00000504  I.MASTER: 00000000  I.GDO: 00000000  I.TRAD: 00000504
PROGRESSIVO: 032936  ROT  VIS  00006000  IMPEGNATO: 00000000  I.MASTER: 00000000  I.GDO: 00000000  I.TRAD: 00000000
PROGRESSIVO: 032936  SIN  VIS  00004020  IMPEGNATO: 00000000  I.MASTER: 00000000  I.GDO: 00000000  I.TRAD: 00000000
PROGRESSIVO: 032936  SIN  VIS  00004500  IMPEGNATO: 00000000  I.MASTER: 00000000  I.GDO: 00000000  I.TRAD: 00000000
PROGRESSIVO: 032936  SIN  VIS  00006000  IMPEGNATO: 00000189  I.MASTER: 00000000  I.GDO: 00000000  I.TRAD: 00000000
 
PROGRESSIVO: 022378            00000000  IMPEGNATO: 00000094  I.MASTER: 00000000  I.GDO: 00000002  I.TRAD: 00000040
PROGRESSIVO: 022378  EXD  VIS  00000001  IMPEGNATO: 00000000  I.MASTER: 00000000  I.GDO: 00000000  I.TRAD: 00000000
PROGRESSIVO: 022378  LBX  VIS  00000001  IMPEGNATO: 00000057  I.MASTER: 00000000  I.GDO: 00000002  I.TRAD: 00000040
PROGRESSIVO: 022378  SIN  VIS  00000001  IMPEGNATO: 00000037  I.MASTER: 00000000  I.GDO: 00000000  I.TRAD: 00000000
PROGRESSIVO: 022378  SLI  VIS  00000001  IMPEGNATO: 00000000  I.MASTER: 00000000  I.GDO: 00000000  I.TRAD: 00000000
 
** SITUAZIONE DOPO **
PROGRESSIVO: 032936            00000000  IMPEGNATO: 00000693  I.MASTER: 00000000  I.GDO: 00000000  I.TRAD: 00000567
PROGRESSIVO: 032936  LBX  VIS  00006000  IMPEGNATO: 00000567  I.MASTER: 00000000  I.GDO: 00000000  I.TRAD: 00000567
PROGRESSIVO: 032936  ROT  VIS  00006000  IMPEGNATO: 00000000  I.MASTER: 00000000  I.GDO: 00000000  I.TRAD: 00000000
PROGRESSIVO: 032936  SIN  VIS  00004020  IMPEGNATO: 00000000  I.MASTER: 00000000  I.GDO: 00000000  I.TRAD: 00000000
PROGRESSIVO: 032936  SIN  VIS  00004500  IMPEGNATO: 00000000  I.MASTER: 00000000  I.GDO: 00000000  I.TRAD: 00000000
PROGRESSIVO: 032936  SIN  VIS  00006000  IMPEGNATO: 00000126  I.MASTER: 00000000  I.GDO: 00000000  I.TRAD: 00000000
 
PROGRESSIVO: 022378            00000000  IMPEGNATO: 00000094  I.MASTER: 00000000  I.GDO: 00000002  I.TRAD: 00000041
PROGRESSIVO: 022378  EXD  VIS  00000001  IMPEGNATO: 00000000  I.MASTER: 00000000  I.GDO: 00000000  I.TRAD: 00000000
PROGRESSIVO: 022378  LBX  VIS  00000001  IMPEGNATO: 00000058  I.MASTER: 00000000  I.GDO: 00000002  I.TRAD: 00000041
PROGRESSIVO: 022378  SIN  VIS  00000001  IMPEGNATO: 00000036  I.MASTER: 00000000  I.GDO: 00000000  I.TRAD: 00000000
PROGRESSIVO: 022378  SLI  VIS  00000001  IMPEGNATO: 00000000  I.MASTER: 00000000  I.GDO: 00000000  I.TRAD: 00000000
 
