** SITUAZIONE PRIMA **
PROGRESSIVO: 032404            00000000  IMPEGNATO: 00000864  I.MASTER: 00000000  I.GDO: 00000000  I.TRAD: 00000720
PROGRESSIVO: 032404  LBX  VIS  00012000  IMPEGNATO: 00000720  I.MASTER: 00000000  I.GDO: 00000000  I.TRAD: 00000720
PROGRESSIVO: 032404  ROT  VIS  00012000  IMPEGNATO: 00000000  I.MASTER: 00000000  I.GDO: 00000000  I.TRAD: 00000000
PROGRESSIVO: 032404  SIN  VIS  00008040  IMPEGNATO: 00000000  I.MASTER: 00000000  I.GDO: 00000000  I.TRAD: 00000000
PROGRESSIVO: 032404  SIN  VIS  00009000  IMPEGNATO: 00000000  I.MASTER: 00000000  I.GDO: 00000000  I.TRAD: 00000000
PROGRESSIVO: 032404  SIN  VIS  00012000  IMPEGNATO: 00000144  I.MASTER: 00000000  I.GDO: 00000000  I.TRAD: 00000000
 
PROGRESSIVO: 022378            00000000  IMPEGNATO: 00000094  I.MASTER: 00000000  I.GDO: 00000002  I.TRAD: 00000042
PROGRESSIVO: 022378  EXD  VIS  00000001  IMPEGNATO: 00000000  I.MASTER: 00000000  I.GDO: 00000000  I.TRAD: 00000000
PROGRESSIVO: 022378  LBX  VIS  00000001  IMPEGNATO: 00000059  I.MASTER: 00000000  I.GDO: 00000002  I.TRAD: 00000042
PROGRESSIVO: 022378  SIN  VIS  00000001  IMPEGNATO: 00000035  I.MASTER: 00000000  I.GDO: 00000000  I.TRAD: 00000000
PROGRESSIVO: 022378  SLI  VIS  00000001  IMPEGNATO: 00000000  I.MASTER: 00000000  I.GDO: 00000000  I.TRAD: 00000000
 
** SITUAZIONE DOPO **
PROGRESSIVO: 032404            00000000  IMPEGNATO: 00000864  I.MASTER: 00000000  I.GDO: 00000000  I.TRAD: 00000792
PROGRESSIVO: 032404  LBX  VIS  00012000  IMPEGNATO: 00000792  I.MASTER: 00000000  I.GDO: 00000000  I.TRAD: 00000792
PROGRESSIVO: 032404  ROT  VIS  00012000  IMPEGNATO: 00000000  I.MASTER: 00000000  I.GDO: 00000000  I.TRAD: 00000000
PROGRESSIVO: 032404  SIN  VIS  00008040  IMPEGNATO: 00000000  I.MASTER: 00000000  I.GDO: 00000000  I.TRAD: 00000000
PROGRESSIVO: 032404  SIN  VIS  00009000  IMPEGNATO: 00000000  I.MASTER: 00000000  I.GDO: 00000000  I.TRAD: 00000000
PROGRESSIVO: 032404  SIN  VIS  00012000  IMPEGNATO: 00000072  I.MASTER: 00000000  I.GDO: 00000000  I.TRAD: 00000000
 
PROGRESSIVO: 022378            00000000  IMPEGNATO: 00000094  I.MASTER: 00000000  I.GDO: 00000002  I.TRAD: 00000043
PROGRESSIVO: 022378  EXD  VIS  00000001  IMPEGNATO: 00000000  I.MASTER: 00000000  I.GDO: 00000000  I.TRAD: 00000000
PROGRESSIVO: 022378  LBX  VIS  00000001  IMPEGNATO: 00000060  I.MASTER: 00000000  I.GDO: 00000002  I.TRAD: 00000043
PROGRESSIVO: 022378  SIN  VIS  00000001  IMPEGNATO: 00000034  I.MASTER: 00000000  I.GDO: 00000000  I.TRAD: 00000000
PROGRESSIVO: 022378  SLI  VIS  00000001  IMPEGNATO: 00000000  I.MASTER: 00000000  I.GDO: 00000000  I.TRAD: 00000000
 
