** SITUAZIONE PRIMA **
PROGRESSIVO: 032396            00000000  IMPEGNATO: 00000417  I.MASTER: 00000000  I.GDO: 00000228  I.TRAD: 00000006
PROGRESSIVO: 032396  LBX  C03  00003479  IMPEGNATO: 00000000  I.MASTER: 00000000  I.GDO: 00000000  I.TRAD: 00000000
PROGRESSIVO: 032396  LBX  C03  00003500  IMPEGNATO: 00000234  I.MASTER: 00000000  I.GDO: 00000228  I.TRAD: 00000006
PROGRESSIVO: 032396  LBX  C03  00003502  IMPEGNATO: 00000000  I.MASTER: 00000000  I.GDO: 00000000  I.TRAD: 00000000
PROGRESSIVO: 032396  LBX  C03  00003503  IMPEGNATO: 00000000  I.MASTER: 00000000  I.GDO: 00000000  I.TRAD: 00000000
PROGRESSIVO: 032396  LBX  C03  00003504  IMPEGNATO: 00000000  I.MASTER: 00000000  I.GDO: 00000000  I.TRAD: 00000000
PROGRESSIVO: 032396  LBX  C03  00003520  IMPEGNATO: 00000000  I.MASTER: 00000000  I.GDO: 00000000  I.TRAD: 00000000
PROGRESSIVO: 032396  LBX  C03  00003540  IMPEGNATO: 00000000  I.MASTER: 00000000  I.GDO: 00000000  I.TRAD: 00000000
PROGRESSIVO: 032396  ROS  C03  00003500  IMPEGNATO: 00000000  I.MASTER: 00000000  I.GDO: 00000000  I.TRAD: 00000000
PROGRESSIVO: 032396  ROT  C03  00003540  IMPEGNATO: 00000000  I.MASTER: 00000000  I.GDO: 00000000  I.TRAD: 00000000
PROGRESSIVO: 032396  SIN  C03  00003500  IMPEGNATO: 00000183  I.MASTER: 00000000  I.GDO: 00000000  I.TRAD: 00000000
PROGRESSIVO: 032396  SIN  C03  00003502  IMPEGNATO: 00000000  I.MASTER: 00000000  I.GDO: 00000000  I.TRAD: 00000000
PROGRESSIVO: 032396  SIN  C03  00003503  IMPEGNATO: 00000000  I.MASTER: 00000000  I.GDO: 00000000  I.TRAD: 00000000
PROGRESSIVO: 032396  SIN  C03  00003504  IMPEGNATO: 00000000  I.MASTER: 00000000  I.GDO: 00000000  I.TRAD: 00000000
PROGRESSIVO: 032396  SIN  C03  00003520  IMPEGNATO: 00000000  I.MASTER: 00000000  I.GDO: 00000000  I.TRAD: 00000000
PROGRESSIVO: 032396  SIN  C03  00003540  IMPEGNATO: 00000000  I.MASTER: 00000000  I.GDO: 00000000  I.TRAD: 00000000
 
PROGRESSIVO: 031728            00000000  IMPEGNATO: 00000945  I.MASTER: 00000000  I.GDO: 00000738  I.TRAD: 00000012
PROGRESSIVO: 031728  IGL  C03  00003425  IMPEGNATO: 00000000  I.MASTER: 00000000  I.GDO: 00000000  I.TRAD: 00000000
PROGRESSIVO: 031728  LBX  C03  00003390  IMPEGNATO: 00000012  I.MASTER: 00000000  I.GDO: 00000000  I.TRAD: 00000012
PROGRESSIVO: 031728  LBX  C03  00003392  IMPEGNATO: 00000000  I.MASTER: 00000000  I.GDO: 00000000  I.TRAD: 00000000
PROGRESSIVO: 031728  LBX  C03  00003424  IMPEGNATO: 00000000  I.MASTER: 00000000  I.GDO: 00000000  I.TRAD: 00000000
PROGRESSIVO: 031728  LBX  C03  00003428  IMPEGNATO: 00000726  I.MASTER: 00000000  I.GDO: 00000726  I.TRAD: 00000000
PROGRESSIVO: 031728  LBX  C03  00003430  IMPEGNATO: 00000012  I.MASTER: 00000000  I.GDO: 00000012  I.TRAD: 00000000
PROGRESSIVO: 031728  LBX  C03  00003520  IMPEGNATO: 00000000  I.MASTER: 00000000  I.GDO: 00000000  I.TRAD: 00000000
PROGRESSIVO: 031728  LBX  VIS  00003520  IMPEGNATO: 00000000  I.MASTER: 00000000  I.GDO: 00000000  I.TRAD: 00000000
PROGRESSIVO: 031728  ROS  C03  00003390  IMPEGNATO: 00000000  I.MASTER: 00000000  I.GDO: 00000000  I.TRAD: 00000000
PROGRESSIVO: 031728  ROS  C03  00003392  IMPEGNATO: 00000000  I.MASTER: 00000000  I.GDO: 00000000  I.TRAD: 00000000
PROGRESSIVO: 031728  ROS  C03  00003425  IMPEGNATO: 00000000  I.MASTER: 00000000  I.GDO: 00000000  I.TRAD: 00000000
PROGRESSIVO: 031728  SIN  C03  00003390  IMPEGNATO: 00000156  I.MASTER: 00000000  I.GDO: 00000000  I.TRAD: 00000000
PROGRESSIVO: 031728  SIN  C03  00003392  IMPEGNATO: 00000000  I.MASTER: 00000000  I.GDO: 00000000  I.TRAD: 00000000
PROGRESSIVO: 031728  SIN  C03  00003424  IMPEGNATO: 00000000  I.MASTER: 00000000  I.GDO: 00000000  I.TRAD: 00000000
PROGRESSIVO: 031728  SIN  C03  00003425  IMPEGNATO: 00000000  I.MASTER: 00000000  I.GDO: 00000000  I.TRAD: 00000000
PROGRESSIVO: 031728  SIN  C03  00003426  IMPEGNATO: 00000000  I.MASTER: 00000000  I.GDO: 00000000  I.TRAD: 00000000
PROGRESSIVO: 031728  SIN  C03  00003428  IMPEGNATO: 00000009  I.MASTER: 00000000  I.GDO: 00000000  I.TRAD: 00000000
PROGRESSIVO: 031728  SIN  C03  00003430  IMPEGNATO: 00000030  I.MASTER: 00000000  I.GDO: 00000000  I.TRAD: 00000000
PROGRESSIVO: 031728  SIN  C03  00003520  IMPEGNATO: 00000000  I.MASTER: 00000000  I.GDO: 00000000  I.TRAD: 00000000
PROGRESSIVO: 031728  SIN  VIS  00003520  IMPEGNATO: 00000000  I.MASTER: 00000000  I.GDO: 00000000  I.TRAD: 00000000
 
PROGRESSIVO: 032399            00000000  IMPEGNATO: 00000921  I.MASTER: 00000000  I.GDO: 00000588  I.TRAD: 00000000
PROGRESSIVO: 032399  IGL  C03  00003401  IMPEGNATO: 00000000  I.MASTER: 00000000  I.GDO: 00000000  I.TRAD: 00000000
PROGRESSIVO: 032399  LBX  C03  00003380  IMPEGNATO: 00000000  I.MASTER: 00000000  I.GDO: 00000000  I.TRAD: 00000000
PROGRESSIVO: 032399  LBX  C03  00003388  IMPEGNATO: 00000000  I.MASTER: 00000000  I.GDO: 00000000  I.TRAD: 00000000
PROGRESSIVO: 032399  LBX  C03  00003400  IMPEGNATO: 00000588  I.MASTER: 00000000  I.GDO: 00000588  I.TRAD: 00000000
PROGRESSIVO: 032399  LBX  C03  00003520  IMPEGNATO: 00000000  I.MASTER: 00000000  I.GDO: 00000000  I.TRAD: 00000000
PROGRESSIVO: 032399  ROS  C03  00003380  IMPEGNATO: 00000000  I.MASTER: 00000000  I.GDO: 00000000  I.TRAD: 00000000
PROGRESSIVO: 032399  SIN  C03  00003380  IMPEGNATO: 00000021  I.MASTER: 00000000  I.GDO: 00000000  I.TRAD: 00000000
PROGRESSIVO: 032399  SIN  C03  00003388  IMPEGNATO: 00000006  I.MASTER: 00000000  I.GDO: 00000000  I.TRAD: 00000000
PROGRESSIVO: 032399  SIN  C03  00003400  IMPEGNATO: 00000066  I.MASTER: 00000000  I.GDO: 00000000  I.TRAD: 00000000
PROGRESSIVO: 032399  SIN  C03  00003401  IMPEGNATO: 00000000  I.MASTER: 00000000  I.GDO: 00000000  I.TRAD: 00000000
PROGRESSIVO: 032399  SIN  C03  00003520  IMPEGNATO: 00000240  I.MASTER: 00000000  I.GDO: 00000000  I.TRAD: 00000000
 
PROGRESSIVO: 032395            00000000  IMPEGNATO: 00000318  I.MASTER: 00000000  I.GDO: 00000201  I.TRAD: 00000000
PROGRESSIVO: 032395  LBX  C03  00003520  IMPEGNATO: 00000000  I.MASTER: 00000000  I.GDO: 00000000  I.TRAD: 00000000
PROGRESSIVO: 032395  LBX  C03  00003540  IMPEGNATO: 00000000  I.MASTER: 00000000  I.GDO: 00000000  I.TRAD: 00000000
PROGRESSIVO: 032395  LBX  C03  00003552  IMPEGNATO: 00000192  I.MASTER: 00000000  I.GDO: 00000192  I.TRAD: 00000000
PROGRESSIVO: 032395  LBX  C03  00003556  IMPEGNATO: 00000009  I.MASTER: 00000000  I.GDO: 00000009  I.TRAD: 00000000
PROGRESSIVO: 032395  ROS  C03  00003520  IMPEGNATO: 00000000  I.MASTER: 00000000  I.GDO: 00000000  I.TRAD: 00000000
PROGRESSIVO: 032395  ROT  C03  00003556  IMPEGNATO: 00000000  I.MASTER: 00000000  I.GDO: 00000000  I.TRAD: 00000000
PROGRESSIVO: 032395  SIN  C03  00003520  IMPEGNATO: 00000024  I.MASTER: 00000000  I.GDO: 00000000  I.TRAD: 00000000
PROGRESSIVO: 032395  SIN  C03  00003540  IMPEGNATO: 00000054  I.MASTER: 00000000  I.GDO: 00000000  I.TRAD: 00000000
PROGRESSIVO: 032395  SIN  C03  00003552  IMPEGNATO: 00000015  I.MASTER: 00000000  I.GDO: 00000000  I.TRAD: 00000000
PROGRESSIVO: 032395  SIN  C03  00003556  IMPEGNATO: 00000024  I.MASTER: 00000000  I.GDO: 00000000  I.TRAD: 00000000
 
** SITUAZIONE DOPO **
PROGRESSIVO: 032396            00000000  IMPEGNATO: 00000417  I.MASTER: 00000000  I.GDO: 00000234  I.TRAD: 00000006
PROGRESSIVO: 032396  LBX  C03  00003479  IMPEGNATO: 00000000  I.MASTER: 00000000  I.GDO: 00000000  I.TRAD: 00000000
PROGRESSIVO: 032396  LBX  C03  00003500  IMPEGNATO: 00000240  I.MASTER: 00000000  I.GDO: 00000234  I.TRAD: 00000006
PROGRESSIVO: 032396  LBX  C03  00003502  IMPEGNATO: 00000000  I.MASTER: 00000000  I.GDO: 00000000  I.TRAD: 00000000
PROGRESSIVO: 032396  LBX  C03  00003503  IMPEGNATO: 00000000  I.MASTER: 00000000  I.GDO: 00000000  I.TRAD: 00000000
PROGRESSIVO: 032396  LBX  C03  00003504  IMPEGNATO: 00000000  I.MASTER: 00000000  I.GDO: 00000000  I.TRAD: 00000000
PROGRESSIVO: 032396  LBX  C03  00003520  IMPEGNATO: 00000000  I.MASTER: 00000000  I.GDO: 00000000  I.TRAD: 00000000
PROGRESSIVO: 032396  LBX  C03  00003540  IMPEGNATO: 00000000  I.MASTER: 00000000  I.GDO: 00000000  I.TRAD: 00000000
PROGRESSIVO: 032396  ROS  C03  00003500  IMPEGNATO: 00000000  I.MASTER: 00000000  I.GDO: 00000000  I.TRAD: 00000000
PROGRESSIVO: 032396  ROT  C03  00003540  IMPEGNATO: 00000000  I.MASTER: 00000000  I.GDO: 00000000  I.TRAD: 00000000
PROGRESSIVO: 032396  SIN  C03  00003500  IMPEGNATO: 00000177  I.MASTER: 00000000  I.GDO: 00000000  I.TRAD: 00000000
PROGRESSIVO: 032396  SIN  C03  00003502  IMPEGNATO: 00000000  I.MASTER: 00000000  I.GDO: 00000000  I.TRAD: 00000000
PROGRESSIVO: 032396  SIN  C03  00003503  IMPEGNATO: 00000000  I.MASTER: 00000000  I.GDO: 00000000  I.TRAD: 00000000
PROGRESSIVO: 032396  SIN  C03  00003504  IMPEGNATO: 00000000  I.MASTER: 00000000  I.GDO: 00000000  I.TRAD: 00000000
PROGRESSIVO: 032396  SIN  C03  00003520  IMPEGNATO: 00000000  I.MASTER: 00000000  I.GDO: 00000000  I.TRAD: 00000000
PROGRESSIVO: 032396  SIN  C03  00003540  IMPEGNATO: 00000000  I.MASTER: 00000000  I.GDO: 00000000  I.TRAD: 00000000
 
PROGRESSIVO: 031728            00000000  IMPEGNATO: 00000945  I.MASTER: 00000000  I.GDO: 00000741  I.TRAD: 00000012
PROGRESSIVO: 031728  IGL  C03  00003425  IMPEGNATO: 00000000  I.MASTER: 00000000  I.GDO: 00000000  I.TRAD: 00000000
PROGRESSIVO: 031728  LBX  C03  00003390  IMPEGNATO: 00000012  I.MASTER: 00000000  I.GDO: 00000000  I.TRAD: 00000012
PROGRESSIVO: 031728  LBX  C03  00003392  IMPEGNATO: 00000000  I.MASTER: 00000000  I.GDO: 00000000  I.TRAD: 00000000
PROGRESSIVO: 031728  LBX  C03  00003424  IMPEGNATO: 00000000  I.MASTER: 00000000  I.GDO: 00000000  I.TRAD: 00000000
PROGRESSIVO: 031728  LBX  C03  00003428  IMPEGNATO: 00000726  I.MASTER: 00000000  I.GDO: 00000726  I.TRAD: 00000000
PROGRESSIVO: 031728  LBX  C03  00003430  IMPEGNATO: 00000015  I.MASTER: 00000000  I.GDO: 00000015  I.TRAD: 00000000
PROGRESSIVO: 031728  LBX  C03  00003520  IMPEGNATO: 00000000  I.MASTER: 00000000  I.GDO: 00000000  I.TRAD: 00000000
PROGRESSIVO: 031728  LBX  VIS  00003520  IMPEGNATO: 00000000  I.MASTER: 00000000  I.GDO: 00000000  I.TRAD: 00000000
PROGRESSIVO: 031728  ROS  C03  00003390  IMPEGNATO: 00000000  I.MASTER: 00000000  I.GDO: 00000000  I.TRAD: 00000000
PROGRESSIVO: 031728  ROS  C03  00003392  IMPEGNATO: 00000000  I.MASTER: 00000000  I.GDO: 00000000  I.TRAD: 00000000
PROGRESSIVO: 031728  ROS  C03  00003425  IMPEGNATO: 00000000  I.MASTER: 00000000  I.GDO: 00000000  I.TRAD: 00000000
PROGRESSIVO: 031728  SIN  C03  00003390  IMPEGNATO: 00000156  I.MASTER: 00000000  I.GDO: 00000000  I.TRAD: 00000000
PROGRESSIVO: 031728  SIN  C03  00003392  IMPEGNATO: 00000000  I.MASTER: 00000000  I.GDO: 00000000  I.TRAD: 00000000
PROGRESSIVO: 031728  SIN  C03  00003424  IMPEGNATO: 00000000  I.MASTER: 00000000  I.GDO: 00000000  I.TRAD: 00000000
PROGRESSIVO: 031728  SIN  C03  00003425  IMPEGNATO: 00000000  I.MASTER: 00000000  I.GDO: 00000000  I.TRAD: 00000000
PROGRESSIVO: 031728  SIN  C03  00003426  IMPEGNATO: 00000000  I.MASTER: 00000000  I.GDO: 00000000  I.TRAD: 00000000
PROGRESSIVO: 031728  SIN  C03  00003428  IMPEGNATO: 00000009  I.MASTER: 00000000  I.GDO: 00000000  I.TRAD: 00000000
PROGRESSIVO: 031728  SIN  C03  00003430  IMPEGNATO: 00000027  I.MASTER: 00000000  I.GDO: 00000000  I.TRAD: 00000000
PROGRESSIVO: 031728  SIN  C03  00003520  IMPEGNATO: 00000000  I.MASTER: 00000000  I.GDO: 00000000  I.TRAD: 00000000
PROGRESSIVO: 031728  SIN  VIS  00003520  IMPEGNATO: 00000000  I.MASTER: 00000000  I.GDO: 00000000  I.TRAD: 00000000
 
PROGRESSIVO: 032399            00000000  IMPEGNATO: 00000921  I.MASTER: 00000000  I.GDO: 00000594  I.TRAD: 00000000
PROGRESSIVO: 032399  IGL  C03  00003401  IMPEGNATO: 00000000  I.MASTER: 00000000  I.GDO: 00000000  I.TRAD: 00000000
PROGRESSIVO: 032399  LBX  C03  00003380  IMPEGNATO: 00000000  I.MASTER: 00000000  I.GDO: 00000000  I.TRAD: 00000000
PROGRESSIVO: 032399  LBX  C03  00003388  IMPEGNATO: 00000000  I.MASTER: 00000000  I.GDO: 00000000  I.TRAD: 00000000
PROGRESSIVO: 032399  LBX  C03  00003400  IMPEGNATO: 00000594  I.MASTER: 00000000  I.GDO: 00000594  I.TRAD: 00000000
PROGRESSIVO: 032399  LBX  C03  00003520  IMPEGNATO: 00000000  I.MASTER: 00000000  I.GDO: 00000000  I.TRAD: 00000000
PROGRESSIVO: 032399  ROS  C03  00003380  IMPEGNATO: 00000000  I.MASTER: 00000000  I.GDO: 00000000  I.TRAD: 00000000
PROGRESSIVO: 032399  SIN  C03  00003380  IMPEGNATO: 00000021  I.MASTER: 00000000  I.GDO: 00000000  I.TRAD: 00000000
PROGRESSIVO: 032399  SIN  C03  00003388  IMPEGNATO: 00000006  I.MASTER: 00000000  I.GDO: 00000000  I.TRAD: 00000000
PROGRESSIVO: 032399  SIN  C03  00003400  IMPEGNATO: 00000060  I.MASTER: 00000000  I.GDO: 00000000  I.TRAD: 00000000
PROGRESSIVO: 032399  SIN  C03  00003401  IMPEGNATO: 00000000  I.MASTER: 00000000  I.GDO: 00000000  I.TRAD: 00000000
PROGRESSIVO: 032399  SIN  C03  00003520  IMPEGNATO: 00000240  I.MASTER: 00000000  I.GDO: 00000000  I.TRAD: 00000000
 
PROGRESSIVO: 032395            00000000  IMPEGNATO: 00000318  I.MASTER: 00000000  I.GDO: 00000207  I.TRAD: 00000000
PROGRESSIVO: 032395  LBX  C03  00003520  IMPEGNATO: 00000000  I.MASTER: 00000000  I.GDO: 00000000  I.TRAD: 00000000
PROGRESSIVO: 032395  LBX  C03  00003540  IMPEGNATO: 00000006  I.MASTER: 00000000  I.GDO: 00000006  I.TRAD: 00000000
PROGRESSIVO: 032395  LBX  C03  00003552  IMPEGNATO: 00000192  I.MASTER: 00000000  I.GDO: 00000192  I.TRAD: 00000000
PROGRESSIVO: 032395  LBX  C03  00003556  IMPEGNATO: 00000009  I.MASTER: 00000000  I.GDO: 00000009  I.TRAD: 00000000
PROGRESSIVO: 032395  ROS  C03  00003520  IMPEGNATO: 00000000  I.MASTER: 00000000  I.GDO: 00000000  I.TRAD: 00000000
PROGRESSIVO: 032395  ROT  C03  00003556  IMPEGNATO: 00000000  I.MASTER: 00000000  I.GDO: 00000000  I.TRAD: 00000000
PROGRESSIVO: 032395  SIN  C03  00003520  IMPEGNATO: 00000024  I.MASTER: 00000000  I.GDO: 00000000  I.TRAD: 00000000
PROGRESSIVO: 032395  SIN  C03  00003540  IMPEGNATO: 00000048  I.MASTER: 00000000  I.GDO: 00000000  I.TRAD: 00000000
PROGRESSIVO: 032395  SIN  C03  00003552  IMPEGNATO: 00000015  I.MASTER: 00000000  I.GDO: 00000000  I.TRAD: 00000000
PROGRESSIVO: 032395  SIN  C03  00003556  IMPEGNATO: 00000024  I.MASTER: 00000000  I.GDO: 00000000  I.TRAD: 00000000
 
