** SITUAZIONE PRIMA **
PROGRESSIVO: 032399            00000000  IMPEGNATO: 00000921  I.MASTER: 00000000  I.GDO: 00000594  I.TRAD: 00000057
PROGRESSIVO: 032399  IGL  C03  00003401  IMPEGNATO: 00000000  I.MASTER: 00000000  I.GDO: 00000000  I.TRAD: 00000000
PROGRESSIVO: 032399  LBX  C03  00003380  IMPEGNATO: 00000000  I.MASTER: 00000000  I.GDO: 00000000  I.TRAD: 00000000
PROGRESSIVO: 032399  LBX  C03  00003388  IMPEGNATO: 00000000  I.MASTER: 00000000  I.GDO: 00000000  I.TRAD: 00000000
PROGRESSIVO: 032399  LBX  C03  00003400  IMPEGNATO: 00000594  I.MASTER: 00000000  I.GDO: 00000594  I.TRAD: 00000000
PROGRESSIVO: 032399  LBX  C03  00003520  IMPEGNATO: 00000057  I.MASTER: 00000000  I.GDO: 00000000  I.TRAD: 00000057
PROGRESSIVO: 032399  ROS  C03  00003380  IMPEGNATO: 00000000  I.MASTER: 00000000  I.GDO: 00000000  I.TRAD: 00000000
PROGRESSIVO: 032399  SIN  C03  00003380  IMPEGNATO: 00000021  I.MASTER: 00000000  I.GDO: 00000000  I.TRAD: 00000000
PROGRESSIVO: 032399  SIN  C03  00003388  IMPEGNATO: 00000006  I.MASTER: 00000000  I.GDO: 00000000  I.TRAD: 00000000
PROGRESSIVO: 032399  SIN  C03  00003400  IMPEGNATO: 00000060  I.MASTER: 00000000  I.GDO: 00000000  I.TRAD: 00000000
PROGRESSIVO: 032399  SIN  C03  00003401  IMPEGNATO: 00000000  I.MASTER: 00000000  I.GDO: 00000000  I.TRAD: 00000000
PROGRESSIVO: 032399  SIN  C03  00003520  IMPEGNATO: 00000183  I.MASTER: 00000000  I.GDO: 00000000  I.TRAD: 00000000
 
PROGRESSIVO: 031727            00000000  IMPEGNATO: 00002124  I.MASTER: 00000000  I.GDO: 00000300  I.TRAD: 00000036
PROGRESSIVO: 031727  LBX  C12  00000875  IMPEGNATO: 00000312  I.MASTER: 00000000  I.GDO: 00000276  I.TRAD: 00000036
PROGRESSIVO: 031727  LBX  C12  00000876  IMPEGNATO: 00000024  I.MASTER: 00000000  I.GDO: 00000024  I.TRAD: 00000000
PROGRESSIVO: 031727  LBX  C12  00000880  IMPEGNATO: 00000000  I.MASTER: 00000000  I.GDO: 00000000  I.TRAD: 00000000
PROGRESSIVO: 031727  SIN  C12  00000875  IMPEGNATO: 00000264  I.MASTER: 00000000  I.GDO: 00000000  I.TRAD: 00000000
PROGRESSIVO: 031727  SIN  C12  00000876  IMPEGNATO: 00000012  I.MASTER: 00000000  I.GDO: 00000000  I.TRAD: 00000000
PROGRESSIVO: 031727  SIN  C12  00000880  IMPEGNATO: 00001512  I.MASTER: 00000000  I.GDO: 00000000  I.TRAD: 00000000
 
** SITUAZIONE DOPO **
PROGRESSIVO: 032399            00000000  IMPEGNATO: 00000921  I.MASTER: 00000000  I.GDO: 00000594  I.TRAD: 00000180
PROGRESSIVO: 032399  IGL  C03  00003401  IMPEGNATO: 00000000  I.MASTER: 00000000  I.GDO: 00000000  I.TRAD: 00000000
PROGRESSIVO: 032399  LBX  C03  00003380  IMPEGNATO: 00000000  I.MASTER: 00000000  I.GDO: 00000000  I.TRAD: 00000000
PROGRESSIVO: 032399  LBX  C03  00003388  IMPEGNATO: 00000000  I.MASTER: 00000000  I.GDO: 00000000  I.TRAD: 00000000
PROGRESSIVO: 032399  LBX  C03  00003400  IMPEGNATO: 00000594  I.MASTER: 00000000  I.GDO: 00000594  I.TRAD: 00000000
PROGRESSIVO: 032399  LBX  C03  00003520  IMPEGNATO: 00000057  I.MASTER: 00000000  I.GDO: 00000000  I.TRAD: 00000180
PROGRESSIVO: 032399  ROS  C03  00003380  IMPEGNATO: 00000000  I.MASTER: 00000000  I.GDO: 00000000  I.TRAD: 00000000
PROGRESSIVO: 032399  SIN  C03  00003380  IMPEGNATO: 00000021  I.MASTER: 00000000  I.GDO: 00000000  I.TRAD: 00000000
PROGRESSIVO: 032399  SIN  C03  00003388  IMPEGNATO: 00000006  I.MASTER: 00000000  I.GDO: 00000000  I.TRAD: 00000000
PROGRESSIVO: 032399  SIN  C03  00003400  IMPEGNATO: 00000060  I.MASTER: 00000000  I.GDO: 00000000  I.TRAD: 00000000
PROGRESSIVO: 032399  SIN  C03  00003401  IMPEGNATO: 00000000  I.MASTER: 00000000  I.GDO: 00000000  I.TRAD: 00000000
PROGRESSIVO: 032399  SIN  C03  00003520  IMPEGNATO: 00000183  I.MASTER: 00000000  I.GDO: 00000000  I.TRAD: 00000000
 
PROGRESSIVO: 031727            00000000  IMPEGNATO: 00002124  I.MASTER: 00000000  I.GDO: 00000300  I.TRAD: 00000108
PROGRESSIVO: 031727  LBX  C12  00000875  IMPEGNATO: 00000312  I.MASTER: 00000000  I.GDO: 00000276  I.TRAD: 00000036
PROGRESSIVO: 031727  LBX  C12  00000876  IMPEGNATO: 00000024  I.MASTER: 00000000  I.GDO: 00000024  I.TRAD: 00000000
PROGRESSIVO: 031727  LBX  C12  00000880  IMPEGNATO: 00000072  I.MASTER: 00000000  I.GDO: 00000000  I.TRAD: 00000072
PROGRESSIVO: 031727  SIN  C12  00000875  IMPEGNATO: 00000264  I.MASTER: 00000000  I.GDO: 00000000  I.TRAD: 00000000
PROGRESSIVO: 031727  SIN  C12  00000876  IMPEGNATO: 00000012  I.MASTER: 00000000  I.GDO: 00000000  I.TRAD: 00000000
PROGRESSIVO: 031727  SIN  C12  00000880  IMPEGNATO: 00001440  I.MASTER: 00000000  I.GDO: 00000000  I.TRAD: 00000000
 
