** SITUAZIONE PRIMA **
PROGRESSIVO: 026786            00000000  IMPEGNATO: 00000012  I.MASTER: 00000000  I.GDO: 00000000  I.TRAD: 00000000
PROGRESSIVO: 026786  LBX  C12  00000857  IMPEGNATO: 00000000  I.MASTER: 00000000  I.GDO: 00000000  I.TRAD: 00000000
PROGRESSIVO: 026786  LBX  C12  00000859  IMPEGNATO: 00000000  I.MASTER: 00000000  I.GDO: 00000000  I.TRAD: 00000000
PROGRESSIVO: 026786  LBX  C12  00000862  IMPEGNATO: 00000000  I.MASTER: 00000000  I.GDO: 00000000  I.TRAD: 00000000
PROGRESSIVO: 026786  LBX  C12  00000867  IMPEGNATO: 00000000  I.MASTER: 00000000  I.GDO: 00000000  I.TRAD: 00000000
PROGRESSIVO: 026786  LBX  C12  00000880  IMPEGNATO: 00000000  I.MASTER: 00000000  I.GDO: 00000000  I.TRAD: 00000000
PROGRESSIVO: 026786  SIN  C12  00000857  IMPEGNATO: 00000000  I.MASTER: 00000000  I.GDO: 00000000  I.TRAD: 00000000
PROGRESSIVO: 026786  SIN  C12  00000859  IMPEGNATO: 00000000  I.MASTER: 00000000  I.GDO: 00000000  I.TRAD: 00000000
PROGRESSIVO: 026786  SIN  C12  00000860  IMPEGNATO: 00000000  I.MASTER: 00000000  I.GDO: 00000000  I.TRAD: 00000000
PROGRESSIVO: 026786  SIN  C12  00000862  IMPEGNATO: 00000012  I.MASTER: 00000000  I.GDO: 00000000  I.TRAD: 00000000
PROGRESSIVO: 026786  SIN  C12  00000867  IMPEGNATO: 00000000  I.MASTER: 00000000  I.GDO: 00000000  I.TRAD: 00000000
PROGRESSIVO: 026786  SIN  C12  00000880  IMPEGNATO: 00000000  I.MASTER: 00000000  I.GDO: 00000000  I.TRAD: 00000000
 
PROGRESSIVO: 032397            00000000  IMPEGNATO: 00001296  I.MASTER: 00000000  I.GDO: 00000336  I.TRAD: 00000036
PROGRESSIVO: 032397  LBX  C12  00000856  IMPEGNATO: 00000036  I.MASTER: 00000000  I.GDO: 00000000  I.TRAD: 00000036
PROGRESSIVO: 032397  LBX  C12  00000857  IMPEGNATO: 00000336  I.MASTER: 00000000  I.GDO: 00000336  I.TRAD: 00000000
PROGRESSIVO: 032397  LBX  C12  00000880  IMPEGNATO: 00000000  I.MASTER: 00000000  I.GDO: 00000000  I.TRAD: 00000000
PROGRESSIVO: 032397  SIN  C12  00000856  IMPEGNATO: 00000252  I.MASTER: 00000000  I.GDO: 00000000  I.TRAD: 00000000
PROGRESSIVO: 032397  SIN  C12  00000857  IMPEGNATO: 00000132  I.MASTER: 00000000  I.GDO: 00000000  I.TRAD: 00000000
PROGRESSIVO: 032397  SIN  C12  00000880  IMPEGNATO: 00000540  I.MASTER: 00000000  I.GDO: 00000000  I.TRAD: 00000000
 
PROGRESSIVO: 031816            00000000  IMPEGNATO: 00000007  I.MASTER: 00000000  I.GDO: 00000000  I.TRAD: 00000000
PROGRESSIVO: 031816  LBX  VIS  00008400  IMPEGNATO: 00000000  I.MASTER: 00000000  I.GDO: 00000000  I.TRAD: 00000000
PROGRESSIVO: 031816  ROT  VIS  00008400  IMPEGNATO: 00000000  I.MASTER: 00000000  I.GDO: 00000000  I.TRAD: 00000000
PROGRESSIVO: 031816  SIN  VIS  00005630  IMPEGNATO: 00000000  I.MASTER: 00000000  I.GDO: 00000000  I.TRAD: 00000000
PROGRESSIVO: 031816  SIN  VIS  00008400  IMPEGNATO: 00000007  I.MASTER: 00000000  I.GDO: 00000000  I.TRAD: 00000000
 
PROGRESSIVO: 036071            00000000  IMPEGNATO: 00000010  I.MASTER: 00000000  I.GDO: 00000000  I.TRAD: 00000000
PROGRESSIVO: 036071  LBX  C10  00000150  IMPEGNATO: 00000000  I.MASTER: 00000000  I.GDO: 00000000  I.TRAD: 00000000
PROGRESSIVO: 036071  SIN  C10  00000150  IMPEGNATO: 00000010  I.MASTER: 00000000  I.GDO: 00000000  I.TRAD: 00000000
 
PROGRESSIVO: 036072            00000000  IMPEGNATO: 00000010  I.MASTER: 00000000  I.GDO: 00000000  I.TRAD: 00000000
PROGRESSIVO: 036072  LBX  C10  00000150  IMPEGNATO: 00000000  I.MASTER: 00000000  I.GDO: 00000000  I.TRAD: 00000000
PROGRESSIVO: 036072  SIN  C10  00000150  IMPEGNATO: 00000010  I.MASTER: 00000000  I.GDO: 00000000  I.TRAD: 00000000
 
PROGRESSIVO: 036073            00000000  IMPEGNATO: 00000010  I.MASTER: 00000000  I.GDO: 00000000  I.TRAD: 00000000
PROGRESSIVO: 036073  LBX  C10  00000150  IMPEGNATO: 00000000  I.MASTER: 00000000  I.GDO: 00000000  I.TRAD: 00000000
PROGRESSIVO: 036073  SIN  C10  00000150  IMPEGNATO: 00000010  I.MASTER: 00000000  I.GDO: 00000000  I.TRAD: 00000000
 
PROGRESSIVO: 036074            00000000  IMPEGNATO: 00000010  I.MASTER: 00000000  I.GDO: 00000000  I.TRAD: 00000000
PROGRESSIVO: 036074  LBX  C10  00000150  IMPEGNATO: 00000000  I.MASTER: 00000000  I.GDO: 00000000  I.TRAD: 00000000
PROGRESSIVO: 036074  SIN  C10  00000150  IMPEGNATO: 00000010  I.MASTER: 00000000  I.GDO: 00000000  I.TRAD: 00000000
 
PROGRESSIVO: 036079            00000000  IMPEGNATO: 00000010  I.MASTER: 00000000  I.GDO: 00000000  I.TRAD: 00000000
PROGRESSIVO: 036079  LBX  C10  00000150  IMPEGNATO: 00000000  I.MASTER: 00000000  I.GDO: 00000000  I.TRAD: 00000000
PROGRESSIVO: 036079  SIN  C10  00000150  IMPEGNATO: 00000010  I.MASTER: 00000000  I.GDO: 00000000  I.TRAD: 00000000
 
PROGRESSIVO: 036080            00000000  IMPEGNATO: 00000010  I.MASTER: 00000000  I.GDO: 00000000  I.TRAD: 00000000
PROGRESSIVO: 036080  LBX  C10  00000150  IMPEGNATO: 00000000  I.MASTER: 00000000  I.GDO: 00000000  I.TRAD: 00000000
PROGRESSIVO: 036080  SIN  C10  00000150  IMPEGNATO: 00000010  I.MASTER: 00000000  I.GDO: 00000000  I.TRAD: 00000000
 
PROGRESSIVO: 026761            00000000  IMPEGNATO: 00000156  I.MASTER: 00000000  I.GDO: 00000000  I.TRAD: 00000024
PROGRESSIVO: 026761  LBX  C12  00000847  IMPEGNATO: 00000024  I.MASTER: 00000000  I.GDO: 00000000  I.TRAD: 00000024
PROGRESSIVO: 026761  LBX  C12  00000850  IMPEGNATO: 00000000  I.MASTER: 00000000  I.GDO: 00000000  I.TRAD: 00000000
PROGRESSIVO: 026761  LBX  C12  00000858  IMPEGNATO: 00000000  I.MASTER: 00000000  I.GDO: 00000000  I.TRAD: 00000000
PROGRESSIVO: 026761  LBX  C12  00000868  IMPEGNATO: 00000000  I.MASTER: 00000000  I.GDO: 00000000  I.TRAD: 00000000
PROGRESSIVO: 026761  LBX  C12  00000871  IMPEGNATO: 00000000  I.MASTER: 00000000  I.GDO: 00000000  I.TRAD: 00000000
PROGRESSIVO: 026761  LBX  C12  00000891  IMPEGNATO: 00000000  I.MASTER: 00000000  I.GDO: 00000000  I.TRAD: 00000000
PROGRESSIVO: 026761  LBX  C12  00000892  IMPEGNATO: 00000000  I.MASTER: 00000000  I.GDO: 00000000  I.TRAD: 00000000
PROGRESSIVO: 026761  LBX  C12  00000900  IMPEGNATO: 00000000  I.MASTER: 00000000  I.GDO: 00000000  I.TRAD: 00000000
PROGRESSIVO: 026761  LBX  C12  00000971  IMPEGNATO: 00000000  I.MASTER: 00000000  I.GDO: 00000000  I.TRAD: 00000000
PROGRESSIVO: 026761  ROS  C12  00000840  IMPEGNATO: 00000000  I.MASTER: 00000000  I.GDO: 00000000  I.TRAD: 00000000
PROGRESSIVO: 026761  ROS  C12  00000871  IMPEGNATO: 00000000  I.MASTER: 00000000  I.GDO: 00000000  I.TRAD: 00000000
PROGRESSIVO: 026761  SIN  C12  00000840  IMPEGNATO: 00000000  I.MASTER: 00000000  I.GDO: 00000000  I.TRAD: 00000000
PROGRESSIVO: 026761  SIN  C12  00000847  IMPEGNATO: 00000096  I.MASTER: 00000000  I.GDO: 00000000  I.TRAD: 00000000
PROGRESSIVO: 026761  SIN  C12  00000850  IMPEGNATO: 00000012  I.MASTER: 00000000  I.GDO: 00000000  I.TRAD: 00000000
PROGRESSIVO: 026761  SIN  C12  00000858  IMPEGNATO: 00000000  I.MASTER: 00000000  I.GDO: 00000000  I.TRAD: 00000000
PROGRESSIVO: 026761  SIN  C12  00000868  IMPEGNATO: 00000000  I.MASTER: 00000000  I.GDO: 00000000  I.TRAD: 00000000
PROGRESSIVO: 026761  SIN  C12  00000871  IMPEGNATO: 00000024  I.MASTER: 00000000  I.GDO: 00000000  I.TRAD: 00000000
PROGRESSIVO: 026761  SIN  C12  00000873  IMPEGNATO: 00000000  I.MASTER: 00000000  I.GDO: 00000000  I.TRAD: 00000000
PROGRESSIVO: 026761  SIN  C12  00000891  IMPEGNATO: 00000000  I.MASTER: 00000000  I.GDO: 00000000  I.TRAD: 00000000
PROGRESSIVO: 026761  SIN  C12  00000892  IMPEGNATO: 00000000  I.MASTER: 00000000  I.GDO: 00000000  I.TRAD: 00000000
PROGRESSIVO: 026761  SIN  C12  00000900  IMPEGNATO: 00000000  I.MASTER: 00000000  I.GDO: 00000000  I.TRAD: 00000000
PROGRESSIVO: 026761  SIN  C12  00000971  IMPEGNATO: 00000000  I.MASTER: 00000000  I.GDO: 00000000  I.TRAD: 00000000
 
** SITUAZIONE DOPO **
PROGRESSIVO: 026786            00000000  IMPEGNATO: 00000012  I.MASTER: 00000000  I.GDO: 00000012  I.TRAD: 00000000
PROGRESSIVO: 026786  LBX  C12  00000857  IMPEGNATO: 00000000  I.MASTER: 00000000  I.GDO: 00000000  I.TRAD: 00000000
PROGRESSIVO: 026786  LBX  C12  00000859  IMPEGNATO: 00000000  I.MASTER: 00000000  I.GDO: 00000000  I.TRAD: 00000000
PROGRESSIVO: 026786  LBX  C12  00000862  IMPEGNATO: 00000012  I.MASTER: 00000000  I.GDO: 00000012  I.TRAD: 00000000
PROGRESSIVO: 026786  LBX  C12  00000867  IMPEGNATO: 00000000  I.MASTER: 00000000  I.GDO: 00000000  I.TRAD: 00000000
PROGRESSIVO: 026786  LBX  C12  00000880  IMPEGNATO: 00000000  I.MASTER: 00000000  I.GDO: 00000000  I.TRAD: 00000000
PROGRESSIVO: 026786  SIN  C12  00000857  IMPEGNATO: 00000000  I.MASTER: 00000000  I.GDO: 00000000  I.TRAD: 00000000
PROGRESSIVO: 026786  SIN  C12  00000859  IMPEGNATO: 00000000  I.MASTER: 00000000  I.GDO: 00000000  I.TRAD: 00000000
PROGRESSIVO: 026786  SIN  C12  00000860  IMPEGNATO: 00000000  I.MASTER: 00000000  I.GDO: 00000000  I.TRAD: 00000000
PROGRESSIVO: 026786  SIN  C12  00000862  IMPEGNATO: 00000000  I.MASTER: 00000000  I.GDO: 00000000  I.TRAD: 00000000
PROGRESSIVO: 026786  SIN  C12  00000867  IMPEGNATO: 00000000  I.MASTER: 00000000  I.GDO: 00000000  I.TRAD: 00000000
PROGRESSIVO: 026786  SIN  C12  00000880  IMPEGNATO: 00000000  I.MASTER: 00000000  I.GDO: 00000000  I.TRAD: 00000000
 
PROGRESSIVO: 032397            00000000  IMPEGNATO: 00001296  I.MASTER: 00000000  I.GDO: 00000348  I.TRAD: 00000036
PROGRESSIVO: 032397  LBX  C12  00000856  IMPEGNATO: 00000036  I.MASTER: 00000000  I.GDO: 00000000  I.TRAD: 00000036
PROGRESSIVO: 032397  LBX  C12  00000857  IMPEGNATO: 00000348  I.MASTER: 00000000  I.GDO: 00000348  I.TRAD: 00000000
PROGRESSIVO: 032397  LBX  C12  00000880  IMPEGNATO: 00000000  I.MASTER: 00000000  I.GDO: 00000000  I.TRAD: 00000000
PROGRESSIVO: 032397  SIN  C12  00000856  IMPEGNATO: 00000252  I.MASTER: 00000000  I.GDO: 00000000  I.TRAD: 00000000
PROGRESSIVO: 032397  SIN  C12  00000857  IMPEGNATO: 00000120  I.MASTER: 00000000  I.GDO: 00000000  I.TRAD: 00000000
PROGRESSIVO: 032397  SIN  C12  00000880  IMPEGNATO: 00000540  I.MASTER: 00000000  I.GDO: 00000000  I.TRAD: 00000000
 
PROGRESSIVO: 031816            00000000  IMPEGNATO: 00000007  I.MASTER: 00000000  I.GDO: 00000006  I.TRAD: 00000000
PROGRESSIVO: 031816  LBX  VIS  00008400  IMPEGNATO: 00000006  I.MASTER: 00000000  I.GDO: 00000006  I.TRAD: 00000000
PROGRESSIVO: 031816  ROT  VIS  00008400  IMPEGNATO: 00000000  I.MASTER: 00000000  I.GDO: 00000000  I.TRAD: 00000000
PROGRESSIVO: 031816  SIN  VIS  00005630  IMPEGNATO: 00000000  I.MASTER: 00000000  I.GDO: 00000000  I.TRAD: 00000000
PROGRESSIVO: 031816  SIN  VIS  00008400  IMPEGNATO: 00000001  I.MASTER: 00000000  I.GDO: 00000000  I.TRAD: 00000000
 
PROGRESSIVO: 036071            00000000  IMPEGNATO: 00000010  I.MASTER: 00000000  I.GDO: 00000010  I.TRAD: 00000000
PROGRESSIVO: 036071  LBX  C10  00000150  IMPEGNATO: 00000010  I.MASTER: 00000000  I.GDO: 00000010  I.TRAD: 00000000
PROGRESSIVO: 036071  SIN  C10  00000150  IMPEGNATO: 00000000  I.MASTER: 00000000  I.GDO: 00000000  I.TRAD: 00000000
 
PROGRESSIVO: 036072            00000000  IMPEGNATO: 00000010  I.MASTER: 00000000  I.GDO: 00000010  I.TRAD: 00000000
PROGRESSIVO: 036072  LBX  C10  00000150  IMPEGNATO: 00000010  I.MASTER: 00000000  I.GDO: 00000010  I.TRAD: 00000000
PROGRESSIVO: 036072  SIN  C10  00000150  IMPEGNATO: 00000000  I.MASTER: 00000000  I.GDO: 00000000  I.TRAD: 00000000
 
PROGRESSIVO: 036073            00000000  IMPEGNATO: 00000010  I.MASTER: 00000000  I.GDO: 00000010  I.TRAD: 00000000
PROGRESSIVO: 036073  LBX  C10  00000150  IMPEGNATO: 00000010  I.MASTER: 00000000  I.GDO: 00000010  I.TRAD: 00000000
PROGRESSIVO: 036073  SIN  C10  00000150  IMPEGNATO: 00000000  I.MASTER: 00000000  I.GDO: 00000000  I.TRAD: 00000000
 
PROGRESSIVO: 036074            00000000  IMPEGNATO: 00000010  I.MASTER: 00000000  I.GDO: 00000010  I.TRAD: 00000000
PROGRESSIVO: 036074  LBX  C10  00000150  IMPEGNATO: 00000010  I.MASTER: 00000000  I.GDO: 00000010  I.TRAD: 00000000
PROGRESSIVO: 036074  SIN  C10  00000150  IMPEGNATO: 00000000  I.MASTER: 00000000  I.GDO: 00000000  I.TRAD: 00000000
 
PROGRESSIVO: 036079            00000000  IMPEGNATO: 00000010  I.MASTER: 00000000  I.GDO: 00000010  I.TRAD: 00000000
PROGRESSIVO: 036079  LBX  C10  00000150  IMPEGNATO: 00000010  I.MASTER: 00000000  I.GDO: 00000010  I.TRAD: 00000000
PROGRESSIVO: 036079  SIN  C10  00000150  IMPEGNATO: 00000000  I.MASTER: 00000000  I.GDO: 00000000  I.TRAD: 00000000
 
PROGRESSIVO: 036080            00000000  IMPEGNATO: 00000010  I.MASTER: 00000000  I.GDO: 00000010  I.TRAD: 00000000
PROGRESSIVO: 036080  LBX  C10  00000150  IMPEGNATO: 00000010  I.MASTER: 00000000  I.GDO: 00000010  I.TRAD: 00000000
PROGRESSIVO: 036080  SIN  C10  00000150  IMPEGNATO: 00000000  I.MASTER: 00000000  I.GDO: 00000000  I.TRAD: 00000000
 
PROGRESSIVO: 026761            00000000  IMPEGNATO: 00000156  I.MASTER: 00000000  I.GDO: 00000012  I.TRAD: 00000024
PROGRESSIVO: 026761  LBX  C12  00000847  IMPEGNATO: 00000024  I.MASTER: 00000000  I.GDO: 00000000  I.TRAD: 00000024
PROGRESSIVO: 026761  LBX  C12  00000850  IMPEGNATO: 00000012  I.MASTER: 00000000  I.GDO: 00000012  I.TRAD: 00000000
PROGRESSIVO: 026761  LBX  C12  00000858  IMPEGNATO: 00000000  I.MASTER: 00000000  I.GDO: 00000000  I.TRAD: 00000000
PROGRESSIVO: 026761  LBX  C12  00000868  IMPEGNATO: 00000000  I.MASTER: 00000000  I.GDO: 00000000  I.TRAD: 00000000
PROGRESSIVO: 026761  LBX  C12  00000871  IMPEGNATO: 00000000  I.MASTER: 00000000  I.GDO: 00000000  I.TRAD: 00000000
PROGRESSIVO: 026761  LBX  C12  00000891  IMPEGNATO: 00000000  I.MASTER: 00000000  I.GDO: 00000000  I.TRAD: 00000000
PROGRESSIVO: 026761  LBX  C12  00000892  IMPEGNATO: 00000000  I.MASTER: 00000000  I.GDO: 00000000  I.TRAD: 00000000
PROGRESSIVO: 026761  LBX  C12  00000900  IMPEGNATO: 00000000  I.MASTER: 00000000  I.GDO: 00000000  I.TRAD: 00000000
PROGRESSIVO: 026761  LBX  C12  00000971  IMPEGNATO: 00000000  I.MASTER: 00000000  I.GDO: 00000000  I.TRAD: 00000000
PROGRESSIVO: 026761  ROS  C12  00000840  IMPEGNATO: 00000000  I.MASTER: 00000000  I.GDO: 00000000  I.TRAD: 00000000
PROGRESSIVO: 026761  ROS  C12  00000871  IMPEGNATO: 00000000  I.MASTER: 00000000  I.GDO: 00000000  I.TRAD: 00000000
PROGRESSIVO: 026761  SIN  C12  00000840  IMPEGNATO: 00000000  I.MASTER: 00000000  I.GDO: 00000000  I.TRAD: 00000000
PROGRESSIVO: 026761  SIN  C12  00000847  IMPEGNATO: 00000096  I.MASTER: 00000000  I.GDO: 00000000  I.TRAD: 00000000
PROGRESSIVO: 026761  SIN  C12  00000850  IMPEGNATO: 00000000  I.MASTER: 00000000  I.GDO: 00000000  I.TRAD: 00000000
PROGRESSIVO: 026761  SIN  C12  00000858  IMPEGNATO: 00000000  I.MASTER: 00000000  I.GDO: 00000000  I.TRAD: 00000000
PROGRESSIVO: 026761  SIN  C12  00000868  IMPEGNATO: 00000000  I.MASTER: 00000000  I.GDO: 00000000  I.TRAD: 00000000
PROGRESSIVO: 026761  SIN  C12  00000871  IMPEGNATO: 00000024  I.MASTER: 00000000  I.GDO: 00000000  I.TRAD: 00000000
PROGRESSIVO: 026761  SIN  C12  00000873  IMPEGNATO: 00000000  I.MASTER: 00000000  I.GDO: 00000000  I.TRAD: 00000000
PROGRESSIVO: 026761  SIN  C12  00000891  IMPEGNATO: 00000000  I.MASTER: 00000000  I.GDO: 00000000  I.TRAD: 00000000
PROGRESSIVO: 026761  SIN  C12  00000892  IMPEGNATO: 00000000  I.MASTER: 00000000  I.GDO: 00000000  I.TRAD: 00000000
PROGRESSIVO: 026761  SIN  C12  00000900  IMPEGNATO: 00000000  I.MASTER: 00000000  I.GDO: 00000000  I.TRAD: 00000000
PROGRESSIVO: 026761  SIN  C12  00000971  IMPEGNATO: 00000000  I.MASTER: 00000000  I.GDO: 00000000  I.TRAD: 00000000
 
