** SITUAZIONE PRIMA **
PROGRESSIVO: 032404            00000000  IMPEGNATO: 00000864  I.MASTER: 00000000  I.GDO: 00000000  I.TRAD: 00000432
PROGRESSIVO: 032404  LBX  VIS  00012000  IMPEGNATO: 00000432  I.MASTER: 00000000  I.GDO: 00000000  I.TRAD: 00000432
PROGRESSIVO: 032404  ROT  VIS  00012000  IMPEGNATO: 00000000  I.MASTER: 00000000  I.GDO: 00000000  I.TRAD: 00000000
PROGRESSIVO: 032404  SIN  VIS  00008040  IMPEGNATO: 00000000  I.MASTER: 00000000  I.GDO: 00000000  I.TRAD: 00000000
PROGRESSIVO: 032404  SIN  VIS  00009000  IMPEGNATO: 00000000  I.MASTER: 00000000  I.GDO: 00000000  I.TRAD: 00000000
PROGRESSIVO: 032404  SIN  VIS  00012000  IMPEGNATO: 00000432  I.MASTER: 00000000  I.GDO: 00000000  I.TRAD: 00000000
 
PROGRESSIVO: 022378            00000000  IMPEGNATO: 00000100  I.MASTER: 00000000  I.GDO: 00000002  I.TRAD: 00000036
PROGRESSIVO: 022378  EXD  VIS  00000001  IMPEGNATO: 00000000  I.MASTER: 00000000  I.GDO: 00000000  I.TRAD: 00000000
PROGRESSIVO: 022378  LBX  VIS  00000001  IMPEGNATO: 00000059  I.MASTER: 00000000  I.GDO: 00000002  I.TRAD: 00000036
PROGRESSIVO: 022378  SIN  VIS  00000001  IMPEGNATO: 00000041  I.MASTER: 00000000  I.GDO: 00000000  I.TRAD: 00000000
PROGRESSIVO: 022378  SLI  VIS  00000001  IMPEGNATO: 00000000  I.MASTER: 00000000  I.GDO: 00000000  I.TRAD: 00000000
 
** SITUAZIONE DOPO **
PROGRESSIVO: 032404            00000000  IMPEGNATO: 00000864  I.MASTER: 00000000  I.GDO: 00000000  I.TRAD: 00000504
PROGRESSIVO: 032404  LBX  VIS  00012000  IMPEGNATO: 00000504  I.MASTER: 00000000  I.GDO: 00000000  I.TRAD: 00000504
PROGRESSIVO: 032404  ROT  VIS  00012000  IMPEGNATO: 00000000  I.MASTER: 00000000  I.GDO: 00000000  I.TRAD: 00000000
PROGRESSIVO: 032404  SIN  VIS  00008040  IMPEGNATO: 00000000  I.MASTER: 00000000  I.GDO: 00000000  I.TRAD: 00000000
PROGRESSIVO: 032404  SIN  VIS  00009000  IMPEGNATO: 00000000  I.MASTER: 00000000  I.GDO: 00000000  I.TRAD: 00000000
PROGRESSIVO: 032404  SIN  VIS  00012000  IMPEGNATO: 00000360  I.MASTER: 00000000  I.GDO: 00000000  I.TRAD: 00000000
 
PROGRESSIVO: 022378            00000000  IMPEGNATO: 00000100  I.MASTER: 00000000  I.GDO: 00000002  I.TRAD: 00000037
PROGRESSIVO: 022378  EXD  VIS  00000001  IMPEGNATO: 00000000  I.MASTER: 00000000  I.GDO: 00000000  I.TRAD: 00000000
PROGRESSIVO: 022378  LBX  VIS  00000001  IMPEGNATO: 00000060  I.MASTER: 00000000  I.GDO: 00000002  I.TRAD: 00000037
PROGRESSIVO: 022378  SIN  VIS  00000001  IMPEGNATO: 00000040  I.MASTER: 00000000  I.GDO: 00000000  I.TRAD: 00000000
PROGRESSIVO: 022378  SLI  VIS  00000001  IMPEGNATO: 00000000  I.MASTER: 00000000  I.GDO: 00000000  I.TRAD: 00000000
 
