** SITUAZIONE PRIMA **
PROGRESSIVO: 029770            00000000  IMPEGNATO: 00000064  I.MASTER: 00000000  I.GDO: 00000028  I.TRAD: 00000000
PROGRESSIVO: 029770  LBX  C04  00003045  IMPEGNATO: 00000028  I.MASTER: 00000000  I.GDO: 00000028  I.TRAD: 00000000
PROGRESSIVO: 029770  ROS  C04  00003040  IMPEGNATO: 00000000  I.MASTER: 00000000  I.GDO: 00000000  I.TRAD: 00000000
PROGRESSIVO: 029770  ROS  C04  00003045  IMPEGNATO: 00000000  I.MASTER: 00000000  I.GDO: 00000000  I.TRAD: 00000000
PROGRESSIVO: 029770  SIN  C04  00003040  IMPEGNATO: 00000000  I.MASTER: 00000000  I.GDO: 00000000  I.TRAD: 00000000
PROGRESSIVO: 029770  SIN  C04  00003045  IMPEGNATO: 00000036  I.MASTER: 00000000  I.GDO: 00000000  I.TRAD: 00000000
 
PROGRESSIVO: 032395            00000000  IMPEGNATO: 00000318  I.MASTER: 00000000  I.GDO: 00000192  I.TRAD: 00000000
PROGRESSIVO: 032395  LBX  C03  00003520  IMPEGNATO: 00000000  I.MASTER: 00000000  I.GDO: 00000000  I.TRAD: 00000000
PROGRESSIVO: 032395  LBX  C03  00003540  IMPEGNATO: 00000000  I.MASTER: 00000000  I.GDO: 00000000  I.TRAD: 00000000
PROGRESSIVO: 032395  LBX  C03  00003552  IMPEGNATO: 00000192  I.MASTER: 00000000  I.GDO: 00000192  I.TRAD: 00000000
PROGRESSIVO: 032395  LBX  C03  00003556  IMPEGNATO: 00000000  I.MASTER: 00000000  I.GDO: 00000000  I.TRAD: 00000000
PROGRESSIVO: 032395  ROS  C03  00003520  IMPEGNATO: 00000000  I.MASTER: 00000000  I.GDO: 00000000  I.TRAD: 00000000
PROGRESSIVO: 032395  ROT  C03  00003556  IMPEGNATO: 00000000  I.MASTER: 00000000  I.GDO: 00000000  I.TRAD: 00000000
PROGRESSIVO: 032395  SIN  C03  00003520  IMPEGNATO: 00000024  I.MASTER: 00000000  I.GDO: 00000000  I.TRAD: 00000000
PROGRESSIVO: 032395  SIN  C03  00003540  IMPEGNATO: 00000054  I.MASTER: 00000000  I.GDO: 00000000  I.TRAD: 00000000
PROGRESSIVO: 032395  SIN  C03  00003552  IMPEGNATO: 00000015  I.MASTER: 00000000  I.GDO: 00000000  I.TRAD: 00000000
PROGRESSIVO: 032395  SIN  C03  00003556  IMPEGNATO: 00000033  I.MASTER: 00000000  I.GDO: 00000000  I.TRAD: 00000000
 
PROGRESSIVO: 031259            00000000  IMPEGNATO: 00000012  I.MASTER: 00000000  I.GDO: 00000000  I.TRAD: 00000000
PROGRESSIVO: 031259  LBX  C06  00000200  IMPEGNATO: 00000000  I.MASTER: 00000000  I.GDO: 00000000  I.TRAD: 00000000
PROGRESSIVO: 031259  LBX  C12  00000200  IMPEGNATO: 00000000  I.MASTER: 00000000  I.GDO: 00000000  I.TRAD: 00000000
PROGRESSIVO: 031259  SIN  C06  00000200  IMPEGNATO: 00000000  I.MASTER: 00000000  I.GDO: 00000000  I.TRAD: 00000000
PROGRESSIVO: 031259  SIN  C12  00000200  IMPEGNATO: 00000012  I.MASTER: 00000000  I.GDO: 00000000  I.TRAD: 00000000
PROGRESSIVO: 031259  SIN  C12  00000211  IMPEGNATO: 00000000  I.MASTER: 00000000  I.GDO: 00000000  I.TRAD: 00000000
 
PROGRESSIVO: 029762            00000000  IMPEGNATO: 00001516  I.MASTER: 00000000  I.GDO: 00001444  I.TRAD: 00000000
PROGRESSIVO: 029762  LBX  C04  00003480  IMPEGNATO: 00000004  I.MASTER: 00000000  I.GDO: 00000004  I.TRAD: 00000000
PROGRESSIVO: 029762  LBX  C04  00003488  IMPEGNATO: 00001440  I.MASTER: 00000000  I.GDO: 00001440  I.TRAD: 00000000
PROGRESSIVO: 029762  LBX  C04  00003500  IMPEGNATO: 00000000  I.MASTER: 00000000  I.GDO: 00000000  I.TRAD: 00000000
PROGRESSIVO: 029762  ROS  C04  00003480  IMPEGNATO: 00000000  I.MASTER: 00000000  I.GDO: 00000000  I.TRAD: 00000000
PROGRESSIVO: 029762  ROS  C04  00003500  IMPEGNATO: 00000000  I.MASTER: 00000000  I.GDO: 00000000  I.TRAD: 00000000
PROGRESSIVO: 029762  SIN  C04  00003480  IMPEGNATO: 00000024  I.MASTER: 00000000  I.GDO: 00000000  I.TRAD: 00000000
PROGRESSIVO: 029762  SIN  C04  00003488  IMPEGNATO: 00000044  I.MASTER: 00000000  I.GDO: 00000000  I.TRAD: 00000000
PROGRESSIVO: 029762  SIN  C04  00003500  IMPEGNATO: 00000004  I.MASTER: 00000000  I.GDO: 00000000  I.TRAD: 00000000
 
PROGRESSIVO: 029761            00000000  IMPEGNATO: 00002784  I.MASTER: 00000000  I.GDO: 00002604  I.TRAD: 00000000
PROGRESSIVO: 029761  LBX  C12  00000870  IMPEGNATO: 00000012  I.MASTER: 00000000  I.GDO: 00000012  I.TRAD: 00000000
PROGRESSIVO: 029761  LBX  C12  00000872  IMPEGNATO: 00002592  I.MASTER: 00000000  I.GDO: 00002592  I.TRAD: 00000000
PROGRESSIVO: 029761  LBX  C12  00000875  IMPEGNATO: 00000000  I.MASTER: 00000000  I.GDO: 00000000  I.TRAD: 00000000
PROGRESSIVO: 029761  ROS  C12  00000870  IMPEGNATO: 00000000  I.MASTER: 00000000  I.GDO: 00000000  I.TRAD: 00000000
PROGRESSIVO: 029761  ROS  C12  00000872  IMPEGNATO: 00000000  I.MASTER: 00000000  I.GDO: 00000000  I.TRAD: 00000000
PROGRESSIVO: 029761  ROS  C12  00000875  IMPEGNATO: 00000000  I.MASTER: 00000000  I.GDO: 00000000  I.TRAD: 00000000
PROGRESSIVO: 029761  SIN  C12  00000870  IMPEGNATO: 00000012  I.MASTER: 00000000  I.GDO: 00000000  I.TRAD: 00000000
PROGRESSIVO: 029761  SIN  C12  00000872  IMPEGNATO: 00000156  I.MASTER: 00000000  I.GDO: 00000000  I.TRAD: 00000000
PROGRESSIVO: 029761  SIN  C12  00000874  IMPEGNATO: 00000000  I.MASTER: 00000000  I.GDO: 00000000  I.TRAD: 00000000
PROGRESSIVO: 029761  SIN  C12  00000875  IMPEGNATO: 00000012  I.MASTER: 00000000  I.GDO: 00000000  I.TRAD: 00000000
 
** SITUAZIONE DOPO **
PROGRESSIVO: 029770            00000000  IMPEGNATO: 00000064  I.MASTER: 00000000  I.GDO: 00000036  I.TRAD: 00000000
PROGRESSIVO: 029770  LBX  C04  00003045  IMPEGNATO: 00000036  I.MASTER: 00000000  I.GDO: 00000036  I.TRAD: 00000000
PROGRESSIVO: 029770  ROS  C04  00003040  IMPEGNATO: 00000000  I.MASTER: 00000000  I.GDO: 00000000  I.TRAD: 00000000
PROGRESSIVO: 029770  ROS  C04  00003045  IMPEGNATO: 00000000  I.MASTER: 00000000  I.GDO: 00000000  I.TRAD: 00000000
PROGRESSIVO: 029770  SIN  C04  00003040  IMPEGNATO: 00000000  I.MASTER: 00000000  I.GDO: 00000000  I.TRAD: 00000000
PROGRESSIVO: 029770  SIN  C04  00003045  IMPEGNATO: 00000028  I.MASTER: 00000000  I.GDO: 00000000  I.TRAD: 00000000
 
PROGRESSIVO: 032395            00000000  IMPEGNATO: 00000318  I.MASTER: 00000000  I.GDO: 00000198  I.TRAD: 00000000
PROGRESSIVO: 032395  LBX  C03  00003520  IMPEGNATO: 00000000  I.MASTER: 00000000  I.GDO: 00000000  I.TRAD: 00000000
PROGRESSIVO: 032395  LBX  C03  00003540  IMPEGNATO: 00000000  I.MASTER: 00000000  I.GDO: 00000000  I.TRAD: 00000000
PROGRESSIVO: 032395  LBX  C03  00003552  IMPEGNATO: 00000192  I.MASTER: 00000000  I.GDO: 00000192  I.TRAD: 00000000
PROGRESSIVO: 032395  LBX  C03  00003556  IMPEGNATO: 00000006  I.MASTER: 00000000  I.GDO: 00000006  I.TRAD: 00000000
PROGRESSIVO: 032395  ROS  C03  00003520  IMPEGNATO: 00000000  I.MASTER: 00000000  I.GDO: 00000000  I.TRAD: 00000000
PROGRESSIVO: 032395  ROT  C03  00003556  IMPEGNATO: 00000000  I.MASTER: 00000000  I.GDO: 00000000  I.TRAD: 00000000
PROGRESSIVO: 032395  SIN  C03  00003520  IMPEGNATO: 00000024  I.MASTER: 00000000  I.GDO: 00000000  I.TRAD: 00000000
PROGRESSIVO: 032395  SIN  C03  00003540  IMPEGNATO: 00000054  I.MASTER: 00000000  I.GDO: 00000000  I.TRAD: 00000000
PROGRESSIVO: 032395  SIN  C03  00003552  IMPEGNATO: 00000015  I.MASTER: 00000000  I.GDO: 00000000  I.TRAD: 00000000
PROGRESSIVO: 032395  SIN  C03  00003556  IMPEGNATO: 00000027  I.MASTER: 00000000  I.GDO: 00000000  I.TRAD: 00000000
 
PROGRESSIVO: 031259            00000000  IMPEGNATO: 00000012  I.MASTER: 00000000  I.GDO: 00000012  I.TRAD: 00000000
PROGRESSIVO: 031259  LBX  C06  00000200  IMPEGNATO: 00000000  I.MASTER: 00000000  I.GDO: 00000000  I.TRAD: 00000000
PROGRESSIVO: 031259  LBX  C12  00000200  IMPEGNATO: 00000012  I.MASTER: 00000000  I.GDO: 00000012  I.TRAD: 00000000
PROGRESSIVO: 031259  SIN  C06  00000200  IMPEGNATO: 00000000  I.MASTER: 00000000  I.GDO: 00000000  I.TRAD: 00000000
PROGRESSIVO: 031259  SIN  C12  00000200  IMPEGNATO: 00000000  I.MASTER: 00000000  I.GDO: 00000000  I.TRAD: 00000000
PROGRESSIVO: 031259  SIN  C12  00000211  IMPEGNATO: 00000000  I.MASTER: 00000000  I.GDO: 00000000  I.TRAD: 00000000
 
PROGRESSIVO: 029762            00000000  IMPEGNATO: 00001516  I.MASTER: 00000000  I.GDO: 00001448  I.TRAD: 00000000
PROGRESSIVO: 029762  LBX  C04  00003480  IMPEGNATO: 00000004  I.MASTER: 00000000  I.GDO: 00000004  I.TRAD: 00000000
PROGRESSIVO: 029762  LBX  C04  00003488  IMPEGNATO: 00001444  I.MASTER: 00000000  I.GDO: 00001444  I.TRAD: 00000000
PROGRESSIVO: 029762  LBX  C04  00003500  IMPEGNATO: 00000000  I.MASTER: 00000000  I.GDO: 00000000  I.TRAD: 00000000
PROGRESSIVO: 029762  ROS  C04  00003480  IMPEGNATO: 00000000  I.MASTER: 00000000  I.GDO: 00000000  I.TRAD: 00000000
PROGRESSIVO: 029762  ROS  C04  00003500  IMPEGNATO: 00000000  I.MASTER: 00000000  I.GDO: 00000000  I.TRAD: 00000000
PROGRESSIVO: 029762  SIN  C04  00003480  IMPEGNATO: 00000024  I.MASTER: 00000000  I.GDO: 00000000  I.TRAD: 00000000
PROGRESSIVO: 029762  SIN  C04  00003488  IMPEGNATO: 00000040  I.MASTER: 00000000  I.GDO: 00000000  I.TRAD: 00000000
PROGRESSIVO: 029762  SIN  C04  00003500  IMPEGNATO: 00000004  I.MASTER: 00000000  I.GDO: 00000000  I.TRAD: 00000000
 
PROGRESSIVO: 029761            00000000  IMPEGNATO: 00002784  I.MASTER: 00000000  I.GDO: 00002616  I.TRAD: 00000000
PROGRESSIVO: 029761  LBX  C12  00000870  IMPEGNATO: 00000012  I.MASTER: 00000000  I.GDO: 00000012  I.TRAD: 00000000
PROGRESSIVO: 029761  LBX  C12  00000872  IMPEGNATO: 00002604  I.MASTER: 00000000  I.GDO: 00002604  I.TRAD: 00000000
PROGRESSIVO: 029761  LBX  C12  00000875  IMPEGNATO: 00000000  I.MASTER: 00000000  I.GDO: 00000000  I.TRAD: 00000000
PROGRESSIVO: 029761  ROS  C12  00000870  IMPEGNATO: 00000000  I.MASTER: 00000000  I.GDO: 00000000  I.TRAD: 00000000
PROGRESSIVO: 029761  ROS  C12  00000872  IMPEGNATO: 00000000  I.MASTER: 00000000  I.GDO: 00000000  I.TRAD: 00000000
PROGRESSIVO: 029761  ROS  C12  00000875  IMPEGNATO: 00000000  I.MASTER: 00000000  I.GDO: 00000000  I.TRAD: 00000000
PROGRESSIVO: 029761  SIN  C12  00000870  IMPEGNATO: 00000012  I.MASTER: 00000000  I.GDO: 00000000  I.TRAD: 00000000
PROGRESSIVO: 029761  SIN  C12  00000872  IMPEGNATO: 00000144  I.MASTER: 00000000  I.GDO: 00000000  I.TRAD: 00000000
PROGRESSIVO: 029761  SIN  C12  00000874  IMPEGNATO: 00000000  I.MASTER: 00000000  I.GDO: 00000000  I.TRAD: 00000000
PROGRESSIVO: 029761  SIN  C12  00000875  IMPEGNATO: 00000012  I.MASTER: 00000000  I.GDO: 00000000  I.TRAD: 00000000
 
