** SITUAZIONE PRIMA **
PROGRESSIVO: 026730            00000000  IMPEGNATO: 00000168  I.MASTER: 00000000  I.GDO: 00000009  I.TRAD: 00000000
PROGRESSIVO: 026730  LBX  VIS  00009980  IMPEGNATO: 00000009  I.MASTER: 00000000  I.GDO: 00000009  I.TRAD: 00000000
PROGRESSIVO: 026730  LBX  VIS  00011168  IMPEGNATO: 00000000  I.MASTER: 00000000  I.GDO: 00000000  I.TRAD: 00000000
PROGRESSIVO: 026730  LBX  VIS  00014890  IMPEGNATO: 00000000  I.MASTER: 00000000  I.GDO: 00000000  I.TRAD: 00000000
PROGRESSIVO: 026730  ROS  VIS  00009980  IMPEGNATO: 00000000  I.MASTER: 00000000  I.GDO: 00000000  I.TRAD: 00000000
PROGRESSIVO: 026730  ROS  VIS  00011160  IMPEGNATO: 00000000  I.MASTER: 00000000  I.GDO: 00000000  I.TRAD: 00000000
PROGRESSIVO: 026730  ROT  VIS  00009980  IMPEGNATO: 00000000  I.MASTER: 00000000  I.GDO: 00000000  I.TRAD: 00000000
PROGRESSIVO: 026730  ROT  VIS  00011168  IMPEGNATO: 00000000  I.MASTER: 00000000  I.GDO: 00000000  I.TRAD: 00000000
PROGRESSIVO: 026730  ROT  VIS  00014890  IMPEGNATO: 00000000  I.MASTER: 00000000  I.GDO: 00000000  I.TRAD: 00000000
PROGRESSIVO: 026730  SIN  VIS  00009980  IMPEGNATO: 00000159  I.MASTER: 00000000  I.GDO: 00000000  I.TRAD: 00000000
PROGRESSIVO: 026730  SIN  VIS  00011160  IMPEGNATO: 00000000  I.MASTER: 00000000  I.GDO: 00000000  I.TRAD: 00000000
PROGRESSIVO: 026730  SIN  VIS  00011168  IMPEGNATO: 00000000  I.MASTER: 00000000  I.GDO: 00000000  I.TRAD: 00000000
PROGRESSIVO: 026730  SIN  VIS  00012061  IMPEGNATO: 00000000  I.MASTER: 00000000  I.GDO: 00000000  I.TRAD: 00000000
PROGRESSIVO: 026730  SIN  VIS  00014890  IMPEGNATO: 00000000  I.MASTER: 00000000  I.GDO: 00000000  I.TRAD: 00000000
 
PROGRESSIVO: 026729            00000000  IMPEGNATO: 00000083  I.MASTER: 00000000  I.GDO: 00000010  I.TRAD: 00000000
PROGRESSIVO: 026729  LBX  VIS  00009980  IMPEGNATO: 00000009  I.MASTER: 00000000  I.GDO: 00000009  I.TRAD: 00000000
PROGRESSIVO: 026729  LBX  VIS  00013298  IMPEGNATO: 00000001  I.MASTER: 00000000  I.GDO: 00000001  I.TRAD: 00000000
PROGRESSIVO: 026729  LBX  VIS  00017730  IMPEGNATO: 00000000  I.MASTER: 00000000  I.GDO: 00000000  I.TRAD: 00000000
PROGRESSIVO: 026729  ROS  VIS  00009980  IMPEGNATO: 00000000  I.MASTER: 00000000  I.GDO: 00000000  I.TRAD: 00000000
PROGRESSIVO: 026729  ROS  VIS  00011880  IMPEGNATO: 00000000  I.MASTER: 00000000  I.GDO: 00000000  I.TRAD: 00000000
PROGRESSIVO: 026729  ROS  VIS  00013298  IMPEGNATO: 00000000  I.MASTER: 00000000  I.GDO: 00000000  I.TRAD: 00000000
PROGRESSIVO: 026729  ROT  VIS  00009980  IMPEGNATO: 00000000  I.MASTER: 00000000  I.GDO: 00000000  I.TRAD: 00000000
PROGRESSIVO: 026729  ROT  VIS  00013298  IMPEGNATO: 00000000  I.MASTER: 00000000  I.GDO: 00000000  I.TRAD: 00000000
PROGRESSIVO: 026729  ROT  VIS  00017730  IMPEGNATO: 00000000  I.MASTER: 00000000  I.GDO: 00000000  I.TRAD: 00000000
PROGRESSIVO: 026729  SIN  VIS  00009980  IMPEGNATO: 00000073  I.MASTER: 00000000  I.GDO: 00000000  I.TRAD: 00000000
PROGRESSIVO: 026729  SIN  VIS  00011880  IMPEGNATO: 00000000  I.MASTER: 00000000  I.GDO: 00000000  I.TRAD: 00000000
PROGRESSIVO: 026729  SIN  VIS  00013298  IMPEGNATO: 00000000  I.MASTER: 00000000  I.GDO: 00000000  I.TRAD: 00000000
PROGRESSIVO: 026729  SIN  VIS  00014361  IMPEGNATO: 00000000  I.MASTER: 00000000  I.GDO: 00000000  I.TRAD: 00000000
PROGRESSIVO: 026729  SIN  VIS  00017730  IMPEGNATO: 00000000  I.MASTER: 00000000  I.GDO: 00000000  I.TRAD: 00000000
PROGRESSIVO: 026729  SIN  VIS  00018768  IMPEGNATO: 00000000  I.MASTER: 00000000  I.GDO: 00000000  I.TRAD: 00000000
PROGRESSIVO: 026729  SIN  VIS  00018879  IMPEGNATO: 00000000  I.MASTER: 00000000  I.GDO: 00000000  I.TRAD: 00000000
 
PROGRESSIVO: 026731            00000000  IMPEGNATO: 00000074  I.MASTER: 00000000  I.GDO: 00000023  I.TRAD: 00000000
PROGRESSIVO: 026731  LBX  VIS  00008640  IMPEGNATO: 00000021  I.MASTER: 00000000  I.GDO: 00000021  I.TRAD: 00000000
PROGRESSIVO: 026731  LBX  VIS  00009668  IMPEGNATO: 00000002  I.MASTER: 00000000  I.GDO: 00000002  I.TRAD: 00000000
PROGRESSIVO: 026731  LBX  VIS  00012890  IMPEGNATO: 00000000  I.MASTER: 00000000  I.GDO: 00000000  I.TRAD: 00000000
PROGRESSIVO: 026731  ROS  VIS  00008640  IMPEGNATO: 00000000  I.MASTER: 00000000  I.GDO: 00000000  I.TRAD: 00000000
PROGRESSIVO: 026731  ROS  VIS  00009680  IMPEGNATO: 00000000  I.MASTER: 00000000  I.GDO: 00000000  I.TRAD: 00000000
PROGRESSIVO: 026731  ROT  VIS  00008640  IMPEGNATO: 00000000  I.MASTER: 00000000  I.GDO: 00000000  I.TRAD: 00000000
PROGRESSIVO: 026731  ROT  VIS  00009668  IMPEGNATO: 00000000  I.MASTER: 00000000  I.GDO: 00000000  I.TRAD: 00000000
PROGRESSIVO: 026731  ROT  VIS  00012890  IMPEGNATO: 00000000  I.MASTER: 00000000  I.GDO: 00000000  I.TRAD: 00000000
PROGRESSIVO: 026731  SIN  VIS  00008640  IMPEGNATO: 00000051  I.MASTER: 00000000  I.GDO: 00000000  I.TRAD: 00000000
PROGRESSIVO: 026731  SIN  VIS  00009660  IMPEGNATO: 00000000  I.MASTER: 00000000  I.GDO: 00000000  I.TRAD: 00000000
PROGRESSIVO: 026731  SIN  VIS  00009668  IMPEGNATO: 00000000  I.MASTER: 00000000  I.GDO: 00000000  I.TRAD: 00000000
PROGRESSIVO: 026731  SIN  VIS  00009680  IMPEGNATO: 00000000  I.MASTER: 00000000  I.GDO: 00000000  I.TRAD: 00000000
PROGRESSIVO: 026731  SIN  VIS  00010441  IMPEGNATO: 00000000  I.MASTER: 00000000  I.GDO: 00000000  I.TRAD: 00000000
PROGRESSIVO: 026731  SIN  VIS  00011168  IMPEGNATO: 00000000  I.MASTER: 00000000  I.GDO: 00000000  I.TRAD: 00000000
PROGRESSIVO: 026731  SIN  VIS  00012890  IMPEGNATO: 00000000  I.MASTER: 00000000  I.GDO: 00000000  I.TRAD: 00000000
 
** SITUAZIONE DOPO **
PROGRESSIVO: 026730            00000000  IMPEGNATO: 00000168  I.MASTER: 00000000  I.GDO: 00000009  I.TRAD: 00000030
PROGRESSIVO: 026730  LBX  VIS  00009980  IMPEGNATO: 00000039  I.MASTER: 00000000  I.GDO: 00000009  I.TRAD: 00000030
PROGRESSIVO: 026730  LBX  VIS  00011168  IMPEGNATO: 00000000  I.MASTER: 00000000  I.GDO: 00000000  I.TRAD: 00000000
PROGRESSIVO: 026730  LBX  VIS  00014890  IMPEGNATO: 00000000  I.MASTER: 00000000  I.GDO: 00000000  I.TRAD: 00000000
PROGRESSIVO: 026730  ROS  VIS  00009980  IMPEGNATO: 00000000  I.MASTER: 00000000  I.GDO: 00000000  I.TRAD: 00000000
PROGRESSIVO: 026730  ROS  VIS  00011160  IMPEGNATO: 00000000  I.MASTER: 00000000  I.GDO: 00000000  I.TRAD: 00000000
PROGRESSIVO: 026730  ROT  VIS  00009980  IMPEGNATO: 00000000  I.MASTER: 00000000  I.GDO: 00000000  I.TRAD: 00000000
PROGRESSIVO: 026730  ROT  VIS  00011168  IMPEGNATO: 00000000  I.MASTER: 00000000  I.GDO: 00000000  I.TRAD: 00000000
PROGRESSIVO: 026730  ROT  VIS  00014890  IMPEGNATO: 00000000  I.MASTER: 00000000  I.GDO: 00000000  I.TRAD: 00000000
PROGRESSIVO: 026730  SIN  VIS  00009980  IMPEGNATO: 00000129  I.MASTER: 00000000  I.GDO: 00000000  I.TRAD: 00000000
PROGRESSIVO: 026730  SIN  VIS  00011160  IMPEGNATO: 00000000  I.MASTER: 00000000  I.GDO: 00000000  I.TRAD: 00000000
PROGRESSIVO: 026730  SIN  VIS  00011168  IMPEGNATO: 00000000  I.MASTER: 00000000  I.GDO: 00000000  I.TRAD: 00000000
PROGRESSIVO: 026730  SIN  VIS  00012061  IMPEGNATO: 00000000  I.MASTER: 00000000  I.GDO: 00000000  I.TRAD: 00000000
PROGRESSIVO: 026730  SIN  VIS  00014890  IMPEGNATO: 00000000  I.MASTER: 00000000  I.GDO: 00000000  I.TRAD: 00000000
 
PROGRESSIVO: 026729            00000000  IMPEGNATO: 00000083  I.MASTER: 00000000  I.GDO: 00000010  I.TRAD: 00000020
PROGRESSIVO: 026729  LBX  VIS  00009980  IMPEGNATO: 00000029  I.MASTER: 00000000  I.GDO: 00000009  I.TRAD: 00000020
PROGRESSIVO: 026729  LBX  VIS  00013298  IMPEGNATO: 00000001  I.MASTER: 00000000  I.GDO: 00000001  I.TRAD: 00000000
PROGRESSIVO: 026729  LBX  VIS  00017730  IMPEGNATO: 00000000  I.MASTER: 00000000  I.GDO: 00000000  I.TRAD: 00000000
PROGRESSIVO: 026729  ROS  VIS  00009980  IMPEGNATO: 00000000  I.MASTER: 00000000  I.GDO: 00000000  I.TRAD: 00000000
PROGRESSIVO: 026729  ROS  VIS  00011880  IMPEGNATO: 00000000  I.MASTER: 00000000  I.GDO: 00000000  I.TRAD: 00000000
PROGRESSIVO: 026729  ROS  VIS  00013298  IMPEGNATO: 00000000  I.MASTER: 00000000  I.GDO: 00000000  I.TRAD: 00000000
PROGRESSIVO: 026729  ROT  VIS  00009980  IMPEGNATO: 00000000  I.MASTER: 00000000  I.GDO: 00000000  I.TRAD: 00000000
PROGRESSIVO: 026729  ROT  VIS  00013298  IMPEGNATO: 00000000  I.MASTER: 00000000  I.GDO: 00000000  I.TRAD: 00000000
PROGRESSIVO: 026729  ROT  VIS  00017730  IMPEGNATO: 00000000  I.MASTER: 00000000  I.GDO: 00000000  I.TRAD: 00000000
PROGRESSIVO: 026729  SIN  VIS  00009980  IMPEGNATO: 00000053  I.MASTER: 00000000  I.GDO: 00000000  I.TRAD: 00000000
PROGRESSIVO: 026729  SIN  VIS  00011880  IMPEGNATO: 00000000  I.MASTER: 00000000  I.GDO: 00000000  I.TRAD: 00000000
PROGRESSIVO: 026729  SIN  VIS  00013298  IMPEGNATO: 00000000  I.MASTER: 00000000  I.GDO: 00000000  I.TRAD: 00000000
PROGRESSIVO: 026729  SIN  VIS  00014361  IMPEGNATO: 00000000  I.MASTER: 00000000  I.GDO: 00000000  I.TRAD: 00000000
PROGRESSIVO: 026729  SIN  VIS  00017730  IMPEGNATO: 00000000  I.MASTER: 00000000  I.GDO: 00000000  I.TRAD: 00000000
PROGRESSIVO: 026729  SIN  VIS  00018768  IMPEGNATO: 00000000  I.MASTER: 00000000  I.GDO: 00000000  I.TRAD: 00000000
PROGRESSIVO: 026729  SIN  VIS  00018879  IMPEGNATO: 00000000  I.MASTER: 00000000  I.GDO: 00000000  I.TRAD: 00000000
 
PROGRESSIVO: 026731            00000000  IMPEGNATO: 00000074  I.MASTER: 00000000  I.GDO: 00000023  I.TRAD: 00000040
PROGRESSIVO: 026731  LBX  VIS  00008640  IMPEGNATO: 00000061  I.MASTER: 00000000  I.GDO: 00000021  I.TRAD: 00000040
PROGRESSIVO: 026731  LBX  VIS  00009668  IMPEGNATO: 00000002  I.MASTER: 00000000  I.GDO: 00000002  I.TRAD: 00000000
PROGRESSIVO: 026731  LBX  VIS  00012890  IMPEGNATO: 00000000  I.MASTER: 00000000  I.GDO: 00000000  I.TRAD: 00000000
PROGRESSIVO: 026731  ROS  VIS  00008640  IMPEGNATO: 00000000  I.MASTER: 00000000  I.GDO: 00000000  I.TRAD: 00000000
PROGRESSIVO: 026731  ROS  VIS  00009680  IMPEGNATO: 00000000  I.MASTER: 00000000  I.GDO: 00000000  I.TRAD: 00000000
PROGRESSIVO: 026731  ROT  VIS  00008640  IMPEGNATO: 00000000  I.MASTER: 00000000  I.GDO: 00000000  I.TRAD: 00000000
PROGRESSIVO: 026731  ROT  VIS  00009668  IMPEGNATO: 00000000  I.MASTER: 00000000  I.GDO: 00000000  I.TRAD: 00000000
PROGRESSIVO: 026731  ROT  VIS  00012890  IMPEGNATO: 00000000  I.MASTER: 00000000  I.GDO: 00000000  I.TRAD: 00000000
PROGRESSIVO: 026731  SIN  VIS  00008640  IMPEGNATO: 00000011  I.MASTER: 00000000  I.GDO: 00000000  I.TRAD: 00000000
PROGRESSIVO: 026731  SIN  VIS  00009660  IMPEGNATO: 00000000  I.MASTER: 00000000  I.GDO: 00000000  I.TRAD: 00000000
PROGRESSIVO: 026731  SIN  VIS  00009668  IMPEGNATO: 00000000  I.MASTER: 00000000  I.GDO: 00000000  I.TRAD: 00000000
PROGRESSIVO: 026731  SIN  VIS  00009680  IMPEGNATO: 00000000  I.MASTER: 00000000  I.GDO: 00000000  I.TRAD: 00000000
PROGRESSIVO: 026731  SIN  VIS  00010441  IMPEGNATO: 00000000  I.MASTER: 00000000  I.GDO: 00000000  I.TRAD: 00000000
PROGRESSIVO: 026731  SIN  VIS  00011168  IMPEGNATO: 00000000  I.MASTER: 00000000  I.GDO: 00000000  I.TRAD: 00000000
PROGRESSIVO: 026731  SIN  VIS  00012890  IMPEGNATO: 00000000  I.MASTER: 00000000  I.GDO: 00000000  I.TRAD: 00000000
 
