** SITUAZIONE PRIMA **
PROGRESSIVO: 027322            00000000  IMPEGNATO: 00000048  I.MASTER: 00000000  I.GDO: 00000000  I.TRAD: 00000000
PROGRESSIVO: 027322  LBX  C24  00000250  IMPEGNATO: 00000000  I.MASTER: 00000000  I.GDO: 00000000  I.TRAD: 00000000
PROGRESSIVO: 027322  LBX  C48  00000250  IMPEGNATO: 00000000  I.MASTER: 00000000  I.GDO: 00000000  I.TRAD: 00000000
PROGRESSIVO: 027322  ROS  C24  00000250  IMPEGNATO: 00000000  I.MASTER: 00000000  I.GDO: 00000000  I.TRAD: 00000000
PROGRESSIVO: 027322  SIN  C24  00000250  IMPEGNATO: 00000000  I.MASTER: 00000000  I.GDO: 00000000  I.TRAD: 00000000
PROGRESSIVO: 027322  SIN  C48  00000250  IMPEGNATO: 00000048  I.MASTER: 00000000  I.GDO: 00000000  I.TRAD: 00000000
 
PROGRESSIVO: 026765            00000000  IMPEGNATO: 00000204  I.MASTER: 00000000  I.GDO: 00000000  I.TRAD: 00000000
PROGRESSIVO: 026765  LBX  C04  00005000  IMPEGNATO: 00000000  I.MASTER: 00000000  I.GDO: 00000000  I.TRAD: 00000000
PROGRESSIVO: 026765  ROS  C04  00005000  IMPEGNATO: 00000000  I.MASTER: 00000000  I.GDO: 00000000  I.TRAD: 00000000
PROGRESSIVO: 026765  SIN  C04  00005000  IMPEGNATO: 00000204  I.MASTER: 00000000  I.GDO: 00000000  I.TRAD: 00000000
 
PROGRESSIVO: 026854            00000000  IMPEGNATO: 00000012  I.MASTER: 00000000  I.GDO: 00000000  I.TRAD: 00000000
PROGRESSIVO: 026854  LBX  C04  00005000  IMPEGNATO: 00000000  I.MASTER: 00000000  I.GDO: 00000000  I.TRAD: 00000000
PROGRESSIVO: 026854  SIN  C04  00005000  IMPEGNATO: 00000012  I.MASTER: 00000000  I.GDO: 00000000  I.TRAD: 00000000
PROGRESSIVO: 026854  SIN  C04  00005437  IMPEGNATO: 00000000  I.MASTER: 00000000  I.GDO: 00000000  I.TRAD: 00000000
 
PROGRESSIVO: 029769            00000000  IMPEGNATO: 00000288  I.MASTER: 00000000  I.GDO: 00000108  I.TRAD: 00000000
PROGRESSIVO: 029769  LBX  C12  00000870  IMPEGNATO: 00000096  I.MASTER: 00000000  I.GDO: 00000096  I.TRAD: 00000000
PROGRESSIVO: 029769  LBX  C12  00000880  IMPEGNATO: 00000012  I.MASTER: 00000000  I.GDO: 00000012  I.TRAD: 00000000
PROGRESSIVO: 029769  LBX  C12  00000883  IMPEGNATO: 00000000  I.MASTER: 00000000  I.GDO: 00000000  I.TRAD: 00000000
PROGRESSIVO: 029769  ROS  C12  00000870  IMPEGNATO: 00000000  I.MASTER: 00000000  I.GDO: 00000000  I.TRAD: 00000000
PROGRESSIVO: 029769  ROS  C12  00000880  IMPEGNATO: 00000000  I.MASTER: 00000000  I.GDO: 00000000  I.TRAD: 00000000
PROGRESSIVO: 029769  SIN  C12  00000870  IMPEGNATO: 00000168  I.MASTER: 00000000  I.GDO: 00000000  I.TRAD: 00000000
PROGRESSIVO: 029769  SIN  C12  00000880  IMPEGNATO: 00000012  I.MASTER: 00000000  I.GDO: 00000000  I.TRAD: 00000000
PROGRESSIVO: 029769  SIN  C12  00000883  IMPEGNATO: 00000000  I.MASTER: 00000000  I.GDO: 00000000  I.TRAD: 00000000
 
PROGRESSIVO: 029735            00000000  IMPEGNATO: 00000132  I.MASTER: 00000000  I.GDO: 00000012  I.TRAD: 00000000
PROGRESSIVO: 029735  LBX  C12  00000840  IMPEGNATO: 00000000  I.MASTER: 00000000  I.GDO: 00000000  I.TRAD: 00000000
PROGRESSIVO: 029735  LBX  C12  00000848  IMPEGNATO: 00000012  I.MASTER: 00000000  I.GDO: 00000012  I.TRAD: 00000000
PROGRESSIVO: 029735  LBX  C12  00000854  IMPEGNATO: 00000000  I.MASTER: 00000000  I.GDO: 00000000  I.TRAD: 00000000
PROGRESSIVO: 029735  LBX  C12  00000860  IMPEGNATO: 00000000  I.MASTER: 00000000  I.GDO: 00000000  I.TRAD: 00000000
PROGRESSIVO: 029735  ROS  C12  00000840  IMPEGNATO: 00000000  I.MASTER: 00000000  I.GDO: 00000000  I.TRAD: 00000000
PROGRESSIVO: 029735  ROS  C12  00000854  IMPEGNATO: 00000000  I.MASTER: 00000000  I.GDO: 00000000  I.TRAD: 00000000
PROGRESSIVO: 029735  ROS  C12  00000860  IMPEGNATO: 00000000  I.MASTER: 00000000  I.GDO: 00000000  I.TRAD: 00000000
PROGRESSIVO: 029735  ROT  C12  00000860  IMPEGNATO: 00000000  I.MASTER: 00000000  I.GDO: 00000000  I.TRAD: 00000000
PROGRESSIVO: 029735  SIN  C12  00000840  IMPEGNATO: 00000000  I.MASTER: 00000000  I.GDO: 00000000  I.TRAD: 00000000
PROGRESSIVO: 029735  SIN  C12  00000848  IMPEGNATO: 00000036  I.MASTER: 00000000  I.GDO: 00000000  I.TRAD: 00000000
PROGRESSIVO: 029735  SIN  C12  00000854  IMPEGNATO: 00000060  I.MASTER: 00000000  I.GDO: 00000000  I.TRAD: 00000000
PROGRESSIVO: 029735  SIN  C12  00000860  IMPEGNATO: 00000024  I.MASTER: 00000000  I.GDO: 00000000  I.TRAD: 00000000
 
PROGRESSIVO: 032392            00000000  IMPEGNATO: 00000456  I.MASTER: 00000000  I.GDO: 00000180  I.TRAD: 00000000
PROGRESSIVO: 032392  LBX  C12  00000840  IMPEGNATO: 00000012  I.MASTER: 00000000  I.GDO: 00000012  I.TRAD: 00000000
PROGRESSIVO: 032392  LBX  C12  00000847  IMPEGNATO: 00000168  I.MASTER: 00000000  I.GDO: 00000168  I.TRAD: 00000000
PROGRESSIVO: 032392  LBX  C12  00000880  IMPEGNATO: 00000000  I.MASTER: 00000000  I.GDO: 00000000  I.TRAD: 00000000
PROGRESSIVO: 032392  ROS  C12  00000840  IMPEGNATO: 00000000  I.MASTER: 00000000  I.GDO: 00000000  I.TRAD: 00000000
PROGRESSIVO: 032392  SIN  C12  00000840  IMPEGNATO: 00000024  I.MASTER: 00000000  I.GDO: 00000000  I.TRAD: 00000000
PROGRESSIVO: 032392  SIN  C12  00000847  IMPEGNATO: 00000132  I.MASTER: 00000000  I.GDO: 00000000  I.TRAD: 00000000
PROGRESSIVO: 032392  SIN  C12  00000850  IMPEGNATO: 00000000  I.MASTER: 00000000  I.GDO: 00000000  I.TRAD: 00000000
PROGRESSIVO: 032392  SIN  C12  00000880  IMPEGNATO: 00000120  I.MASTER: 00000000  I.GDO: 00000000  I.TRAD: 00000000
 
PROGRESSIVO: 029736            00000000  IMPEGNATO: 00000032  I.MASTER: 00000000  I.GDO: 00000004  I.TRAD: 00000000
PROGRESSIVO: 029736  LBX  C04  00003393  IMPEGNATO: 00000004  I.MASTER: 00000000  I.GDO: 00000004  I.TRAD: 00000000
PROGRESSIVO: 029736  LBX  C04  00003416  IMPEGNATO: 00000000  I.MASTER: 00000000  I.GDO: 00000000  I.TRAD: 00000000
PROGRESSIVO: 029736  LBX  C04  00003440  IMPEGNATO: 00000000  I.MASTER: 00000000  I.GDO: 00000000  I.TRAD: 00000000
PROGRESSIVO: 029736  ROS  C04  00003390  IMPEGNATO: 00000000  I.MASTER: 00000000  I.GDO: 00000000  I.TRAD: 00000000
PROGRESSIVO: 029736  ROS  C04  00003416  IMPEGNATO: 00000000  I.MASTER: 00000000  I.GDO: 00000000  I.TRAD: 00000000
PROGRESSIVO: 029736  SIN  C04  00003390  IMPEGNATO: 00000000  I.MASTER: 00000000  I.GDO: 00000000  I.TRAD: 00000000
PROGRESSIVO: 029736  SIN  C04  00003393  IMPEGNATO: 00000020  I.MASTER: 00000000  I.GDO: 00000000  I.TRAD: 00000000
PROGRESSIVO: 029736  SIN  C04  00003416  IMPEGNATO: 00000000  I.MASTER: 00000000  I.GDO: 00000000  I.TRAD: 00000000
PROGRESSIVO: 029736  SIN  C04  00003440  IMPEGNATO: 00000008  I.MASTER: 00000000  I.GDO: 00000000  I.TRAD: 00000000
 
PROGRESSIVO: 032393            00000000  IMPEGNATO: 00000300  I.MASTER: 00000000  I.GDO: 00000150  I.TRAD: 00000090
PROGRESSIVO: 032393  LBX  C03  00003380  IMPEGNATO: 00000000  I.MASTER: 00000000  I.GDO: 00000000  I.TRAD: 00000000
PROGRESSIVO: 032393  LBX  C03  00003388  IMPEGNATO: 00000150  I.MASTER: 00000000  I.GDO: 00000150  I.TRAD: 00000000
PROGRESSIVO: 032393  LBX  C03  00003520  IMPEGNATO: 00000066  I.MASTER: 00000000  I.GDO: 00000000  I.TRAD: 00000090
PROGRESSIVO: 032393  ROS  C03  00003380  IMPEGNATO: 00000000  I.MASTER: 00000000  I.GDO: 00000000  I.TRAD: 00000000
PROGRESSIVO: 032393  SIN  C03  00003380  IMPEGNATO: 00000000  I.MASTER: 00000000  I.GDO: 00000000  I.TRAD: 00000000
PROGRESSIVO: 032393  SIN  C03  00003388  IMPEGNATO: 00000060  I.MASTER: 00000000  I.GDO: 00000000  I.TRAD: 00000000
PROGRESSIVO: 032393  SIN  C03  00003401  IMPEGNATO: 00000000  I.MASTER: 00000000  I.GDO: 00000000  I.TRAD: 00000000
PROGRESSIVO: 032393  SIN  C03  00003520  IMPEGNATO: 00000024  I.MASTER: 00000000  I.GDO: 00000000  I.TRAD: 00000000
 
** SITUAZIONE DOPO **
PROGRESSIVO: 027322            00000000  IMPEGNATO: 00000048  I.MASTER: 00000000  I.GDO: 00000048  I.TRAD: 00000000
PROGRESSIVO: 027322  LBX  C24  00000250  IMPEGNATO: 00000000  I.MASTER: 00000000  I.GDO: 00000000  I.TRAD: 00000000
PROGRESSIVO: 027322  LBX  C48  00000250  IMPEGNATO: 00000048  I.MASTER: 00000000  I.GDO: 00000048  I.TRAD: 00000000
PROGRESSIVO: 027322  ROS  C24  00000250  IMPEGNATO: 00000000  I.MASTER: 00000000  I.GDO: 00000000  I.TRAD: 00000000
PROGRESSIVO: 027322  SIN  C24  00000250  IMPEGNATO: 00000000  I.MASTER: 00000000  I.GDO: 00000000  I.TRAD: 00000000
PROGRESSIVO: 027322  SIN  C48  00000250  IMPEGNATO: 00000000  I.MASTER: 00000000  I.GDO: 00000000  I.TRAD: 00000000
 
PROGRESSIVO: 026765            00000000  IMPEGNATO: 00000204  I.MASTER: 00000000  I.GDO: 00000004  I.TRAD: 00000000
PROGRESSIVO: 026765  LBX  C04  00005000  IMPEGNATO: 00000004  I.MASTER: 00000000  I.GDO: 00000004  I.TRAD: 00000000
PROGRESSIVO: 026765  ROS  C04  00005000  IMPEGNATO: 00000000  I.MASTER: 00000000  I.GDO: 00000000  I.TRAD: 00000000
PROGRESSIVO: 026765  SIN  C04  00005000  IMPEGNATO: 00000200  I.MASTER: 00000000  I.GDO: 00000000  I.TRAD: 00000000
 
PROGRESSIVO: 026854            00000000  IMPEGNATO: 00000012  I.MASTER: 00000000  I.GDO: 00000004  I.TRAD: 00000000
PROGRESSIVO: 026854  LBX  C04  00005000  IMPEGNATO: 00000004  I.MASTER: 00000000  I.GDO: 00000004  I.TRAD: 00000000
PROGRESSIVO: 026854  SIN  C04  00005000  IMPEGNATO: 00000008  I.MASTER: 00000000  I.GDO: 00000000  I.TRAD: 00000000
PROGRESSIVO: 026854  SIN  C04  00005437  IMPEGNATO: 00000000  I.MASTER: 00000000  I.GDO: 00000000  I.TRAD: 00000000
 
PROGRESSIVO: 029769            00000000  IMPEGNATO: 00000288  I.MASTER: 00000000  I.GDO: 00000120  I.TRAD: 00000000
PROGRESSIVO: 029769  LBX  C12  00000870  IMPEGNATO: 00000096  I.MASTER: 00000000  I.GDO: 00000096  I.TRAD: 00000000
PROGRESSIVO: 029769  LBX  C12  00000880  IMPEGNATO: 00000024  I.MASTER: 00000000  I.GDO: 00000024  I.TRAD: 00000000
PROGRESSIVO: 029769  LBX  C12  00000883  IMPEGNATO: 00000000  I.MASTER: 00000000  I.GDO: 00000000  I.TRAD: 00000000
PROGRESSIVO: 029769  ROS  C12  00000870  IMPEGNATO: 00000000  I.MASTER: 00000000  I.GDO: 00000000  I.TRAD: 00000000
PROGRESSIVO: 029769  ROS  C12  00000880  IMPEGNATO: 00000000  I.MASTER: 00000000  I.GDO: 00000000  I.TRAD: 00000000
PROGRESSIVO: 029769  SIN  C12  00000870  IMPEGNATO: 00000168  I.MASTER: 00000000  I.GDO: 00000000  I.TRAD: 00000000
PROGRESSIVO: 029769  SIN  C12  00000880  IMPEGNATO: 00000000  I.MASTER: 00000000  I.GDO: 00000000  I.TRAD: 00000000
PROGRESSIVO: 029769  SIN  C12  00000883  IMPEGNATO: 00000000  I.MASTER: 00000000  I.GDO: 00000000  I.TRAD: 00000000
 
PROGRESSIVO: 029735            00000000  IMPEGNATO: 00000132  I.MASTER: 00000000  I.GDO: 00000024  I.TRAD: 00000000
PROGRESSIVO: 029735  LBX  C12  00000840  IMPEGNATO: 00000000  I.MASTER: 00000000  I.GDO: 00000000  I.TRAD: 00000000
PROGRESSIVO: 029735  LBX  C12  00000848  IMPEGNATO: 00000012  I.MASTER: 00000000  I.GDO: 00000012  I.TRAD: 00000000
PROGRESSIVO: 029735  LBX  C12  00000854  IMPEGNATO: 00000000  I.MASTER: 00000000  I.GDO: 00000000  I.TRAD: 00000000
PROGRESSIVO: 029735  LBX  C12  00000860  IMPEGNATO: 00000012  I.MASTER: 00000000  I.GDO: 00000012  I.TRAD: 00000000
PROGRESSIVO: 029735  ROS  C12  00000840  IMPEGNATO: 00000000  I.MASTER: 00000000  I.GDO: 00000000  I.TRAD: 00000000
PROGRESSIVO: 029735  ROS  C12  00000854  IMPEGNATO: 00000000  I.MASTER: 00000000  I.GDO: 00000000  I.TRAD: 00000000
PROGRESSIVO: 029735  ROS  C12  00000860  IMPEGNATO: 00000000  I.MASTER: 00000000  I.GDO: 00000000  I.TRAD: 00000000
PROGRESSIVO: 029735  ROT  C12  00000860  IMPEGNATO: 00000000  I.MASTER: 00000000  I.GDO: 00000000  I.TRAD: 00000000
PROGRESSIVO: 029735  SIN  C12  00000840  IMPEGNATO: 00000000  I.MASTER: 00000000  I.GDO: 00000000  I.TRAD: 00000000
PROGRESSIVO: 029735  SIN  C12  00000848  IMPEGNATO: 00000036  I.MASTER: 00000000  I.GDO: 00000000  I.TRAD: 00000000
PROGRESSIVO: 029735  SIN  C12  00000854  IMPEGNATO: 00000060  I.MASTER: 00000000  I.GDO: 00000000  I.TRAD: 00000000
PROGRESSIVO: 029735  SIN  C12  00000860  IMPEGNATO: 00000012  I.MASTER: 00000000  I.GDO: 00000000  I.TRAD: 00000000
 
PROGRESSIVO: 032392            00000000  IMPEGNATO: 00000456  I.MASTER: 00000000  I.GDO: 00000192  I.TRAD: 00000000
PROGRESSIVO: 032392  LBX  C12  00000840  IMPEGNATO: 00000012  I.MASTER: 00000000  I.GDO: 00000012  I.TRAD: 00000000
PROGRESSIVO: 032392  LBX  C12  00000847  IMPEGNATO: 00000180  I.MASTER: 00000000  I.GDO: 00000180  I.TRAD: 00000000
PROGRESSIVO: 032392  LBX  C12  00000880  IMPEGNATO: 00000000  I.MASTER: 00000000  I.GDO: 00000000  I.TRAD: 00000000
PROGRESSIVO: 032392  ROS  C12  00000840  IMPEGNATO: 00000000  I.MASTER: 00000000  I.GDO: 00000000  I.TRAD: 00000000
PROGRESSIVO: 032392  SIN  C12  00000840  IMPEGNATO: 00000024  I.MASTER: 00000000  I.GDO: 00000000  I.TRAD: 00000000
PROGRESSIVO: 032392  SIN  C12  00000847  IMPEGNATO: 00000120  I.MASTER: 00000000  I.GDO: 00000000  I.TRAD: 00000000
PROGRESSIVO: 032392  SIN  C12  00000850  IMPEGNATO: 00000000  I.MASTER: 00000000  I.GDO: 00000000  I.TRAD: 00000000
PROGRESSIVO: 032392  SIN  C12  00000880  IMPEGNATO: 00000120  I.MASTER: 00000000  I.GDO: 00000000  I.TRAD: 00000000
 
PROGRESSIVO: 029736            00000000  IMPEGNATO: 00000032  I.MASTER: 00000000  I.GDO: 00000008  I.TRAD: 00000000
PROGRESSIVO: 029736  LBX  C04  00003393  IMPEGNATO: 00000004  I.MASTER: 00000000  I.GDO: 00000004  I.TRAD: 00000000
PROGRESSIVO: 029736  LBX  C04  00003416  IMPEGNATO: 00000000  I.MASTER: 00000000  I.GDO: 00000000  I.TRAD: 00000000
PROGRESSIVO: 029736  LBX  C04  00003440  IMPEGNATO: 00000004  I.MASTER: 00000000  I.GDO: 00000004  I.TRAD: 00000000
PROGRESSIVO: 029736  ROS  C04  00003390  IMPEGNATO: 00000000  I.MASTER: 00000000  I.GDO: 00000000  I.TRAD: 00000000
PROGRESSIVO: 029736  ROS  C04  00003416  IMPEGNATO: 00000000  I.MASTER: 00000000  I.GDO: 00000000  I.TRAD: 00000000
PROGRESSIVO: 029736  SIN  C04  00003390  IMPEGNATO: 00000000  I.MASTER: 00000000  I.GDO: 00000000  I.TRAD: 00000000
PROGRESSIVO: 029736  SIN  C04  00003393  IMPEGNATO: 00000020  I.MASTER: 00000000  I.GDO: 00000000  I.TRAD: 00000000
PROGRESSIVO: 029736  SIN  C04  00003416  IMPEGNATO: 00000000  I.MASTER: 00000000  I.GDO: 00000000  I.TRAD: 00000000
PROGRESSIVO: 029736  SIN  C04  00003440  IMPEGNATO: 00000004  I.MASTER: 00000000  I.GDO: 00000000  I.TRAD: 00000000
 
PROGRESSIVO: 032393            00000000  IMPEGNATO: 00000300  I.MASTER: 00000000  I.GDO: 00000153  I.TRAD: 00000090
PROGRESSIVO: 032393  LBX  C03  00003380  IMPEGNATO: 00000000  I.MASTER: 00000000  I.GDO: 00000000  I.TRAD: 00000000
PROGRESSIVO: 032393  LBX  C03  00003388  IMPEGNATO: 00000153  I.MASTER: 00000000  I.GDO: 00000153  I.TRAD: 00000000
PROGRESSIVO: 032393  LBX  C03  00003520  IMPEGNATO: 00000066  I.MASTER: 00000000  I.GDO: 00000000  I.TRAD: 00000090
PROGRESSIVO: 032393  ROS  C03  00003380  IMPEGNATO: 00000000  I.MASTER: 00000000  I.GDO: 00000000  I.TRAD: 00000000
PROGRESSIVO: 032393  SIN  C03  00003380  IMPEGNATO: 00000000  I.MASTER: 00000000  I.GDO: 00000000  I.TRAD: 00000000
PROGRESSIVO: 032393  SIN  C03  00003388  IMPEGNATO: 00000057  I.MASTER: 00000000  I.GDO: 00000000  I.TRAD: 00000000
PROGRESSIVO: 032393  SIN  C03  00003401  IMPEGNATO: 00000000  I.MASTER: 00000000  I.GDO: 00000000  I.TRAD: 00000000
PROGRESSIVO: 032393  SIN  C03  00003520  IMPEGNATO: 00000024  I.MASTER: 00000000  I.GDO: 00000000  I.TRAD: 00000000
 
