** SITUAZIONE PRIMA **
PROGRESSIVO: 032391            00000000  IMPEGNATO: 00000735  I.MASTER: 00000000  I.GDO: 00000057  I.TRAD: 00000000
PROGRESSIVO: 032391  IGL  C03  00003425  IMPEGNATO: 00000000  I.MASTER: 00000000  I.GDO: 00000000  I.TRAD: 00000000
PROGRESSIVO: 032391  LBX  C03  00003420  IMPEGNATO: 00000000  I.MASTER: 00000000  I.GDO: 00000000  I.TRAD: 00000000
PROGRESSIVO: 032391  LBX  C03  00003425  IMPEGNATO: 00000000  I.MASTER: 00000000  I.GDO: 00000000  I.TRAD: 00000000
PROGRESSIVO: 032391  LBX  C03  00003428  IMPEGNATO: 00000057  I.MASTER: 00000000  I.GDO: 00000057  I.TRAD: 00000000
PROGRESSIVO: 032391  LBX  C03  00003430  IMPEGNATO: 00000000  I.MASTER: 00000000  I.GDO: 00000000  I.TRAD: 00000000
PROGRESSIVO: 032391  LBX  C03  00003520  IMPEGNATO: 00000000  I.MASTER: 00000000  I.GDO: 00000000  I.TRAD: 00000000
PROGRESSIVO: 032391  ROS  C03  00003420  IMPEGNATO: 00000000  I.MASTER: 00000000  I.GDO: 00000000  I.TRAD: 00000000
PROGRESSIVO: 032391  ROT  C03  00003520  IMPEGNATO: 00000000  I.MASTER: 00000000  I.GDO: 00000000  I.TRAD: 00000000
PROGRESSIVO: 032391  SIN  C03  00003420  IMPEGNATO: 00000000  I.MASTER: 00000000  I.GDO: 00000000  I.TRAD: 00000000
PROGRESSIVO: 032391  SIN  C03  00003424  IMPEGNATO: 00000000  I.MASTER: 00000000  I.GDO: 00000000  I.TRAD: 00000000
PROGRESSIVO: 032391  SIN  C03  00003425  IMPEGNATO: 00000003  I.MASTER: 00000000  I.GDO: 00000000  I.TRAD: 00000000
PROGRESSIVO: 032391  SIN  C03  00003428  IMPEGNATO: 00000675  I.MASTER: 00000000  I.GDO: 00000000  I.TRAD: 00000000
PROGRESSIVO: 032391  SIN  C03  00003430  IMPEGNATO: 00000000  I.MASTER: 00000000  I.GDO: 00000000  I.TRAD: 00000000
PROGRESSIVO: 032391  SIN  C03  00003520  IMPEGNATO: 00000000  I.MASTER: 00000000  I.GDO: 00000000  I.TRAD: 00000000
 
PROGRESSIVO: 032391            00000000  IMPEGNATO: 00000735  I.MASTER: 00000000  I.GDO: 00000057  I.TRAD: 00000000
PROGRESSIVO: 032391  IGL  C03  00003425  IMPEGNATO: 00000000  I.MASTER: 00000000  I.GDO: 00000000  I.TRAD: 00000000
PROGRESSIVO: 032391  LBX  C03  00003420  IMPEGNATO: 00000000  I.MASTER: 00000000  I.GDO: 00000000  I.TRAD: 00000000
PROGRESSIVO: 032391  LBX  C03  00003425  IMPEGNATO: 00000000  I.MASTER: 00000000  I.GDO: 00000000  I.TRAD: 00000000
PROGRESSIVO: 032391  LBX  C03  00003428  IMPEGNATO: 00000057  I.MASTER: 00000000  I.GDO: 00000057  I.TRAD: 00000000
PROGRESSIVO: 032391  LBX  C03  00003430  IMPEGNATO: 00000000  I.MASTER: 00000000  I.GDO: 00000000  I.TRAD: 00000000
PROGRESSIVO: 032391  LBX  C03  00003520  IMPEGNATO: 00000000  I.MASTER: 00000000  I.GDO: 00000000  I.TRAD: 00000000
PROGRESSIVO: 032391  ROS  C03  00003420  IMPEGNATO: 00000000  I.MASTER: 00000000  I.GDO: 00000000  I.TRAD: 00000000
PROGRESSIVO: 032391  ROT  C03  00003520  IMPEGNATO: 00000000  I.MASTER: 00000000  I.GDO: 00000000  I.TRAD: 00000000
PROGRESSIVO: 032391  SIN  C03  00003420  IMPEGNATO: 00000000  I.MASTER: 00000000  I.GDO: 00000000  I.TRAD: 00000000
PROGRESSIVO: 032391  SIN  C03  00003424  IMPEGNATO: 00000000  I.MASTER: 00000000  I.GDO: 00000000  I.TRAD: 00000000
PROGRESSIVO: 032391  SIN  C03  00003425  IMPEGNATO: 00000003  I.MASTER: 00000000  I.GDO: 00000000  I.TRAD: 00000000
PROGRESSIVO: 032391  SIN  C03  00003428  IMPEGNATO: 00000675  I.MASTER: 00000000  I.GDO: 00000000  I.TRAD: 00000000
PROGRESSIVO: 032391  SIN  C03  00003430  IMPEGNATO: 00000000  I.MASTER: 00000000  I.GDO: 00000000  I.TRAD: 00000000
PROGRESSIVO: 032391  SIN  C03  00003520  IMPEGNATO: 00000000  I.MASTER: 00000000  I.GDO: 00000000  I.TRAD: 00000000
 
PROGRESSIVO: 032391            00000000  IMPEGNATO: 00000735  I.MASTER: 00000000  I.GDO: 00000057  I.TRAD: 00000000
PROGRESSIVO: 032391  IGL  C03  00003425  IMPEGNATO: 00000000  I.MASTER: 00000000  I.GDO: 00000000  I.TRAD: 00000000
PROGRESSIVO: 032391  LBX  C03  00003420  IMPEGNATO: 00000000  I.MASTER: 00000000  I.GDO: 00000000  I.TRAD: 00000000
PROGRESSIVO: 032391  LBX  C03  00003425  IMPEGNATO: 00000000  I.MASTER: 00000000  I.GDO: 00000000  I.TRAD: 00000000
PROGRESSIVO: 032391  LBX  C03  00003428  IMPEGNATO: 00000057  I.MASTER: 00000000  I.GDO: 00000057  I.TRAD: 00000000
PROGRESSIVO: 032391  LBX  C03  00003430  IMPEGNATO: 00000000  I.MASTER: 00000000  I.GDO: 00000000  I.TRAD: 00000000
PROGRESSIVO: 032391  LBX  C03  00003520  IMPEGNATO: 00000000  I.MASTER: 00000000  I.GDO: 00000000  I.TRAD: 00000000
PROGRESSIVO: 032391  ROS  C03  00003420  IMPEGNATO: 00000000  I.MASTER: 00000000  I.GDO: 00000000  I.TRAD: 00000000
PROGRESSIVO: 032391  ROT  C03  00003520  IMPEGNATO: 00000000  I.MASTER: 00000000  I.GDO: 00000000  I.TRAD: 00000000
PROGRESSIVO: 032391  SIN  C03  00003420  IMPEGNATO: 00000000  I.MASTER: 00000000  I.GDO: 00000000  I.TRAD: 00000000
PROGRESSIVO: 032391  SIN  C03  00003424  IMPEGNATO: 00000000  I.MASTER: 00000000  I.GDO: 00000000  I.TRAD: 00000000
PROGRESSIVO: 032391  SIN  C03  00003425  IMPEGNATO: 00000003  I.MASTER: 00000000  I.GDO: 00000000  I.TRAD: 00000000
PROGRESSIVO: 032391  SIN  C03  00003428  IMPEGNATO: 00000675  I.MASTER: 00000000  I.GDO: 00000000  I.TRAD: 00000000
PROGRESSIVO: 032391  SIN  C03  00003430  IMPEGNATO: 00000000  I.MASTER: 00000000  I.GDO: 00000000  I.TRAD: 00000000
PROGRESSIVO: 032391  SIN  C03  00003520  IMPEGNATO: 00000000  I.MASTER: 00000000  I.GDO: 00000000  I.TRAD: 00000000
 
PROGRESSIVO: 032391            00000000  IMPEGNATO: 00000735  I.MASTER: 00000000  I.GDO: 00000057  I.TRAD: 00000000
PROGRESSIVO: 032391  IGL  C03  00003425  IMPEGNATO: 00000000  I.MASTER: 00000000  I.GDO: 00000000  I.TRAD: 00000000
PROGRESSIVO: 032391  LBX  C03  00003420  IMPEGNATO: 00000000  I.MASTER: 00000000  I.GDO: 00000000  I.TRAD: 00000000
PROGRESSIVO: 032391  LBX  C03  00003425  IMPEGNATO: 00000000  I.MASTER: 00000000  I.GDO: 00000000  I.TRAD: 00000000
PROGRESSIVO: 032391  LBX  C03  00003428  IMPEGNATO: 00000057  I.MASTER: 00000000  I.GDO: 00000057  I.TRAD: 00000000
PROGRESSIVO: 032391  LBX  C03  00003430  IMPEGNATO: 00000000  I.MASTER: 00000000  I.GDO: 00000000  I.TRAD: 00000000
PROGRESSIVO: 032391  LBX  C03  00003520  IMPEGNATO: 00000000  I.MASTER: 00000000  I.GDO: 00000000  I.TRAD: 00000000
PROGRESSIVO: 032391  ROS  C03  00003420  IMPEGNATO: 00000000  I.MASTER: 00000000  I.GDO: 00000000  I.TRAD: 00000000
PROGRESSIVO: 032391  ROT  C03  00003520  IMPEGNATO: 00000000  I.MASTER: 00000000  I.GDO: 00000000  I.TRAD: 00000000
PROGRESSIVO: 032391  SIN  C03  00003420  IMPEGNATO: 00000000  I.MASTER: 00000000  I.GDO: 00000000  I.TRAD: 00000000
PROGRESSIVO: 032391  SIN  C03  00003424  IMPEGNATO: 00000000  I.MASTER: 00000000  I.GDO: 00000000  I.TRAD: 00000000
PROGRESSIVO: 032391  SIN  C03  00003425  IMPEGNATO: 00000003  I.MASTER: 00000000  I.GDO: 00000000  I.TRAD: 00000000
PROGRESSIVO: 032391  SIN  C03  00003428  IMPEGNATO: 00000675  I.MASTER: 00000000  I.GDO: 00000000  I.TRAD: 00000000
PROGRESSIVO: 032391  SIN  C03  00003430  IMPEGNATO: 00000000  I.MASTER: 00000000  I.GDO: 00000000  I.TRAD: 00000000
PROGRESSIVO: 032391  SIN  C03  00003520  IMPEGNATO: 00000000  I.MASTER: 00000000  I.GDO: 00000000  I.TRAD: 00000000
 
** SITUAZIONE POST AZZERAMENTO **
PROGRESSIVO: 032391            00000000  IMPEGNATO: 00000000  I.MASTER: 00000000  I.GDO: 00000000  I.TRAD: 00000000
PROGRESSIVO: 032391  IGL  C03  00003425  IMPEGNATO: 00000000  I.MASTER: 00000000  I.GDO: 00000000  I.TRAD: 00000000
PROGRESSIVO: 032391  LBX  C03  00003420  IMPEGNATO: 00000000  I.MASTER: 00000000  I.GDO: 00000000  I.TRAD: 00000000
PROGRESSIVO: 032391  LBX  C03  00003425  IMPEGNATO: 00000000  I.MASTER: 00000000  I.GDO: 00000000  I.TRAD: 00000000
PROGRESSIVO: 032391  LBX  C03  00003428  IMPEGNATO: 00000000  I.MASTER: 00000000  I.GDO: 00000000  I.TRAD: 00000000
PROGRESSIVO: 032391  LBX  C03  00003430  IMPEGNATO: 00000000  I.MASTER: 00000000  I.GDO: 00000000  I.TRAD: 00000000
PROGRESSIVO: 032391  LBX  C03  00003520  IMPEGNATO: 00000000  I.MASTER: 00000000  I.GDO: 00000000  I.TRAD: 00000000
PROGRESSIVO: 032391  ROS  C03  00003420  IMPEGNATO: 00000000  I.MASTER: 00000000  I.GDO: 00000000  I.TRAD: 00000000
PROGRESSIVO: 032391  ROT  C03  00003520  IMPEGNATO: 00000000  I.MASTER: 00000000  I.GDO: 00000000  I.TRAD: 00000000
PROGRESSIVO: 032391  SIN  C03  00003420  IMPEGNATO: 00000000  I.MASTER: 00000000  I.GDO: 00000000  I.TRAD: 00000000
PROGRESSIVO: 032391  SIN  C03  00003424  IMPEGNATO: 00000000  I.MASTER: 00000000  I.GDO: 00000000  I.TRAD: 00000000
PROGRESSIVO: 032391  SIN  C03  00003425  IMPEGNATO: 00000000  I.MASTER: 00000000  I.GDO: 00000000  I.TRAD: 00000000
PROGRESSIVO: 032391  SIN  C03  00003428  IMPEGNATO: 00000000  I.MASTER: 00000000  I.GDO: 00000000  I.TRAD: 00000000
PROGRESSIVO: 032391  SIN  C03  00003430  IMPEGNATO: 00000000  I.MASTER: 00000000  I.GDO: 00000000  I.TRAD: 00000000
PROGRESSIVO: 032391  SIN  C03  00003520  IMPEGNATO: 00000000  I.MASTER: 00000000  I.GDO: 00000000  I.TRAD: 00000000
 
PROGRESSIVO: 032391            00000000  IMPEGNATO: 00000000  I.MASTER: 00000000  I.GDO: 00000000  I.TRAD: 00000000
PROGRESSIVO: 032391  IGL  C03  00003425  IMPEGNATO: 00000000  I.MASTER: 00000000  I.GDO: 00000000  I.TRAD: 00000000
PROGRESSIVO: 032391  LBX  C03  00003420  IMPEGNATO: 00000000  I.MASTER: 00000000  I.GDO: 00000000  I.TRAD: 00000000
PROGRESSIVO: 032391  LBX  C03  00003425  IMPEGNATO: 00000000  I.MASTER: 00000000  I.GDO: 00000000  I.TRAD: 00000000
PROGRESSIVO: 032391  LBX  C03  00003428  IMPEGNATO: 00000000  I.MASTER: 00000000  I.GDO: 00000000  I.TRAD: 00000000
PROGRESSIVO: 032391  LBX  C03  00003430  IMPEGNATO: 00000000  I.MASTER: 00000000  I.GDO: 00000000  I.TRAD: 00000000
PROGRESSIVO: 032391  LBX  C03  00003520  IMPEGNATO: 00000000  I.MASTER: 00000000  I.GDO: 00000000  I.TRAD: 00000000
PROGRESSIVO: 032391  ROS  C03  00003420  IMPEGNATO: 00000000  I.MASTER: 00000000  I.GDO: 00000000  I.TRAD: 00000000
PROGRESSIVO: 032391  ROT  C03  00003520  IMPEGNATO: 00000000  I.MASTER: 00000000  I.GDO: 00000000  I.TRAD: 00000000
PROGRESSIVO: 032391  SIN  C03  00003420  IMPEGNATO: 00000000  I.MASTER: 00000000  I.GDO: 00000000  I.TRAD: 00000000
PROGRESSIVO: 032391  SIN  C03  00003424  IMPEGNATO: 00000000  I.MASTER: 00000000  I.GDO: 00000000  I.TRAD: 00000000
PROGRESSIVO: 032391  SIN  C03  00003425  IMPEGNATO: 00000000  I.MASTER: 00000000  I.GDO: 00000000  I.TRAD: 00000000
PROGRESSIVO: 032391  SIN  C03  00003428  IMPEGNATO: 00000000  I.MASTER: 00000000  I.GDO: 00000000  I.TRAD: 00000000
PROGRESSIVO: 032391  SIN  C03  00003430  IMPEGNATO: 00000000  I.MASTER: 00000000  I.GDO: 00000000  I.TRAD: 00000000
PROGRESSIVO: 032391  SIN  C03  00003520  IMPEGNATO: 00000000  I.MASTER: 00000000  I.GDO: 00000000  I.TRAD: 00000000
 
PROGRESSIVO: 032391            00000000  IMPEGNATO: 00000000  I.MASTER: 00000000  I.GDO: 00000000  I.TRAD: 00000000
PROGRESSIVO: 032391  IGL  C03  00003425  IMPEGNATO: 00000000  I.MASTER: 00000000  I.GDO: 00000000  I.TRAD: 00000000
PROGRESSIVO: 032391  LBX  C03  00003420  IMPEGNATO: 00000000  I.MASTER: 00000000  I.GDO: 00000000  I.TRAD: 00000000
PROGRESSIVO: 032391  LBX  C03  00003425  IMPEGNATO: 00000000  I.MASTER: 00000000  I.GDO: 00000000  I.TRAD: 00000000
PROGRESSIVO: 032391  LBX  C03  00003428  IMPEGNATO: 00000000  I.MASTER: 00000000  I.GDO: 00000000  I.TRAD: 00000000
PROGRESSIVO: 032391  LBX  C03  00003430  IMPEGNATO: 00000000  I.MASTER: 00000000  I.GDO: 00000000  I.TRAD: 00000000
PROGRESSIVO: 032391  LBX  C03  00003520  IMPEGNATO: 00000000  I.MASTER: 00000000  I.GDO: 00000000  I.TRAD: 00000000
PROGRESSIVO: 032391  ROS  C03  00003420  IMPEGNATO: 00000000  I.MASTER: 00000000  I.GDO: 00000000  I.TRAD: 00000000
PROGRESSIVO: 032391  ROT  C03  00003520  IMPEGNATO: 00000000  I.MASTER: 00000000  I.GDO: 00000000  I.TRAD: 00000000
PROGRESSIVO: 032391  SIN  C03  00003420  IMPEGNATO: 00000000  I.MASTER: 00000000  I.GDO: 00000000  I.TRAD: 00000000
PROGRESSIVO: 032391  SIN  C03  00003424  IMPEGNATO: 00000000  I.MASTER: 00000000  I.GDO: 00000000  I.TRAD: 00000000
PROGRESSIVO: 032391  SIN  C03  00003425  IMPEGNATO: 00000000  I.MASTER: 00000000  I.GDO: 00000000  I.TRAD: 00000000
PROGRESSIVO: 032391  SIN  C03  00003428  IMPEGNATO: 00000000  I.MASTER: 00000000  I.GDO: 00000000  I.TRAD: 00000000
PROGRESSIVO: 032391  SIN  C03  00003430  IMPEGNATO: 00000000  I.MASTER: 00000000  I.GDO: 00000000  I.TRAD: 00000000
PROGRESSIVO: 032391  SIN  C03  00003520  IMPEGNATO: 00000000  I.MASTER: 00000000  I.GDO: 00000000  I.TRAD: 00000000
 
PROGRESSIVO: 032391            00000000  IMPEGNATO: 00000000  I.MASTER: 00000000  I.GDO: 00000000  I.TRAD: 00000000
PROGRESSIVO: 032391  IGL  C03  00003425  IMPEGNATO: 00000000  I.MASTER: 00000000  I.GDO: 00000000  I.TRAD: 00000000
PROGRESSIVO: 032391  LBX  C03  00003420  IMPEGNATO: 00000000  I.MASTER: 00000000  I.GDO: 00000000  I.TRAD: 00000000
PROGRESSIVO: 032391  LBX  C03  00003425  IMPEGNATO: 00000000  I.MASTER: 00000000  I.GDO: 00000000  I.TRAD: 00000000
PROGRESSIVO: 032391  LBX  C03  00003428  IMPEGNATO: 00000000  I.MASTER: 00000000  I.GDO: 00000000  I.TRAD: 00000000
PROGRESSIVO: 032391  LBX  C03  00003430  IMPEGNATO: 00000000  I.MASTER: 00000000  I.GDO: 00000000  I.TRAD: 00000000
PROGRESSIVO: 032391  LBX  C03  00003520  IMPEGNATO: 00000000  I.MASTER: 00000000  I.GDO: 00000000  I.TRAD: 00000000
PROGRESSIVO: 032391  ROS  C03  00003420  IMPEGNATO: 00000000  I.MASTER: 00000000  I.GDO: 00000000  I.TRAD: 00000000
PROGRESSIVO: 032391  ROT  C03  00003520  IMPEGNATO: 00000000  I.MASTER: 00000000  I.GDO: 00000000  I.TRAD: 00000000
PROGRESSIVO: 032391  SIN  C03  00003420  IMPEGNATO: 00000000  I.MASTER: 00000000  I.GDO: 00000000  I.TRAD: 00000000
PROGRESSIVO: 032391  SIN  C03  00003424  IMPEGNATO: 00000000  I.MASTER: 00000000  I.GDO: 00000000  I.TRAD: 00000000
PROGRESSIVO: 032391  SIN  C03  00003425  IMPEGNATO: 00000000  I.MASTER: 00000000  I.GDO: 00000000  I.TRAD: 00000000
PROGRESSIVO: 032391  SIN  C03  00003428  IMPEGNATO: 00000000  I.MASTER: 00000000  I.GDO: 00000000  I.TRAD: 00000000
PROGRESSIVO: 032391  SIN  C03  00003430  IMPEGNATO: 00000000  I.MASTER: 00000000  I.GDO: 00000000  I.TRAD: 00000000
PROGRESSIVO: 032391  SIN  C03  00003520  IMPEGNATO: 00000000  I.MASTER: 00000000  I.GDO: 00000000  I.TRAD: 00000000
 
** SITUAZIONE POST ORDINI MASTER **
PROGRESSIVO: 032391            00000000  IMPEGNATO: 00000057  I.MASTER: 00000000  I.GDO: 00000057  I.TRAD: 00000000
PROGRESSIVO: 032391  IGL  C03  00003425  IMPEGNATO: 00000000  I.MASTER: 00000000  I.GDO: 00000000  I.TRAD: 00000000
PROGRESSIVO: 032391  LBX  C03  00003420  IMPEGNATO: 00000000  I.MASTER: 00000000  I.GDO: 00000000  I.TRAD: 00000000
PROGRESSIVO: 032391  LBX  C03  00003425  IMPEGNATO: 00000000  I.MASTER: 00000000  I.GDO: 00000000  I.TRAD: 00000000
PROGRESSIVO: 032391  LBX  C03  00003428  IMPEGNATO: 00000057  I.MASTER: 00000000  I.GDO: 00000057  I.TRAD: 00000000
PROGRESSIVO: 032391  LBX  C03  00003430  IMPEGNATO: 00000000  I.MASTER: 00000000  I.GDO: 00000000  I.TRAD: 00000000
PROGRESSIVO: 032391  LBX  C03  00003520  IMPEGNATO: 00000000  I.MASTER: 00000000  I.GDO: 00000000  I.TRAD: 00000000
PROGRESSIVO: 032391  ROS  C03  00003420  IMPEGNATO: 00000000  I.MASTER: 00000000  I.GDO: 00000000  I.TRAD: 00000000
PROGRESSIVO: 032391  ROT  C03  00003520  IMPEGNATO: 00000000  I.MASTER: 00000000  I.GDO: 00000000  I.TRAD: 00000000
PROGRESSIVO: 032391  SIN  C03  00003420  IMPEGNATO: 00000000  I.MASTER: 00000000  I.GDO: 00000000  I.TRAD: 00000000
PROGRESSIVO: 032391  SIN  C03  00003424  IMPEGNATO: 00000000  I.MASTER: 00000000  I.GDO: 00000000  I.TRAD: 00000000
PROGRESSIVO: 032391  SIN  C03  00003425  IMPEGNATO: 00000000  I.MASTER: 00000000  I.GDO: 00000000  I.TRAD: 00000000
PROGRESSIVO: 032391  SIN  C03  00003428  IMPEGNATO: 00000000  I.MASTER: 00000000  I.GDO: 00000000  I.TRAD: 00000000
PROGRESSIVO: 032391  SIN  C03  00003430  IMPEGNATO: 00000000  I.MASTER: 00000000  I.GDO: 00000000  I.TRAD: 00000000
PROGRESSIVO: 032391  SIN  C03  00003520  IMPEGNATO: 00000000  I.MASTER: 00000000  I.GDO: 00000000  I.TRAD: 00000000
 
PROGRESSIVO: 032391            00000000  IMPEGNATO: 00000057  I.MASTER: 00000000  I.GDO: 00000057  I.TRAD: 00000000
PROGRESSIVO: 032391  IGL  C03  00003425  IMPEGNATO: 00000000  I.MASTER: 00000000  I.GDO: 00000000  I.TRAD: 00000000
PROGRESSIVO: 032391  LBX  C03  00003420  IMPEGNATO: 00000000  I.MASTER: 00000000  I.GDO: 00000000  I.TRAD: 00000000
PROGRESSIVO: 032391  LBX  C03  00003425  IMPEGNATO: 00000000  I.MASTER: 00000000  I.GDO: 00000000  I.TRAD: 00000000
PROGRESSIVO: 032391  LBX  C03  00003428  IMPEGNATO: 00000057  I.MASTER: 00000000  I.GDO: 00000057  I.TRAD: 00000000
PROGRESSIVO: 032391  LBX  C03  00003430  IMPEGNATO: 00000000  I.MASTER: 00000000  I.GDO: 00000000  I.TRAD: 00000000
PROGRESSIVO: 032391  LBX  C03  00003520  IMPEGNATO: 00000000  I.MASTER: 00000000  I.GDO: 00000000  I.TRAD: 00000000
PROGRESSIVO: 032391  ROS  C03  00003420  IMPEGNATO: 00000000  I.MASTER: 00000000  I.GDO: 00000000  I.TRAD: 00000000
PROGRESSIVO: 032391  ROT  C03  00003520  IMPEGNATO: 00000000  I.MASTER: 00000000  I.GDO: 00000000  I.TRAD: 00000000
PROGRESSIVO: 032391  SIN  C03  00003420  IMPEGNATO: 00000000  I.MASTER: 00000000  I.GDO: 00000000  I.TRAD: 00000000
PROGRESSIVO: 032391  SIN  C03  00003424  IMPEGNATO: 00000000  I.MASTER: 00000000  I.GDO: 00000000  I.TRAD: 00000000
PROGRESSIVO: 032391  SIN  C03  00003425  IMPEGNATO: 00000000  I.MASTER: 00000000  I.GDO: 00000000  I.TRAD: 00000000
PROGRESSIVO: 032391  SIN  C03  00003428  IMPEGNATO: 00000000  I.MASTER: 00000000  I.GDO: 00000000  I.TRAD: 00000000
PROGRESSIVO: 032391  SIN  C03  00003430  IMPEGNATO: 00000000  I.MASTER: 00000000  I.GDO: 00000000  I.TRAD: 00000000
PROGRESSIVO: 032391  SIN  C03  00003520  IMPEGNATO: 00000000  I.MASTER: 00000000  I.GDO: 00000000  I.TRAD: 00000000
 
PROGRESSIVO: 032391            00000000  IMPEGNATO: 00000057  I.MASTER: 00000000  I.GDO: 00000057  I.TRAD: 00000000
PROGRESSIVO: 032391  IGL  C03  00003425  IMPEGNATO: 00000000  I.MASTER: 00000000  I.GDO: 00000000  I.TRAD: 00000000
PROGRESSIVO: 032391  LBX  C03  00003420  IMPEGNATO: 00000000  I.MASTER: 00000000  I.GDO: 00000000  I.TRAD: 00000000
PROGRESSIVO: 032391  LBX  C03  00003425  IMPEGNATO: 00000000  I.MASTER: 00000000  I.GDO: 00000000  I.TRAD: 00000000
PROGRESSIVO: 032391  LBX  C03  00003428  IMPEGNATO: 00000057  I.MASTER: 00000000  I.GDO: 00000057  I.TRAD: 00000000
PROGRESSIVO: 032391  LBX  C03  00003430  IMPEGNATO: 00000000  I.MASTER: 00000000  I.GDO: 00000000  I.TRAD: 00000000
PROGRESSIVO: 032391  LBX  C03  00003520  IMPEGNATO: 00000000  I.MASTER: 00000000  I.GDO: 00000000  I.TRAD: 00000000
PROGRESSIVO: 032391  ROS  C03  00003420  IMPEGNATO: 00000000  I.MASTER: 00000000  I.GDO: 00000000  I.TRAD: 00000000
PROGRESSIVO: 032391  ROT  C03  00003520  IMPEGNATO: 00000000  I.MASTER: 00000000  I.GDO: 00000000  I.TRAD: 00000000
PROGRESSIVO: 032391  SIN  C03  00003420  IMPEGNATO: 00000000  I.MASTER: 00000000  I.GDO: 00000000  I.TRAD: 00000000
PROGRESSIVO: 032391  SIN  C03  00003424  IMPEGNATO: 00000000  I.MASTER: 00000000  I.GDO: 00000000  I.TRAD: 00000000
PROGRESSIVO: 032391  SIN  C03  00003425  IMPEGNATO: 00000000  I.MASTER: 00000000  I.GDO: 00000000  I.TRAD: 00000000
PROGRESSIVO: 032391  SIN  C03  00003428  IMPEGNATO: 00000000  I.MASTER: 00000000  I.GDO: 00000000  I.TRAD: 00000000
PROGRESSIVO: 032391  SIN  C03  00003430  IMPEGNATO: 00000000  I.MASTER: 00000000  I.GDO: 00000000  I.TRAD: 00000000
PROGRESSIVO: 032391  SIN  C03  00003520  IMPEGNATO: 00000000  I.MASTER: 00000000  I.GDO: 00000000  I.TRAD: 00000000
 
PROGRESSIVO: 032391            00000000  IMPEGNATO: 00000057  I.MASTER: 00000000  I.GDO: 00000057  I.TRAD: 00000000
PROGRESSIVO: 032391  IGL  C03  00003425  IMPEGNATO: 00000000  I.MASTER: 00000000  I.GDO: 00000000  I.TRAD: 00000000
PROGRESSIVO: 032391  LBX  C03  00003420  IMPEGNATO: 00000000  I.MASTER: 00000000  I.GDO: 00000000  I.TRAD: 00000000
PROGRESSIVO: 032391  LBX  C03  00003425  IMPEGNATO: 00000000  I.MASTER: 00000000  I.GDO: 00000000  I.TRAD: 00000000
PROGRESSIVO: 032391  LBX  C03  00003428  IMPEGNATO: 00000057  I.MASTER: 00000000  I.GDO: 00000057  I.TRAD: 00000000
PROGRESSIVO: 032391  LBX  C03  00003430  IMPEGNATO: 00000000  I.MASTER: 00000000  I.GDO: 00000000  I.TRAD: 00000000
PROGRESSIVO: 032391  LBX  C03  00003520  IMPEGNATO: 00000000  I.MASTER: 00000000  I.GDO: 00000000  I.TRAD: 00000000
PROGRESSIVO: 032391  ROS  C03  00003420  IMPEGNATO: 00000000  I.MASTER: 00000000  I.GDO: 00000000  I.TRAD: 00000000
PROGRESSIVO: 032391  ROT  C03  00003520  IMPEGNATO: 00000000  I.MASTER: 00000000  I.GDO: 00000000  I.TRAD: 00000000
PROGRESSIVO: 032391  SIN  C03  00003420  IMPEGNATO: 00000000  I.MASTER: 00000000  I.GDO: 00000000  I.TRAD: 00000000
PROGRESSIVO: 032391  SIN  C03  00003424  IMPEGNATO: 00000000  I.MASTER: 00000000  I.GDO: 00000000  I.TRAD: 00000000
PROGRESSIVO: 032391  SIN  C03  00003425  IMPEGNATO: 00000000  I.MASTER: 00000000  I.GDO: 00000000  I.TRAD: 00000000
PROGRESSIVO: 032391  SIN  C03  00003428  IMPEGNATO: 00000000  I.MASTER: 00000000  I.GDO: 00000000  I.TRAD: 00000000
PROGRESSIVO: 032391  SIN  C03  00003430  IMPEGNATO: 00000000  I.MASTER: 00000000  I.GDO: 00000000  I.TRAD: 00000000
PROGRESSIVO: 032391  SIN  C03  00003520  IMPEGNATO: 00000000  I.MASTER: 00000000  I.GDO: 00000000  I.TRAD: 00000000
 
** SITUAZIONE DOPO (INEVASI E BOLLA NON EMESSA)**
PROGRESSIVO: 032391            00000000  IMPEGNATO: 00000735  I.MASTER: 00000000  I.GDO: 00000057  I.TRAD: 00000000
PROGRESSIVO: 032391  IGL  C03  00003425  IMPEGNATO: 00000000  I.MASTER: 00000000  I.GDO: 00000000  I.TRAD: 00000000
PROGRESSIVO: 032391  LBX  C03  00003420  IMPEGNATO: 00000000  I.MASTER: 00000000  I.GDO: 00000000  I.TRAD: 00000000
PROGRESSIVO: 032391  LBX  C03  00003425  IMPEGNATO: 00000000  I.MASTER: 00000000  I.GDO: 00000000  I.TRAD: 00000000
PROGRESSIVO: 032391  LBX  C03  00003428  IMPEGNATO: 00000057  I.MASTER: 00000000  I.GDO: 00000057  I.TRAD: 00000000
PROGRESSIVO: 032391  LBX  C03  00003430  IMPEGNATO: 00000000  I.MASTER: 00000000  I.GDO: 00000000  I.TRAD: 00000000
PROGRESSIVO: 032391  LBX  C03  00003520  IMPEGNATO: 00000000  I.MASTER: 00000000  I.GDO: 00000000  I.TRAD: 00000000
PROGRESSIVO: 032391  ROS  C03  00003420  IMPEGNATO: 00000000  I.MASTER: 00000000  I.GDO: 00000000  I.TRAD: 00000000
PROGRESSIVO: 032391  ROT  C03  00003520  IMPEGNATO: 00000000  I.MASTER: 00000000  I.GDO: 00000000  I.TRAD: 00000000
PROGRESSIVO: 032391  SIN  C03  00003420  IMPEGNATO: 00000000  I.MASTER: 00000000  I.GDO: 00000000  I.TRAD: 00000000
PROGRESSIVO: 032391  SIN  C03  00003424  IMPEGNATO: 00000000  I.MASTER: 00000000  I.GDO: 00000000  I.TRAD: 00000000
PROGRESSIVO: 032391  SIN  C03  00003425  IMPEGNATO: 00000003  I.MASTER: 00000000  I.GDO: 00000000  I.TRAD: 00000000
PROGRESSIVO: 032391  SIN  C03  00003428  IMPEGNATO: 00000675  I.MASTER: 00000000  I.GDO: 00000000  I.TRAD: 00000000
PROGRESSIVO: 032391  SIN  C03  00003430  IMPEGNATO: 00000000  I.MASTER: 00000000  I.GDO: 00000000  I.TRAD: 00000000
PROGRESSIVO: 032391  SIN  C03  00003520  IMPEGNATO: 00000000  I.MASTER: 00000000  I.GDO: 00000000  I.TRAD: 00000000
 
PROGRESSIVO: 032391            00000000  IMPEGNATO: 00000735  I.MASTER: 00000000  I.GDO: 00000057  I.TRAD: 00000000
PROGRESSIVO: 032391  IGL  C03  00003425  IMPEGNATO: 00000000  I.MASTER: 00000000  I.GDO: 00000000  I.TRAD: 00000000
PROGRESSIVO: 032391  LBX  C03  00003420  IMPEGNATO: 00000000  I.MASTER: 00000000  I.GDO: 00000000  I.TRAD: 00000000
PROGRESSIVO: 032391  LBX  C03  00003425  IMPEGNATO: 00000000  I.MASTER: 00000000  I.GDO: 00000000  I.TRAD: 00000000
PROGRESSIVO: 032391  LBX  C03  00003428  IMPEGNATO: 00000057  I.MASTER: 00000000  I.GDO: 00000057  I.TRAD: 00000000
PROGRESSIVO: 032391  LBX  C03  00003430  IMPEGNATO: 00000000  I.MASTER: 00000000  I.GDO: 00000000  I.TRAD: 00000000
PROGRESSIVO: 032391  LBX  C03  00003520  IMPEGNATO: 00000000  I.MASTER: 00000000  I.GDO: 00000000  I.TRAD: 00000000
PROGRESSIVO: 032391  ROS  C03  00003420  IMPEGNATO: 00000000  I.MASTER: 00000000  I.GDO: 00000000  I.TRAD: 00000000
PROGRESSIVO: 032391  ROT  C03  00003520  IMPEGNATO: 00000000  I.MASTER: 00000000  I.GDO: 00000000  I.TRAD: 00000000
PROGRESSIVO: 032391  SIN  C03  00003420  IMPEGNATO: 00000000  I.MASTER: 00000000  I.GDO: 00000000  I.TRAD: 00000000
PROGRESSIVO: 032391  SIN  C03  00003424  IMPEGNATO: 00000000  I.MASTER: 00000000  I.GDO: 00000000  I.TRAD: 00000000
PROGRESSIVO: 032391  SIN  C03  00003425  IMPEGNATO: 00000003  I.MASTER: 00000000  I.GDO: 00000000  I.TRAD: 00000000
PROGRESSIVO: 032391  SIN  C03  00003428  IMPEGNATO: 00000675  I.MASTER: 00000000  I.GDO: 00000000  I.TRAD: 00000000
PROGRESSIVO: 032391  SIN  C03  00003430  IMPEGNATO: 00000000  I.MASTER: 00000000  I.GDO: 00000000  I.TRAD: 00000000
PROGRESSIVO: 032391  SIN  C03  00003520  IMPEGNATO: 00000000  I.MASTER: 00000000  I.GDO: 00000000  I.TRAD: 00000000
 
PROGRESSIVO: 032391            00000000  IMPEGNATO: 00000735  I.MASTER: 00000000  I.GDO: 00000057  I.TRAD: 00000000
PROGRESSIVO: 032391  IGL  C03  00003425  IMPEGNATO: 00000000  I.MASTER: 00000000  I.GDO: 00000000  I.TRAD: 00000000
PROGRESSIVO: 032391  LBX  C03  00003420  IMPEGNATO: 00000000  I.MASTER: 00000000  I.GDO: 00000000  I.TRAD: 00000000
PROGRESSIVO: 032391  LBX  C03  00003425  IMPEGNATO: 00000000  I.MASTER: 00000000  I.GDO: 00000000  I.TRAD: 00000000
PROGRESSIVO: 032391  LBX  C03  00003428  IMPEGNATO: 00000057  I.MASTER: 00000000  I.GDO: 00000057  I.TRAD: 00000000
PROGRESSIVO: 032391  LBX  C03  00003430  IMPEGNATO: 00000000  I.MASTER: 00000000  I.GDO: 00000000  I.TRAD: 00000000
PROGRESSIVO: 032391  LBX  C03  00003520  IMPEGNATO: 00000000  I.MASTER: 00000000  I.GDO: 00000000  I.TRAD: 00000000
PROGRESSIVO: 032391  ROS  C03  00003420  IMPEGNATO: 00000000  I.MASTER: 00000000  I.GDO: 00000000  I.TRAD: 00000000
PROGRESSIVO: 032391  ROT  C03  00003520  IMPEGNATO: 00000000  I.MASTER: 00000000  I.GDO: 00000000  I.TRAD: 00000000
PROGRESSIVO: 032391  SIN  C03  00003420  IMPEGNATO: 00000000  I.MASTER: 00000000  I.GDO: 00000000  I.TRAD: 00000000
PROGRESSIVO: 032391  SIN  C03  00003424  IMPEGNATO: 00000000  I.MASTER: 00000000  I.GDO: 00000000  I.TRAD: 00000000
PROGRESSIVO: 032391  SIN  C03  00003425  IMPEGNATO: 00000003  I.MASTER: 00000000  I.GDO: 00000000  I.TRAD: 00000000
PROGRESSIVO: 032391  SIN  C03  00003428  IMPEGNATO: 00000675  I.MASTER: 00000000  I.GDO: 00000000  I.TRAD: 00000000
PROGRESSIVO: 032391  SIN  C03  00003430  IMPEGNATO: 00000000  I.MASTER: 00000000  I.GDO: 00000000  I.TRAD: 00000000
PROGRESSIVO: 032391  SIN  C03  00003520  IMPEGNATO: 00000000  I.MASTER: 00000000  I.GDO: 00000000  I.TRAD: 00000000
 
PROGRESSIVO: 032391            00000000  IMPEGNATO: 00000735  I.MASTER: 00000000  I.GDO: 00000057  I.TRAD: 00000000
PROGRESSIVO: 032391  IGL  C03  00003425  IMPEGNATO: 00000000  I.MASTER: 00000000  I.GDO: 00000000  I.TRAD: 00000000
PROGRESSIVO: 032391  LBX  C03  00003420  IMPEGNATO: 00000000  I.MASTER: 00000000  I.GDO: 00000000  I.TRAD: 00000000
PROGRESSIVO: 032391  LBX  C03  00003425  IMPEGNATO: 00000000  I.MASTER: 00000000  I.GDO: 00000000  I.TRAD: 00000000
PROGRESSIVO: 032391  LBX  C03  00003428  IMPEGNATO: 00000057  I.MASTER: 00000000  I.GDO: 00000057  I.TRAD: 00000000
PROGRESSIVO: 032391  LBX  C03  00003430  IMPEGNATO: 00000000  I.MASTER: 00000000  I.GDO: 00000000  I.TRAD: 00000000
PROGRESSIVO: 032391  LBX  C03  00003520  IMPEGNATO: 00000000  I.MASTER: 00000000  I.GDO: 00000000  I.TRAD: 00000000
PROGRESSIVO: 032391  ROS  C03  00003420  IMPEGNATO: 00000000  I.MASTER: 00000000  I.GDO: 00000000  I.TRAD: 00000000
PROGRESSIVO: 032391  ROT  C03  00003520  IMPEGNATO: 00000000  I.MASTER: 00000000  I.GDO: 00000000  I.TRAD: 00000000
PROGRESSIVO: 032391  SIN  C03  00003420  IMPEGNATO: 00000000  I.MASTER: 00000000  I.GDO: 00000000  I.TRAD: 00000000
PROGRESSIVO: 032391  SIN  C03  00003424  IMPEGNATO: 00000000  I.MASTER: 00000000  I.GDO: 00000000  I.TRAD: 00000000
PROGRESSIVO: 032391  SIN  C03  00003425  IMPEGNATO: 00000003  I.MASTER: 00000000  I.GDO: 00000000  I.TRAD: 00000000
PROGRESSIVO: 032391  SIN  C03  00003428  IMPEGNATO: 00000675  I.MASTER: 00000000  I.GDO: 00000000  I.TRAD: 00000000
PROGRESSIVO: 032391  SIN  C03  00003430  IMPEGNATO: 00000000  I.MASTER: 00000000  I.GDO: 00000000  I.TRAD: 00000000
PROGRESSIVO: 032391  SIN  C03  00003520  IMPEGNATO: 00000000  I.MASTER: 00000000  I.GDO: 00000000  I.TRAD: 00000000
 
