** SITUAZIONE PRIMA **
PROGRESSIVO: 032389            00000000  IMPEGNATO: 00000138  I.MASTER: 00000000  I.GDO: 00000093  I.TRAD: 00000000
PROGRESSIVO: 032389  LBX  C03  00003480  IMPEGNATO: 00000093  I.MASTER: 00000000  I.GDO: 00000093  I.TRAD: 00000000
PROGRESSIVO: 032389  LBX  C03  00003520  IMPEGNATO: 00000000  I.MASTER: 00000000  I.GDO: 00000000  I.TRAD: 00000000
PROGRESSIVO: 032389  SIN  C03  00003480  IMPEGNATO: 00000015  I.MASTER: 00000000  I.GDO: 00000000  I.TRAD: 00000000
PROGRESSIVO: 032389  SIN  C03  00003502  IMPEGNATO: 00000000  I.MASTER: 00000000  I.GDO: 00000000  I.TRAD: 00000000
PROGRESSIVO: 032389  SIN  C03  00003503  IMPEGNATO: 00000000  I.MASTER: 00000000  I.GDO: 00000000  I.TRAD: 00000000
PROGRESSIVO: 032389  SIN  C03  00003520  IMPEGNATO: 00000030  I.MASTER: 00000000  I.GDO: 00000000  I.TRAD: 00000000
 
PROGRESSIVO: 031248            00000000  IMPEGNATO: 00000065  I.MASTER: 00000000  I.GDO: 00000062  I.TRAD: 00000000
PROGRESSIVO: 031248  LBX  VIS  00010800  IMPEGNATO: 00000062  I.MASTER: 00000000  I.GDO: 00000062  I.TRAD: 00000000
PROGRESSIVO: 031248  ROT  VIS  00010800  IMPEGNATO: 00000000  I.MASTER: 00000000  I.GDO: 00000000  I.TRAD: 00000000
PROGRESSIVO: 031248  SIN  VIS  00009650  IMPEGNATO: 00000000  I.MASTER: 00000000  I.GDO: 00000000  I.TRAD: 00000000
PROGRESSIVO: 031248  SIN  VIS  00010270  IMPEGNATO: 00000000  I.MASTER: 00000000  I.GDO: 00000000  I.TRAD: 00000000
PROGRESSIVO: 031248  SIN  VIS  00010275  IMPEGNATO: 00000000  I.MASTER: 00000000  I.GDO: 00000000  I.TRAD: 00000000
PROGRESSIVO: 031248  SIN  VIS  00010800  IMPEGNATO: 00000003  I.MASTER: 00000000  I.GDO: 00000000  I.TRAD: 00000000
PROGRESSIVO: 031248  SIN  VIS  00014400  IMPEGNATO: 00000000  I.MASTER: 00000000  I.GDO: 00000000  I.TRAD: 00000000
 
PROGRESSIVO: 036292            00000000  IMPEGNATO: 00000020  I.MASTER: 00000000  I.GDO: 00000000  I.TRAD: 00000000
PROGRESSIVO: 036292  LBX  C05  00000200  IMPEGNATO: 00000000  I.MASTER: 00000000  I.GDO: 00000000  I.TRAD: 00000000
PROGRESSIVO: 036292  LBX  VIS  00000200  IMPEGNATO: 00000000  I.MASTER: 00000000  I.GDO: 00000000  I.TRAD: 00000000
PROGRESSIVO: 036292  SIN  C05  00000200  IMPEGNATO: 00000000  I.MASTER: 00000000  I.GDO: 00000000  I.TRAD: 00000000
PROGRESSIVO: 036292  SIN  VIS  00000200  IMPEGNATO: 00000020  I.MASTER: 00000000  I.GDO: 00000000  I.TRAD: 00000000
 
PROGRESSIVO: 029513            00000000  IMPEGNATO: 00000024  I.MASTER: 00000000  I.GDO: 00000000  I.TRAD: 00000000
PROGRESSIVO: 029513  LBX  C04  00005000  IMPEGNATO: 00000000  I.MASTER: 00000000  I.GDO: 00000000  I.TRAD: 00000000
PROGRESSIVO: 029513  ROS  C04  00005000  IMPEGNATO: 00000000  I.MASTER: 00000000  I.GDO: 00000000  I.TRAD: 00000000
PROGRESSIVO: 029513  ROT  C04  00005000  IMPEGNATO: 00000000  I.MASTER: 00000000  I.GDO: 00000000  I.TRAD: 00000000
PROGRESSIVO: 029513  SIN  C04  00005000  IMPEGNATO: 00000024  I.MASTER: 00000000  I.GDO: 00000000  I.TRAD: 00000000
 
PROGRESSIVO: 032390            00000000  IMPEGNATO: 00000444  I.MASTER: 00000000  I.GDO: 00000204  I.TRAD: 00000000
PROGRESSIVO: 032390  LBX  C12  00000857  IMPEGNATO: 00000204  I.MASTER: 00000000  I.GDO: 00000204  I.TRAD: 00000000
PROGRESSIVO: 032390  LBX  C12  00000858  IMPEGNATO: 00000000  I.MASTER: 00000000  I.GDO: 00000000  I.TRAD: 00000000
PROGRESSIVO: 032390  LBX  C12  00000880  IMPEGNATO: 00000000  I.MASTER: 00000000  I.GDO: 00000000  I.TRAD: 00000000
PROGRESSIVO: 032390  SIN  C12  00000856  IMPEGNATO: 00000000  I.MASTER: 00000000  I.GDO: 00000000  I.TRAD: 00000000
PROGRESSIVO: 032390  SIN  C12  00000857  IMPEGNATO: 00000048  I.MASTER: 00000000  I.GDO: 00000000  I.TRAD: 00000000
PROGRESSIVO: 032390  SIN  C12  00000858  IMPEGNATO: 00000012  I.MASTER: 00000000  I.GDO: 00000000  I.TRAD: 00000000
PROGRESSIVO: 032390  SIN  C12  00000880  IMPEGNATO: 00000180  I.MASTER: 00000000  I.GDO: 00000000  I.TRAD: 00000000
 
PROGRESSIVO: 029761            00000000  IMPEGNATO: 00002784  I.MASTER: 00000000  I.GDO: 00002592  I.TRAD: 00000000
PROGRESSIVO: 029761  LBX  C12  00000870  IMPEGNATO: 00000000  I.MASTER: 00000000  I.GDO: 00000000  I.TRAD: 00000000
PROGRESSIVO: 029761  LBX  C12  00000872  IMPEGNATO: 00002592  I.MASTER: 00000000  I.GDO: 00002592  I.TRAD: 00000000
PROGRESSIVO: 029761  LBX  C12  00000875  IMPEGNATO: 00000000  I.MASTER: 00000000  I.GDO: 00000000  I.TRAD: 00000000
PROGRESSIVO: 029761  ROS  C12  00000870  IMPEGNATO: 00000000  I.MASTER: 00000000  I.GDO: 00000000  I.TRAD: 00000000
PROGRESSIVO: 029761  ROS  C12  00000872  IMPEGNATO: 00000000  I.MASTER: 00000000  I.GDO: 00000000  I.TRAD: 00000000
PROGRESSIVO: 029761  ROS  C12  00000875  IMPEGNATO: 00000000  I.MASTER: 00000000  I.GDO: 00000000  I.TRAD: 00000000
PROGRESSIVO: 029761  SIN  C12  00000870  IMPEGNATO: 00000024  I.MASTER: 00000000  I.GDO: 00000000  I.TRAD: 00000000
PROGRESSIVO: 029761  SIN  C12  00000872  IMPEGNATO: 00000156  I.MASTER: 00000000  I.GDO: 00000000  I.TRAD: 00000000
PROGRESSIVO: 029761  SIN  C12  00000874  IMPEGNATO: 00000000  I.MASTER: 00000000  I.GDO: 00000000  I.TRAD: 00000000
PROGRESSIVO: 029761  SIN  C12  00000875  IMPEGNATO: 00000012  I.MASTER: 00000000  I.GDO: 00000000  I.TRAD: 00000000
 
PROGRESSIVO: 036262            00000000  IMPEGNATO: 00000010  I.MASTER: 00000000  I.GDO: 00000000  I.TRAD: 00000000
PROGRESSIVO: 036262  LBX  C05  00000200  IMPEGNATO: 00000000  I.MASTER: 00000000  I.GDO: 00000000  I.TRAD: 00000000
PROGRESSIVO: 036262  SIN  C05  00000200  IMPEGNATO: 00000010  I.MASTER: 00000000  I.GDO: 00000000  I.TRAD: 00000000
 
PROGRESSIVO: 032392            00000000  IMPEGNATO: 00000456  I.MASTER: 00000000  I.GDO: 00000168  I.TRAD: 00000000
PROGRESSIVO: 032392  LBX  C12  00000840  IMPEGNATO: 00000000  I.MASTER: 00000000  I.GDO: 00000000  I.TRAD: 00000000
PROGRESSIVO: 032392  LBX  C12  00000847  IMPEGNATO: 00000168  I.MASTER: 00000000  I.GDO: 00000168  I.TRAD: 00000000
PROGRESSIVO: 032392  LBX  C12  00000880  IMPEGNATO: 00000000  I.MASTER: 00000000  I.GDO: 00000000  I.TRAD: 00000000
PROGRESSIVO: 032392  ROS  C12  00000840  IMPEGNATO: 00000000  I.MASTER: 00000000  I.GDO: 00000000  I.TRAD: 00000000
PROGRESSIVO: 032392  SIN  C12  00000840  IMPEGNATO: 00000036  I.MASTER: 00000000  I.GDO: 00000000  I.TRAD: 00000000
PROGRESSIVO: 032392  SIN  C12  00000847  IMPEGNATO: 00000132  I.MASTER: 00000000  I.GDO: 00000000  I.TRAD: 00000000
PROGRESSIVO: 032392  SIN  C12  00000850  IMPEGNATO: 00000000  I.MASTER: 00000000  I.GDO: 00000000  I.TRAD: 00000000
PROGRESSIVO: 032392  SIN  C12  00000880  IMPEGNATO: 00000120  I.MASTER: 00000000  I.GDO: 00000000  I.TRAD: 00000000
 
** SITUAZIONE DOPO **
PROGRESSIVO: 032389            00000000  IMPEGNATO: 00000138  I.MASTER: 00000000  I.GDO: 00000096  I.TRAD: 00000000
PROGRESSIVO: 032389  LBX  C03  00003480  IMPEGNATO: 00000096  I.MASTER: 00000000  I.GDO: 00000096  I.TRAD: 00000000
PROGRESSIVO: 032389  LBX  C03  00003520  IMPEGNATO: 00000000  I.MASTER: 00000000  I.GDO: 00000000  I.TRAD: 00000000
PROGRESSIVO: 032389  SIN  C03  00003480  IMPEGNATO: 00000012  I.MASTER: 00000000  I.GDO: 00000000  I.TRAD: 00000000
PROGRESSIVO: 032389  SIN  C03  00003502  IMPEGNATO: 00000000  I.MASTER: 00000000  I.GDO: 00000000  I.TRAD: 00000000
PROGRESSIVO: 032389  SIN  C03  00003503  IMPEGNATO: 00000000  I.MASTER: 00000000  I.GDO: 00000000  I.TRAD: 00000000
PROGRESSIVO: 032389  SIN  C03  00003520  IMPEGNATO: 00000030  I.MASTER: 00000000  I.GDO: 00000000  I.TRAD: 00000000
 
PROGRESSIVO: 031248            00000000  IMPEGNATO: 00000065  I.MASTER: 00000000  I.GDO: 00000063  I.TRAD: 00000000
PROGRESSIVO: 031248  LBX  VIS  00010800  IMPEGNATO: 00000063  I.MASTER: 00000000  I.GDO: 00000063  I.TRAD: 00000000
PROGRESSIVO: 031248  ROT  VIS  00010800  IMPEGNATO: 00000000  I.MASTER: 00000000  I.GDO: 00000000  I.TRAD: 00000000
PROGRESSIVO: 031248  SIN  VIS  00009650  IMPEGNATO: 00000000  I.MASTER: 00000000  I.GDO: 00000000  I.TRAD: 00000000
PROGRESSIVO: 031248  SIN  VIS  00010270  IMPEGNATO: 00000000  I.MASTER: 00000000  I.GDO: 00000000  I.TRAD: 00000000
PROGRESSIVO: 031248  SIN  VIS  00010275  IMPEGNATO: 00000000  I.MASTER: 00000000  I.GDO: 00000000  I.TRAD: 00000000
PROGRESSIVO: 031248  SIN  VIS  00010800  IMPEGNATO: 00000002  I.MASTER: 00000000  I.GDO: 00000000  I.TRAD: 00000000
PROGRESSIVO: 031248  SIN  VIS  00014400  IMPEGNATO: 00000000  I.MASTER: 00000000  I.GDO: 00000000  I.TRAD: 00000000
 
PROGRESSIVO: 036292            00000000  IMPEGNATO: 00000020  I.MASTER: 00000000  I.GDO: 00000005  I.TRAD: 00000000
PROGRESSIVO: 036292  LBX  C05  00000200  IMPEGNATO: 00000000  I.MASTER: 00000000  I.GDO: 00000000  I.TRAD: 00000000
PROGRESSIVO: 036292  LBX  VIS  00000200  IMPEGNATO: 00000005  I.MASTER: 00000000  I.GDO: 00000005  I.TRAD: 00000000
PROGRESSIVO: 036292  SIN  C05  00000200  IMPEGNATO: 00000000  I.MASTER: 00000000  I.GDO: 00000000  I.TRAD: 00000000
PROGRESSIVO: 036292  SIN  VIS  00000200  IMPEGNATO: 00000015  I.MASTER: 00000000  I.GDO: 00000000  I.TRAD: 00000000
 
PROGRESSIVO: 029513            00000000  IMPEGNATO: 00000024  I.MASTER: 00000000  I.GDO: 00000004  I.TRAD: 00000000
PROGRESSIVO: 029513  LBX  C04  00005000  IMPEGNATO: 00000004  I.MASTER: 00000000  I.GDO: 00000004  I.TRAD: 00000000
PROGRESSIVO: 029513  ROS  C04  00005000  IMPEGNATO: 00000000  I.MASTER: 00000000  I.GDO: 00000000  I.TRAD: 00000000
PROGRESSIVO: 029513  ROT  C04  00005000  IMPEGNATO: 00000000  I.MASTER: 00000000  I.GDO: 00000000  I.TRAD: 00000000
PROGRESSIVO: 029513  SIN  C04  00005000  IMPEGNATO: 00000020  I.MASTER: 00000000  I.GDO: 00000000  I.TRAD: 00000000
 
PROGRESSIVO: 032390            00000000  IMPEGNATO: 00000444  I.MASTER: 00000000  I.GDO: 00000216  I.TRAD: 00000000
PROGRESSIVO: 032390  LBX  C12  00000857  IMPEGNATO: 00000216  I.MASTER: 00000000  I.GDO: 00000216  I.TRAD: 00000000
PROGRESSIVO: 032390  LBX  C12  00000858  IMPEGNATO: 00000000  I.MASTER: 00000000  I.GDO: 00000000  I.TRAD: 00000000
PROGRESSIVO: 032390  LBX  C12  00000880  IMPEGNATO: 00000000  I.MASTER: 00000000  I.GDO: 00000000  I.TRAD: 00000000
PROGRESSIVO: 032390  SIN  C12  00000856  IMPEGNATO: 00000000  I.MASTER: 00000000  I.GDO: 00000000  I.TRAD: 00000000
PROGRESSIVO: 032390  SIN  C12  00000857  IMPEGNATO: 00000036  I.MASTER: 00000000  I.GDO: 00000000  I.TRAD: 00000000
PROGRESSIVO: 032390  SIN  C12  00000858  IMPEGNATO: 00000012  I.MASTER: 00000000  I.GDO: 00000000  I.TRAD: 00000000
PROGRESSIVO: 032390  SIN  C12  00000880  IMPEGNATO: 00000180  I.MASTER: 00000000  I.GDO: 00000000  I.TRAD: 00000000
 
PROGRESSIVO: 029761            00000000  IMPEGNATO: 00002784  I.MASTER: 00000000  I.GDO: 00002604  I.TRAD: 00000000
PROGRESSIVO: 029761  LBX  C12  00000870  IMPEGNATO: 00000012  I.MASTER: 00000000  I.GDO: 00000012  I.TRAD: 00000000
PROGRESSIVO: 029761  LBX  C12  00000872  IMPEGNATO: 00002592  I.MASTER: 00000000  I.GDO: 00002592  I.TRAD: 00000000
PROGRESSIVO: 029761  LBX  C12  00000875  IMPEGNATO: 00000000  I.MASTER: 00000000  I.GDO: 00000000  I.TRAD: 00000000
PROGRESSIVO: 029761  ROS  C12  00000870  IMPEGNATO: 00000000  I.MASTER: 00000000  I.GDO: 00000000  I.TRAD: 00000000
PROGRESSIVO: 029761  ROS  C12  00000872  IMPEGNATO: 00000000  I.MASTER: 00000000  I.GDO: 00000000  I.TRAD: 00000000
PROGRESSIVO: 029761  ROS  C12  00000875  IMPEGNATO: 00000000  I.MASTER: 00000000  I.GDO: 00000000  I.TRAD: 00000000
PROGRESSIVO: 029761  SIN  C12  00000870  IMPEGNATO: 00000012  I.MASTER: 00000000  I.GDO: 00000000  I.TRAD: 00000000
PROGRESSIVO: 029761  SIN  C12  00000872  IMPEGNATO: 00000156  I.MASTER: 00000000  I.GDO: 00000000  I.TRAD: 00000000
PROGRESSIVO: 029761  SIN  C12  00000874  IMPEGNATO: 00000000  I.MASTER: 00000000  I.GDO: 00000000  I.TRAD: 00000000
PROGRESSIVO: 029761  SIN  C12  00000875  IMPEGNATO: 00000012  I.MASTER: 00000000  I.GDO: 00000000  I.TRAD: 00000000
 
PROGRESSIVO: 036262            00000000  IMPEGNATO: 00000010  I.MASTER: 00000000  I.GDO: 00000005  I.TRAD: 00000000
PROGRESSIVO: 036262  LBX  C05  00000200  IMPEGNATO: 00000005  I.MASTER: 00000000  I.GDO: 00000005  I.TRAD: 00000000
PROGRESSIVO: 036262  SIN  C05  00000200  IMPEGNATO: 00000005  I.MASTER: 00000000  I.GDO: 00000000  I.TRAD: 00000000
 
PROGRESSIVO: 032392            00000000  IMPEGNATO: 00000456  I.MASTER: 00000000  I.GDO: 00000180  I.TRAD: 00000000
PROGRESSIVO: 032392  LBX  C12  00000840  IMPEGNATO: 00000012  I.MASTER: 00000000  I.GDO: 00000012  I.TRAD: 00000000
PROGRESSIVO: 032392  LBX  C12  00000847  IMPEGNATO: 00000168  I.MASTER: 00000000  I.GDO: 00000168  I.TRAD: 00000000
PROGRESSIVO: 032392  LBX  C12  00000880  IMPEGNATO: 00000000  I.MASTER: 00000000  I.GDO: 00000000  I.TRAD: 00000000
PROGRESSIVO: 032392  ROS  C12  00000840  IMPEGNATO: 00000000  I.MASTER: 00000000  I.GDO: 00000000  I.TRAD: 00000000
PROGRESSIVO: 032392  SIN  C12  00000840  IMPEGNATO: 00000024  I.MASTER: 00000000  I.GDO: 00000000  I.TRAD: 00000000
PROGRESSIVO: 032392  SIN  C12  00000847  IMPEGNATO: 00000132  I.MASTER: 00000000  I.GDO: 00000000  I.TRAD: 00000000
PROGRESSIVO: 032392  SIN  C12  00000850  IMPEGNATO: 00000000  I.MASTER: 00000000  I.GDO: 00000000  I.TRAD: 00000000
PROGRESSIVO: 032392  SIN  C12  00000880  IMPEGNATO: 00000120  I.MASTER: 00000000  I.GDO: 00000000  I.TRAD: 00000000
 
