** SITUAZIONE PRIMA **
PROGRESSIVO: 032406            00000000  IMPEGNATO: 00000384  I.MASTER: 00000000  I.GDO: 00000000  I.TRAD: 00000144
PROGRESSIVO: 032406  LBX  VIS  00004500  IMPEGNATO: 00000144  I.MASTER: 00000000  I.GDO: 00000000  I.TRAD: 00000144
PROGRESSIVO: 032406  LBX  VIS  00006000  IMPEGNATO: 00000000  I.MASTER: 00000000  I.GDO: 00000000  I.TRAD: 00000000
PROGRESSIVO: 032406  ROT  VIS  00006000  IMPEGNATO: 00000000  I.MASTER: 00000000  I.GDO: 00000000  I.TRAD: 00000000
PROGRESSIVO: 032406  SIN  VIS  00004020  IMPEGNATO: 00000000  I.MASTER: 00000000  I.GDO: 00000000  I.TRAD: 00000000
PROGRESSIVO: 032406  SIN  VIS  00004500  IMPEGNATO: 00000240  I.MASTER: 00000000  I.GDO: 00000000  I.TRAD: 00000000
PROGRESSIVO: 032406  SIN  VIS  00006000  IMPEGNATO: 00000000  I.MASTER: 00000000  I.GDO: 00000000  I.TRAD: 00000000
 
PROGRESSIVO: 022378            00000000  IMPEGNATO: 00000006  I.MASTER: 00000000  I.GDO: 00000000  I.TRAD: 00000006
PROGRESSIVO: 022378  EXD  VIS  00000001  IMPEGNATO: 00000000  I.MASTER: 00000000  I.GDO: 00000000  I.TRAD: 00000000
PROGRESSIVO: 022378  LBX  VIS  00000001  IMPEGNATO: 00000006  I.MASTER: 00000000  I.GDO: 00000000  I.TRAD: 00000006
PROGRESSIVO: 022378  SIN  VIS  00000001  IMPEGNATO: 00000000  I.MASTER: 00000000  I.GDO: 00000000  I.TRAD: 00000000
PROGRESSIVO: 022378  SLI  VIS  00000001  IMPEGNATO: 00000000  I.MASTER: 00000000  I.GDO: 00000000  I.TRAD: 00000000
 
** SITUAZIONE DOPO **
PROGRESSIVO: 032406            00000000  IMPEGNATO: 00000384  I.MASTER: 00000000  I.GDO: 00000000  I.TRAD: 00000192
PROGRESSIVO: 032406  LBX  VIS  00004500  IMPEGNATO: 00000192  I.MASTER: 00000000  I.GDO: 00000000  I.TRAD: 00000192
PROGRESSIVO: 032406  LBX  VIS  00006000  IMPEGNATO: 00000000  I.MASTER: 00000000  I.GDO: 00000000  I.TRAD: 00000000
PROGRESSIVO: 032406  ROT  VIS  00006000  IMPEGNATO: 00000000  I.MASTER: 00000000  I.GDO: 00000000  I.TRAD: 00000000
PROGRESSIVO: 032406  SIN  VIS  00004020  IMPEGNATO: 00000000  I.MASTER: 00000000  I.GDO: 00000000  I.TRAD: 00000000
PROGRESSIVO: 032406  SIN  VIS  00004500  IMPEGNATO: 00000192  I.MASTER: 00000000  I.GDO: 00000000  I.TRAD: 00000000
PROGRESSIVO: 032406  SIN  VIS  00006000  IMPEGNATO: 00000000  I.MASTER: 00000000  I.GDO: 00000000  I.TRAD: 00000000
 
PROGRESSIVO: 022378            00000000  IMPEGNATO: 00000006  I.MASTER: 00000000  I.GDO: 00000000  I.TRAD: 00000007
PROGRESSIVO: 022378  EXD  VIS  00000001  IMPEGNATO: 00000000  I.MASTER: 00000000  I.GDO: 00000000  I.TRAD: 00000000
PROGRESSIVO: 022378  LBX  VIS  00000001  IMPEGNATO: 00000007  I.MASTER: 00000000  I.GDO: 00000000  I.TRAD: 00000007
PROGRESSIVO: 022378  SIN  VIS  00000001  IMPEGNATO: 0000000J  I.MASTER: 00000000  I.GDO: 00000000  I.TRAD: 00000000
PROGRESSIVO: 022378  SLI  VIS  00000001  IMPEGNATO: 00000000  I.MASTER: 00000000  I.GDO: 00000000  I.TRAD: 00000000
 
