** SITUAZIONE PRIMA **
PROGRESSIVO: 029377            00000000  IMPEGNATO: 00000039  I.MASTER: 00000000  I.GDO: 00000004  I.TRAD: 00000006
PROGRESSIVO: 029377  LBX  VIS  00007500  IMPEGNATO: 00000010  I.MASTER: 00000000  I.GDO: 00000004  I.TRAD: 00000006
PROGRESSIVO: 029377  LBX  VIS  00011200  IMPEGNATO: 00000000  I.MASTER: 00000000  I.GDO: 00000000  I.TRAD: 00000000
PROGRESSIVO: 029377  ROS  VIS  00007500  IMPEGNATO: 00000000  I.MASTER: 00000000  I.GDO: 00000000  I.TRAD: 00000000
PROGRESSIVO: 029377  ROS  VIS  00008400  IMPEGNATO: 00000000  I.MASTER: 00000000  I.GDO: 00000000  I.TRAD: 00000000
PROGRESSIVO: 029377  ROS  VIS  00011200  IMPEGNATO: 00000000  I.MASTER: 00000000  I.GDO: 00000000  I.TRAD: 00000000
PROGRESSIVO: 029377  ROT  VIS  00011200  IMPEGNATO: 00000000  I.MASTER: 00000000  I.GDO: 00000000  I.TRAD: 00000000
PROGRESSIVO: 029377  SIN  VIS  00007500  IMPEGNATO: 00000029  I.MASTER: 00000000  I.GDO: 00000000  I.TRAD: 00000000
PROGRESSIVO: 029377  SIN  VIS  00008400  IMPEGNATO: 00000000  I.MASTER: 00000000  I.GDO: 00000000  I.TRAD: 00000000
PROGRESSIVO: 029377  SIN  VIS  00011200  IMPEGNATO: 00000000  I.MASTER: 00000000  I.GDO: 00000000  I.TRAD: 00000000
 
PROGRESSIVO: 026971            00000000  IMPEGNATO: 00000006  I.MASTER: 00000000  I.GDO: 00000000  I.TRAD: 00000000
PROGRESSIVO: 026971  EXD  VIS  00001300  IMPEGNATO: 00000000  I.MASTER: 00000000  I.GDO: 00000000  I.TRAD: 00000000
PROGRESSIVO: 026971  LBX  VIS  00000200  IMPEGNATO: 00000000  I.MASTER: 00000000  I.GDO: 00000000  I.TRAD: 00000000
PROGRESSIVO: 026971  LBX  VIS  00001300  IMPEGNATO: 00000000  I.MASTER: 00000000  I.GDO: 00000000  I.TRAD: 00000000
PROGRESSIVO: 026971  ROS  VIS  00001300  IMPEGNATO: 00000000  I.MASTER: 00000000  I.GDO: 00000000  I.TRAD: 00000000
PROGRESSIVO: 026971  SIN  VIS  00000200  IMPEGNATO: 00000006  I.MASTER: 00000000  I.GDO: 00000000  I.TRAD: 00000000
PROGRESSIVO: 026971  SIN  VIS  00001300  IMPEGNATO: 00000000  I.MASTER: 00000000  I.GDO: 00000000  I.TRAD: 00000000
 
PROGRESSIVO: 026976            00000000  IMPEGNATO: 00000007  I.MASTER: 00000000  I.GDO: 00000000  I.TRAD: 00000000
PROGRESSIVO: 026976  EXD  VIS  00001300  IMPEGNATO: 00000000  I.MASTER: 00000000  I.GDO: 00000000  I.TRAD: 00000000
PROGRESSIVO: 026976  LBX  VIS  00000200  IMPEGNATO: 00000003  I.MASTER: 00000000  I.GDO: 00000000  I.TRAD: 00000000
PROGRESSIVO: 026976  LBX  VIS  00001300  IMPEGNATO: 00000000  I.MASTER: 00000000  I.GDO: 00000000  I.TRAD: 00000000
PROGRESSIVO: 026976  ROS  VIS  00000200  IMPEGNATO: 00000000  I.MASTER: 00000000  I.GDO: 00000000  I.TRAD: 00000000
PROGRESSIVO: 026976  ROT  VIS  00000200  IMPEGNATO: 00000000  I.MASTER: 00000000  I.GDO: 00000000  I.TRAD: 00000000
PROGRESSIVO: 026976  SIN  VIS  00000200  IMPEGNATO: 00000004  I.MASTER: 00000000  I.GDO: 00000000  I.TRAD: 00000000
PROGRESSIVO: 026976  SIN  VIS  00001300  IMPEGNATO: 00000000  I.MASTER: 00000000  I.GDO: 00000000  I.TRAD: 00000000
 
PROGRESSIVO: 029459            00000000  IMPEGNATO: 00000002  I.MASTER: 00000000  I.GDO: 00000000  I.TRAD: 00000000
PROGRESSIVO: 029459  LBX  VIS  00000850  IMPEGNATO: 00000000  I.MASTER: 00000000  I.GDO: 00000000  I.TRAD: 00000000
PROGRESSIVO: 029459  SIN  VIS  00000850  IMPEGNATO: 00000002  I.MASTER: 00000000  I.GDO: 00000000  I.TRAD: 00000000
 
PROGRESSIVO: 034859            00000000  IMPEGNATO: 00000001  I.MASTER: 00000000  I.GDO: 00000000  I.TRAD: 00000000
PROGRESSIVO: 034859  EXD  VIS  00001200  IMPEGNATO: 00000000  I.MASTER: 00000000  I.GDO: 00000000  I.TRAD: 00000000
PROGRESSIVO: 034859  LBX  VIS  00001200  IMPEGNATO: 00000000  I.MASTER: 00000000  I.GDO: 00000000  I.TRAD: 00000000
PROGRESSIVO: 034859  ROS  VIS  00001200  IMPEGNATO: 00000000  I.MASTER: 00000000  I.GDO: 00000000  I.TRAD: 00000000
PROGRESSIVO: 034859  SIN  VIS  00001200  IMPEGNATO: 00000001  I.MASTER: 00000000  I.GDO: 00000000  I.TRAD: 00000000
 
PROGRESSIVO: 031728            00000000  IMPEGNATO: 00000945  I.MASTER: 00000000  I.GDO: 00000741  I.TRAD: 00000057
PROGRESSIVO: 031728  IGL  C03  00003425  IMPEGNATO: 00000000  I.MASTER: 00000000  I.GDO: 00000000  I.TRAD: 00000000
PROGRESSIVO: 031728  LBX  C03  00003390  IMPEGNATO: 00000057  I.MASTER: 00000000  I.GDO: 00000000  I.TRAD: 00000057
PROGRESSIVO: 031728  LBX  C03  00003392  IMPEGNATO: 00000000  I.MASTER: 00000000  I.GDO: 00000000  I.TRAD: 00000000
PROGRESSIVO: 031728  LBX  C03  00003424  IMPEGNATO: 00000000  I.MASTER: 00000000  I.GDO: 00000000  I.TRAD: 00000000
PROGRESSIVO: 031728  LBX  C03  00003428  IMPEGNATO: 00000726  I.MASTER: 00000000  I.GDO: 00000726  I.TRAD: 00000000
PROGRESSIVO: 031728  LBX  C03  00003430  IMPEGNATO: 00000015  I.MASTER: 00000000  I.GDO: 00000015  I.TRAD: 00000000
PROGRESSIVO: 031728  LBX  C03  00003520  IMPEGNATO: 00000000  I.MASTER: 00000000  I.GDO: 00000000  I.TRAD: 00000000
PROGRESSIVO: 031728  LBX  VIS  00003520  IMPEGNATO: 00000000  I.MASTER: 00000000  I.GDO: 00000000  I.TRAD: 00000000
PROGRESSIVO: 031728  ROS  C03  00003390  IMPEGNATO: 00000000  I.MASTER: 00000000  I.GDO: 00000000  I.TRAD: 00000000
PROGRESSIVO: 031728  ROS  C03  00003392  IMPEGNATO: 00000000  I.MASTER: 00000000  I.GDO: 00000000  I.TRAD: 00000000
PROGRESSIVO: 031728  ROS  C03  00003425  IMPEGNATO: 00000000  I.MASTER: 00000000  I.GDO: 00000000  I.TRAD: 00000000
PROGRESSIVO: 031728  SIN  C03  00003390  IMPEGNATO: 00000111  I.MASTER: 00000000  I.GDO: 00000000  I.TRAD: 00000000
PROGRESSIVO: 031728  SIN  C03  00003392  IMPEGNATO: 00000000  I.MASTER: 00000000  I.GDO: 00000000  I.TRAD: 00000000
PROGRESSIVO: 031728  SIN  C03  00003424  IMPEGNATO: 00000000  I.MASTER: 00000000  I.GDO: 00000000  I.TRAD: 00000000
PROGRESSIVO: 031728  SIN  C03  00003425  IMPEGNATO: 00000000  I.MASTER: 00000000  I.GDO: 00000000  I.TRAD: 00000000
PROGRESSIVO: 031728  SIN  C03  00003426  IMPEGNATO: 00000000  I.MASTER: 00000000  I.GDO: 00000000  I.TRAD: 00000000
PROGRESSIVO: 031728  SIN  C03  00003428  IMPEGNATO: 00000009  I.MASTER: 00000000  I.GDO: 00000000  I.TRAD: 00000000
PROGRESSIVO: 031728  SIN  C03  00003430  IMPEGNATO: 00000027  I.MASTER: 00000000  I.GDO: 00000000  I.TRAD: 00000000
PROGRESSIVO: 031728  SIN  C03  00003520  IMPEGNATO: 00000000  I.MASTER: 00000000  I.GDO: 00000000  I.TRAD: 00000000
PROGRESSIVO: 031728  SIN  VIS  00003520  IMPEGNATO: 00000000  I.MASTER: 00000000  I.GDO: 00000000  I.TRAD: 00000000
 
PROGRESSIVO: 036466            00000000  IMPEGNATO: 00000027  I.MASTER: 00000000  I.GDO: 00000000  I.TRAD: 00000003
PROGRESSIVO: 036466  LBX  C03  00001710  IMPEGNATO: 00000003  I.MASTER: 00000000  I.GDO: 00000000  I.TRAD: 00000003
PROGRESSIVO: 036466  LBX  C03  00002550  IMPEGNATO: 00000000  I.MASTER: 00000000  I.GDO: 00000000  I.TRAD: 00000000
PROGRESSIVO: 036466  ROS  C03  00001710  IMPEGNATO: 00000000  I.MASTER: 00000000  I.GDO: 00000000  I.TRAD: 00000000
PROGRESSIVO: 036466  ROS  C03  00002550  IMPEGNATO: 00000000  I.MASTER: 00000000  I.GDO: 00000000  I.TRAD: 00000000
PROGRESSIVO: 036466  ROT  C03  00002550  IMPEGNATO: 00000000  I.MASTER: 00000000  I.GDO: 00000000  I.TRAD: 00000000
PROGRESSIVO: 036466  SIN  C03  00001710  IMPEGNATO: 00000024  I.MASTER: 00000000  I.GDO: 00000000  I.TRAD: 00000000
PROGRESSIVO: 036466  SIN  C03  00002550  IMPEGNATO: 00000000  I.MASTER: 00000000  I.GDO: 00000000  I.TRAD: 00000000
 
PROGRESSIVO: 036467            00000000  IMPEGNATO: 00000015  I.MASTER: 00000000  I.GDO: 00000000  I.TRAD: 00000006
PROGRESSIVO: 036467  LBX  C03  00000940  IMPEGNATO: 00000006  I.MASTER: 00000000  I.GDO: 00000000  I.TRAD: 00000006
PROGRESSIVO: 036467  LBX  C03  00001408  IMPEGNATO: 00000000  I.MASTER: 00000000  I.GDO: 00000000  I.TRAD: 00000000
PROGRESSIVO: 036467  ROS  C03  00000940  IMPEGNATO: 00000000  I.MASTER: 00000000  I.GDO: 00000000  I.TRAD: 00000000
PROGRESSIVO: 036467  ROS  C03  00001500  IMPEGNATO: 00000000  I.MASTER: 00000000  I.GDO: 00000000  I.TRAD: 00000000
PROGRESSIVO: 036467  SIN  C03  00000940  IMPEGNATO: 00000009  I.MASTER: 00000000  I.GDO: 00000000  I.TRAD: 00000000
PROGRESSIVO: 036467  SIN  C03  00001408  IMPEGNATO: 00000000  I.MASTER: 00000000  I.GDO: 00000000  I.TRAD: 00000000
PROGRESSIVO: 036467  SIN  C03  00001500  IMPEGNATO: 00000000  I.MASTER: 00000000  I.GDO: 00000000  I.TRAD: 00000000
 
PROGRESSIVO: 036838            00000000  IMPEGNATO: 00000072  I.MASTER: 00000000  I.GDO: 00000000  I.TRAD: 00000012
PROGRESSIVO: 036838  LBX  C12  00000905  IMPEGNATO: 00000012  I.MASTER: 00000000  I.GDO: 00000000  I.TRAD: 00000012
PROGRESSIVO: 036838  SIN  C12  00000835  IMPEGNATO: 00000000  I.MASTER: 00000000  I.GDO: 00000000  I.TRAD: 00000000
PROGRESSIVO: 036838  SIN  C12  00000905  IMPEGNATO: 00000060  I.MASTER: 00000000  I.GDO: 00000000  I.TRAD: 00000000
 
PROGRESSIVO: 036840            00000000  IMPEGNATO: 00000072  I.MASTER: 00000000  I.GDO: 00000000  I.TRAD: 00000000
PROGRESSIVO: 036840  LBX  C12  00000890  IMPEGNATO: 00000000  I.MASTER: 00000000  I.GDO: 00000000  I.TRAD: 00000000
PROGRESSIVO: 036840  SIN  C12  00000835  IMPEGNATO: 00000000  I.MASTER: 00000000  I.GDO: 00000000  I.TRAD: 00000000
PROGRESSIVO: 036840  SIN  C12  00000890  IMPEGNATO: 00000072  I.MASTER: 00000000  I.GDO: 00000000  I.TRAD: 00000000
 
PROGRESSIVO: 031727            00000000  IMPEGNATO: 00002124  I.MASTER: 00000000  I.GDO: 00000300  I.TRAD: 00000288
PROGRESSIVO: 031727  LBX  C12  00000875  IMPEGNATO: 00000324  I.MASTER: 00000000  I.GDO: 00000276  I.TRAD: 00000048
PROGRESSIVO: 031727  LBX  C12  00000876  IMPEGNATO: 00000024  I.MASTER: 00000000  I.GDO: 00000024  I.TRAD: 00000000
PROGRESSIVO: 031727  LBX  C12  00000880  IMPEGNATO: 00000072  I.MASTER: 00000000  I.GDO: 00000000  I.TRAD: 00000240
PROGRESSIVO: 031727  SIN  C12  00000875  IMPEGNATO: 00000252  I.MASTER: 00000000  I.GDO: 00000000  I.TRAD: 00000000
PROGRESSIVO: 031727  SIN  C12  00000876  IMPEGNATO: 00000012  I.MASTER: 00000000  I.GDO: 00000000  I.TRAD: 00000000
PROGRESSIVO: 031727  SIN  C12  00000880  IMPEGNATO: 00001440  I.MASTER: 00000000  I.GDO: 00000000  I.TRAD: 00000000
 
PROGRESSIVO: 032398            00000000  IMPEGNATO: 00002040  I.MASTER: 00000000  I.GDO: 00001212  I.TRAD: 00000048
PROGRESSIVO: 032398  LBX  C12  00000840  IMPEGNATO: 00000048  I.MASTER: 00000000  I.GDO: 00000000  I.TRAD: 00000048
PROGRESSIVO: 032398  LBX  C12  00000847  IMPEGNATO: 00000024  I.MASTER: 00000000  I.GDO: 00000024  I.TRAD: 00000000
PROGRESSIVO: 032398  LBX  C12  00000850  IMPEGNATO: 00001188  I.MASTER: 00000000  I.GDO: 00001188  I.TRAD: 00000000
PROGRESSIVO: 032398  LBX  C12  00000857  IMPEGNATO: 00000000  I.MASTER: 00000000  I.GDO: 00000000  I.TRAD: 00000000
PROGRESSIVO: 032398  LBX  C12  00000880  IMPEGNATO: 00000000  I.MASTER: 00000000  I.GDO: 00000000  I.TRAD: 00000000
PROGRESSIVO: 032398  ROS  C12  00000840  IMPEGNATO: 00000000  I.MASTER: 00000000  I.GDO: 00000000  I.TRAD: 00000000
PROGRESSIVO: 032398  ROT  C12  00000880  IMPEGNATO: 00000000  I.MASTER: 00000000  I.GDO: 00000000  I.TRAD: 00000000
PROGRESSIVO: 032398  SIN  C12  00000840  IMPEGNATO: 00000312  I.MASTER: 00000000  I.GDO: 00000000  I.TRAD: 00000000
PROGRESSIVO: 032398  SIN  C12  00000847  IMPEGNATO: 00000000  I.MASTER: 00000000  I.GDO: 00000000  I.TRAD: 00000000
PROGRESSIVO: 032398  SIN  C12  00000850  IMPEGNATO: 00000048  I.MASTER: 00000000  I.GDO: 00000000  I.TRAD: 00000000
PROGRESSIVO: 032398  SIN  C12  00000857  IMPEGNATO: 00000000  I.MASTER: 00000000  I.GDO: 00000000  I.TRAD: 00000000
PROGRESSIVO: 032398  SIN  C12  00000880  IMPEGNATO: 00000420  I.MASTER: 00000000  I.GDO: 00000000  I.TRAD: 00000000
 
** SITUAZIONE DOPO **
PROGRESSIVO: 029377            00000000  IMPEGNATO: 00000039  I.MASTER: 00000000  I.GDO: 00000004  I.TRAD: 00000014
PROGRESSIVO: 029377  LBX  VIS  00007500  IMPEGNATO: 00000018  I.MASTER: 00000000  I.GDO: 00000004  I.TRAD: 00000014
PROGRESSIVO: 029377  LBX  VIS  00011200  IMPEGNATO: 00000000  I.MASTER: 00000000  I.GDO: 00000000  I.TRAD: 00000000
PROGRESSIVO: 029377  ROS  VIS  00007500  IMPEGNATO: 00000000  I.MASTER: 00000000  I.GDO: 00000000  I.TRAD: 00000000
PROGRESSIVO: 029377  ROS  VIS  00008400  IMPEGNATO: 00000000  I.MASTER: 00000000  I.GDO: 00000000  I.TRAD: 00000000
PROGRESSIVO: 029377  ROS  VIS  00011200  IMPEGNATO: 00000000  I.MASTER: 00000000  I.GDO: 00000000  I.TRAD: 00000000
PROGRESSIVO: 029377  ROT  VIS  00011200  IMPEGNATO: 00000000  I.MASTER: 00000000  I.GDO: 00000000  I.TRAD: 00000000
PROGRESSIVO: 029377  SIN  VIS  00007500  IMPEGNATO: 00000021  I.MASTER: 00000000  I.GDO: 00000000  I.TRAD: 00000000
PROGRESSIVO: 029377  SIN  VIS  00008400  IMPEGNATO: 00000000  I.MASTER: 00000000  I.GDO: 00000000  I.TRAD: 00000000
PROGRESSIVO: 029377  SIN  VIS  00011200  IMPEGNATO: 00000000  I.MASTER: 00000000  I.GDO: 00000000  I.TRAD: 00000000
 
PROGRESSIVO: 026971            00000000  IMPEGNATO: 00000006  I.MASTER: 00000000  I.GDO: 00000000  I.TRAD: 00000001
PROGRESSIVO: 026971  EXD  VIS  00001300  IMPEGNATO: 00000000  I.MASTER: 00000000  I.GDO: 00000000  I.TRAD: 00000000
PROGRESSIVO: 026971  LBX  VIS  00000200  IMPEGNATO: 00000001  I.MASTER: 00000000  I.GDO: 00000000  I.TRAD: 00000001
PROGRESSIVO: 026971  LBX  VIS  00001300  IMPEGNATO: 00000000  I.MASTER: 00000000  I.GDO: 00000000  I.TRAD: 00000000
PROGRESSIVO: 026971  ROS  VIS  00001300  IMPEGNATO: 00000000  I.MASTER: 00000000  I.GDO: 00000000  I.TRAD: 00000000
PROGRESSIVO: 026971  SIN  VIS  00000200  IMPEGNATO: 00000005  I.MASTER: 00000000  I.GDO: 00000000  I.TRAD: 00000000
PROGRESSIVO: 026971  SIN  VIS  00001300  IMPEGNATO: 00000000  I.MASTER: 00000000  I.GDO: 00000000  I.TRAD: 00000000
 
PROGRESSIVO: 026976            00000000  IMPEGNATO: 00000007  I.MASTER: 00000000  I.GDO: 00000000  I.TRAD: 00000001
PROGRESSIVO: 026976  EXD  VIS  00001300  IMPEGNATO: 00000000  I.MASTER: 00000000  I.GDO: 00000000  I.TRAD: 00000000
PROGRESSIVO: 026976  LBX  VIS  00000200  IMPEGNATO: 00000004  I.MASTER: 00000000  I.GDO: 00000000  I.TRAD: 00000001
PROGRESSIVO: 026976  LBX  VIS  00001300  IMPEGNATO: 00000000  I.MASTER: 00000000  I.GDO: 00000000  I.TRAD: 00000000
PROGRESSIVO: 026976  ROS  VIS  00000200  IMPEGNATO: 00000000  I.MASTER: 00000000  I.GDO: 00000000  I.TRAD: 00000000
PROGRESSIVO: 026976  ROT  VIS  00000200  IMPEGNATO: 00000000  I.MASTER: 00000000  I.GDO: 00000000  I.TRAD: 00000000
PROGRESSIVO: 026976  SIN  VIS  00000200  IMPEGNATO: 00000003  I.MASTER: 00000000  I.GDO: 00000000  I.TRAD: 00000000
PROGRESSIVO: 026976  SIN  VIS  00001300  IMPEGNATO: 00000000  I.MASTER: 00000000  I.GDO: 00000000  I.TRAD: 00000000
 
PROGRESSIVO: 029459            00000000  IMPEGNATO: 00000002  I.MASTER: 00000000  I.GDO: 00000000  I.TRAD: 00000001
PROGRESSIVO: 029459  LBX  VIS  00000850  IMPEGNATO: 00000001  I.MASTER: 00000000  I.GDO: 00000000  I.TRAD: 00000001
PROGRESSIVO: 029459  SIN  VIS  00000850  IMPEGNATO: 00000001  I.MASTER: 00000000  I.GDO: 00000000  I.TRAD: 00000000
 
PROGRESSIVO: 034859            00000000  IMPEGNATO: 00000001  I.MASTER: 00000000  I.GDO: 00000000  I.TRAD: 00000001
PROGRESSIVO: 034859  EXD  VIS  00001200  IMPEGNATO: 00000000  I.MASTER: 00000000  I.GDO: 00000000  I.TRAD: 00000000
PROGRESSIVO: 034859  LBX  VIS  00001200  IMPEGNATO: 00000001  I.MASTER: 00000000  I.GDO: 00000000  I.TRAD: 00000001
PROGRESSIVO: 034859  ROS  VIS  00001200  IMPEGNATO: 00000000  I.MASTER: 00000000  I.GDO: 00000000  I.TRAD: 00000000
PROGRESSIVO: 034859  SIN  VIS  00001200  IMPEGNATO: 00000000  I.MASTER: 00000000  I.GDO: 00000000  I.TRAD: 00000000
 
PROGRESSIVO: 031728            00000000  IMPEGNATO: 00000945  I.MASTER: 00000000  I.GDO: 00000741  I.TRAD: 00000060
PROGRESSIVO: 031728  IGL  C03  00003425  IMPEGNATO: 00000000  I.MASTER: 00000000  I.GDO: 00000000  I.TRAD: 00000000
PROGRESSIVO: 031728  LBX  C03  00003390  IMPEGNATO: 00000060  I.MASTER: 00000000  I.GDO: 00000000  I.TRAD: 00000060
PROGRESSIVO: 031728  LBX  C03  00003392  IMPEGNATO: 00000000  I.MASTER: 00000000  I.GDO: 00000000  I.TRAD: 00000000
PROGRESSIVO: 031728  LBX  C03  00003424  IMPEGNATO: 00000000  I.MASTER: 00000000  I.GDO: 00000000  I.TRAD: 00000000
PROGRESSIVO: 031728  LBX  C03  00003428  IMPEGNATO: 00000726  I.MASTER: 00000000  I.GDO: 00000726  I.TRAD: 00000000
PROGRESSIVO: 031728  LBX  C03  00003430  IMPEGNATO: 00000015  I.MASTER: 00000000  I.GDO: 00000015  I.TRAD: 00000000
PROGRESSIVO: 031728  LBX  C03  00003520  IMPEGNATO: 00000000  I.MASTER: 00000000  I.GDO: 00000000  I.TRAD: 00000000
PROGRESSIVO: 031728  LBX  VIS  00003520  IMPEGNATO: 00000000  I.MASTER: 00000000  I.GDO: 00000000  I.TRAD: 00000000
PROGRESSIVO: 031728  ROS  C03  00003390  IMPEGNATO: 00000000  I.MASTER: 00000000  I.GDO: 00000000  I.TRAD: 00000000
PROGRESSIVO: 031728  ROS  C03  00003392  IMPEGNATO: 00000000  I.MASTER: 00000000  I.GDO: 00000000  I.TRAD: 00000000
PROGRESSIVO: 031728  ROS  C03  00003425  IMPEGNATO: 00000000  I.MASTER: 00000000  I.GDO: 00000000  I.TRAD: 00000000
PROGRESSIVO: 031728  SIN  C03  00003390  IMPEGNATO: 00000108  I.MASTER: 00000000  I.GDO: 00000000  I.TRAD: 00000000
PROGRESSIVO: 031728  SIN  C03  00003392  IMPEGNATO: 00000000  I.MASTER: 00000000  I.GDO: 00000000  I.TRAD: 00000000
PROGRESSIVO: 031728  SIN  C03  00003424  IMPEGNATO: 00000000  I.MASTER: 00000000  I.GDO: 00000000  I.TRAD: 00000000
PROGRESSIVO: 031728  SIN  C03  00003425  IMPEGNATO: 00000000  I.MASTER: 00000000  I.GDO: 00000000  I.TRAD: 00000000
PROGRESSIVO: 031728  SIN  C03  00003426  IMPEGNATO: 00000000  I.MASTER: 00000000  I.GDO: 00000000  I.TRAD: 00000000
PROGRESSIVO: 031728  SIN  C03  00003428  IMPEGNATO: 00000009  I.MASTER: 00000000  I.GDO: 00000000  I.TRAD: 00000000
PROGRESSIVO: 031728  SIN  C03  00003430  IMPEGNATO: 00000027  I.MASTER: 00000000  I.GDO: 00000000  I.TRAD: 00000000
PROGRESSIVO: 031728  SIN  C03  00003520  IMPEGNATO: 00000000  I.MASTER: 00000000  I.GDO: 00000000  I.TRAD: 00000000
PROGRESSIVO: 031728  SIN  VIS  00003520  IMPEGNATO: 00000000  I.MASTER: 00000000  I.GDO: 00000000  I.TRAD: 00000000
 
PROGRESSIVO: 036466            00000000  IMPEGNATO: 00000027  I.MASTER: 00000000  I.GDO: 00000000  I.TRAD: 00000009
PROGRESSIVO: 036466  LBX  C03  00001710  IMPEGNATO: 00000009  I.MASTER: 00000000  I.GDO: 00000000  I.TRAD: 00000009
PROGRESSIVO: 036466  LBX  C03  00002550  IMPEGNATO: 00000000  I.MASTER: 00000000  I.GDO: 00000000  I.TRAD: 00000000
PROGRESSIVO: 036466  ROS  C03  00001710  IMPEGNATO: 00000000  I.MASTER: 00000000  I.GDO: 00000000  I.TRAD: 00000000
PROGRESSIVO: 036466  ROS  C03  00002550  IMPEGNATO: 00000000  I.MASTER: 00000000  I.GDO: 00000000  I.TRAD: 00000000
PROGRESSIVO: 036466  ROT  C03  00002550  IMPEGNATO: 00000000  I.MASTER: 00000000  I.GDO: 00000000  I.TRAD: 00000000
PROGRESSIVO: 036466  SIN  C03  00001710  IMPEGNATO: 00000018  I.MASTER: 00000000  I.GDO: 00000000  I.TRAD: 00000000
PROGRESSIVO: 036466  SIN  C03  00002550  IMPEGNATO: 00000000  I.MASTER: 00000000  I.GDO: 00000000  I.TRAD: 00000000
 
PROGRESSIVO: 036467            00000000  IMPEGNATO: 00000015  I.MASTER: 00000000  I.GDO: 00000000  I.TRAD: 00000009
PROGRESSIVO: 036467  LBX  C03  00000940  IMPEGNATO: 00000009  I.MASTER: 00000000  I.GDO: 00000000  I.TRAD: 00000009
PROGRESSIVO: 036467  LBX  C03  00001408  IMPEGNATO: 00000000  I.MASTER: 00000000  I.GDO: 00000000  I.TRAD: 00000000
PROGRESSIVO: 036467  ROS  C03  00000940  IMPEGNATO: 00000000  I.MASTER: 00000000  I.GDO: 00000000  I.TRAD: 00000000
PROGRESSIVO: 036467  ROS  C03  00001500  IMPEGNATO: 00000000  I.MASTER: 00000000  I.GDO: 00000000  I.TRAD: 00000000
PROGRESSIVO: 036467  SIN  C03  00000940  IMPEGNATO: 00000006  I.MASTER: 00000000  I.GDO: 00000000  I.TRAD: 00000000
PROGRESSIVO: 036467  SIN  C03  00001408  IMPEGNATO: 00000000  I.MASTER: 00000000  I.GDO: 00000000  I.TRAD: 00000000
PROGRESSIVO: 036467  SIN  C03  00001500  IMPEGNATO: 00000000  I.MASTER: 00000000  I.GDO: 00000000  I.TRAD: 00000000
 
PROGRESSIVO: 036838            00000000  IMPEGNATO: 00000072  I.MASTER: 00000000  I.GDO: 00000000  I.TRAD: 00000024
PROGRESSIVO: 036838  LBX  C12  00000905  IMPEGNATO: 00000024  I.MASTER: 00000000  I.GDO: 00000000  I.TRAD: 00000024
PROGRESSIVO: 036838  SIN  C12  00000835  IMPEGNATO: 00000000  I.MASTER: 00000000  I.GDO: 00000000  I.TRAD: 00000000
PROGRESSIVO: 036838  SIN  C12  00000905  IMPEGNATO: 00000048  I.MASTER: 00000000  I.GDO: 00000000  I.TRAD: 00000000
 
PROGRESSIVO: 036840            00000000  IMPEGNATO: 00000072  I.MASTER: 00000000  I.GDO: 00000000  I.TRAD: 00000012
PROGRESSIVO: 036840  LBX  C12  00000890  IMPEGNATO: 00000012  I.MASTER: 00000000  I.GDO: 00000000  I.TRAD: 00000012
PROGRESSIVO: 036840  SIN  C12  00000835  IMPEGNATO: 00000000  I.MASTER: 00000000  I.GDO: 00000000  I.TRAD: 00000000
PROGRESSIVO: 036840  SIN  C12  00000890  IMPEGNATO: 00000060  I.MASTER: 00000000  I.GDO: 00000000  I.TRAD: 00000000
 
PROGRESSIVO: 031727            00000000  IMPEGNATO: 00002124  I.MASTER: 00000000  I.GDO: 00000300  I.TRAD: 00000300
PROGRESSIVO: 031727  LBX  C12  00000875  IMPEGNATO: 00000336  I.MASTER: 00000000  I.GDO: 00000276  I.TRAD: 00000060
PROGRESSIVO: 031727  LBX  C12  00000876  IMPEGNATO: 00000024  I.MASTER: 00000000  I.GDO: 00000024  I.TRAD: 00000000
PROGRESSIVO: 031727  LBX  C12  00000880  IMPEGNATO: 00000072  I.MASTER: 00000000  I.GDO: 00000000  I.TRAD: 00000240
PROGRESSIVO: 031727  SIN  C12  00000875  IMPEGNATO: 00000240  I.MASTER: 00000000  I.GDO: 00000000  I.TRAD: 00000000
PROGRESSIVO: 031727  SIN  C12  00000876  IMPEGNATO: 00000012  I.MASTER: 00000000  I.GDO: 00000000  I.TRAD: 00000000
PROGRESSIVO: 031727  SIN  C12  00000880  IMPEGNATO: 00001440  I.MASTER: 00000000  I.GDO: 00000000  I.TRAD: 00000000
 
PROGRESSIVO: 032398            00000000  IMPEGNATO: 00002040  I.MASTER: 00000000  I.GDO: 00001212  I.TRAD: 00000060
PROGRESSIVO: 032398  LBX  C12  00000840  IMPEGNATO: 00000060  I.MASTER: 00000000  I.GDO: 00000000  I.TRAD: 00000060
PROGRESSIVO: 032398  LBX  C12  00000847  IMPEGNATO: 00000024  I.MASTER: 00000000  I.GDO: 00000024  I.TRAD: 00000000
PROGRESSIVO: 032398  LBX  C12  00000850  IMPEGNATO: 00001188  I.MASTER: 00000000  I.GDO: 00001188  I.TRAD: 00000000
PROGRESSIVO: 032398  LBX  C12  00000857  IMPEGNATO: 00000000  I.MASTER: 00000000  I.GDO: 00000000  I.TRAD: 00000000
PROGRESSIVO: 032398  LBX  C12  00000880  IMPEGNATO: 00000000  I.MASTER: 00000000  I.GDO: 00000000  I.TRAD: 00000000
PROGRESSIVO: 032398  ROS  C12  00000840  IMPEGNATO: 00000000  I.MASTER: 00000000  I.GDO: 00000000  I.TRAD: 00000000
PROGRESSIVO: 032398  ROT  C12  00000880  IMPEGNATO: 00000000  I.MASTER: 00000000  I.GDO: 00000000  I.TRAD: 00000000
PROGRESSIVO: 032398  SIN  C12  00000840  IMPEGNATO: 00000300  I.MASTER: 00000000  I.GDO: 00000000  I.TRAD: 00000000
PROGRESSIVO: 032398  SIN  C12  00000847  IMPEGNATO: 00000000  I.MASTER: 00000000  I.GDO: 00000000  I.TRAD: 00000000
PROGRESSIVO: 032398  SIN  C12  00000850  IMPEGNATO: 00000048  I.MASTER: 00000000  I.GDO: 00000000  I.TRAD: 00000000
PROGRESSIVO: 032398  SIN  C12  00000857  IMPEGNATO: 00000000  I.MASTER: 00000000  I.GDO: 00000000  I.TRAD: 00000000
PROGRESSIVO: 032398  SIN  C12  00000880  IMPEGNATO: 00000420  I.MASTER: 00000000  I.GDO: 00000000  I.TRAD: 00000000
 
