** SITUAZIONE PRIMA **
PROGRESSIVO: 029769            00000000  IMPEGNATO: 00000252  I.MASTER: 00000000  I.GDO: 00000036  I.TRAD: 00000000
PROGRESSIVO: 029769  LBX  C12  00000870  IMPEGNATO: 00000036  I.MASTER: 00000000  I.GDO: 00000036  I.TRAD: 00000000
PROGRESSIVO: 029769  LBX  C12  00000880  IMPEGNATO: 00000000  I.MASTER: 00000000  I.GDO: 00000000  I.TRAD: 00000000
PROGRESSIVO: 029769  LBX  C12  00000883  IMPEGNATO: 00000000  I.MASTER: 00000000  I.GDO: 00000000  I.TRAD: 00000000
PROGRESSIVO: 029769  ROS  C12  00000870  IMPEGNATO: 00000000  I.MASTER: 00000000  I.GDO: 00000000  I.TRAD: 00000000
PROGRESSIVO: 029769  ROS  C12  00000880  IMPEGNATO: 00000000  I.MASTER: 00000000  I.GDO: 00000000  I.TRAD: 00000000
PROGRESSIVO: 029769  SIN  C12  00000870  IMPEGNATO: 00000192  I.MASTER: 00000000  I.GDO: 00000000  I.TRAD: 00000000
PROGRESSIVO: 029769  SIN  C12  00000880  IMPEGNATO: 00000024  I.MASTER: 00000000  I.GDO: 00000000  I.TRAD: 00000000
PROGRESSIVO: 029769  SIN  C12  00000883  IMPEGNATO: 00000000  I.MASTER: 00000000  I.GDO: 00000000  I.TRAD: 00000000
 
PROGRESSIVO: 026792            00000000  IMPEGNATO: 00001212  I.MASTER: 00000000  I.GDO: 00000000  I.TRAD: 00000372
PROGRESSIVO: 026792  LBX  C12  00000830  IMPEGNATO: 00000372  I.MASTER: 00000000  I.GDO: 00000000  I.TRAD: 00000372
PROGRESSIVO: 026792  LBX  C12  00000848  IMPEGNATO: 00000000  I.MASTER: 00000000  I.GDO: 00000000  I.TRAD: 00000000
PROGRESSIVO: 026792  LBX  C12  00000851  IMPEGNATO: 00000000  I.MASTER: 00000000  I.GDO: 00000000  I.TRAD: 00000000
PROGRESSIVO: 026792  LBX  C12  00000880  IMPEGNATO: 00000000  I.MASTER: 00000000  I.GDO: 00000000  I.TRAD: 00000000
PROGRESSIVO: 026792  LBX  C12  00000890  IMPEGNATO: 00000000  I.MASTER: 00000000  I.GDO: 00000000  I.TRAD: 00000000
PROGRESSIVO: 026792  ROS  C12  00000830  IMPEGNATO: 00000000  I.MASTER: 00000000  I.GDO: 00000000  I.TRAD: 00000000
PROGRESSIVO: 026792  ROS  C12  00000848  IMPEGNATO: 00000000  I.MASTER: 00000000  I.GDO: 00000000  I.TRAD: 00000000
PROGRESSIVO: 026792  SIN  C12  00000830  IMPEGNATO: 00000684  I.MASTER: 00000000  I.GDO: 00000000  I.TRAD: 00000000
PROGRESSIVO: 026792  SIN  C12  00000836  IMPEGNATO: 00000000  I.MASTER: 00000000  I.GDO: 00000000  I.TRAD: 00000000
PROGRESSIVO: 026792  SIN  C12  00000848  IMPEGNATO: 00000036  I.MASTER: 00000000  I.GDO: 00000000  I.TRAD: 00000000
PROGRESSIVO: 026792  SIN  C12  00000850  IMPEGNATO: 00000000  I.MASTER: 00000000  I.GDO: 00000000  I.TRAD: 00000000
PROGRESSIVO: 026792  SIN  C12  00000851  IMPEGNATO: 00000000  I.MASTER: 00000000  I.GDO: 00000000  I.TRAD: 00000000
PROGRESSIVO: 026792  SIN  C12  00000880  IMPEGNATO: 00000000  I.MASTER: 00000000  I.GDO: 00000000  I.TRAD: 00000000
PROGRESSIVO: 026792  SIN  C12  00000890  IMPEGNATO: 00000120  I.MASTER: 00000000  I.GDO: 00000000  I.TRAD: 00000000
 
PROGRESSIVO: 029734            00000000  IMPEGNATO: 00000148  I.MASTER: 00000000  I.GDO: 00000000  I.TRAD: 00000000
PROGRESSIVO: 029734  LBX  C04  00003400  IMPEGNATO: 00000000  I.MASTER: 00000000  I.GDO: 00000000  I.TRAD: 00000000
PROGRESSIVO: 029734  LBX  C04  00003404  IMPEGNATO: 00000000  I.MASTER: 00000000  I.GDO: 00000000  I.TRAD: 00000000
PROGRESSIVO: 029734  LBX  C04  00003408  IMPEGNATO: 00000000  I.MASTER: 00000000  I.GDO: 00000000  I.TRAD: 00000000
PROGRESSIVO: 029734  LBX  C04  00003440  IMPEGNATO: 00000000  I.MASTER: 00000000  I.GDO: 00000000  I.TRAD: 00000000
PROGRESSIVO: 029734  ROS  C04  00003400  IMPEGNATO: 00000000  I.MASTER: 00000000  I.GDO: 00000000  I.TRAD: 00000000
PROGRESSIVO: 029734  SIN  C04  00003400  IMPEGNATO: 00000032  I.MASTER: 00000000  I.GDO: 00000000  I.TRAD: 00000000
PROGRESSIVO: 029734  SIN  C04  00003403  IMPEGNATO: 00000000  I.MASTER: 00000000  I.GDO: 00000000  I.TRAD: 00000000
PROGRESSIVO: 029734  SIN  C04  00003404  IMPEGNATO: 00000004  I.MASTER: 00000000  I.GDO: 00000000  I.TRAD: 00000000
PROGRESSIVO: 029734  SIN  C04  00003408  IMPEGNATO: 00000000  I.MASTER: 00000000  I.GDO: 00000000  I.TRAD: 00000000
PROGRESSIVO: 029734  SIN  C04  00003440  IMPEGNATO: 00000112  I.MASTER: 00000000  I.GDO: 00000000  I.TRAD: 00000000
 
** SITUAZIONE DOPO **
PROGRESSIVO: 029769            00000000  IMPEGNATO: 00000264  I.MASTER: 00000000  I.GDO: 00000060  I.TRAD: 00000000
PROGRESSIVO: 029769  LBX  C12  00000870  IMPEGNATO: 00000060  I.MASTER: 00000000  I.GDO: 00000060  I.TRAD: 00000000
PROGRESSIVO: 029769  LBX  C12  00000880  IMPEGNATO: 00000000  I.MASTER: 00000000  I.GDO: 00000000  I.TRAD: 00000000
PROGRESSIVO: 029769  LBX  C12  00000883  IMPEGNATO: 00000000  I.MASTER: 00000000  I.GDO: 00000000  I.TRAD: 00000000
PROGRESSIVO: 029769  ROS  C12  00000870  IMPEGNATO: 00000000  I.MASTER: 00000000  I.GDO: 00000000  I.TRAD: 00000000
PROGRESSIVO: 029769  ROS  C12  00000880  IMPEGNATO: 00000000  I.MASTER: 00000000  I.GDO: 00000000  I.TRAD: 00000000
PROGRESSIVO: 029769  SIN  C12  00000870  IMPEGNATO: 00000180  I.MASTER: 00000000  I.GDO: 00000000  I.TRAD: 00000000
PROGRESSIVO: 029769  SIN  C12  00000880  IMPEGNATO: 00000024  I.MASTER: 00000000  I.GDO: 00000000  I.TRAD: 00000000
PROGRESSIVO: 029769  SIN  C12  00000883  IMPEGNATO: 00000000  I.MASTER: 00000000  I.GDO: 00000000  I.TRAD: 00000000
 
PROGRESSIVO: 026792            00000000  IMPEGNATO: 00001212  I.MASTER: 00000000  I.GDO: 00000024  I.TRAD: 00000372
PROGRESSIVO: 026792  LBX  C12  00000830  IMPEGNATO: 00000396  I.MASTER: 00000000  I.GDO: 00000024  I.TRAD: 00000372
PROGRESSIVO: 026792  LBX  C12  00000848  IMPEGNATO: 00000000  I.MASTER: 00000000  I.GDO: 00000000  I.TRAD: 00000000
PROGRESSIVO: 026792  LBX  C12  00000851  IMPEGNATO: 00000000  I.MASTER: 00000000  I.GDO: 00000000  I.TRAD: 00000000
PROGRESSIVO: 026792  LBX  C12  00000880  IMPEGNATO: 00000000  I.MASTER: 00000000  I.GDO: 00000000  I.TRAD: 00000000
PROGRESSIVO: 026792  LBX  C12  00000890  IMPEGNATO: 00000000  I.MASTER: 00000000  I.GDO: 00000000  I.TRAD: 00000000
PROGRESSIVO: 026792  ROS  C12  00000830  IMPEGNATO: 00000000  I.MASTER: 00000000  I.GDO: 00000000  I.TRAD: 00000000
PROGRESSIVO: 026792  ROS  C12  00000848  IMPEGNATO: 00000000  I.MASTER: 00000000  I.GDO: 00000000  I.TRAD: 00000000
PROGRESSIVO: 026792  SIN  C12  00000830  IMPEGNATO: 00000660  I.MASTER: 00000000  I.GDO: 00000000  I.TRAD: 00000000
PROGRESSIVO: 026792  SIN  C12  00000836  IMPEGNATO: 00000000  I.MASTER: 00000000  I.GDO: 00000000  I.TRAD: 00000000
PROGRESSIVO: 026792  SIN  C12  00000848  IMPEGNATO: 00000036  I.MASTER: 00000000  I.GDO: 00000000  I.TRAD: 00000000
PROGRESSIVO: 026792  SIN  C12  00000850  IMPEGNATO: 00000000  I.MASTER: 00000000  I.GDO: 00000000  I.TRAD: 00000000
PROGRESSIVO: 026792  SIN  C12  00000851  IMPEGNATO: 00000000  I.MASTER: 00000000  I.GDO: 00000000  I.TRAD: 00000000
PROGRESSIVO: 026792  SIN  C12  00000880  IMPEGNATO: 00000000  I.MASTER: 00000000  I.GDO: 00000000  I.TRAD: 00000000
PROGRESSIVO: 026792  SIN  C12  00000890  IMPEGNATO: 00000120  I.MASTER: 00000000  I.GDO: 00000000  I.TRAD: 00000000
 
PROGRESSIVO: 029734            00000000  IMPEGNATO: 00000148  I.MASTER: 00000000  I.GDO: 00000004  I.TRAD: 00000000
PROGRESSIVO: 029734  LBX  C04  00003400  IMPEGNATO: 00000004  I.MASTER: 00000000  I.GDO: 00000004  I.TRAD: 00000000
PROGRESSIVO: 029734  LBX  C04  00003404  IMPEGNATO: 00000000  I.MASTER: 00000000  I.GDO: 00000000  I.TRAD: 00000000
PROGRESSIVO: 029734  LBX  C04  00003408  IMPEGNATO: 00000000  I.MASTER: 00000000  I.GDO: 00000000  I.TRAD: 00000000
PROGRESSIVO: 029734  LBX  C04  00003440  IMPEGNATO: 00000000  I.MASTER: 00000000  I.GDO: 00000000  I.TRAD: 00000000
PROGRESSIVO: 029734  ROS  C04  00003400  IMPEGNATO: 00000000  I.MASTER: 00000000  I.GDO: 00000000  I.TRAD: 00000000
PROGRESSIVO: 029734  SIN  C04  00003400  IMPEGNATO: 00000028  I.MASTER: 00000000  I.GDO: 00000000  I.TRAD: 00000000
PROGRESSIVO: 029734  SIN  C04  00003403  IMPEGNATO: 00000000  I.MASTER: 00000000  I.GDO: 00000000  I.TRAD: 00000000
PROGRESSIVO: 029734  SIN  C04  00003404  IMPEGNATO: 00000004  I.MASTER: 00000000  I.GDO: 00000000  I.TRAD: 00000000
PROGRESSIVO: 029734  SIN  C04  00003408  IMPEGNATO: 00000000  I.MASTER: 00000000  I.GDO: 00000000  I.TRAD: 00000000
PROGRESSIVO: 029734  SIN  C04  00003440  IMPEGNATO: 00000112  I.MASTER: 00000000  I.GDO: 00000000  I.TRAD: 00000000
 
