 [21/12/20] - [16"21'47]  - UTENTE: BOSS                ** INIZIO PROGRAMMA: 2020 - 00000015
 [21/12/20] - [16"21'47]  - UTENTE: BOSS                   SCRITTO SEMAFORO
 [21/12/20] - [16"21'47]  - UTENTE: BOSS                   INIZIO ELABORAZIONE
 [21/12/20] - [16"21'52]  - UTENTE: BOSS                   FINE ELABORAZIONE
 [21/12/20] - [16"21'52]  - UTENTE: BOSS                   CHIUSURA FILES
 [21/12/20] - [16"21'52]  - UTENTE: BOSS                   CHIUSI FILES
 [21/12/20] - [16"21'52]  - UTENTE: BOSS                ** FINE PROGRAMMA
 [22/12/20] - [10"04'45]  - UTENTE: BOSS                ** INIZIO PROGRAMMA: 2020 - 00059715
 [22/12/20] - [10"04'45]  - UTENTE: BOSS                   SCRITTO SEMAFORO
 [22/12/20] - [10"04'45]  - UTENTE: BOSS                   INIZIO ELABORAZIONE
 [22/12/20] - [10"04'50]  - UTENTE: BOSS                   FINE ELABORAZIONE
 [22/12/20] - [10"04'50]  - UTENTE: BOSS                   CHIUSURA FILES
 [22/12/20] - [10"04'50]  - UTENTE: BOSS                   CHIUSI FILES
 [22/12/20] - [10"04'50]  - UTENTE: BOSS                ** FINE PROGRAMMA
 [22/12/20] - [10"08'06]  - UTENTE: BOSS                ** INIZIO PROGRAMMA: 2020 - 00059715
 [22/12/20] - [10"08'11]  - UTENTE: BOSS                   SCRITTO SEMAFORO
 [22/12/20] - [10"08'23]  - UTENTE: BOSS                   INIZIO ELABORAZIONE
 [22/12/20] - [10"08'29]  - UTENTE: BOSS                   FINE ELABORAZIONE
 [22/12/20] - [10"08'30]  - UTENTE: BOSS                   CHIUSURA FILES
 [22/12/20] - [10"08'31]  - UTENTE: BOSS                   CHIUSI FILES
 [22/12/20] - [10"08'32]  - UTENTE: BOSS                ** FINE PROGRAMMA
 [22/12/20] - [10"36'42]  - UTENTE: BOSS                ** INIZIO PROGRAMMA: 2020 - 00059715
 [22/12/20] - [10"36'42]  - UTENTE: BOSS                   SCRITTO SEMAFORO
 [22/12/20] - [10"36'42]  - UTENTE: BOSS                   INIZIO ELABORAZIONE
 [22/12/20] - [10"37'03]  - UTENTE: BOSS                   FINE ELABORAZIONE
 [22/12/20] - [10"37'03]  - UTENTE: BOSS                   CHIUSURA FILES
 [22/12/20] - [10"37'03]  - UTENTE: BOSS                   CHIUSI FILES
 [22/12/20] - [10"37'03]  - UTENTE: BOSS                ** FINE PROGRAMMA
 [22/12/20] - [10"44'45]  - UTENTE: BOSS                ** INIZIO PROGRAMMA: 2020 - 00059715
 [22/12/20] - [10"44'45]  - UTENTE: BOSS                   SCRITTO SEMAFORO
 [22/12/20] - [10"44'45]  - UTENTE: BOSS                   INIZIO ELABORAZIONE
 [22/12/20] - [10"44'58]  - UTENTE: BOSS                   FINE ELABORAZIONE
 [22/12/20] - [10"44'58]  - UTENTE: BOSS                   CHIUSURA FILES
 [22/12/20] - [10"44'58]  - UTENTE: BOSS                   CHIUSI FILES
 [22/12/20] - [10"44'58]  - UTENTE: BOSS                ** FINE PROGRAMMA
 [22/12/20] - [10"46'05]  - UTENTE: BOSS                ** INIZIO PROGRAMMA: 2020 - 00059715
 [22/12/20] - [10"46'05]  - UTENTE: BOSS                   SCRITTO SEMAFORO
 [22/12/20] - [10"46'05]  - UTENTE: BOSS                   INIZIO ELABORAZIONE
 [22/12/20] - [10"46'22]  - UTENTE: BOSS                   FINE ELABORAZIONE
 [22/12/20] - [10"46'22]  - UTENTE: BOSS                   CHIUSURA FILES
 [22/12/20] - [10"46'22]  - UTENTE: BOSS                   CHIUSI FILES
 [22/12/20] - [10"46'22]  - UTENTE: BOSS                ** FINE PROGRAMMA
 [22/12/20] - [10"47'36]  - UTENTE: BOSS                ** INIZIO PROGRAMMA: 2020 - 00059715
 [22/12/20] - [10"47'36]  - UTENTE: BOSS                   SCRITTO SEMAFORO
 [22/12/20] - [10"47'36]  - UTENTE: BOSS                   INIZIO ELABORAZIONE
 [22/12/20] - [10"48'03]  - UTENTE: BOSS                   FINE ELABORAZIONE
 [22/12/20] - [10"48'03]  - UTENTE: BOSS                   CHIUSURA FILES
 [22/12/20] - [10"48'03]  - UTENTE: BOSS                   CHIUSI FILES
 [22/12/20] - [10"48'03]  - UTENTE: BOSS                ** FINE PROGRAMMA
 [22/12/20] - [10"49'04]  - UTENTE: BOSS                ** INIZIO PROGRAMMA: 2020 - 00059715
 [22/12/20] - [10"49'04]  - UTENTE: BOSS                   SCRITTO SEMAFORO
 [22/12/20] - [10"49'04]  - UTENTE: BOSS                   INIZIO ELABORAZIONE
 [22/12/20] - [10"49'40]  - UTENTE: BOSS                   FINE ELABORAZIONE
 [22/12/20] - [10"49'40]  - UTENTE: BOSS                   CHIUSURA FILES
 [22/12/20] - [10"49'40]  - UTENTE: BOSS                   CHIUSI FILES
 [22/12/20] - [10"49'40]  - UTENTE: BOSS                ** FINE PROGRAMMA
