Runtime version 6.1.0
Using SAFE mode for file access
Configuration file = 'opti-core.ini'
Set parameter 'CODE_PREFIX' to '..\Object\'
Set parameter 'FILE_PREFIX' to '..\..\archivi\'
Set parameter 'STRIP_TRAILING_SPACES' to TRUE
Set parameter 'V_VERSION' to 4
Set parameter 'TC_CHECK_ALIVE_INTERVAL' to 3600
Set parameter 'TC_SERVER_TIMEOUT' to 3600
Try loading '..\Object\opti-core.acu'...
..\Object\opti-core.acu loaded
 [05/01/10] - [01"43'28] INIZIO ELABORAZIONE
 [05/01/10] - [01"43'28] APERTURA FILES
 [05/01/10] - [01"43'29] APERTURA FILES ESEGUITA
 [05/01/10] - [01"43'29] PRIMO CICLO DI ELABORAZIONE
 [05/01/10] - [01"44'04] SECONDO CICLO DI ELABORAZIONE
 [05/01/10] - [01"44'27] CHIUSURA FILES
 [05/01/10] - [01"44'27] ORDINI : ELABORATE 12.348 TESTATE E 36.536 RIGHE
 [05/01/10] - [01"44'27] NOTE CR: ELABORATE  1.122 TESTATE E  2.108 RIGHE
 [05/01/10] - [01"44'27] ELABORAZIONE TERMINATA IN: 59 SECONDI
PROGRAMMA: X - TIPO CLI: XX - GRUPPO GDO: XXXXX - CLIENTE: 99999 - DESTINO: 99999 - MARCA: 0004 - DAL: 01/01/2007 AL: 28/02/2007 OMAGGIO: N - CICLI 2
